0 1363.42 1363.42
1 1363.42 1363.42
2 1363.42 1363.42
3 1363.42 1363.42
4 1363.42 1363.42
5 1363.42 1363.42
6 1363.42 1363.42
7 1363.42 1363.42
8 1363.42 1363.42
9 1363.42 1363.42
10 1363.42 1363.42
11 1363.42 1363.42
12 1363.42 1363.42
13 1363.42 1363.42
14 1363.42 1363.42
15 1363.42 1363.42
16 1363.42 1363.42
17 1363.42 1363.42
18 1363.42 1363.42
19 1363.42 1363.42
20 1363.42 1363.42
21 1363.42 1363.42
22 1363.42 1363.42
23 1363.42 1363.42
24 1363.42 1363.42
25 1363.42 1363.42
26 1363.42 1363.42
27 1363.42 1363.42
28 1363.42 1363.42
29 1363.42 1363.42
30 1363.42 1363.42
31 1363.42 1363.42
32 1363.42 1363.42
33 1363.42 1363.42
34 1363.42 1363.42
35 1363.42 1363.42
36 1363.42 1363.42
37 1363.42 1363.42
38 1363.42 1363.42
39 1363.42 1363.42
40 1363.42 1363.42
41 1363.42 1363.42
42 1363.42 1363.42
43 1363.42 1363.42
44 1363.42 1363.42
45 1363.42 1363.42
46 1363.42 1363.42
47 1363.42 1363.42
48 1363.42 1363.42
49 1363.42 1363.42
50 1363.42 1363.42
51 1363.42 1363.42
52 1363.42 1363.42
53 1363.42 1363.42
54 1363.42 1363.42
55 1363.42 1363.42
56 1363.42 1363.42
57 1363.42 1363.42
58 1363.42 1363.42
59 1363.42 1363.42
60 1363.42 1363.42
61 1363.42 1363.42
62 1363.42 1363.42
63 1363.42 1363.42
64 1363.42 1363.42
65 1363.42 1363.42
66 1363.42 1363.42
67 1363.42 1363.42
68 1363.42 1363.42
69 1363.42 1363.42
70 1363.42 1363.42
71 1363.42 1363.42
72 1363.42 1363.42
73 1363.42 1363.42
74 1363.42 1363.42
75 1363.42 1363.42
76 1363.42 1363.42
77 1363.42 1363.42
78 1363.42 1363.42
79 1363.42 1363.42
80 1363.42 1363.42
81 1363.42 1363.42
82 1363.42 1363.42
83 1363.42 1363.42
84 1363.42 1363.42
85 1363.42 1363.42
86 1363.42 1363.42
87 1363.42 1363.42
88 1363.42 1363.42
89 1363.42 1363.42
90 1363.42 1363.42
91 1363.42 1363.42
92 1363.42 1363.42
93 1363.42 1363.42
94 1363.42 1363.42
95 1363.42 1363.42
96 1363.42 1363.42
97 1363.42 1363.42
98 1363.42 1363.42
99 1363.42 1363.42
100 1363.42 1363.42
101 1363.42 1363.42
102 1363.42 1363.42
103 1363.42 1363.42
104 1363.42 1363.42
105 1363.42 1363.42
106 1363.42 1363.42
107 1363.42 1363.42
108 1363.42 1363.42
109 1363.42 1363.42
110 1363.42 1363.42
111 1363.42 1363.42
112 1363.42 1363.42
113 1363.42 1363.42
114 1363.42 1363.42
115 1363.42 1363.42
116 1363.42 1363.42
117 1363.42 1363.42
118 1363.42 1363.42
119 1363.42 1363.42
120 1363.42 1363.42
121 1363.42 1363.42
122 1363.42 1363.42
123 1363.42 1363.42
124 1363.42 1363.42
125 1363.42 1363.42
126 1363.42 1363.42
127 1363.42 1363.42
128 1363.42 1363.42
129 1363.42 1363.42
130 1363.42 1363.42
131 1363.42 1363.42
132 1363.42 1363.42
133 1363.42 1363.42
134 1363.42 1363.42
135 1363.42 1363.42
136 1363.42 1363.42
137 1363.42 1363.42
138 1363.42 1363.42
139 1363.42 1363.42
140 1363.42 1363.42
141 1363.42 1363.42
142 1363.42 1363.42
143 1363.42 1363.42
144 1363.42 1363.42
145 1363.42 1363.42
146 1363.42 1363.42
147 1363.42 1363.42
148 1363.42 1363.42
149 1363.42 1363.42
150 1363.42 1363.42
151 1363.42 1363.42
152 1363.42 1363.42
153 1363.42 1363.42
154 1363.42 1363.42
155 1363.42 1363.42
156 1363.42 1363.42
157 1363.42 1363.42
158 1363.42 1363.42
159 1363.42 1363.42
160 1363.42 1363.42
161 1363.42 1363.42
162 1363.42 1363.42
163 1363.42 1363.42
164 1363.42 1363.42
165 1363.42 1363.42
166 1363.42 1363.42
167 1363.42 1363.42
168 1363.42 1363.42
169 1363.42 1363.42
170 1363.42 1363.42
171 1363.42 1363.42
172 1363.42 1363.42
173 1363.42 1363.42
174 1363.42 1363.42
175 1363.42 1363.42
176 1363.42 1363.42
177 1363.42 1363.42
178 1363.42 1363.42
179 1363.42 1363.42
180 1363.42 1363.42
181 1363.42 1363.42
182 1363.42 1363.42
183 1363.42 1363.42
184 1363.42 1363.42
185 1363.42 1363.42
186 1363.42 1363.42
187 1363.42 1363.42
188 1363.42 1363.42
189 1363.42 1363.42
190 1363.42 1363.42
191 1363.42 1363.42
192 1363.42 1363.42
193 1363.42 1363.42
194 1363.42 1363.42
195 1363.42 1363.42
196 1363.42 1363.42
197 1363.42 1363.42
198 1363.42 1363.42
199 1363.42 1363.42
200 1363.42 1363.42
201 1363.42 1363.42
202 1363.42 1363.42
203 1363.42 1363.42
204 1363.42 1363.42
205 1363.42 1363.42
206 1363.42 1363.42
207 1363.42 1363.42
208 1363.42 1363.42
209 1363.42 1363.42
210 1363.42 1363.42
211 1363.42 1363.42
212 1363.42 1363.42
213 1363.42 1363.42
214 1363.42 1363.42
215 1363.42 1363.42
216 1363.42 1363.42
217 1363.42 1363.42
218 1363.42 1363.42
219 1363.42 1363.42
220 1363.42 1363.42
221 1363.42 1363.42
222 1363.42 1363.42
223 1363.42 1363.42
224 1363.42 1363.42
225 1363.42 1363.42
226 1363.42 1363.42
227 1363.42 1363.42
228 1363.42 1363.42
229 1363.42 1363.42
230 1363.42 1363.42
231 1363.42 1363.42
232 1363.42 1363.42
233 1363.42 1363.42
234 1363.42 1363.42
235 1363.42 1363.42
236 1363.42 1363.42
237 1363.42 1363.42
238 1363.42 1363.42
239 1363.42 1363.42
240 1363.42 1363.42
241 1363.42 1363.42
242 1363.42 1363.42
243 1363.42 1363.42
244 1363.42 1363.42
245 1363.42 1363.42
246 1363.42 1363.42
247 1363.42 1363.42
248 1363.42 1363.42
249 1363.42 1363.42
250 1363.42 1363.42
251 1363.42 1363.42
252 1363.42 1363.42
253 1363.42 1363.42
254 1363.42 1363.42
255 1363.42 1363.42
256 1363.42 1363.42
257 1363.42 1363.42
258 1363.42 1363.42
259 1363.42 1363.42
260 1363.42 1363.42
261 1363.42 1363.42
262 1363.42 1363.42
263 1363.42 1363.42
264 1363.42 1363.42
265 1363.42 1363.42
266 1363.42 1363.42
267 1363.42 1363.42
268 1363.42 1363.42
269 1363.42 1363.42
270 1363.42 1363.42
271 1363.42 1363.42
272 1363.42 1363.42
273 1363.42 1363.42
274 1363.42 1363.42
275 1363.42 1363.42
276 1363.42 1363.42
277 1363.42 1363.42
278 1363.42 1363.42
279 1363.42 1363.42
280 1363.42 1363.42
281 1363.42 1363.42
282 1363.42 1363.42
283 1363.42 1363.42
284 1363.42 1363.42
285 1363.42 1363.42
286 1363.42 1363.42
287 1363.42 1363.42
288 1363.42 1363.42
289 1363.42 1363.42
290 1363.42 1363.42
291 1363.42 1363.42
292 1363.42 1363.42
293 1363.42 1363.42
294 1363.42 1363.42
295 1363.42 1363.42
296 1363.42 1363.42
297 1363.42 1363.42
298 1363.42 1363.42
299 1363.42 1363.42
300 1363.42 1363.42
301 1363.42 1363.42
302 1363.42 1363.42
303 1363.42 1363.42
304 1363.42 1363.42
305 1363.42 1363.42
306 1363.42 1363.42
307 1363.42 1363.42
308 1363.42 1363.42
309 1363.42 1363.42
310 1363.42 1363.42
311 1363.42 1363.42
312 1363.42 1363.42
313 1363.42 1363.42
314 1363.42 1363.42
315 1363.42 1363.42
316 1363.42 1363.42
317 1363.42 1363.42
318 1363.42 1363.42
319 1363.42 1363.42
320 1363.42 1363.42
321 1363.42 1363.42
322 1363.42 1363.42
323 1363.42 1363.42
324 1363.42 1363.42
325 1363.42 1363.42
326 1363.42 1363.42
327 1363.42 1363.42
328 1363.42 1363.42
329 1363.42 1363.42
330 1363.42 1363.42
331 1363.42 1363.42
332 1363.42 1363.42
333 1363.42 1363.42
334 1363.42 1363.42
335 1363.42 1363.42
336 1363.42 1363.42
337 1363.42 1363.42
338 1363.42 1363.42
339 1363.42 1363.42
340 1363.42 1363.42
341 1363.42 1363.42
342 1363.42 1363.42
343 1363.42 1363.42
344 1363.42 1363.42
345 1363.42 1363.42
346 1363.42 1363.42
347 1363.42 1363.42
348 1363.42 1363.42
349 1363.42 1363.42
350 1363.42 1363.42
351 1363.42 1363.42
352 1363.42 1363.42
353 1363.42 1363.42
354 1363.42 1363.42
355 1363.42 1363.42
356 1363.42 1363.42
357 1363.42 1363.42
358 1363.42 1363.42
359 1363.42 1363.42
360 1363.42 1363.42
361 1363.42 1363.42
362 1363.42 1363.42
363 1363.42 1363.42
364 1363.42 1363.42
365 1363.42 1363.42
366 1363.42 1363.42
367 1363.42 1363.42
368 1363.42 1363.42
369 1363.42 1363.42
370 1363.42 1363.42
371 1363.42 1363.42
372 1363.42 1363.42
373 1363.42 1363.42
374 1363.42 1363.42
375 1363.42 1363.42
376 1363.42 1363.42
377 1363.42 1363.42
378 1363.42 1363.42
379 1363.42 1363.42
380 1363.42 1363.42
381 1363.42 1363.42
382 1363.42 1363.42
383 1363.42 1363.42
384 1363.42 1363.42
385 1363.42 1363.42
386 1363.42 1363.42
387 1363.42 1363.42
388 1363.42 1363.42
389 1363.42 1363.42
390 1363.42 1363.42
391 1363.42 1363.42
392 1363.42 1363.42
393 1363.42 1363.42
394 1363.42 1363.42
395 1363.42 1363.42
396 1363.42 1363.42
397 1363.42 1363.42
398 1363.42 1363.42
399 1363.42 1363.42
400 1363.42 1363.42
401 1363.42 1363.42
402 1363.42 1363.42
403 1363.42 1363.42
404 1363.42 1363.42
405 1363.42 1363.42
406 1363.42 1363.42
407 1363.42 1363.42
408 1363.42 1363.42
409 1363.42 1363.42
410 1363.42 1363.42
411 1363.42 1363.42
412 1363.42 1363.42
413 1363.42 1363.42
414 1363.42 1363.42
415 1363.42 1363.42
416 1363.42 1363.42
417 1363.42 1363.42
418 1363.42 1363.42
419 1363.42 1363.42
420 1363.42 1363.42
421 1363.42 1363.42
422 1363.42 1363.42
423 1363.42 1363.42
424 1363.42 1363.42
425 1363.42 1363.42
426 1363.42 1363.42
427 1363.42 1363.42
428 1363.42 1363.42
429 1363.42 1363.42
430 1363.42 1363.42
431 1363.42 1363.42
432 1363.42 1363.42
433 1363.42 1363.42
434 1363.42 1363.42
435 1363.42 1363.42
436 1363.42 1363.42
437 1363.42 1363.42
438 1363.42 1363.42
439 1363.42 1363.42
440 1363.42 1363.42
441 1363.42 1363.42
442 1363.42 1363.42
443 1363.42 1363.42
444 1363.42 1363.42
445 1363.42 1363.42
446 1363.42 1363.42
447 1363.42 1363.42
448 1363.42 1363.42
449 1363.42 1363.42
450 1363.42 1363.42
451 1363.42 1363.42
452 1363.42 1363.42
453 1363.42 1363.42
454 1363.42 1363.42
455 1363.42 1363.42
456 1363.42 1363.42
457 1363.42 1363.42
458 1363.42 1363.42
459 1363.42 1363.42
460 1363.42 1363.42
461 1363.42 1363.42
462 1363.42 1363.42
463 1363.42 1363.42
464 1363.42 1363.42
465 1363.42 1363.42
466 1363.42 1363.42
467 1363.42 1363.42
468 1363.42 1363.42
469 1363.42 1363.42
470 1363.42 1363.42
471 1363.42 1363.42
472 1363.42 1363.42
473 1363.42 1363.42
474 1363.42 1363.42
475 1363.42 1363.42
476 1363.42 1363.42
477 1363.42 1363.42
478 1363.42 1363.42
479 1363.42 1363.42
480 1363.42 1363.42
481 1363.42 1363.42
482 1363.42 1363.42
483 1363.42 1363.42
484 1363.42 1363.42
485 1363.42 1363.42
486 1363.42 1363.42
487 1363.42 1363.42
488 1363.42 1363.42
489 1363.42 1363.42
490 1363.42 1363.42
491 1363.42 1363.42
492 1363.42 1363.42
493 1363.42 1363.42
494 1363.42 1363.42
495 1363.42 1363.42
496 1363.42 1363.42
497 1363.42 1363.42
498 1363.42 1363.42
499 1363.42 1363.42
500 1363.42 1363.42
501 1363.42 1363.42
502 1363.42 1363.42
503 1363.42 1363.42
504 1363.42 1363.42
505 1363.42 1363.42
506 1363.42 1363.42
507 1363.42 1363.42
508 1363.42 1363.42
509 1363.42 1363.42
510 1363.42 1363.42
511 1363.42 1363.42
512 1363.42 1363.42
513 1363.42 1363.42
514 1363.42 1363.42
515 1363.42 1363.42
516 1363.42 1363.42
517 1363.42 1363.42
518 1363.42 1363.42
519 1363.42 1363.42
520 1363.42 1363.42
521 1363.42 1363.42
522 1363.42 1363.42
523 1363.42 1363.42
524 1363.42 1363.42
525 1363.42 1363.42
526 1363.42 1363.42
527 1363.42 1363.42
528 1363.42 1363.42
529 1363.42 1363.42
530 1363.42 1363.42
531 1363.42 1363.42
532 1363.42 1363.42
533 1363.42 1363.42
534 1363.42 1363.42
535 1363.42 1363.42
536 1363.42 1363.42
537 1363.42 1363.42
538 1363.42 1363.42
539 1363.42 1363.42
540 1363.42 1363.42
541 1363.42 1363.42
542 1363.42 1363.42
543 1363.42 1363.42
544 1363.42 1363.42
545 1363.42 1363.42
546 1363.42 1363.42
547 1363.42 1363.42
548 1363.42 1363.42
549 1363.42 1363.42
550 1363.42 1363.42
551 1363.42 1363.42
552 1363.42 1363.42
553 1363.42 1363.42
554 1363.42 1363.42
555 1363.42 1363.42
556 1363.42 1363.42
557 1363.42 1363.42
558 1363.42 1363.42
559 1363.42 1363.42
560 1363.42 1363.42
561 1363.42 1363.42
562 1363.42 1363.42
563 1363.42 1363.42
564 1363.42 1363.42
565 1363.42 1363.42
566 1363.42 1363.42
567 1363.42 1363.42
568 1363.42 1363.42
569 1363.42 1363.42
570 1363.42 1363.42
571 1363.42 1363.42
572 1363.42 1363.42
573 1363.42 1363.42
574 1363.42 1363.42
575 1363.42 1363.42
576 1363.42 1363.42
577 1363.42 1363.42
578 1363.42 1363.42
579 1363.42 1363.42
580 1363.42 1363.42
581 1363.42 1363.42
582 1363.42 1363.42
583 1363.42 1363.42
584 1363.42 1363.42
585 1363.42 1363.42
586 1363.42 1363.42
587 1363.42 1363.42
588 1363.42 1363.42
589 1363.42 1363.42
590 1363.42 1363.42
591 1363.42 1363.42
592 1363.42 1363.42
593 1363.42 1363.42
594 1363.42 1363.42
595 1363.42 1363.42
596 1363.42 1363.42
597 1363.42 1363.42
598 1363.42 1363.42
599 1363.42 1363.42
600 1363.42 1363.42
601 1363.42 1363.42
602 1363.42 1363.42
603 1363.42 1363.42
604 1363.42 1363.42
605 1363.42 1363.42
606 1363.42 1363.42
607 1363.42 1363.42
608 1363.42 1363.42
609 1363.42 1363.42
610 1363.42 1363.42
611 1363.42 1363.42
612 1363.42 1363.42
613 1363.42 1363.42
614 1363.42 1363.42
615 1363.42 1363.42
616 1363.42 1363.42
617 1363.42 1363.42
618 1363.42 1363.42
619 1363.42 1363.42
620 1363.42 1363.42
621 1363.42 1363.42
622 1363.42 1363.42
623 1363.42 1363.42
624 1363.42 1363.42
625 1363.42 1363.42
626 1363.42 1363.42
627 1363.42 1363.42
628 1363.42 1363.42
629 1363.42 1363.42
630 1363.42 1363.42
631 1363.42 1363.42
632 1363.42 1363.42
633 1363.42 1363.42
634 1363.42 1363.42
635 1363.42 1363.42
636 1363.42 1363.42
637 1363.42 1363.42
638 1363.42 1363.42
639 1363.42 1363.42
640 1363.42 1363.42
641 1363.42 1363.42
642 1363.42 1363.42
643 1363.42 1363.42
644 1363.42 1363.42
645 1363.42 1363.42
646 1363.42 1363.42
647 1363.42 1363.42
648 1363.42 1363.42
649 1363.42 1363.42
650 1363.42 1363.42
651 1363.42 1363.42
652 1363.42 1363.42
653 1363.42 1363.42
654 1363.42 1363.42
655 1363.42 1363.42
656 1363.42 1363.42
657 1363.42 1363.42
658 1363.42 1363.42
659 1363.42 1363.42
660 1363.42 1363.42
661 1363.42 1363.42
662 1363.42 1363.42
663 1363.42 1363.42
664 1363.42 1363.42
665 1363.42 1363.42
666 1363.42 1363.42
667 1363.42 1363.42
668 1363.42 1363.42
669 1363.42 1363.42
670 1363.42 1363.42
671 1363.42 1363.42
672 1363.42 1363.42
673 1363.42 1363.42
674 1363.42 1363.42
675 1363.42 1363.42
676 1363.42 1363.42
677 1363.42 1363.42
678 1363.42 1363.42
679 1363.42 1363.42
680 1363.42 1363.42
681 1363.42 1363.42
682 1363.42 1363.42
683 1363.42 1363.42
684 1363.42 1363.42
685 1363.42 1363.42
686 1363.42 1363.42
687 1363.42 1363.42
688 1363.42 1363.42
689 1363.42 1363.42
690 1363.42 1363.42
691 1363.42 1363.42
692 1363.42 1363.42
693 1363.42 1363.42
694 1363.42 1363.42
695 1363.42 1363.42
696 1363.42 1363.42
697 1363.42 1363.42
698 1363.42 1363.42
699 1363.42 1363.42
700 1363.42 1363.42
701 1363.42 1363.42
702 1363.42 1363.42
703 1363.42 1363.42
704 1363.42 1363.42
705 1363.42 1363.42
706 1363.42 1363.42
707 1363.42 1363.42
708 1363.42 1363.42
709 1363.42 1363.42
710 1363.42 1363.42
711 1363.42 1363.42
712 1363.42 1363.42
713 1363.42 1363.42
714 1363.42 1363.42
715 1363.42 1363.42
716 1363.42 1363.42
717 1363.42 1363.42
718 1363.42 1363.42
719 1363.42 1363.42
720 1363.42 1363.42
721 1363.42 1363.42
722 1363.42 1363.42
723 1363.42 1363.42
724 1363.42 1363.42
725 1363.42 1363.42
726 1363.42 1363.42
727 1363.42 1363.42
728 1363.42 1363.42
729 1363.42 1363.42
730 1363.42 1363.42
731 1363.42 1363.42
732 1363.42 1363.42
733 1363.42 1363.42
734 1363.42 1363.42
735 1363.42 1363.42
736 1363.42 1363.42
737 1363.42 1363.42
738 1363.42 1363.42
739 1363.42 1363.42
740 1363.42 1363.42
741 1363.42 1363.42
742 1363.42 1363.42
743 1363.42 1363.42
744 1363.42 1363.42
745 1363.42 1363.42
746 1363.42 1363.42
747 1363.42 1363.42
748 1363.42 1363.42
749 1363.42 1363.42
750 1363.42 1363.42
751 1363.42 1363.42
752 1363.42 1363.42
753 1363.42 1363.42
754 1363.42 1363.42
755 1363.42 1363.42
756 1363.42 1363.42
757 1363.42 1363.42
758 1363.42 1363.42
759 1363.42 1363.42
760 1363.42 1363.42
761 1363.42 1363.42
762 1363.42 1363.42
763 1363.42 1363.42
764 1363.42 1363.42
765 1363.42 1363.42
766 1363.42 1363.42
767 1363.42 1363.42
768 1363.42 1363.42
769 1363.42 1363.42
770 1363.42 1363.42
771 1363.42 1363.42
772 1363.42 1363.42
773 1363.42 1363.42
774 1363.42 1363.42
775 1363.42 1363.42
776 1363.42 1363.42
777 1363.42 1363.42
778 1363.42 1363.42
779 1363.42 1363.42
780 1363.42 1363.42
781 1363.42 1363.42
782 1363.42 1363.42
783 1363.42 1363.42
784 1363.42 1363.42
785 1363.42 1363.42
786 1363.42 1363.42
787 1363.42 1363.42
788 1363.42 1363.42
789 1363.42 1363.42
790 1363.42 1363.42
791 1363.42 1363.42
792 1363.42 1363.42
793 1363.42 1363.42
794 1363.42 1363.42
795 1363.42 1363.42
796 1363.42 1363.42
797 1363.42 1363.42
798 1363.42 1363.42
799 1363.42 1363.42
800 1363.42 1363.42
801 1363.42 1363.42
802 1363.42 1363.42
803 1363.42 1363.42
804 1363.42 1363.42
805 1363.42 1363.42
806 1363.42 1363.42
807 1363.42 1363.42
808 1363.42 1363.42
809 1363.42 1363.42
810 1363.42 1363.42
811 1363.42 1363.42
812 1363.42 1363.42
813 1363.42 1363.42
814 1363.42 1363.42
815 1363.42 1363.42
816 1363.42 1363.42
817 1363.42 1363.42
818 1363.42 1363.42
819 1363.42 1363.42
820 1363.42 1363.42
821 1363.42 1363.42
822 1363.42 1363.42
823 1363.42 1363.42
824 1363.42 1363.42
825 1363.42 1363.42
826 1363.42 1363.42
827 1363.42 1363.42
828 1363.42 1363.42
829 1363.42 1363.42
830 1363.42 1363.42
831 1363.42 1363.42
832 1363.42 1363.42
833 1363.42 1363.42
834 1363.42 1363.42
835 1363.42 1363.42
836 1363.42 1363.42
837 1363.42 1363.42
838 1363.42 1363.42
839 1363.42 1363.42
840 1363.42 1363.42
841 1363.42 1363.42
842 1363.42 1363.42
843 1363.42 1363.42
844 1363.42 1363.42
845 1363.42 1363.42
846 1363.42 1363.42
847 1363.42 1363.42
848 1363.42 1363.42
849 1363.42 1363.42
850 1363.42 1363.42
851 1363.42 1363.42
852 1363.42 1363.42
853 1363.42 1363.42
854 1363.42 1363.42
855 1363.42 1363.42
856 1363.42 1363.42
857 1363.42 1363.42
858 1363.42 1363.42
859 1363.42 1363.42
860 1363.42 1363.42
861 1363.42 1363.42
862 1363.42 1363.42
863 1363.42 1363.42
864 1363.42 1363.42
865 1363.42 1363.42
866 1363.42 1363.42
867 1363.42 1363.42
868 1363.42 1363.42
869 1363.42 1363.42
870 1363.42 1363.42
871 1363.42 1363.42
872 1363.42 1363.42
873 1363.42 1363.42
874 1363.42 1363.42
875 1363.42 1363.42
876 1363.42 1363.42
877 1363.42 1363.42
878 1363.42 1363.42
879 1363.42 1363.42
880 1363.42 1363.42
881 1363.42 1363.42
882 1363.42 1363.42
883 1363.42 1363.42
884 1363.42 1363.42
885 1363.42 1363.42
886 1363.42 1363.42
887 1363.42 1363.42
888 1363.42 1363.42
889 1363.42 1363.42
890 1363.42 1363.42
891 1363.42 1363.42
892 1363.42 1363.42
893 1363.42 1363.42
894 1363.42 1363.42
895 1363.42 1363.42
896 1363.42 1363.42
897 1363.42 1363.42
898 1363.42 1363.42
899 1363.42 1363.42
900 1363.42 1363.42
901 1363.42 1363.42
902 1363.42 1363.42
903 1363.42 1363.42
904 1363.42 1363.42
905 1363.42 1363.42
906 1363.42 1363.42
907 1363.42 1363.42
908 1363.42 1363.42
909 1363.42 1363.42
910 1363.42 1363.42
911 1363.42 1363.42
912 1363.42 1363.42
913 1363.42 1363.42
914 1363.42 1363.42
915 1363.42 1363.42
916 1363.42 1363.42
917 1363.42 1363.42
918 1363.42 1363.42
919 1363.42 1363.42
920 1363.42 1363.42
921 1363.42 1363.42
922 1363.42 1363.42
923 1363.42 1363.42
924 1363.42 1363.42
925 1363.42 1363.42
926 1363.42 1363.42
927 1363.42 1363.42
928 1363.42 1363.42
929 1363.42 1363.42
930 1363.42 1363.42
931 1363.42 1363.42
932 1363.42 1363.42
933 1363.42 1363.42
934 1363.42 1363.42
935 1363.42 1363.42
936 1363.42 1363.42
937 1363.42 1363.42
938 1363.42 1363.42
939 1363.42 1363.42
940 1363.42 1363.42
941 1363.42 1363.42
942 1363.42 1363.42
943 1363.42 1363.42
944 1363.42 1363.42
945 1363.42 1363.42
946 1363.42 1363.42
947 1363.42 1363.42
948 1363.42 1363.42
949 1363.42 1363.42
950 1363.42 1363.42
951 1363.42 1363.42
952 1363.42 1363.42
953 1363.42 1363.42
954 1363.42 1363.42
955 1363.42 1363.42
956 1363.42 1363.42
957 1363.42 1363.42
958 1363.42 1363.42
959 1363.42 1363.42
960 1363.42 1363.42
961 1363.42 1363.42
962 1363.42 1363.42
963 1363.42 1363.42
964 1363.42 1363.42
965 1363.42 1363.42
966 1363.42 1363.42
967 1363.42 1363.42
968 1363.42 1363.42
969 1363.42 1363.42
970 1363.42 1363.42
971 1363.42 1363.42
972 1363.42 1363.42
973 1363.42 1363.42
974 1363.42 1363.42
975 1363.42 1363.42
976 1363.42 1363.42
977 1363.42 1363.42
978 1363.42 1363.42
979 1363.42 1363.42
980 1363.42 1363.42
981 1363.42 1363.42
982 1363.42 1363.42
983 1363.42 1363.42
984 1363.42 1363.42
985 1363.42 1363.42
986 1363.42 1363.42
987 1363.42 1363.42
988 1363.42 1363.42
989 1363.42 1363.42
990 1363.42 1363.42
991 1363.42 1363.42
992 1363.42 1363.42
993 1363.42 1363.42
994 1363.42 1363.42
995 1363.42 1363.42
996 1363.42 1363.42
997 1363.42 1363.42
998 1363.42 1363.42
999 1363.42 1363.42
1000 1363.42 1363.42
1001 1363.42 1363.42
1002 1363.42 1363.42
1003 1363.42 1363.42
1004 1363.42 1363.42
1005 1363.42 1363.42
1006 1363.42 1363.42
1007 1363.42 1363.42
1008 1363.42 1363.42
1009 1363.42 1363.42
1010 1363.42 1363.42
1011 1363.42 1363.42
1012 1363.42 1363.42
1013 1363.42 1363.42
1014 1363.42 1363.42
1015 1363.42 1363.42
1016 1363.42 1363.42
1017 1363.42 1363.42
1018 1363.42 1363.42
1019 1363.42 1363.42
1020 1363.42 1363.42
1021 1363.42 1363.42
1022 1363.42 1363.42
1023 1363.42 1363.42
1024 1363.42 1363.42
1025 1363.42 1363.42
1026 1363.42 1363.42
1027 1363.42 1363.42
1028 1363.42 1363.42
1029 1363.42 1363.42
1030 1363.42 1363.42
1031 1363.42 1363.42
1032 1363.42 1363.42
1033 1363.42 1363.42
1034 1363.42 1363.42
1035 1363.42 1363.42
1036 1363.42 1363.42
1037 1363.42 1363.42
1038 1363.42 1363.42
1039 1363.42 1363.42
1040 1363.42 1363.42
1041 1363.42 1363.42
1042 1363.42 1363.42
1043 1363.42 1363.42
1044 1363.42 1363.42
1045 1363.42 1363.42
1046 1363.42 1363.42
1047 1363.42 1363.42
1048 1363.42 1363.42
1049 1363.42 1363.42
1050 1363.42 1363.42
1051 1363.42 1363.42
1052 1363.42 1363.42
1053 1363.42 1363.42
1054 1363.42 1363.42
1055 1363.42 1363.42
1056 1363.42 1363.42
1057 1363.42 1363.42
1058 1363.42 1363.42
1059 1363.42 1363.42
1060 1363.42 1363.42
1061 1363.42 1363.42
1062 1363.42 1363.42
1063 1363.42 1363.42
1064 1363.42 1363.42
1065 1363.42 1363.42
1066 1363.42 1363.42
1067 1363.42 1363.42
1068 1363.42 1363.42
1069 1363.42 1363.42
1070 1363.42 1363.42
1071 1363.42 1363.42
1072 1363.42 1363.42
1073 1363.42 1363.42
1074 1363.42 1363.42
1075 1363.42 1363.42
1076 1363.42 1363.42
1077 1363.42 1363.42
1078 1363.42 1363.42
1079 1363.42 1363.42
1080 1363.42 1363.42
1081 1363.42 1363.42
1082 1363.42 1363.42
1083 1363.42 1363.42
1084 1363.42 1363.42
1085 1363.42 1363.42
1086 1363.42 1363.42
1087 1363.42 1363.42
1088 1363.42 1363.42
1089 1363.42 1363.42
1090 1363.42 1363.42
1091 1363.42 1363.42
1092 1363.42 1363.42
1093 1363.42 1363.42
1094 1363.42 1363.42
1095 1363.42 1363.42
1096 1363.42 1363.42
1097 1363.42 1363.42
1098 1363.42 1363.42
1099 1363.42 1363.42
1100 1363.42 1363.42
1101 1363.42 1363.42
1102 1363.42 1363.42
1103 1363.42 1363.42
1104 1363.42 1363.42
1105 1363.42 1363.42
1106 1363.42 1363.42
1107 1363.42 1363.42
1108 1363.42 1363.42
1109 1363.42 1363.42
1110 1363.42 1363.42
1111 1363.42 1363.42
1112 1363.42 1363.42
1113 1363.42 1363.42
1114 1363.42 1363.42
1115 1363.42 1363.42
1116 1363.42 1363.42
1117 1363.42 1363.42
1118 1363.42 1363.42
1119 1363.42 1363.42
1120 1363.42 1363.42
1121 1363.42 1363.42
1122 1363.42 1363.42
1123 1363.42 1363.42
1124 1363.42 1363.42
1125 1363.42 1363.42
1126 1363.42 1363.42
1127 1363.42 1363.42
1128 1363.42 1363.42
1129 1363.42 1363.42
1130 1363.42 1363.42
1131 1363.42 1363.42
1132 1363.42 1363.42
1133 1363.42 1363.42
1134 1363.42 1363.42
1135 1363.42 1363.42
1136 1363.42 1363.42
1137 1363.42 1363.42
1138 1363.42 1363.42
1139 1363.42 1363.42
1140 1363.42 1363.42
1141 1363.42 1363.42
1142 1363.42 1363.42
1143 1363.42 1363.42
1144 1363.42 1363.42
1145 1363.42 1363.42
1146 1363.42 1363.42
1147 1363.42 1363.42
1148 1363.42 1363.42
1149 1363.42 1363.42
1150 1363.42 1363.42
1151 1363.42 1363.42
1152 1363.42 1363.42
1153 1363.42 1363.42
1154 1363.42 1363.42
1155 1363.42 1363.42
1156 1363.42 1363.42
1157 1363.42 1363.42
1158 1363.42 1363.42
1159 1363.42 1363.42
1160 1363.42 1363.42
1161 1363.42 1363.42
1162 1363.42 1363.42
1163 1363.42 1363.42
1164 1363.42 1363.42
1165 1363.42 1363.42
1166 1363.42 1363.42
1167 1363.42 1363.42
1168 1363.42 1363.42
1169 1363.42 1363.42
1170 1363.42 1363.42
1171 1363.42 1363.42
1172 1363.42 1363.42
1173 1363.42 1363.42
1174 1363.42 1363.42
1175 1363.42 1363.42
1176 1363.42 1363.42
1177 1363.42 1363.42
1178 1363.42 1363.42
1179 1363.42 1363.42
1180 1363.42 1363.42
1181 1363.42 1363.42
1182 1363.42 1363.42
1183 1363.42 1363.42
1184 1363.42 1363.42
1185 1363.42 1363.42
1186 1363.42 1363.42
1187 1363.42 1363.42
1188 1363.42 1363.42
1189 1363.42 1363.42
1190 1363.42 1363.42
1191 1363.42 1363.42
1192 1363.42 1363.42
1193 1363.42 1363.42
1194 1363.42 1363.42
1195 1363.42 1363.42
1196 1363.42 1363.42
1197 1363.42 1363.42
1198 1363.42 1363.42
1199 1363.42 1363.42
1200 1363.42 1363.42
1201 1363.42 1363.42
1202 1363.42 1363.42
1203 1363.42 1363.42
1204 1363.42 1363.42
1205 1363.42 1363.42
1206 1363.42 1363.42
1207 1363.42 1363.42
1208 1363.42 1363.42
1209 1363.42 1363.42
1210 1363.42 1363.42
1211 1363.42 1363.42
1212 1363.42 1363.42
1213 1363.42 1363.42
1214 1363.42 1363.42
1215 1363.42 1363.42
1216 1363.42 1363.42
1217 1363.42 1363.42
1218 1363.42 1363.42
1219 1363.42 1363.42
1220 1363.42 1363.42
1221 1363.42 1363.42
1222 1363.42 1363.42
1223 1363.42 1363.42
1224 1363.42 1363.42
1225 1363.42 1363.42
1226 1363.42 1363.42
1227 1363.42 1363.42
1228 1363.42 1363.42
1229 1363.42 1363.42
1230 1363.42 1363.42
1231 1363.42 1363.42
1232 1363.42 1363.42
1233 1363.42 1363.42
1234 1363.42 1363.42
1235 1363.42 1363.42
1236 1363.42 1363.42
1237 1363.42 1363.42
1238 1363.42 1363.42
1239 1363.42 1363.42
1240 1363.42 1363.42
1241 1363.42 1363.42
1242 1363.42 1363.42
1243 1363.42 1363.42
1244 1363.42 1363.42
1245 1363.42 1363.42
1246 1363.42 1363.42
1247 1363.42 1363.42
1248 1363.42 1363.42
1249 1363.42 1363.42
1250 1363.42 1363.42
1251 1363.42 1363.42
1252 1363.42 1363.42
1253 1363.42 1363.42
1254 1363.42 1363.42
1255 1363.42 1363.42
1256 1363.42 1363.42
1257 1363.42 1363.42
1258 1363.42 1363.42
1259 1363.42 1363.42
1260 1363.42 1363.42
1261 1363.42 1363.42
1262 1363.42 1363.42
1263 1363.42 1363.42
1264 1363.42 1363.42
1265 1363.42 1363.42
1266 1363.42 1363.42
1267 1363.42 1363.42
1268 1363.42 1363.42
1269 1363.42 1363.42
1270 1363.42 1363.42
1271 1363.42 1363.42
1272 1363.42 1363.42
1273 1363.42 1363.42
1274 1363.42 1363.42
1275 1363.42 1363.42
1276 1363.42 1363.42
1277 1363.42 1363.42
1278 1363.42 1363.42
1279 1363.42 1363.42
1280 1363.42 1363.42
1281 1363.42 1363.42
1282 1363.42 1363.42
1283 1363.42 1363.42
1284 1363.42 1363.42
1285 1363.42 1363.42
1286 1363.42 1363.42
1287 1363.42 1363.42
1288 1363.42 1363.42
1289 1363.42 1363.42
1290 1363.42 1363.42
1291 1363.42 1363.42
1292 1363.42 1363.42
1293 1363.42 1363.42
1294 1363.42 1363.42
1295 1363.42 1363.42
1296 1363.42 1363.42
1297 1363.42 1363.42
1298 1363.42 1363.42
1299 1363.42 1363.42
1300 1363.42 1363.42
1301 1363.42 1363.42
1302 1363.42 1363.42
1303 1363.42 1363.42
1304 1363.42 1363.42
1305 1363.42 1363.42
1306 1363.42 1363.42
1307 1363.42 1363.42
1308 1363.42 1363.42
1309 1363.42 1363.42
1310 1363.42 1363.42
1311 1363.42 1363.42
1312 1363.42 1363.42
1313 1363.42 1363.42
1314 1363.42 1363.42
1315 1363.42 1363.42
1316 1363.42 1363.42
1317 1363.42 1363.42
1318 1363.42 1363.42
1319 1363.42 1363.42
1320 1363.42 1363.42
1321 1363.42 1363.42
1322 1363.42 1363.42
1323 1363.42 1363.42
1324 1363.42 1363.42
1325 1363.42 1363.42
1326 1363.42 1363.42
1327 1363.42 1363.42
1328 1363.42 1363.42
1329 1363.42 1363.42
1330 1363.42 1363.42
1331 1363.42 1363.42
1332 1363.42 1363.42
1333 1363.42 1363.42
1334 1363.42 1363.42
1335 1363.42 1363.42
1336 1363.42 1363.42
1337 1363.42 1363.42
1338 1363.42 1363.42
1339 1363.42 1363.42
1340 1363.42 1363.42
1341 1363.42 1363.42
1342 1363.42 1363.42
1343 1363.42 1363.42
1344 1363.42 1363.42
1345 1363.42 1363.42
1346 1363.42 1363.42
1347 1363.42 1363.42
1348 1363.42 1363.42
1349 1363.42 1363.42
1350 1363.42 1363.42
1351 1363.42 1363.42
1352 1363.42 1363.42
1353 1363.42 1363.42
1354 1363.42 1363.42
1355 1363.42 1363.42
1356 1363.42 1363.42
1357 1363.42 1363.42
1358 1363.42 1363.42
1359 1363.42 1363.42
1360 1363.42 1363.42
1361 1363.42 1363.42
1362 1363.42 1363.42
1363 1363.42 1363.42
1364 1363.42 1363.42
1365 1363.42 1363.42
1366 1363.42 1363.42
1367 1363.42 1363.42
1368 1363.42 1363.42
1369 1363.42 1363.42
1370 1363.42 1363.42
1371 1363.42 1363.42
1372 1363.42 1363.42
1373 1363.42 1363.42
1374 1363.42 1363.42
1375 1363.42 1363.42
1376 1363.42 1363.42
1377 1363.42 1363.42
1378 1363.42 1363.42
1379 1363.42 1363.42
1380 1363.42 1363.42
1381 1363.42 1363.42
1382 1363.42 1363.42
1383 1363.42 1363.42
1384 1363.42 1363.42
1385 1363.42 1363.42
1386 1363.42 1363.42
1387 1363.42 1363.42
1388 1363.42 1363.42
1389 1363.42 1363.42
1390 1363.42 1363.42
1391 1363.42 1363.42
1392 1363.42 1363.42
1393 1363.42 1363.42
1394 1363.42 1363.42
1395 1363.42 1363.42
1396 1363.42 1363.42
1397 1363.42 1363.42
1398 1363.42 1363.42
1399 1363.42 1363.42
1400 1363.42 1363.42
1401 1363.42 1363.42
1402 1363.42 1363.42
1403 1363.42 1363.42
1404 1363.42 1363.42
1405 1363.42 1363.42
1406 1363.42 1363.42
1407 1363.42 1363.42
1408 1363.42 1363.42
1409 1363.42 1363.42
1410 1363.42 1363.42
1411 1363.42 1363.42
1412 1363.42 1363.42
1413 1363.42 1363.42
1414 1363.42 1363.42
1415 1363.42 1363.42
1416 1363.42 1363.42
1417 1363.42 1363.42
1418 1363.42 1363.42
1419 1363.42 1363.42
1420 1363.42 1363.42
1421 1363.42 1363.42
1422 1363.42 1363.42
1423 1363.42 1363.42
1424 1363.42 1363.42
1425 1363.42 1363.42
1426 1363.42 1363.42
1427 1363.42 1363.42
1428 1363.42 1363.42
1429 1363.42 1363.42
1430 1363.42 1363.42
1431 1363.42 1363.42
1432 1363.42 1363.42
1433 1363.42 1363.42
1434 1363.42 1363.42
1435 1363.42 1363.42
1436 1363.42 1363.42
1437 1363.42 1363.42
1438 1363.42 1363.42
1439 1363.42 1363.42
1440 1363.42 1363.42
1441 1363.42 1363.42
1442 1363.42 1363.42
1443 1363.42 1363.42
1444 1363.42 1363.42
1445 1363.42 1363.42
1446 1363.42 1363.42
1447 1363.42 1363.42
1448 1363.42 1363.42
1449 1363.42 1363.42
1450 1363.42 1363.42
1451 1363.42 1363.42
1452 1363.42 1363.42
1453 1363.42 1363.42
1454 1363.42 1363.42
1455 1363.42 1363.42
1456 1363.42 1363.42
1457 1363.42 1363.42
1458 1363.42 1363.42
1459 1363.42 1363.42
1460 1363.42 1363.42
1461 1363.42 1363.42
1462 1363.42 1363.42
1463 1363.42 1363.42
1464 1363.42 1363.42
1465 1363.42 1363.42
1466 1363.42 1363.42
1467 1363.42 1363.42
1468 1363.42 1363.42
1469 1363.42 1363.42
1470 1363.42 1363.42
1471 1363.42 1363.42
1472 1363.42 1363.42
1473 1363.42 1363.42
1474 1363.42 1363.42
1475 1363.42 1363.42
1476 1363.42 1363.42
1477 1363.42 1363.42
1478 1363.42 1363.42
1479 1363.42 1363.42
1480 1363.42 1363.42
1481 1363.42 1363.42
1482 1363.42 1363.42
1483 1363.42 1363.42
1484 1363.42 1363.42
1485 1363.42 1363.42
1486 1363.42 1363.42
1487 1363.42 1363.42
1488 1363.42 1363.42
1489 1363.42 1363.42
1490 1363.42 1363.42
1491 1363.42 1363.42
1492 1363.42 1363.42
1493 1363.42 1363.42
1494 1363.42 1363.42
1495 1363.42 1363.42
1496 1363.42 1363.42
1497 1363.42 1363.42
1498 1363.42 1363.42
1499 1363.42 1363.42
1500 1363.42 1363.42
1501 1363.42 1363.42
1502 1363.42 1363.42
1503 1363.42 1363.42
1504 1363.42 1363.42
1505 1363.42 1363.42
1506 1363.42 1363.42
1507 1363.42 1363.42
1508 1363.42 1363.42
1509 1363.42 1363.42
1510 1363.42 1363.42
1511 1363.42 1363.42
1512 1363.42 1363.42
1513 1363.42 1363.42
1514 1363.42 1363.42
1515 1363.42 1363.42
1516 1363.42 1363.42
1517 1363.42 1363.42
1518 1363.42 1363.42
1519 1363.42 1363.42
1520 1363.42 1363.42
1521 1363.42 1363.42
1522 1363.42 1363.42
1523 1363.42 1363.42
1524 1363.42 1363.42
1525 1363.42 1363.42
1526 1363.42 1363.42
1527 1363.42 1363.42
1528 1363.42 1363.42
1529 1363.42 1363.42
1530 1363.42 1363.42
1531 1363.42 1363.42
1532 1363.42 1363.42
1533 1363.42 1363.42
1534 1363.42 1363.42
1535 1363.42 1363.42
1536 1363.42 1363.42
1537 1363.42 1363.42
1538 1363.42 1363.42
1539 1363.42 1363.42
1540 1363.42 1363.42
1541 1363.42 1363.42
1542 1363.42 1363.42
1543 1363.42 1363.42
1544 1363.42 1363.42
1545 1363.42 1363.42
1546 1363.42 1363.42
1547 1363.42 1363.42
1548 1363.42 1363.42
1549 1363.42 1363.42
1550 1363.42 1363.42
1551 1363.42 1363.42
1552 1363.42 1363.42
1553 1363.42 1363.42
1554 1363.42 1363.42
1555 1363.42 1363.42
1556 1363.42 1363.42
1557 1363.42 1363.42
1558 1363.42 1363.42
1559 1363.42 1363.42
1560 1363.42 1363.42
1561 1363.42 1363.42
1562 1363.42 1363.42
1563 1363.42 1363.42
1564 1363.42 1363.42
1565 1363.42 1363.42
1566 1363.42 1363.42
1567 1363.42 1363.42
1568 1363.42 1363.42
1569 1363.42 1363.42
1570 1363.42 1363.42
1571 1363.42 1363.42
1572 1363.42 1363.42
1573 1363.42 1363.42
1574 1363.42 1363.42
1575 1363.42 1363.42
1576 1363.42 1363.42
1577 1363.42 1363.42
1578 1363.42 1363.42
1579 1363.42 1363.42
1580 1363.42 1363.42
1581 1363.42 1363.42
1582 1363.42 1363.42
1583 1363.42 1363.42
1584 1363.42 1363.42
1585 1363.42 1363.42
1586 1363.42 1363.42
1587 1363.42 1363.42
1588 1363.42 1363.42
1589 1363.42 1363.42
1590 1363.42 1363.42
1591 1363.42 1363.42
1592 1363.42 1363.42
1593 1363.42 1363.42
1594 1363.42 1363.42
1595 1363.42 1363.42
1596 1363.42 1363.42
1597 1363.42 1363.42
1598 1363.42 1363.42
1599 1363.42 1363.42
1600 1363.42 1363.42
1601 1363.42 1363.42
1602 1363.42 1363.42
1603 1363.42 1363.42
1604 1363.42 1363.42
1605 1363.42 1363.42
1606 1363.42 1363.42
1607 1363.42 1363.42
1608 1363.42 1363.42
1609 1363.42 1363.42
1610 1363.42 1363.42
1611 1363.42 1363.42
1612 1363.42 1363.42
1613 1363.42 1363.42
1614 1363.42 1363.42
1615 1363.42 1363.42
1616 1363.42 1363.42
1617 1363.42 1363.42
1618 1363.42 1363.42
1619 1363.42 1363.42
1620 1363.42 1363.42
1621 1363.42 1363.42
1622 1363.42 1363.42
1623 1363.42 1363.42
1624 1363.42 1363.42
1625 1363.42 1363.42
1626 1363.42 1363.42
1627 1363.42 1363.42
1628 1363.42 1363.42
1629 1363.42 1363.42
1630 1363.42 1363.42
1631 1363.42 1363.42
1632 1363.42 1363.42
1633 1363.42 1363.42
1634 1363.42 1363.42
1635 1363.42 1363.42
1636 1363.42 1363.42
1637 1363.42 1363.42
1638 1363.42 1363.42
1639 1363.42 1363.42
1640 1363.42 1363.42
1641 1363.42 1363.42
1642 1363.42 1363.42
1643 1363.42 1363.42
1644 1363.42 1363.42
1645 1363.42 1363.42
1646 1363.42 1363.42
1647 1363.42 1363.42
1648 1363.42 1363.42
1649 1363.42 1363.42
1650 1363.42 1363.42
1651 1363.42 1363.42
1652 1363.42 1363.42
1653 1363.42 1363.42
1654 1363.42 1363.42
1655 1363.42 1363.42
1656 1363.42 1363.42
1657 1363.42 1363.42
1658 1363.42 1363.42
1659 1363.42 1363.42
1660 1363.42 1363.42
1661 1363.42 1363.42
1662 1363.42 1363.42
1663 1363.42 1363.42
1664 1363.42 1363.42
1665 1363.42 1363.42
1666 1363.42 1363.42
1667 1363.42 1363.42
1668 1363.42 1363.42
1669 1363.42 1363.42
1670 1363.42 1363.42
1671 1363.42 1363.42
1672 1363.42 1363.42
1673 1363.42 1363.42
1674 1363.42 1363.42
1675 1363.42 1363.42
1676 1363.42 1363.42
1677 1363.42 1363.42
1678 1363.42 1363.42
1679 1363.42 1363.42
1680 1363.42 1363.42
1681 1363.42 1363.42
1682 1363.42 1363.42
1683 1363.42 1363.42
1684 1363.42 1363.42
1685 1363.42 1363.42
1686 1363.42 1363.42
1687 1363.42 1363.42
1688 1363.42 1363.42
1689 1363.42 1363.42
1690 1363.42 1363.42
1691 1363.42 1363.42
1692 1363.42 1363.42
1693 1363.42 1363.42
1694 1363.42 1363.42
1695 1363.42 1363.42
1696 1363.42 1363.42
1697 1363.42 1363.42
1698 1363.42 1363.42
1699 1363.42 1363.42
1700 1363.42 1363.42
1701 1363.42 1363.42
1702 1363.42 1363.42
1703 1363.42 1363.42
1704 1363.42 1363.42
1705 1363.42 1363.42
1706 1363.42 1363.42
1707 1363.42 1363.42
1708 1363.42 1363.42
1709 1363.42 1363.42
1710 1363.42 1363.42
1711 1363.42 1363.42
1712 1363.42 1363.42
1713 1363.42 1363.42
1714 1363.42 1363.42
1715 1363.42 1363.42
1716 1363.42 1363.42
1717 1363.42 1363.42
1718 1363.42 1363.42
1719 1363.42 1363.42
1720 1363.42 1363.42
1721 1363.42 1363.42
1722 1363.42 1363.42
1723 1363.42 1363.42
1724 1363.42 1363.42
1725 1363.42 1363.42
1726 1363.42 1363.42
1727 1363.42 1363.42
1728 1363.42 1363.42
1729 1363.42 1363.42
1730 1363.42 1363.42
1731 1363.42 1363.42
1732 1363.42 1363.42
1733 1363.42 1363.42
1734 1363.42 1363.42
1735 1363.42 1363.42
1736 1363.42 1363.42
1737 1363.42 1363.42
1738 1363.42 1363.42
1739 1363.42 1363.42
1740 1363.42 1363.42
1741 1363.42 1363.42
1742 1363.42 1363.42
1743 1363.42 1363.42
1744 1363.42 1363.42
1745 1363.42 1363.42
1746 1363.42 1363.42
1747 1363.42 1363.42
1748 1363.42 1363.42
1749 1363.42 1363.42
1750 1363.42 1363.42
1751 1363.42 1363.42
1752 1363.42 1363.42
1753 1363.42 1363.42
1754 1363.42 1363.42
1755 1363.42 1363.42
1756 1363.42 1363.42
1757 1363.42 1363.42
1758 1363.42 1363.42
1759 1363.42 1363.42
1760 1363.42 1363.42
1761 1363.42 1363.42
1762 1363.42 1363.42
1763 1363.42 1363.42
1764 1363.42 1363.42
1765 1363.42 1363.42
1766 1363.42 1363.42
1767 1363.42 1363.42
1768 1363.42 1363.42
1769 1363.42 1363.42
1770 1363.42 1363.42
1771 1363.42 1363.42
1772 1363.42 1363.42
1773 1363.42 1363.42
1774 1363.42 1363.42
1775 1363.42 1363.42
1776 1363.42 1363.42
1777 1363.42 1363.42
1778 1363.42 1363.42
1779 1363.42 1363.42
1780 1363.42 1363.42
1781 1363.42 1363.42
1782 1363.42 1363.42
1783 1363.42 1363.42
1784 1363.42 1363.42
1785 1363.42 1363.42
1786 1363.42 1363.42
1787 1363.42 1363.42
1788 1363.42 1363.42
1789 1363.42 1363.42
1790 1363.42 1363.42
1791 1363.42 1363.42
1792 1363.42 1363.42
1793 1363.42 1363.42
1794 1363.42 1363.42
1795 1363.42 1363.42
1796 1363.42 1363.42
1797 1363.42 1363.42
1798 1363.42 1363.42
1799 1363.42 1363.42
1800 1363.42 1363.42
1801 1363.42 1363.42
1802 1363.42 1363.42
1803 1363.42 1363.42
1804 1363.42 1363.42
1805 1363.42 1363.42
1806 1363.42 1363.42
1807 1363.42 1363.42
1808 1363.42 1363.42
1809 1363.42 1363.42
1810 1363.42 1363.42
1811 1363.42 1363.42
1812 1363.42 1363.42
1813 1363.42 1363.42
1814 1363.42 1363.42
1815 1363.42 1363.42
1816 1363.42 1363.42
1817 1363.42 1363.42
1818 1363.42 1363.42
1819 1363.42 1363.42
1820 1363.42 1363.42
1821 1363.42 1363.42
1822 1363.42 1363.42
1823 1363.42 1363.42
1824 1363.42 1363.42
1825 1363.42 1363.42
1826 1363.42 1363.42
1827 1363.42 1363.42
1828 1363.42 1363.42
1829 1363.42 1363.42
1830 1363.42 1363.42
1831 1363.42 1363.42
1832 1363.42 1363.42
1833 1363.42 1363.42
1834 1363.42 1363.42
1835 1363.42 1363.42
1836 1363.42 1363.42
1837 1363.42 1363.42
1838 1363.42 1363.42
1839 1363.42 1363.42
1840 1363.42 1363.42
1841 1363.42 1363.42
1842 1363.42 1363.42
1843 1363.42 1363.42
1844 1363.42 1363.42
1845 1363.42 1363.42
1846 1363.42 1363.42
1847 1363.42 1363.42
1848 1363.42 1363.42
1849 1363.42 1363.42
1850 1363.42 1363.42
1851 1363.42 1363.42
1852 1363.42 1363.42
1853 1363.42 1363.42
1854 1363.42 1363.42
1855 1363.42 1363.42
1856 1363.42 1363.42
1857 1363.42 1363.42
1858 1363.42 1363.42
1859 1363.42 1363.42
1860 1363.42 1363.42
1861 1363.42 1363.42
1862 1363.42 1363.42
1863 1363.42 1363.42
1864 1363.42 1363.42
1865 1363.42 1363.42
1866 1363.42 1363.42
1867 1363.42 1363.42
1868 1363.42 1363.42
1869 1363.42 1363.42
1870 1363.42 1363.42
1871 1363.42 1363.42
1872 1363.42 1363.42
1873 1363.42 1363.42
1874 1363.42 1363.42
1875 1363.42 1363.42
1876 1363.42 1363.42
1877 1363.42 1363.42
1878 1363.42 1363.42
1879 1363.42 1363.42
1880 1363.42 1363.42
1881 1363.42 1363.42
1882 1363.42 1363.42
1883 1363.42 1363.42
1884 1363.42 1363.42
1885 1363.42 1363.42
1886 1363.42 1363.42
1887 1363.42 1363.42
1888 1363.42 1363.42
1889 1363.42 1363.42
1890 1363.42 1363.42
1891 1363.42 1363.42
1892 1363.42 1363.42
1893 1363.42 1363.42
1894 1363.42 1363.42
1895 1363.42 1363.42
1896 1363.42 1363.42
1897 1363.42 1363.42
1898 1363.42 1363.42
1899 1363.42 1363.42
1900 1363.42 1363.42
1901 1363.42 1363.42
1902 1363.42 1363.42
1903 1363.42 1363.42
1904 1363.42 1363.42
1905 1363.42 1363.42
1906 1363.42 1363.42
1907 1363.42 1363.42
1908 1363.42 1363.42
1909 1363.42 1363.42
1910 1363.42 1363.42
1911 1363.42 1363.42
1912 1363.42 1363.42
1913 1363.42 1363.42
1914 1363.42 1363.42
1915 1363.42 1363.42
1916 1363.42 1363.42
1917 1363.42 1363.42
1918 1363.42 1363.42
1919 1363.42 1363.42
1920 1363.42 1363.42
1921 1363.42 1363.42
1922 1363.42 1363.42
1923 1363.42 1363.42
1924 1363.42 1363.42
1925 1363.42 1363.42
1926 1363.42 1363.42
1927 1363.42 1363.42
1928 1363.42 1363.42
1929 1363.42 1363.42
1930 1363.42 1363.42
1931 1363.42 1363.42
1932 1363.42 1363.42
1933 1363.42 1363.42
1934 1363.42 1363.42
1935 1363.42 1363.42
1936 1363.42 1363.42
1937 1363.42 1363.42
1938 1363.42 1363.42
1939 1363.42 1363.42
1940 1363.42 1363.42
1941 1363.42 1363.42
1942 1363.42 1363.42
1943 1363.42 1363.42
1944 1363.42 1363.42
1945 1363.42 1363.42
1946 1363.42 1363.42
1947 1363.42 1363.42
1948 1363.42 1363.42
1949 1363.42 1363.42
1950 1363.42 1363.42
1951 1363.42 1363.42
1952 1363.42 1363.42
1953 1363.42 1363.42
1954 1363.42 1363.42
1955 1363.42 1363.42
1956 1363.42 1363.42
1957 1363.42 1363.42
1958 1363.42 1363.42
1959 1363.42 1363.42
1960 1363.42 1363.42
1961 1363.42 1363.42
1962 1363.42 1363.42
1963 1363.42 1363.42
1964 1363.42 1363.42
1965 1363.42 1363.42
1966 1363.42 1363.42
1967 1363.42 1363.42
1968 1363.42 1363.42
1969 1363.42 1363.42
1970 1363.42 1363.42
1971 1363.42 1363.42
1972 1363.42 1363.42
1973 1363.42 1363.42
1974 1363.42 1363.42
1975 1363.42 1363.42
1976 1363.42 1363.42
1977 1363.42 1363.42
1978 1363.42 1363.42
1979 1363.42 1363.42
1980 1363.42 1363.42
1981 1363.42 1363.42
1982 1363.42 1363.42
1983 1363.42 1363.42
1984 1363.42 1363.42
1985 1363.42 1363.42
1986 1363.42 1363.42
1987 1363.42 1363.42
1988 1363.42 1363.42
1989 1363.42 1363.42
1990 1363.42 1363.42
1991 1363.42 1363.42
1992 1363.42 1363.42
1993 1363.42 1363.42
1994 1363.42 1363.42
1995 1363.42 1363.42
1996 1363.42 1363.42
1997 1363.42 1363.42
1998 1363.42 1363.42
1999 1363.42 1363.42
2000 1363.42 1363.42
2001 1363.42 1363.42
2002 1363.42 1363.42
2003 1363.42 1363.42
2004 1363.42 1363.42
2005 1363.42 1363.42
2006 1363.42 1363.42
2007 1363.42 1363.42
2008 1363.42 1363.42
2009 1363.42 1363.42
2010 1363.42 1363.42
2011 1363.42 1363.42
2012 1363.42 1363.42
2013 1363.42 1363.42
2014 1363.42 1363.42
2015 1363.42 1363.42
2016 1363.42 1363.42
2017 1363.42 1363.42
2018 1363.42 1363.42
2019 1363.42 1363.42
2020 1363.42 1363.42
2021 1363.42 1363.42
2022 1363.42 1363.42
2023 1363.42 1363.42
2024 1363.42 1363.42
2025 1363.42 1363.42
2026 1363.42 1363.42
2027 1363.42 1363.42
2028 1363.42 1363.42
2029 1363.42 1363.42
2030 1363.42 1363.42
2031 1363.42 1363.42
2032 1363.42 1363.42
2033 1363.42 1363.42
2034 1363.42 1363.42
2035 1363.42 1363.42
2036 1363.42 1363.42
2037 1363.42 1363.42
2038 1363.42 1363.42
2039 1363.42 1363.42
2040 1363.42 1363.42
2041 1363.42 1363.42
2042 1363.42 1363.42
2043 1363.42 1363.42
2044 1363.42 1363.42
2045 1363.42 1363.42
2046 1363.42 1363.42
2047 1363.42 1363.42
2048 1363.42 1363.42
2049 1363.42 1363.42
2050 1363.42 1363.42
2051 1363.42 1363.42
2052 1363.42 1363.42
2053 1363.42 1363.42
2054 1363.42 1363.42
2055 1363.42 1363.42
2056 1363.42 1363.42
2057 1363.42 1363.42
2058 1363.42 1363.42
2059 1363.42 1363.42
2060 1363.42 1363.42
2061 1363.42 1363.42
2062 1363.42 1363.42
2063 1363.42 1363.42
2064 1363.42 1363.42
2065 1363.42 1363.42
2066 1363.42 1363.42
2067 1363.42 1363.42
2068 1363.42 1363.42
2069 1363.42 1363.42
2070 1363.42 1363.42
2071 1363.42 1363.42
2072 1363.42 1363.42
2073 1363.42 1363.42
2074 1363.42 1363.42
2075 1363.42 1363.42
2076 1363.42 1363.42
2077 1363.42 1363.42
2078 1363.42 1363.42
2079 1363.42 1363.42
2080 1363.42 1363.42
2081 1363.42 1363.42
2082 1363.42 1363.42
2083 1363.42 1363.42
2084 1363.42 1363.42
2085 1363.42 1363.42
2086 1363.42 1363.42
2087 1363.42 1363.42
2088 1363.42 1363.42
2089 1363.42 1363.42
2090 1363.42 1363.42
2091 1363.42 1363.42
2092 1363.42 1363.42
2093 1363.42 1363.42
2094 1363.42 1363.42
2095 1363.42 1363.42
2096 1363.42 1363.42
2097 1363.42 1363.42
2098 1363.42 1363.42
2099 1363.42 1363.42
2100 1363.42 1363.42
2101 1363.42 1363.42
2102 1363.42 1363.42
2103 1363.42 1363.42
2104 1363.42 1363.42
2105 1363.42 1363.42
2106 1363.42 1363.42
2107 1363.42 1363.42
2108 1363.42 1363.42
2109 1363.42 1363.42
2110 1363.42 1363.42
2111 1363.42 1363.42
2112 1363.42 1363.42
2113 1363.42 1363.42
2114 1363.42 1363.42
2115 1363.42 1363.42
2116 1363.42 1363.42
2117 1363.42 1363.42
2118 1363.42 1363.42
2119 1363.42 1363.42
2120 1363.42 1363.42
2121 1363.42 1363.42
2122 1363.42 1363.42
2123 1363.42 1363.42
2124 1363.42 1363.42
2125 1363.42 1363.42
2126 1363.42 1363.42
2127 1363.42 1363.42
2128 1363.42 1363.42
2129 1363.42 1363.42
2130 1363.42 1363.42
2131 1363.42 1363.42
2132 1363.42 1363.42
2133 1363.42 1363.42
2134 1363.42 1363.42
2135 1363.42 1363.42
2136 1363.42 1363.42
2137 1363.42 1363.42
2138 1363.42 1363.42
2139 1363.42 1363.42
2140 1363.42 1363.42
2141 1363.42 1363.42
2142 1363.42 1363.42
2143 1363.42 1363.42
2144 1363.42 1363.42
2145 1363.42 1363.42
2146 1363.42 1363.42
2147 1363.42 1363.42
2148 1363.42 1363.42
2149 1363.42 1363.42
2150 1363.42 1363.42
2151 1363.42 1363.42
2152 1363.42 1363.42
2153 1363.42 1363.42
2154 1363.42 1363.42
2155 1363.42 1363.42
2156 1363.42 1363.42
2157 1363.42 1363.42
2158 1363.42 1363.42
2159 1363.42 1363.42
2160 1363.42 1363.42
2161 1363.42 1363.42
2162 1363.42 1363.42
2163 1363.42 1363.42
2164 1363.42 1363.42
2165 1363.42 1363.42
2166 1363.42 1363.42
2167 1363.42 1363.42
2168 1363.42 1363.42
2169 1363.42 1363.42
2170 1363.42 1363.42
2171 1363.42 1363.42
2172 1363.42 1363.42
2173 1363.42 1363.42
2174 1363.42 1363.42
2175 1363.42 1363.42
2176 1363.42 1363.42
2177 1363.42 1363.42
2178 1363.42 1363.42
2179 1363.42 1363.42
2180 1363.42 1363.42
2181 1363.42 1363.42
2182 1363.42 1363.42
2183 1363.42 1363.42
