0 1343.85 1343.85
1 1343.85 1343.85
2 1343.85 1343.85
3 1343.85 1343.85
4 1343.85 1343.85
5 1343.85 1343.85
6 1343.85 1343.85
7 1343.85 1343.85
8 1343.85 1343.85
9 1343.85 1343.85
10 1343.85 1343.85
11 1343.85 1343.85
12 1343.85 1343.85
13 1343.85 1343.85
14 1343.85 1343.85
15 1343.85 1343.85
16 1343.85 1343.85
17 1343.85 1343.85
18 1343.85 1343.85
19 1343.85 1343.85
20 1343.85 1343.85
21 1343.85 1343.85
22 1343.85 1343.85
23 1343.85 1343.85
24 1343.85 1343.85
25 1343.85 1343.85
26 1343.85 1343.85
27 1343.85 1343.85
28 1343.85 1343.85
29 1343.85 1343.85
30 1343.85 1343.85
31 1343.85 1343.85
32 1343.85 1343.85
33 1343.85 1343.85
34 1343.85 1343.85
35 1343.85 1343.85
36 1343.85 1343.85
37 1343.85 1343.85
38 1343.85 1343.85
39 1343.85 1343.85
40 1343.85 1343.85
41 1343.85 1343.85
42 1343.85 1343.85
43 1343.85 1343.85
44 1343.85 1343.85
45 1343.85 1343.85
46 1343.85 1343.85
47 1343.85 1343.85
48 1343.85 1343.85
49 1343.85 1343.85
50 1343.85 1343.85
51 1343.85 1343.85
52 1343.85 1343.85
53 1343.85 1343.85
54 1343.85 1343.85
55 1343.85 1343.85
56 1343.85 1343.85
57 1343.85 1343.85
58 1343.85 1343.85
59 1343.85 1343.85
60 1343.85 1343.85
61 1343.85 1343.85
62 1343.85 1343.85
63 1343.85 1343.85
64 1343.85 1343.85
65 1343.85 1343.85
66 1343.85 1343.85
67 1343.85 1343.85
68 1343.85 1343.85
69 1343.85 1343.85
70 1343.85 1343.85
71 1343.85 1343.85
72 1343.85 1343.85
73 1343.85 1343.85
74 1343.85 1343.85
75 1343.85 1343.85
76 1343.85 1343.85
77 1343.85 1343.85
78 1343.85 1343.85
79 1343.85 1343.85
80 1343.85 1343.85
81 1343.85 1343.85
82 1343.85 1343.85
83 1343.85 1343.85
84 1343.85 1343.85
85 1343.85 1343.85
86 1343.85 1343.85
87 1343.85 1343.85
88 1343.85 1343.85
89 1343.85 1343.85
90 1343.85 1343.85
91 1343.85 1343.85
92 1343.85 1343.85
93 1343.85 1343.85
94 1343.85 1343.85
95 1343.85 1343.85
96 1343.85 1343.85
97 1343.85 1343.85
98 1343.85 1343.85
99 1343.85 1343.85
100 1343.85 1343.85
101 1343.85 1343.85
102 1343.85 1343.85
103 1343.85 1343.85
104 1343.85 1343.85
105 1343.85 1343.85
106 1343.85 1343.85
107 1343.85 1343.85
108 1343.85 1343.85
109 1343.85 1343.85
110 1343.85 1343.85
111 1343.85 1343.85
112 1343.85 1343.85
113 1343.85 1343.85
114 1343.85 1343.85
115 1343.85 1343.85
116 1343.85 1343.85
117 1343.85 1343.85
118 1343.85 1343.85
119 1343.85 1343.85
120 1343.85 1343.85
121 1343.85 1343.85
122 1343.85 1343.85
123 1343.85 1343.85
124 1343.85 1343.85
125 1343.85 1343.85
126 1343.85 1343.85
127 1343.85 1343.85
128 1343.85 1343.85
129 1343.85 1343.85
130 1343.85 1343.85
131 1343.85 1343.85
132 1343.85 1343.85
133 1343.85 1343.85
134 1343.85 1343.85
135 1343.85 1343.85
136 1343.85 1343.85
137 1343.85 1343.85
138 1343.85 1343.85
139 1343.85 1343.85
140 1343.85 1343.85
141 1343.85 1343.85
142 1343.85 1343.85
143 1343.85 1343.85
144 1343.85 1343.85
145 1343.85 1343.85
146 1343.85 1343.85
147 1343.85 1343.85
148 1343.85 1343.85
149 1343.85 1343.85
150 1343.85 1343.85
151 1343.85 1343.85
152 1343.85 1343.85
153 1343.85 1343.85
154 1343.85 1343.85
155 1343.85 1343.85
156 1343.85 1343.85
157 1343.85 1343.85
158 1343.85 1343.85
159 1343.85 1343.85
160 1343.85 1343.85
161 1343.85 1343.85
162 1343.85 1343.85
163 1343.85 1343.85
164 1343.85 1343.85
165 1343.85 1343.85
166 1343.85 1343.85
167 1343.85 1343.85
168 1343.85 1343.85
169 1343.85 1343.85
170 1343.85 1343.85
171 1343.85 1343.85
172 1343.85 1343.85
173 1343.85 1343.85
174 1343.85 1343.85
175 1343.85 1343.85
176 1343.85 1343.85
177 1343.85 1343.85
178 1343.85 1343.85
179 1343.85 1343.85
180 1343.85 1343.85
181 1343.85 1343.85
182 1343.85 1343.85
183 1343.85 1343.85
184 1343.85 1343.85
185 1343.85 1343.85
186 1343.85 1343.85
187 1343.85 1343.85
188 1343.85 1343.85
189 1343.85 1343.85
190 1343.85 1343.85
191 1343.85 1343.85
192 1343.85 1343.85
193 1343.85 1343.85
194 1343.85 1343.85
195 1343.85 1343.85
196 1343.85 1343.85
197 1343.85 1343.85
198 1343.85 1343.85
199 1343.85 1343.85
200 1343.85 1343.85
201 1343.85 1343.85
202 1343.85 1343.85
203 1343.85 1343.85
204 1343.85 1343.85
205 1343.85 1343.85
206 1343.85 1343.85
207 1343.85 1343.85
208 1343.85 1343.85
209 1343.85 1343.85
210 1343.85 1343.85
211 1343.85 1343.85
212 1343.85 1343.85
213 1343.85 1343.85
214 1343.85 1343.85
215 1343.85 1343.85
216 1343.85 1343.85
217 1343.85 1343.85
218 1343.85 1343.85
219 1343.85 1343.85
220 1343.85 1343.85
221 1343.85 1343.85
222 1343.85 1343.85
223 1343.85 1343.85
224 1343.85 1343.85
225 1343.85 1343.85
226 1343.85 1343.85
227 1343.85 1343.85
228 1343.85 1343.85
229 1343.85 1343.85
230 1343.85 1343.85
231 1343.85 1343.85
232 1343.85 1343.85
233 1343.85 1343.85
234 1343.85 1343.85
235 1343.85 1343.85
236 1343.85 1343.85
237 1343.85 1343.85
238 1343.85 1343.85
239 1343.85 1343.85
240 1343.85 1343.85
241 1343.85 1343.85
242 1343.85 1343.85
243 1343.85 1343.85
244 1343.85 1343.85
245 1343.85 1343.85
246 1343.85 1343.85
247 1343.85 1343.85
248 1343.85 1343.85
249 1343.85 1343.85
250 1343.85 1343.85
251 1343.85 1343.85
252 1343.85 1343.85
253 1343.85 1343.85
254 1343.85 1343.85
255 1343.85 1343.85
256 1343.85 1343.85
257 1343.85 1343.85
258 1343.85 1343.85
259 1343.85 1343.85
260 1343.85 1343.85
261 1343.85 1343.85
262 1343.85 1343.85
263 1343.85 1343.85
264 1343.85 1343.85
265 1343.85 1343.85
266 1343.85 1343.85
267 1343.85 1343.85
268 1343.85 1343.85
269 1343.85 1343.85
270 1343.85 1343.85
271 1343.85 1343.85
272 1343.85 1343.85
273 1343.85 1343.85
274 1343.85 1343.85
275 1343.85 1343.85
276 1343.85 1343.85
277 1343.85 1343.85
278 1343.85 1343.85
279 1343.85 1343.85
280 1343.85 1343.85
281 1343.85 1343.85
282 1343.85 1343.85
283 1343.85 1343.85
284 1343.85 1343.85
285 1343.85 1343.85
286 1343.85 1343.85
287 1343.85 1343.85
288 1343.85 1343.85
289 1343.85 1343.85
290 1343.85 1343.85
291 1343.85 1343.85
292 1343.85 1343.85
293 1343.85 1343.85
294 1343.85 1343.85
295 1343.85 1343.85
296 1343.85 1343.85
297 1343.85 1343.85
298 1343.85 1343.85
299 1343.85 1343.85
300 1343.85 1343.85
301 1343.85 1343.85
302 1343.85 1343.85
303 1343.85 1343.85
304 1343.85 1343.85
305 1343.85 1343.85
306 1343.85 1343.85
307 1343.85 1343.85
308 1343.85 1343.85
309 1343.85 1343.85
310 1343.85 1343.85
311 1343.85 1343.85
312 1343.85 1343.85
313 1343.85 1343.85
314 1343.85 1343.85
315 1343.85 1343.85
316 1343.85 1343.85
317 1343.85 1343.85
318 1343.85 1343.85
319 1343.85 1343.85
320 1343.85 1343.85
321 1343.85 1343.85
322 1343.85 1343.85
323 1343.85 1343.85
324 1343.85 1343.85
325 1343.85 1343.85
326 1343.85 1343.85
327 1343.85 1343.85
328 1343.85 1343.85
329 1343.85 1343.85
330 1343.85 1343.85
331 1343.85 1343.85
332 1343.85 1343.85
333 1343.85 1343.85
334 1343.85 1343.85
335 1343.85 1343.85
336 1343.85 1343.85
337 1343.85 1343.85
338 1343.85 1343.85
339 1343.85 1343.85
340 1343.85 1343.85
341 1343.85 1343.85
342 1343.85 1343.85
343 1343.85 1343.85
344 1343.85 1343.85
345 1343.85 1343.85
346 1343.85 1343.85
347 1343.85 1343.85
348 1343.85 1343.85
349 1343.85 1343.85
350 1343.85 1343.85
351 1343.85 1343.85
352 1343.85 1343.85
353 1343.85 1343.85
354 1343.85 1343.85
355 1343.85 1343.85
356 1343.85 1343.85
357 1343.85 1343.85
358 1343.85 1343.85
359 1343.85 1343.85
360 1343.85 1343.85
361 1343.85 1343.85
362 1343.85 1343.85
363 1343.85 1343.85
364 1343.85 1343.85
365 1343.85 1343.85
366 1343.85 1343.85
367 1343.85 1343.85
368 1343.85 1343.85
369 1343.85 1343.85
370 1343.85 1343.85
371 1343.85 1343.85
372 1343.85 1343.85
373 1343.85 1343.85
374 1343.85 1343.85
375 1343.85 1343.85
376 1343.85 1343.85
377 1343.85 1343.85
378 1343.85 1343.85
379 1343.85 1343.85
380 1343.85 1343.85
381 1343.85 1343.85
382 1343.85 1343.85
383 1343.85 1343.85
384 1343.85 1343.85
385 1343.85 1343.85
386 1343.85 1343.85
387 1343.85 1343.85
388 1343.85 1343.85
389 1343.85 1343.85
390 1343.85 1343.85
391 1343.85 1343.85
392 1343.85 1343.85
393 1343.85 1343.85
394 1343.85 1343.85
395 1343.85 1343.85
396 1343.85 1343.85
397 1343.85 1343.85
398 1343.85 1343.85
399 1343.85 1343.85
400 1343.85 1343.85
401 1343.85 1343.85
402 1343.85 1343.85
403 1343.85 1343.85
404 1343.85 1343.85
405 1343.85 1343.85
406 1343.85 1343.85
407 1343.85 1343.85
408 1343.85 1343.85
409 1343.85 1343.85
410 1343.85 1343.85
411 1343.85 1343.85
412 1343.85 1343.85
413 1343.85 1343.85
414 1343.85 1343.85
415 1343.85 1343.85
416 1343.85 1343.85
417 1343.85 1343.85
418 1343.85 1343.85
419 1343.85 1343.85
420 1343.85 1343.85
421 1343.85 1343.85
422 1343.85 1343.85
423 1343.85 1343.85
424 1343.85 1343.85
425 1343.85 1343.85
426 1343.85 1343.85
427 1343.85 1343.85
428 1343.85 1343.85
429 1343.85 1343.85
430 1343.85 1343.85
431 1343.85 1343.85
432 1343.85 1343.85
433 1343.85 1343.85
434 1343.85 1343.85
435 1343.85 1343.85
436 1343.85 1343.85
437 1343.85 1343.85
438 1343.85 1343.85
439 1343.85 1343.85
440 1343.85 1343.85
441 1343.85 1343.85
442 1343.85 1343.85
443 1343.85 1343.85
444 1343.85 1343.85
445 1343.85 1343.85
446 1343.85 1343.85
447 1343.85 1343.85
448 1343.85 1343.85
449 1343.85 1343.85
450 1343.85 1343.85
451 1343.85 1343.85
452 1343.85 1343.85
453 1343.85 1343.85
454 1343.85 1343.85
455 1343.85 1343.85
456 1343.85 1343.85
457 1343.85 1343.85
458 1343.85 1343.85
459 1343.85 1343.85
460 1343.85 1343.85
461 1343.85 1343.85
462 1343.85 1343.85
463 1343.85 1343.85
464 1343.85 1343.85
465 1343.85 1343.85
466 1343.85 1343.85
467 1343.85 1343.85
468 1343.85 1343.85
469 1343.85 1343.85
470 1343.85 1343.85
471 1343.85 1343.85
472 1343.85 1343.85
473 1343.85 1343.85
474 1343.85 1343.85
475 1343.85 1343.85
476 1343.85 1343.85
477 1343.85 1343.85
478 1343.85 1343.85
479 1343.85 1343.85
480 1343.85 1343.85
481 1343.85 1343.85
482 1343.85 1343.85
483 1343.85 1343.85
484 1343.85 1343.85
485 1343.85 1343.85
486 1343.85 1343.85
487 1343.85 1343.85
488 1343.85 1343.85
489 1343.85 1343.85
490 1343.85 1343.85
491 1343.85 1343.85
492 1343.85 1343.85
493 1343.85 1343.85
494 1343.85 1343.85
495 1343.85 1343.85
496 1343.85 1343.85
497 1343.85 1343.85
498 1343.85 1343.85
499 1343.85 1343.85
500 1343.85 1343.85
501 1343.85 1343.85
502 1343.85 1343.85
503 1343.85 1343.85
504 1343.85 1343.85
505 1343.85 1343.85
506 1343.85 1343.85
507 1343.85 1343.85
508 1343.85 1343.85
509 1343.85 1343.85
510 1343.85 1343.85
511 1343.85 1343.85
512 1343.85 1343.85
513 1343.85 1343.85
514 1343.85 1343.85
515 1343.85 1343.85
516 1343.85 1343.85
517 1343.85 1343.85
518 1343.85 1343.85
519 1343.85 1343.85
520 1343.85 1343.85
521 1343.85 1343.85
522 1343.85 1343.85
523 1343.85 1343.85
524 1343.85 1343.85
525 1343.85 1343.85
526 1343.85 1343.85
527 1343.85 1343.85
528 1343.85 1343.85
529 1343.85 1343.85
530 1343.85 1343.85
531 1343.85 1343.85
532 1343.85 1343.85
533 1343.85 1343.85
534 1343.85 1343.85
535 1343.85 1343.85
536 1343.85 1343.85
537 1343.85 1343.85
538 1343.85 1343.85
539 1343.85 1343.85
540 1343.85 1343.85
541 1343.85 1343.85
542 1343.85 1343.85
543 1343.85 1343.85
544 1343.85 1343.85
545 1343.85 1343.85
546 1343.85 1343.85
547 1343.85 1343.85
548 1343.85 1343.85
549 1343.85 1343.85
550 1343.85 1343.85
551 1343.85 1343.85
552 1343.85 1343.85
553 1343.85 1343.85
554 1343.85 1343.85
555 1343.85 1343.85
556 1343.85 1343.85
557 1343.85 1343.85
558 1343.85 1343.85
559 1343.85 1343.85
560 1343.85 1343.85
561 1343.85 1343.85
562 1343.85 1343.85
563 1343.85 1343.85
564 1343.85 1343.85
565 1343.85 1343.85
566 1343.85 1343.85
567 1343.85 1343.85
568 1343.85 1343.85
569 1343.85 1343.85
570 1343.85 1343.85
571 1343.85 1343.85
572 1343.85 1343.85
573 1343.85 1343.85
574 1343.85 1343.85
575 1343.85 1343.85
576 1343.85 1343.85
577 1343.85 1343.85
578 1343.85 1343.85
579 1343.85 1343.85
580 1343.85 1343.85
581 1343.85 1343.85
582 1343.85 1343.85
583 1343.85 1343.85
584 1343.85 1343.85
585 1343.85 1343.85
586 1343.85 1343.85
587 1343.85 1343.85
588 1343.85 1343.85
589 1343.85 1343.85
590 1343.85 1343.85
591 1343.85 1343.85
592 1343.85 1343.85
593 1343.85 1343.85
594 1343.85 1343.85
595 1343.85 1343.85
596 1343.85 1343.85
597 1343.85 1343.85
598 1343.85 1343.85
599 1343.85 1343.85
600 1343.85 1343.85
601 1343.85 1343.85
602 1343.85 1343.85
603 1343.85 1343.85
604 1343.85 1343.85
605 1343.85 1343.85
606 1343.85 1343.85
607 1343.85 1343.85
608 1343.85 1343.85
609 1343.85 1343.85
610 1343.85 1343.85
611 1343.85 1343.85
612 1343.85 1343.85
613 1343.85 1343.85
614 1343.85 1343.85
615 1343.85 1343.85
616 1343.85 1343.85
617 1343.85 1343.85
618 1343.85 1343.85
619 1343.85 1343.85
620 1343.85 1343.85
621 1343.85 1343.85
622 1343.85 1343.85
623 1343.85 1343.85
624 1343.85 1343.85
625 1343.85 1343.85
626 1343.85 1343.85
627 1343.85 1343.85
628 1343.85 1343.85
629 1343.85 1343.85
630 1343.85 1343.85
631 1343.85 1343.85
632 1343.85 1343.85
633 1343.85 1343.85
634 1343.85 1343.85
635 1343.85 1343.85
636 1343.85 1343.85
637 1343.85 1343.85
638 1343.85 1343.85
639 1343.85 1343.85
640 1343.85 1343.85
641 1343.85 1343.85
642 1343.85 1343.85
643 1343.85 1343.85
644 1343.85 1343.85
645 1343.85 1343.85
646 1343.85 1343.85
647 1343.85 1343.85
648 1343.85 1343.85
649 1343.85 1343.85
650 1343.85 1343.85
651 1343.85 1343.85
652 1343.85 1343.85
653 1343.85 1343.85
654 1343.85 1343.85
655 1343.85 1343.85
656 1343.85 1343.85
657 1343.85 1343.85
658 1343.85 1343.85
659 1343.85 1343.85
660 1343.85 1343.85
661 1343.85 1343.85
662 1343.85 1343.85
663 1343.85 1343.85
664 1343.85 1343.85
665 1343.85 1343.85
666 1343.85 1343.85
667 1343.85 1343.85
668 1343.85 1343.85
669 1343.85 1343.85
670 1343.85 1343.85
671 1343.85 1343.85
672 1343.85 1343.85
673 1343.85 1343.85
674 1343.85 1343.85
675 1343.85 1343.85
676 1343.85 1343.85
677 1343.85 1343.85
678 1343.85 1343.85
679 1343.85 1343.85
680 1343.85 1343.85
681 1343.85 1343.85
682 1343.85 1343.85
683 1343.85 1343.85
684 1343.85 1343.85
685 1343.85 1343.85
686 1343.85 1343.85
687 1343.85 1343.85
688 1343.85 1343.85
689 1343.85 1343.85
690 1343.85 1343.85
691 1343.85 1343.85
692 1343.85 1343.85
693 1343.85 1343.85
694 1343.85 1343.85
695 1343.85 1343.85
696 1343.85 1343.85
697 1343.85 1343.85
698 1343.85 1343.85
699 1343.85 1343.85
700 1343.85 1343.85
701 1343.85 1343.85
702 1343.85 1343.85
703 1343.85 1343.85
704 1343.85 1343.85
705 1343.85 1343.85
706 1343.85 1343.85
707 1343.85 1343.85
708 1343.85 1343.85
709 1343.85 1343.85
710 1343.85 1343.85
711 1343.85 1343.85
712 1343.85 1343.85
713 1343.85 1343.85
714 1343.85 1343.85
715 1343.85 1343.85
716 1343.85 1343.85
717 1343.85 1343.85
718 1343.85 1343.85
719 1343.85 1343.85
720 1343.85 1343.85
721 1343.85 1343.85
722 1343.85 1343.85
723 1343.85 1343.85
724 1343.85 1343.85
725 1343.85 1343.85
726 1343.85 1343.85
727 1343.85 1343.85
728 1343.85 1343.85
729 1343.85 1343.85
730 1343.85 1343.85
731 1343.85 1343.85
732 1343.85 1343.85
733 1343.85 1343.85
734 1343.85 1343.85
735 1343.85 1343.85
736 1343.85 1343.85
737 1343.85 1343.85
738 1343.85 1343.85
739 1343.85 1343.85
740 1343.85 1343.85
741 1343.85 1343.85
742 1343.85 1343.85
743 1343.85 1343.85
744 1343.85 1343.85
745 1343.85 1343.85
746 1343.85 1343.85
747 1343.85 1343.85
748 1343.85 1343.85
749 1343.85 1343.85
750 1343.85 1343.85
751 1343.85 1343.85
752 1343.85 1343.85
753 1343.85 1343.85
754 1343.85 1343.85
755 1343.85 1343.85
756 1343.85 1343.85
757 1343.85 1343.85
758 1343.85 1343.85
759 1343.85 1343.85
760 1343.85 1343.85
761 1343.85 1343.85
762 1343.85 1343.85
763 1343.85 1343.85
764 1343.85 1343.85
765 1343.85 1343.85
766 1343.85 1343.85
767 1343.85 1343.85
768 1343.85 1343.85
769 1343.85 1343.85
770 1343.85 1343.85
771 1343.85 1343.85
772 1343.85 1343.85
773 1343.85 1343.85
774 1343.85 1343.85
775 1343.85 1343.85
776 1343.85 1343.85
777 1343.85 1343.85
778 1343.85 1343.85
779 1343.85 1343.85
780 1343.85 1343.85
781 1343.85 1343.85
782 1343.85 1343.85
783 1343.85 1343.85
784 1343.85 1343.85
785 1343.85 1343.85
786 1343.85 1343.85
787 1343.85 1343.85
788 1343.85 1343.85
789 1343.85 1343.85
790 1343.85 1343.85
791 1343.85 1343.85
792 1343.85 1343.85
793 1343.85 1343.85
794 1343.85 1343.85
795 1343.85 1343.85
796 1343.85 1343.85
797 1343.85 1343.85
798 1343.85 1343.85
799 1343.85 1343.85
800 1343.85 1343.85
801 1343.85 1343.85
802 1343.85 1343.85
803 1343.85 1343.85
804 1343.85 1343.85
805 1343.85 1343.85
806 1343.85 1343.85
807 1343.85 1343.85
808 1343.85 1343.85
809 1343.85 1343.85
810 1343.85 1343.85
811 1343.85 1343.85
812 1343.85 1343.85
813 1343.85 1343.85
814 1343.85 1343.85
815 1343.85 1343.85
816 1343.85 1343.85
817 1343.85 1343.85
818 1343.85 1343.85
819 1343.85 1343.85
820 1343.85 1343.85
821 1343.85 1343.85
822 1343.85 1343.85
823 1343.85 1343.85
824 1343.85 1343.85
825 1343.85 1343.85
826 1343.85 1343.85
827 1343.85 1343.85
828 1343.85 1343.85
829 1343.85 1343.85
830 1343.85 1343.85
831 1343.85 1343.85
832 1343.85 1343.85
833 1343.85 1343.85
834 1343.85 1343.85
835 1343.85 1343.85
836 1343.85 1343.85
837 1343.85 1343.85
838 1343.85 1343.85
839 1343.85 1343.85
840 1343.85 1343.85
841 1343.85 1343.85
842 1343.85 1343.85
843 1343.85 1343.85
844 1343.85 1343.85
845 1343.85 1343.85
846 1343.85 1343.85
847 1343.85 1343.85
848 1343.85 1343.85
849 1343.85 1343.85
850 1343.85 1343.85
851 1343.85 1343.85
852 1343.85 1343.85
853 1343.85 1343.85
854 1343.85 1343.85
855 1343.85 1343.85
856 1343.85 1343.85
857 1343.85 1343.85
858 1343.85 1343.85
859 1343.85 1343.85
860 1343.85 1343.85
861 1343.85 1343.85
862 1343.85 1343.85
863 1343.85 1343.85
864 1343.85 1343.85
865 1343.85 1343.85
866 1343.85 1343.85
867 1343.85 1343.85
868 1343.85 1343.85
869 1343.85 1343.85
870 1343.85 1343.85
871 1343.85 1343.85
872 1343.85 1343.85
873 1343.85 1343.85
874 1343.85 1343.85
875 1343.85 1343.85
876 1343.85 1343.85
877 1343.85 1343.85
878 1343.85 1343.85
879 1343.85 1343.85
880 1343.85 1343.85
881 1343.85 1343.85
882 1343.85 1343.85
883 1343.85 1343.85
884 1343.85 1343.85
885 1343.85 1343.85
886 1343.85 1343.85
887 1343.85 1343.85
888 1343.85 1343.85
889 1343.85 1343.85
890 1343.85 1343.85
891 1343.85 1343.85
892 1343.85 1343.85
893 1343.85 1343.85
894 1343.85 1343.85
895 1343.85 1343.85
896 1343.85 1343.85
897 1343.85 1343.85
898 1343.85 1343.85
899 1343.85 1343.85
900 1343.85 1343.85
901 1343.85 1343.85
902 1343.85 1343.85
903 1343.85 1343.85
904 1343.85 1343.85
905 1343.85 1343.85
906 1343.85 1343.85
907 1343.85 1343.85
908 1343.85 1343.85
909 1343.85 1343.85
910 1343.85 1343.85
911 1343.85 1343.85
912 1343.85 1343.85
913 1343.85 1343.85
914 1343.85 1343.85
915 1343.85 1343.85
916 1343.85 1343.85
917 1343.85 1343.85
918 1343.85 1343.85
919 1343.85 1343.85
920 1343.85 1343.85
921 1343.85 1343.85
922 1343.85 1343.85
923 1343.85 1343.85
924 1343.85 1343.85
925 1343.85 1343.85
926 1343.85 1343.85
927 1343.85 1343.85
928 1343.85 1343.85
929 1343.85 1343.85
930 1343.85 1343.85
931 1343.85 1343.85
932 1343.85 1343.85
933 1343.85 1343.85
934 1343.85 1343.85
935 1343.85 1343.85
936 1343.85 1343.85
937 1343.85 1343.85
938 1343.85 1343.85
939 1343.85 1343.85
940 1343.85 1343.85
941 1343.85 1343.85
942 1343.85 1343.85
943 1343.85 1343.85
944 1343.85 1343.85
945 1343.85 1343.85
946 1343.85 1343.85
947 1343.85 1343.85
948 1343.85 1343.85
949 1343.85 1343.85
950 1343.85 1343.85
951 1343.85 1343.85
952 1343.85 1343.85
953 1343.85 1343.85
954 1343.85 1343.85
955 1343.85 1343.85
956 1343.85 1343.85
957 1343.85 1343.85
958 1343.85 1343.85
959 1343.85 1343.85
960 1343.85 1343.85
961 1343.85 1343.85
962 1343.85 1343.85
963 1343.85 1343.85
964 1343.85 1343.85
965 1343.85 1343.85
966 1343.85 1343.85
967 1343.85 1343.85
968 1343.85 1343.85
969 1343.85 1343.85
970 1343.85 1343.85
971 1343.85 1343.85
972 1343.85 1343.85
973 1343.85 1343.85
974 1343.85 1343.85
975 1343.85 1343.85
976 1343.85 1343.85
977 1343.85 1343.85
978 1343.85 1343.85
979 1343.85 1343.85
980 1343.85 1343.85
981 1343.85 1343.85
982 1343.85 1343.85
983 1343.85 1343.85
984 1343.85 1343.85
985 1343.85 1343.85
986 1343.85 1343.85
987 1343.85 1343.85
988 1343.85 1343.85
989 1343.85 1343.85
990 1343.85 1343.85
991 1343.85 1343.85
992 1343.85 1343.85
993 1343.85 1343.85
994 1343.85 1343.85
995 1343.85 1343.85
996 1343.85 1343.85
997 1343.85 1343.85
998 1343.85 1343.85
999 1343.85 1343.85
1000 1343.85 1343.85
1001 1343.85 1343.85
1002 1343.85 1343.85
1003 1343.85 1343.85
1004 1343.85 1343.85
1005 1343.85 1343.85
1006 1343.85 1343.85
1007 1343.85 1343.85
1008 1343.85 1343.85
1009 1343.85 1343.85
1010 1343.85 1343.85
1011 1343.85 1343.85
1012 1343.85 1343.85
1013 1343.85 1343.85
1014 1343.85 1343.85
1015 1343.85 1343.85
1016 1343.85 1343.85
1017 1343.85 1343.85
1018 1343.85 1343.85
1019 1343.85 1343.85
1020 1343.85 1343.85
1021 1343.85 1343.85
1022 1343.85 1343.85
1023 1343.85 1343.85
1024 1343.85 1343.85
1025 1343.85 1343.85
1026 1343.85 1343.85
1027 1343.85 1343.85
1028 1343.85 1343.85
1029 1343.85 1343.85
1030 1343.85 1343.85
1031 1343.85 1343.85
1032 1343.85 1343.85
1033 1343.85 1343.85
1034 1343.85 1343.85
1035 1343.85 1343.85
1036 1343.85 1343.85
1037 1343.85 1343.85
1038 1343.85 1343.85
1039 1343.85 1343.85
1040 1343.85 1343.85
1041 1343.85 1343.85
1042 1343.85 1343.85
1043 1343.85 1343.85
1044 1343.85 1343.85
1045 1343.85 1343.85
1046 1343.85 1343.85
1047 1343.85 1343.85
1048 1343.85 1343.85
1049 1343.85 1343.85
1050 1343.85 1343.85
1051 1343.85 1343.85
1052 1343.85 1343.85
1053 1343.85 1343.85
1054 1343.85 1343.85
1055 1343.85 1343.85
1056 1343.85 1343.85
1057 1343.85 1343.85
1058 1343.85 1343.85
1059 1343.85 1343.85
1060 1343.85 1343.85
1061 1343.85 1343.85
1062 1343.85 1343.85
1063 1343.85 1343.85
1064 1343.85 1343.85
1065 1343.85 1343.85
1066 1343.85 1343.85
1067 1343.85 1343.85
1068 1343.85 1343.85
1069 1343.85 1343.85
1070 1343.85 1343.85
1071 1343.85 1343.85
1072 1343.85 1343.85
1073 1343.85 1343.85
1074 1343.85 1343.85
1075 1343.85 1343.85
1076 1343.85 1343.85
1077 1343.85 1343.85
1078 1343.85 1343.85
1079 1343.85 1343.85
1080 1343.85 1343.85
1081 1343.85 1343.85
1082 1343.85 1343.85
1083 1343.85 1343.85
1084 1343.85 1343.85
1085 1343.85 1343.85
1086 1343.85 1343.85
1087 1343.85 1343.85
1088 1343.85 1343.85
1089 1343.85 1343.85
1090 1343.85 1343.85
1091 1343.85 1343.85
1092 1343.85 1343.85
1093 1343.85 1343.85
1094 1343.85 1343.85
1095 1343.85 1343.85
1096 1343.85 1343.85
1097 1343.85 1343.85
1098 1343.85 1343.85
1099 1343.85 1343.85
1100 1343.85 1343.85
1101 1343.85 1343.85
1102 1343.85 1343.85
1103 1343.85 1343.85
1104 1343.85 1343.85
1105 1343.85 1343.85
1106 1343.85 1343.85
1107 1343.85 1343.85
1108 1343.85 1343.85
1109 1343.85 1343.85
1110 1343.85 1343.85
1111 1343.85 1343.85
1112 1343.85 1343.85
1113 1343.85 1343.85
1114 1343.85 1343.85
1115 1343.85 1343.85
1116 1343.85 1343.85
1117 1343.85 1343.85
1118 1343.85 1343.85
1119 1343.85 1343.85
1120 1343.85 1343.85
1121 1343.85 1343.85
1122 1343.85 1343.85
1123 1343.85 1343.85
1124 1343.85 1343.85
1125 1343.85 1343.85
1126 1343.85 1343.85
1127 1343.85 1343.85
1128 1343.85 1343.85
1129 1343.85 1343.85
1130 1343.85 1343.85
1131 1343.85 1343.85
1132 1343.85 1343.85
1133 1343.85 1343.85
1134 1343.85 1343.85
1135 1343.85 1343.85
1136 1343.85 1343.85
1137 1343.85 1343.85
1138 1343.85 1343.85
1139 1343.85 1343.85
1140 1343.85 1343.85
1141 1343.85 1343.85
1142 1343.85 1343.85
1143 1343.85 1343.85
1144 1343.85 1343.85
1145 1343.85 1343.85
1146 1343.85 1343.85
1147 1343.85 1343.85
1148 1343.85 1343.85
1149 1343.85 1343.85
1150 1343.85 1343.85
1151 1343.85 1343.85
1152 1343.85 1343.85
1153 1343.85 1343.85
1154 1343.85 1343.85
1155 1343.85 1343.85
1156 1343.85 1343.85
1157 1343.85 1343.85
1158 1343.85 1343.85
1159 1343.85 1343.85
1160 1343.85 1343.85
1161 1343.85 1343.85
1162 1343.85 1343.85
1163 1343.85 1343.85
1164 1343.85 1343.85
1165 1343.85 1343.85
1166 1343.85 1343.85
1167 1343.85 1343.85
1168 1343.85 1343.85
1169 1343.85 1343.85
1170 1343.85 1343.85
1171 1343.85 1343.85
1172 1343.85 1343.85
1173 1343.85 1343.85
1174 1343.85 1343.85
1175 1343.85 1343.85
1176 1343.85 1343.85
1177 1343.85 1343.85
1178 1343.85 1343.85
1179 1343.85 1343.85
1180 1343.85 1343.85
1181 1343.85 1343.85
1182 1343.85 1343.85
1183 1343.85 1343.85
1184 1343.85 1343.85
1185 1343.85 1343.85
1186 1343.85 1343.85
1187 1343.85 1343.85
1188 1343.85 1343.85
1189 1343.85 1343.85
1190 1343.85 1343.85
1191 1343.85 1343.85
1192 1343.85 1343.85
1193 1343.85 1343.85
1194 1343.85 1343.85
1195 1343.85 1343.85
1196 1343.85 1343.85
1197 1343.85 1343.85
1198 1343.85 1343.85
1199 1343.85 1343.85
1200 1343.85 1343.85
1201 1343.85 1343.85
1202 1343.85 1343.85
1203 1343.85 1343.85
1204 1343.85 1343.85
1205 1343.85 1343.85
1206 1343.85 1343.85
1207 1343.85 1343.85
1208 1343.85 1343.85
1209 1343.85 1343.85
1210 1343.85 1343.85
1211 1343.85 1343.85
1212 1343.85 1343.85
1213 1343.85 1343.85
1214 1343.85 1343.85
1215 1343.85 1343.85
1216 1343.85 1343.85
1217 1343.85 1343.85
1218 1343.85 1343.85
1219 1343.85 1343.85
1220 1343.85 1343.85
1221 1343.85 1343.85
1222 1343.85 1343.85
1223 1343.85 1343.85
1224 1343.85 1343.85
1225 1343.85 1343.85
1226 1343.85 1343.85
1227 1343.85 1343.85
1228 1343.85 1343.85
1229 1343.85 1343.85
1230 1343.85 1343.85
1231 1343.85 1343.85
1232 1343.85 1343.85
1233 1343.85 1343.85
1234 1343.85 1343.85
1235 1343.85 1343.85
1236 1343.85 1343.85
1237 1343.85 1343.85
1238 1343.85 1343.85
1239 1343.85 1343.85
1240 1343.85 1343.85
1241 1343.85 1343.85
1242 1343.85 1343.85
1243 1343.85 1343.85
1244 1343.85 1343.85
1245 1343.85 1343.85
1246 1343.85 1343.85
1247 1343.85 1343.85
1248 1343.85 1343.85
1249 1343.85 1343.85
1250 1343.85 1343.85
1251 1343.85 1343.85
1252 1343.85 1343.85
1253 1343.85 1343.85
1254 1343.85 1343.85
1255 1343.85 1343.85
1256 1343.85 1343.85
1257 1343.85 1343.85
1258 1343.85 1343.85
1259 1343.85 1343.85
1260 1343.85 1343.85
1261 1343.85 1343.85
1262 1343.85 1343.85
1263 1343.85 1343.85
1264 1343.85 1343.85
1265 1343.85 1343.85
1266 1343.85 1343.85
1267 1343.85 1343.85
1268 1343.85 1343.85
1269 1343.85 1343.85
1270 1343.85 1343.85
1271 1343.85 1343.85
1272 1343.85 1343.85
1273 1343.85 1343.85
1274 1343.85 1343.85
1275 1343.85 1343.85
1276 1343.85 1343.85
1277 1343.85 1343.85
1278 1343.85 1343.85
1279 1343.85 1343.85
1280 1343.85 1343.85
1281 1343.85 1343.85
1282 1343.85 1343.85
1283 1343.85 1343.85
1284 1343.85 1343.85
1285 1343.85 1343.85
1286 1343.85 1343.85
1287 1343.85 1343.85
1288 1343.85 1343.85
1289 1343.85 1343.85
1290 1343.85 1343.85
1291 1343.85 1343.85
1292 1343.85 1343.85
1293 1343.85 1343.85
1294 1343.85 1343.85
1295 1343.85 1343.85
1296 1343.85 1343.85
1297 1343.85 1343.85
1298 1343.85 1343.85
1299 1343.85 1343.85
1300 1343.85 1343.85
1301 1343.85 1343.85
1302 1343.85 1343.85
1303 1343.85 1343.85
1304 1343.85 1343.85
1305 1343.85 1343.85
1306 1343.85 1343.85
1307 1343.85 1343.85
1308 1343.85 1343.85
1309 1343.85 1343.85
1310 1343.85 1343.85
1311 1343.85 1343.85
1312 1343.85 1343.85
1313 1343.85 1343.85
1314 1343.85 1343.85
1315 1343.85 1343.85
1316 1343.85 1343.85
1317 1343.85 1343.85
1318 1343.85 1343.85
1319 1343.85 1343.85
1320 1343.85 1343.85
1321 1343.85 1343.85
1322 1343.85 1343.85
1323 1343.85 1343.85
1324 1343.85 1343.85
1325 1343.85 1343.85
1326 1343.85 1343.85
1327 1343.85 1343.85
1328 1343.85 1343.85
1329 1343.85 1343.85
1330 1343.85 1343.85
1331 1343.85 1343.85
1332 1343.85 1343.85
1333 1343.85 1343.85
1334 1343.85 1343.85
1335 1343.85 1343.85
1336 1343.85 1343.85
1337 1343.85 1343.85
1338 1343.85 1343.85
1339 1343.85 1343.85
1340 1343.85 1343.85
1341 1343.85 1343.85
1342 1343.85 1343.85
1343 1343.85 1343.85
1344 1343.85 1343.85
1345 1343.85 1343.85
1346 1343.85 1343.85
1347 1343.85 1343.85
1348 1343.85 1343.85
1349 1343.85 1343.85
1350 1343.85 1343.85
1351 1343.85 1343.85
1352 1343.85 1343.85
1353 1343.85 1343.85
1354 1343.85 1343.85
1355 1343.85 1343.85
1356 1343.85 1343.85
1357 1343.85 1343.85
1358 1343.85 1343.85
1359 1343.85 1343.85
1360 1343.85 1343.85
1361 1343.85 1343.85
1362 1343.85 1343.85
1363 1343.85 1343.85
1364 1343.85 1343.85
1365 1343.85 1343.85
1366 1343.85 1343.85
1367 1343.85 1343.85
1368 1343.85 1343.85
1369 1343.85 1343.85
1370 1343.85 1343.85
1371 1343.85 1343.85
1372 1343.85 1343.85
1373 1343.85 1343.85
1374 1343.85 1343.85
1375 1343.85 1343.85
1376 1343.85 1343.85
1377 1343.85 1343.85
1378 1343.85 1343.85
1379 1343.85 1343.85
1380 1343.85 1343.85
1381 1343.85 1343.85
1382 1343.85 1343.85
1383 1343.85 1343.85
1384 1343.85 1343.85
1385 1343.85 1343.85
1386 1343.85 1343.85
1387 1343.85 1343.85
1388 1343.85 1343.85
1389 1343.85 1343.85
1390 1343.85 1343.85
1391 1343.85 1343.85
1392 1343.85 1343.85
1393 1343.85 1343.85
1394 1343.85 1343.85
1395 1343.85 1343.85
1396 1343.85 1343.85
1397 1343.85 1343.85
1398 1343.85 1343.85
1399 1343.85 1343.85
1400 1343.85 1343.85
1401 1343.85 1343.85
1402 1343.85 1343.85
1403 1343.85 1343.85
1404 1343.85 1343.85
1405 1343.85 1343.85
1406 1343.85 1343.85
1407 1343.85 1343.85
1408 1343.85 1343.85
1409 1343.85 1343.85
1410 1343.85 1343.85
1411 1343.85 1343.85
1412 1343.85 1343.85
1413 1343.85 1343.85
1414 1343.85 1343.85
1415 1343.85 1343.85
1416 1343.85 1343.85
1417 1343.85 1343.85
1418 1343.85 1343.85
1419 1343.85 1343.85
1420 1343.85 1343.85
1421 1343.85 1343.85
1422 1343.85 1343.85
1423 1343.85 1343.85
1424 1343.85 1343.85
1425 1343.85 1343.85
1426 1343.85 1343.85
1427 1343.85 1343.85
1428 1343.85 1343.85
1429 1343.85 1343.85
1430 1343.85 1343.85
1431 1343.85 1343.85
1432 1343.85 1343.85
1433 1343.85 1343.85
1434 1343.85 1343.85
1435 1343.85 1343.85
1436 1343.85 1343.85
1437 1343.85 1343.85
1438 1343.85 1343.85
1439 1343.85 1343.85
1440 1343.85 1343.85
1441 1343.85 1343.85
1442 1343.85 1343.85
1443 1343.85 1343.85
1444 1343.85 1343.85
1445 1343.85 1343.85
1446 1343.85 1343.85
1447 1343.85 1343.85
1448 1343.85 1343.85
1449 1343.85 1343.85
1450 1343.85 1343.85
1451 1343.85 1343.85
1452 1343.85 1343.85
1453 1343.85 1343.85
1454 1343.85 1343.85
1455 1343.85 1343.85
1456 1343.85 1343.85
1457 1343.85 1343.85
1458 1343.85 1343.85
1459 1343.85 1343.85
1460 1343.85 1343.85
1461 1343.85 1343.85
1462 1343.85 1343.85
1463 1343.85 1343.85
1464 1343.85 1343.85
1465 1343.85 1343.85
1466 1343.85 1343.85
1467 1343.85 1343.85
1468 1343.85 1343.85
1469 1343.85 1343.85
1470 1343.85 1343.85
1471 1343.85 1343.85
1472 1343.85 1343.85
1473 1343.85 1343.85
1474 1343.85 1343.85
1475 1343.85 1343.85
1476 1343.85 1343.85
1477 1343.85 1343.85
1478 1343.85 1343.85
1479 1343.85 1343.85
1480 1343.85 1343.85
1481 1343.85 1343.85
1482 1343.85 1343.85
1483 1343.85 1343.85
1484 1343.85 1343.85
1485 1343.85 1343.85
1486 1343.85 1343.85
1487 1343.85 1343.85
1488 1343.85 1343.85
1489 1343.85 1343.85
1490 1343.85 1343.85
1491 1343.85 1343.85
1492 1343.85 1343.85
1493 1343.85 1343.85
1494 1343.85 1343.85
1495 1343.85 1343.85
1496 1343.85 1343.85
1497 1343.85 1343.85
1498 1343.85 1343.85
1499 1343.85 1343.85
1500 1343.85 1343.85
1501 1343.85 1343.85
1502 1343.85 1343.85
1503 1343.85 1343.85
1504 1343.85 1343.85
1505 1343.85 1343.85
1506 1343.85 1343.85
1507 1343.85 1343.85
1508 1343.85 1343.85
1509 1343.85 1343.85
1510 1343.85 1343.85
1511 1343.85 1343.85
1512 1343.85 1343.85
1513 1343.85 1343.85
1514 1343.85 1343.85
1515 1343.85 1343.85
1516 1343.85 1343.85
1517 1343.85 1343.85
1518 1343.85 1343.85
1519 1343.85 1343.85
1520 1343.85 1343.85
1521 1343.85 1343.85
1522 1343.85 1343.85
1523 1343.85 1343.85
1524 1343.85 1343.85
1525 1343.85 1343.85
1526 1343.85 1343.85
1527 1343.85 1343.85
1528 1343.85 1343.85
1529 1343.85 1343.85
1530 1343.85 1343.85
1531 1343.85 1343.85
1532 1343.85 1343.85
1533 1343.85 1343.85
1534 1343.85 1343.85
1535 1343.85 1343.85
1536 1343.85 1343.85
1537 1343.85 1343.85
1538 1343.85 1343.85
1539 1343.85 1343.85
1540 1343.85 1343.85
1541 1343.85 1343.85
1542 1343.85 1343.85
1543 1343.85 1343.85
1544 1343.85 1343.85
1545 1343.85 1343.85
1546 1343.85 1343.85
1547 1343.85 1343.85
1548 1343.85 1343.85
1549 1343.85 1343.85
1550 1343.85 1343.85
1551 1343.85 1343.85
1552 1343.85 1343.85
1553 1343.85 1343.85
1554 1343.85 1343.85
1555 1343.85 1343.85
1556 1343.85 1343.85
1557 1343.85 1343.85
1558 1343.85 1343.85
1559 1343.85 1343.85
1560 1343.85 1343.85
1561 1343.85 1343.85
1562 1343.85 1343.85
1563 1343.85 1343.85
1564 1343.85 1343.85
1565 1343.85 1343.85
1566 1343.85 1343.85
1567 1343.85 1343.85
1568 1343.85 1343.85
1569 1343.85 1343.85
1570 1343.85 1343.85
1571 1343.85 1343.85
1572 1343.85 1343.85
1573 1343.85 1343.85
1574 1343.85 1343.85
1575 1343.85 1343.85
1576 1343.85 1343.85
1577 1343.85 1343.85
1578 1343.85 1343.85
1579 1343.85 1343.85
1580 1343.85 1343.85
1581 1343.85 1343.85
1582 1343.85 1343.85
1583 1343.85 1343.85
1584 1343.85 1343.85
1585 1343.85 1343.85
1586 1343.85 1343.85
1587 1343.85 1343.85
1588 1343.85 1343.85
1589 1343.85 1343.85
1590 1343.85 1343.85
1591 1343.85 1343.85
1592 1343.85 1343.85
1593 1343.85 1343.85
1594 1343.85 1343.85
1595 1343.85 1343.85
1596 1343.85 1343.85
1597 1343.85 1343.85
1598 1343.85 1343.85
1599 1343.85 1343.85
1600 1343.85 1343.85
1601 1343.85 1343.85
1602 1343.85 1343.85
1603 1343.85 1343.85
1604 1343.85 1343.85
1605 1343.85 1343.85
1606 1343.85 1343.85
1607 1343.85 1343.85
1608 1343.85 1343.85
1609 1343.85 1343.85
1610 1343.85 1343.85
1611 1343.85 1343.85
1612 1343.85 1343.85
1613 1343.85 1343.85
1614 1343.85 1343.85
1615 1343.85 1343.85
1616 1343.85 1343.85
1617 1343.85 1343.85
1618 1343.85 1343.85
1619 1343.85 1343.85
1620 1343.85 1343.85
1621 1343.85 1343.85
1622 1343.85 1343.85
1623 1343.85 1343.85
1624 1343.85 1343.85
1625 1343.85 1343.85
1626 1343.85 1343.85
1627 1343.85 1343.85
1628 1343.85 1343.85
1629 1343.85 1343.85
1630 1343.85 1343.85
1631 1343.85 1343.85
1632 1343.85 1343.85
1633 1343.85 1343.85
1634 1343.85 1343.85
1635 1343.85 1343.85
1636 1343.85 1343.85
1637 1343.85 1343.85
1638 1343.85 1343.85
1639 1343.85 1343.85
1640 1343.85 1343.85
1641 1343.85 1343.85
1642 1343.85 1343.85
1643 1343.85 1343.85
1644 1343.85 1343.85
1645 1343.85 1343.85
1646 1343.85 1343.85
1647 1343.85 1343.85
1648 1343.85 1343.85
1649 1343.85 1343.85
1650 1343.85 1343.85
1651 1343.85 1343.85
1652 1343.85 1343.85
1653 1343.85 1343.85
1654 1343.85 1343.85
1655 1343.85 1343.85
1656 1343.85 1343.85
1657 1343.85 1343.85
1658 1343.85 1343.85
1659 1343.85 1343.85
1660 1343.85 1343.85
1661 1343.85 1343.85
1662 1343.85 1343.85
1663 1343.85 1343.85
1664 1343.85 1343.85
1665 1343.85 1343.85
1666 1343.85 1343.85
1667 1343.85 1343.85
1668 1343.85 1343.85
1669 1343.85 1343.85
1670 1343.85 1343.85
1671 1343.85 1343.85
1672 1343.85 1343.85
1673 1343.85 1343.85
1674 1343.85 1343.85
1675 1343.85 1343.85
1676 1343.85 1343.85
1677 1343.85 1343.85
1678 1343.85 1343.85
1679 1343.85 1343.85
1680 1343.85 1343.85
1681 1343.85 1343.85
1682 1343.85 1343.85
1683 1343.85 1343.85
1684 1343.85 1343.85
1685 1343.85 1343.85
1686 1343.85 1343.85
1687 1343.85 1343.85
1688 1343.85 1343.85
1689 1343.85 1343.85
1690 1343.85 1343.85
1691 1343.85 1343.85
1692 1343.85 1343.85
1693 1343.85 1343.85
1694 1343.85 1343.85
1695 1343.85 1343.85
1696 1343.85 1343.85
1697 1343.85 1343.85
1698 1343.85 1343.85
1699 1343.85 1343.85
1700 1343.85 1343.85
1701 1343.85 1343.85
1702 1343.85 1343.85
1703 1343.85 1343.85
1704 1343.85 1343.85
1705 1343.85 1343.85
1706 1343.85 1343.85
1707 1343.85 1343.85
1708 1343.85 1343.85
1709 1343.85 1343.85
1710 1343.85 1343.85
1711 1343.85 1343.85
1712 1343.85 1343.85
1713 1343.85 1343.85
1714 1343.85 1343.85
1715 1343.85 1343.85
1716 1343.85 1343.85
1717 1343.85 1343.85
1718 1343.85 1343.85
1719 1343.85 1343.85
1720 1343.85 1343.85
1721 1343.85 1343.85
1722 1343.85 1343.85
1723 1343.85 1343.85
1724 1343.85 1343.85
1725 1343.85 1343.85
1726 1343.85 1343.85
1727 1343.85 1343.85
1728 1343.85 1343.85
1729 1343.85 1343.85
1730 1343.85 1343.85
1731 1343.85 1343.85
1732 1343.85 1343.85
1733 1343.85 1343.85
1734 1343.85 1343.85
1735 1343.85 1343.85
1736 1343.85 1343.85
1737 1343.85 1343.85
1738 1343.85 1343.85
1739 1343.85 1343.85
1740 1343.85 1343.85
1741 1343.85 1343.85
1742 1343.85 1343.85
1743 1343.85 1343.85
1744 1343.85 1343.85
1745 1343.85 1343.85
1746 1343.85 1343.85
1747 1343.85 1343.85
1748 1343.85 1343.85
1749 1343.85 1343.85
1750 1343.85 1343.85
1751 1343.85 1343.85
1752 1343.85 1343.85
1753 1343.85 1343.85
1754 1343.85 1343.85
1755 1343.85 1343.85
1756 1343.85 1343.85
1757 1343.85 1343.85
1758 1343.85 1343.85
1759 1343.85 1343.85
1760 1343.85 1343.85
1761 1343.85 1343.85
1762 1343.85 1343.85
1763 1343.85 1343.85
1764 1343.85 1343.85
1765 1343.85 1343.85
1766 1343.85 1343.85
1767 1343.85 1343.85
1768 1343.85 1343.85
1769 1343.85 1343.85
1770 1343.85 1343.85
1771 1343.85 1343.85
1772 1343.85 1343.85
1773 1343.85 1343.85
1774 1343.85 1343.85
1775 1343.85 1343.85
1776 1343.85 1343.85
1777 1343.85 1343.85
1778 1343.85 1343.85
1779 1343.85 1343.85
1780 1343.85 1343.85
1781 1343.85 1343.85
1782 1343.85 1343.85
1783 1343.85 1343.85
1784 1343.85 1343.85
1785 1343.85 1343.85
1786 1343.85 1343.85
1787 1343.85 1343.85
1788 1343.85 1343.85
1789 1343.85 1343.85
1790 1343.85 1343.85
1791 1343.85 1343.85
1792 1343.85 1343.85
1793 1343.85 1343.85
1794 1343.85 1343.85
1795 1343.85 1343.85
1796 1343.85 1343.85
1797 1343.85 1343.85
1798 1343.85 1343.85
1799 1343.85 1343.85
1800 1343.85 1343.85
1801 1343.85 1343.85
1802 1343.85 1343.85
1803 1343.85 1343.85
1804 1343.85 1343.85
1805 1343.85 1343.85
1806 1343.85 1343.85
1807 1343.85 1343.85
1808 1343.85 1343.85
1809 1343.85 1343.85
1810 1343.85 1343.85
1811 1343.85 1343.85
1812 1343.85 1343.85
1813 1343.85 1343.85
1814 1343.85 1343.85
1815 1343.85 1343.85
1816 1343.85 1343.85
1817 1343.85 1343.85
1818 1343.85 1343.85
1819 1343.85 1343.85
1820 1343.85 1343.85
1821 1343.85 1343.85
1822 1343.85 1343.85
1823 1343.85 1343.85
1824 1343.85 1343.85
1825 1343.85 1343.85
1826 1343.85 1343.85
1827 1343.85 1343.85
1828 1343.85 1343.85
1829 1343.85 1343.85
1830 1343.85 1343.85
1831 1343.85 1343.85
1832 1343.85 1343.85
1833 1343.85 1343.85
1834 1343.85 1343.85
1835 1343.85 1343.85
1836 1343.85 1343.85
1837 1343.85 1343.85
1838 1343.85 1343.85
1839 1343.85 1343.85
1840 1343.85 1343.85
1841 1343.85 1343.85
1842 1343.85 1343.85
1843 1343.85 1343.85
1844 1343.85 1343.85
1845 1343.85 1343.85
1846 1343.85 1343.85
1847 1343.85 1343.85
1848 1343.85 1343.85
1849 1343.85 1343.85
1850 1343.85 1343.85
1851 1343.85 1343.85
1852 1343.85 1343.85
1853 1343.85 1343.85
1854 1343.85 1343.85
1855 1343.85 1343.85
1856 1343.85 1343.85
1857 1343.85 1343.85
1858 1343.85 1343.85
1859 1343.85 1343.85
1860 1343.85 1343.85
1861 1343.85 1343.85
1862 1343.85 1343.85
1863 1343.85 1343.85
1864 1343.85 1343.85
1865 1343.85 1343.85
1866 1343.85 1343.85
1867 1343.85 1343.85
1868 1343.85 1343.85
1869 1343.85 1343.85
1870 1343.85 1343.85
1871 1343.85 1343.85
1872 1343.85 1343.85
1873 1343.85 1343.85
1874 1343.85 1343.85
1875 1343.85 1343.85
1876 1343.85 1343.85
1877 1343.85 1343.85
1878 1343.85 1343.85
1879 1343.85 1343.85
1880 1343.85 1343.85
1881 1343.85 1343.85
1882 1343.85 1343.85
1883 1343.85 1343.85
1884 1343.85 1343.85
1885 1343.85 1343.85
1886 1343.85 1343.85
1887 1343.85 1343.85
1888 1343.85 1343.85
1889 1343.85 1343.85
1890 1343.85 1343.85
1891 1343.85 1343.85
1892 1343.85 1343.85
1893 1343.85 1343.85
1894 1343.85 1343.85
1895 1343.85 1343.85
1896 1343.85 1343.85
1897 1343.85 1343.85
1898 1343.85 1343.85
1899 1343.85 1343.85
1900 1343.85 1343.85
1901 1343.85 1343.85
1902 1343.85 1343.85
1903 1343.85 1343.85
1904 1343.85 1343.85
1905 1343.85 1343.85
1906 1343.85 1343.85
1907 1343.85 1343.85
1908 1343.85 1343.85
1909 1343.85 1343.85
1910 1343.85 1343.85
1911 1343.85 1343.85
1912 1343.85 1343.85
1913 1343.85 1343.85
1914 1343.85 1343.85
1915 1343.85 1343.85
1916 1343.85 1343.85
1917 1343.85 1343.85
1918 1343.85 1343.85
1919 1343.85 1343.85
1920 1343.85 1343.85
1921 1343.85 1343.85
1922 1343.85 1343.85
1923 1343.85 1343.85
1924 1343.85 1343.85
1925 1343.85 1343.85
1926 1343.85 1343.85
1927 1343.85 1343.85
1928 1343.85 1343.85
1929 1343.85 1343.85
1930 1343.85 1343.85
1931 1343.85 1343.85
1932 1343.85 1343.85
1933 1343.85 1343.85
1934 1343.85 1343.85
1935 1343.85 1343.85
1936 1343.85 1343.85
1937 1343.85 1343.85
1938 1343.85 1343.85
1939 1343.85 1343.85
1940 1343.85 1343.85
1941 1343.85 1343.85
1942 1343.85 1343.85
1943 1343.85 1343.85
1944 1343.85 1343.85
1945 1343.85 1343.85
1946 1343.85 1343.85
1947 1343.85 1343.85
1948 1343.85 1343.85
1949 1343.85 1343.85
1950 1343.85 1343.85
1951 1343.85 1343.85
1952 1343.85 1343.85
1953 1343.85 1343.85
1954 1343.85 1343.85
1955 1343.85 1343.85
1956 1343.85 1343.85
1957 1343.85 1343.85
1958 1343.85 1343.85
1959 1343.85 1343.85
1960 1343.85 1343.85
1961 1343.85 1343.85
1962 1343.85 1343.85
1963 1343.85 1343.85
1964 1343.85 1343.85
1965 1343.85 1343.85
1966 1343.85 1343.85
1967 1343.85 1343.85
1968 1343.85 1343.85
1969 1343.85 1343.85
1970 1343.85 1343.85
1971 1343.85 1343.85
1972 1343.85 1343.85
1973 1343.85 1343.85
1974 1343.85 1343.85
1975 1343.85 1343.85
1976 1343.85 1343.85
1977 1343.85 1343.85
1978 1343.85 1343.85
1979 1343.85 1343.85
1980 1343.85 1343.85
1981 1343.85 1343.85
1982 1343.85 1343.85
1983 1343.85 1343.85
1984 1343.85 1343.85
1985 1343.85 1343.85
1986 1343.85 1343.85
1987 1343.85 1343.85
1988 1343.85 1343.85
1989 1343.85 1343.85
1990 1343.85 1343.85
1991 1343.85 1343.85
1992 1343.85 1343.85
1993 1343.85 1343.85
1994 1343.85 1343.85
1995 1343.85 1343.85
1996 1343.85 1343.85
1997 1343.85 1343.85
1998 1343.85 1343.85
1999 1343.85 1343.85
2000 1343.85 1343.85
2001 1343.85 1343.85
2002 1343.85 1343.85
2003 1343.85 1343.85
2004 1343.85 1343.85
2005 1343.85 1343.85
2006 1343.85 1343.85
2007 1343.85 1343.85
2008 1343.85 1343.85
2009 1343.85 1343.85
2010 1343.85 1343.85
2011 1343.85 1343.85
2012 1343.85 1343.85
2013 1343.85 1343.85
2014 1343.85 1343.85
2015 1343.85 1343.85
2016 1343.85 1343.85
2017 1343.85 1343.85
2018 1343.85 1343.85
2019 1343.85 1343.85
2020 1343.85 1343.85
2021 1343.85 1343.85
2022 1343.85 1343.85
2023 1343.85 1343.85
2024 1343.85 1343.85
2025 1343.85 1343.85
2026 1343.85 1343.85
2027 1343.85 1343.85
2028 1343.85 1343.85
2029 1343.85 1343.85
2030 1343.85 1343.85
2031 1343.85 1343.85
2032 1343.85 1343.85
2033 1343.85 1343.85
2034 1343.85 1343.85
2035 1343.85 1343.85
2036 1343.85 1343.85
2037 1343.85 1343.85
2038 1343.85 1343.85
2039 1343.85 1343.85
2040 1343.85 1343.85
2041 1343.85 1343.85
2042 1343.85 1343.85
2043 1343.85 1343.85
2044 1343.85 1343.85
2045 1343.85 1343.85
2046 1343.85 1343.85
2047 1343.85 1343.85
2048 1343.85 1343.85
2049 1343.85 1343.85
2050 1343.85 1343.85
2051 1343.85 1343.85
2052 1343.85 1343.85
2053 1343.85 1343.85
2054 1343.85 1343.85
2055 1343.85 1343.85
2056 1343.85 1343.85
2057 1343.85 1343.85
2058 1343.85 1343.85
2059 1343.85 1343.85
2060 1343.85 1343.85
2061 1343.85 1343.85
2062 1343.85 1343.85
2063 1343.85 1343.85
2064 1343.85 1343.85
2065 1343.85 1343.85
2066 1343.85 1343.85
2067 1343.85 1343.85
2068 1343.85 1343.85
2069 1343.85 1343.85
2070 1343.85 1343.85
2071 1343.85 1343.85
2072 1343.85 1343.85
2073 1343.85 1343.85
2074 1343.85 1343.85
2075 1343.85 1343.85
2076 1343.85 1343.85
2077 1343.85 1343.85
2078 1343.85 1343.85
2079 1343.85 1343.85
2080 1343.85 1343.85
2081 1343.85 1343.85
2082 1343.85 1343.85
2083 1343.85 1343.85
2084 1343.85 1343.85
2085 1343.85 1343.85
2086 1343.85 1343.85
2087 1343.85 1343.85
2088 1343.85 1343.85
2089 1343.85 1343.85
2090 1343.85 1343.85
2091 1343.85 1343.85
2092 1343.85 1343.85
2093 1343.85 1343.85
2094 1343.85 1343.85
2095 1343.85 1343.85
2096 1343.85 1343.85
2097 1343.85 1343.85
2098 1343.85 1343.85
2099 1343.85 1343.85
2100 1343.85 1343.85
2101 1343.85 1343.85
2102 1343.85 1343.85
2103 1343.85 1343.85
2104 1343.85 1343.85
2105 1343.85 1343.85
2106 1343.85 1343.85
2107 1343.85 1343.85
2108 1343.85 1343.85
2109 1343.85 1343.85
2110 1343.85 1343.85
2111 1343.85 1343.85
2112 1343.85 1343.85
2113 1343.85 1343.85
2114 1343.85 1343.85
2115 1343.85 1343.85
2116 1343.85 1343.85
2117 1343.85 1343.85
2118 1343.85 1343.85
2119 1343.85 1343.85
2120 1343.85 1343.85
2121 1343.85 1343.85
2122 1343.85 1343.85
2123 1343.85 1343.85
2124 1343.85 1343.85
2125 1343.85 1343.85
2126 1343.85 1343.85
2127 1343.85 1343.85
2128 1343.85 1343.85
2129 1343.85 1343.85
2130 1343.85 1343.85
2131 1343.85 1343.85
2132 1343.85 1343.85
2133 1343.85 1343.85
2134 1343.85 1343.85
2135 1343.85 1343.85
2136 1343.85 1343.85
2137 1343.85 1343.85
2138 1343.85 1343.85
2139 1343.85 1343.85
2140 1343.85 1343.85
2141 1343.85 1343.85
2142 1343.85 1343.85
2143 1343.85 1343.85
2144 1343.85 1343.85
2145 1343.85 1343.85
2146 1343.85 1343.85
2147 1343.85 1343.85
2148 1343.85 1343.85
2149 1343.85 1343.85
2150 1343.85 1343.85
2151 1343.85 1343.85
2152 1343.85 1343.85
2153 1343.85 1343.85
2154 1343.85 1343.85
2155 1343.85 1343.85
2156 1343.85 1343.85
2157 1343.85 1343.85
2158 1343.85 1343.85
2159 1343.85 1343.85
2160 1343.85 1343.85
2161 1343.85 1343.85
2162 1343.85 1343.85
2163 1343.85 1343.85
2164 1343.85 1343.85
2165 1343.85 1343.85
2166 1343.85 1343.85
2167 1343.85 1343.85
2168 1343.85 1343.85
2169 1343.85 1343.85
2170 1343.85 1343.85
2171 1343.85 1343.85
2172 1343.85 1343.85
2173 1343.85 1343.85
2174 1343.85 1343.85
2175 1343.85 1343.85
2176 1343.85 1343.85
2177 1343.85 1343.85
2178 1343.85 1343.85
2179 1343.85 1343.85
2180 1343.85 1343.85
2181 1343.85 1343.85
2182 1343.85 1343.85
2183 1343.85 1343.85
2184 1343.85 1343.85
2185 1343.85 1343.85
2186 1343.85 1343.85
2187 1343.85 1343.85
2188 1343.85 1343.85
2189 1343.85 1343.85
2190 1343.85 1343.85
2191 1343.85 1343.85
2192 1343.85 1343.85
2193 1343.85 1343.85
2194 1343.85 1343.85
2195 1343.85 1343.85
2196 1343.85 1343.85
2197 1343.85 1343.85
2198 1343.85 1343.85
2199 1343.85 1343.85
2200 1343.85 1343.85
2201 1343.85 1343.85
2202 1343.85 1343.85
2203 1343.85 1343.85
2204 1343.85 1343.85
2205 1343.85 1343.85
2206 1343.85 1343.85
2207 1343.85 1343.85
2208 1343.85 1343.85
2209 1343.85 1343.85
2210 1343.85 1343.85
2211 1343.85 1343.85
