0 1349.66 1349.66
1 1349.66 1349.66
2 1349.66 1349.66
3 1349.66 1349.66
4 1349.66 1349.66
5 1349.66 1349.66
6 1349.66 1349.66
7 1349.66 1349.66
8 1349.66 1349.66
9 1349.66 1349.66
10 1349.66 1349.66
11 1349.66 1349.66
12 1349.66 1349.66
13 1349.66 1349.66
14 1349.66 1349.66
15 1349.66 1349.66
16 1349.66 1349.66
17 1349.66 1349.66
18 1349.66 1349.66
19 1349.66 1349.66
20 1349.66 1349.66
21 1349.66 1349.66
22 1349.66 1349.66
23 1349.66 1349.66
24 1349.66 1349.66
25 1349.66 1349.66
26 1349.66 1349.66
27 1349.66 1349.66
28 1349.66 1349.66
29 1349.66 1349.66
30 1349.66 1349.66
31 1349.66 1349.66
32 1349.66 1349.66
33 1349.66 1349.66
34 1349.66 1349.66
35 1349.66 1349.66
36 1349.66 1349.66
37 1349.66 1349.66
38 1349.66 1349.66
39 1349.66 1349.66
40 1349.66 1349.66
41 1349.66 1349.66
42 1349.66 1349.66
43 1349.66 1349.66
44 1349.66 1349.66
45 1349.66 1349.66
46 1349.66 1349.66
47 1349.66 1349.66
48 1349.66 1349.66
49 1349.66 1349.66
50 1349.66 1349.66
51 1349.66 1349.66
52 1349.66 1349.66
53 1349.66 1349.66
54 1349.66 1349.66
55 1349.66 1349.66
56 1349.66 1349.66
57 1349.66 1349.66
58 1349.66 1349.66
59 1349.66 1349.66
60 1349.66 1349.66
61 1349.66 1349.66
62 1349.66 1349.66
63 1349.66 1349.66
64 1349.66 1349.66
65 1349.66 1349.66
66 1349.66 1349.66
67 1349.66 1349.66
68 1349.66 1349.66
69 1349.66 1349.66
70 1349.66 1349.66
71 1349.66 1349.66
72 1349.66 1349.66
73 1349.66 1349.66
74 1349.66 1349.66
75 1349.66 1349.66
76 1349.66 1349.66
77 1349.66 1349.66
78 1349.66 1349.66
79 1349.66 1349.66
80 1349.66 1349.66
81 1349.66 1349.66
82 1349.66 1349.66
83 1349.66 1349.66
84 1349.66 1349.66
85 1349.66 1349.66
86 1349.66 1349.66
87 1349.66 1349.66
88 1349.66 1349.66
89 1349.66 1349.66
90 1349.66 1349.66
91 1349.66 1349.66
92 1349.66 1349.66
93 1349.66 1349.66
94 1349.66 1349.66
95 1349.66 1349.66
96 1349.66 1349.66
97 1349.66 1349.66
98 1349.66 1349.66
99 1349.66 1349.66
100 1349.66 1349.66
101 1349.66 1349.66
102 1349.66 1349.66
103 1349.66 1349.66
104 1349.66 1349.66
105 1349.66 1349.66
106 1349.66 1349.66
107 1349.66 1349.66
108 1349.66 1349.66
109 1349.66 1349.66
110 1349.66 1349.66
111 1349.66 1349.66
112 1349.66 1349.66
113 1349.66 1349.66
114 1349.66 1349.66
115 1349.66 1349.66
116 1349.66 1349.66
117 1349.66 1349.66
118 1349.66 1349.66
119 1349.66 1349.66
120 1349.66 1349.66
121 1349.66 1349.66
122 1349.66 1349.66
123 1349.66 1349.66
124 1349.66 1349.66
125 1349.66 1349.66
126 1349.66 1349.66
127 1349.66 1349.66
128 1349.66 1349.66
129 1349.66 1349.66
130 1349.66 1349.66
131 1349.66 1349.66
132 1349.66 1349.66
133 1349.66 1349.66
134 1349.66 1349.66
135 1349.66 1349.66
136 1349.66 1349.66
137 1349.66 1349.66
138 1349.66 1349.66
139 1349.66 1349.66
140 1349.66 1349.66
141 1349.66 1349.66
142 1349.66 1349.66
143 1349.66 1349.66
144 1349.66 1349.66
145 1349.66 1349.66
146 1349.66 1349.66
147 1349.66 1349.66
148 1349.66 1349.66
149 1349.66 1349.66
150 1349.66 1349.66
151 1349.66 1349.66
152 1349.66 1349.66
153 1349.66 1349.66
154 1349.66 1349.66
155 1349.66 1349.66
156 1349.66 1349.66
157 1349.66 1349.66
158 1349.66 1349.66
159 1349.66 1349.66
160 1349.66 1349.66
161 1349.66 1349.66
162 1349.66 1349.66
163 1349.66 1349.66
164 1349.66 1349.66
165 1349.66 1349.66
166 1349.66 1349.66
167 1349.66 1349.66
168 1349.66 1349.66
169 1349.66 1349.66
170 1349.66 1349.66
171 1349.66 1349.66
172 1349.66 1349.66
173 1349.66 1349.66
174 1349.66 1349.66
175 1349.66 1349.66
176 1349.66 1349.66
177 1349.66 1349.66
178 1349.66 1349.66
179 1349.66 1349.66
180 1349.66 1349.66
181 1349.66 1349.66
182 1349.66 1349.66
183 1349.66 1349.66
184 1349.66 1349.66
185 1349.66 1349.66
186 1349.66 1349.66
187 1349.66 1349.66
188 1349.66 1349.66
189 1349.66 1349.66
190 1349.66 1349.66
191 1349.66 1349.66
192 1349.66 1349.66
193 1349.66 1349.66
194 1349.66 1349.66
195 1349.66 1349.66
196 1349.66 1349.66
197 1349.66 1349.66
198 1349.66 1349.66
199 1349.66 1349.66
200 1349.66 1349.66
201 1349.66 1349.66
202 1349.66 1349.66
203 1349.66 1349.66
204 1349.66 1349.66
205 1349.66 1349.66
206 1349.66 1349.66
207 1349.66 1349.66
208 1349.66 1349.66
209 1349.66 1349.66
210 1349.66 1349.66
211 1349.66 1349.66
212 1349.66 1349.66
213 1349.66 1349.66
214 1349.66 1349.66
215 1349.66 1349.66
216 1349.66 1349.66
217 1349.66 1349.66
218 1349.66 1349.66
219 1349.66 1349.66
220 1349.66 1349.66
221 1349.66 1349.66
222 1349.66 1349.66
223 1349.66 1349.66
224 1349.66 1349.66
225 1349.66 1349.66
226 1349.66 1349.66
227 1349.66 1349.66
228 1349.66 1349.66
229 1349.66 1349.66
230 1349.66 1349.66
231 1349.66 1349.66
232 1349.66 1349.66
233 1349.66 1349.66
234 1349.66 1349.66
235 1349.66 1349.66
236 1349.66 1349.66
237 1349.66 1349.66
238 1349.66 1349.66
239 1349.66 1349.66
240 1349.66 1349.66
241 1349.66 1349.66
242 1349.66 1349.66
243 1349.66 1349.66
244 1349.66 1349.66
245 1349.66 1349.66
246 1349.66 1349.66
247 1349.66 1349.66
248 1349.66 1349.66
249 1349.66 1349.66
250 1349.66 1349.66
251 1349.66 1349.66
252 1349.66 1349.66
253 1349.66 1349.66
254 1349.66 1349.66
255 1349.66 1349.66
256 1349.66 1349.66
257 1349.66 1349.66
258 1349.66 1349.66
259 1349.66 1349.66
260 1349.66 1349.66
261 1349.66 1349.66
262 1349.66 1349.66
263 1349.66 1349.66
264 1349.66 1349.66
265 1349.66 1349.66
266 1349.66 1349.66
267 1349.66 1349.66
268 1349.66 1349.66
269 1349.66 1349.66
270 1349.66 1349.66
271 1349.66 1349.66
272 1349.66 1349.66
273 1349.66 1349.66
274 1349.66 1349.66
275 1349.66 1349.66
276 1349.66 1349.66
277 1349.66 1349.66
278 1349.66 1349.66
279 1349.66 1349.66
280 1349.66 1349.66
281 1349.66 1349.66
282 1349.66 1349.66
283 1349.66 1349.66
284 1349.66 1349.66
285 1349.66 1349.66
286 1349.66 1349.66
287 1349.66 1349.66
288 1349.66 1349.66
289 1349.66 1349.66
290 1349.66 1349.66
291 1349.66 1349.66
292 1349.66 1349.66
293 1349.66 1349.66
294 1349.66 1349.66
295 1349.66 1349.66
296 1349.66 1349.66
297 1349.66 1349.66
298 1349.66 1349.66
299 1349.66 1349.66
300 1349.66 1349.66
301 1349.66 1349.66
302 1349.66 1349.66
303 1349.66 1349.66
304 1349.66 1349.66
305 1349.66 1349.66
306 1349.66 1349.66
307 1349.66 1349.66
308 1349.66 1349.66
309 1349.66 1349.66
310 1349.66 1349.66
311 1349.66 1349.66
312 1349.66 1349.66
313 1349.66 1349.66
314 1349.66 1349.66
315 1349.66 1349.66
316 1349.66 1349.66
317 1349.66 1349.66
318 1349.66 1349.66
319 1349.66 1349.66
320 1349.66 1349.66
321 1349.66 1349.66
322 1349.66 1349.66
323 1349.66 1349.66
324 1349.66 1349.66
325 1349.66 1349.66
326 1349.66 1349.66
327 1349.66 1349.66
328 1349.66 1349.66
329 1349.66 1349.66
330 1349.66 1349.66
331 1349.66 1349.66
332 1349.66 1349.66
333 1349.66 1349.66
334 1349.66 1349.66
335 1349.66 1349.66
336 1349.66 1349.66
337 1349.66 1349.66
338 1349.66 1349.66
339 1349.66 1349.66
340 1349.66 1349.66
341 1349.66 1349.66
342 1349.66 1349.66
343 1349.66 1349.66
344 1349.66 1349.66
345 1349.66 1349.66
346 1349.66 1349.66
347 1349.66 1349.66
348 1349.66 1349.66
349 1349.66 1349.66
350 1349.66 1349.66
351 1349.66 1349.66
352 1349.66 1349.66
353 1349.66 1349.66
354 1349.66 1349.66
355 1349.66 1349.66
356 1349.66 1349.66
357 1349.66 1349.66
358 1349.66 1349.66
359 1349.66 1349.66
360 1349.66 1349.66
361 1349.66 1349.66
362 1349.66 1349.66
363 1349.66 1349.66
364 1349.66 1349.66
365 1349.66 1349.66
366 1349.66 1349.66
367 1349.66 1349.66
368 1349.66 1349.66
369 1349.66 1349.66
370 1349.66 1349.66
371 1349.66 1349.66
372 1349.66 1349.66
373 1349.66 1349.66
374 1349.66 1349.66
375 1349.66 1349.66
376 1349.66 1349.66
377 1349.66 1349.66
378 1349.66 1349.66
379 1349.66 1349.66
380 1349.66 1349.66
381 1349.66 1349.66
382 1349.66 1349.66
383 1349.66 1349.66
384 1349.66 1349.66
385 1349.66 1349.66
386 1349.66 1349.66
387 1349.66 1349.66
388 1349.66 1349.66
389 1349.66 1349.66
390 1349.66 1349.66
391 1349.66 1349.66
392 1349.66 1349.66
393 1349.66 1349.66
394 1349.66 1349.66
395 1349.66 1349.66
396 1349.66 1349.66
397 1349.66 1349.66
398 1349.66 1349.66
399 1349.66 1349.66
400 1349.66 1349.66
401 1349.66 1349.66
402 1349.66 1349.66
403 1349.66 1349.66
404 1349.66 1349.66
405 1349.66 1349.66
406 1349.66 1349.66
407 1349.66 1349.66
408 1349.66 1349.66
409 1349.66 1349.66
410 1349.66 1349.66
411 1349.66 1349.66
412 1349.66 1349.66
413 1349.66 1349.66
414 1349.66 1349.66
415 1349.66 1349.66
416 1349.66 1349.66
417 1349.66 1349.66
418 1349.66 1349.66
419 1349.66 1349.66
420 1349.66 1349.66
421 1349.66 1349.66
422 1349.66 1349.66
423 1349.66 1349.66
424 1349.66 1349.66
425 1349.66 1349.66
426 1349.66 1349.66
427 1349.66 1349.66
428 1349.66 1349.66
429 1349.66 1349.66
430 1349.66 1349.66
431 1349.66 1349.66
432 1349.66 1349.66
433 1349.66 1349.66
434 1349.66 1349.66
435 1349.66 1349.66
436 1349.66 1349.66
437 1349.66 1349.66
438 1349.66 1349.66
439 1349.66 1349.66
440 1349.66 1349.66
441 1349.66 1349.66
442 1349.66 1349.66
443 1349.66 1349.66
444 1349.66 1349.66
445 1349.66 1349.66
446 1349.66 1349.66
447 1349.66 1349.66
448 1349.66 1349.66
449 1349.66 1349.66
450 1349.66 1349.66
451 1349.66 1349.66
452 1349.66 1349.66
453 1349.66 1349.66
454 1349.66 1349.66
455 1349.66 1349.66
456 1349.66 1349.66
457 1349.66 1349.66
458 1349.66 1349.66
459 1349.66 1349.66
460 1349.66 1349.66
461 1349.66 1349.66
462 1349.66 1349.66
463 1349.66 1349.66
464 1349.66 1349.66
465 1349.66 1349.66
466 1349.66 1349.66
467 1349.66 1349.66
468 1349.66 1349.66
469 1349.66 1349.66
470 1349.66 1349.66
471 1349.66 1349.66
472 1349.66 1349.66
473 1349.66 1349.66
474 1349.66 1349.66
475 1349.66 1349.66
476 1349.66 1349.66
477 1349.66 1349.66
478 1349.66 1349.66
479 1349.66 1349.66
480 1349.66 1349.66
481 1349.66 1349.66
482 1349.66 1349.66
483 1349.66 1349.66
484 1349.66 1349.66
485 1349.66 1349.66
486 1349.66 1349.66
487 1349.66 1349.66
488 1349.66 1349.66
489 1349.66 1349.66
490 1349.66 1349.66
491 1349.66 1349.66
492 1349.66 1349.66
493 1349.66 1349.66
494 1349.66 1349.66
495 1349.66 1349.66
496 1349.66 1349.66
497 1349.66 1349.66
498 1349.66 1349.66
499 1349.66 1349.66
500 1349.66 1349.66
501 1349.66 1349.66
502 1349.66 1349.66
503 1349.66 1349.66
504 1349.66 1349.66
505 1349.66 1349.66
506 1349.66 1349.66
507 1349.66 1349.66
508 1349.66 1349.66
509 1349.66 1349.66
510 1349.66 1349.66
511 1349.66 1349.66
512 1349.66 1349.66
513 1349.66 1349.66
514 1349.66 1349.66
515 1349.66 1349.66
516 1349.66 1349.66
517 1349.66 1349.66
518 1349.66 1349.66
519 1349.66 1349.66
520 1349.66 1349.66
521 1349.66 1349.66
522 1349.66 1349.66
523 1349.66 1349.66
524 1349.66 1349.66
525 1349.66 1349.66
526 1349.66 1349.66
527 1349.66 1349.66
528 1349.66 1349.66
529 1349.66 1349.66
530 1349.66 1349.66
531 1349.66 1349.66
532 1349.66 1349.66
533 1349.66 1349.66
534 1349.66 1349.66
535 1349.66 1349.66
536 1349.66 1349.66
537 1349.66 1349.66
538 1349.66 1349.66
539 1349.66 1349.66
540 1349.66 1349.66
541 1349.66 1349.66
542 1349.66 1349.66
543 1349.66 1349.66
544 1349.66 1349.66
545 1349.66 1349.66
546 1349.66 1349.66
547 1349.66 1349.66
548 1349.66 1349.66
549 1349.66 1349.66
550 1349.66 1349.66
551 1349.66 1349.66
552 1349.66 1349.66
553 1349.66 1349.66
554 1349.66 1349.66
555 1349.66 1349.66
556 1349.66 1349.66
557 1349.66 1349.66
558 1349.66 1349.66
559 1349.66 1349.66
560 1349.66 1349.66
561 1349.66 1349.66
562 1349.66 1349.66
563 1349.66 1349.66
564 1349.66 1349.66
565 1349.66 1349.66
566 1349.66 1349.66
567 1349.66 1349.66
568 1349.66 1349.66
569 1349.66 1349.66
570 1349.66 1349.66
571 1349.66 1349.66
572 1349.66 1349.66
573 1349.66 1349.66
574 1349.66 1349.66
575 1349.66 1349.66
576 1349.66 1349.66
577 1349.66 1349.66
578 1349.66 1349.66
579 1349.66 1349.66
580 1349.66 1349.66
581 1349.66 1349.66
582 1349.66 1349.66
583 1349.66 1349.66
584 1349.66 1349.66
585 1349.66 1349.66
586 1349.66 1349.66
587 1349.66 1349.66
588 1349.66 1349.66
589 1349.66 1349.66
590 1349.66 1349.66
591 1349.66 1349.66
592 1349.66 1349.66
593 1349.66 1349.66
594 1349.66 1349.66
595 1349.66 1349.66
596 1349.66 1349.66
597 1349.66 1349.66
598 1349.66 1349.66
599 1349.66 1349.66
600 1349.66 1349.66
601 1349.66 1349.66
602 1349.66 1349.66
603 1349.66 1349.66
604 1349.66 1349.66
605 1349.66 1349.66
606 1349.66 1349.66
607 1349.66 1349.66
608 1349.66 1349.66
609 1349.66 1349.66
610 1349.66 1349.66
611 1349.66 1349.66
612 1349.66 1349.66
613 1349.66 1349.66
614 1349.66 1349.66
615 1349.66 1349.66
616 1349.66 1349.66
617 1349.66 1349.66
618 1349.66 1349.66
619 1349.66 1349.66
620 1349.66 1349.66
621 1349.66 1349.66
622 1349.66 1349.66
623 1349.66 1349.66
624 1349.66 1349.66
625 1349.66 1349.66
626 1349.66 1349.66
627 1349.66 1349.66
628 1349.66 1349.66
629 1349.66 1349.66
630 1349.66 1349.66
631 1349.66 1349.66
632 1349.66 1349.66
633 1349.66 1349.66
634 1349.66 1349.66
635 1349.66 1349.66
636 1349.66 1349.66
637 1349.66 1349.66
638 1349.66 1349.66
639 1349.66 1349.66
640 1349.66 1349.66
641 1349.66 1349.66
642 1349.66 1349.66
643 1349.66 1349.66
644 1349.66 1349.66
645 1349.66 1349.66
646 1349.66 1349.66
647 1349.66 1349.66
648 1349.66 1349.66
649 1349.66 1349.66
650 1349.66 1349.66
651 1349.66 1349.66
652 1349.66 1349.66
653 1349.66 1349.66
654 1349.66 1349.66
655 1349.66 1349.66
656 1349.66 1349.66
657 1349.66 1349.66
658 1349.66 1349.66
659 1349.66 1349.66
660 1349.66 1349.66
661 1349.66 1349.66
662 1349.66 1349.66
663 1349.66 1349.66
664 1349.66 1349.66
665 1349.66 1349.66
666 1349.66 1349.66
667 1349.66 1349.66
668 1349.66 1349.66
669 1349.66 1349.66
670 1349.66 1349.66
671 1349.66 1349.66
672 1349.66 1349.66
673 1349.66 1349.66
674 1349.66 1349.66
675 1349.66 1349.66
676 1349.66 1349.66
677 1349.66 1349.66
678 1349.66 1349.66
679 1349.66 1349.66
680 1349.66 1349.66
681 1349.66 1349.66
682 1349.66 1349.66
683 1349.66 1349.66
684 1349.66 1349.66
685 1349.66 1349.66
686 1349.66 1349.66
687 1349.66 1349.66
688 1349.66 1349.66
689 1349.66 1349.66
690 1349.66 1349.66
691 1349.66 1349.66
692 1349.66 1349.66
693 1349.66 1349.66
694 1349.66 1349.66
695 1349.66 1349.66
696 1349.66 1349.66
697 1349.66 1349.66
698 1349.66 1349.66
699 1349.66 1349.66
700 1349.66 1349.66
701 1349.66 1349.66
702 1349.66 1349.66
703 1349.66 1349.66
704 1349.66 1349.66
705 1349.66 1349.66
706 1349.66 1349.66
707 1349.66 1349.66
708 1349.66 1349.66
709 1349.66 1349.66
710 1349.66 1349.66
711 1349.66 1349.66
712 1349.66 1349.66
713 1349.66 1349.66
714 1349.66 1349.66
715 1349.66 1349.66
716 1349.66 1349.66
717 1349.66 1349.66
718 1349.66 1349.66
719 1349.66 1349.66
720 1349.66 1349.66
721 1349.66 1349.66
722 1349.66 1349.66
723 1349.66 1349.66
724 1349.66 1349.66
725 1349.66 1349.66
726 1349.66 1349.66
727 1349.66 1349.66
728 1349.66 1349.66
729 1349.66 1349.66
730 1349.66 1349.66
731 1349.66 1349.66
732 1349.66 1349.66
733 1349.66 1349.66
734 1349.66 1349.66
735 1349.66 1349.66
736 1349.66 1349.66
737 1349.66 1349.66
738 1349.66 1349.66
739 1349.66 1349.66
740 1349.66 1349.66
741 1349.66 1349.66
742 1349.66 1349.66
743 1349.66 1349.66
744 1349.66 1349.66
745 1349.66 1349.66
746 1349.66 1349.66
747 1349.66 1349.66
748 1349.66 1349.66
749 1349.66 1349.66
750 1349.66 1349.66
751 1349.66 1349.66
752 1349.66 1349.66
753 1349.66 1349.66
754 1349.66 1349.66
755 1349.66 1349.66
756 1349.66 1349.66
757 1349.66 1349.66
758 1349.66 1349.66
759 1349.66 1349.66
760 1349.66 1349.66
761 1349.66 1349.66
762 1349.66 1349.66
763 1349.66 1349.66
764 1349.66 1349.66
765 1349.66 1349.66
766 1349.66 1349.66
767 1349.66 1349.66
768 1349.66 1349.66
769 1349.66 1349.66
770 1349.66 1349.66
771 1349.66 1349.66
772 1349.66 1349.66
773 1349.66 1349.66
774 1349.66 1349.66
775 1349.66 1349.66
776 1349.66 1349.66
777 1349.66 1349.66
778 1349.66 1349.66
779 1349.66 1349.66
780 1349.66 1349.66
781 1349.66 1349.66
782 1349.66 1349.66
783 1349.66 1349.66
784 1349.66 1349.66
785 1349.66 1349.66
786 1349.66 1349.66
787 1349.66 1349.66
788 1349.66 1349.66
789 1349.66 1349.66
790 1349.66 1349.66
791 1349.66 1349.66
792 1349.66 1349.66
793 1349.66 1349.66
794 1349.66 1349.66
795 1349.66 1349.66
796 1349.66 1349.66
797 1349.66 1349.66
798 1349.66 1349.66
799 1349.66 1349.66
800 1349.66 1349.66
801 1349.66 1349.66
802 1349.66 1349.66
803 1349.66 1349.66
804 1349.66 1349.66
805 1349.66 1349.66
806 1349.66 1349.66
807 1349.66 1349.66
808 1349.66 1349.66
809 1349.66 1349.66
810 1349.66 1349.66
811 1349.66 1349.66
812 1349.66 1349.66
813 1349.66 1349.66
814 1349.66 1349.66
815 1349.66 1349.66
816 1349.66 1349.66
817 1349.66 1349.66
818 1349.66 1349.66
819 1349.66 1349.66
820 1349.66 1349.66
821 1349.66 1349.66
822 1349.66 1349.66
823 1349.66 1349.66
824 1349.66 1349.66
825 1349.66 1349.66
826 1349.66 1349.66
827 1349.66 1349.66
828 1349.66 1349.66
829 1349.66 1349.66
830 1349.66 1349.66
831 1349.66 1349.66
832 1349.66 1349.66
833 1349.66 1349.66
834 1349.66 1349.66
835 1349.66 1349.66
836 1349.66 1349.66
837 1349.66 1349.66
838 1349.66 1349.66
839 1349.66 1349.66
840 1349.66 1349.66
841 1349.66 1349.66
842 1349.66 1349.66
843 1349.66 1349.66
844 1349.66 1349.66
845 1349.66 1349.66
846 1349.66 1349.66
847 1349.66 1349.66
848 1349.66 1349.66
849 1349.66 1349.66
850 1349.66 1349.66
851 1349.66 1349.66
852 1349.66 1349.66
853 1349.66 1349.66
854 1349.66 1349.66
855 1349.66 1349.66
856 1349.66 1349.66
857 1349.66 1349.66
858 1349.66 1349.66
859 1349.66 1349.66
860 1349.66 1349.66
861 1349.66 1349.66
862 1349.66 1349.66
863 1349.66 1349.66
864 1349.66 1349.66
865 1349.66 1349.66
866 1349.66 1349.66
867 1349.66 1349.66
868 1349.66 1349.66
869 1349.66 1349.66
870 1349.66 1349.66
871 1349.66 1349.66
872 1349.66 1349.66
873 1349.66 1349.66
874 1349.66 1349.66
875 1349.66 1349.66
876 1349.66 1349.66
877 1349.66 1349.66
878 1349.66 1349.66
879 1349.66 1349.66
880 1349.66 1349.66
881 1349.66 1349.66
882 1349.66 1349.66
883 1349.66 1349.66
884 1349.66 1349.66
885 1349.66 1349.66
886 1349.66 1349.66
887 1349.66 1349.66
888 1349.66 1349.66
889 1349.66 1349.66
890 1349.66 1349.66
891 1349.66 1349.66
892 1349.66 1349.66
893 1349.66 1349.66
894 1349.66 1349.66
895 1349.66 1349.66
896 1349.66 1349.66
897 1349.66 1349.66
898 1349.66 1349.66
899 1349.66 1349.66
900 1349.66 1349.66
901 1349.66 1349.66
902 1349.66 1349.66
903 1349.66 1349.66
904 1349.66 1349.66
905 1349.66 1349.66
906 1349.66 1349.66
907 1349.66 1349.66
908 1349.66 1349.66
909 1349.66 1349.66
910 1349.66 1349.66
911 1349.66 1349.66
912 1349.66 1349.66
913 1349.66 1349.66
914 1349.66 1349.66
915 1349.66 1349.66
916 1349.66 1349.66
917 1349.66 1349.66
918 1349.66 1349.66
919 1349.66 1349.66
920 1349.66 1349.66
921 1349.66 1349.66
922 1349.66 1349.66
923 1349.66 1349.66
924 1349.66 1349.66
925 1349.66 1349.66
926 1349.66 1349.66
927 1349.66 1349.66
928 1349.66 1349.66
929 1349.66 1349.66
930 1349.66 1349.66
931 1349.66 1349.66
932 1349.66 1349.66
933 1349.66 1349.66
934 1349.66 1349.66
935 1349.66 1349.66
936 1349.66 1349.66
937 1349.66 1349.66
938 1349.66 1349.66
939 1349.66 1349.66
940 1349.66 1349.66
941 1349.66 1349.66
942 1349.66 1349.66
943 1349.66 1349.66
944 1349.66 1349.66
945 1349.66 1349.66
946 1349.66 1349.66
947 1349.66 1349.66
948 1349.66 1349.66
949 1349.66 1349.66
950 1349.66 1349.66
951 1349.66 1349.66
952 1349.66 1349.66
953 1349.66 1349.66
954 1349.66 1349.66
955 1349.66 1349.66
956 1349.66 1349.66
957 1349.66 1349.66
958 1349.66 1349.66
959 1349.66 1349.66
960 1349.66 1349.66
961 1349.66 1349.66
962 1349.66 1349.66
963 1349.66 1349.66
964 1349.66 1349.66
965 1349.66 1349.66
966 1349.66 1349.66
967 1349.66 1349.66
968 1349.66 1349.66
969 1349.66 1349.66
970 1349.66 1349.66
971 1349.66 1349.66
972 1349.66 1349.66
973 1349.66 1349.66
974 1349.66 1349.66
975 1349.66 1349.66
976 1349.66 1349.66
977 1349.66 1349.66
978 1349.66 1349.66
979 1349.66 1349.66
980 1349.66 1349.66
981 1349.66 1349.66
982 1349.66 1349.66
983 1349.66 1349.66
984 1349.66 1349.66
985 1349.66 1349.66
986 1349.66 1349.66
987 1349.66 1349.66
988 1349.66 1349.66
989 1349.66 1349.66
990 1349.66 1349.66
991 1349.66 1349.66
992 1349.66 1349.66
993 1349.66 1349.66
994 1349.66 1349.66
995 1349.66 1349.66
996 1349.66 1349.66
997 1349.66 1349.66
998 1349.66 1349.66
999 1349.66 1349.66
1000 1349.66 1349.66
1001 1349.66 1349.66
1002 1349.66 1349.66
1003 1349.66 1349.66
1004 1349.66 1349.66
1005 1349.66 1349.66
1006 1349.66 1349.66
1007 1349.66 1349.66
1008 1349.66 1349.66
1009 1349.66 1349.66
1010 1349.66 1349.66
1011 1349.66 1349.66
1012 1349.66 1349.66
1013 1349.66 1349.66
1014 1349.66 1349.66
1015 1349.66 1349.66
1016 1349.66 1349.66
1017 1349.66 1349.66
1018 1349.66 1349.66
1019 1349.66 1349.66
1020 1349.66 1349.66
1021 1349.66 1349.66
1022 1349.66 1349.66
1023 1349.66 1349.66
1024 1349.66 1349.66
1025 1349.66 1349.66
1026 1349.66 1349.66
1027 1349.66 1349.66
1028 1349.66 1349.66
1029 1349.66 1349.66
1030 1349.66 1349.66
1031 1349.66 1349.66
1032 1349.66 1349.66
1033 1349.66 1349.66
1034 1349.66 1349.66
1035 1349.66 1349.66
1036 1349.66 1349.66
1037 1349.66 1349.66
1038 1349.66 1349.66
1039 1349.66 1349.66
1040 1349.66 1349.66
1041 1349.66 1349.66
1042 1349.66 1349.66
1043 1349.66 1349.66
1044 1349.66 1349.66
1045 1349.66 1349.66
1046 1349.66 1349.66
1047 1349.66 1349.66
1048 1349.66 1349.66
1049 1349.66 1349.66
1050 1349.66 1349.66
1051 1349.66 1349.66
1052 1349.66 1349.66
1053 1349.66 1349.66
1054 1349.66 1349.66
1055 1349.66 1349.66
1056 1349.66 1349.66
1057 1349.66 1349.66
1058 1349.66 1349.66
1059 1349.66 1349.66
1060 1349.66 1349.66
1061 1349.66 1349.66
1062 1349.66 1349.66
1063 1349.66 1349.66
1064 1349.66 1349.66
1065 1349.66 1349.66
1066 1349.66 1349.66
1067 1349.66 1349.66
1068 1349.66 1349.66
1069 1349.66 1349.66
1070 1349.66 1349.66
1071 1349.66 1349.66
1072 1349.66 1349.66
1073 1349.66 1349.66
1074 1349.66 1349.66
1075 1349.66 1349.66
1076 1349.66 1349.66
1077 1349.66 1349.66
1078 1349.66 1349.66
1079 1349.66 1349.66
1080 1349.66 1349.66
1081 1349.66 1349.66
1082 1349.66 1349.66
1083 1349.66 1349.66
1084 1349.66 1349.66
1085 1349.66 1349.66
1086 1349.66 1349.66
1087 1349.66 1349.66
1088 1349.66 1349.66
1089 1349.66 1349.66
1090 1349.66 1349.66
1091 1349.66 1349.66
1092 1349.66 1349.66
1093 1349.66 1349.66
1094 1349.66 1349.66
1095 1349.66 1349.66
1096 1349.66 1349.66
1097 1349.66 1349.66
1098 1349.66 1349.66
1099 1349.66 1349.66
1100 1349.66 1349.66
1101 1349.66 1349.66
1102 1349.66 1349.66
1103 1349.66 1349.66
1104 1349.66 1349.66
1105 1349.66 1349.66
1106 1349.66 1349.66
1107 1349.66 1349.66
1108 1349.66 1349.66
1109 1349.66 1349.66
1110 1349.66 1349.66
1111 1349.66 1349.66
1112 1349.66 1349.66
1113 1349.66 1349.66
1114 1349.66 1349.66
1115 1349.66 1349.66
1116 1349.66 1349.66
1117 1349.66 1349.66
1118 1349.66 1349.66
1119 1349.66 1349.66
1120 1349.66 1349.66
1121 1349.66 1349.66
1122 1349.66 1349.66
1123 1349.66 1349.66
1124 1349.66 1349.66
1125 1349.66 1349.66
1126 1349.66 1349.66
1127 1349.66 1349.66
1128 1349.66 1349.66
1129 1349.66 1349.66
1130 1349.66 1349.66
1131 1349.66 1349.66
1132 1349.66 1349.66
1133 1349.66 1349.66
1134 1349.66 1349.66
1135 1349.66 1349.66
1136 1349.66 1349.66
1137 1349.66 1349.66
1138 1349.66 1349.66
1139 1349.66 1349.66
1140 1349.66 1349.66
1141 1349.66 1349.66
1142 1349.66 1349.66
1143 1349.66 1349.66
1144 1349.66 1349.66
1145 1349.66 1349.66
1146 1349.66 1349.66
1147 1349.66 1349.66
1148 1349.66 1349.66
1149 1349.66 1349.66
1150 1349.66 1349.66
1151 1349.66 1349.66
1152 1349.66 1349.66
1153 1349.66 1349.66
1154 1349.66 1349.66
1155 1349.66 1349.66
1156 1349.66 1349.66
1157 1349.66 1349.66
1158 1349.66 1349.66
1159 1349.66 1349.66
1160 1349.66 1349.66
1161 1349.66 1349.66
1162 1349.66 1349.66
1163 1349.66 1349.66
1164 1349.66 1349.66
1165 1349.66 1349.66
1166 1349.66 1349.66
1167 1349.66 1349.66
1168 1349.66 1349.66
1169 1349.66 1349.66
1170 1349.66 1349.66
1171 1349.66 1349.66
1172 1349.66 1349.66
1173 1349.66 1349.66
1174 1349.66 1349.66
1175 1349.66 1349.66
1176 1349.66 1349.66
1177 1349.66 1349.66
1178 1349.66 1349.66
1179 1349.66 1349.66
1180 1349.66 1349.66
1181 1349.66 1349.66
1182 1349.66 1349.66
1183 1349.66 1349.66
1184 1349.66 1349.66
1185 1349.66 1349.66
1186 1349.66 1349.66
1187 1349.66 1349.66
1188 1349.66 1349.66
1189 1349.66 1349.66
1190 1349.66 1349.66
1191 1349.66 1349.66
1192 1349.66 1349.66
1193 1349.66 1349.66
1194 1349.66 1349.66
1195 1349.66 1349.66
1196 1349.66 1349.66
1197 1349.66 1349.66
1198 1349.66 1349.66
1199 1349.66 1349.66
1200 1349.66 1349.66
1201 1349.66 1349.66
1202 1349.66 1349.66
1203 1349.66 1349.66
1204 1349.66 1349.66
1205 1349.66 1349.66
1206 1349.66 1349.66
1207 1349.66 1349.66
1208 1349.66 1349.66
1209 1349.66 1349.66
1210 1349.66 1349.66
1211 1349.66 1349.66
1212 1349.66 1349.66
1213 1349.66 1349.66
1214 1349.66 1349.66
1215 1349.66 1349.66
1216 1349.66 1349.66
1217 1349.66 1349.66
1218 1349.66 1349.66
1219 1349.66 1349.66
1220 1349.66 1349.66
1221 1349.66 1349.66
1222 1349.66 1349.66
1223 1349.66 1349.66
1224 1349.66 1349.66
1225 1349.66 1349.66
1226 1349.66 1349.66
1227 1349.66 1349.66
1228 1349.66 1349.66
1229 1349.66 1349.66
1230 1349.66 1349.66
1231 1349.66 1349.66
1232 1349.66 1349.66
1233 1349.66 1349.66
1234 1349.66 1349.66
1235 1349.66 1349.66
1236 1349.66 1349.66
1237 1349.66 1349.66
1238 1349.66 1349.66
1239 1349.66 1349.66
1240 1349.66 1349.66
1241 1349.66 1349.66
1242 1349.66 1349.66
1243 1349.66 1349.66
1244 1349.66 1349.66
1245 1349.66 1349.66
1246 1349.66 1349.66
1247 1349.66 1349.66
1248 1349.66 1349.66
1249 1349.66 1349.66
1250 1349.66 1349.66
1251 1349.66 1349.66
1252 1349.66 1349.66
1253 1349.66 1349.66
1254 1349.66 1349.66
1255 1349.66 1349.66
1256 1349.66 1349.66
1257 1349.66 1349.66
1258 1349.66 1349.66
1259 1349.66 1349.66
1260 1349.66 1349.66
1261 1349.66 1349.66
1262 1349.66 1349.66
1263 1349.66 1349.66
1264 1349.66 1349.66
1265 1349.66 1349.66
1266 1349.66 1349.66
1267 1349.66 1349.66
1268 1349.66 1349.66
1269 1349.66 1349.66
1270 1349.66 1349.66
1271 1349.66 1349.66
1272 1349.66 1349.66
1273 1349.66 1349.66
1274 1349.66 1349.66
1275 1349.66 1349.66
1276 1349.66 1349.66
1277 1349.66 1349.66
1278 1349.66 1349.66
1279 1349.66 1349.66
1280 1349.66 1349.66
1281 1349.66 1349.66
1282 1349.66 1349.66
1283 1349.66 1349.66
1284 1349.66 1349.66
1285 1349.66 1349.66
1286 1349.66 1349.66
1287 1349.66 1349.66
1288 1349.66 1349.66
1289 1349.66 1349.66
1290 1349.66 1349.66
1291 1349.66 1349.66
1292 1349.66 1349.66
1293 1349.66 1349.66
1294 1349.66 1349.66
1295 1349.66 1349.66
1296 1349.66 1349.66
1297 1349.66 1349.66
1298 1349.66 1349.66
1299 1349.66 1349.66
1300 1349.66 1349.66
1301 1349.66 1349.66
1302 1349.66 1349.66
1303 1349.66 1349.66
1304 1349.66 1349.66
1305 1349.66 1349.66
1306 1349.66 1349.66
1307 1349.66 1349.66
1308 1349.66 1349.66
1309 1349.66 1349.66
1310 1349.66 1349.66
1311 1349.66 1349.66
1312 1349.66 1349.66
1313 1349.66 1349.66
1314 1349.66 1349.66
1315 1349.66 1349.66
1316 1349.66 1349.66
1317 1349.66 1349.66
1318 1349.66 1349.66
1319 1349.66 1349.66
1320 1349.66 1349.66
1321 1349.66 1349.66
1322 1349.66 1349.66
1323 1349.66 1349.66
1324 1349.66 1349.66
1325 1349.66 1349.66
1326 1349.66 1349.66
1327 1349.66 1349.66
1328 1349.66 1349.66
1329 1349.66 1349.66
1330 1349.66 1349.66
1331 1349.66 1349.66
1332 1349.66 1349.66
1333 1349.66 1349.66
1334 1349.66 1349.66
1335 1349.66 1349.66
1336 1349.66 1349.66
1337 1349.66 1349.66
1338 1349.66 1349.66
1339 1349.66 1349.66
1340 1349.66 1349.66
1341 1349.66 1349.66
1342 1349.66 1349.66
1343 1349.66 1349.66
1344 1349.66 1349.66
1345 1349.66 1349.66
1346 1349.66 1349.66
1347 1349.66 1349.66
1348 1349.66 1349.66
1349 1349.66 1349.66
1350 1349.66 1349.66
1351 1349.66 1349.66
1352 1349.66 1349.66
1353 1349.66 1349.66
1354 1349.66 1349.66
1355 1349.66 1349.66
1356 1349.66 1349.66
1357 1349.66 1349.66
1358 1349.66 1349.66
1359 1349.66 1349.66
1360 1349.66 1349.66
1361 1349.66 1349.66
1362 1349.66 1349.66
1363 1349.66 1349.66
1364 1349.66 1349.66
1365 1349.66 1349.66
1366 1349.66 1349.66
1367 1349.66 1349.66
1368 1349.66 1349.66
1369 1349.66 1349.66
1370 1349.66 1349.66
1371 1349.66 1349.66
1372 1349.66 1349.66
1373 1349.66 1349.66
1374 1349.66 1349.66
1375 1349.66 1349.66
1376 1349.66 1349.66
1377 1349.66 1349.66
1378 1349.66 1349.66
1379 1349.66 1349.66
1380 1349.66 1349.66
1381 1349.66 1349.66
1382 1349.66 1349.66
1383 1349.66 1349.66
1384 1349.66 1349.66
1385 1349.66 1349.66
1386 1349.66 1349.66
1387 1349.66 1349.66
1388 1349.66 1349.66
1389 1349.66 1349.66
1390 1349.66 1349.66
1391 1349.66 1349.66
1392 1349.66 1349.66
1393 1349.66 1349.66
1394 1349.66 1349.66
1395 1349.66 1349.66
1396 1349.66 1349.66
1397 1349.66 1349.66
1398 1349.66 1349.66
1399 1349.66 1349.66
1400 1349.66 1349.66
1401 1349.66 1349.66
1402 1349.66 1349.66
1403 1349.66 1349.66
1404 1349.66 1349.66
1405 1349.66 1349.66
1406 1349.66 1349.66
1407 1349.66 1349.66
1408 1349.66 1349.66
1409 1349.66 1349.66
1410 1349.66 1349.66
1411 1349.66 1349.66
1412 1349.66 1349.66
1413 1349.66 1349.66
1414 1349.66 1349.66
1415 1349.66 1349.66
1416 1349.66 1349.66
1417 1349.66 1349.66
1418 1349.66 1349.66
1419 1349.66 1349.66
1420 1349.66 1349.66
1421 1349.66 1349.66
1422 1349.66 1349.66
1423 1349.66 1349.66
1424 1349.66 1349.66
1425 1349.66 1349.66
1426 1349.66 1349.66
1427 1349.66 1349.66
1428 1349.66 1349.66
1429 1349.66 1349.66
1430 1349.66 1349.66
1431 1349.66 1349.66
1432 1349.66 1349.66
1433 1349.66 1349.66
1434 1349.66 1349.66
1435 1349.66 1349.66
1436 1349.66 1349.66
1437 1349.66 1349.66
1438 1349.66 1349.66
1439 1349.66 1349.66
1440 1349.66 1349.66
1441 1349.66 1349.66
1442 1349.66 1349.66
1443 1349.66 1349.66
1444 1349.66 1349.66
1445 1349.66 1349.66
1446 1349.66 1349.66
1447 1349.66 1349.66
1448 1349.66 1349.66
1449 1349.66 1349.66
1450 1349.66 1349.66
1451 1349.66 1349.66
1452 1349.66 1349.66
1453 1349.66 1349.66
1454 1349.66 1349.66
1455 1349.66 1349.66
1456 1349.66 1349.66
1457 1349.66 1349.66
1458 1349.66 1349.66
1459 1349.66 1349.66
1460 1349.66 1349.66
1461 1349.66 1349.66
1462 1349.66 1349.66
1463 1349.66 1349.66
1464 1349.66 1349.66
1465 1349.66 1349.66
1466 1349.66 1349.66
1467 1349.66 1349.66
1468 1349.66 1349.66
1469 1349.66 1349.66
1470 1349.66 1349.66
1471 1349.66 1349.66
1472 1349.66 1349.66
1473 1349.66 1349.66
1474 1349.66 1349.66
1475 1349.66 1349.66
1476 1349.66 1349.66
1477 1349.66 1349.66
1478 1349.66 1349.66
1479 1349.66 1349.66
1480 1349.66 1349.66
1481 1349.66 1349.66
1482 1349.66 1349.66
1483 1349.66 1349.66
1484 1349.66 1349.66
1485 1349.66 1349.66
1486 1349.66 1349.66
1487 1349.66 1349.66
1488 1349.66 1349.66
1489 1349.66 1349.66
1490 1349.66 1349.66
1491 1349.66 1349.66
1492 1349.66 1349.66
1493 1349.66 1349.66
1494 1349.66 1349.66
1495 1349.66 1349.66
1496 1349.66 1349.66
1497 1349.66 1349.66
1498 1349.66 1349.66
1499 1349.66 1349.66
1500 1349.66 1349.66
1501 1349.66 1349.66
1502 1349.66 1349.66
1503 1349.66 1349.66
1504 1349.66 1349.66
1505 1349.66 1349.66
1506 1349.66 1349.66
1507 1349.66 1349.66
1508 1349.66 1349.66
1509 1349.66 1349.66
1510 1349.66 1349.66
1511 1349.66 1349.66
1512 1349.66 1349.66
1513 1349.66 1349.66
1514 1349.66 1349.66
1515 1349.66 1349.66
1516 1349.66 1349.66
1517 1349.66 1349.66
1518 1349.66 1349.66
1519 1349.66 1349.66
1520 1349.66 1349.66
1521 1349.66 1349.66
1522 1349.66 1349.66
1523 1349.66 1349.66
1524 1349.66 1349.66
1525 1349.66 1349.66
1526 1349.66 1349.66
1527 1349.66 1349.66
1528 1349.66 1349.66
1529 1349.66 1349.66
1530 1349.66 1349.66
1531 1349.66 1349.66
1532 1349.66 1349.66
1533 1349.66 1349.66
1534 1349.66 1349.66
1535 1349.66 1349.66
1536 1349.66 1349.66
1537 1349.66 1349.66
1538 1349.66 1349.66
1539 1349.66 1349.66
1540 1349.66 1349.66
1541 1349.66 1349.66
1542 1349.66 1349.66
1543 1349.66 1349.66
1544 1349.66 1349.66
1545 1349.66 1349.66
1546 1349.66 1349.66
1547 1349.66 1349.66
1548 1349.66 1349.66
1549 1349.66 1349.66
1550 1349.66 1349.66
1551 1349.66 1349.66
1552 1349.66 1349.66
1553 1349.66 1349.66
1554 1349.66 1349.66
1555 1349.66 1349.66
1556 1349.66 1349.66
1557 1349.66 1349.66
1558 1349.66 1349.66
1559 1349.66 1349.66
1560 1349.66 1349.66
1561 1349.66 1349.66
1562 1349.66 1349.66
1563 1349.66 1349.66
1564 1349.66 1349.66
1565 1349.66 1349.66
1566 1349.66 1349.66
1567 1349.66 1349.66
1568 1349.66 1349.66
1569 1349.66 1349.66
1570 1349.66 1349.66
1571 1349.66 1349.66
1572 1349.66 1349.66
1573 1349.66 1349.66
1574 1349.66 1349.66
1575 1349.66 1349.66
1576 1349.66 1349.66
1577 1349.66 1349.66
1578 1349.66 1349.66
1579 1349.66 1349.66
1580 1349.66 1349.66
1581 1349.66 1349.66
1582 1349.66 1349.66
1583 1349.66 1349.66
1584 1349.66 1349.66
1585 1349.66 1349.66
1586 1349.66 1349.66
1587 1349.66 1349.66
1588 1349.66 1349.66
1589 1349.66 1349.66
1590 1349.66 1349.66
1591 1349.66 1349.66
1592 1349.66 1349.66
1593 1349.66 1349.66
1594 1349.66 1349.66
1595 1349.66 1349.66
1596 1349.66 1349.66
1597 1349.66 1349.66
1598 1349.66 1349.66
1599 1349.66 1349.66
1600 1349.66 1349.66
1601 1349.66 1349.66
1602 1349.66 1349.66
1603 1349.66 1349.66
1604 1349.66 1349.66
1605 1349.66 1349.66
1606 1349.66 1349.66
1607 1349.66 1349.66
1608 1349.66 1349.66
1609 1349.66 1349.66
1610 1349.66 1349.66
1611 1349.66 1349.66
1612 1349.66 1349.66
1613 1349.66 1349.66
1614 1349.66 1349.66
1615 1349.66 1349.66
1616 1349.66 1349.66
1617 1349.66 1349.66
1618 1349.66 1349.66
1619 1349.66 1349.66
1620 1349.66 1349.66
1621 1349.66 1349.66
1622 1349.66 1349.66
1623 1349.66 1349.66
1624 1349.66 1349.66
1625 1349.66 1349.66
1626 1349.66 1349.66
1627 1349.66 1349.66
1628 1349.66 1349.66
1629 1349.66 1349.66
1630 1349.66 1349.66
1631 1349.66 1349.66
1632 1349.66 1349.66
1633 1349.66 1349.66
1634 1349.66 1349.66
1635 1349.66 1349.66
1636 1349.66 1349.66
1637 1349.66 1349.66
1638 1349.66 1349.66
1639 1349.66 1349.66
1640 1349.66 1349.66
1641 1349.66 1349.66
1642 1349.66 1349.66
1643 1349.66 1349.66
1644 1349.66 1349.66
1645 1349.66 1349.66
1646 1349.66 1349.66
1647 1349.66 1349.66
1648 1349.66 1349.66
1649 1349.66 1349.66
1650 1349.66 1349.66
1651 1349.66 1349.66
1652 1349.66 1349.66
1653 1349.66 1349.66
1654 1349.66 1349.66
1655 1349.66 1349.66
1656 1349.66 1349.66
1657 1349.66 1349.66
1658 1349.66 1349.66
1659 1349.66 1349.66
1660 1349.66 1349.66
1661 1349.66 1349.66
1662 1349.66 1349.66
1663 1349.66 1349.66
1664 1349.66 1349.66
1665 1349.66 1349.66
1666 1349.66 1349.66
1667 1349.66 1349.66
1668 1349.66 1349.66
1669 1349.66 1349.66
1670 1349.66 1349.66
1671 1349.66 1349.66
1672 1349.66 1349.66
1673 1349.66 1349.66
1674 1349.66 1349.66
1675 1349.66 1349.66
1676 1349.66 1349.66
1677 1349.66 1349.66
1678 1349.66 1349.66
1679 1349.66 1349.66
1680 1349.66 1349.66
1681 1349.66 1349.66
1682 1349.66 1349.66
1683 1349.66 1349.66
1684 1349.66 1349.66
1685 1349.66 1349.66
1686 1349.66 1349.66
1687 1349.66 1349.66
1688 1349.66 1349.66
1689 1349.66 1349.66
1690 1349.66 1349.66
1691 1349.66 1349.66
1692 1349.66 1349.66
1693 1349.66 1349.66
1694 1349.66 1349.66
1695 1349.66 1349.66
1696 1349.66 1349.66
1697 1349.66 1349.66
1698 1349.66 1349.66
1699 1349.66 1349.66
1700 1349.66 1349.66
1701 1349.66 1349.66
1702 1349.66 1349.66
1703 1349.66 1349.66
1704 1349.66 1349.66
1705 1349.66 1349.66
1706 1349.66 1349.66
1707 1349.66 1349.66
1708 1349.66 1349.66
1709 1349.66 1349.66
1710 1349.66 1349.66
1711 1349.66 1349.66
1712 1349.66 1349.66
1713 1349.66 1349.66
1714 1349.66 1349.66
1715 1349.66 1349.66
1716 1349.66 1349.66
1717 1349.66 1349.66
1718 1349.66 1349.66
1719 1349.66 1349.66
1720 1349.66 1349.66
1721 1349.66 1349.66
1722 1349.66 1349.66
1723 1349.66 1349.66
1724 1349.66 1349.66
1725 1349.66 1349.66
1726 1349.66 1349.66
1727 1349.66 1349.66
1728 1349.66 1349.66
1729 1349.66 1349.66
1730 1349.66 1349.66
1731 1349.66 1349.66
1732 1349.66 1349.66
1733 1349.66 1349.66
1734 1349.66 1349.66
1735 1349.66 1349.66
1736 1349.66 1349.66
1737 1349.66 1349.66
1738 1349.66 1349.66
1739 1349.66 1349.66
1740 1349.66 1349.66
1741 1349.66 1349.66
1742 1349.66 1349.66
1743 1349.66 1349.66
1744 1349.66 1349.66
1745 1349.66 1349.66
1746 1349.66 1349.66
1747 1349.66 1349.66
1748 1349.66 1349.66
1749 1349.66 1349.66
1750 1349.66 1349.66
1751 1349.66 1349.66
1752 1349.66 1349.66
1753 1349.66 1349.66
1754 1349.66 1349.66
1755 1349.66 1349.66
1756 1349.66 1349.66
1757 1349.66 1349.66
1758 1349.66 1349.66
1759 1349.66 1349.66
1760 1349.66 1349.66
1761 1349.66 1349.66
1762 1349.66 1349.66
1763 1349.66 1349.66
1764 1349.66 1349.66
1765 1349.66 1349.66
1766 1349.66 1349.66
1767 1349.66 1349.66
1768 1349.66 1349.66
1769 1349.66 1349.66
1770 1349.66 1349.66
1771 1349.66 1349.66
1772 1349.66 1349.66
1773 1349.66 1349.66
1774 1349.66 1349.66
1775 1349.66 1349.66
1776 1349.66 1349.66
1777 1349.66 1349.66
1778 1349.66 1349.66
1779 1349.66 1349.66
1780 1349.66 1349.66
1781 1349.66 1349.66
1782 1349.66 1349.66
1783 1349.66 1349.66
1784 1349.66 1349.66
1785 1349.66 1349.66
1786 1349.66 1349.66
1787 1349.66 1349.66
1788 1349.66 1349.66
1789 1349.66 1349.66
1790 1349.66 1349.66
1791 1349.66 1349.66
1792 1349.66 1349.66
1793 1349.66 1349.66
1794 1349.66 1349.66
1795 1349.66 1349.66
1796 1349.66 1349.66
1797 1349.66 1349.66
1798 1349.66 1349.66
1799 1349.66 1349.66
1800 1349.66 1349.66
1801 1349.66 1349.66
1802 1349.66 1349.66
1803 1349.66 1349.66
1804 1349.66 1349.66
1805 1349.66 1349.66
1806 1349.66 1349.66
1807 1349.66 1349.66
1808 1349.66 1349.66
1809 1349.66 1349.66
1810 1349.66 1349.66
1811 1349.66 1349.66
1812 1349.66 1349.66
1813 1349.66 1349.66
1814 1349.66 1349.66
1815 1349.66 1349.66
1816 1349.66 1349.66
1817 1349.66 1349.66
1818 1349.66 1349.66
1819 1349.66 1349.66
1820 1349.66 1349.66
1821 1349.66 1349.66
1822 1349.66 1349.66
1823 1349.66 1349.66
1824 1349.66 1349.66
1825 1349.66 1349.66
1826 1349.66 1349.66
1827 1349.66 1349.66
1828 1349.66 1349.66
1829 1349.66 1349.66
1830 1349.66 1349.66
1831 1349.66 1349.66
1832 1349.66 1349.66
1833 1349.66 1349.66
1834 1349.66 1349.66
1835 1349.66 1349.66
1836 1349.66 1349.66
1837 1349.66 1349.66
1838 1349.66 1349.66
1839 1349.66 1349.66
1840 1349.66 1349.66
1841 1349.66 1349.66
1842 1349.66 1349.66
1843 1349.66 1349.66
1844 1349.66 1349.66
1845 1349.66 1349.66
1846 1349.66 1349.66
1847 1349.66 1349.66
1848 1349.66 1349.66
1849 1349.66 1349.66
1850 1349.66 1349.66
1851 1349.66 1349.66
1852 1349.66 1349.66
1853 1349.66 1349.66
1854 1349.66 1349.66
1855 1349.66 1349.66
1856 1349.66 1349.66
1857 1349.66 1349.66
1858 1349.66 1349.66
1859 1349.66 1349.66
1860 1349.66 1349.66
1861 1349.66 1349.66
1862 1349.66 1349.66
1863 1349.66 1349.66
1864 1349.66 1349.66
1865 1349.66 1349.66
1866 1349.66 1349.66
1867 1349.66 1349.66
1868 1349.66 1349.66
1869 1349.66 1349.66
1870 1349.66 1349.66
1871 1349.66 1349.66
1872 1349.66 1349.66
1873 1349.66 1349.66
1874 1349.66 1349.66
1875 1349.66 1349.66
1876 1349.66 1349.66
1877 1349.66 1349.66
1878 1349.66 1349.66
1879 1349.66 1349.66
1880 1349.66 1349.66
1881 1349.66 1349.66
1882 1349.66 1349.66
1883 1349.66 1349.66
1884 1349.66 1349.66
1885 1349.66 1349.66
1886 1349.66 1349.66
1887 1349.66 1349.66
1888 1349.66 1349.66
1889 1349.66 1349.66
1890 1349.66 1349.66
1891 1349.66 1349.66
1892 1349.66 1349.66
1893 1349.66 1349.66
1894 1349.66 1349.66
1895 1349.66 1349.66
1896 1349.66 1349.66
1897 1349.66 1349.66
1898 1349.66 1349.66
1899 1349.66 1349.66
1900 1349.66 1349.66
1901 1349.66 1349.66
1902 1349.66 1349.66
1903 1349.66 1349.66
1904 1349.66 1349.66
1905 1349.66 1349.66
1906 1349.66 1349.66
1907 1349.66 1349.66
1908 1349.66 1349.66
1909 1349.66 1349.66
1910 1349.66 1349.66
1911 1349.66 1349.66
1912 1349.66 1349.66
1913 1349.66 1349.66
1914 1349.66 1349.66
1915 1349.66 1349.66
1916 1349.66 1349.66
1917 1349.66 1349.66
1918 1349.66 1349.66
1919 1349.66 1349.66
1920 1349.66 1349.66
1921 1349.66 1349.66
1922 1349.66 1349.66
1923 1349.66 1349.66
1924 1349.66 1349.66
1925 1349.66 1349.66
1926 1349.66 1349.66
1927 1349.66 1349.66
1928 1349.66 1349.66
1929 1349.66 1349.66
1930 1349.66 1349.66
1931 1349.66 1349.66
1932 1349.66 1349.66
1933 1349.66 1349.66
1934 1349.66 1349.66
1935 1349.66 1349.66
1936 1349.66 1349.66
1937 1349.66 1349.66
1938 1349.66 1349.66
1939 1349.66 1349.66
1940 1349.66 1349.66
1941 1349.66 1349.66
1942 1349.66 1349.66
1943 1349.66 1349.66
1944 1349.66 1349.66
1945 1349.66 1349.66
1946 1349.66 1349.66
1947 1349.66 1349.66
1948 1349.66 1349.66
1949 1349.66 1349.66
1950 1349.66 1349.66
1951 1349.66 1349.66
1952 1349.66 1349.66
1953 1349.66 1349.66
1954 1349.66 1349.66
1955 1349.66 1349.66
1956 1349.66 1349.66
1957 1349.66 1349.66
1958 1349.66 1349.66
1959 1349.66 1349.66
1960 1349.66 1349.66
1961 1349.66 1349.66
1962 1349.66 1349.66
1963 1349.66 1349.66
1964 1349.66 1349.66
1965 1349.66 1349.66
1966 1349.66 1349.66
1967 1349.66 1349.66
1968 1349.66 1349.66
1969 1349.66 1349.66
1970 1349.66 1349.66
1971 1349.66 1349.66
1972 1349.66 1349.66
1973 1349.66 1349.66
1974 1349.66 1349.66
1975 1349.66 1349.66
1976 1349.66 1349.66
1977 1349.66 1349.66
1978 1349.66 1349.66
1979 1349.66 1349.66
1980 1349.66 1349.66
1981 1349.66 1349.66
1982 1349.66 1349.66
1983 1349.66 1349.66
1984 1349.66 1349.66
1985 1349.66 1349.66
1986 1349.66 1349.66
1987 1349.66 1349.66
1988 1349.66 1349.66
1989 1349.66 1349.66
1990 1349.66 1349.66
1991 1349.66 1349.66
1992 1349.66 1349.66
1993 1349.66 1349.66
1994 1349.66 1349.66
1995 1349.66 1349.66
1996 1349.66 1349.66
1997 1349.66 1349.66
1998 1349.66 1349.66
1999 1349.66 1349.66
2000 1349.66 1349.66
2001 1349.66 1349.66
2002 1349.66 1349.66
2003 1349.66 1349.66
2004 1349.66 1349.66
2005 1349.66 1349.66
2006 1349.66 1349.66
2007 1349.66 1349.66
2008 1349.66 1349.66
2009 1349.66 1349.66
2010 1349.66 1349.66
2011 1349.66 1349.66
2012 1349.66 1349.66
2013 1349.66 1349.66
2014 1349.66 1349.66
2015 1349.66 1349.66
2016 1349.66 1349.66
2017 1349.66 1349.66
2018 1349.66 1349.66
2019 1349.66 1349.66
2020 1349.66 1349.66
2021 1349.66 1349.66
2022 1349.66 1349.66
2023 1349.66 1349.66
2024 1349.66 1349.66
2025 1349.66 1349.66
2026 1349.66 1349.66
2027 1349.66 1349.66
2028 1349.66 1349.66
2029 1349.66 1349.66
2030 1349.66 1349.66
2031 1349.66 1349.66
2032 1349.66 1349.66
2033 1349.66 1349.66
2034 1349.66 1349.66
2035 1349.66 1349.66
2036 1349.66 1349.66
2037 1349.66 1349.66
2038 1349.66 1349.66
2039 1349.66 1349.66
2040 1349.66 1349.66
2041 1349.66 1349.66
2042 1349.66 1349.66
2043 1349.66 1349.66
2044 1349.66 1349.66
2045 1349.66 1349.66
2046 1349.66 1349.66
2047 1349.66 1349.66
2048 1349.66 1349.66
2049 1349.66 1349.66
2050 1349.66 1349.66
2051 1349.66 1349.66
2052 1349.66 1349.66
2053 1349.66 1349.66
2054 1349.66 1349.66
2055 1349.66 1349.66
2056 1349.66 1349.66
2057 1349.66 1349.66
2058 1349.66 1349.66
2059 1349.66 1349.66
2060 1349.66 1349.66
2061 1349.66 1349.66
2062 1349.66 1349.66
2063 1349.66 1349.66
2064 1349.66 1349.66
2065 1349.66 1349.66
2066 1349.66 1349.66
2067 1349.66 1349.66
2068 1349.66 1349.66
2069 1349.66 1349.66
2070 1349.66 1349.66
2071 1349.66 1349.66
2072 1349.66 1349.66
2073 1349.66 1349.66
2074 1349.66 1349.66
2075 1349.66 1349.66
2076 1349.66 1349.66
2077 1349.66 1349.66
2078 1349.66 1349.66
2079 1349.66 1349.66
2080 1349.66 1349.66
2081 1349.66 1349.66
2082 1349.66 1349.66
2083 1349.66 1349.66
2084 1349.66 1349.66
2085 1349.66 1349.66
2086 1349.66 1349.66
2087 1349.66 1349.66
2088 1349.66 1349.66
2089 1349.66 1349.66
2090 1349.66 1349.66
2091 1349.66 1349.66
2092 1349.66 1349.66
2093 1349.66 1349.66
2094 1349.66 1349.66
2095 1349.66 1349.66
2096 1349.66 1349.66
2097 1349.66 1349.66
2098 1349.66 1349.66
2099 1349.66 1349.66
2100 1349.66 1349.66
2101 1349.66 1349.66
2102 1349.66 1349.66
2103 1349.66 1349.66
2104 1349.66 1349.66
2105 1349.66 1349.66
2106 1349.66 1349.66
2107 1349.66 1349.66
2108 1349.66 1349.66
2109 1349.66 1349.66
2110 1349.66 1349.66
2111 1349.66 1349.66
2112 1349.66 1349.66
2113 1349.66 1349.66
2114 1349.66 1349.66
2115 1349.66 1349.66
2116 1349.66 1349.66
2117 1349.66 1349.66
2118 1349.66 1349.66
2119 1349.66 1349.66
2120 1349.66 1349.66
2121 1349.66 1349.66
2122 1349.66 1349.66
2123 1349.66 1349.66
2124 1349.66 1349.66
2125 1349.66 1349.66
2126 1349.66 1349.66
2127 1349.66 1349.66
2128 1349.66 1349.66
2129 1349.66 1349.66
2130 1349.66 1349.66
2131 1349.66 1349.66
2132 1349.66 1349.66
2133 1349.66 1349.66
2134 1349.66 1349.66
2135 1349.66 1349.66
2136 1349.66 1349.66
2137 1349.66 1349.66
2138 1349.66 1349.66
2139 1349.66 1349.66
2140 1349.66 1349.66
2141 1349.66 1349.66
2142 1349.66 1349.66
2143 1349.66 1349.66
2144 1349.66 1349.66
2145 1349.66 1349.66
2146 1349.66 1349.66
2147 1349.66 1349.66
2148 1349.66 1349.66
2149 1349.66 1349.66
2150 1349.66 1349.66
2151 1349.66 1349.66
2152 1349.66 1349.66
2153 1349.66 1349.66
2154 1349.66 1349.66
2155 1349.66 1349.66
2156 1349.66 1349.66
2157 1349.66 1349.66
2158 1349.66 1349.66
2159 1349.66 1349.66
2160 1349.66 1349.66
2161 1349.66 1349.66
2162 1349.66 1349.66
2163 1349.66 1349.66
2164 1349.66 1349.66
2165 1349.66 1349.66
2166 1349.66 1349.66
2167 1349.66 1349.66
2168 1349.66 1349.66
2169 1349.66 1349.66
2170 1349.66 1349.66
2171 1349.66 1349.66
2172 1349.66 1349.66
2173 1349.66 1349.66
2174 1349.66 1349.66
2175 1349.66 1349.66
2176 1349.66 1349.66
2177 1349.66 1349.66
2178 1349.66 1349.66
2179 1349.66 1349.66
2180 1349.66 1349.66
2181 1349.66 1349.66
2182 1349.66 1349.66
2183 1349.66 1349.66
2184 1349.66 1349.66
2185 1349.66 1349.66
2186 1349.66 1349.66
2187 1349.66 1349.66
2188 1349.66 1349.66
2189 1349.66 1349.66
2190 1349.66 1349.66
2191 1349.66 1349.66
2192 1349.66 1349.66
2193 1349.66 1349.66
2194 1349.66 1349.66
2195 1349.66 1349.66
2196 1349.66 1349.66
2197 1349.66 1349.66
2198 1349.66 1349.66
2199 1349.66 1349.66
2200 1349.66 1349.66
2201 1349.66 1349.66
2202 1349.66 1349.66
2203 1349.66 1349.66
2204 1349.66 1349.66
2205 1349.66 1349.66
2206 1349.66 1349.66
2207 1349.66 1349.66
2208 1349.66 1349.66
2209 1349.66 1349.66
2210 1349.66 1349.66
