0 1342.66 1342.66
1 1342.66 1342.66
2 1342.66 1342.66
3 1342.66 1342.66
4 1342.66 1342.66
5 1342.66 1342.66
6 1342.66 1342.66
7 1342.66 1342.66
8 1342.66 1342.66
9 1342.66 1342.66
10 1342.66 1342.66
11 1342.66 1342.66
12 1342.66 1342.66
13 1342.66 1342.66
14 1342.66 1342.66
15 1342.66 1342.66
16 1342.66 1342.66
17 1342.66 1342.66
18 1342.66 1342.66
19 1342.66 1342.66
20 1342.66 1342.66
21 1342.66 1342.66
22 1342.66 1342.66
23 1342.66 1342.66
24 1342.66 1342.66
25 1342.66 1342.66
26 1342.66 1342.66
27 1342.66 1342.66
28 1342.66 1342.66
29 1342.66 1342.66
30 1342.66 1342.66
31 1342.66 1342.66
32 1342.66 1342.66
33 1342.66 1342.66
34 1342.66 1342.66
35 1342.66 1342.66
36 1342.66 1342.66
37 1342.66 1342.66
38 1342.66 1342.66
39 1342.66 1342.66
40 1342.66 1342.66
41 1342.66 1342.66
42 1342.66 1342.66
43 1342.66 1342.66
44 1342.66 1342.66
45 1342.66 1342.66
46 1342.66 1342.66
47 1342.66 1342.66
48 1342.66 1342.66
49 1342.66 1342.66
50 1342.66 1342.66
51 1342.66 1342.66
52 1342.66 1342.66
53 1342.66 1342.66
54 1342.66 1342.66
55 1342.66 1342.66
56 1342.66 1342.66
57 1342.66 1342.66
58 1342.66 1342.66
59 1342.66 1342.66
60 1342.66 1342.66
61 1342.66 1342.66
62 1342.66 1342.66
63 1342.66 1342.66
64 1342.66 1342.66
65 1342.66 1342.66
66 1342.66 1342.66
67 1342.66 1342.66
68 1342.66 1342.66
69 1342.66 1342.66
70 1342.66 1342.66
71 1342.66 1342.66
72 1342.66 1342.66
73 1342.66 1342.66
74 1342.66 1342.66
75 1342.66 1342.66
76 1342.66 1342.66
77 1342.66 1342.66
78 1342.66 1342.66
79 1342.66 1342.66
80 1342.66 1342.66
81 1342.66 1342.66
82 1342.66 1342.66
83 1342.66 1342.66
84 1342.66 1342.66
85 1342.66 1342.66
86 1342.66 1342.66
87 1342.66 1342.66
88 1342.66 1342.66
89 1342.66 1342.66
90 1342.66 1342.66
91 1342.66 1342.66
92 1342.66 1342.66
93 1342.66 1342.66
94 1342.66 1342.66
95 1342.66 1342.66
96 1342.66 1342.66
97 1342.66 1342.66
98 1342.66 1342.66
99 1342.66 1342.66
100 1342.66 1342.66
101 1342.66 1342.66
102 1342.66 1342.66
103 1342.66 1342.66
104 1342.66 1342.66
105 1342.66 1342.66
106 1342.66 1342.66
107 1342.66 1342.66
108 1342.66 1342.66
109 1342.66 1342.66
110 1342.66 1342.66
111 1342.66 1342.66
112 1342.66 1342.66
113 1342.66 1342.66
114 1342.66 1342.66
115 1342.66 1342.66
116 1342.66 1342.66
117 1342.66 1342.66
118 1342.66 1342.66
119 1342.66 1342.66
120 1342.66 1342.66
121 1342.66 1342.66
122 1342.66 1342.66
123 1342.66 1342.66
124 1342.66 1342.66
125 1342.66 1342.66
126 1342.66 1342.66
127 1342.66 1342.66
128 1342.66 1342.66
129 1342.66 1342.66
130 1342.66 1342.66
131 1342.66 1342.66
132 1342.66 1342.66
133 1342.66 1342.66
134 1342.66 1342.66
135 1342.66 1342.66
136 1342.66 1342.66
137 1342.66 1342.66
138 1342.66 1342.66
139 1342.66 1342.66
140 1342.66 1342.66
141 1342.66 1342.66
142 1342.66 1342.66
143 1342.66 1342.66
144 1342.66 1342.66
145 1342.66 1342.66
146 1342.66 1342.66
147 1342.66 1342.66
148 1342.66 1342.66
149 1342.66 1342.66
150 1342.66 1342.66
151 1342.66 1342.66
152 1342.66 1342.66
153 1342.66 1342.66
154 1342.66 1342.66
155 1342.66 1342.66
156 1342.66 1342.66
157 1342.66 1342.66
158 1342.66 1342.66
159 1342.66 1342.66
160 1342.66 1342.66
161 1342.66 1342.66
162 1342.66 1342.66
163 1342.66 1342.66
164 1342.66 1342.66
165 1342.66 1342.66
166 1342.66 1342.66
167 1342.66 1342.66
168 1342.66 1342.66
169 1342.66 1342.66
170 1342.66 1342.66
171 1342.66 1342.66
172 1342.66 1342.66
173 1342.66 1342.66
174 1342.66 1342.66
175 1342.66 1342.66
176 1342.66 1342.66
177 1342.66 1342.66
178 1342.66 1342.66
179 1342.66 1342.66
180 1342.66 1342.66
181 1342.66 1342.66
182 1342.66 1342.66
183 1342.66 1342.66
184 1342.66 1342.66
185 1342.66 1342.66
186 1342.66 1342.66
187 1342.66 1342.66
188 1342.66 1342.66
189 1342.66 1342.66
190 1342.66 1342.66
191 1342.66 1342.66
192 1342.66 1342.66
193 1342.66 1342.66
194 1342.66 1342.66
195 1342.66 1342.66
196 1342.66 1342.66
197 1342.66 1342.66
198 1342.66 1342.66
199 1342.66 1342.66
200 1342.66 1342.66
201 1342.66 1342.66
202 1342.66 1342.66
203 1342.66 1342.66
204 1342.66 1342.66
205 1342.66 1342.66
206 1342.66 1342.66
207 1342.66 1342.66
208 1342.66 1342.66
209 1342.66 1342.66
210 1342.66 1342.66
211 1342.66 1342.66
212 1342.66 1342.66
213 1342.66 1342.66
214 1342.66 1342.66
215 1342.66 1342.66
216 1342.66 1342.66
217 1342.66 1342.66
218 1342.66 1342.66
219 1342.66 1342.66
220 1342.66 1342.66
221 1342.66 1342.66
222 1342.66 1342.66
223 1342.66 1342.66
224 1342.66 1342.66
225 1342.66 1342.66
226 1342.66 1342.66
227 1342.66 1342.66
228 1342.66 1342.66
229 1342.66 1342.66
230 1342.66 1342.66
231 1342.66 1342.66
232 1342.66 1342.66
233 1342.66 1342.66
234 1342.66 1342.66
235 1342.66 1342.66
236 1342.66 1342.66
237 1342.66 1342.66
238 1342.66 1342.66
239 1342.66 1342.66
240 1342.66 1342.66
241 1342.66 1342.66
242 1342.66 1342.66
243 1342.66 1342.66
244 1342.66 1342.66
245 1342.66 1342.66
246 1342.66 1342.66
247 1342.66 1342.66
248 1342.66 1342.66
249 1342.66 1342.66
250 1342.66 1342.66
251 1342.66 1342.66
252 1342.66 1342.66
253 1342.66 1342.66
254 1342.66 1342.66
255 1342.66 1342.66
256 1342.66 1342.66
257 1342.66 1342.66
258 1342.66 1342.66
259 1342.66 1342.66
260 1342.66 1342.66
261 1342.66 1342.66
262 1342.66 1342.66
263 1342.66 1342.66
264 1342.66 1342.66
265 1342.66 1342.66
266 1342.66 1342.66
267 1342.66 1342.66
268 1342.66 1342.66
269 1342.66 1342.66
270 1342.66 1342.66
271 1342.66 1342.66
272 1342.66 1342.66
273 1342.66 1342.66
274 1342.66 1342.66
275 1342.66 1342.66
276 1342.66 1342.66
277 1342.66 1342.66
278 1342.66 1342.66
279 1342.66 1342.66
280 1342.66 1342.66
281 1342.66 1342.66
282 1342.66 1342.66
283 1342.66 1342.66
284 1342.66 1342.66
285 1342.66 1342.66
286 1342.66 1342.66
287 1342.66 1342.66
288 1342.66 1342.66
289 1342.66 1342.66
290 1342.66 1342.66
291 1342.66 1342.66
292 1342.66 1342.66
293 1342.66 1342.66
294 1342.66 1342.66
295 1342.66 1342.66
296 1342.66 1342.66
297 1342.66 1342.66
298 1342.66 1342.66
299 1342.66 1342.66
300 1342.66 1342.66
301 1342.66 1342.66
302 1342.66 1342.66
303 1342.66 1342.66
304 1342.66 1342.66
305 1342.66 1342.66
306 1342.66 1342.66
307 1342.66 1342.66
308 1342.66 1342.66
309 1342.66 1342.66
310 1342.66 1342.66
311 1342.66 1342.66
312 1342.66 1342.66
313 1342.66 1342.66
314 1342.66 1342.66
315 1342.66 1342.66
316 1342.66 1342.66
317 1342.66 1342.66
318 1342.66 1342.66
319 1342.66 1342.66
320 1342.66 1342.66
321 1342.66 1342.66
322 1342.66 1342.66
323 1342.66 1342.66
324 1342.66 1342.66
325 1342.66 1342.66
326 1342.66 1342.66
327 1342.66 1342.66
328 1342.66 1342.66
329 1342.66 1342.66
330 1342.66 1342.66
331 1342.66 1342.66
332 1342.66 1342.66
333 1342.66 1342.66
334 1342.66 1342.66
335 1342.66 1342.66
336 1342.66 1342.66
337 1342.66 1342.66
338 1342.66 1342.66
339 1342.66 1342.66
340 1342.66 1342.66
341 1342.66 1342.66
342 1342.66 1342.66
343 1342.66 1342.66
344 1342.66 1342.66
345 1342.66 1342.66
346 1342.66 1342.66
347 1342.66 1342.66
348 1342.66 1342.66
349 1342.66 1342.66
350 1342.66 1342.66
351 1342.66 1342.66
352 1342.66 1342.66
353 1342.66 1342.66
354 1342.66 1342.66
355 1342.66 1342.66
356 1342.66 1342.66
357 1342.66 1342.66
358 1342.66 1342.66
359 1342.66 1342.66
360 1342.66 1342.66
361 1342.66 1342.66
362 1342.66 1342.66
363 1342.66 1342.66
364 1342.66 1342.66
365 1342.66 1342.66
366 1342.66 1342.66
367 1342.66 1342.66
368 1342.66 1342.66
369 1342.66 1342.66
370 1342.66 1342.66
371 1342.66 1342.66
372 1342.66 1342.66
373 1342.66 1342.66
374 1342.66 1342.66
375 1342.66 1342.66
376 1342.66 1342.66
377 1342.66 1342.66
378 1342.66 1342.66
379 1342.66 1342.66
380 1342.66 1342.66
381 1342.66 1342.66
382 1342.66 1342.66
383 1342.66 1342.66
384 1342.66 1342.66
385 1342.66 1342.66
386 1342.66 1342.66
387 1342.66 1342.66
388 1342.66 1342.66
389 1342.66 1342.66
390 1342.66 1342.66
391 1342.66 1342.66
392 1342.66 1342.66
393 1342.66 1342.66
394 1342.66 1342.66
395 1342.66 1342.66
396 1342.66 1342.66
397 1342.66 1342.66
398 1342.66 1342.66
399 1342.66 1342.66
400 1342.66 1342.66
401 1342.66 1342.66
402 1342.66 1342.66
403 1342.66 1342.66
404 1342.66 1342.66
405 1342.66 1342.66
406 1342.66 1342.66
407 1342.66 1342.66
408 1342.66 1342.66
409 1342.66 1342.66
410 1342.66 1342.66
411 1342.66 1342.66
412 1342.66 1342.66
413 1342.66 1342.66
414 1342.66 1342.66
415 1342.66 1342.66
416 1342.66 1342.66
417 1342.66 1342.66
418 1342.66 1342.66
419 1342.66 1342.66
420 1342.66 1342.66
421 1342.66 1342.66
422 1342.66 1342.66
423 1342.66 1342.66
424 1342.66 1342.66
425 1342.66 1342.66
426 1342.66 1342.66
427 1342.66 1342.66
428 1342.66 1342.66
429 1342.66 1342.66
430 1342.66 1342.66
431 1342.66 1342.66
432 1342.66 1342.66
433 1342.66 1342.66
434 1342.66 1342.66
435 1342.66 1342.66
436 1342.66 1342.66
437 1342.66 1342.66
438 1342.66 1342.66
439 1342.66 1342.66
440 1342.66 1342.66
441 1342.66 1342.66
442 1342.66 1342.66
443 1342.66 1342.66
444 1342.66 1342.66
445 1342.66 1342.66
446 1342.66 1342.66
447 1342.66 1342.66
448 1342.66 1342.66
449 1342.66 1342.66
450 1342.66 1342.66
451 1342.66 1342.66
452 1342.66 1342.66
453 1342.66 1342.66
454 1342.66 1342.66
455 1342.66 1342.66
456 1342.66 1342.66
457 1342.66 1342.66
458 1342.66 1342.66
459 1342.66 1342.66
460 1342.66 1342.66
461 1342.66 1342.66
462 1342.66 1342.66
463 1342.66 1342.66
464 1342.66 1342.66
465 1342.66 1342.66
466 1342.66 1342.66
467 1342.66 1342.66
468 1342.66 1342.66
469 1342.66 1342.66
470 1342.66 1342.66
471 1342.66 1342.66
472 1342.66 1342.66
473 1342.66 1342.66
474 1342.66 1342.66
475 1342.66 1342.66
476 1342.66 1342.66
477 1342.66 1342.66
478 1342.66 1342.66
479 1342.66 1342.66
480 1342.66 1342.66
481 1342.66 1342.66
482 1342.66 1342.66
483 1342.66 1342.66
484 1342.66 1342.66
485 1342.66 1342.66
486 1342.66 1342.66
487 1342.66 1342.66
488 1342.66 1342.66
489 1342.66 1342.66
490 1342.66 1342.66
491 1342.66 1342.66
492 1342.66 1342.66
493 1342.66 1342.66
494 1342.66 1342.66
495 1342.66 1342.66
496 1342.66 1342.66
497 1342.66 1342.66
498 1342.66 1342.66
499 1342.66 1342.66
500 1342.66 1342.66
501 1342.66 1342.66
502 1342.66 1342.66
503 1342.66 1342.66
504 1342.66 1342.66
505 1342.66 1342.66
506 1342.66 1342.66
507 1342.66 1342.66
508 1342.66 1342.66
509 1342.66 1342.66
510 1342.66 1342.66
511 1342.66 1342.66
512 1342.66 1342.66
513 1342.66 1342.66
514 1342.66 1342.66
515 1342.66 1342.66
516 1342.66 1342.66
517 1342.66 1342.66
518 1342.66 1342.66
519 1342.66 1342.66
520 1342.66 1342.66
521 1342.66 1342.66
522 1342.66 1342.66
523 1342.66 1342.66
524 1342.66 1342.66
525 1342.66 1342.66
526 1342.66 1342.66
527 1342.66 1342.66
528 1342.66 1342.66
529 1342.66 1342.66
530 1342.66 1342.66
531 1342.66 1342.66
532 1342.66 1342.66
533 1342.66 1342.66
534 1342.66 1342.66
535 1342.66 1342.66
536 1342.66 1342.66
537 1342.66 1342.66
538 1342.66 1342.66
539 1342.66 1342.66
540 1342.66 1342.66
541 1342.66 1342.66
542 1342.66 1342.66
543 1342.66 1342.66
544 1342.66 1342.66
545 1342.66 1342.66
546 1342.66 1342.66
547 1342.66 1342.66
548 1342.66 1342.66
549 1342.66 1342.66
550 1342.66 1342.66
551 1342.66 1342.66
552 1342.66 1342.66
553 1342.66 1342.66
554 1342.66 1342.66
555 1342.66 1342.66
556 1342.66 1342.66
557 1342.66 1342.66
558 1342.66 1342.66
559 1342.66 1342.66
560 1342.66 1342.66
561 1342.66 1342.66
562 1342.66 1342.66
563 1342.66 1342.66
564 1342.66 1342.66
565 1342.66 1342.66
566 1342.66 1342.66
567 1342.66 1342.66
568 1342.66 1342.66
569 1342.66 1342.66
570 1342.66 1342.66
571 1342.66 1342.66
572 1342.66 1342.66
573 1342.66 1342.66
574 1342.66 1342.66
575 1342.66 1342.66
576 1342.66 1342.66
577 1342.66 1342.66
578 1342.66 1342.66
579 1342.66 1342.66
580 1342.66 1342.66
581 1342.66 1342.66
582 1342.66 1342.66
583 1342.66 1342.66
584 1342.66 1342.66
585 1342.66 1342.66
586 1342.66 1342.66
587 1342.66 1342.66
588 1342.66 1342.66
589 1342.66 1342.66
590 1342.66 1342.66
591 1342.66 1342.66
592 1342.66 1342.66
593 1342.66 1342.66
594 1342.66 1342.66
595 1342.66 1342.66
596 1342.66 1342.66
597 1342.66 1342.66
598 1342.66 1342.66
599 1342.66 1342.66
600 1342.66 1342.66
601 1342.66 1342.66
602 1342.66 1342.66
603 1342.66 1342.66
604 1342.66 1342.66
605 1342.66 1342.66
606 1342.66 1342.66
607 1342.66 1342.66
608 1342.66 1342.66
609 1342.66 1342.66
610 1342.66 1342.66
611 1342.66 1342.66
612 1342.66 1342.66
613 1342.66 1342.66
614 1342.66 1342.66
615 1342.66 1342.66
616 1342.66 1342.66
617 1342.66 1342.66
618 1342.66 1342.66
619 1342.66 1342.66
620 1342.66 1342.66
621 1342.66 1342.66
622 1342.66 1342.66
623 1342.66 1342.66
624 1342.66 1342.66
625 1342.66 1342.66
626 1342.66 1342.66
627 1342.66 1342.66
628 1342.66 1342.66
629 1342.66 1342.66
630 1342.66 1342.66
631 1342.66 1342.66
632 1342.66 1342.66
633 1342.66 1342.66
634 1342.66 1342.66
635 1342.66 1342.66
636 1342.66 1342.66
637 1342.66 1342.66
638 1342.66 1342.66
639 1342.66 1342.66
640 1342.66 1342.66
641 1342.66 1342.66
642 1342.66 1342.66
643 1342.66 1342.66
644 1342.66 1342.66
645 1342.66 1342.66
646 1342.66 1342.66
647 1342.66 1342.66
648 1342.66 1342.66
649 1342.66 1342.66
650 1342.66 1342.66
651 1342.66 1342.66
652 1342.66 1342.66
653 1342.66 1342.66
654 1342.66 1342.66
655 1342.66 1342.66
656 1342.66 1342.66
657 1342.66 1342.66
658 1342.66 1342.66
659 1342.66 1342.66
660 1342.66 1342.66
661 1342.66 1342.66
662 1342.66 1342.66
663 1342.66 1342.66
664 1342.66 1342.66
665 1342.66 1342.66
666 1342.66 1342.66
667 1342.66 1342.66
668 1342.66 1342.66
669 1342.66 1342.66
670 1342.66 1342.66
671 1342.66 1342.66
672 1342.66 1342.66
673 1342.66 1342.66
674 1342.66 1342.66
675 1342.66 1342.66
676 1342.66 1342.66
677 1342.66 1342.66
678 1342.66 1342.66
679 1342.66 1342.66
680 1342.66 1342.66
681 1342.66 1342.66
682 1342.66 1342.66
683 1342.66 1342.66
684 1342.66 1342.66
685 1342.66 1342.66
686 1342.66 1342.66
687 1342.66 1342.66
688 1342.66 1342.66
689 1342.66 1342.66
690 1342.66 1342.66
691 1342.66 1342.66
692 1342.66 1342.66
693 1342.66 1342.66
694 1342.66 1342.66
695 1342.66 1342.66
696 1342.66 1342.66
697 1342.66 1342.66
698 1342.66 1342.66
699 1342.66 1342.66
700 1342.66 1342.66
701 1342.66 1342.66
702 1342.66 1342.66
703 1342.66 1342.66
704 1342.66 1342.66
705 1342.66 1342.66
706 1342.66 1342.66
707 1342.66 1342.66
708 1342.66 1342.66
709 1342.66 1342.66
710 1342.66 1342.66
711 1342.66 1342.66
712 1342.66 1342.66
713 1342.66 1342.66
714 1342.66 1342.66
715 1342.66 1342.66
716 1342.66 1342.66
717 1342.66 1342.66
718 1342.66 1342.66
719 1342.66 1342.66
720 1342.66 1342.66
721 1342.66 1342.66
722 1342.66 1342.66
723 1342.66 1342.66
724 1342.66 1342.66
725 1342.66 1342.66
726 1342.66 1342.66
727 1342.66 1342.66
728 1342.66 1342.66
729 1342.66 1342.66
730 1342.66 1342.66
731 1342.66 1342.66
732 1342.66 1342.66
733 1342.66 1342.66
734 1342.66 1342.66
735 1342.66 1342.66
736 1342.66 1342.66
737 1342.66 1342.66
738 1342.66 1342.66
739 1342.66 1342.66
740 1342.66 1342.66
741 1342.66 1342.66
742 1342.66 1342.66
743 1342.66 1342.66
744 1342.66 1342.66
745 1342.66 1342.66
746 1342.66 1342.66
747 1342.66 1342.66
748 1342.66 1342.66
749 1342.66 1342.66
750 1342.66 1342.66
751 1342.66 1342.66
752 1342.66 1342.66
753 1342.66 1342.66
754 1342.66 1342.66
755 1342.66 1342.66
756 1342.66 1342.66
757 1342.66 1342.66
758 1342.66 1342.66
759 1342.66 1342.66
760 1342.66 1342.66
761 1342.66 1342.66
762 1342.66 1342.66
763 1342.66 1342.66
764 1342.66 1342.66
765 1342.66 1342.66
766 1342.66 1342.66
767 1342.66 1342.66
768 1342.66 1342.66
769 1342.66 1342.66
770 1342.66 1342.66
771 1342.66 1342.66
772 1342.66 1342.66
773 1342.66 1342.66
774 1342.66 1342.66
775 1342.66 1342.66
776 1342.66 1342.66
777 1342.66 1342.66
778 1342.66 1342.66
779 1342.66 1342.66
780 1342.66 1342.66
781 1342.66 1342.66
782 1342.66 1342.66
783 1342.66 1342.66
784 1342.66 1342.66
785 1342.66 1342.66
786 1342.66 1342.66
787 1342.66 1342.66
788 1342.66 1342.66
789 1342.66 1342.66
790 1342.66 1342.66
791 1342.66 1342.66
792 1342.66 1342.66
793 1342.66 1342.66
794 1342.66 1342.66
795 1342.66 1342.66
796 1342.66 1342.66
797 1342.66 1342.66
798 1342.66 1342.66
799 1342.66 1342.66
800 1342.66 1342.66
801 1342.66 1342.66
802 1342.66 1342.66
803 1342.66 1342.66
804 1342.66 1342.66
805 1342.66 1342.66
806 1342.66 1342.66
807 1342.66 1342.66
808 1342.66 1342.66
809 1342.66 1342.66
810 1342.66 1342.66
811 1342.66 1342.66
812 1342.66 1342.66
813 1342.66 1342.66
814 1342.66 1342.66
815 1342.66 1342.66
816 1342.66 1342.66
817 1342.66 1342.66
818 1342.66 1342.66
819 1342.66 1342.66
820 1342.66 1342.66
821 1342.66 1342.66
822 1342.66 1342.66
823 1342.66 1342.66
824 1342.66 1342.66
825 1342.66 1342.66
826 1342.66 1342.66
827 1342.66 1342.66
828 1342.66 1342.66
829 1342.66 1342.66
830 1342.66 1342.66
831 1342.66 1342.66
832 1342.66 1342.66
833 1342.66 1342.66
834 1342.66 1342.66
835 1342.66 1342.66
836 1342.66 1342.66
837 1342.66 1342.66
838 1342.66 1342.66
839 1342.66 1342.66
840 1342.66 1342.66
841 1342.66 1342.66
842 1342.66 1342.66
843 1342.66 1342.66
844 1342.66 1342.66
845 1342.66 1342.66
846 1342.66 1342.66
847 1342.66 1342.66
848 1342.66 1342.66
849 1342.66 1342.66
850 1342.66 1342.66
851 1342.66 1342.66
852 1342.66 1342.66
853 1342.66 1342.66
854 1342.66 1342.66
855 1342.66 1342.66
856 1342.66 1342.66
857 1342.66 1342.66
858 1342.66 1342.66
859 1342.66 1342.66
860 1342.66 1342.66
861 1342.66 1342.66
862 1342.66 1342.66
863 1342.66 1342.66
864 1342.66 1342.66
865 1342.66 1342.66
866 1342.66 1342.66
867 1342.66 1342.66
868 1342.66 1342.66
869 1342.66 1342.66
870 1342.66 1342.66
871 1342.66 1342.66
872 1342.66 1342.66
873 1342.66 1342.66
874 1342.66 1342.66
875 1342.66 1342.66
876 1342.66 1342.66
877 1342.66 1342.66
878 1342.66 1342.66
879 1342.66 1342.66
880 1342.66 1342.66
881 1342.66 1342.66
882 1342.66 1342.66
883 1342.66 1342.66
884 1342.66 1342.66
885 1342.66 1342.66
886 1342.66 1342.66
887 1342.66 1342.66
888 1342.66 1342.66
889 1342.66 1342.66
890 1342.66 1342.66
891 1342.66 1342.66
892 1342.66 1342.66
893 1342.66 1342.66
894 1342.66 1342.66
895 1342.66 1342.66
896 1342.66 1342.66
897 1342.66 1342.66
898 1342.66 1342.66
899 1342.66 1342.66
900 1342.66 1342.66
901 1342.66 1342.66
902 1342.66 1342.66
903 1342.66 1342.66
904 1342.66 1342.66
905 1342.66 1342.66
906 1342.66 1342.66
907 1342.66 1342.66
908 1342.66 1342.66
909 1342.66 1342.66
910 1342.66 1342.66
911 1342.66 1342.66
912 1342.66 1342.66
913 1342.66 1342.66
914 1342.66 1342.66
915 1342.66 1342.66
916 1342.66 1342.66
917 1342.66 1342.66
918 1342.66 1342.66
919 1342.66 1342.66
920 1342.66 1342.66
921 1342.66 1342.66
922 1342.66 1342.66
923 1342.66 1342.66
924 1342.66 1342.66
925 1342.66 1342.66
926 1342.66 1342.66
927 1342.66 1342.66
928 1342.66 1342.66
929 1342.66 1342.66
930 1342.66 1342.66
931 1342.66 1342.66
932 1342.66 1342.66
933 1342.66 1342.66
934 1342.66 1342.66
935 1342.66 1342.66
936 1342.66 1342.66
937 1342.66 1342.66
938 1342.66 1342.66
939 1342.66 1342.66
940 1342.66 1342.66
941 1342.66 1342.66
942 1342.66 1342.66
943 1342.66 1342.66
944 1342.66 1342.66
945 1342.66 1342.66
946 1342.66 1342.66
947 1342.66 1342.66
948 1342.66 1342.66
949 1342.66 1342.66
950 1342.66 1342.66
951 1342.66 1342.66
952 1342.66 1342.66
953 1342.66 1342.66
954 1342.66 1342.66
955 1342.66 1342.66
956 1342.66 1342.66
957 1342.66 1342.66
958 1342.66 1342.66
959 1342.66 1342.66
960 1342.66 1342.66
961 1342.66 1342.66
962 1342.66 1342.66
963 1342.66 1342.66
964 1342.66 1342.66
965 1342.66 1342.66
966 1342.66 1342.66
967 1342.66 1342.66
968 1342.66 1342.66
969 1342.66 1342.66
970 1342.66 1342.66
971 1342.66 1342.66
972 1342.66 1342.66
973 1342.66 1342.66
974 1342.66 1342.66
975 1342.66 1342.66
976 1342.66 1342.66
977 1342.66 1342.66
978 1342.66 1342.66
979 1342.66 1342.66
980 1342.66 1342.66
981 1342.66 1342.66
982 1342.66 1342.66
983 1342.66 1342.66
984 1342.66 1342.66
985 1342.66 1342.66
986 1342.66 1342.66
987 1342.66 1342.66
988 1342.66 1342.66
989 1342.66 1342.66
990 1342.66 1342.66
991 1342.66 1342.66
992 1342.66 1342.66
993 1342.66 1342.66
994 1342.66 1342.66
995 1342.66 1342.66
996 1342.66 1342.66
997 1342.66 1342.66
998 1342.66 1342.66
999 1342.66 1342.66
1000 1342.66 1342.66
1001 1342.66 1342.66
1002 1342.66 1342.66
1003 1342.66 1342.66
1004 1342.66 1342.66
1005 1342.66 1342.66
1006 1342.66 1342.66
1007 1342.66 1342.66
1008 1342.66 1342.66
1009 1342.66 1342.66
1010 1342.66 1342.66
1011 1342.66 1342.66
1012 1342.66 1342.66
1013 1342.66 1342.66
1014 1342.66 1342.66
1015 1342.66 1342.66
1016 1342.66 1342.66
1017 1342.66 1342.66
1018 1342.66 1342.66
1019 1342.66 1342.66
1020 1342.66 1342.66
1021 1342.66 1342.66
1022 1342.66 1342.66
1023 1342.66 1342.66
1024 1342.66 1342.66
1025 1342.66 1342.66
1026 1342.66 1342.66
1027 1342.66 1342.66
1028 1342.66 1342.66
1029 1342.66 1342.66
1030 1342.66 1342.66
1031 1342.66 1342.66
1032 1342.66 1342.66
1033 1342.66 1342.66
1034 1342.66 1342.66
1035 1342.66 1342.66
1036 1342.66 1342.66
1037 1342.66 1342.66
1038 1342.66 1342.66
1039 1342.66 1342.66
1040 1342.66 1342.66
1041 1342.66 1342.66
1042 1342.66 1342.66
1043 1342.66 1342.66
1044 1342.66 1342.66
1045 1342.66 1342.66
1046 1342.66 1342.66
1047 1342.66 1342.66
1048 1342.66 1342.66
1049 1342.66 1342.66
1050 1342.66 1342.66
1051 1342.66 1342.66
1052 1342.66 1342.66
1053 1342.66 1342.66
1054 1342.66 1342.66
1055 1342.66 1342.66
1056 1342.66 1342.66
1057 1342.66 1342.66
1058 1342.66 1342.66
1059 1342.66 1342.66
1060 1342.66 1342.66
1061 1342.66 1342.66
1062 1342.66 1342.66
1063 1342.66 1342.66
1064 1342.66 1342.66
1065 1342.66 1342.66
1066 1342.66 1342.66
1067 1342.66 1342.66
1068 1342.66 1342.66
1069 1342.66 1342.66
1070 1342.66 1342.66
1071 1342.66 1342.66
1072 1342.66 1342.66
1073 1342.66 1342.66
1074 1342.66 1342.66
1075 1342.66 1342.66
1076 1342.66 1342.66
1077 1342.66 1342.66
1078 1342.66 1342.66
1079 1342.66 1342.66
1080 1342.66 1342.66
1081 1342.66 1342.66
1082 1342.66 1342.66
1083 1342.66 1342.66
1084 1342.66 1342.66
1085 1342.66 1342.66
1086 1342.66 1342.66
1087 1342.66 1342.66
1088 1342.66 1342.66
1089 1342.66 1342.66
1090 1342.66 1342.66
1091 1342.66 1342.66
1092 1342.66 1342.66
1093 1342.66 1342.66
1094 1342.66 1342.66
1095 1342.66 1342.66
1096 1342.66 1342.66
1097 1342.66 1342.66
1098 1342.66 1342.66
1099 1342.66 1342.66
1100 1342.66 1342.66
1101 1342.66 1342.66
1102 1342.66 1342.66
1103 1342.66 1342.66
1104 1342.66 1342.66
1105 1342.66 1342.66
1106 1342.66 1342.66
1107 1342.66 1342.66
1108 1342.66 1342.66
1109 1342.66 1342.66
1110 1342.66 1342.66
1111 1342.66 1342.66
1112 1342.66 1342.66
1113 1342.66 1342.66
1114 1342.66 1342.66
1115 1342.66 1342.66
1116 1342.66 1342.66
1117 1342.66 1342.66
1118 1342.66 1342.66
1119 1342.66 1342.66
1120 1342.66 1342.66
1121 1342.66 1342.66
1122 1342.66 1342.66
1123 1342.66 1342.66
1124 1342.66 1342.66
1125 1342.66 1342.66
1126 1342.66 1342.66
1127 1342.66 1342.66
1128 1342.66 1342.66
1129 1342.66 1342.66
1130 1342.66 1342.66
1131 1342.66 1342.66
1132 1342.66 1342.66
1133 1342.66 1342.66
1134 1342.66 1342.66
1135 1342.66 1342.66
1136 1342.66 1342.66
1137 1342.66 1342.66
1138 1342.66 1342.66
1139 1342.66 1342.66
1140 1342.66 1342.66
1141 1342.66 1342.66
1142 1342.66 1342.66
1143 1342.66 1342.66
1144 1342.66 1342.66
1145 1342.66 1342.66
1146 1342.66 1342.66
1147 1342.66 1342.66
1148 1342.66 1342.66
1149 1342.66 1342.66
1150 1342.66 1342.66
1151 1342.66 1342.66
1152 1342.66 1342.66
1153 1342.66 1342.66
1154 1342.66 1342.66
1155 1342.66 1342.66
1156 1342.66 1342.66
1157 1342.66 1342.66
1158 1342.66 1342.66
1159 1342.66 1342.66
1160 1342.66 1342.66
1161 1342.66 1342.66
1162 1342.66 1342.66
1163 1342.66 1342.66
1164 1342.66 1342.66
1165 1342.66 1342.66
1166 1342.66 1342.66
1167 1342.66 1342.66
1168 1342.66 1342.66
1169 1342.66 1342.66
1170 1342.66 1342.66
1171 1342.66 1342.66
1172 1342.66 1342.66
1173 1342.66 1342.66
1174 1342.66 1342.66
1175 1342.66 1342.66
1176 1342.66 1342.66
1177 1342.66 1342.66
1178 1342.66 1342.66
1179 1342.66 1342.66
1180 1342.66 1342.66
1181 1342.66 1342.66
1182 1342.66 1342.66
1183 1342.66 1342.66
1184 1342.66 1342.66
1185 1342.66 1342.66
1186 1342.66 1342.66
1187 1342.66 1342.66
1188 1342.66 1342.66
1189 1342.66 1342.66
1190 1342.66 1342.66
1191 1342.66 1342.66
1192 1342.66 1342.66
1193 1342.66 1342.66
1194 1342.66 1342.66
1195 1342.66 1342.66
1196 1342.66 1342.66
1197 1342.66 1342.66
1198 1342.66 1342.66
1199 1342.66 1342.66
1200 1342.66 1342.66
1201 1342.66 1342.66
1202 1342.66 1342.66
1203 1342.66 1342.66
1204 1342.66 1342.66
1205 1342.66 1342.66
1206 1342.66 1342.66
1207 1342.66 1342.66
1208 1342.66 1342.66
1209 1342.66 1342.66
1210 1342.66 1342.66
1211 1342.66 1342.66
1212 1342.66 1342.66
1213 1342.66 1342.66
1214 1342.66 1342.66
1215 1342.66 1342.66
1216 1342.66 1342.66
1217 1342.66 1342.66
1218 1342.66 1342.66
1219 1342.66 1342.66
1220 1342.66 1342.66
1221 1342.66 1342.66
1222 1342.66 1342.66
1223 1342.66 1342.66
1224 1342.66 1342.66
1225 1342.66 1342.66
1226 1342.66 1342.66
1227 1342.66 1342.66
1228 1342.66 1342.66
1229 1342.66 1342.66
1230 1342.66 1342.66
1231 1342.66 1342.66
1232 1342.66 1342.66
1233 1342.66 1342.66
1234 1342.66 1342.66
1235 1342.66 1342.66
1236 1342.66 1342.66
1237 1342.66 1342.66
1238 1342.66 1342.66
1239 1342.66 1342.66
1240 1342.66 1342.66
1241 1342.66 1342.66
1242 1342.66 1342.66
1243 1342.66 1342.66
1244 1342.66 1342.66
1245 1342.66 1342.66
1246 1342.66 1342.66
1247 1342.66 1342.66
1248 1342.66 1342.66
1249 1342.66 1342.66
1250 1342.66 1342.66
1251 1342.66 1342.66
1252 1342.66 1342.66
1253 1342.66 1342.66
1254 1342.66 1342.66
1255 1342.66 1342.66
1256 1342.66 1342.66
1257 1342.66 1342.66
1258 1342.66 1342.66
1259 1342.66 1342.66
1260 1342.66 1342.66
1261 1342.66 1342.66
1262 1342.66 1342.66
1263 1342.66 1342.66
1264 1342.66 1342.66
1265 1342.66 1342.66
1266 1342.66 1342.66
1267 1342.66 1342.66
1268 1342.66 1342.66
1269 1342.66 1342.66
1270 1342.66 1342.66
1271 1342.66 1342.66
1272 1342.66 1342.66
1273 1342.66 1342.66
1274 1342.66 1342.66
1275 1342.66 1342.66
1276 1342.66 1342.66
1277 1342.66 1342.66
1278 1342.66 1342.66
1279 1342.66 1342.66
1280 1342.66 1342.66
1281 1342.66 1342.66
1282 1342.66 1342.66
1283 1342.66 1342.66
1284 1342.66 1342.66
1285 1342.66 1342.66
1286 1342.66 1342.66
1287 1342.66 1342.66
1288 1342.66 1342.66
1289 1342.66 1342.66
1290 1342.66 1342.66
1291 1342.66 1342.66
1292 1342.66 1342.66
1293 1342.66 1342.66
1294 1342.66 1342.66
1295 1342.66 1342.66
1296 1342.66 1342.66
1297 1342.66 1342.66
1298 1342.66 1342.66
1299 1342.66 1342.66
1300 1342.66 1342.66
1301 1342.66 1342.66
1302 1342.66 1342.66
1303 1342.66 1342.66
1304 1342.66 1342.66
1305 1342.66 1342.66
1306 1342.66 1342.66
1307 1342.66 1342.66
1308 1342.66 1342.66
1309 1342.66 1342.66
1310 1342.66 1342.66
1311 1342.66 1342.66
1312 1342.66 1342.66
1313 1342.66 1342.66
1314 1342.66 1342.66
1315 1342.66 1342.66
1316 1342.66 1342.66
1317 1342.66 1342.66
1318 1342.66 1342.66
1319 1342.66 1342.66
1320 1342.66 1342.66
1321 1342.66 1342.66
1322 1342.66 1342.66
1323 1342.66 1342.66
1324 1342.66 1342.66
1325 1342.66 1342.66
1326 1342.66 1342.66
1327 1342.66 1342.66
1328 1342.66 1342.66
1329 1342.66 1342.66
1330 1342.66 1342.66
1331 1342.66 1342.66
1332 1342.66 1342.66
1333 1342.66 1342.66
1334 1342.66 1342.66
1335 1342.66 1342.66
1336 1342.66 1342.66
1337 1342.66 1342.66
1338 1342.66 1342.66
1339 1342.66 1342.66
1340 1342.66 1342.66
1341 1342.66 1342.66
1342 1342.66 1342.66
1343 1342.66 1342.66
1344 1342.66 1342.66
1345 1342.66 1342.66
1346 1342.66 1342.66
1347 1342.66 1342.66
1348 1342.66 1342.66
1349 1342.66 1342.66
1350 1342.66 1342.66
1351 1342.66 1342.66
1352 1342.66 1342.66
1353 1342.66 1342.66
1354 1342.66 1342.66
1355 1342.66 1342.66
1356 1342.66 1342.66
1357 1342.66 1342.66
1358 1342.66 1342.66
1359 1342.66 1342.66
1360 1342.66 1342.66
1361 1342.66 1342.66
1362 1342.66 1342.66
1363 1342.66 1342.66
1364 1342.66 1342.66
1365 1342.66 1342.66
1366 1342.66 1342.66
1367 1342.66 1342.66
1368 1342.66 1342.66
1369 1342.66 1342.66
1370 1342.66 1342.66
1371 1342.66 1342.66
1372 1342.66 1342.66
1373 1342.66 1342.66
1374 1342.66 1342.66
1375 1342.66 1342.66
1376 1342.66 1342.66
1377 1342.66 1342.66
1378 1342.66 1342.66
1379 1342.66 1342.66
1380 1342.66 1342.66
1381 1342.66 1342.66
1382 1342.66 1342.66
1383 1342.66 1342.66
1384 1342.66 1342.66
1385 1342.66 1342.66
1386 1342.66 1342.66
1387 1342.66 1342.66
1388 1342.66 1342.66
1389 1342.66 1342.66
1390 1342.66 1342.66
1391 1342.66 1342.66
1392 1342.66 1342.66
1393 1342.66 1342.66
1394 1342.66 1342.66
1395 1342.66 1342.66
1396 1342.66 1342.66
1397 1342.66 1342.66
1398 1342.66 1342.66
1399 1342.66 1342.66
1400 1342.66 1342.66
1401 1342.66 1342.66
1402 1342.66 1342.66
1403 1342.66 1342.66
1404 1342.66 1342.66
1405 1342.66 1342.66
1406 1342.66 1342.66
1407 1342.66 1342.66
1408 1342.66 1342.66
1409 1342.66 1342.66
1410 1342.66 1342.66
1411 1342.66 1342.66
1412 1342.66 1342.66
1413 1342.66 1342.66
1414 1342.66 1342.66
1415 1342.66 1342.66
1416 1342.66 1342.66
1417 1342.66 1342.66
1418 1342.66 1342.66
1419 1342.66 1342.66
1420 1342.66 1342.66
1421 1342.66 1342.66
1422 1342.66 1342.66
1423 1342.66 1342.66
1424 1342.66 1342.66
1425 1342.66 1342.66
1426 1342.66 1342.66
1427 1342.66 1342.66
1428 1342.66 1342.66
1429 1342.66 1342.66
1430 1342.66 1342.66
1431 1342.66 1342.66
1432 1342.66 1342.66
1433 1342.66 1342.66
1434 1342.66 1342.66
1435 1342.66 1342.66
1436 1342.66 1342.66
1437 1342.66 1342.66
1438 1342.66 1342.66
1439 1342.66 1342.66
1440 1342.66 1342.66
1441 1342.66 1342.66
1442 1342.66 1342.66
1443 1342.66 1342.66
1444 1342.66 1342.66
1445 1342.66 1342.66
1446 1342.66 1342.66
1447 1342.66 1342.66
1448 1342.66 1342.66
1449 1342.66 1342.66
1450 1342.66 1342.66
1451 1342.66 1342.66
1452 1342.66 1342.66
1453 1342.66 1342.66
1454 1342.66 1342.66
1455 1342.66 1342.66
1456 1342.66 1342.66
1457 1342.66 1342.66
1458 1342.66 1342.66
1459 1342.66 1342.66
1460 1342.66 1342.66
1461 1342.66 1342.66
1462 1342.66 1342.66
1463 1342.66 1342.66
1464 1342.66 1342.66
1465 1342.66 1342.66
1466 1342.66 1342.66
1467 1342.66 1342.66
1468 1342.66 1342.66
1469 1342.66 1342.66
1470 1342.66 1342.66
1471 1342.66 1342.66
1472 1342.66 1342.66
1473 1342.66 1342.66
1474 1342.66 1342.66
1475 1342.66 1342.66
1476 1342.66 1342.66
1477 1342.66 1342.66
1478 1342.66 1342.66
1479 1342.66 1342.66
1480 1342.66 1342.66
1481 1342.66 1342.66
1482 1342.66 1342.66
1483 1342.66 1342.66
1484 1342.66 1342.66
1485 1342.66 1342.66
1486 1342.66 1342.66
1487 1342.66 1342.66
1488 1342.66 1342.66
1489 1342.66 1342.66
1490 1342.66 1342.66
1491 1342.66 1342.66
1492 1342.66 1342.66
1493 1342.66 1342.66
1494 1342.66 1342.66
1495 1342.66 1342.66
1496 1342.66 1342.66
1497 1342.66 1342.66
1498 1342.66 1342.66
1499 1342.66 1342.66
1500 1342.66 1342.66
1501 1342.66 1342.66
1502 1342.66 1342.66
1503 1342.66 1342.66
1504 1342.66 1342.66
1505 1342.66 1342.66
1506 1342.66 1342.66
1507 1342.66 1342.66
1508 1342.66 1342.66
1509 1342.66 1342.66
1510 1342.66 1342.66
1511 1342.66 1342.66
1512 1342.66 1342.66
1513 1342.66 1342.66
1514 1342.66 1342.66
1515 1342.66 1342.66
1516 1342.66 1342.66
1517 1342.66 1342.66
1518 1342.66 1342.66
1519 1342.66 1342.66
1520 1342.66 1342.66
1521 1342.66 1342.66
1522 1342.66 1342.66
1523 1342.66 1342.66
1524 1342.66 1342.66
1525 1342.66 1342.66
1526 1342.66 1342.66
1527 1342.66 1342.66
1528 1342.66 1342.66
1529 1342.66 1342.66
1530 1342.66 1342.66
1531 1342.66 1342.66
1532 1342.66 1342.66
1533 1342.66 1342.66
1534 1342.66 1342.66
1535 1342.66 1342.66
1536 1342.66 1342.66
1537 1342.66 1342.66
1538 1342.66 1342.66
1539 1342.66 1342.66
1540 1342.66 1342.66
1541 1342.66 1342.66
1542 1342.66 1342.66
1543 1342.66 1342.66
1544 1342.66 1342.66
1545 1342.66 1342.66
1546 1342.66 1342.66
1547 1342.66 1342.66
1548 1342.66 1342.66
1549 1342.66 1342.66
1550 1342.66 1342.66
1551 1342.66 1342.66
1552 1342.66 1342.66
1553 1342.66 1342.66
1554 1342.66 1342.66
1555 1342.66 1342.66
1556 1342.66 1342.66
1557 1342.66 1342.66
1558 1342.66 1342.66
1559 1342.66 1342.66
1560 1342.66 1342.66
1561 1342.66 1342.66
1562 1342.66 1342.66
1563 1342.66 1342.66
1564 1342.66 1342.66
1565 1342.66 1342.66
1566 1342.66 1342.66
1567 1342.66 1342.66
1568 1342.66 1342.66
1569 1342.66 1342.66
1570 1342.66 1342.66
1571 1342.66 1342.66
1572 1342.66 1342.66
1573 1342.66 1342.66
1574 1342.66 1342.66
1575 1342.66 1342.66
1576 1342.66 1342.66
1577 1342.66 1342.66
1578 1342.66 1342.66
1579 1342.66 1342.66
1580 1342.66 1342.66
1581 1342.66 1342.66
1582 1342.66 1342.66
1583 1342.66 1342.66
1584 1342.66 1342.66
1585 1342.66 1342.66
1586 1342.66 1342.66
1587 1342.66 1342.66
1588 1342.66 1342.66
1589 1342.66 1342.66
1590 1342.66 1342.66
1591 1342.66 1342.66
1592 1342.66 1342.66
1593 1342.66 1342.66
1594 1342.66 1342.66
1595 1342.66 1342.66
1596 1342.66 1342.66
1597 1342.66 1342.66
1598 1342.66 1342.66
1599 1342.66 1342.66
1600 1342.66 1342.66
1601 1342.66 1342.66
1602 1342.66 1342.66
1603 1342.66 1342.66
1604 1342.66 1342.66
1605 1342.66 1342.66
1606 1342.66 1342.66
1607 1342.66 1342.66
1608 1342.66 1342.66
1609 1342.66 1342.66
1610 1342.66 1342.66
1611 1342.66 1342.66
1612 1342.66 1342.66
1613 1342.66 1342.66
1614 1342.66 1342.66
1615 1342.66 1342.66
1616 1342.66 1342.66
1617 1342.66 1342.66
1618 1342.66 1342.66
1619 1342.66 1342.66
1620 1342.66 1342.66
1621 1342.66 1342.66
1622 1342.66 1342.66
1623 1342.66 1342.66
1624 1342.66 1342.66
1625 1342.66 1342.66
1626 1342.66 1342.66
1627 1342.66 1342.66
1628 1342.66 1342.66
1629 1342.66 1342.66
1630 1342.66 1342.66
1631 1342.66 1342.66
1632 1342.66 1342.66
1633 1342.66 1342.66
1634 1342.66 1342.66
1635 1342.66 1342.66
1636 1342.66 1342.66
1637 1342.66 1342.66
1638 1342.66 1342.66
1639 1342.66 1342.66
1640 1342.66 1342.66
1641 1342.66 1342.66
1642 1342.66 1342.66
1643 1342.66 1342.66
1644 1342.66 1342.66
1645 1342.66 1342.66
1646 1342.66 1342.66
1647 1342.66 1342.66
1648 1342.66 1342.66
1649 1342.66 1342.66
1650 1342.66 1342.66
1651 1342.66 1342.66
1652 1342.66 1342.66
1653 1342.66 1342.66
1654 1342.66 1342.66
1655 1342.66 1342.66
1656 1342.66 1342.66
1657 1342.66 1342.66
1658 1342.66 1342.66
1659 1342.66 1342.66
1660 1342.66 1342.66
1661 1342.66 1342.66
1662 1342.66 1342.66
1663 1342.66 1342.66
1664 1342.66 1342.66
1665 1342.66 1342.66
1666 1342.66 1342.66
1667 1342.66 1342.66
1668 1342.66 1342.66
1669 1342.66 1342.66
1670 1342.66 1342.66
1671 1342.66 1342.66
1672 1342.66 1342.66
1673 1342.66 1342.66
1674 1342.66 1342.66
1675 1342.66 1342.66
1676 1342.66 1342.66
1677 1342.66 1342.66
1678 1342.66 1342.66
1679 1342.66 1342.66
1680 1342.66 1342.66
1681 1342.66 1342.66
1682 1342.66 1342.66
1683 1342.66 1342.66
1684 1342.66 1342.66
1685 1342.66 1342.66
1686 1342.66 1342.66
1687 1342.66 1342.66
1688 1342.66 1342.66
1689 1342.66 1342.66
1690 1342.66 1342.66
1691 1342.66 1342.66
1692 1342.66 1342.66
1693 1342.66 1342.66
1694 1342.66 1342.66
1695 1342.66 1342.66
1696 1342.66 1342.66
1697 1342.66 1342.66
1698 1342.66 1342.66
1699 1342.66 1342.66
1700 1342.66 1342.66
1701 1342.66 1342.66
1702 1342.66 1342.66
1703 1342.66 1342.66
1704 1342.66 1342.66
1705 1342.66 1342.66
1706 1342.66 1342.66
1707 1342.66 1342.66
1708 1342.66 1342.66
1709 1342.66 1342.66
1710 1342.66 1342.66
1711 1342.66 1342.66
1712 1342.66 1342.66
1713 1342.66 1342.66
1714 1342.66 1342.66
1715 1342.66 1342.66
1716 1342.66 1342.66
1717 1342.66 1342.66
1718 1342.66 1342.66
1719 1342.66 1342.66
1720 1342.66 1342.66
1721 1342.66 1342.66
1722 1342.66 1342.66
1723 1342.66 1342.66
1724 1342.66 1342.66
1725 1342.66 1342.66
1726 1342.66 1342.66
1727 1342.66 1342.66
1728 1342.66 1342.66
1729 1342.66 1342.66
1730 1342.66 1342.66
1731 1342.66 1342.66
1732 1342.66 1342.66
1733 1342.66 1342.66
1734 1342.66 1342.66
1735 1342.66 1342.66
1736 1342.66 1342.66
1737 1342.66 1342.66
1738 1342.66 1342.66
1739 1342.66 1342.66
1740 1342.66 1342.66
1741 1342.66 1342.66
1742 1342.66 1342.66
1743 1342.66 1342.66
1744 1342.66 1342.66
1745 1342.66 1342.66
1746 1342.66 1342.66
1747 1342.66 1342.66
1748 1342.66 1342.66
1749 1342.66 1342.66
1750 1342.66 1342.66
1751 1342.66 1342.66
1752 1342.66 1342.66
1753 1342.66 1342.66
1754 1342.66 1342.66
1755 1342.66 1342.66
1756 1342.66 1342.66
1757 1342.66 1342.66
1758 1342.66 1342.66
1759 1342.66 1342.66
1760 1342.66 1342.66
1761 1342.66 1342.66
1762 1342.66 1342.66
1763 1342.66 1342.66
1764 1342.66 1342.66
1765 1342.66 1342.66
1766 1342.66 1342.66
1767 1342.66 1342.66
1768 1342.66 1342.66
1769 1342.66 1342.66
1770 1342.66 1342.66
1771 1342.66 1342.66
1772 1342.66 1342.66
1773 1342.66 1342.66
1774 1342.66 1342.66
1775 1342.66 1342.66
1776 1342.66 1342.66
1777 1342.66 1342.66
1778 1342.66 1342.66
1779 1342.66 1342.66
1780 1342.66 1342.66
1781 1342.66 1342.66
1782 1342.66 1342.66
1783 1342.66 1342.66
1784 1342.66 1342.66
1785 1342.66 1342.66
1786 1342.66 1342.66
1787 1342.66 1342.66
1788 1342.66 1342.66
1789 1342.66 1342.66
1790 1342.66 1342.66
1791 1342.66 1342.66
1792 1342.66 1342.66
1793 1342.66 1342.66
1794 1342.66 1342.66
1795 1342.66 1342.66
1796 1342.66 1342.66
1797 1342.66 1342.66
1798 1342.66 1342.66
1799 1342.66 1342.66
1800 1342.66 1342.66
1801 1342.66 1342.66
1802 1342.66 1342.66
1803 1342.66 1342.66
1804 1342.66 1342.66
1805 1342.66 1342.66
1806 1342.66 1342.66
1807 1342.66 1342.66
1808 1342.66 1342.66
1809 1342.66 1342.66
1810 1342.66 1342.66
1811 1342.66 1342.66
1812 1342.66 1342.66
1813 1342.66 1342.66
1814 1342.66 1342.66
1815 1342.66 1342.66
1816 1342.66 1342.66
1817 1342.66 1342.66
1818 1342.66 1342.66
1819 1342.66 1342.66
1820 1342.66 1342.66
1821 1342.66 1342.66
1822 1342.66 1342.66
1823 1342.66 1342.66
1824 1342.66 1342.66
1825 1342.66 1342.66
1826 1342.66 1342.66
1827 1342.66 1342.66
1828 1342.66 1342.66
1829 1342.66 1342.66
1830 1342.66 1342.66
1831 1342.66 1342.66
1832 1342.66 1342.66
1833 1342.66 1342.66
1834 1342.66 1342.66
1835 1342.66 1342.66
1836 1342.66 1342.66
1837 1342.66 1342.66
1838 1342.66 1342.66
1839 1342.66 1342.66
1840 1342.66 1342.66
1841 1342.66 1342.66
1842 1342.66 1342.66
1843 1342.66 1342.66
1844 1342.66 1342.66
1845 1342.66 1342.66
1846 1342.66 1342.66
1847 1342.66 1342.66
1848 1342.66 1342.66
1849 1342.66 1342.66
1850 1342.66 1342.66
1851 1342.66 1342.66
1852 1342.66 1342.66
1853 1342.66 1342.66
1854 1342.66 1342.66
1855 1342.66 1342.66
1856 1342.66 1342.66
1857 1342.66 1342.66
1858 1342.66 1342.66
1859 1342.66 1342.66
1860 1342.66 1342.66
1861 1342.66 1342.66
1862 1342.66 1342.66
1863 1342.66 1342.66
1864 1342.66 1342.66
1865 1342.66 1342.66
1866 1342.66 1342.66
1867 1342.66 1342.66
1868 1342.66 1342.66
1869 1342.66 1342.66
1870 1342.66 1342.66
1871 1342.66 1342.66
1872 1342.66 1342.66
1873 1342.66 1342.66
1874 1342.66 1342.66
1875 1342.66 1342.66
1876 1342.66 1342.66
1877 1342.66 1342.66
1878 1342.66 1342.66
1879 1342.66 1342.66
1880 1342.66 1342.66
1881 1342.66 1342.66
1882 1342.66 1342.66
1883 1342.66 1342.66
1884 1342.66 1342.66
1885 1342.66 1342.66
1886 1342.66 1342.66
1887 1342.66 1342.66
1888 1342.66 1342.66
1889 1342.66 1342.66
1890 1342.66 1342.66
1891 1342.66 1342.66
1892 1342.66 1342.66
1893 1342.66 1342.66
1894 1342.66 1342.66
1895 1342.66 1342.66
1896 1342.66 1342.66
1897 1342.66 1342.66
1898 1342.66 1342.66
1899 1342.66 1342.66
1900 1342.66 1342.66
1901 1342.66 1342.66
1902 1342.66 1342.66
1903 1342.66 1342.66
1904 1342.66 1342.66
1905 1342.66 1342.66
1906 1342.66 1342.66
1907 1342.66 1342.66
1908 1342.66 1342.66
1909 1342.66 1342.66
1910 1342.66 1342.66
1911 1342.66 1342.66
1912 1342.66 1342.66
1913 1342.66 1342.66
1914 1342.66 1342.66
1915 1342.66 1342.66
1916 1342.66 1342.66
1917 1342.66 1342.66
1918 1342.66 1342.66
1919 1342.66 1342.66
1920 1342.66 1342.66
1921 1342.66 1342.66
1922 1342.66 1342.66
1923 1342.66 1342.66
1924 1342.66 1342.66
1925 1342.66 1342.66
1926 1342.66 1342.66
1927 1342.66 1342.66
1928 1342.66 1342.66
1929 1342.66 1342.66
1930 1342.66 1342.66
1931 1342.66 1342.66
1932 1342.66 1342.66
1933 1342.66 1342.66
1934 1342.66 1342.66
1935 1342.66 1342.66
1936 1342.66 1342.66
1937 1342.66 1342.66
1938 1342.66 1342.66
1939 1342.66 1342.66
1940 1342.66 1342.66
1941 1342.66 1342.66
1942 1342.66 1342.66
1943 1342.66 1342.66
1944 1342.66 1342.66
1945 1342.66 1342.66
1946 1342.66 1342.66
1947 1342.66 1342.66
1948 1342.66 1342.66
1949 1342.66 1342.66
1950 1342.66 1342.66
1951 1342.66 1342.66
1952 1342.66 1342.66
1953 1342.66 1342.66
1954 1342.66 1342.66
1955 1342.66 1342.66
1956 1342.66 1342.66
1957 1342.66 1342.66
1958 1342.66 1342.66
1959 1342.66 1342.66
1960 1342.66 1342.66
1961 1342.66 1342.66
1962 1342.66 1342.66
1963 1342.66 1342.66
1964 1342.66 1342.66
1965 1342.66 1342.66
1966 1342.66 1342.66
1967 1342.66 1342.66
1968 1342.66 1342.66
1969 1342.66 1342.66
1970 1342.66 1342.66
1971 1342.66 1342.66
1972 1342.66 1342.66
1973 1342.66 1342.66
1974 1342.66 1342.66
1975 1342.66 1342.66
1976 1342.66 1342.66
1977 1342.66 1342.66
1978 1342.66 1342.66
1979 1342.66 1342.66
1980 1342.66 1342.66
1981 1342.66 1342.66
1982 1342.66 1342.66
1983 1342.66 1342.66
1984 1342.66 1342.66
1985 1342.66 1342.66
1986 1342.66 1342.66
1987 1342.66 1342.66
1988 1342.66 1342.66
1989 1342.66 1342.66
1990 1342.66 1342.66
1991 1342.66 1342.66
1992 1342.66 1342.66
1993 1342.66 1342.66
1994 1342.66 1342.66
1995 1342.66 1342.66
1996 1342.66 1342.66
1997 1342.66 1342.66
1998 1342.66 1342.66
1999 1342.66 1342.66
2000 1342.66 1342.66
2001 1342.66 1342.66
2002 1342.66 1342.66
2003 1342.66 1342.66
2004 1342.66 1342.66
2005 1342.66 1342.66
2006 1342.66 1342.66
2007 1342.66 1342.66
2008 1342.66 1342.66
2009 1342.66 1342.66
2010 1342.66 1342.66
2011 1342.66 1342.66
2012 1342.66 1342.66
2013 1342.66 1342.66
2014 1342.66 1342.66
2015 1342.66 1342.66
2016 1342.66 1342.66
2017 1342.66 1342.66
2018 1342.66 1342.66
2019 1342.66 1342.66
2020 1342.66 1342.66
2021 1342.66 1342.66
2022 1342.66 1342.66
2023 1342.66 1342.66
2024 1342.66 1342.66
2025 1342.66 1342.66
2026 1342.66 1342.66
2027 1342.66 1342.66
2028 1342.66 1342.66
2029 1342.66 1342.66
2030 1342.66 1342.66
2031 1342.66 1342.66
2032 1342.66 1342.66
2033 1342.66 1342.66
2034 1342.66 1342.66
2035 1342.66 1342.66
2036 1342.66 1342.66
2037 1342.66 1342.66
2038 1342.66 1342.66
2039 1342.66 1342.66
2040 1342.66 1342.66
2041 1342.66 1342.66
2042 1342.66 1342.66
2043 1342.66 1342.66
2044 1342.66 1342.66
2045 1342.66 1342.66
2046 1342.66 1342.66
2047 1342.66 1342.66
2048 1342.66 1342.66
2049 1342.66 1342.66
2050 1342.66 1342.66
2051 1342.66 1342.66
2052 1342.66 1342.66
2053 1342.66 1342.66
2054 1342.66 1342.66
2055 1342.66 1342.66
2056 1342.66 1342.66
2057 1342.66 1342.66
2058 1342.66 1342.66
2059 1342.66 1342.66
2060 1342.66 1342.66
2061 1342.66 1342.66
2062 1342.66 1342.66
2063 1342.66 1342.66
2064 1342.66 1342.66
2065 1342.66 1342.66
2066 1342.66 1342.66
2067 1342.66 1342.66
2068 1342.66 1342.66
2069 1342.66 1342.66
2070 1342.66 1342.66
2071 1342.66 1342.66
2072 1342.66 1342.66
2073 1342.66 1342.66
2074 1342.66 1342.66
2075 1342.66 1342.66
2076 1342.66 1342.66
2077 1342.66 1342.66
2078 1342.66 1342.66
2079 1342.66 1342.66
2080 1342.66 1342.66
2081 1342.66 1342.66
2082 1342.66 1342.66
2083 1342.66 1342.66
2084 1342.66 1342.66
2085 1342.66 1342.66
2086 1342.66 1342.66
2087 1342.66 1342.66
2088 1342.66 1342.66
2089 1342.66 1342.66
2090 1342.66 1342.66
2091 1342.66 1342.66
2092 1342.66 1342.66
2093 1342.66 1342.66
2094 1342.66 1342.66
2095 1342.66 1342.66
2096 1342.66 1342.66
2097 1342.66 1342.66
2098 1342.66 1342.66
2099 1342.66 1342.66
2100 1342.66 1342.66
2101 1342.66 1342.66
2102 1342.66 1342.66
2103 1342.66 1342.66
2104 1342.66 1342.66
2105 1342.66 1342.66
2106 1342.66 1342.66
2107 1342.66 1342.66
2108 1342.66 1342.66
2109 1342.66 1342.66
2110 1342.66 1342.66
2111 1342.66 1342.66
2112 1342.66 1342.66
2113 1342.66 1342.66
2114 1342.66 1342.66
2115 1342.66 1342.66
2116 1342.66 1342.66
2117 1342.66 1342.66
2118 1342.66 1342.66
2119 1342.66 1342.66
2120 1342.66 1342.66
2121 1342.66 1342.66
2122 1342.66 1342.66
2123 1342.66 1342.66
2124 1342.66 1342.66
2125 1342.66 1342.66
2126 1342.66 1342.66
2127 1342.66 1342.66
2128 1342.66 1342.66
2129 1342.66 1342.66
2130 1342.66 1342.66
2131 1342.66 1342.66
2132 1342.66 1342.66
2133 1342.66 1342.66
2134 1342.66 1342.66
2135 1342.66 1342.66
2136 1342.66 1342.66
2137 1342.66 1342.66
2138 1342.66 1342.66
2139 1342.66 1342.66
2140 1342.66 1342.66
2141 1342.66 1342.66
2142 1342.66 1342.66
2143 1342.66 1342.66
2144 1342.66 1342.66
2145 1342.66 1342.66
2146 1342.66 1342.66
2147 1342.66 1342.66
2148 1342.66 1342.66
2149 1342.66 1342.66
2150 1342.66 1342.66
2151 1342.66 1342.66
2152 1342.66 1342.66
2153 1342.66 1342.66
2154 1342.66 1342.66
2155 1342.66 1342.66
2156 1342.66 1342.66
2157 1342.66 1342.66
2158 1342.66 1342.66
2159 1342.66 1342.66
2160 1342.66 1342.66
2161 1342.66 1342.66
2162 1342.66 1342.66
2163 1342.66 1342.66
2164 1342.66 1342.66
2165 1342.66 1342.66
2166 1342.66 1342.66
2167 1342.66 1342.66
2168 1342.66 1342.66
2169 1342.66 1342.66
2170 1342.66 1342.66
2171 1342.66 1342.66
2172 1342.66 1342.66
2173 1342.66 1342.66
2174 1342.66 1342.66
2175 1342.66 1342.66
2176 1342.66 1342.66
2177 1342.66 1342.66
2178 1342.66 1342.66
2179 1342.66 1342.66
2180 1342.66 1342.66
2181 1342.66 1342.66
2182 1342.66 1342.66
2183 1342.66 1342.66
2184 1342.66 1342.66
2185 1342.66 1342.66
2186 1342.66 1342.66
2187 1342.66 1342.66
2188 1342.66 1342.66
2189 1342.66 1342.66
2190 1342.66 1342.66
2191 1342.66 1342.66
2192 1342.66 1342.66
2193 1342.66 1342.66
2194 1342.66 1342.66
2195 1342.66 1342.66
2196 1342.66 1342.66
2197 1342.66 1342.66
2198 1342.66 1342.66
2199 1342.66 1342.66
2200 1342.66 1342.66
2201 1342.66 1342.66
2202 1342.66 1342.66
2203 1342.66 1342.66
2204 1342.66 1342.66
2205 1342.66 1342.66
2206 1342.66 1342.66
2207 1342.66 1342.66
2208 1342.66 1342.66
2209 1342.66 1342.66
2210 1342.66 1342.66
2211 1342.66 1342.66
2212 1342.66 1342.66
2213 1342.66 1342.66
2214 1342.66 1342.66
2215 1342.66 1342.66
2216 1342.66 1342.66
2217 1342.66 1342.66
2218 1342.66 1342.66
2219 1342.66 1342.66
2220 1342.66 1342.66
2221 1342.66 1342.66
2222 1342.66 1342.66
