0 1362.60 1362.60
1 1362.60 1362.60
2 1362.60 1362.60
3 1362.60 1362.60
4 1362.60 1362.60
5 1362.60 1362.60
6 1362.60 1362.60
7 1362.60 1362.60
8 1362.60 1362.60
9 1362.60 1362.60
10 1362.60 1362.60
11 1362.60 1362.60
12 1362.60 1362.60
13 1362.60 1362.60
14 1362.60 1362.60
15 1362.60 1362.60
16 1362.60 1362.60
17 1362.60 1362.60
18 1362.60 1362.60
19 1362.60 1362.60
20 1362.60 1362.60
21 1362.60 1362.60
22 1362.60 1362.60
23 1362.60 1362.60
24 1362.60 1362.60
25 1362.60 1362.60
26 1362.60 1362.60
27 1362.60 1362.60
28 1362.60 1362.60
29 1362.60 1362.60
30 1362.60 1362.60
31 1362.60 1362.60
32 1362.60 1362.60
33 1362.60 1362.60
34 1362.60 1362.60
35 1362.60 1362.60
36 1362.60 1362.60
37 1362.60 1362.60
38 1362.60 1362.60
39 1362.60 1362.60
40 1362.60 1362.60
41 1362.60 1362.60
42 1362.60 1362.60
43 1362.60 1362.60
44 1362.60 1362.60
45 1362.60 1362.60
46 1362.60 1362.60
47 1362.60 1362.60
48 1362.60 1362.60
49 1362.60 1362.60
50 1362.60 1362.60
51 1362.60 1362.60
52 1362.60 1362.60
53 1362.60 1362.60
54 1362.60 1362.60
55 1362.60 1362.60
56 1362.60 1362.60
57 1362.60 1362.60
58 1362.60 1362.60
59 1362.60 1362.60
60 1362.60 1362.60
61 1362.60 1362.60
62 1362.60 1362.60
63 1362.60 1362.60
64 1362.60 1362.60
65 1362.60 1362.60
66 1362.60 1362.60
67 1362.60 1362.60
68 1362.60 1362.60
69 1362.60 1362.60
70 1362.60 1362.60
71 1362.60 1362.60
72 1362.60 1362.60
73 1362.60 1362.60
74 1362.60 1362.60
75 1362.60 1362.60
76 1362.60 1362.60
77 1362.60 1362.60
78 1362.60 1362.60
79 1362.60 1362.60
80 1362.60 1362.60
81 1362.60 1362.60
82 1362.60 1362.60
83 1362.60 1362.60
84 1362.60 1362.60
85 1362.60 1362.60
86 1362.60 1362.60
87 1362.60 1362.60
88 1362.60 1362.60
89 1362.60 1362.60
90 1362.60 1362.60
91 1362.60 1362.60
92 1362.60 1362.60
93 1362.60 1362.60
94 1362.60 1362.60
95 1362.60 1362.60
96 1362.60 1362.60
97 1362.60 1362.60
98 1362.60 1362.60
99 1362.60 1362.60
100 1362.60 1362.60
101 1362.60 1362.60
102 1362.60 1362.60
103 1362.60 1362.60
104 1362.60 1362.60
105 1362.60 1362.60
106 1362.60 1362.60
107 1362.60 1362.60
108 1362.60 1362.60
109 1362.60 1362.60
110 1362.60 1362.60
111 1362.60 1362.60
112 1362.60 1362.60
113 1362.60 1362.60
114 1362.60 1362.60
115 1362.60 1362.60
116 1362.60 1362.60
117 1362.60 1362.60
118 1362.60 1362.60
119 1362.60 1362.60
120 1362.60 1362.60
121 1362.60 1362.60
122 1362.60 1362.60
123 1362.60 1362.60
124 1362.60 1362.60
125 1362.60 1362.60
126 1362.60 1362.60
127 1362.60 1362.60
128 1362.60 1362.60
129 1362.60 1362.60
130 1362.60 1362.60
131 1362.60 1362.60
132 1362.60 1362.60
133 1362.60 1362.60
134 1362.60 1362.60
135 1362.60 1362.60
136 1362.60 1362.60
137 1362.60 1362.60
138 1362.60 1362.60
139 1362.60 1362.60
140 1362.60 1362.60
141 1362.60 1362.60
142 1362.60 1362.60
143 1362.60 1362.60
144 1362.60 1362.60
145 1362.60 1362.60
146 1362.60 1362.60
147 1362.60 1362.60
148 1362.60 1362.60
149 1362.60 1362.60
150 1362.60 1362.60
151 1362.60 1362.60
152 1362.60 1362.60
153 1362.60 1362.60
154 1362.60 1362.60
155 1362.60 1362.60
156 1362.60 1362.60
157 1362.60 1362.60
158 1362.60 1362.60
159 1362.60 1362.60
160 1362.60 1362.60
161 1362.60 1362.60
162 1362.60 1362.60
163 1362.60 1362.60
164 1362.60 1362.60
165 1362.60 1362.60
166 1362.60 1362.60
167 1362.60 1362.60
168 1362.60 1362.60
169 1362.60 1362.60
170 1362.60 1362.60
171 1362.60 1362.60
172 1362.60 1362.60
173 1362.60 1362.60
174 1362.60 1362.60
175 1362.60 1362.60
176 1362.60 1362.60
177 1362.60 1362.60
178 1362.60 1362.60
179 1362.60 1362.60
180 1362.60 1362.60
181 1362.60 1362.60
182 1362.60 1362.60
183 1362.60 1362.60
184 1362.60 1362.60
185 1362.60 1362.60
186 1362.60 1362.60
187 1362.60 1362.60
188 1362.60 1362.60
189 1362.60 1362.60
190 1362.60 1362.60
191 1362.60 1362.60
192 1362.60 1362.60
193 1362.60 1362.60
194 1362.60 1362.60
195 1362.60 1362.60
196 1362.60 1362.60
197 1362.60 1362.60
198 1362.60 1362.60
199 1362.60 1362.60
200 1362.60 1362.60
201 1362.60 1362.60
202 1362.60 1362.60
203 1362.60 1362.60
204 1362.60 1362.60
205 1362.60 1362.60
206 1362.60 1362.60
207 1362.60 1362.60
208 1362.60 1362.60
209 1362.60 1362.60
210 1362.60 1362.60
211 1362.60 1362.60
212 1362.60 1362.60
213 1362.60 1362.60
214 1362.60 1362.60
215 1362.60 1362.60
216 1362.60 1362.60
217 1362.60 1362.60
218 1362.60 1362.60
219 1362.60 1362.60
220 1362.60 1362.60
221 1362.60 1362.60
222 1362.60 1362.60
223 1362.60 1362.60
224 1362.60 1362.60
225 1362.60 1362.60
226 1362.60 1362.60
227 1362.60 1362.60
228 1362.60 1362.60
229 1362.60 1362.60
230 1362.60 1362.60
231 1362.60 1362.60
232 1362.60 1362.60
233 1362.60 1362.60
234 1362.60 1362.60
235 1362.60 1362.60
236 1362.60 1362.60
237 1362.60 1362.60
238 1362.60 1362.60
239 1362.60 1362.60
240 1362.60 1362.60
241 1362.60 1362.60
242 1362.60 1362.60
243 1362.60 1362.60
244 1362.60 1362.60
245 1362.60 1362.60
246 1362.60 1362.60
247 1362.60 1362.60
248 1362.60 1362.60
249 1362.60 1362.60
250 1362.60 1362.60
251 1362.60 1362.60
252 1362.60 1362.60
253 1362.60 1362.60
254 1362.60 1362.60
255 1362.60 1362.60
256 1362.60 1362.60
257 1362.60 1362.60
258 1362.60 1362.60
259 1362.60 1362.60
260 1362.60 1362.60
261 1362.60 1362.60
262 1362.60 1362.60
263 1362.60 1362.60
264 1362.60 1362.60
265 1362.60 1362.60
266 1362.60 1362.60
267 1362.60 1362.60
268 1362.60 1362.60
269 1362.60 1362.60
270 1362.60 1362.60
271 1362.60 1362.60
272 1362.60 1362.60
273 1362.60 1362.60
274 1362.60 1362.60
275 1362.60 1362.60
276 1362.60 1362.60
277 1362.60 1362.60
278 1362.60 1362.60
279 1362.60 1362.60
280 1362.60 1362.60
281 1362.60 1362.60
282 1362.60 1362.60
283 1362.60 1362.60
284 1362.60 1362.60
285 1362.60 1362.60
286 1362.60 1362.60
287 1362.60 1362.60
288 1362.60 1362.60
289 1362.60 1362.60
290 1362.60 1362.60
291 1362.60 1362.60
292 1362.60 1362.60
293 1362.60 1362.60
294 1362.60 1362.60
295 1362.60 1362.60
296 1362.60 1362.60
297 1362.60 1362.60
298 1362.60 1362.60
299 1362.60 1362.60
300 1362.60 1362.60
301 1362.60 1362.60
302 1362.60 1362.60
303 1362.60 1362.60
304 1362.60 1362.60
305 1362.60 1362.60
306 1362.60 1362.60
307 1362.60 1362.60
308 1362.60 1362.60
309 1362.60 1362.60
310 1362.60 1362.60
311 1362.60 1362.60
312 1362.60 1362.60
313 1362.60 1362.60
314 1362.60 1362.60
315 1362.60 1362.60
316 1362.60 1362.60
317 1362.60 1362.60
318 1362.60 1362.60
319 1362.60 1362.60
320 1362.60 1362.60
321 1362.60 1362.60
322 1362.60 1362.60
323 1362.60 1362.60
324 1362.60 1362.60
325 1362.60 1362.60
326 1362.60 1362.60
327 1362.60 1362.60
328 1362.60 1362.60
329 1362.60 1362.60
330 1362.60 1362.60
331 1362.60 1362.60
332 1362.60 1362.60
333 1362.60 1362.60
334 1362.60 1362.60
335 1362.60 1362.60
336 1362.60 1362.60
337 1362.60 1362.60
338 1362.60 1362.60
339 1362.60 1362.60
340 1362.60 1362.60
341 1362.60 1362.60
342 1362.60 1362.60
343 1362.60 1362.60
344 1362.60 1362.60
345 1362.60 1362.60
346 1362.60 1362.60
347 1362.60 1362.60
348 1362.60 1362.60
349 1362.60 1362.60
350 1362.60 1362.60
351 1362.60 1362.60
352 1362.60 1362.60
353 1362.60 1362.60
354 1362.60 1362.60
355 1362.60 1362.60
356 1362.60 1362.60
357 1362.60 1362.60
358 1362.60 1362.60
359 1362.60 1362.60
360 1362.60 1362.60
361 1362.60 1362.60
362 1362.60 1362.60
363 1362.60 1362.60
364 1362.60 1362.60
365 1362.60 1362.60
366 1362.60 1362.60
367 1362.60 1362.60
368 1362.60 1362.60
369 1362.60 1362.60
370 1362.60 1362.60
371 1362.60 1362.60
372 1362.60 1362.60
373 1362.60 1362.60
374 1362.60 1362.60
375 1362.60 1362.60
376 1362.60 1362.60
377 1362.60 1362.60
378 1362.60 1362.60
379 1362.60 1362.60
380 1362.60 1362.60
381 1362.60 1362.60
382 1362.60 1362.60
383 1362.60 1362.60
384 1362.60 1362.60
385 1362.60 1362.60
386 1362.60 1362.60
387 1362.60 1362.60
388 1362.60 1362.60
389 1362.60 1362.60
390 1362.60 1362.60
391 1362.60 1362.60
392 1362.60 1362.60
393 1362.60 1362.60
394 1362.60 1362.60
395 1362.60 1362.60
396 1362.60 1362.60
397 1362.60 1362.60
398 1362.60 1362.60
399 1362.60 1362.60
400 1362.60 1362.60
401 1362.60 1362.60
402 1362.60 1362.60
403 1362.60 1362.60
404 1362.60 1362.60
405 1362.60 1362.60
406 1362.60 1362.60
407 1362.60 1362.60
408 1362.60 1362.60
409 1362.60 1362.60
410 1362.60 1362.60
411 1362.60 1362.60
412 1362.60 1362.60
413 1362.60 1362.60
414 1362.60 1362.60
415 1362.60 1362.60
416 1362.60 1362.60
417 1362.60 1362.60
418 1362.60 1362.60
419 1362.60 1362.60
420 1362.60 1362.60
421 1362.60 1362.60
422 1362.60 1362.60
423 1362.60 1362.60
424 1362.60 1362.60
425 1362.60 1362.60
426 1362.60 1362.60
427 1362.60 1362.60
428 1362.60 1362.60
429 1362.60 1362.60
430 1362.60 1362.60
431 1362.60 1362.60
432 1362.60 1362.60
433 1362.60 1362.60
434 1362.60 1362.60
435 1362.60 1362.60
436 1362.60 1362.60
437 1362.60 1362.60
438 1362.60 1362.60
439 1362.60 1362.60
440 1362.60 1362.60
441 1362.60 1362.60
442 1362.60 1362.60
443 1362.60 1362.60
444 1362.60 1362.60
445 1362.60 1362.60
446 1362.60 1362.60
447 1362.60 1362.60
448 1362.60 1362.60
449 1362.60 1362.60
450 1362.60 1362.60
451 1362.60 1362.60
452 1362.60 1362.60
453 1362.60 1362.60
454 1362.60 1362.60
455 1362.60 1362.60
456 1362.60 1362.60
457 1362.60 1362.60
458 1362.60 1362.60
459 1362.60 1362.60
460 1362.60 1362.60
461 1362.60 1362.60
462 1362.60 1362.60
463 1362.60 1362.60
464 1362.60 1362.60
465 1362.60 1362.60
466 1362.60 1362.60
467 1362.60 1362.60
468 1362.60 1362.60
469 1362.60 1362.60
470 1362.60 1362.60
471 1362.60 1362.60
472 1362.60 1362.60
473 1362.60 1362.60
474 1362.60 1362.60
475 1362.60 1362.60
476 1362.60 1362.60
477 1362.60 1362.60
478 1362.60 1362.60
479 1362.60 1362.60
480 1362.60 1362.60
481 1362.60 1362.60
482 1362.60 1362.60
483 1362.60 1362.60
484 1362.60 1362.60
485 1362.60 1362.60
486 1362.60 1362.60
487 1362.60 1362.60
488 1362.60 1362.60
489 1362.60 1362.60
490 1362.60 1362.60
491 1362.60 1362.60
492 1362.60 1362.60
493 1362.60 1362.60
494 1362.60 1362.60
495 1362.60 1362.60
496 1362.60 1362.60
497 1362.60 1362.60
498 1362.60 1362.60
499 1362.60 1362.60
500 1362.60 1362.60
501 1362.60 1362.60
502 1362.60 1362.60
503 1362.60 1362.60
504 1362.60 1362.60
505 1362.60 1362.60
506 1362.60 1362.60
507 1362.60 1362.60
508 1362.60 1362.60
509 1362.60 1362.60
510 1362.60 1362.60
511 1362.60 1362.60
512 1362.60 1362.60
513 1362.60 1362.60
514 1362.60 1362.60
515 1362.60 1362.60
516 1362.60 1362.60
517 1362.60 1362.60
518 1362.60 1362.60
519 1362.60 1362.60
520 1362.60 1362.60
521 1362.60 1362.60
522 1362.60 1362.60
523 1362.60 1362.60
524 1362.60 1362.60
525 1362.60 1362.60
526 1362.60 1362.60
527 1362.60 1362.60
528 1362.60 1362.60
529 1362.60 1362.60
530 1362.60 1362.60
531 1362.60 1362.60
532 1362.60 1362.60
533 1362.60 1362.60
534 1362.60 1362.60
535 1362.60 1362.60
536 1362.60 1362.60
537 1362.60 1362.60
538 1362.60 1362.60
539 1362.60 1362.60
540 1362.60 1362.60
541 1362.60 1362.60
542 1362.60 1362.60
543 1362.60 1362.60
544 1362.60 1362.60
545 1362.60 1362.60
546 1362.60 1362.60
547 1362.60 1362.60
548 1362.60 1362.60
549 1362.60 1362.60
550 1362.60 1362.60
551 1362.60 1362.60
552 1362.60 1362.60
553 1362.60 1362.60
554 1362.60 1362.60
555 1362.60 1362.60
556 1362.60 1362.60
557 1362.60 1362.60
558 1362.60 1362.60
559 1362.60 1362.60
560 1362.60 1362.60
561 1362.60 1362.60
562 1362.60 1362.60
563 1362.60 1362.60
564 1362.60 1362.60
565 1362.60 1362.60
566 1362.60 1362.60
567 1362.60 1362.60
568 1362.60 1362.60
569 1362.60 1362.60
570 1362.60 1362.60
571 1362.60 1362.60
572 1362.60 1362.60
573 1362.60 1362.60
574 1362.60 1362.60
575 1362.60 1362.60
576 1362.60 1362.60
577 1362.60 1362.60
578 1362.60 1362.60
579 1362.60 1362.60
580 1362.60 1362.60
581 1362.60 1362.60
582 1362.60 1362.60
583 1362.60 1362.60
584 1362.60 1362.60
585 1362.60 1362.60
586 1362.60 1362.60
587 1362.60 1362.60
588 1362.60 1362.60
589 1362.60 1362.60
590 1362.60 1362.60
591 1362.60 1362.60
592 1362.60 1362.60
593 1362.60 1362.60
594 1362.60 1362.60
595 1362.60 1362.60
596 1362.60 1362.60
597 1362.60 1362.60
598 1362.60 1362.60
599 1362.60 1362.60
600 1362.60 1362.60
601 1362.60 1362.60
602 1362.60 1362.60
603 1362.60 1362.60
604 1362.60 1362.60
605 1362.60 1362.60
606 1362.60 1362.60
607 1362.60 1362.60
608 1362.60 1362.60
609 1362.60 1362.60
610 1362.60 1362.60
611 1362.60 1362.60
612 1362.60 1362.60
613 1362.60 1362.60
614 1362.60 1362.60
615 1362.60 1362.60
616 1362.60 1362.60
617 1362.60 1362.60
618 1362.60 1362.60
619 1362.60 1362.60
620 1362.60 1362.60
621 1362.60 1362.60
622 1362.60 1362.60
623 1362.60 1362.60
624 1362.60 1362.60
625 1362.60 1362.60
626 1362.60 1362.60
627 1362.60 1362.60
628 1362.60 1362.60
629 1362.60 1362.60
630 1362.60 1362.60
631 1362.60 1362.60
632 1362.60 1362.60
633 1362.60 1362.60
634 1362.60 1362.60
635 1362.60 1362.60
636 1362.60 1362.60
637 1362.60 1362.60
638 1362.60 1362.60
639 1362.60 1362.60
640 1362.60 1362.60
641 1362.60 1362.60
642 1362.60 1362.60
643 1362.60 1362.60
644 1362.60 1362.60
645 1362.60 1362.60
646 1362.60 1362.60
647 1362.60 1362.60
648 1362.60 1362.60
649 1362.60 1362.60
650 1362.60 1362.60
651 1362.60 1362.60
652 1362.60 1362.60
653 1362.60 1362.60
654 1362.60 1362.60
655 1362.60 1362.60
656 1362.60 1362.60
657 1362.60 1362.60
658 1362.60 1362.60
659 1362.60 1362.60
660 1362.60 1362.60
661 1362.60 1362.60
662 1362.60 1362.60
663 1362.60 1362.60
664 1362.60 1362.60
665 1362.60 1362.60
666 1362.60 1362.60
667 1362.60 1362.60
668 1362.60 1362.60
669 1362.60 1362.60
670 1362.60 1362.60
671 1362.60 1362.60
672 1362.60 1362.60
673 1362.60 1362.60
674 1362.60 1362.60
675 1362.60 1362.60
676 1362.60 1362.60
677 1362.60 1362.60
678 1362.60 1362.60
679 1362.60 1362.60
680 1362.60 1362.60
681 1362.60 1362.60
682 1362.60 1362.60
683 1362.60 1362.60
684 1362.60 1362.60
685 1362.60 1362.60
686 1362.60 1362.60
687 1362.60 1362.60
688 1362.60 1362.60
689 1362.60 1362.60
690 1362.60 1362.60
691 1362.60 1362.60
692 1362.60 1362.60
693 1362.60 1362.60
694 1362.60 1362.60
695 1362.60 1362.60
696 1362.60 1362.60
697 1362.60 1362.60
698 1362.60 1362.60
699 1362.60 1362.60
700 1362.60 1362.60
701 1362.60 1362.60
702 1362.60 1362.60
703 1362.60 1362.60
704 1362.60 1362.60
705 1362.60 1362.60
706 1362.60 1362.60
707 1362.60 1362.60
708 1362.60 1362.60
709 1362.60 1362.60
710 1362.60 1362.60
711 1362.60 1362.60
712 1362.60 1362.60
713 1362.60 1362.60
714 1362.60 1362.60
715 1362.60 1362.60
716 1362.60 1362.60
717 1362.60 1362.60
718 1362.60 1362.60
719 1362.60 1362.60
720 1362.60 1362.60
721 1362.60 1362.60
722 1362.60 1362.60
723 1362.60 1362.60
724 1362.60 1362.60
725 1362.60 1362.60
726 1362.60 1362.60
727 1362.60 1362.60
728 1362.60 1362.60
729 1362.60 1362.60
730 1362.60 1362.60
731 1362.60 1362.60
732 1362.60 1362.60
733 1362.60 1362.60
734 1362.60 1362.60
735 1362.60 1362.60
736 1362.60 1362.60
737 1362.60 1362.60
738 1362.60 1362.60
739 1362.60 1362.60
740 1362.60 1362.60
741 1362.60 1362.60
742 1362.60 1362.60
743 1362.60 1362.60
744 1362.60 1362.60
745 1362.60 1362.60
746 1362.60 1362.60
747 1362.60 1362.60
748 1362.60 1362.60
749 1362.60 1362.60
750 1362.60 1362.60
751 1362.60 1362.60
752 1362.60 1362.60
753 1362.60 1362.60
754 1362.60 1362.60
755 1362.60 1362.60
756 1362.60 1362.60
757 1362.60 1362.60
758 1362.60 1362.60
759 1362.60 1362.60
760 1362.60 1362.60
761 1362.60 1362.60
762 1362.60 1362.60
763 1362.60 1362.60
764 1362.60 1362.60
765 1362.60 1362.60
766 1362.60 1362.60
767 1362.60 1362.60
768 1362.60 1362.60
769 1362.60 1362.60
770 1362.60 1362.60
771 1362.60 1362.60
772 1362.60 1362.60
773 1362.60 1362.60
774 1362.60 1362.60
775 1362.60 1362.60
776 1362.60 1362.60
777 1362.60 1362.60
778 1362.60 1362.60
779 1362.60 1362.60
780 1362.60 1362.60
781 1362.60 1362.60
782 1362.60 1362.60
783 1362.60 1362.60
784 1362.60 1362.60
785 1362.60 1362.60
786 1362.60 1362.60
787 1362.60 1362.60
788 1362.60 1362.60
789 1362.60 1362.60
790 1362.60 1362.60
791 1362.60 1362.60
792 1362.60 1362.60
793 1362.60 1362.60
794 1362.60 1362.60
795 1362.60 1362.60
796 1362.60 1362.60
797 1362.60 1362.60
798 1362.60 1362.60
799 1362.60 1362.60
800 1362.60 1362.60
801 1362.60 1362.60
802 1362.60 1362.60
803 1362.60 1362.60
804 1362.60 1362.60
805 1362.60 1362.60
806 1362.60 1362.60
807 1362.60 1362.60
808 1362.60 1362.60
809 1362.60 1362.60
810 1362.60 1362.60
811 1362.60 1362.60
812 1362.60 1362.60
813 1362.60 1362.60
814 1362.60 1362.60
815 1362.60 1362.60
816 1362.60 1362.60
817 1362.60 1362.60
818 1362.60 1362.60
819 1362.60 1362.60
820 1362.60 1362.60
821 1362.60 1362.60
822 1362.60 1362.60
823 1362.60 1362.60
824 1362.60 1362.60
825 1362.60 1362.60
826 1362.60 1362.60
827 1362.60 1362.60
828 1362.60 1362.60
829 1362.60 1362.60
830 1362.60 1362.60
831 1362.60 1362.60
832 1362.60 1362.60
833 1362.60 1362.60
834 1362.60 1362.60
835 1362.60 1362.60
836 1362.60 1362.60
837 1362.60 1362.60
838 1362.60 1362.60
839 1362.60 1362.60
840 1362.60 1362.60
841 1362.60 1362.60
842 1362.60 1362.60
843 1362.60 1362.60
844 1362.60 1362.60
845 1362.60 1362.60
846 1362.60 1362.60
847 1362.60 1362.60
848 1362.60 1362.60
849 1362.60 1362.60
850 1362.60 1362.60
851 1362.60 1362.60
852 1362.60 1362.60
853 1362.60 1362.60
854 1362.60 1362.60
855 1362.60 1362.60
856 1362.60 1362.60
857 1362.60 1362.60
858 1362.60 1362.60
859 1362.60 1362.60
860 1362.60 1362.60
861 1362.60 1362.60
862 1362.60 1362.60
863 1362.60 1362.60
864 1362.60 1362.60
865 1362.60 1362.60
866 1362.60 1362.60
867 1362.60 1362.60
868 1362.60 1362.60
869 1362.60 1362.60
870 1362.60 1362.60
871 1362.60 1362.60
872 1362.60 1362.60
873 1362.60 1362.60
874 1362.60 1362.60
875 1362.60 1362.60
876 1362.60 1362.60
877 1362.60 1362.60
878 1362.60 1362.60
879 1362.60 1362.60
880 1362.60 1362.60
881 1362.60 1362.60
882 1362.60 1362.60
883 1362.60 1362.60
884 1362.60 1362.60
885 1362.60 1362.60
886 1362.60 1362.60
887 1362.60 1362.60
888 1362.60 1362.60
889 1362.60 1362.60
890 1362.60 1362.60
891 1362.60 1362.60
892 1362.60 1362.60
893 1362.60 1362.60
894 1362.60 1362.60
895 1362.60 1362.60
896 1362.60 1362.60
897 1362.60 1362.60
898 1362.60 1362.60
899 1362.60 1362.60
900 1362.60 1362.60
901 1362.60 1362.60
902 1362.60 1362.60
903 1362.60 1362.60
904 1362.60 1362.60
905 1362.60 1362.60
906 1362.60 1362.60
907 1362.60 1362.60
908 1362.60 1362.60
909 1362.60 1362.60
910 1362.60 1362.60
911 1362.60 1362.60
912 1362.60 1362.60
913 1362.60 1362.60
914 1362.60 1362.60
915 1362.60 1362.60
916 1362.60 1362.60
917 1362.60 1362.60
918 1362.60 1362.60
919 1362.60 1362.60
920 1362.60 1362.60
921 1362.60 1362.60
922 1362.60 1362.60
923 1362.60 1362.60
924 1362.60 1362.60
925 1362.60 1362.60
926 1362.60 1362.60
927 1362.60 1362.60
928 1362.60 1362.60
929 1362.60 1362.60
930 1362.60 1362.60
931 1362.60 1362.60
932 1362.60 1362.60
933 1362.60 1362.60
934 1362.60 1362.60
935 1362.60 1362.60
936 1362.60 1362.60
937 1362.60 1362.60
938 1362.60 1362.60
939 1362.60 1362.60
940 1362.60 1362.60
941 1362.60 1362.60
942 1362.60 1362.60
943 1362.60 1362.60
944 1362.60 1362.60
945 1362.60 1362.60
946 1362.60 1362.60
947 1362.60 1362.60
948 1362.60 1362.60
949 1362.60 1362.60
950 1362.60 1362.60
951 1362.60 1362.60
952 1362.60 1362.60
953 1362.60 1362.60
954 1362.60 1362.60
955 1362.60 1362.60
956 1362.60 1362.60
957 1362.60 1362.60
958 1362.60 1362.60
959 1362.60 1362.60
960 1362.60 1362.60
961 1362.60 1362.60
962 1362.60 1362.60
963 1362.60 1362.60
964 1362.60 1362.60
965 1362.60 1362.60
966 1362.60 1362.60
967 1362.60 1362.60
968 1362.60 1362.60
969 1362.60 1362.60
970 1362.60 1362.60
971 1362.60 1362.60
972 1362.60 1362.60
973 1362.60 1362.60
974 1362.60 1362.60
975 1362.60 1362.60
976 1362.60 1362.60
977 1362.60 1362.60
978 1362.60 1362.60
979 1362.60 1362.60
980 1362.60 1362.60
981 1362.60 1362.60
982 1362.60 1362.60
983 1362.60 1362.60
984 1362.60 1362.60
985 1362.60 1362.60
986 1362.60 1362.60
987 1362.60 1362.60
988 1362.60 1362.60
989 1362.60 1362.60
990 1362.60 1362.60
991 1362.60 1362.60
992 1362.60 1362.60
993 1362.60 1362.60
994 1362.60 1362.60
995 1362.60 1362.60
996 1362.60 1362.60
997 1362.60 1362.60
998 1362.60 1362.60
999 1362.60 1362.60
1000 1362.60 1362.60
1001 1362.60 1362.60
1002 1362.60 1362.60
1003 1362.60 1362.60
1004 1362.60 1362.60
1005 1362.60 1362.60
1006 1362.60 1362.60
1007 1362.60 1362.60
1008 1362.60 1362.60
1009 1362.60 1362.60
1010 1362.60 1362.60
1011 1362.60 1362.60
1012 1362.60 1362.60
1013 1362.60 1362.60
1014 1362.60 1362.60
1015 1362.60 1362.60
1016 1362.60 1362.60
1017 1362.60 1362.60
1018 1362.60 1362.60
1019 1362.60 1362.60
1020 1362.60 1362.60
1021 1362.60 1362.60
1022 1362.60 1362.60
1023 1362.60 1362.60
1024 1362.60 1362.60
1025 1362.60 1362.60
1026 1362.60 1362.60
1027 1362.60 1362.60
1028 1362.60 1362.60
1029 1362.60 1362.60
1030 1362.60 1362.60
1031 1362.60 1362.60
1032 1362.60 1362.60
1033 1362.60 1362.60
1034 1362.60 1362.60
1035 1362.60 1362.60
1036 1362.60 1362.60
1037 1362.60 1362.60
1038 1362.60 1362.60
1039 1362.60 1362.60
1040 1362.60 1362.60
1041 1362.60 1362.60
1042 1362.60 1362.60
1043 1362.60 1362.60
1044 1362.60 1362.60
1045 1362.60 1362.60
1046 1362.60 1362.60
1047 1362.60 1362.60
1048 1362.60 1362.60
1049 1362.60 1362.60
1050 1362.60 1362.60
1051 1362.60 1362.60
1052 1362.60 1362.60
1053 1362.60 1362.60
1054 1362.60 1362.60
1055 1362.60 1362.60
1056 1362.60 1362.60
1057 1362.60 1362.60
1058 1362.60 1362.60
1059 1362.60 1362.60
1060 1362.60 1362.60
1061 1362.60 1362.60
1062 1362.60 1362.60
1063 1362.60 1362.60
1064 1362.60 1362.60
1065 1362.60 1362.60
1066 1362.60 1362.60
1067 1362.60 1362.60
1068 1362.60 1362.60
1069 1362.60 1362.60
1070 1362.60 1362.60
1071 1362.60 1362.60
1072 1362.60 1362.60
1073 1362.60 1362.60
1074 1362.60 1362.60
1075 1362.60 1362.60
1076 1362.60 1362.60
1077 1362.60 1362.60
1078 1362.60 1362.60
1079 1362.60 1362.60
1080 1362.60 1362.60
1081 1362.60 1362.60
1082 1362.60 1362.60
1083 1362.60 1362.60
1084 1362.60 1362.60
1085 1362.60 1362.60
1086 1362.60 1362.60
1087 1362.60 1362.60
1088 1362.60 1362.60
1089 1362.60 1362.60
1090 1362.60 1362.60
1091 1362.60 1362.60
1092 1362.60 1362.60
1093 1362.60 1362.60
1094 1362.60 1362.60
1095 1362.60 1362.60
1096 1362.60 1362.60
1097 1362.60 1362.60
1098 1362.60 1362.60
1099 1362.60 1362.60
1100 1362.60 1362.60
1101 1362.60 1362.60
1102 1362.60 1362.60
1103 1362.60 1362.60
1104 1362.60 1362.60
1105 1362.60 1362.60
1106 1362.60 1362.60
1107 1362.60 1362.60
1108 1362.60 1362.60
1109 1362.60 1362.60
1110 1362.60 1362.60
1111 1362.60 1362.60
1112 1362.60 1362.60
1113 1362.60 1362.60
1114 1362.60 1362.60
1115 1362.60 1362.60
1116 1362.60 1362.60
1117 1362.60 1362.60
1118 1362.60 1362.60
1119 1362.60 1362.60
1120 1362.60 1362.60
1121 1362.60 1362.60
1122 1362.60 1362.60
1123 1362.60 1362.60
1124 1362.60 1362.60
1125 1362.60 1362.60
1126 1362.60 1362.60
1127 1362.60 1362.60
1128 1362.60 1362.60
1129 1362.60 1362.60
1130 1362.60 1362.60
1131 1362.60 1362.60
1132 1362.60 1362.60
1133 1362.60 1362.60
1134 1362.60 1362.60
1135 1362.60 1362.60
1136 1362.60 1362.60
1137 1362.60 1362.60
1138 1362.60 1362.60
1139 1362.60 1362.60
1140 1362.60 1362.60
1141 1362.60 1362.60
1142 1362.60 1362.60
1143 1362.60 1362.60
1144 1362.60 1362.60
1145 1362.60 1362.60
1146 1362.60 1362.60
1147 1362.60 1362.60
1148 1362.60 1362.60
1149 1362.60 1362.60
1150 1362.60 1362.60
1151 1362.60 1362.60
1152 1362.60 1362.60
1153 1362.60 1362.60
1154 1362.60 1362.60
1155 1362.60 1362.60
1156 1362.60 1362.60
1157 1362.60 1362.60
1158 1362.60 1362.60
1159 1362.60 1362.60
1160 1362.60 1362.60
1161 1362.60 1362.60
1162 1362.60 1362.60
1163 1362.60 1362.60
1164 1362.60 1362.60
1165 1362.60 1362.60
1166 1362.60 1362.60
1167 1362.60 1362.60
1168 1362.60 1362.60
1169 1362.60 1362.60
1170 1362.60 1362.60
1171 1362.60 1362.60
1172 1362.60 1362.60
1173 1362.60 1362.60
1174 1362.60 1362.60
1175 1362.60 1362.60
1176 1362.60 1362.60
1177 1362.60 1362.60
1178 1362.60 1362.60
1179 1362.60 1362.60
1180 1362.60 1362.60
1181 1362.60 1362.60
1182 1362.60 1362.60
1183 1362.60 1362.60
1184 1362.60 1362.60
1185 1362.60 1362.60
1186 1362.60 1362.60
1187 1362.60 1362.60
1188 1362.60 1362.60
1189 1362.60 1362.60
1190 1362.60 1362.60
1191 1362.60 1362.60
1192 1362.60 1362.60
1193 1362.60 1362.60
1194 1362.60 1362.60
1195 1362.60 1362.60
1196 1362.60 1362.60
1197 1362.60 1362.60
1198 1362.60 1362.60
1199 1362.60 1362.60
1200 1362.60 1362.60
1201 1362.60 1362.60
1202 1362.60 1362.60
1203 1362.60 1362.60
1204 1362.60 1362.60
1205 1362.60 1362.60
1206 1362.60 1362.60
1207 1362.60 1362.60
1208 1362.60 1362.60
1209 1362.60 1362.60
1210 1362.60 1362.60
1211 1362.60 1362.60
1212 1362.60 1362.60
1213 1362.60 1362.60
1214 1362.60 1362.60
1215 1362.60 1362.60
1216 1362.60 1362.60
1217 1362.60 1362.60
1218 1362.60 1362.60
1219 1362.60 1362.60
1220 1362.60 1362.60
1221 1362.60 1362.60
1222 1362.60 1362.60
1223 1362.60 1362.60
1224 1362.60 1362.60
1225 1362.60 1362.60
1226 1362.60 1362.60
1227 1362.60 1362.60
1228 1362.60 1362.60
1229 1362.60 1362.60
1230 1362.60 1362.60
1231 1362.60 1362.60
1232 1362.60 1362.60
1233 1362.60 1362.60
1234 1362.60 1362.60
1235 1362.60 1362.60
1236 1362.60 1362.60
1237 1362.60 1362.60
1238 1362.60 1362.60
1239 1362.60 1362.60
1240 1362.60 1362.60
1241 1362.60 1362.60
1242 1362.60 1362.60
1243 1362.60 1362.60
1244 1362.60 1362.60
1245 1362.60 1362.60
1246 1362.60 1362.60
1247 1362.60 1362.60
1248 1362.60 1362.60
1249 1362.60 1362.60
1250 1362.60 1362.60
1251 1362.60 1362.60
1252 1362.60 1362.60
1253 1362.60 1362.60
1254 1362.60 1362.60
1255 1362.60 1362.60
1256 1362.60 1362.60
1257 1362.60 1362.60
1258 1362.60 1362.60
1259 1362.60 1362.60
1260 1362.60 1362.60
1261 1362.60 1362.60
1262 1362.60 1362.60
1263 1362.60 1362.60
1264 1362.60 1362.60
1265 1362.60 1362.60
1266 1362.60 1362.60
1267 1362.60 1362.60
1268 1362.60 1362.60
1269 1362.60 1362.60
1270 1362.60 1362.60
1271 1362.60 1362.60
1272 1362.60 1362.60
1273 1362.60 1362.60
1274 1362.60 1362.60
1275 1362.60 1362.60
1276 1362.60 1362.60
1277 1362.60 1362.60
1278 1362.60 1362.60
1279 1362.60 1362.60
1280 1362.60 1362.60
1281 1362.60 1362.60
1282 1362.60 1362.60
1283 1362.60 1362.60
1284 1362.60 1362.60
1285 1362.60 1362.60
1286 1362.60 1362.60
1287 1362.60 1362.60
1288 1362.60 1362.60
1289 1362.60 1362.60
1290 1362.60 1362.60
1291 1362.60 1362.60
1292 1362.60 1362.60
1293 1362.60 1362.60
1294 1362.60 1362.60
1295 1362.60 1362.60
1296 1362.60 1362.60
1297 1362.60 1362.60
1298 1362.60 1362.60
1299 1362.60 1362.60
1300 1362.60 1362.60
1301 1362.60 1362.60
1302 1362.60 1362.60
1303 1362.60 1362.60
1304 1362.60 1362.60
1305 1362.60 1362.60
1306 1362.60 1362.60
1307 1362.60 1362.60
1308 1362.60 1362.60
1309 1362.60 1362.60
1310 1362.60 1362.60
1311 1362.60 1362.60
1312 1362.60 1362.60
1313 1362.60 1362.60
1314 1362.60 1362.60
1315 1362.60 1362.60
1316 1362.60 1362.60
1317 1362.60 1362.60
1318 1362.60 1362.60
1319 1362.60 1362.60
1320 1362.60 1362.60
1321 1362.60 1362.60
1322 1362.60 1362.60
1323 1362.60 1362.60
1324 1362.60 1362.60
1325 1362.60 1362.60
1326 1362.60 1362.60
1327 1362.60 1362.60
1328 1362.60 1362.60
1329 1362.60 1362.60
1330 1362.60 1362.60
1331 1362.60 1362.60
1332 1362.60 1362.60
1333 1362.60 1362.60
1334 1362.60 1362.60
1335 1362.60 1362.60
1336 1362.60 1362.60
1337 1362.60 1362.60
1338 1362.60 1362.60
1339 1362.60 1362.60
1340 1362.60 1362.60
1341 1362.60 1362.60
1342 1362.60 1362.60
1343 1362.60 1362.60
1344 1362.60 1362.60
1345 1362.60 1362.60
1346 1362.60 1362.60
1347 1362.60 1362.60
1348 1362.60 1362.60
1349 1362.60 1362.60
1350 1362.60 1362.60
1351 1362.60 1362.60
1352 1362.60 1362.60
1353 1362.60 1362.60
1354 1362.60 1362.60
1355 1362.60 1362.60
1356 1362.60 1362.60
1357 1362.60 1362.60
1358 1362.60 1362.60
1359 1362.60 1362.60
1360 1362.60 1362.60
1361 1362.60 1362.60
1362 1362.60 1362.60
1363 1362.60 1362.60
1364 1362.60 1362.60
1365 1362.60 1362.60
1366 1362.60 1362.60
1367 1362.60 1362.60
1368 1362.60 1362.60
1369 1362.60 1362.60
1370 1362.60 1362.60
1371 1362.60 1362.60
1372 1362.60 1362.60
1373 1362.60 1362.60
1374 1362.60 1362.60
1375 1362.60 1362.60
1376 1362.60 1362.60
1377 1362.60 1362.60
1378 1362.60 1362.60
1379 1362.60 1362.60
1380 1362.60 1362.60
1381 1362.60 1362.60
1382 1362.60 1362.60
1383 1362.60 1362.60
1384 1362.60 1362.60
1385 1362.60 1362.60
1386 1362.60 1362.60
1387 1362.60 1362.60
1388 1362.60 1362.60
1389 1362.60 1362.60
1390 1362.60 1362.60
1391 1362.60 1362.60
1392 1362.60 1362.60
1393 1362.60 1362.60
1394 1362.60 1362.60
1395 1362.60 1362.60
1396 1362.60 1362.60
1397 1362.60 1362.60
1398 1362.60 1362.60
1399 1362.60 1362.60
1400 1362.60 1362.60
1401 1362.60 1362.60
1402 1362.60 1362.60
1403 1362.60 1362.60
1404 1362.60 1362.60
1405 1362.60 1362.60
1406 1362.60 1362.60
1407 1362.60 1362.60
1408 1362.60 1362.60
1409 1362.60 1362.60
1410 1362.60 1362.60
1411 1362.60 1362.60
1412 1362.60 1362.60
1413 1362.60 1362.60
1414 1362.60 1362.60
1415 1362.60 1362.60
1416 1362.60 1362.60
1417 1362.60 1362.60
1418 1362.60 1362.60
1419 1362.60 1362.60
1420 1362.60 1362.60
1421 1362.60 1362.60
1422 1362.60 1362.60
1423 1362.60 1362.60
1424 1362.60 1362.60
1425 1362.60 1362.60
1426 1362.60 1362.60
1427 1362.60 1362.60
1428 1362.60 1362.60
1429 1362.60 1362.60
1430 1362.60 1362.60
1431 1362.60 1362.60
1432 1362.60 1362.60
1433 1362.60 1362.60
1434 1362.60 1362.60
1435 1362.60 1362.60
1436 1362.60 1362.60
1437 1362.60 1362.60
1438 1362.60 1362.60
1439 1362.60 1362.60
1440 1362.60 1362.60
1441 1362.60 1362.60
1442 1362.60 1362.60
1443 1362.60 1362.60
1444 1362.60 1362.60
1445 1362.60 1362.60
1446 1362.60 1362.60
1447 1362.60 1362.60
1448 1362.60 1362.60
1449 1362.60 1362.60
1450 1362.60 1362.60
1451 1362.60 1362.60
1452 1362.60 1362.60
1453 1362.60 1362.60
1454 1362.60 1362.60
1455 1362.60 1362.60
1456 1362.60 1362.60
1457 1362.60 1362.60
1458 1362.60 1362.60
1459 1362.60 1362.60
1460 1362.60 1362.60
1461 1362.60 1362.60
1462 1362.60 1362.60
1463 1362.60 1362.60
1464 1362.60 1362.60
1465 1362.60 1362.60
1466 1362.60 1362.60
1467 1362.60 1362.60
1468 1362.60 1362.60
1469 1362.60 1362.60
1470 1362.60 1362.60
1471 1362.60 1362.60
1472 1362.60 1362.60
1473 1362.60 1362.60
1474 1362.60 1362.60
1475 1362.60 1362.60
1476 1362.60 1362.60
1477 1362.60 1362.60
1478 1362.60 1362.60
1479 1362.60 1362.60
1480 1362.60 1362.60
1481 1362.60 1362.60
1482 1362.60 1362.60
1483 1362.60 1362.60
1484 1362.60 1362.60
1485 1362.60 1362.60
1486 1362.60 1362.60
1487 1362.60 1362.60
1488 1362.60 1362.60
1489 1362.60 1362.60
1490 1362.60 1362.60
1491 1362.60 1362.60
1492 1362.60 1362.60
1493 1362.60 1362.60
1494 1362.60 1362.60
1495 1362.60 1362.60
1496 1362.60 1362.60
1497 1362.60 1362.60
1498 1362.60 1362.60
1499 1362.60 1362.60
1500 1362.60 1362.60
1501 1362.60 1362.60
1502 1362.60 1362.60
1503 1362.60 1362.60
1504 1362.60 1362.60
1505 1362.60 1362.60
1506 1362.60 1362.60
1507 1362.60 1362.60
1508 1362.60 1362.60
1509 1362.60 1362.60
1510 1362.60 1362.60
1511 1362.60 1362.60
1512 1362.60 1362.60
1513 1362.60 1362.60
1514 1362.60 1362.60
1515 1362.60 1362.60
1516 1362.60 1362.60
1517 1362.60 1362.60
1518 1362.60 1362.60
1519 1362.60 1362.60
1520 1362.60 1362.60
1521 1362.60 1362.60
1522 1362.60 1362.60
1523 1362.60 1362.60
1524 1362.60 1362.60
1525 1362.60 1362.60
1526 1362.60 1362.60
1527 1362.60 1362.60
1528 1362.60 1362.60
1529 1362.60 1362.60
1530 1362.60 1362.60
1531 1362.60 1362.60
1532 1362.60 1362.60
1533 1362.60 1362.60
1534 1362.60 1362.60
1535 1362.60 1362.60
1536 1362.60 1362.60
1537 1362.60 1362.60
1538 1362.60 1362.60
1539 1362.60 1362.60
1540 1362.60 1362.60
1541 1362.60 1362.60
1542 1362.60 1362.60
1543 1362.60 1362.60
1544 1362.60 1362.60
1545 1362.60 1362.60
1546 1362.60 1362.60
1547 1362.60 1362.60
1548 1362.60 1362.60
1549 1362.60 1362.60
1550 1362.60 1362.60
1551 1362.60 1362.60
1552 1362.60 1362.60
1553 1362.60 1362.60
1554 1362.60 1362.60
1555 1362.60 1362.60
1556 1362.60 1362.60
1557 1362.60 1362.60
1558 1362.60 1362.60
1559 1362.60 1362.60
1560 1362.60 1362.60
1561 1362.60 1362.60
1562 1362.60 1362.60
1563 1362.60 1362.60
1564 1362.60 1362.60
1565 1362.60 1362.60
1566 1362.60 1362.60
1567 1362.60 1362.60
1568 1362.60 1362.60
1569 1362.60 1362.60
1570 1362.60 1362.60
1571 1362.60 1362.60
1572 1362.60 1362.60
1573 1362.60 1362.60
1574 1362.60 1362.60
1575 1362.60 1362.60
1576 1362.60 1362.60
1577 1362.60 1362.60
1578 1362.60 1362.60
1579 1362.60 1362.60
1580 1362.60 1362.60
1581 1362.60 1362.60
1582 1362.60 1362.60
1583 1362.60 1362.60
1584 1362.60 1362.60
1585 1362.60 1362.60
1586 1362.60 1362.60
1587 1362.60 1362.60
1588 1362.60 1362.60
1589 1362.60 1362.60
1590 1362.60 1362.60
1591 1362.60 1362.60
1592 1362.60 1362.60
1593 1362.60 1362.60
1594 1362.60 1362.60
1595 1362.60 1362.60
1596 1362.60 1362.60
1597 1362.60 1362.60
1598 1362.60 1362.60
1599 1362.60 1362.60
1600 1362.60 1362.60
1601 1362.60 1362.60
1602 1362.60 1362.60
1603 1362.60 1362.60
1604 1362.60 1362.60
1605 1362.60 1362.60
1606 1362.60 1362.60
1607 1362.60 1362.60
1608 1362.60 1362.60
1609 1362.60 1362.60
1610 1362.60 1362.60
1611 1362.60 1362.60
1612 1362.60 1362.60
1613 1362.60 1362.60
1614 1362.60 1362.60
1615 1362.60 1362.60
1616 1362.60 1362.60
1617 1362.60 1362.60
1618 1362.60 1362.60
1619 1362.60 1362.60
1620 1362.60 1362.60
1621 1362.60 1362.60
1622 1362.60 1362.60
1623 1362.60 1362.60
1624 1362.60 1362.60
1625 1362.60 1362.60
1626 1362.60 1362.60
1627 1362.60 1362.60
1628 1362.60 1362.60
1629 1362.60 1362.60
1630 1362.60 1362.60
1631 1362.60 1362.60
1632 1362.60 1362.60
1633 1362.60 1362.60
1634 1362.60 1362.60
1635 1362.60 1362.60
1636 1362.60 1362.60
1637 1362.60 1362.60
1638 1362.60 1362.60
1639 1362.60 1362.60
1640 1362.60 1362.60
1641 1362.60 1362.60
1642 1362.60 1362.60
1643 1362.60 1362.60
1644 1362.60 1362.60
1645 1362.60 1362.60
1646 1362.60 1362.60
1647 1362.60 1362.60
1648 1362.60 1362.60
1649 1362.60 1362.60
1650 1362.60 1362.60
1651 1362.60 1362.60
1652 1362.60 1362.60
1653 1362.60 1362.60
1654 1362.60 1362.60
1655 1362.60 1362.60
1656 1362.60 1362.60
1657 1362.60 1362.60
1658 1362.60 1362.60
1659 1362.60 1362.60
1660 1362.60 1362.60
1661 1362.60 1362.60
1662 1362.60 1362.60
1663 1362.60 1362.60
1664 1362.60 1362.60
1665 1362.60 1362.60
1666 1362.60 1362.60
1667 1362.60 1362.60
1668 1362.60 1362.60
1669 1362.60 1362.60
1670 1362.60 1362.60
1671 1362.60 1362.60
1672 1362.60 1362.60
1673 1362.60 1362.60
1674 1362.60 1362.60
1675 1362.60 1362.60
1676 1362.60 1362.60
1677 1362.60 1362.60
1678 1362.60 1362.60
1679 1362.60 1362.60
1680 1362.60 1362.60
1681 1362.60 1362.60
1682 1362.60 1362.60
1683 1362.60 1362.60
1684 1362.60 1362.60
1685 1362.60 1362.60
1686 1362.60 1362.60
1687 1362.60 1362.60
1688 1362.60 1362.60
1689 1362.60 1362.60
1690 1362.60 1362.60
1691 1362.60 1362.60
1692 1362.60 1362.60
1693 1362.60 1362.60
1694 1362.60 1362.60
1695 1362.60 1362.60
1696 1362.60 1362.60
1697 1362.60 1362.60
1698 1362.60 1362.60
1699 1362.60 1362.60
1700 1362.60 1362.60
1701 1362.60 1362.60
1702 1362.60 1362.60
1703 1362.60 1362.60
1704 1362.60 1362.60
1705 1362.60 1362.60
1706 1362.60 1362.60
1707 1362.60 1362.60
1708 1362.60 1362.60
1709 1362.60 1362.60
1710 1362.60 1362.60
1711 1362.60 1362.60
1712 1362.60 1362.60
1713 1362.60 1362.60
1714 1362.60 1362.60
1715 1362.60 1362.60
1716 1362.60 1362.60
1717 1362.60 1362.60
1718 1362.60 1362.60
1719 1362.60 1362.60
1720 1362.60 1362.60
1721 1362.60 1362.60
1722 1362.60 1362.60
1723 1362.60 1362.60
1724 1362.60 1362.60
1725 1362.60 1362.60
1726 1362.60 1362.60
1727 1362.60 1362.60
1728 1362.60 1362.60
1729 1362.60 1362.60
1730 1362.60 1362.60
1731 1362.60 1362.60
1732 1362.60 1362.60
1733 1362.60 1362.60
1734 1362.60 1362.60
1735 1362.60 1362.60
1736 1362.60 1362.60
1737 1362.60 1362.60
1738 1362.60 1362.60
1739 1362.60 1362.60
1740 1362.60 1362.60
1741 1362.60 1362.60
1742 1362.60 1362.60
1743 1362.60 1362.60
1744 1362.60 1362.60
1745 1362.60 1362.60
1746 1362.60 1362.60
1747 1362.60 1362.60
1748 1362.60 1362.60
1749 1362.60 1362.60
1750 1362.60 1362.60
1751 1362.60 1362.60
1752 1362.60 1362.60
1753 1362.60 1362.60
1754 1362.60 1362.60
1755 1362.60 1362.60
1756 1362.60 1362.60
1757 1362.60 1362.60
1758 1362.60 1362.60
1759 1362.60 1362.60
1760 1362.60 1362.60
1761 1362.60 1362.60
1762 1362.60 1362.60
1763 1362.60 1362.60
1764 1362.60 1362.60
1765 1362.60 1362.60
1766 1362.60 1362.60
1767 1362.60 1362.60
1768 1362.60 1362.60
1769 1362.60 1362.60
1770 1362.60 1362.60
1771 1362.60 1362.60
1772 1362.60 1362.60
1773 1362.60 1362.60
1774 1362.60 1362.60
1775 1362.60 1362.60
1776 1362.60 1362.60
1777 1362.60 1362.60
1778 1362.60 1362.60
1779 1362.60 1362.60
1780 1362.60 1362.60
1781 1362.60 1362.60
1782 1362.60 1362.60
1783 1362.60 1362.60
1784 1362.60 1362.60
1785 1362.60 1362.60
1786 1362.60 1362.60
1787 1362.60 1362.60
1788 1362.60 1362.60
1789 1362.60 1362.60
1790 1362.60 1362.60
1791 1362.60 1362.60
1792 1362.60 1362.60
1793 1362.60 1362.60
1794 1362.60 1362.60
1795 1362.60 1362.60
1796 1362.60 1362.60
1797 1362.60 1362.60
1798 1362.60 1362.60
1799 1362.60 1362.60
1800 1362.60 1362.60
1801 1362.60 1362.60
1802 1362.60 1362.60
1803 1362.60 1362.60
1804 1362.60 1362.60
1805 1362.60 1362.60
1806 1362.60 1362.60
1807 1362.60 1362.60
1808 1362.60 1362.60
1809 1362.60 1362.60
1810 1362.60 1362.60
1811 1362.60 1362.60
1812 1362.60 1362.60
1813 1362.60 1362.60
1814 1362.60 1362.60
1815 1362.60 1362.60
1816 1362.60 1362.60
1817 1362.60 1362.60
1818 1362.60 1362.60
1819 1362.60 1362.60
1820 1362.60 1362.60
1821 1362.60 1362.60
1822 1362.60 1362.60
1823 1362.60 1362.60
1824 1362.60 1362.60
1825 1362.60 1362.60
1826 1362.60 1362.60
1827 1362.60 1362.60
1828 1362.60 1362.60
1829 1362.60 1362.60
1830 1362.60 1362.60
1831 1362.60 1362.60
1832 1362.60 1362.60
1833 1362.60 1362.60
1834 1362.60 1362.60
1835 1362.60 1362.60
1836 1362.60 1362.60
1837 1362.60 1362.60
1838 1362.60 1362.60
1839 1362.60 1362.60
1840 1362.60 1362.60
1841 1362.60 1362.60
1842 1362.60 1362.60
1843 1362.60 1362.60
1844 1362.60 1362.60
1845 1362.60 1362.60
1846 1362.60 1362.60
1847 1362.60 1362.60
1848 1362.60 1362.60
1849 1362.60 1362.60
1850 1362.60 1362.60
1851 1362.60 1362.60
1852 1362.60 1362.60
1853 1362.60 1362.60
1854 1362.60 1362.60
1855 1362.60 1362.60
1856 1362.60 1362.60
1857 1362.60 1362.60
1858 1362.60 1362.60
1859 1362.60 1362.60
1860 1362.60 1362.60
1861 1362.60 1362.60
1862 1362.60 1362.60
1863 1362.60 1362.60
1864 1362.60 1362.60
1865 1362.60 1362.60
1866 1362.60 1362.60
1867 1362.60 1362.60
1868 1362.60 1362.60
1869 1362.60 1362.60
1870 1362.60 1362.60
1871 1362.60 1362.60
1872 1362.60 1362.60
1873 1362.60 1362.60
1874 1362.60 1362.60
1875 1362.60 1362.60
1876 1362.60 1362.60
1877 1362.60 1362.60
1878 1362.60 1362.60
1879 1362.60 1362.60
1880 1362.60 1362.60
1881 1362.60 1362.60
1882 1362.60 1362.60
1883 1362.60 1362.60
1884 1362.60 1362.60
1885 1362.60 1362.60
1886 1362.60 1362.60
1887 1362.60 1362.60
1888 1362.60 1362.60
1889 1362.60 1362.60
1890 1362.60 1362.60
1891 1362.60 1362.60
1892 1362.60 1362.60
1893 1362.60 1362.60
1894 1362.60 1362.60
1895 1362.60 1362.60
1896 1362.60 1362.60
1897 1362.60 1362.60
1898 1362.60 1362.60
1899 1362.60 1362.60
1900 1362.60 1362.60
1901 1362.60 1362.60
1902 1362.60 1362.60
1903 1362.60 1362.60
1904 1362.60 1362.60
1905 1362.60 1362.60
1906 1362.60 1362.60
1907 1362.60 1362.60
1908 1362.60 1362.60
1909 1362.60 1362.60
1910 1362.60 1362.60
1911 1362.60 1362.60
1912 1362.60 1362.60
1913 1362.60 1362.60
1914 1362.60 1362.60
1915 1362.60 1362.60
1916 1362.60 1362.60
1917 1362.60 1362.60
1918 1362.60 1362.60
1919 1362.60 1362.60
1920 1362.60 1362.60
1921 1362.60 1362.60
1922 1362.60 1362.60
1923 1362.60 1362.60
1924 1362.60 1362.60
1925 1362.60 1362.60
1926 1362.60 1362.60
1927 1362.60 1362.60
1928 1362.60 1362.60
1929 1362.60 1362.60
1930 1362.60 1362.60
1931 1362.60 1362.60
1932 1362.60 1362.60
1933 1362.60 1362.60
1934 1362.60 1362.60
1935 1362.60 1362.60
1936 1362.60 1362.60
1937 1362.60 1362.60
1938 1362.60 1362.60
1939 1362.60 1362.60
1940 1362.60 1362.60
1941 1362.60 1362.60
1942 1362.60 1362.60
1943 1362.60 1362.60
1944 1362.60 1362.60
1945 1362.60 1362.60
1946 1362.60 1362.60
1947 1362.60 1362.60
1948 1362.60 1362.60
1949 1362.60 1362.60
1950 1362.60 1362.60
1951 1362.60 1362.60
1952 1362.60 1362.60
1953 1362.60 1362.60
1954 1362.60 1362.60
1955 1362.60 1362.60
1956 1362.60 1362.60
1957 1362.60 1362.60
1958 1362.60 1362.60
1959 1362.60 1362.60
1960 1362.60 1362.60
1961 1362.60 1362.60
1962 1362.60 1362.60
1963 1362.60 1362.60
1964 1362.60 1362.60
1965 1362.60 1362.60
1966 1362.60 1362.60
1967 1362.60 1362.60
1968 1362.60 1362.60
1969 1362.60 1362.60
1970 1362.60 1362.60
1971 1362.60 1362.60
1972 1362.60 1362.60
1973 1362.60 1362.60
1974 1362.60 1362.60
1975 1362.60 1362.60
1976 1362.60 1362.60
1977 1362.60 1362.60
1978 1362.60 1362.60
1979 1362.60 1362.60
1980 1362.60 1362.60
1981 1362.60 1362.60
1982 1362.60 1362.60
1983 1362.60 1362.60
1984 1362.60 1362.60
1985 1362.60 1362.60
1986 1362.60 1362.60
1987 1362.60 1362.60
1988 1362.60 1362.60
1989 1362.60 1362.60
1990 1362.60 1362.60
1991 1362.60 1362.60
1992 1362.60 1362.60
1993 1362.60 1362.60
1994 1362.60 1362.60
1995 1362.60 1362.60
1996 1362.60 1362.60
1997 1362.60 1362.60
1998 1362.60 1362.60
1999 1362.60 1362.60
2000 1362.60 1362.60
2001 1362.60 1362.60
2002 1362.60 1362.60
2003 1362.60 1362.60
2004 1362.60 1362.60
2005 1362.60 1362.60
2006 1362.60 1362.60
2007 1362.60 1362.60
2008 1362.60 1362.60
2009 1362.60 1362.60
2010 1362.60 1362.60
2011 1362.60 1362.60
2012 1362.60 1362.60
2013 1362.60 1362.60
2014 1362.60 1362.60
2015 1362.60 1362.60
2016 1362.60 1362.60
2017 1362.60 1362.60
2018 1362.60 1362.60
2019 1362.60 1362.60
2020 1362.60 1362.60
2021 1362.60 1362.60
2022 1362.60 1362.60
2023 1362.60 1362.60
2024 1362.60 1362.60
2025 1362.60 1362.60
2026 1362.60 1362.60
2027 1362.60 1362.60
2028 1362.60 1362.60
2029 1362.60 1362.60
2030 1362.60 1362.60
2031 1362.60 1362.60
2032 1362.60 1362.60
2033 1362.60 1362.60
2034 1362.60 1362.60
2035 1362.60 1362.60
2036 1362.60 1362.60
2037 1362.60 1362.60
2038 1362.60 1362.60
2039 1362.60 1362.60
2040 1362.60 1362.60
2041 1362.60 1362.60
2042 1362.60 1362.60
2043 1362.60 1362.60
2044 1362.60 1362.60
2045 1362.60 1362.60
2046 1362.60 1362.60
2047 1362.60 1362.60
2048 1362.60 1362.60
2049 1362.60 1362.60
2050 1362.60 1362.60
2051 1362.60 1362.60
2052 1362.60 1362.60
2053 1362.60 1362.60
2054 1362.60 1362.60
2055 1362.60 1362.60
2056 1362.60 1362.60
2057 1362.60 1362.60
2058 1362.60 1362.60
2059 1362.60 1362.60
2060 1362.60 1362.60
2061 1362.60 1362.60
2062 1362.60 1362.60
2063 1362.60 1362.60
2064 1362.60 1362.60
2065 1362.60 1362.60
2066 1362.60 1362.60
2067 1362.60 1362.60
2068 1362.60 1362.60
2069 1362.60 1362.60
2070 1362.60 1362.60
2071 1362.60 1362.60
2072 1362.60 1362.60
2073 1362.60 1362.60
2074 1362.60 1362.60
2075 1362.60 1362.60
2076 1362.60 1362.60
2077 1362.60 1362.60
2078 1362.60 1362.60
2079 1362.60 1362.60
2080 1362.60 1362.60
2081 1362.60 1362.60
2082 1362.60 1362.60
2083 1362.60 1362.60
2084 1362.60 1362.60
2085 1362.60 1362.60
2086 1362.60 1362.60
2087 1362.60 1362.60
2088 1362.60 1362.60
2089 1362.60 1362.60
2090 1362.60 1362.60
2091 1362.60 1362.60
2092 1362.60 1362.60
2093 1362.60 1362.60
2094 1362.60 1362.60
2095 1362.60 1362.60
2096 1362.60 1362.60
2097 1362.60 1362.60
2098 1362.60 1362.60
2099 1362.60 1362.60
2100 1362.60 1362.60
2101 1362.60 1362.60
2102 1362.60 1362.60
2103 1362.60 1362.60
2104 1362.60 1362.60
2105 1362.60 1362.60
2106 1362.60 1362.60
2107 1362.60 1362.60
2108 1362.60 1362.60
2109 1362.60 1362.60
2110 1362.60 1362.60
2111 1362.60 1362.60
2112 1362.60 1362.60
2113 1362.60 1362.60
2114 1362.60 1362.60
2115 1362.60 1362.60
2116 1362.60 1362.60
2117 1362.60 1362.60
2118 1362.60 1362.60
2119 1362.60 1362.60
2120 1362.60 1362.60
2121 1362.60 1362.60
2122 1362.60 1362.60
2123 1362.60 1362.60
2124 1362.60 1362.60
2125 1362.60 1362.60
2126 1362.60 1362.60
2127 1362.60 1362.60
2128 1362.60 1362.60
2129 1362.60 1362.60
2130 1362.60 1362.60
2131 1362.60 1362.60
2132 1362.60 1362.60
2133 1362.60 1362.60
2134 1362.60 1362.60
2135 1362.60 1362.60
2136 1362.60 1362.60
2137 1362.60 1362.60
2138 1362.60 1362.60
2139 1362.60 1362.60
2140 1362.60 1362.60
2141 1362.60 1362.60
2142 1362.60 1362.60
2143 1362.60 1362.60
2144 1362.60 1362.60
2145 1362.60 1362.60
2146 1362.60 1362.60
2147 1362.60 1362.60
2148 1362.60 1362.60
2149 1362.60 1362.60
2150 1362.60 1362.60
2151 1362.60 1362.60
2152 1362.60 1362.60
2153 1362.60 1362.60
2154 1362.60 1362.60
2155 1362.60 1362.60
2156 1362.60 1362.60
2157 1362.60 1362.60
2158 1362.60 1362.60
2159 1362.60 1362.60
2160 1362.60 1362.60
2161 1362.60 1362.60
2162 1362.60 1362.60
2163 1362.60 1362.60
2164 1362.60 1362.60
2165 1362.60 1362.60
2166 1362.60 1362.60
2167 1362.60 1362.60
2168 1362.60 1362.60
2169 1362.60 1362.60
2170 1362.60 1362.60
2171 1362.60 1362.60
2172 1362.60 1362.60
2173 1362.60 1362.60
2174 1362.60 1362.60
2175 1362.60 1362.60
2176 1362.60 1362.60
2177 1362.60 1362.60
2178 1362.60 1362.60
2179 1362.60 1362.60
2180 1362.60 1362.60
2181 1362.60 1362.60
2182 1362.60 1362.60
