0 1339.02 1339.02
1 1339.02 1339.02
2 1339.02 1339.02
3 1339.02 1339.02
4 1339.02 1339.02
5 1339.02 1339.02
6 1339.02 1339.02
7 1339.02 1339.02
8 1339.02 1339.02
9 1339.02 1339.02
10 1339.02 1339.02
11 1339.02 1339.02
12 1339.02 1339.02
13 1339.02 1339.02
14 1339.02 1339.02
15 1339.02 1339.02
16 1339.02 1339.02
17 1339.02 1339.02
18 1339.02 1339.02
19 1339.02 1339.02
20 1339.02 1339.02
21 1339.02 1339.02
22 1339.02 1339.02
23 1339.02 1339.02
24 1339.02 1339.02
25 1339.02 1339.02
26 1339.02 1339.02
27 1339.02 1339.02
28 1339.02 1339.02
29 1339.02 1339.02
30 1339.02 1339.02
31 1339.02 1339.02
32 1339.02 1339.02
33 1339.02 1339.02
34 1339.02 1339.02
35 1339.02 1339.02
36 1339.02 1339.02
37 1339.02 1339.02
38 1339.02 1339.02
39 1339.02 1339.02
40 1339.02 1339.02
41 1339.02 1339.02
42 1339.02 1339.02
43 1339.02 1339.02
44 1339.02 1339.02
45 1339.02 1339.02
46 1339.02 1339.02
47 1339.02 1339.02
48 1339.02 1339.02
49 1339.02 1339.02
50 1339.02 1339.02
51 1339.02 1339.02
52 1339.02 1339.02
53 1339.02 1339.02
54 1339.02 1339.02
55 1339.02 1339.02
56 1339.02 1339.02
57 1339.02 1339.02
58 1339.02 1339.02
59 1339.02 1339.02
60 1339.02 1339.02
61 1339.02 1339.02
62 1339.02 1339.02
63 1339.02 1339.02
64 1339.02 1339.02
65 1339.02 1339.02
66 1339.02 1339.02
67 1339.02 1339.02
68 1339.02 1339.02
69 1339.02 1339.02
70 1339.02 1339.02
71 1339.02 1339.02
72 1339.02 1339.02
73 1339.02 1339.02
74 1339.02 1339.02
75 1339.02 1339.02
76 1339.02 1339.02
77 1339.02 1339.02
78 1339.02 1339.02
79 1339.02 1339.02
80 1339.02 1339.02
81 1339.02 1339.02
82 1339.02 1339.02
83 1339.02 1339.02
84 1339.02 1339.02
85 1339.02 1339.02
86 1339.02 1339.02
87 1339.02 1339.02
88 1339.02 1339.02
89 1339.02 1339.02
90 1339.02 1339.02
91 1339.02 1339.02
92 1339.02 1339.02
93 1339.02 1339.02
94 1339.02 1339.02
95 1339.02 1339.02
96 1339.02 1339.02
97 1339.02 1339.02
98 1339.02 1339.02
99 1339.02 1339.02
100 1339.02 1339.02
101 1339.02 1339.02
102 1339.02 1339.02
103 1339.02 1339.02
104 1339.02 1339.02
105 1339.02 1339.02
106 1339.02 1339.02
107 1339.02 1339.02
108 1339.02 1339.02
109 1339.02 1339.02
110 1339.02 1339.02
111 1339.02 1339.02
112 1339.02 1339.02
113 1339.02 1339.02
114 1339.02 1339.02
115 1339.02 1339.02
116 1339.02 1339.02
117 1339.02 1339.02
118 1339.02 1339.02
119 1339.02 1339.02
120 1339.02 1339.02
121 1339.02 1339.02
122 1339.02 1339.02
123 1339.02 1339.02
124 1339.02 1339.02
125 1339.02 1339.02
126 1339.02 1339.02
127 1339.02 1339.02
128 1339.02 1339.02
129 1339.02 1339.02
130 1339.02 1339.02
131 1339.02 1339.02
132 1339.02 1339.02
133 1339.02 1339.02
134 1339.02 1339.02
135 1339.02 1339.02
136 1339.02 1339.02
137 1339.02 1339.02
138 1339.02 1339.02
139 1339.02 1339.02
140 1339.02 1339.02
141 1339.02 1339.02
142 1339.02 1339.02
143 1339.02 1339.02
144 1339.02 1339.02
145 1339.02 1339.02
146 1339.02 1339.02
147 1339.02 1339.02
148 1339.02 1339.02
149 1339.02 1339.02
150 1339.02 1339.02
151 1339.02 1339.02
152 1339.02 1339.02
153 1339.02 1339.02
154 1339.02 1339.02
155 1339.02 1339.02
156 1339.02 1339.02
157 1339.02 1339.02
158 1339.02 1339.02
159 1339.02 1339.02
160 1339.02 1339.02
161 1339.02 1339.02
162 1339.02 1339.02
163 1339.02 1339.02
164 1339.02 1339.02
165 1339.02 1339.02
166 1339.02 1339.02
167 1339.02 1339.02
168 1339.02 1339.02
169 1339.02 1339.02
170 1339.02 1339.02
171 1339.02 1339.02
172 1339.02 1339.02
173 1339.02 1339.02
174 1339.02 1339.02
175 1339.02 1339.02
176 1339.02 1339.02
177 1339.02 1339.02
178 1339.02 1339.02
179 1339.02 1339.02
180 1339.02 1339.02
181 1339.02 1339.02
182 1339.02 1339.02
183 1339.02 1339.02
184 1339.02 1339.02
185 1339.02 1339.02
186 1339.02 1339.02
187 1339.02 1339.02
188 1339.02 1339.02
189 1339.02 1339.02
190 1339.02 1339.02
191 1339.02 1339.02
192 1339.02 1339.02
193 1339.02 1339.02
194 1339.02 1339.02
195 1339.02 1339.02
196 1339.02 1339.02
197 1339.02 1339.02
198 1339.02 1339.02
199 1339.02 1339.02
200 1339.02 1339.02
201 1339.02 1339.02
202 1339.02 1339.02
203 1339.02 1339.02
204 1339.02 1339.02
205 1339.02 1339.02
206 1339.02 1339.02
207 1339.02 1339.02
208 1339.02 1339.02
209 1339.02 1339.02
210 1339.02 1339.02
211 1339.02 1339.02
212 1339.02 1339.02
213 1339.02 1339.02
214 1339.02 1339.02
215 1339.02 1339.02
216 1339.02 1339.02
217 1339.02 1339.02
218 1339.02 1339.02
219 1339.02 1339.02
220 1339.02 1339.02
221 1339.02 1339.02
222 1339.02 1339.02
223 1339.02 1339.02
224 1339.02 1339.02
225 1339.02 1339.02
226 1339.02 1339.02
227 1339.02 1339.02
228 1339.02 1339.02
229 1339.02 1339.02
230 1339.02 1339.02
231 1339.02 1339.02
232 1339.02 1339.02
233 1339.02 1339.02
234 1339.02 1339.02
235 1339.02 1339.02
236 1339.02 1339.02
237 1339.02 1339.02
238 1339.02 1339.02
239 1339.02 1339.02
240 1339.02 1339.02
241 1339.02 1339.02
242 1339.02 1339.02
243 1339.02 1339.02
244 1339.02 1339.02
245 1339.02 1339.02
246 1339.02 1339.02
247 1339.02 1339.02
248 1339.02 1339.02
249 1339.02 1339.02
250 1339.02 1339.02
251 1339.02 1339.02
252 1339.02 1339.02
253 1339.02 1339.02
254 1339.02 1339.02
255 1339.02 1339.02
256 1339.02 1339.02
257 1339.02 1339.02
258 1339.02 1339.02
259 1339.02 1339.02
260 1339.02 1339.02
261 1339.02 1339.02
262 1339.02 1339.02
263 1339.02 1339.02
264 1339.02 1339.02
265 1339.02 1339.02
266 1339.02 1339.02
267 1339.02 1339.02
268 1339.02 1339.02
269 1339.02 1339.02
270 1339.02 1339.02
271 1339.02 1339.02
272 1339.02 1339.02
273 1339.02 1339.02
274 1339.02 1339.02
275 1339.02 1339.02
276 1339.02 1339.02
277 1339.02 1339.02
278 1339.02 1339.02
279 1339.02 1339.02
280 1339.02 1339.02
281 1339.02 1339.02
282 1339.02 1339.02
283 1339.02 1339.02
284 1339.02 1339.02
285 1339.02 1339.02
286 1339.02 1339.02
287 1339.02 1339.02
288 1339.02 1339.02
289 1339.02 1339.02
290 1339.02 1339.02
291 1339.02 1339.02
292 1339.02 1339.02
293 1339.02 1339.02
294 1339.02 1339.02
295 1339.02 1339.02
296 1339.02 1339.02
297 1339.02 1339.02
298 1339.02 1339.02
299 1339.02 1339.02
300 1339.02 1339.02
301 1339.02 1339.02
302 1339.02 1339.02
303 1339.02 1339.02
304 1339.02 1339.02
305 1339.02 1339.02
306 1339.02 1339.02
307 1339.02 1339.02
308 1339.02 1339.02
309 1339.02 1339.02
310 1339.02 1339.02
311 1339.02 1339.02
312 1339.02 1339.02
313 1339.02 1339.02
314 1339.02 1339.02
315 1339.02 1339.02
316 1339.02 1339.02
317 1339.02 1339.02
318 1339.02 1339.02
319 1339.02 1339.02
320 1339.02 1339.02
321 1339.02 1339.02
322 1339.02 1339.02
323 1339.02 1339.02
324 1339.02 1339.02
325 1339.02 1339.02
326 1339.02 1339.02
327 1339.02 1339.02
328 1339.02 1339.02
329 1339.02 1339.02
330 1339.02 1339.02
331 1339.02 1339.02
332 1339.02 1339.02
333 1339.02 1339.02
334 1339.02 1339.02
335 1339.02 1339.02
336 1339.02 1339.02
337 1339.02 1339.02
338 1339.02 1339.02
339 1339.02 1339.02
340 1339.02 1339.02
341 1339.02 1339.02
342 1339.02 1339.02
343 1339.02 1339.02
344 1339.02 1339.02
345 1339.02 1339.02
346 1339.02 1339.02
347 1339.02 1339.02
348 1339.02 1339.02
349 1339.02 1339.02
350 1339.02 1339.02
351 1339.02 1339.02
352 1339.02 1339.02
353 1339.02 1339.02
354 1339.02 1339.02
355 1339.02 1339.02
356 1339.02 1339.02
357 1339.02 1339.02
358 1339.02 1339.02
359 1339.02 1339.02
360 1339.02 1339.02
361 1339.02 1339.02
362 1339.02 1339.02
363 1339.02 1339.02
364 1339.02 1339.02
365 1339.02 1339.02
366 1339.02 1339.02
367 1339.02 1339.02
368 1339.02 1339.02
369 1339.02 1339.02
370 1339.02 1339.02
371 1339.02 1339.02
372 1339.02 1339.02
373 1339.02 1339.02
374 1339.02 1339.02
375 1339.02 1339.02
376 1339.02 1339.02
377 1339.02 1339.02
378 1339.02 1339.02
379 1339.02 1339.02
380 1339.02 1339.02
381 1339.02 1339.02
382 1339.02 1339.02
383 1339.02 1339.02
384 1339.02 1339.02
385 1339.02 1339.02
386 1339.02 1339.02
387 1339.02 1339.02
388 1339.02 1339.02
389 1339.02 1339.02
390 1339.02 1339.02
391 1339.02 1339.02
392 1339.02 1339.02
393 1339.02 1339.02
394 1339.02 1339.02
395 1339.02 1339.02
396 1339.02 1339.02
397 1339.02 1339.02
398 1339.02 1339.02
399 1339.02 1339.02
400 1339.02 1339.02
401 1339.02 1339.02
402 1339.02 1339.02
403 1339.02 1339.02
404 1339.02 1339.02
405 1339.02 1339.02
406 1339.02 1339.02
407 1339.02 1339.02
408 1339.02 1339.02
409 1339.02 1339.02
410 1339.02 1339.02
411 1339.02 1339.02
412 1339.02 1339.02
413 1339.02 1339.02
414 1339.02 1339.02
415 1339.02 1339.02
416 1339.02 1339.02
417 1339.02 1339.02
418 1339.02 1339.02
419 1339.02 1339.02
420 1339.02 1339.02
421 1339.02 1339.02
422 1339.02 1339.02
423 1339.02 1339.02
424 1339.02 1339.02
425 1339.02 1339.02
426 1339.02 1339.02
427 1339.02 1339.02
428 1339.02 1339.02
429 1339.02 1339.02
430 1339.02 1339.02
431 1339.02 1339.02
432 1339.02 1339.02
433 1339.02 1339.02
434 1339.02 1339.02
435 1339.02 1339.02
436 1339.02 1339.02
437 1339.02 1339.02
438 1339.02 1339.02
439 1339.02 1339.02
440 1339.02 1339.02
441 1339.02 1339.02
442 1339.02 1339.02
443 1339.02 1339.02
444 1339.02 1339.02
445 1339.02 1339.02
446 1339.02 1339.02
447 1339.02 1339.02
448 1339.02 1339.02
449 1339.02 1339.02
450 1339.02 1339.02
451 1339.02 1339.02
452 1339.02 1339.02
453 1339.02 1339.02
454 1339.02 1339.02
455 1339.02 1339.02
456 1339.02 1339.02
457 1339.02 1339.02
458 1339.02 1339.02
459 1339.02 1339.02
460 1339.02 1339.02
461 1339.02 1339.02
462 1339.02 1339.02
463 1339.02 1339.02
464 1339.02 1339.02
465 1339.02 1339.02
466 1339.02 1339.02
467 1339.02 1339.02
468 1339.02 1339.02
469 1339.02 1339.02
470 1339.02 1339.02
471 1339.02 1339.02
472 1339.02 1339.02
473 1339.02 1339.02
474 1339.02 1339.02
475 1339.02 1339.02
476 1339.02 1339.02
477 1339.02 1339.02
478 1339.02 1339.02
479 1339.02 1339.02
480 1339.02 1339.02
481 1339.02 1339.02
482 1339.02 1339.02
483 1339.02 1339.02
484 1339.02 1339.02
485 1339.02 1339.02
486 1339.02 1339.02
487 1339.02 1339.02
488 1339.02 1339.02
489 1339.02 1339.02
490 1339.02 1339.02
491 1339.02 1339.02
492 1339.02 1339.02
493 1339.02 1339.02
494 1339.02 1339.02
495 1339.02 1339.02
496 1339.02 1339.02
497 1339.02 1339.02
498 1339.02 1339.02
499 1339.02 1339.02
500 1339.02 1339.02
501 1339.02 1339.02
502 1339.02 1339.02
503 1339.02 1339.02
504 1339.02 1339.02
505 1339.02 1339.02
506 1339.02 1339.02
507 1339.02 1339.02
508 1339.02 1339.02
509 1339.02 1339.02
510 1339.02 1339.02
511 1339.02 1339.02
512 1339.02 1339.02
513 1339.02 1339.02
514 1339.02 1339.02
515 1339.02 1339.02
516 1339.02 1339.02
517 1339.02 1339.02
518 1339.02 1339.02
519 1339.02 1339.02
520 1339.02 1339.02
521 1339.02 1339.02
522 1339.02 1339.02
523 1339.02 1339.02
524 1339.02 1339.02
525 1339.02 1339.02
526 1339.02 1339.02
527 1339.02 1339.02
528 1339.02 1339.02
529 1339.02 1339.02
530 1339.02 1339.02
531 1339.02 1339.02
532 1339.02 1339.02
533 1339.02 1339.02
534 1339.02 1339.02
535 1339.02 1339.02
536 1339.02 1339.02
537 1339.02 1339.02
538 1339.02 1339.02
539 1339.02 1339.02
540 1339.02 1339.02
541 1339.02 1339.02
542 1339.02 1339.02
543 1339.02 1339.02
544 1339.02 1339.02
545 1339.02 1339.02
546 1339.02 1339.02
547 1339.02 1339.02
548 1339.02 1339.02
549 1339.02 1339.02
550 1339.02 1339.02
551 1339.02 1339.02
552 1339.02 1339.02
553 1339.02 1339.02
554 1339.02 1339.02
555 1339.02 1339.02
556 1339.02 1339.02
557 1339.02 1339.02
558 1339.02 1339.02
559 1339.02 1339.02
560 1339.02 1339.02
561 1339.02 1339.02
562 1339.02 1339.02
563 1339.02 1339.02
564 1339.02 1339.02
565 1339.02 1339.02
566 1339.02 1339.02
567 1339.02 1339.02
568 1339.02 1339.02
569 1339.02 1339.02
570 1339.02 1339.02
571 1339.02 1339.02
572 1339.02 1339.02
573 1339.02 1339.02
574 1339.02 1339.02
575 1339.02 1339.02
576 1339.02 1339.02
577 1339.02 1339.02
578 1339.02 1339.02
579 1339.02 1339.02
580 1339.02 1339.02
581 1339.02 1339.02
582 1339.02 1339.02
583 1339.02 1339.02
584 1339.02 1339.02
585 1339.02 1339.02
586 1339.02 1339.02
587 1339.02 1339.02
588 1339.02 1339.02
589 1339.02 1339.02
590 1339.02 1339.02
591 1339.02 1339.02
592 1339.02 1339.02
593 1339.02 1339.02
594 1339.02 1339.02
595 1339.02 1339.02
596 1339.02 1339.02
597 1339.02 1339.02
598 1339.02 1339.02
599 1339.02 1339.02
600 1339.02 1339.02
601 1339.02 1339.02
602 1339.02 1339.02
603 1339.02 1339.02
604 1339.02 1339.02
605 1339.02 1339.02
606 1339.02 1339.02
607 1339.02 1339.02
608 1339.02 1339.02
609 1339.02 1339.02
610 1339.02 1339.02
611 1339.02 1339.02
612 1339.02 1339.02
613 1339.02 1339.02
614 1339.02 1339.02
615 1339.02 1339.02
616 1339.02 1339.02
617 1339.02 1339.02
618 1339.02 1339.02
619 1339.02 1339.02
620 1339.02 1339.02
621 1339.02 1339.02
622 1339.02 1339.02
623 1339.02 1339.02
624 1339.02 1339.02
625 1339.02 1339.02
626 1339.02 1339.02
627 1339.02 1339.02
628 1339.02 1339.02
629 1339.02 1339.02
630 1339.02 1339.02
631 1339.02 1339.02
632 1339.02 1339.02
633 1339.02 1339.02
634 1339.02 1339.02
635 1339.02 1339.02
636 1339.02 1339.02
637 1339.02 1339.02
638 1339.02 1339.02
639 1339.02 1339.02
640 1339.02 1339.02
641 1339.02 1339.02
642 1339.02 1339.02
643 1339.02 1339.02
644 1339.02 1339.02
645 1339.02 1339.02
646 1339.02 1339.02
647 1339.02 1339.02
648 1339.02 1339.02
649 1339.02 1339.02
650 1339.02 1339.02
651 1339.02 1339.02
652 1339.02 1339.02
653 1339.02 1339.02
654 1339.02 1339.02
655 1339.02 1339.02
656 1339.02 1339.02
657 1339.02 1339.02
658 1339.02 1339.02
659 1339.02 1339.02
660 1339.02 1339.02
661 1339.02 1339.02
662 1339.02 1339.02
663 1339.02 1339.02
664 1339.02 1339.02
665 1339.02 1339.02
666 1339.02 1339.02
667 1339.02 1339.02
668 1339.02 1339.02
669 1339.02 1339.02
670 1339.02 1339.02
671 1339.02 1339.02
672 1339.02 1339.02
673 1339.02 1339.02
674 1339.02 1339.02
675 1339.02 1339.02
676 1339.02 1339.02
677 1339.02 1339.02
678 1339.02 1339.02
679 1339.02 1339.02
680 1339.02 1339.02
681 1339.02 1339.02
682 1339.02 1339.02
683 1339.02 1339.02
684 1339.02 1339.02
685 1339.02 1339.02
686 1339.02 1339.02
687 1339.02 1339.02
688 1339.02 1339.02
689 1339.02 1339.02
690 1339.02 1339.02
691 1339.02 1339.02
692 1339.02 1339.02
693 1339.02 1339.02
694 1339.02 1339.02
695 1339.02 1339.02
696 1339.02 1339.02
697 1339.02 1339.02
698 1339.02 1339.02
699 1339.02 1339.02
700 1339.02 1339.02
701 1339.02 1339.02
702 1339.02 1339.02
703 1339.02 1339.02
704 1339.02 1339.02
705 1339.02 1339.02
706 1339.02 1339.02
707 1339.02 1339.02
708 1339.02 1339.02
709 1339.02 1339.02
710 1339.02 1339.02
711 1339.02 1339.02
712 1339.02 1339.02
713 1339.02 1339.02
714 1339.02 1339.02
715 1339.02 1339.02
716 1339.02 1339.02
717 1339.02 1339.02
718 1339.02 1339.02
719 1339.02 1339.02
720 1339.02 1339.02
721 1339.02 1339.02
722 1339.02 1339.02
723 1339.02 1339.02
724 1339.02 1339.02
725 1339.02 1339.02
726 1339.02 1339.02
727 1339.02 1339.02
728 1339.02 1339.02
729 1339.02 1339.02
730 1339.02 1339.02
731 1339.02 1339.02
732 1339.02 1339.02
733 1339.02 1339.02
734 1339.02 1339.02
735 1339.02 1339.02
736 1339.02 1339.02
737 1339.02 1339.02
738 1339.02 1339.02
739 1339.02 1339.02
740 1339.02 1339.02
741 1339.02 1339.02
742 1339.02 1339.02
743 1339.02 1339.02
744 1339.02 1339.02
745 1339.02 1339.02
746 1339.02 1339.02
747 1339.02 1339.02
748 1339.02 1339.02
749 1339.02 1339.02
750 1339.02 1339.02
751 1339.02 1339.02
752 1339.02 1339.02
753 1339.02 1339.02
754 1339.02 1339.02
755 1339.02 1339.02
756 1339.02 1339.02
757 1339.02 1339.02
758 1339.02 1339.02
759 1339.02 1339.02
760 1339.02 1339.02
761 1339.02 1339.02
762 1339.02 1339.02
763 1339.02 1339.02
764 1339.02 1339.02
765 1339.02 1339.02
766 1339.02 1339.02
767 1339.02 1339.02
768 1339.02 1339.02
769 1339.02 1339.02
770 1339.02 1339.02
771 1339.02 1339.02
772 1339.02 1339.02
773 1339.02 1339.02
774 1339.02 1339.02
775 1339.02 1339.02
776 1339.02 1339.02
777 1339.02 1339.02
778 1339.02 1339.02
779 1339.02 1339.02
780 1339.02 1339.02
781 1339.02 1339.02
782 1339.02 1339.02
783 1339.02 1339.02
784 1339.02 1339.02
785 1339.02 1339.02
786 1339.02 1339.02
787 1339.02 1339.02
788 1339.02 1339.02
789 1339.02 1339.02
790 1339.02 1339.02
791 1339.02 1339.02
792 1339.02 1339.02
793 1339.02 1339.02
794 1339.02 1339.02
795 1339.02 1339.02
796 1339.02 1339.02
797 1339.02 1339.02
798 1339.02 1339.02
799 1339.02 1339.02
800 1339.02 1339.02
801 1339.02 1339.02
802 1339.02 1339.02
803 1339.02 1339.02
804 1339.02 1339.02
805 1339.02 1339.02
806 1339.02 1339.02
807 1339.02 1339.02
808 1339.02 1339.02
809 1339.02 1339.02
810 1339.02 1339.02
811 1339.02 1339.02
812 1339.02 1339.02
813 1339.02 1339.02
814 1339.02 1339.02
815 1339.02 1339.02
816 1339.02 1339.02
817 1339.02 1339.02
818 1339.02 1339.02
819 1339.02 1339.02
820 1339.02 1339.02
821 1339.02 1339.02
822 1339.02 1339.02
823 1339.02 1339.02
824 1339.02 1339.02
825 1339.02 1339.02
826 1339.02 1339.02
827 1339.02 1339.02
828 1339.02 1339.02
829 1339.02 1339.02
830 1339.02 1339.02
831 1339.02 1339.02
832 1339.02 1339.02
833 1339.02 1339.02
834 1339.02 1339.02
835 1339.02 1339.02
836 1339.02 1339.02
837 1339.02 1339.02
838 1339.02 1339.02
839 1339.02 1339.02
840 1339.02 1339.02
841 1339.02 1339.02
842 1339.02 1339.02
843 1339.02 1339.02
844 1339.02 1339.02
845 1339.02 1339.02
846 1339.02 1339.02
847 1339.02 1339.02
848 1339.02 1339.02
849 1339.02 1339.02
850 1339.02 1339.02
851 1339.02 1339.02
852 1339.02 1339.02
853 1339.02 1339.02
854 1339.02 1339.02
855 1339.02 1339.02
856 1339.02 1339.02
857 1339.02 1339.02
858 1339.02 1339.02
859 1339.02 1339.02
860 1339.02 1339.02
861 1339.02 1339.02
862 1339.02 1339.02
863 1339.02 1339.02
864 1339.02 1339.02
865 1339.02 1339.02
866 1339.02 1339.02
867 1339.02 1339.02
868 1339.02 1339.02
869 1339.02 1339.02
870 1339.02 1339.02
871 1339.02 1339.02
872 1339.02 1339.02
873 1339.02 1339.02
874 1339.02 1339.02
875 1339.02 1339.02
876 1339.02 1339.02
877 1339.02 1339.02
878 1339.02 1339.02
879 1339.02 1339.02
880 1339.02 1339.02
881 1339.02 1339.02
882 1339.02 1339.02
883 1339.02 1339.02
884 1339.02 1339.02
885 1339.02 1339.02
886 1339.02 1339.02
887 1339.02 1339.02
888 1339.02 1339.02
889 1339.02 1339.02
890 1339.02 1339.02
891 1339.02 1339.02
892 1339.02 1339.02
893 1339.02 1339.02
894 1339.02 1339.02
895 1339.02 1339.02
896 1339.02 1339.02
897 1339.02 1339.02
898 1339.02 1339.02
899 1339.02 1339.02
900 1339.02 1339.02
901 1339.02 1339.02
902 1339.02 1339.02
903 1339.02 1339.02
904 1339.02 1339.02
905 1339.02 1339.02
906 1339.02 1339.02
907 1339.02 1339.02
908 1339.02 1339.02
909 1339.02 1339.02
910 1339.02 1339.02
911 1339.02 1339.02
912 1339.02 1339.02
913 1339.02 1339.02
914 1339.02 1339.02
915 1339.02 1339.02
916 1339.02 1339.02
917 1339.02 1339.02
918 1339.02 1339.02
919 1339.02 1339.02
920 1339.02 1339.02
921 1339.02 1339.02
922 1339.02 1339.02
923 1339.02 1339.02
924 1339.02 1339.02
925 1339.02 1339.02
926 1339.02 1339.02
927 1339.02 1339.02
928 1339.02 1339.02
929 1339.02 1339.02
930 1339.02 1339.02
931 1339.02 1339.02
932 1339.02 1339.02
933 1339.02 1339.02
934 1339.02 1339.02
935 1339.02 1339.02
936 1339.02 1339.02
937 1339.02 1339.02
938 1339.02 1339.02
939 1339.02 1339.02
940 1339.02 1339.02
941 1339.02 1339.02
942 1339.02 1339.02
943 1339.02 1339.02
944 1339.02 1339.02
945 1339.02 1339.02
946 1339.02 1339.02
947 1339.02 1339.02
948 1339.02 1339.02
949 1339.02 1339.02
950 1339.02 1339.02
951 1339.02 1339.02
952 1339.02 1339.02
953 1339.02 1339.02
954 1339.02 1339.02
955 1339.02 1339.02
956 1339.02 1339.02
957 1339.02 1339.02
958 1339.02 1339.02
959 1339.02 1339.02
960 1339.02 1339.02
961 1339.02 1339.02
962 1339.02 1339.02
963 1339.02 1339.02
964 1339.02 1339.02
965 1339.02 1339.02
966 1339.02 1339.02
967 1339.02 1339.02
968 1339.02 1339.02
969 1339.02 1339.02
970 1339.02 1339.02
971 1339.02 1339.02
972 1339.02 1339.02
973 1339.02 1339.02
974 1339.02 1339.02
975 1339.02 1339.02
976 1339.02 1339.02
977 1339.02 1339.02
978 1339.02 1339.02
979 1339.02 1339.02
980 1339.02 1339.02
981 1339.02 1339.02
982 1339.02 1339.02
983 1339.02 1339.02
984 1339.02 1339.02
985 1339.02 1339.02
986 1339.02 1339.02
987 1339.02 1339.02
988 1339.02 1339.02
989 1339.02 1339.02
990 1339.02 1339.02
991 1339.02 1339.02
992 1339.02 1339.02
993 1339.02 1339.02
994 1339.02 1339.02
995 1339.02 1339.02
996 1339.02 1339.02
997 1339.02 1339.02
998 1339.02 1339.02
999 1339.02 1339.02
1000 1339.02 1339.02
1001 1339.02 1339.02
1002 1339.02 1339.02
1003 1339.02 1339.02
1004 1339.02 1339.02
1005 1339.02 1339.02
1006 1339.02 1339.02
1007 1339.02 1339.02
1008 1339.02 1339.02
1009 1339.02 1339.02
1010 1339.02 1339.02
1011 1339.02 1339.02
1012 1339.02 1339.02
1013 1339.02 1339.02
1014 1339.02 1339.02
1015 1339.02 1339.02
1016 1339.02 1339.02
1017 1339.02 1339.02
1018 1339.02 1339.02
1019 1339.02 1339.02
1020 1339.02 1339.02
1021 1339.02 1339.02
1022 1339.02 1339.02
1023 1339.02 1339.02
1024 1339.02 1339.02
1025 1339.02 1339.02
1026 1339.02 1339.02
1027 1339.02 1339.02
1028 1339.02 1339.02
1029 1339.02 1339.02
1030 1339.02 1339.02
1031 1339.02 1339.02
1032 1339.02 1339.02
1033 1339.02 1339.02
1034 1339.02 1339.02
1035 1339.02 1339.02
1036 1339.02 1339.02
1037 1339.02 1339.02
1038 1339.02 1339.02
1039 1339.02 1339.02
1040 1339.02 1339.02
1041 1339.02 1339.02
1042 1339.02 1339.02
1043 1339.02 1339.02
1044 1339.02 1339.02
1045 1339.02 1339.02
1046 1339.02 1339.02
1047 1339.02 1339.02
1048 1339.02 1339.02
1049 1339.02 1339.02
1050 1339.02 1339.02
1051 1339.02 1339.02
1052 1339.02 1339.02
1053 1339.02 1339.02
1054 1339.02 1339.02
1055 1339.02 1339.02
1056 1339.02 1339.02
1057 1339.02 1339.02
1058 1339.02 1339.02
1059 1339.02 1339.02
1060 1339.02 1339.02
1061 1339.02 1339.02
1062 1339.02 1339.02
1063 1339.02 1339.02
1064 1339.02 1339.02
1065 1339.02 1339.02
1066 1339.02 1339.02
1067 1339.02 1339.02
1068 1339.02 1339.02
1069 1339.02 1339.02
1070 1339.02 1339.02
1071 1339.02 1339.02
1072 1339.02 1339.02
1073 1339.02 1339.02
1074 1339.02 1339.02
1075 1339.02 1339.02
1076 1339.02 1339.02
1077 1339.02 1339.02
1078 1339.02 1339.02
1079 1339.02 1339.02
1080 1339.02 1339.02
1081 1339.02 1339.02
1082 1339.02 1339.02
1083 1339.02 1339.02
1084 1339.02 1339.02
1085 1339.02 1339.02
1086 1339.02 1339.02
1087 1339.02 1339.02
1088 1339.02 1339.02
1089 1339.02 1339.02
1090 1339.02 1339.02
1091 1339.02 1339.02
1092 1339.02 1339.02
1093 1339.02 1339.02
1094 1339.02 1339.02
1095 1339.02 1339.02
1096 1339.02 1339.02
1097 1339.02 1339.02
1098 1339.02 1339.02
1099 1339.02 1339.02
1100 1339.02 1339.02
1101 1339.02 1339.02
1102 1339.02 1339.02
1103 1339.02 1339.02
1104 1339.02 1339.02
1105 1339.02 1339.02
1106 1339.02 1339.02
1107 1339.02 1339.02
1108 1339.02 1339.02
1109 1339.02 1339.02
1110 1339.02 1339.02
1111 1339.02 1339.02
1112 1339.02 1339.02
1113 1339.02 1339.02
1114 1339.02 1339.02
1115 1339.02 1339.02
1116 1339.02 1339.02
1117 1339.02 1339.02
1118 1339.02 1339.02
1119 1339.02 1339.02
1120 1339.02 1339.02
1121 1339.02 1339.02
1122 1339.02 1339.02
1123 1339.02 1339.02
1124 1339.02 1339.02
1125 1339.02 1339.02
1126 1339.02 1339.02
1127 1339.02 1339.02
1128 1339.02 1339.02
1129 1339.02 1339.02
1130 1339.02 1339.02
1131 1339.02 1339.02
1132 1339.02 1339.02
1133 1339.02 1339.02
1134 1339.02 1339.02
1135 1339.02 1339.02
1136 1339.02 1339.02
1137 1339.02 1339.02
1138 1339.02 1339.02
1139 1339.02 1339.02
1140 1339.02 1339.02
1141 1339.02 1339.02
1142 1339.02 1339.02
1143 1339.02 1339.02
1144 1339.02 1339.02
1145 1339.02 1339.02
1146 1339.02 1339.02
1147 1339.02 1339.02
1148 1339.02 1339.02
1149 1339.02 1339.02
1150 1339.02 1339.02
1151 1339.02 1339.02
1152 1339.02 1339.02
1153 1339.02 1339.02
1154 1339.02 1339.02
1155 1339.02 1339.02
1156 1339.02 1339.02
1157 1339.02 1339.02
1158 1339.02 1339.02
1159 1339.02 1339.02
1160 1339.02 1339.02
1161 1339.02 1339.02
1162 1339.02 1339.02
1163 1339.02 1339.02
1164 1339.02 1339.02
1165 1339.02 1339.02
1166 1339.02 1339.02
1167 1339.02 1339.02
1168 1339.02 1339.02
1169 1339.02 1339.02
1170 1339.02 1339.02
1171 1339.02 1339.02
1172 1339.02 1339.02
1173 1339.02 1339.02
1174 1339.02 1339.02
1175 1339.02 1339.02
1176 1339.02 1339.02
1177 1339.02 1339.02
1178 1339.02 1339.02
1179 1339.02 1339.02
1180 1339.02 1339.02
1181 1339.02 1339.02
1182 1339.02 1339.02
1183 1339.02 1339.02
1184 1339.02 1339.02
1185 1339.02 1339.02
1186 1339.02 1339.02
1187 1339.02 1339.02
1188 1339.02 1339.02
1189 1339.02 1339.02
1190 1339.02 1339.02
1191 1339.02 1339.02
1192 1339.02 1339.02
1193 1339.02 1339.02
1194 1339.02 1339.02
1195 1339.02 1339.02
1196 1339.02 1339.02
1197 1339.02 1339.02
1198 1339.02 1339.02
1199 1339.02 1339.02
1200 1339.02 1339.02
1201 1339.02 1339.02
1202 1339.02 1339.02
1203 1339.02 1339.02
1204 1339.02 1339.02
1205 1339.02 1339.02
1206 1339.02 1339.02
1207 1339.02 1339.02
1208 1339.02 1339.02
1209 1339.02 1339.02
1210 1339.02 1339.02
1211 1339.02 1339.02
1212 1339.02 1339.02
1213 1339.02 1339.02
1214 1339.02 1339.02
1215 1339.02 1339.02
1216 1339.02 1339.02
1217 1339.02 1339.02
1218 1339.02 1339.02
1219 1339.02 1339.02
1220 1339.02 1339.02
1221 1339.02 1339.02
1222 1339.02 1339.02
1223 1339.02 1339.02
1224 1339.02 1339.02
1225 1339.02 1339.02
1226 1339.02 1339.02
1227 1339.02 1339.02
1228 1339.02 1339.02
1229 1339.02 1339.02
1230 1339.02 1339.02
1231 1339.02 1339.02
1232 1339.02 1339.02
1233 1339.02 1339.02
1234 1339.02 1339.02
1235 1339.02 1339.02
1236 1339.02 1339.02
1237 1339.02 1339.02
1238 1339.02 1339.02
1239 1339.02 1339.02
1240 1339.02 1339.02
1241 1339.02 1339.02
1242 1339.02 1339.02
1243 1339.02 1339.02
1244 1339.02 1339.02
1245 1339.02 1339.02
1246 1339.02 1339.02
1247 1339.02 1339.02
1248 1339.02 1339.02
1249 1339.02 1339.02
1250 1339.02 1339.02
1251 1339.02 1339.02
1252 1339.02 1339.02
1253 1339.02 1339.02
1254 1339.02 1339.02
1255 1339.02 1339.02
1256 1339.02 1339.02
1257 1339.02 1339.02
1258 1339.02 1339.02
1259 1339.02 1339.02
1260 1339.02 1339.02
1261 1339.02 1339.02
1262 1339.02 1339.02
1263 1339.02 1339.02
1264 1339.02 1339.02
1265 1339.02 1339.02
1266 1339.02 1339.02
1267 1339.02 1339.02
1268 1339.02 1339.02
1269 1339.02 1339.02
1270 1339.02 1339.02
1271 1339.02 1339.02
1272 1339.02 1339.02
1273 1339.02 1339.02
1274 1339.02 1339.02
1275 1339.02 1339.02
1276 1339.02 1339.02
1277 1339.02 1339.02
1278 1339.02 1339.02
1279 1339.02 1339.02
1280 1339.02 1339.02
1281 1339.02 1339.02
1282 1339.02 1339.02
1283 1339.02 1339.02
1284 1339.02 1339.02
1285 1339.02 1339.02
1286 1339.02 1339.02
1287 1339.02 1339.02
1288 1339.02 1339.02
1289 1339.02 1339.02
1290 1339.02 1339.02
1291 1339.02 1339.02
1292 1339.02 1339.02
1293 1339.02 1339.02
1294 1339.02 1339.02
1295 1339.02 1339.02
1296 1339.02 1339.02
1297 1339.02 1339.02
1298 1339.02 1339.02
1299 1339.02 1339.02
1300 1339.02 1339.02
1301 1339.02 1339.02
1302 1339.02 1339.02
1303 1339.02 1339.02
1304 1339.02 1339.02
1305 1339.02 1339.02
1306 1339.02 1339.02
1307 1339.02 1339.02
1308 1339.02 1339.02
1309 1339.02 1339.02
1310 1339.02 1339.02
1311 1339.02 1339.02
1312 1339.02 1339.02
1313 1339.02 1339.02
1314 1339.02 1339.02
1315 1339.02 1339.02
1316 1339.02 1339.02
1317 1339.02 1339.02
1318 1339.02 1339.02
1319 1339.02 1339.02
1320 1339.02 1339.02
1321 1339.02 1339.02
1322 1339.02 1339.02
1323 1339.02 1339.02
1324 1339.02 1339.02
1325 1339.02 1339.02
1326 1339.02 1339.02
1327 1339.02 1339.02
1328 1339.02 1339.02
1329 1339.02 1339.02
1330 1339.02 1339.02
1331 1339.02 1339.02
1332 1339.02 1339.02
1333 1339.02 1339.02
1334 1339.02 1339.02
1335 1339.02 1339.02
1336 1339.02 1339.02
1337 1339.02 1339.02
1338 1339.02 1339.02
1339 1339.02 1339.02
1340 1339.02 1339.02
1341 1339.02 1339.02
1342 1339.02 1339.02
1343 1339.02 1339.02
1344 1339.02 1339.02
1345 1339.02 1339.02
1346 1339.02 1339.02
1347 1339.02 1339.02
1348 1339.02 1339.02
1349 1339.02 1339.02
1350 1339.02 1339.02
1351 1339.02 1339.02
1352 1339.02 1339.02
1353 1339.02 1339.02
1354 1339.02 1339.02
1355 1339.02 1339.02
1356 1339.02 1339.02
1357 1339.02 1339.02
1358 1339.02 1339.02
1359 1339.02 1339.02
1360 1339.02 1339.02
1361 1339.02 1339.02
1362 1339.02 1339.02
1363 1339.02 1339.02
1364 1339.02 1339.02
1365 1339.02 1339.02
1366 1339.02 1339.02
1367 1339.02 1339.02
1368 1339.02 1339.02
1369 1339.02 1339.02
1370 1339.02 1339.02
1371 1339.02 1339.02
1372 1339.02 1339.02
1373 1339.02 1339.02
1374 1339.02 1339.02
1375 1339.02 1339.02
1376 1339.02 1339.02
1377 1339.02 1339.02
1378 1339.02 1339.02
1379 1339.02 1339.02
1380 1339.02 1339.02
1381 1339.02 1339.02
1382 1339.02 1339.02
1383 1339.02 1339.02
1384 1339.02 1339.02
1385 1339.02 1339.02
1386 1339.02 1339.02
1387 1339.02 1339.02
1388 1339.02 1339.02
1389 1339.02 1339.02
1390 1339.02 1339.02
1391 1339.02 1339.02
1392 1339.02 1339.02
1393 1339.02 1339.02
1394 1339.02 1339.02
1395 1339.02 1339.02
1396 1339.02 1339.02
1397 1339.02 1339.02
1398 1339.02 1339.02
1399 1339.02 1339.02
1400 1339.02 1339.02
1401 1339.02 1339.02
1402 1339.02 1339.02
1403 1339.02 1339.02
1404 1339.02 1339.02
1405 1339.02 1339.02
1406 1339.02 1339.02
1407 1339.02 1339.02
1408 1339.02 1339.02
1409 1339.02 1339.02
1410 1339.02 1339.02
1411 1339.02 1339.02
1412 1339.02 1339.02
1413 1339.02 1339.02
1414 1339.02 1339.02
1415 1339.02 1339.02
1416 1339.02 1339.02
1417 1339.02 1339.02
1418 1339.02 1339.02
1419 1339.02 1339.02
1420 1339.02 1339.02
1421 1339.02 1339.02
1422 1339.02 1339.02
1423 1339.02 1339.02
1424 1339.02 1339.02
1425 1339.02 1339.02
1426 1339.02 1339.02
1427 1339.02 1339.02
1428 1339.02 1339.02
1429 1339.02 1339.02
1430 1339.02 1339.02
1431 1339.02 1339.02
1432 1339.02 1339.02
1433 1339.02 1339.02
1434 1339.02 1339.02
1435 1339.02 1339.02
1436 1339.02 1339.02
1437 1339.02 1339.02
1438 1339.02 1339.02
1439 1339.02 1339.02
1440 1339.02 1339.02
1441 1339.02 1339.02
1442 1339.02 1339.02
1443 1339.02 1339.02
1444 1339.02 1339.02
1445 1339.02 1339.02
1446 1339.02 1339.02
1447 1339.02 1339.02
1448 1339.02 1339.02
1449 1339.02 1339.02
1450 1339.02 1339.02
1451 1339.02 1339.02
1452 1339.02 1339.02
1453 1339.02 1339.02
1454 1339.02 1339.02
1455 1339.02 1339.02
1456 1339.02 1339.02
1457 1339.02 1339.02
1458 1339.02 1339.02
1459 1339.02 1339.02
1460 1339.02 1339.02
1461 1339.02 1339.02
1462 1339.02 1339.02
1463 1339.02 1339.02
1464 1339.02 1339.02
1465 1339.02 1339.02
1466 1339.02 1339.02
1467 1339.02 1339.02
1468 1339.02 1339.02
1469 1339.02 1339.02
1470 1339.02 1339.02
1471 1339.02 1339.02
1472 1339.02 1339.02
1473 1339.02 1339.02
1474 1339.02 1339.02
1475 1339.02 1339.02
1476 1339.02 1339.02
1477 1339.02 1339.02
1478 1339.02 1339.02
1479 1339.02 1339.02
1480 1339.02 1339.02
1481 1339.02 1339.02
1482 1339.02 1339.02
1483 1339.02 1339.02
1484 1339.02 1339.02
1485 1339.02 1339.02
1486 1339.02 1339.02
1487 1339.02 1339.02
1488 1339.02 1339.02
1489 1339.02 1339.02
1490 1339.02 1339.02
1491 1339.02 1339.02
1492 1339.02 1339.02
1493 1339.02 1339.02
1494 1339.02 1339.02
1495 1339.02 1339.02
1496 1339.02 1339.02
1497 1339.02 1339.02
1498 1339.02 1339.02
1499 1339.02 1339.02
1500 1339.02 1339.02
1501 1339.02 1339.02
1502 1339.02 1339.02
1503 1339.02 1339.02
1504 1339.02 1339.02
1505 1339.02 1339.02
1506 1339.02 1339.02
1507 1339.02 1339.02
1508 1339.02 1339.02
1509 1339.02 1339.02
1510 1339.02 1339.02
1511 1339.02 1339.02
1512 1339.02 1339.02
1513 1339.02 1339.02
1514 1339.02 1339.02
1515 1339.02 1339.02
1516 1339.02 1339.02
1517 1339.02 1339.02
1518 1339.02 1339.02
1519 1339.02 1339.02
1520 1339.02 1339.02
1521 1339.02 1339.02
1522 1339.02 1339.02
1523 1339.02 1339.02
1524 1339.02 1339.02
1525 1339.02 1339.02
1526 1339.02 1339.02
1527 1339.02 1339.02
1528 1339.02 1339.02
1529 1339.02 1339.02
1530 1339.02 1339.02
1531 1339.02 1339.02
1532 1339.02 1339.02
1533 1339.02 1339.02
1534 1339.02 1339.02
1535 1339.02 1339.02
1536 1339.02 1339.02
1537 1339.02 1339.02
1538 1339.02 1339.02
1539 1339.02 1339.02
1540 1339.02 1339.02
1541 1339.02 1339.02
1542 1339.02 1339.02
1543 1339.02 1339.02
1544 1339.02 1339.02
1545 1339.02 1339.02
1546 1339.02 1339.02
1547 1339.02 1339.02
1548 1339.02 1339.02
1549 1339.02 1339.02
1550 1339.02 1339.02
1551 1339.02 1339.02
1552 1339.02 1339.02
1553 1339.02 1339.02
1554 1339.02 1339.02
1555 1339.02 1339.02
1556 1339.02 1339.02
1557 1339.02 1339.02
1558 1339.02 1339.02
1559 1339.02 1339.02
1560 1339.02 1339.02
1561 1339.02 1339.02
1562 1339.02 1339.02
1563 1339.02 1339.02
1564 1339.02 1339.02
1565 1339.02 1339.02
1566 1339.02 1339.02
1567 1339.02 1339.02
1568 1339.02 1339.02
1569 1339.02 1339.02
1570 1339.02 1339.02
1571 1339.02 1339.02
1572 1339.02 1339.02
1573 1339.02 1339.02
1574 1339.02 1339.02
1575 1339.02 1339.02
1576 1339.02 1339.02
1577 1339.02 1339.02
1578 1339.02 1339.02
1579 1339.02 1339.02
1580 1339.02 1339.02
1581 1339.02 1339.02
1582 1339.02 1339.02
1583 1339.02 1339.02
1584 1339.02 1339.02
1585 1339.02 1339.02
1586 1339.02 1339.02
1587 1339.02 1339.02
1588 1339.02 1339.02
1589 1339.02 1339.02
1590 1339.02 1339.02
1591 1339.02 1339.02
1592 1339.02 1339.02
1593 1339.02 1339.02
1594 1339.02 1339.02
1595 1339.02 1339.02
1596 1339.02 1339.02
1597 1339.02 1339.02
1598 1339.02 1339.02
1599 1339.02 1339.02
1600 1339.02 1339.02
1601 1339.02 1339.02
1602 1339.02 1339.02
1603 1339.02 1339.02
1604 1339.02 1339.02
1605 1339.02 1339.02
1606 1339.02 1339.02
1607 1339.02 1339.02
1608 1339.02 1339.02
1609 1339.02 1339.02
1610 1339.02 1339.02
1611 1339.02 1339.02
1612 1339.02 1339.02
1613 1339.02 1339.02
1614 1339.02 1339.02
1615 1339.02 1339.02
1616 1339.02 1339.02
1617 1339.02 1339.02
1618 1339.02 1339.02
1619 1339.02 1339.02
1620 1339.02 1339.02
1621 1339.02 1339.02
1622 1339.02 1339.02
1623 1339.02 1339.02
1624 1339.02 1339.02
1625 1339.02 1339.02
1626 1339.02 1339.02
1627 1339.02 1339.02
1628 1339.02 1339.02
1629 1339.02 1339.02
1630 1339.02 1339.02
1631 1339.02 1339.02
1632 1339.02 1339.02
1633 1339.02 1339.02
1634 1339.02 1339.02
1635 1339.02 1339.02
1636 1339.02 1339.02
1637 1339.02 1339.02
1638 1339.02 1339.02
1639 1339.02 1339.02
1640 1339.02 1339.02
1641 1339.02 1339.02
1642 1339.02 1339.02
1643 1339.02 1339.02
1644 1339.02 1339.02
1645 1339.02 1339.02
1646 1339.02 1339.02
1647 1339.02 1339.02
1648 1339.02 1339.02
1649 1339.02 1339.02
1650 1339.02 1339.02
1651 1339.02 1339.02
1652 1339.02 1339.02
1653 1339.02 1339.02
1654 1339.02 1339.02
1655 1339.02 1339.02
1656 1339.02 1339.02
1657 1339.02 1339.02
1658 1339.02 1339.02
1659 1339.02 1339.02
1660 1339.02 1339.02
1661 1339.02 1339.02
1662 1339.02 1339.02
1663 1339.02 1339.02
1664 1339.02 1339.02
1665 1339.02 1339.02
1666 1339.02 1339.02
1667 1339.02 1339.02
1668 1339.02 1339.02
1669 1339.02 1339.02
1670 1339.02 1339.02
1671 1339.02 1339.02
1672 1339.02 1339.02
1673 1339.02 1339.02
1674 1339.02 1339.02
1675 1339.02 1339.02
1676 1339.02 1339.02
1677 1339.02 1339.02
1678 1339.02 1339.02
1679 1339.02 1339.02
1680 1339.02 1339.02
1681 1339.02 1339.02
1682 1339.02 1339.02
1683 1339.02 1339.02
1684 1339.02 1339.02
1685 1339.02 1339.02
1686 1339.02 1339.02
1687 1339.02 1339.02
1688 1339.02 1339.02
1689 1339.02 1339.02
1690 1339.02 1339.02
1691 1339.02 1339.02
1692 1339.02 1339.02
1693 1339.02 1339.02
1694 1339.02 1339.02
1695 1339.02 1339.02
1696 1339.02 1339.02
1697 1339.02 1339.02
1698 1339.02 1339.02
1699 1339.02 1339.02
1700 1339.02 1339.02
1701 1339.02 1339.02
1702 1339.02 1339.02
1703 1339.02 1339.02
1704 1339.02 1339.02
1705 1339.02 1339.02
1706 1339.02 1339.02
1707 1339.02 1339.02
1708 1339.02 1339.02
1709 1339.02 1339.02
1710 1339.02 1339.02
1711 1339.02 1339.02
1712 1339.02 1339.02
1713 1339.02 1339.02
1714 1339.02 1339.02
1715 1339.02 1339.02
1716 1339.02 1339.02
1717 1339.02 1339.02
1718 1339.02 1339.02
1719 1339.02 1339.02
1720 1339.02 1339.02
1721 1339.02 1339.02
1722 1339.02 1339.02
1723 1339.02 1339.02
1724 1339.02 1339.02
1725 1339.02 1339.02
1726 1339.02 1339.02
1727 1339.02 1339.02
1728 1339.02 1339.02
1729 1339.02 1339.02
1730 1339.02 1339.02
1731 1339.02 1339.02
1732 1339.02 1339.02
1733 1339.02 1339.02
1734 1339.02 1339.02
1735 1339.02 1339.02
1736 1339.02 1339.02
1737 1339.02 1339.02
1738 1339.02 1339.02
1739 1339.02 1339.02
1740 1339.02 1339.02
1741 1339.02 1339.02
1742 1339.02 1339.02
1743 1339.02 1339.02
1744 1339.02 1339.02
1745 1339.02 1339.02
1746 1339.02 1339.02
1747 1339.02 1339.02
1748 1339.02 1339.02
1749 1339.02 1339.02
1750 1339.02 1339.02
1751 1339.02 1339.02
1752 1339.02 1339.02
1753 1339.02 1339.02
1754 1339.02 1339.02
1755 1339.02 1339.02
1756 1339.02 1339.02
1757 1339.02 1339.02
1758 1339.02 1339.02
1759 1339.02 1339.02
1760 1339.02 1339.02
1761 1339.02 1339.02
1762 1339.02 1339.02
1763 1339.02 1339.02
1764 1339.02 1339.02
1765 1339.02 1339.02
1766 1339.02 1339.02
1767 1339.02 1339.02
1768 1339.02 1339.02
1769 1339.02 1339.02
1770 1339.02 1339.02
1771 1339.02 1339.02
1772 1339.02 1339.02
1773 1339.02 1339.02
1774 1339.02 1339.02
1775 1339.02 1339.02
1776 1339.02 1339.02
1777 1339.02 1339.02
1778 1339.02 1339.02
1779 1339.02 1339.02
1780 1339.02 1339.02
1781 1339.02 1339.02
1782 1339.02 1339.02
1783 1339.02 1339.02
1784 1339.02 1339.02
1785 1339.02 1339.02
1786 1339.02 1339.02
1787 1339.02 1339.02
1788 1339.02 1339.02
1789 1339.02 1339.02
1790 1339.02 1339.02
1791 1339.02 1339.02
1792 1339.02 1339.02
1793 1339.02 1339.02
1794 1339.02 1339.02
1795 1339.02 1339.02
1796 1339.02 1339.02
1797 1339.02 1339.02
1798 1339.02 1339.02
1799 1339.02 1339.02
1800 1339.02 1339.02
1801 1339.02 1339.02
1802 1339.02 1339.02
1803 1339.02 1339.02
1804 1339.02 1339.02
1805 1339.02 1339.02
1806 1339.02 1339.02
1807 1339.02 1339.02
1808 1339.02 1339.02
1809 1339.02 1339.02
1810 1339.02 1339.02
1811 1339.02 1339.02
1812 1339.02 1339.02
1813 1339.02 1339.02
1814 1339.02 1339.02
1815 1339.02 1339.02
1816 1339.02 1339.02
1817 1339.02 1339.02
1818 1339.02 1339.02
1819 1339.02 1339.02
1820 1339.02 1339.02
1821 1339.02 1339.02
1822 1339.02 1339.02
1823 1339.02 1339.02
1824 1339.02 1339.02
1825 1339.02 1339.02
1826 1339.02 1339.02
1827 1339.02 1339.02
1828 1339.02 1339.02
1829 1339.02 1339.02
1830 1339.02 1339.02
1831 1339.02 1339.02
1832 1339.02 1339.02
1833 1339.02 1339.02
1834 1339.02 1339.02
1835 1339.02 1339.02
1836 1339.02 1339.02
1837 1339.02 1339.02
1838 1339.02 1339.02
1839 1339.02 1339.02
1840 1339.02 1339.02
1841 1339.02 1339.02
1842 1339.02 1339.02
1843 1339.02 1339.02
1844 1339.02 1339.02
1845 1339.02 1339.02
1846 1339.02 1339.02
1847 1339.02 1339.02
1848 1339.02 1339.02
1849 1339.02 1339.02
1850 1339.02 1339.02
1851 1339.02 1339.02
1852 1339.02 1339.02
1853 1339.02 1339.02
1854 1339.02 1339.02
1855 1339.02 1339.02
1856 1339.02 1339.02
1857 1339.02 1339.02
1858 1339.02 1339.02
1859 1339.02 1339.02
1860 1339.02 1339.02
1861 1339.02 1339.02
1862 1339.02 1339.02
1863 1339.02 1339.02
1864 1339.02 1339.02
1865 1339.02 1339.02
1866 1339.02 1339.02
1867 1339.02 1339.02
1868 1339.02 1339.02
1869 1339.02 1339.02
1870 1339.02 1339.02
1871 1339.02 1339.02
1872 1339.02 1339.02
1873 1339.02 1339.02
1874 1339.02 1339.02
1875 1339.02 1339.02
1876 1339.02 1339.02
1877 1339.02 1339.02
1878 1339.02 1339.02
1879 1339.02 1339.02
1880 1339.02 1339.02
1881 1339.02 1339.02
1882 1339.02 1339.02
1883 1339.02 1339.02
1884 1339.02 1339.02
1885 1339.02 1339.02
1886 1339.02 1339.02
1887 1339.02 1339.02
1888 1339.02 1339.02
1889 1339.02 1339.02
1890 1339.02 1339.02
1891 1339.02 1339.02
1892 1339.02 1339.02
1893 1339.02 1339.02
1894 1339.02 1339.02
1895 1339.02 1339.02
1896 1339.02 1339.02
1897 1339.02 1339.02
1898 1339.02 1339.02
1899 1339.02 1339.02
1900 1339.02 1339.02
1901 1339.02 1339.02
1902 1339.02 1339.02
1903 1339.02 1339.02
1904 1339.02 1339.02
1905 1339.02 1339.02
1906 1339.02 1339.02
1907 1339.02 1339.02
1908 1339.02 1339.02
1909 1339.02 1339.02
1910 1339.02 1339.02
1911 1339.02 1339.02
1912 1339.02 1339.02
1913 1339.02 1339.02
1914 1339.02 1339.02
1915 1339.02 1339.02
1916 1339.02 1339.02
1917 1339.02 1339.02
1918 1339.02 1339.02
1919 1339.02 1339.02
1920 1339.02 1339.02
1921 1339.02 1339.02
1922 1339.02 1339.02
1923 1339.02 1339.02
1924 1339.02 1339.02
1925 1339.02 1339.02
1926 1339.02 1339.02
1927 1339.02 1339.02
1928 1339.02 1339.02
1929 1339.02 1339.02
1930 1339.02 1339.02
1931 1339.02 1339.02
1932 1339.02 1339.02
1933 1339.02 1339.02
1934 1339.02 1339.02
1935 1339.02 1339.02
1936 1339.02 1339.02
1937 1339.02 1339.02
1938 1339.02 1339.02
1939 1339.02 1339.02
1940 1339.02 1339.02
1941 1339.02 1339.02
1942 1339.02 1339.02
1943 1339.02 1339.02
1944 1339.02 1339.02
1945 1339.02 1339.02
1946 1339.02 1339.02
1947 1339.02 1339.02
1948 1339.02 1339.02
1949 1339.02 1339.02
1950 1339.02 1339.02
1951 1339.02 1339.02
1952 1339.02 1339.02
1953 1339.02 1339.02
1954 1339.02 1339.02
1955 1339.02 1339.02
1956 1339.02 1339.02
1957 1339.02 1339.02
1958 1339.02 1339.02
1959 1339.02 1339.02
1960 1339.02 1339.02
1961 1339.02 1339.02
1962 1339.02 1339.02
1963 1339.02 1339.02
1964 1339.02 1339.02
1965 1339.02 1339.02
1966 1339.02 1339.02
1967 1339.02 1339.02
1968 1339.02 1339.02
1969 1339.02 1339.02
1970 1339.02 1339.02
1971 1339.02 1339.02
1972 1339.02 1339.02
1973 1339.02 1339.02
1974 1339.02 1339.02
1975 1339.02 1339.02
1976 1339.02 1339.02
1977 1339.02 1339.02
1978 1339.02 1339.02
1979 1339.02 1339.02
1980 1339.02 1339.02
1981 1339.02 1339.02
1982 1339.02 1339.02
1983 1339.02 1339.02
1984 1339.02 1339.02
1985 1339.02 1339.02
1986 1339.02 1339.02
1987 1339.02 1339.02
1988 1339.02 1339.02
1989 1339.02 1339.02
1990 1339.02 1339.02
1991 1339.02 1339.02
1992 1339.02 1339.02
1993 1339.02 1339.02
1994 1339.02 1339.02
1995 1339.02 1339.02
1996 1339.02 1339.02
1997 1339.02 1339.02
1998 1339.02 1339.02
1999 1339.02 1339.02
2000 1339.02 1339.02
2001 1339.02 1339.02
2002 1339.02 1339.02
2003 1339.02 1339.02
2004 1339.02 1339.02
2005 1339.02 1339.02
2006 1339.02 1339.02
2007 1339.02 1339.02
2008 1339.02 1339.02
2009 1339.02 1339.02
2010 1339.02 1339.02
2011 1339.02 1339.02
2012 1339.02 1339.02
2013 1339.02 1339.02
2014 1339.02 1339.02
2015 1339.02 1339.02
2016 1339.02 1339.02
2017 1339.02 1339.02
2018 1339.02 1339.02
2019 1339.02 1339.02
2020 1339.02 1339.02
2021 1339.02 1339.02
2022 1339.02 1339.02
2023 1339.02 1339.02
2024 1339.02 1339.02
2025 1339.02 1339.02
2026 1339.02 1339.02
2027 1339.02 1339.02
2028 1339.02 1339.02
2029 1339.02 1339.02
2030 1339.02 1339.02
2031 1339.02 1339.02
2032 1339.02 1339.02
2033 1339.02 1339.02
2034 1339.02 1339.02
2035 1339.02 1339.02
2036 1339.02 1339.02
2037 1339.02 1339.02
2038 1339.02 1339.02
2039 1339.02 1339.02
2040 1339.02 1339.02
2041 1339.02 1339.02
2042 1339.02 1339.02
2043 1339.02 1339.02
2044 1339.02 1339.02
2045 1339.02 1339.02
2046 1339.02 1339.02
2047 1339.02 1339.02
2048 1339.02 1339.02
2049 1339.02 1339.02
2050 1339.02 1339.02
2051 1339.02 1339.02
2052 1339.02 1339.02
2053 1339.02 1339.02
2054 1339.02 1339.02
2055 1339.02 1339.02
2056 1339.02 1339.02
2057 1339.02 1339.02
2058 1339.02 1339.02
2059 1339.02 1339.02
2060 1339.02 1339.02
2061 1339.02 1339.02
2062 1339.02 1339.02
2063 1339.02 1339.02
2064 1339.02 1339.02
2065 1339.02 1339.02
2066 1339.02 1339.02
2067 1339.02 1339.02
2068 1339.02 1339.02
2069 1339.02 1339.02
2070 1339.02 1339.02
2071 1339.02 1339.02
2072 1339.02 1339.02
2073 1339.02 1339.02
2074 1339.02 1339.02
2075 1339.02 1339.02
2076 1339.02 1339.02
2077 1339.02 1339.02
2078 1339.02 1339.02
2079 1339.02 1339.02
2080 1339.02 1339.02
2081 1339.02 1339.02
2082 1339.02 1339.02
2083 1339.02 1339.02
2084 1339.02 1339.02
2085 1339.02 1339.02
2086 1339.02 1339.02
2087 1339.02 1339.02
2088 1339.02 1339.02
2089 1339.02 1339.02
2090 1339.02 1339.02
2091 1339.02 1339.02
2092 1339.02 1339.02
2093 1339.02 1339.02
2094 1339.02 1339.02
2095 1339.02 1339.02
2096 1339.02 1339.02
2097 1339.02 1339.02
2098 1339.02 1339.02
2099 1339.02 1339.02
2100 1339.02 1339.02
2101 1339.02 1339.02
2102 1339.02 1339.02
2103 1339.02 1339.02
2104 1339.02 1339.02
2105 1339.02 1339.02
2106 1339.02 1339.02
2107 1339.02 1339.02
2108 1339.02 1339.02
2109 1339.02 1339.02
2110 1339.02 1339.02
2111 1339.02 1339.02
2112 1339.02 1339.02
2113 1339.02 1339.02
2114 1339.02 1339.02
2115 1339.02 1339.02
2116 1339.02 1339.02
2117 1339.02 1339.02
2118 1339.02 1339.02
2119 1339.02 1339.02
2120 1339.02 1339.02
2121 1339.02 1339.02
2122 1339.02 1339.02
2123 1339.02 1339.02
2124 1339.02 1339.02
2125 1339.02 1339.02
2126 1339.02 1339.02
2127 1339.02 1339.02
2128 1339.02 1339.02
2129 1339.02 1339.02
2130 1339.02 1339.02
2131 1339.02 1339.02
2132 1339.02 1339.02
2133 1339.02 1339.02
2134 1339.02 1339.02
2135 1339.02 1339.02
2136 1339.02 1339.02
2137 1339.02 1339.02
2138 1339.02 1339.02
2139 1339.02 1339.02
2140 1339.02 1339.02
2141 1339.02 1339.02
2142 1339.02 1339.02
2143 1339.02 1339.02
2144 1339.02 1339.02
2145 1339.02 1339.02
2146 1339.02 1339.02
2147 1339.02 1339.02
2148 1339.02 1339.02
2149 1339.02 1339.02
2150 1339.02 1339.02
2151 1339.02 1339.02
2152 1339.02 1339.02
2153 1339.02 1339.02
2154 1339.02 1339.02
2155 1339.02 1339.02
2156 1339.02 1339.02
2157 1339.02 1339.02
2158 1339.02 1339.02
2159 1339.02 1339.02
2160 1339.02 1339.02
2161 1339.02 1339.02
2162 1339.02 1339.02
2163 1339.02 1339.02
2164 1339.02 1339.02
2165 1339.02 1339.02
2166 1339.02 1339.02
2167 1339.02 1339.02
2168 1339.02 1339.02
2169 1339.02 1339.02
2170 1339.02 1339.02
2171 1339.02 1339.02
2172 1339.02 1339.02
2173 1339.02 1339.02
2174 1339.02 1339.02
2175 1339.02 1339.02
2176 1339.02 1339.02
2177 1339.02 1339.02
2178 1339.02 1339.02
2179 1339.02 1339.02
2180 1339.02 1339.02
2181 1339.02 1339.02
2182 1339.02 1339.02
2183 1339.02 1339.02
2184 1339.02 1339.02
2185 1339.02 1339.02
2186 1339.02 1339.02
2187 1339.02 1339.02
2188 1339.02 1339.02
2189 1339.02 1339.02
2190 1339.02 1339.02
2191 1339.02 1339.02
2192 1339.02 1339.02
2193 1339.02 1339.02
2194 1339.02 1339.02
2195 1339.02 1339.02
2196 1339.02 1339.02
2197 1339.02 1339.02
2198 1339.02 1339.02
2199 1339.02 1339.02
2200 1339.02 1339.02
2201 1339.02 1339.02
2202 1339.02 1339.02
2203 1339.02 1339.02
2204 1339.02 1339.02
2205 1339.02 1339.02
2206 1339.02 1339.02
2207 1339.02 1339.02
2208 1339.02 1339.02
2209 1339.02 1339.02
2210 1339.02 1339.02
2211 1339.02 1339.02
2212 1339.02 1339.02
2213 1339.02 1339.02
2214 1339.02 1339.02
2215 1339.02 1339.02
2216 1339.02 1339.02
2217 1339.02 1339.02
2218 1339.02 1339.02
2219 1339.02 1339.02
2220 1339.02 1339.02
2221 1339.02 1339.02
2222 1339.02 1339.02
2223 1339.02 1339.02
2224 1339.02 1339.02
2225 1339.02 1339.02
2226 1339.02 1339.02
2227 1339.02 1339.02
2228 1339.02 1339.02
2229 1339.02 1339.02
2230 1339.02 1339.02
