0 1332.88 1332.88
1 1332.88 1332.88
2 1332.88 1332.88
3 1332.88 1332.88
4 1332.88 1332.88
5 1332.88 1332.88
6 1332.88 1332.88
7 1332.88 1332.88
8 1332.88 1332.88
9 1332.88 1332.88
10 1332.88 1332.88
11 1332.88 1332.88
12 1332.88 1332.88
13 1332.88 1332.88
14 1332.88 1332.88
15 1332.88 1332.88
16 1332.88 1332.88
17 1332.88 1332.88
18 1332.88 1332.88
19 1332.88 1332.88
20 1332.88 1332.88
21 1332.88 1332.88
22 1332.88 1332.88
23 1332.88 1332.88
24 1332.88 1332.88
25 1332.88 1332.88
26 1332.88 1332.88
27 1332.88 1332.88
28 1332.88 1332.88
29 1332.88 1332.88
30 1332.88 1332.88
31 1332.88 1332.88
32 1332.88 1332.88
33 1332.88 1332.88
34 1332.88 1332.88
35 1332.88 1332.88
36 1332.88 1332.88
37 1332.88 1332.88
38 1332.88 1332.88
39 1332.88 1332.88
40 1332.88 1332.88
41 1332.88 1332.88
42 1332.88 1332.88
43 1332.88 1332.88
44 1332.88 1332.88
45 1332.88 1332.88
46 1332.88 1332.88
47 1332.88 1332.88
48 1332.88 1332.88
49 1332.88 1332.88
50 1332.88 1332.88
51 1332.88 1332.88
52 1332.88 1332.88
53 1332.88 1332.88
54 1332.88 1332.88
55 1332.88 1332.88
56 1332.88 1332.88
57 1332.88 1332.88
58 1332.88 1332.88
59 1332.88 1332.88
60 1332.88 1332.88
61 1332.88 1332.88
62 1332.88 1332.88
63 1332.88 1332.88
64 1332.88 1332.88
65 1332.88 1332.88
66 1332.88 1332.88
67 1332.88 1332.88
68 1332.88 1332.88
69 1332.88 1332.88
70 1332.88 1332.88
71 1332.88 1332.88
72 1332.88 1332.88
73 1332.88 1332.88
74 1332.88 1332.88
75 1332.88 1332.88
76 1332.88 1332.88
77 1332.88 1332.88
78 1332.88 1332.88
79 1332.88 1332.88
80 1332.88 1332.88
81 1332.88 1332.88
82 1332.88 1332.88
83 1332.88 1332.88
84 1332.88 1332.88
85 1332.88 1332.88
86 1332.88 1332.88
87 1332.88 1332.88
88 1332.88 1332.88
89 1332.88 1332.88
90 1332.88 1332.88
91 1332.88 1332.88
92 1332.88 1332.88
93 1332.88 1332.88
94 1332.88 1332.88
95 1332.88 1332.88
96 1332.88 1332.88
97 1332.88 1332.88
98 1332.88 1332.88
99 1332.88 1332.88
100 1332.88 1332.88
101 1332.88 1332.88
102 1332.88 1332.88
103 1332.88 1332.88
104 1332.88 1332.88
105 1332.88 1332.88
106 1332.88 1332.88
107 1332.88 1332.88
108 1332.88 1332.88
109 1332.88 1332.88
110 1332.88 1332.88
111 1332.88 1332.88
112 1332.88 1332.88
113 1332.88 1332.88
114 1332.88 1332.88
115 1332.88 1332.88
116 1332.88 1332.88
117 1332.88 1332.88
118 1332.88 1332.88
119 1332.88 1332.88
120 1332.88 1332.88
121 1332.88 1332.88
122 1332.88 1332.88
123 1332.88 1332.88
124 1332.88 1332.88
125 1332.88 1332.88
126 1332.88 1332.88
127 1332.88 1332.88
128 1332.88 1332.88
129 1332.88 1332.88
130 1332.88 1332.88
131 1332.88 1332.88
132 1332.88 1332.88
133 1332.88 1332.88
134 1332.88 1332.88
135 1332.88 1332.88
136 1332.88 1332.88
137 1332.88 1332.88
138 1332.88 1332.88
139 1332.88 1332.88
140 1332.88 1332.88
141 1332.88 1332.88
142 1332.88 1332.88
143 1332.88 1332.88
144 1332.88 1332.88
145 1332.88 1332.88
146 1332.88 1332.88
147 1332.88 1332.88
148 1332.88 1332.88
149 1332.88 1332.88
150 1332.88 1332.88
151 1332.88 1332.88
152 1332.88 1332.88
153 1332.88 1332.88
154 1332.88 1332.88
155 1332.88 1332.88
156 1332.88 1332.88
157 1332.88 1332.88
158 1332.88 1332.88
159 1332.88 1332.88
160 1332.88 1332.88
161 1332.88 1332.88
162 1332.88 1332.88
163 1332.88 1332.88
164 1332.88 1332.88
165 1332.88 1332.88
166 1332.88 1332.88
167 1332.88 1332.88
168 1332.88 1332.88
169 1332.88 1332.88
170 1332.88 1332.88
171 1332.88 1332.88
172 1332.88 1332.88
173 1332.88 1332.88
174 1332.88 1332.88
175 1332.88 1332.88
176 1332.88 1332.88
177 1332.88 1332.88
178 1332.88 1332.88
179 1332.88 1332.88
180 1332.88 1332.88
181 1332.88 1332.88
182 1332.88 1332.88
183 1332.88 1332.88
184 1332.88 1332.88
185 1332.88 1332.88
186 1332.88 1332.88
187 1332.88 1332.88
188 1332.88 1332.88
189 1332.88 1332.88
190 1332.88 1332.88
191 1332.88 1332.88
192 1332.88 1332.88
193 1332.88 1332.88
194 1332.88 1332.88
195 1332.88 1332.88
196 1332.88 1332.88
197 1332.88 1332.88
198 1332.88 1332.88
199 1332.88 1332.88
200 1332.88 1332.88
201 1332.88 1332.88
202 1332.88 1332.88
203 1332.88 1332.88
204 1332.88 1332.88
205 1332.88 1332.88
206 1332.88 1332.88
207 1332.88 1332.88
208 1332.88 1332.88
209 1332.88 1332.88
210 1332.88 1332.88
211 1332.88 1332.88
212 1332.88 1332.88
213 1332.88 1332.88
214 1332.88 1332.88
215 1332.88 1332.88
216 1332.88 1332.88
217 1332.88 1332.88
218 1332.88 1332.88
219 1332.88 1332.88
220 1332.88 1332.88
221 1332.88 1332.88
222 1332.88 1332.88
223 1332.88 1332.88
224 1332.88 1332.88
225 1332.88 1332.88
226 1332.88 1332.88
227 1332.88 1332.88
228 1332.88 1332.88
229 1332.88 1332.88
230 1332.88 1332.88
231 1332.88 1332.88
232 1332.88 1332.88
233 1332.88 1332.88
234 1332.88 1332.88
235 1332.88 1332.88
236 1332.88 1332.88
237 1332.88 1332.88
238 1332.88 1332.88
239 1332.88 1332.88
240 1332.88 1332.88
241 1332.88 1332.88
242 1332.88 1332.88
243 1332.88 1332.88
244 1332.88 1332.88
245 1332.88 1332.88
246 1332.88 1332.88
247 1332.88 1332.88
248 1332.88 1332.88
249 1332.88 1332.88
250 1332.88 1332.88
251 1332.88 1332.88
252 1332.88 1332.88
253 1332.88 1332.88
254 1332.88 1332.88
255 1332.88 1332.88
256 1332.88 1332.88
257 1332.88 1332.88
258 1332.88 1332.88
259 1332.88 1332.88
260 1332.88 1332.88
261 1332.88 1332.88
262 1332.88 1332.88
263 1332.88 1332.88
264 1332.88 1332.88
265 1332.88 1332.88
266 1332.88 1332.88
267 1332.88 1332.88
268 1332.88 1332.88
269 1332.88 1332.88
270 1332.88 1332.88
271 1332.88 1332.88
272 1332.88 1332.88
273 1332.88 1332.88
274 1332.88 1332.88
275 1332.88 1332.88
276 1332.88 1332.88
277 1332.88 1332.88
278 1332.88 1332.88
279 1332.88 1332.88
280 1332.88 1332.88
281 1332.88 1332.88
282 1332.88 1332.88
283 1332.88 1332.88
284 1332.88 1332.88
285 1332.88 1332.88
286 1332.88 1332.88
287 1332.88 1332.88
288 1332.88 1332.88
289 1332.88 1332.88
290 1332.88 1332.88
291 1332.88 1332.88
292 1332.88 1332.88
293 1332.88 1332.88
294 1332.88 1332.88
295 1332.88 1332.88
296 1332.88 1332.88
297 1332.88 1332.88
298 1332.88 1332.88
299 1332.88 1332.88
300 1332.88 1332.88
301 1332.88 1332.88
302 1332.88 1332.88
303 1332.88 1332.88
304 1332.88 1332.88
305 1332.88 1332.88
306 1332.88 1332.88
307 1332.88 1332.88
308 1332.88 1332.88
309 1332.88 1332.88
310 1332.88 1332.88
311 1332.88 1332.88
312 1332.88 1332.88
313 1332.88 1332.88
314 1332.88 1332.88
315 1332.88 1332.88
316 1332.88 1332.88
317 1332.88 1332.88
318 1332.88 1332.88
319 1332.88 1332.88
320 1332.88 1332.88
321 1332.88 1332.88
322 1332.88 1332.88
323 1332.88 1332.88
324 1332.88 1332.88
325 1332.88 1332.88
326 1332.88 1332.88
327 1332.88 1332.88
328 1332.88 1332.88
329 1332.88 1332.88
330 1332.88 1332.88
331 1332.88 1332.88
332 1332.88 1332.88
333 1332.88 1332.88
334 1332.88 1332.88
335 1332.88 1332.88
336 1332.88 1332.88
337 1332.88 1332.88
338 1332.88 1332.88
339 1332.88 1332.88
340 1332.88 1332.88
341 1332.88 1332.88
342 1332.88 1332.88
343 1332.88 1332.88
344 1332.88 1332.88
345 1332.88 1332.88
346 1332.88 1332.88
347 1332.88 1332.88
348 1332.88 1332.88
349 1332.88 1332.88
350 1332.88 1332.88
351 1332.88 1332.88
352 1332.88 1332.88
353 1332.88 1332.88
354 1332.88 1332.88
355 1332.88 1332.88
356 1332.88 1332.88
357 1332.88 1332.88
358 1332.88 1332.88
359 1332.88 1332.88
360 1332.88 1332.88
361 1332.88 1332.88
362 1332.88 1332.88
363 1332.88 1332.88
364 1332.88 1332.88
365 1332.88 1332.88
366 1332.88 1332.88
367 1332.88 1332.88
368 1332.88 1332.88
369 1332.88 1332.88
370 1332.88 1332.88
371 1332.88 1332.88
372 1332.88 1332.88
373 1332.88 1332.88
374 1332.88 1332.88
375 1332.88 1332.88
376 1332.88 1332.88
377 1332.88 1332.88
378 1332.88 1332.88
379 1332.88 1332.88
380 1332.88 1332.88
381 1332.88 1332.88
382 1332.88 1332.88
383 1332.88 1332.88
384 1332.88 1332.88
385 1332.88 1332.88
386 1332.88 1332.88
387 1332.88 1332.88
388 1332.88 1332.88
389 1332.88 1332.88
390 1332.88 1332.88
391 1332.88 1332.88
392 1332.88 1332.88
393 1332.88 1332.88
394 1332.88 1332.88
395 1332.88 1332.88
396 1332.88 1332.88
397 1332.88 1332.88
398 1332.88 1332.88
399 1332.88 1332.88
400 1332.88 1332.88
401 1332.88 1332.88
402 1332.88 1332.88
403 1332.88 1332.88
404 1332.88 1332.88
405 1332.88 1332.88
406 1332.88 1332.88
407 1332.88 1332.88
408 1332.88 1332.88
409 1332.88 1332.88
410 1332.88 1332.88
411 1332.88 1332.88
412 1332.88 1332.88
413 1332.88 1332.88
414 1332.88 1332.88
415 1332.88 1332.88
416 1332.88 1332.88
417 1332.88 1332.88
418 1332.88 1332.88
419 1332.88 1332.88
420 1332.88 1332.88
421 1332.88 1332.88
422 1332.88 1332.88
423 1332.88 1332.88
424 1332.88 1332.88
425 1332.88 1332.88
426 1332.88 1332.88
427 1332.88 1332.88
428 1332.88 1332.88
429 1332.88 1332.88
430 1332.88 1332.88
431 1332.88 1332.88
432 1332.88 1332.88
433 1332.88 1332.88
434 1332.88 1332.88
435 1332.88 1332.88
436 1332.88 1332.88
437 1332.88 1332.88
438 1332.88 1332.88
439 1332.88 1332.88
440 1332.88 1332.88
441 1332.88 1332.88
442 1332.88 1332.88
443 1332.88 1332.88
444 1332.88 1332.88
445 1332.88 1332.88
446 1332.88 1332.88
447 1332.88 1332.88
448 1332.88 1332.88
449 1332.88 1332.88
450 1332.88 1332.88
451 1332.88 1332.88
452 1332.88 1332.88
453 1332.88 1332.88
454 1332.88 1332.88
455 1332.88 1332.88
456 1332.88 1332.88
457 1332.88 1332.88
458 1332.88 1332.88
459 1332.88 1332.88
460 1332.88 1332.88
461 1332.88 1332.88
462 1332.88 1332.88
463 1332.88 1332.88
464 1332.88 1332.88
465 1332.88 1332.88
466 1332.88 1332.88
467 1332.88 1332.88
468 1332.88 1332.88
469 1332.88 1332.88
470 1332.88 1332.88
471 1332.88 1332.88
472 1332.88 1332.88
473 1332.88 1332.88
474 1332.88 1332.88
475 1332.88 1332.88
476 1332.88 1332.88
477 1332.88 1332.88
478 1332.88 1332.88
479 1332.88 1332.88
480 1332.88 1332.88
481 1332.88 1332.88
482 1332.88 1332.88
483 1332.88 1332.88
484 1332.88 1332.88
485 1332.88 1332.88
486 1332.88 1332.88
487 1332.88 1332.88
488 1332.88 1332.88
489 1332.88 1332.88
490 1332.88 1332.88
491 1332.88 1332.88
492 1332.88 1332.88
493 1332.88 1332.88
494 1332.88 1332.88
495 1332.88 1332.88
496 1332.88 1332.88
497 1332.88 1332.88
498 1332.88 1332.88
499 1332.88 1332.88
500 1332.88 1332.88
501 1332.88 1332.88
502 1332.88 1332.88
503 1332.88 1332.88
504 1332.88 1332.88
505 1332.88 1332.88
506 1332.88 1332.88
507 1332.88 1332.88
508 1332.88 1332.88
509 1332.88 1332.88
510 1332.88 1332.88
511 1332.88 1332.88
512 1332.88 1332.88
513 1332.88 1332.88
514 1332.88 1332.88
515 1332.88 1332.88
516 1332.88 1332.88
517 1332.88 1332.88
518 1332.88 1332.88
519 1332.88 1332.88
520 1332.88 1332.88
521 1332.88 1332.88
522 1332.88 1332.88
523 1332.88 1332.88
524 1332.88 1332.88
525 1332.88 1332.88
526 1332.88 1332.88
527 1332.88 1332.88
528 1332.88 1332.88
529 1332.88 1332.88
530 1332.88 1332.88
531 1332.88 1332.88
532 1332.88 1332.88
533 1332.88 1332.88
534 1332.88 1332.88
535 1332.88 1332.88
536 1332.88 1332.88
537 1332.88 1332.88
538 1332.88 1332.88
539 1332.88 1332.88
540 1332.88 1332.88
541 1332.88 1332.88
542 1332.88 1332.88
543 1332.88 1332.88
544 1332.88 1332.88
545 1332.88 1332.88
546 1332.88 1332.88
547 1332.88 1332.88
548 1332.88 1332.88
549 1332.88 1332.88
550 1332.88 1332.88
551 1332.88 1332.88
552 1332.88 1332.88
553 1332.88 1332.88
554 1332.88 1332.88
555 1332.88 1332.88
556 1332.88 1332.88
557 1332.88 1332.88
558 1332.88 1332.88
559 1332.88 1332.88
560 1332.88 1332.88
561 1332.88 1332.88
562 1332.88 1332.88
563 1332.88 1332.88
564 1332.88 1332.88
565 1332.88 1332.88
566 1332.88 1332.88
567 1332.88 1332.88
568 1332.88 1332.88
569 1332.88 1332.88
570 1332.88 1332.88
571 1332.88 1332.88
572 1332.88 1332.88
573 1332.88 1332.88
574 1332.88 1332.88
575 1332.88 1332.88
576 1332.88 1332.88
577 1332.88 1332.88
578 1332.88 1332.88
579 1332.88 1332.88
580 1332.88 1332.88
581 1332.88 1332.88
582 1332.88 1332.88
583 1332.88 1332.88
584 1332.88 1332.88
585 1332.88 1332.88
586 1332.88 1332.88
587 1332.88 1332.88
588 1332.88 1332.88
589 1332.88 1332.88
590 1332.88 1332.88
591 1332.88 1332.88
592 1332.88 1332.88
593 1332.88 1332.88
594 1332.88 1332.88
595 1332.88 1332.88
596 1332.88 1332.88
597 1332.88 1332.88
598 1332.88 1332.88
599 1332.88 1332.88
600 1332.88 1332.88
601 1332.88 1332.88
602 1332.88 1332.88
603 1332.88 1332.88
604 1332.88 1332.88
605 1332.88 1332.88
606 1332.88 1332.88
607 1332.88 1332.88
608 1332.88 1332.88
609 1332.88 1332.88
610 1332.88 1332.88
611 1332.88 1332.88
612 1332.88 1332.88
613 1332.88 1332.88
614 1332.88 1332.88
615 1332.88 1332.88
616 1332.88 1332.88
617 1332.88 1332.88
618 1332.88 1332.88
619 1332.88 1332.88
620 1332.88 1332.88
621 1332.88 1332.88
622 1332.88 1332.88
623 1332.88 1332.88
624 1332.88 1332.88
625 1332.88 1332.88
626 1332.88 1332.88
627 1332.88 1332.88
628 1332.88 1332.88
629 1332.88 1332.88
630 1332.88 1332.88
631 1332.88 1332.88
632 1332.88 1332.88
633 1332.88 1332.88
634 1332.88 1332.88
635 1332.88 1332.88
636 1332.88 1332.88
637 1332.88 1332.88
638 1332.88 1332.88
639 1332.88 1332.88
640 1332.88 1332.88
641 1332.88 1332.88
642 1332.88 1332.88
643 1332.88 1332.88
644 1332.88 1332.88
645 1332.88 1332.88
646 1332.88 1332.88
647 1332.88 1332.88
648 1332.88 1332.88
649 1332.88 1332.88
650 1332.88 1332.88
651 1332.88 1332.88
652 1332.88 1332.88
653 1332.88 1332.88
654 1332.88 1332.88
655 1332.88 1332.88
656 1332.88 1332.88
657 1332.88 1332.88
658 1332.88 1332.88
659 1332.88 1332.88
660 1332.88 1332.88
661 1332.88 1332.88
662 1332.88 1332.88
663 1332.88 1332.88
664 1332.88 1332.88
665 1332.88 1332.88
666 1332.88 1332.88
667 1332.88 1332.88
668 1332.88 1332.88
669 1332.88 1332.88
670 1332.88 1332.88
671 1332.88 1332.88
672 1332.88 1332.88
673 1332.88 1332.88
674 1332.88 1332.88
675 1332.88 1332.88
676 1332.88 1332.88
677 1332.88 1332.88
678 1332.88 1332.88
679 1332.88 1332.88
680 1332.88 1332.88
681 1332.88 1332.88
682 1332.88 1332.88
683 1332.88 1332.88
684 1332.88 1332.88
685 1332.88 1332.88
686 1332.88 1332.88
687 1332.88 1332.88
688 1332.88 1332.88
689 1332.88 1332.88
690 1332.88 1332.88
691 1332.88 1332.88
692 1332.88 1332.88
693 1332.88 1332.88
694 1332.88 1332.88
695 1332.88 1332.88
696 1332.88 1332.88
697 1332.88 1332.88
698 1332.88 1332.88
699 1332.88 1332.88
700 1332.88 1332.88
701 1332.88 1332.88
702 1332.88 1332.88
703 1332.88 1332.88
704 1332.88 1332.88
705 1332.88 1332.88
706 1332.88 1332.88
707 1332.88 1332.88
708 1332.88 1332.88
709 1332.88 1332.88
710 1332.88 1332.88
711 1332.88 1332.88
712 1332.88 1332.88
713 1332.88 1332.88
714 1332.88 1332.88
715 1332.88 1332.88
716 1332.88 1332.88
717 1332.88 1332.88
718 1332.88 1332.88
719 1332.88 1332.88
720 1332.88 1332.88
721 1332.88 1332.88
722 1332.88 1332.88
723 1332.88 1332.88
724 1332.88 1332.88
725 1332.88 1332.88
726 1332.88 1332.88
727 1332.88 1332.88
728 1332.88 1332.88
729 1332.88 1332.88
730 1332.88 1332.88
731 1332.88 1332.88
732 1332.88 1332.88
733 1332.88 1332.88
734 1332.88 1332.88
735 1332.88 1332.88
736 1332.88 1332.88
737 1332.88 1332.88
738 1332.88 1332.88
739 1332.88 1332.88
740 1332.88 1332.88
741 1332.88 1332.88
742 1332.88 1332.88
743 1332.88 1332.88
744 1332.88 1332.88
745 1332.88 1332.88
746 1332.88 1332.88
747 1332.88 1332.88
748 1332.88 1332.88
749 1332.88 1332.88
750 1332.88 1332.88
751 1332.88 1332.88
752 1332.88 1332.88
753 1332.88 1332.88
754 1332.88 1332.88
755 1332.88 1332.88
756 1332.88 1332.88
757 1332.88 1332.88
758 1332.88 1332.88
759 1332.88 1332.88
760 1332.88 1332.88
761 1332.88 1332.88
762 1332.88 1332.88
763 1332.88 1332.88
764 1332.88 1332.88
765 1332.88 1332.88
766 1332.88 1332.88
767 1332.88 1332.88
768 1332.88 1332.88
769 1332.88 1332.88
770 1332.88 1332.88
771 1332.88 1332.88
772 1332.88 1332.88
773 1332.88 1332.88
774 1332.88 1332.88
775 1332.88 1332.88
776 1332.88 1332.88
777 1332.88 1332.88
778 1332.88 1332.88
779 1332.88 1332.88
780 1332.88 1332.88
781 1332.88 1332.88
782 1332.88 1332.88
783 1332.88 1332.88
784 1332.88 1332.88
785 1332.88 1332.88
786 1332.88 1332.88
787 1332.88 1332.88
788 1332.88 1332.88
789 1332.88 1332.88
790 1332.88 1332.88
791 1332.88 1332.88
792 1332.88 1332.88
793 1332.88 1332.88
794 1332.88 1332.88
795 1332.88 1332.88
796 1332.88 1332.88
797 1332.88 1332.88
798 1332.88 1332.88
799 1332.88 1332.88
800 1332.88 1332.88
801 1332.88 1332.88
802 1332.88 1332.88
803 1332.88 1332.88
804 1332.88 1332.88
805 1332.88 1332.88
806 1332.88 1332.88
807 1332.88 1332.88
808 1332.88 1332.88
809 1332.88 1332.88
810 1332.88 1332.88
811 1332.88 1332.88
812 1332.88 1332.88
813 1332.88 1332.88
814 1332.88 1332.88
815 1332.88 1332.88
816 1332.88 1332.88
817 1332.88 1332.88
818 1332.88 1332.88
819 1332.88 1332.88
820 1332.88 1332.88
821 1332.88 1332.88
822 1332.88 1332.88
823 1332.88 1332.88
824 1332.88 1332.88
825 1332.88 1332.88
826 1332.88 1332.88
827 1332.88 1332.88
828 1332.88 1332.88
829 1332.88 1332.88
830 1332.88 1332.88
831 1332.88 1332.88
832 1332.88 1332.88
833 1332.88 1332.88
834 1332.88 1332.88
835 1332.88 1332.88
836 1332.88 1332.88
837 1332.88 1332.88
838 1332.88 1332.88
839 1332.88 1332.88
840 1332.88 1332.88
841 1332.88 1332.88
842 1332.88 1332.88
843 1332.88 1332.88
844 1332.88 1332.88
845 1332.88 1332.88
846 1332.88 1332.88
847 1332.88 1332.88
848 1332.88 1332.88
849 1332.88 1332.88
850 1332.88 1332.88
851 1332.88 1332.88
852 1332.88 1332.88
853 1332.88 1332.88
854 1332.88 1332.88
855 1332.88 1332.88
856 1332.88 1332.88
857 1332.88 1332.88
858 1332.88 1332.88
859 1332.88 1332.88
860 1332.88 1332.88
861 1332.88 1332.88
862 1332.88 1332.88
863 1332.88 1332.88
864 1332.88 1332.88
865 1332.88 1332.88
866 1332.88 1332.88
867 1332.88 1332.88
868 1332.88 1332.88
869 1332.88 1332.88
870 1332.88 1332.88
871 1332.88 1332.88
872 1332.88 1332.88
873 1332.88 1332.88
874 1332.88 1332.88
875 1332.88 1332.88
876 1332.88 1332.88
877 1332.88 1332.88
878 1332.88 1332.88
879 1332.88 1332.88
880 1332.88 1332.88
881 1332.88 1332.88
882 1332.88 1332.88
883 1332.88 1332.88
884 1332.88 1332.88
885 1332.88 1332.88
886 1332.88 1332.88
887 1332.88 1332.88
888 1332.88 1332.88
889 1332.88 1332.88
890 1332.88 1332.88
891 1332.88 1332.88
892 1332.88 1332.88
893 1332.88 1332.88
894 1332.88 1332.88
895 1332.88 1332.88
896 1332.88 1332.88
897 1332.88 1332.88
898 1332.88 1332.88
899 1332.88 1332.88
900 1332.88 1332.88
901 1332.88 1332.88
902 1332.88 1332.88
903 1332.88 1332.88
904 1332.88 1332.88
905 1332.88 1332.88
906 1332.88 1332.88
907 1332.88 1332.88
908 1332.88 1332.88
909 1332.88 1332.88
910 1332.88 1332.88
911 1332.88 1332.88
912 1332.88 1332.88
913 1332.88 1332.88
914 1332.88 1332.88
915 1332.88 1332.88
916 1332.88 1332.88
917 1332.88 1332.88
918 1332.88 1332.88
919 1332.88 1332.88
920 1332.88 1332.88
921 1332.88 1332.88
922 1332.88 1332.88
923 1332.88 1332.88
924 1332.88 1332.88
925 1332.88 1332.88
926 1332.88 1332.88
927 1332.88 1332.88
928 1332.88 1332.88
929 1332.88 1332.88
930 1332.88 1332.88
931 1332.88 1332.88
932 1332.88 1332.88
933 1332.88 1332.88
934 1332.88 1332.88
935 1332.88 1332.88
936 1332.88 1332.88
937 1332.88 1332.88
938 1332.88 1332.88
939 1332.88 1332.88
940 1332.88 1332.88
941 1332.88 1332.88
942 1332.88 1332.88
943 1332.88 1332.88
944 1332.88 1332.88
945 1332.88 1332.88
946 1332.88 1332.88
947 1332.88 1332.88
948 1332.88 1332.88
949 1332.88 1332.88
950 1332.88 1332.88
951 1332.88 1332.88
952 1332.88 1332.88
953 1332.88 1332.88
954 1332.88 1332.88
955 1332.88 1332.88
956 1332.88 1332.88
957 1332.88 1332.88
958 1332.88 1332.88
959 1332.88 1332.88
960 1332.88 1332.88
961 1332.88 1332.88
962 1332.88 1332.88
963 1332.88 1332.88
964 1332.88 1332.88
965 1332.88 1332.88
966 1332.88 1332.88
967 1332.88 1332.88
968 1332.88 1332.88
969 1332.88 1332.88
970 1332.88 1332.88
971 1332.88 1332.88
972 1332.88 1332.88
973 1332.88 1332.88
974 1332.88 1332.88
975 1332.88 1332.88
976 1332.88 1332.88
977 1332.88 1332.88
978 1332.88 1332.88
979 1332.88 1332.88
980 1332.88 1332.88
981 1332.88 1332.88
982 1332.88 1332.88
983 1332.88 1332.88
984 1332.88 1332.88
985 1332.88 1332.88
986 1332.88 1332.88
987 1332.88 1332.88
988 1332.88 1332.88
989 1332.88 1332.88
990 1332.88 1332.88
991 1332.88 1332.88
992 1332.88 1332.88
993 1332.88 1332.88
994 1332.88 1332.88
995 1332.88 1332.88
996 1332.88 1332.88
997 1332.88 1332.88
998 1332.88 1332.88
999 1332.88 1332.88
1000 1332.88 1332.88
1001 1332.88 1332.88
1002 1332.88 1332.88
1003 1332.88 1332.88
1004 1332.88 1332.88
1005 1332.88 1332.88
1006 1332.88 1332.88
1007 1332.88 1332.88
1008 1332.88 1332.88
1009 1332.88 1332.88
1010 1332.88 1332.88
1011 1332.88 1332.88
1012 1332.88 1332.88
1013 1332.88 1332.88
1014 1332.88 1332.88
1015 1332.88 1332.88
1016 1332.88 1332.88
1017 1332.88 1332.88
1018 1332.88 1332.88
1019 1332.88 1332.88
1020 1332.88 1332.88
1021 1332.88 1332.88
1022 1332.88 1332.88
1023 1332.88 1332.88
1024 1332.88 1332.88
1025 1332.88 1332.88
1026 1332.88 1332.88
1027 1332.88 1332.88
1028 1332.88 1332.88
1029 1332.88 1332.88
1030 1332.88 1332.88
1031 1332.88 1332.88
1032 1332.88 1332.88
1033 1332.88 1332.88
1034 1332.88 1332.88
1035 1332.88 1332.88
1036 1332.88 1332.88
1037 1332.88 1332.88
1038 1332.88 1332.88
1039 1332.88 1332.88
1040 1332.88 1332.88
1041 1332.88 1332.88
1042 1332.88 1332.88
1043 1332.88 1332.88
1044 1332.88 1332.88
1045 1332.88 1332.88
1046 1332.88 1332.88
1047 1332.88 1332.88
1048 1332.88 1332.88
1049 1332.88 1332.88
1050 1332.88 1332.88
1051 1332.88 1332.88
1052 1332.88 1332.88
1053 1332.88 1332.88
1054 1332.88 1332.88
1055 1332.88 1332.88
1056 1332.88 1332.88
1057 1332.88 1332.88
1058 1332.88 1332.88
1059 1332.88 1332.88
1060 1332.88 1332.88
1061 1332.88 1332.88
1062 1332.88 1332.88
1063 1332.88 1332.88
1064 1332.88 1332.88
1065 1332.88 1332.88
1066 1332.88 1332.88
1067 1332.88 1332.88
1068 1332.88 1332.88
1069 1332.88 1332.88
1070 1332.88 1332.88
1071 1332.88 1332.88
1072 1332.88 1332.88
1073 1332.88 1332.88
1074 1332.88 1332.88
1075 1332.88 1332.88
1076 1332.88 1332.88
1077 1332.88 1332.88
1078 1332.88 1332.88
1079 1332.88 1332.88
1080 1332.88 1332.88
1081 1332.88 1332.88
1082 1332.88 1332.88
1083 1332.88 1332.88
1084 1332.88 1332.88
1085 1332.88 1332.88
1086 1332.88 1332.88
1087 1332.88 1332.88
1088 1332.88 1332.88
1089 1332.88 1332.88
1090 1332.88 1332.88
1091 1332.88 1332.88
1092 1332.88 1332.88
1093 1332.88 1332.88
1094 1332.88 1332.88
1095 1332.88 1332.88
1096 1332.88 1332.88
1097 1332.88 1332.88
1098 1332.88 1332.88
1099 1332.88 1332.88
1100 1332.88 1332.88
1101 1332.88 1332.88
1102 1332.88 1332.88
1103 1332.88 1332.88
1104 1332.88 1332.88
1105 1332.88 1332.88
1106 1332.88 1332.88
1107 1332.88 1332.88
1108 1332.88 1332.88
1109 1332.88 1332.88
1110 1332.88 1332.88
1111 1332.88 1332.88
1112 1332.88 1332.88
1113 1332.88 1332.88
1114 1332.88 1332.88
1115 1332.88 1332.88
1116 1332.88 1332.88
1117 1332.88 1332.88
1118 1332.88 1332.88
1119 1332.88 1332.88
1120 1332.88 1332.88
1121 1332.88 1332.88
1122 1332.88 1332.88
1123 1332.88 1332.88
1124 1332.88 1332.88
1125 1332.88 1332.88
1126 1332.88 1332.88
1127 1332.88 1332.88
1128 1332.88 1332.88
1129 1332.88 1332.88
1130 1332.88 1332.88
1131 1332.88 1332.88
1132 1332.88 1332.88
1133 1332.88 1332.88
1134 1332.88 1332.88
1135 1332.88 1332.88
1136 1332.88 1332.88
1137 1332.88 1332.88
1138 1332.88 1332.88
1139 1332.88 1332.88
1140 1332.88 1332.88
1141 1332.88 1332.88
1142 1332.88 1332.88
1143 1332.88 1332.88
1144 1332.88 1332.88
1145 1332.88 1332.88
1146 1332.88 1332.88
1147 1332.88 1332.88
1148 1332.88 1332.88
1149 1332.88 1332.88
1150 1332.88 1332.88
1151 1332.88 1332.88
1152 1332.88 1332.88
1153 1332.88 1332.88
1154 1332.88 1332.88
1155 1332.88 1332.88
1156 1332.88 1332.88
1157 1332.88 1332.88
1158 1332.88 1332.88
1159 1332.88 1332.88
1160 1332.88 1332.88
1161 1332.88 1332.88
1162 1332.88 1332.88
1163 1332.88 1332.88
1164 1332.88 1332.88
1165 1332.88 1332.88
1166 1332.88 1332.88
1167 1332.88 1332.88
1168 1332.88 1332.88
1169 1332.88 1332.88
1170 1332.88 1332.88
1171 1332.88 1332.88
1172 1332.88 1332.88
1173 1332.88 1332.88
1174 1332.88 1332.88
1175 1332.88 1332.88
1176 1332.88 1332.88
1177 1332.88 1332.88
1178 1332.88 1332.88
1179 1332.88 1332.88
1180 1332.88 1332.88
1181 1332.88 1332.88
1182 1332.88 1332.88
1183 1332.88 1332.88
1184 1332.88 1332.88
1185 1332.88 1332.88
1186 1332.88 1332.88
1187 1332.88 1332.88
1188 1332.88 1332.88
1189 1332.88 1332.88
1190 1332.88 1332.88
1191 1332.88 1332.88
1192 1332.88 1332.88
1193 1332.88 1332.88
1194 1332.88 1332.88
1195 1332.88 1332.88
1196 1332.88 1332.88
1197 1332.88 1332.88
1198 1332.88 1332.88
1199 1332.88 1332.88
1200 1332.88 1332.88
1201 1332.88 1332.88
1202 1332.88 1332.88
1203 1332.88 1332.88
1204 1332.88 1332.88
1205 1332.88 1332.88
1206 1332.88 1332.88
1207 1332.88 1332.88
1208 1332.88 1332.88
1209 1332.88 1332.88
1210 1332.88 1332.88
1211 1332.88 1332.88
1212 1332.88 1332.88
1213 1332.88 1332.88
1214 1332.88 1332.88
1215 1332.88 1332.88
1216 1332.88 1332.88
1217 1332.88 1332.88
1218 1332.88 1332.88
1219 1332.88 1332.88
1220 1332.88 1332.88
1221 1332.88 1332.88
1222 1332.88 1332.88
1223 1332.88 1332.88
1224 1332.88 1332.88
1225 1332.88 1332.88
1226 1332.88 1332.88
1227 1332.88 1332.88
1228 1332.88 1332.88
1229 1332.88 1332.88
1230 1332.88 1332.88
1231 1332.88 1332.88
1232 1332.88 1332.88
1233 1332.88 1332.88
1234 1332.88 1332.88
1235 1332.88 1332.88
1236 1332.88 1332.88
1237 1332.88 1332.88
1238 1332.88 1332.88
1239 1332.88 1332.88
1240 1332.88 1332.88
1241 1332.88 1332.88
1242 1332.88 1332.88
1243 1332.88 1332.88
1244 1332.88 1332.88
1245 1332.88 1332.88
1246 1332.88 1332.88
1247 1332.88 1332.88
1248 1332.88 1332.88
1249 1332.88 1332.88
1250 1332.88 1332.88
1251 1332.88 1332.88
1252 1332.88 1332.88
1253 1332.88 1332.88
1254 1332.88 1332.88
1255 1332.88 1332.88
1256 1332.88 1332.88
1257 1332.88 1332.88
1258 1332.88 1332.88
1259 1332.88 1332.88
1260 1332.88 1332.88
1261 1332.88 1332.88
1262 1332.88 1332.88
1263 1332.88 1332.88
1264 1332.88 1332.88
1265 1332.88 1332.88
1266 1332.88 1332.88
1267 1332.88 1332.88
1268 1332.88 1332.88
1269 1332.88 1332.88
1270 1332.88 1332.88
1271 1332.88 1332.88
1272 1332.88 1332.88
1273 1332.88 1332.88
1274 1332.88 1332.88
1275 1332.88 1332.88
1276 1332.88 1332.88
1277 1332.88 1332.88
1278 1332.88 1332.88
1279 1332.88 1332.88
1280 1332.88 1332.88
1281 1332.88 1332.88
1282 1332.88 1332.88
1283 1332.88 1332.88
1284 1332.88 1332.88
1285 1332.88 1332.88
1286 1332.88 1332.88
1287 1332.88 1332.88
1288 1332.88 1332.88
1289 1332.88 1332.88
1290 1332.88 1332.88
1291 1332.88 1332.88
1292 1332.88 1332.88
1293 1332.88 1332.88
1294 1332.88 1332.88
1295 1332.88 1332.88
1296 1332.88 1332.88
1297 1332.88 1332.88
1298 1332.88 1332.88
1299 1332.88 1332.88
1300 1332.88 1332.88
1301 1332.88 1332.88
1302 1332.88 1332.88
1303 1332.88 1332.88
1304 1332.88 1332.88
1305 1332.88 1332.88
1306 1332.88 1332.88
1307 1332.88 1332.88
1308 1332.88 1332.88
1309 1332.88 1332.88
1310 1332.88 1332.88
1311 1332.88 1332.88
1312 1332.88 1332.88
1313 1332.88 1332.88
1314 1332.88 1332.88
1315 1332.88 1332.88
1316 1332.88 1332.88
1317 1332.88 1332.88
1318 1332.88 1332.88
1319 1332.88 1332.88
1320 1332.88 1332.88
1321 1332.88 1332.88
1322 1332.88 1332.88
1323 1332.88 1332.88
1324 1332.88 1332.88
1325 1332.88 1332.88
1326 1332.88 1332.88
1327 1332.88 1332.88
1328 1332.88 1332.88
1329 1332.88 1332.88
1330 1332.88 1332.88
1331 1332.88 1332.88
1332 1332.88 1332.88
1333 1332.88 1332.88
1334 1332.88 1332.88
1335 1332.88 1332.88
1336 1332.88 1332.88
1337 1332.88 1332.88
1338 1332.88 1332.88
1339 1332.88 1332.88
1340 1332.88 1332.88
1341 1332.88 1332.88
1342 1332.88 1332.88
1343 1332.88 1332.88
1344 1332.88 1332.88
1345 1332.88 1332.88
1346 1332.88 1332.88
1347 1332.88 1332.88
1348 1332.88 1332.88
1349 1332.88 1332.88
1350 1332.88 1332.88
1351 1332.88 1332.88
1352 1332.88 1332.88
1353 1332.88 1332.88
1354 1332.88 1332.88
1355 1332.88 1332.88
1356 1332.88 1332.88
1357 1332.88 1332.88
1358 1332.88 1332.88
1359 1332.88 1332.88
1360 1332.88 1332.88
1361 1332.88 1332.88
1362 1332.88 1332.88
1363 1332.88 1332.88
1364 1332.88 1332.88
1365 1332.88 1332.88
1366 1332.88 1332.88
1367 1332.88 1332.88
1368 1332.88 1332.88
1369 1332.88 1332.88
1370 1332.88 1332.88
1371 1332.88 1332.88
1372 1332.88 1332.88
1373 1332.88 1332.88
1374 1332.88 1332.88
1375 1332.88 1332.88
1376 1332.88 1332.88
1377 1332.88 1332.88
1378 1332.88 1332.88
1379 1332.88 1332.88
1380 1332.88 1332.88
1381 1332.88 1332.88
1382 1332.88 1332.88
1383 1332.88 1332.88
1384 1332.88 1332.88
1385 1332.88 1332.88
1386 1332.88 1332.88
1387 1332.88 1332.88
1388 1332.88 1332.88
1389 1332.88 1332.88
1390 1332.88 1332.88
1391 1332.88 1332.88
1392 1332.88 1332.88
1393 1332.88 1332.88
1394 1332.88 1332.88
1395 1332.88 1332.88
1396 1332.88 1332.88
1397 1332.88 1332.88
1398 1332.88 1332.88
1399 1332.88 1332.88
1400 1332.88 1332.88
1401 1332.88 1332.88
1402 1332.88 1332.88
1403 1332.88 1332.88
1404 1332.88 1332.88
1405 1332.88 1332.88
1406 1332.88 1332.88
1407 1332.88 1332.88
1408 1332.88 1332.88
1409 1332.88 1332.88
1410 1332.88 1332.88
1411 1332.88 1332.88
1412 1332.88 1332.88
1413 1332.88 1332.88
1414 1332.88 1332.88
1415 1332.88 1332.88
1416 1332.88 1332.88
1417 1332.88 1332.88
1418 1332.88 1332.88
1419 1332.88 1332.88
1420 1332.88 1332.88
1421 1332.88 1332.88
1422 1332.88 1332.88
1423 1332.88 1332.88
1424 1332.88 1332.88
1425 1332.88 1332.88
1426 1332.88 1332.88
1427 1332.88 1332.88
1428 1332.88 1332.88
1429 1332.88 1332.88
1430 1332.88 1332.88
1431 1332.88 1332.88
1432 1332.88 1332.88
1433 1332.88 1332.88
1434 1332.88 1332.88
1435 1332.88 1332.88
1436 1332.88 1332.88
1437 1332.88 1332.88
1438 1332.88 1332.88
1439 1332.88 1332.88
1440 1332.88 1332.88
1441 1332.88 1332.88
1442 1332.88 1332.88
1443 1332.88 1332.88
1444 1332.88 1332.88
1445 1332.88 1332.88
1446 1332.88 1332.88
1447 1332.88 1332.88
1448 1332.88 1332.88
1449 1332.88 1332.88
1450 1332.88 1332.88
1451 1332.88 1332.88
1452 1332.88 1332.88
1453 1332.88 1332.88
1454 1332.88 1332.88
1455 1332.88 1332.88
1456 1332.88 1332.88
1457 1332.88 1332.88
1458 1332.88 1332.88
1459 1332.88 1332.88
1460 1332.88 1332.88
1461 1332.88 1332.88
1462 1332.88 1332.88
1463 1332.88 1332.88
1464 1332.88 1332.88
1465 1332.88 1332.88
1466 1332.88 1332.88
1467 1332.88 1332.88
1468 1332.88 1332.88
1469 1332.88 1332.88
1470 1332.88 1332.88
1471 1332.88 1332.88
1472 1332.88 1332.88
1473 1332.88 1332.88
1474 1332.88 1332.88
1475 1332.88 1332.88
1476 1332.88 1332.88
1477 1332.88 1332.88
1478 1332.88 1332.88
1479 1332.88 1332.88
1480 1332.88 1332.88
1481 1332.88 1332.88
1482 1332.88 1332.88
1483 1332.88 1332.88
1484 1332.88 1332.88
1485 1332.88 1332.88
1486 1332.88 1332.88
1487 1332.88 1332.88
1488 1332.88 1332.88
1489 1332.88 1332.88
1490 1332.88 1332.88
1491 1332.88 1332.88
1492 1332.88 1332.88
1493 1332.88 1332.88
1494 1332.88 1332.88
1495 1332.88 1332.88
1496 1332.88 1332.88
1497 1332.88 1332.88
1498 1332.88 1332.88
1499 1332.88 1332.88
1500 1332.88 1332.88
1501 1332.88 1332.88
1502 1332.88 1332.88
1503 1332.88 1332.88
1504 1332.88 1332.88
1505 1332.88 1332.88
1506 1332.88 1332.88
1507 1332.88 1332.88
1508 1332.88 1332.88
1509 1332.88 1332.88
1510 1332.88 1332.88
1511 1332.88 1332.88
1512 1332.88 1332.88
1513 1332.88 1332.88
1514 1332.88 1332.88
1515 1332.88 1332.88
1516 1332.88 1332.88
1517 1332.88 1332.88
1518 1332.88 1332.88
1519 1332.88 1332.88
1520 1332.88 1332.88
1521 1332.88 1332.88
1522 1332.88 1332.88
1523 1332.88 1332.88
1524 1332.88 1332.88
1525 1332.88 1332.88
1526 1332.88 1332.88
1527 1332.88 1332.88
1528 1332.88 1332.88
1529 1332.88 1332.88
1530 1332.88 1332.88
1531 1332.88 1332.88
1532 1332.88 1332.88
1533 1332.88 1332.88
1534 1332.88 1332.88
1535 1332.88 1332.88
1536 1332.88 1332.88
1537 1332.88 1332.88
1538 1332.88 1332.88
1539 1332.88 1332.88
1540 1332.88 1332.88
1541 1332.88 1332.88
1542 1332.88 1332.88
1543 1332.88 1332.88
1544 1332.88 1332.88
1545 1332.88 1332.88
1546 1332.88 1332.88
1547 1332.88 1332.88
1548 1332.88 1332.88
1549 1332.88 1332.88
1550 1332.88 1332.88
1551 1332.88 1332.88
1552 1332.88 1332.88
1553 1332.88 1332.88
1554 1332.88 1332.88
1555 1332.88 1332.88
1556 1332.88 1332.88
1557 1332.88 1332.88
1558 1332.88 1332.88
1559 1332.88 1332.88
1560 1332.88 1332.88
1561 1332.88 1332.88
1562 1332.88 1332.88
1563 1332.88 1332.88
1564 1332.88 1332.88
1565 1332.88 1332.88
1566 1332.88 1332.88
1567 1332.88 1332.88
1568 1332.88 1332.88
1569 1332.88 1332.88
1570 1332.88 1332.88
1571 1332.88 1332.88
1572 1332.88 1332.88
1573 1332.88 1332.88
1574 1332.88 1332.88
1575 1332.88 1332.88
1576 1332.88 1332.88
1577 1332.88 1332.88
1578 1332.88 1332.88
1579 1332.88 1332.88
1580 1332.88 1332.88
1581 1332.88 1332.88
1582 1332.88 1332.88
1583 1332.88 1332.88
1584 1332.88 1332.88
1585 1332.88 1332.88
1586 1332.88 1332.88
1587 1332.88 1332.88
1588 1332.88 1332.88
1589 1332.88 1332.88
1590 1332.88 1332.88
1591 1332.88 1332.88
1592 1332.88 1332.88
1593 1332.88 1332.88
1594 1332.88 1332.88
1595 1332.88 1332.88
1596 1332.88 1332.88
1597 1332.88 1332.88
1598 1332.88 1332.88
1599 1332.88 1332.88
1600 1332.88 1332.88
1601 1332.88 1332.88
1602 1332.88 1332.88
1603 1332.88 1332.88
1604 1332.88 1332.88
1605 1332.88 1332.88
1606 1332.88 1332.88
1607 1332.88 1332.88
1608 1332.88 1332.88
1609 1332.88 1332.88
1610 1332.88 1332.88
1611 1332.88 1332.88
1612 1332.88 1332.88
1613 1332.88 1332.88
1614 1332.88 1332.88
1615 1332.88 1332.88
1616 1332.88 1332.88
1617 1332.88 1332.88
1618 1332.88 1332.88
1619 1332.88 1332.88
1620 1332.88 1332.88
1621 1332.88 1332.88
1622 1332.88 1332.88
1623 1332.88 1332.88
1624 1332.88 1332.88
1625 1332.88 1332.88
1626 1332.88 1332.88
1627 1332.88 1332.88
1628 1332.88 1332.88
1629 1332.88 1332.88
1630 1332.88 1332.88
1631 1332.88 1332.88
1632 1332.88 1332.88
1633 1332.88 1332.88
1634 1332.88 1332.88
1635 1332.88 1332.88
1636 1332.88 1332.88
1637 1332.88 1332.88
1638 1332.88 1332.88
1639 1332.88 1332.88
1640 1332.88 1332.88
1641 1332.88 1332.88
1642 1332.88 1332.88
1643 1332.88 1332.88
1644 1332.88 1332.88
1645 1332.88 1332.88
1646 1332.88 1332.88
1647 1332.88 1332.88
1648 1332.88 1332.88
1649 1332.88 1332.88
1650 1332.88 1332.88
1651 1332.88 1332.88
1652 1332.88 1332.88
1653 1332.88 1332.88
1654 1332.88 1332.88
1655 1332.88 1332.88
1656 1332.88 1332.88
1657 1332.88 1332.88
1658 1332.88 1332.88
1659 1332.88 1332.88
1660 1332.88 1332.88
1661 1332.88 1332.88
1662 1332.88 1332.88
1663 1332.88 1332.88
1664 1332.88 1332.88
1665 1332.88 1332.88
1666 1332.88 1332.88
1667 1332.88 1332.88
1668 1332.88 1332.88
1669 1332.88 1332.88
1670 1332.88 1332.88
1671 1332.88 1332.88
1672 1332.88 1332.88
1673 1332.88 1332.88
1674 1332.88 1332.88
1675 1332.88 1332.88
1676 1332.88 1332.88
1677 1332.88 1332.88
1678 1332.88 1332.88
1679 1332.88 1332.88
1680 1332.88 1332.88
1681 1332.88 1332.88
1682 1332.88 1332.88
1683 1332.88 1332.88
1684 1332.88 1332.88
1685 1332.88 1332.88
1686 1332.88 1332.88
1687 1332.88 1332.88
1688 1332.88 1332.88
1689 1332.88 1332.88
1690 1332.88 1332.88
1691 1332.88 1332.88
1692 1332.88 1332.88
1693 1332.88 1332.88
1694 1332.88 1332.88
1695 1332.88 1332.88
1696 1332.88 1332.88
1697 1332.88 1332.88
1698 1332.88 1332.88
1699 1332.88 1332.88
1700 1332.88 1332.88
1701 1332.88 1332.88
1702 1332.88 1332.88
1703 1332.88 1332.88
1704 1332.88 1332.88
1705 1332.88 1332.88
1706 1332.88 1332.88
1707 1332.88 1332.88
1708 1332.88 1332.88
1709 1332.88 1332.88
1710 1332.88 1332.88
1711 1332.88 1332.88
1712 1332.88 1332.88
1713 1332.88 1332.88
1714 1332.88 1332.88
1715 1332.88 1332.88
1716 1332.88 1332.88
1717 1332.88 1332.88
1718 1332.88 1332.88
1719 1332.88 1332.88
1720 1332.88 1332.88
1721 1332.88 1332.88
1722 1332.88 1332.88
1723 1332.88 1332.88
1724 1332.88 1332.88
1725 1332.88 1332.88
1726 1332.88 1332.88
1727 1332.88 1332.88
1728 1332.88 1332.88
1729 1332.88 1332.88
1730 1332.88 1332.88
1731 1332.88 1332.88
1732 1332.88 1332.88
1733 1332.88 1332.88
1734 1332.88 1332.88
1735 1332.88 1332.88
1736 1332.88 1332.88
1737 1332.88 1332.88
1738 1332.88 1332.88
1739 1332.88 1332.88
1740 1332.88 1332.88
1741 1332.88 1332.88
1742 1332.88 1332.88
1743 1332.88 1332.88
1744 1332.88 1332.88
1745 1332.88 1332.88
1746 1332.88 1332.88
1747 1332.88 1332.88
1748 1332.88 1332.88
1749 1332.88 1332.88
1750 1332.88 1332.88
1751 1332.88 1332.88
1752 1332.88 1332.88
1753 1332.88 1332.88
1754 1332.88 1332.88
1755 1332.88 1332.88
1756 1332.88 1332.88
1757 1332.88 1332.88
1758 1332.88 1332.88
1759 1332.88 1332.88
1760 1332.88 1332.88
1761 1332.88 1332.88
1762 1332.88 1332.88
1763 1332.88 1332.88
1764 1332.88 1332.88
1765 1332.88 1332.88
1766 1332.88 1332.88
1767 1332.88 1332.88
1768 1332.88 1332.88
1769 1332.88 1332.88
1770 1332.88 1332.88
1771 1332.88 1332.88
1772 1332.88 1332.88
1773 1332.88 1332.88
1774 1332.88 1332.88
1775 1332.88 1332.88
1776 1332.88 1332.88
1777 1332.88 1332.88
1778 1332.88 1332.88
1779 1332.88 1332.88
1780 1332.88 1332.88
1781 1332.88 1332.88
1782 1332.88 1332.88
1783 1332.88 1332.88
1784 1332.88 1332.88
1785 1332.88 1332.88
1786 1332.88 1332.88
1787 1332.88 1332.88
1788 1332.88 1332.88
1789 1332.88 1332.88
1790 1332.88 1332.88
1791 1332.88 1332.88
1792 1332.88 1332.88
1793 1332.88 1332.88
1794 1332.88 1332.88
1795 1332.88 1332.88
1796 1332.88 1332.88
1797 1332.88 1332.88
1798 1332.88 1332.88
1799 1332.88 1332.88
1800 1332.88 1332.88
1801 1332.88 1332.88
1802 1332.88 1332.88
1803 1332.88 1332.88
1804 1332.88 1332.88
1805 1332.88 1332.88
1806 1332.88 1332.88
1807 1332.88 1332.88
1808 1332.88 1332.88
1809 1332.88 1332.88
1810 1332.88 1332.88
1811 1332.88 1332.88
1812 1332.88 1332.88
1813 1332.88 1332.88
1814 1332.88 1332.88
1815 1332.88 1332.88
1816 1332.88 1332.88
1817 1332.88 1332.88
1818 1332.88 1332.88
1819 1332.88 1332.88
1820 1332.88 1332.88
1821 1332.88 1332.88
1822 1332.88 1332.88
1823 1332.88 1332.88
1824 1332.88 1332.88
1825 1332.88 1332.88
1826 1332.88 1332.88
1827 1332.88 1332.88
1828 1332.88 1332.88
1829 1332.88 1332.88
1830 1332.88 1332.88
1831 1332.88 1332.88
1832 1332.88 1332.88
1833 1332.88 1332.88
1834 1332.88 1332.88
1835 1332.88 1332.88
1836 1332.88 1332.88
1837 1332.88 1332.88
1838 1332.88 1332.88
1839 1332.88 1332.88
1840 1332.88 1332.88
1841 1332.88 1332.88
1842 1332.88 1332.88
1843 1332.88 1332.88
1844 1332.88 1332.88
1845 1332.88 1332.88
1846 1332.88 1332.88
1847 1332.88 1332.88
1848 1332.88 1332.88
1849 1332.88 1332.88
1850 1332.88 1332.88
1851 1332.88 1332.88
1852 1332.88 1332.88
1853 1332.88 1332.88
1854 1332.88 1332.88
1855 1332.88 1332.88
1856 1332.88 1332.88
1857 1332.88 1332.88
1858 1332.88 1332.88
1859 1332.88 1332.88
1860 1332.88 1332.88
1861 1332.88 1332.88
1862 1332.88 1332.88
1863 1332.88 1332.88
1864 1332.88 1332.88
1865 1332.88 1332.88
1866 1332.88 1332.88
1867 1332.88 1332.88
1868 1332.88 1332.88
1869 1332.88 1332.88
1870 1332.88 1332.88
1871 1332.88 1332.88
1872 1332.88 1332.88
1873 1332.88 1332.88
1874 1332.88 1332.88
1875 1332.88 1332.88
1876 1332.88 1332.88
1877 1332.88 1332.88
1878 1332.88 1332.88
1879 1332.88 1332.88
1880 1332.88 1332.88
1881 1332.88 1332.88
1882 1332.88 1332.88
1883 1332.88 1332.88
1884 1332.88 1332.88
1885 1332.88 1332.88
1886 1332.88 1332.88
1887 1332.88 1332.88
1888 1332.88 1332.88
1889 1332.88 1332.88
1890 1332.88 1332.88
1891 1332.88 1332.88
1892 1332.88 1332.88
1893 1332.88 1332.88
1894 1332.88 1332.88
1895 1332.88 1332.88
1896 1332.88 1332.88
1897 1332.88 1332.88
1898 1332.88 1332.88
1899 1332.88 1332.88
1900 1332.88 1332.88
1901 1332.88 1332.88
1902 1332.88 1332.88
1903 1332.88 1332.88
1904 1332.88 1332.88
1905 1332.88 1332.88
1906 1332.88 1332.88
1907 1332.88 1332.88
1908 1332.88 1332.88
1909 1332.88 1332.88
1910 1332.88 1332.88
1911 1332.88 1332.88
1912 1332.88 1332.88
1913 1332.88 1332.88
1914 1332.88 1332.88
1915 1332.88 1332.88
1916 1332.88 1332.88
1917 1332.88 1332.88
1918 1332.88 1332.88
1919 1332.88 1332.88
1920 1332.88 1332.88
1921 1332.88 1332.88
1922 1332.88 1332.88
1923 1332.88 1332.88
1924 1332.88 1332.88
1925 1332.88 1332.88
1926 1332.88 1332.88
1927 1332.88 1332.88
1928 1332.88 1332.88
1929 1332.88 1332.88
1930 1332.88 1332.88
1931 1332.88 1332.88
1932 1332.88 1332.88
1933 1332.88 1332.88
1934 1332.88 1332.88
1935 1332.88 1332.88
1936 1332.88 1332.88
1937 1332.88 1332.88
1938 1332.88 1332.88
1939 1332.88 1332.88
1940 1332.88 1332.88
1941 1332.88 1332.88
1942 1332.88 1332.88
1943 1332.88 1332.88
1944 1332.88 1332.88
1945 1332.88 1332.88
1946 1332.88 1332.88
1947 1332.88 1332.88
1948 1332.88 1332.88
1949 1332.88 1332.88
1950 1332.88 1332.88
1951 1332.88 1332.88
1952 1332.88 1332.88
1953 1332.88 1332.88
1954 1332.88 1332.88
1955 1332.88 1332.88
1956 1332.88 1332.88
1957 1332.88 1332.88
1958 1332.88 1332.88
1959 1332.88 1332.88
1960 1332.88 1332.88
1961 1332.88 1332.88
1962 1332.88 1332.88
1963 1332.88 1332.88
1964 1332.88 1332.88
1965 1332.88 1332.88
1966 1332.88 1332.88
1967 1332.88 1332.88
1968 1332.88 1332.88
1969 1332.88 1332.88
1970 1332.88 1332.88
1971 1332.88 1332.88
1972 1332.88 1332.88
1973 1332.88 1332.88
1974 1332.88 1332.88
1975 1332.88 1332.88
1976 1332.88 1332.88
1977 1332.88 1332.88
1978 1332.88 1332.88
1979 1332.88 1332.88
1980 1332.88 1332.88
1981 1332.88 1332.88
1982 1332.88 1332.88
1983 1332.88 1332.88
1984 1332.88 1332.88
1985 1332.88 1332.88
1986 1332.88 1332.88
1987 1332.88 1332.88
1988 1332.88 1332.88
1989 1332.88 1332.88
1990 1332.88 1332.88
1991 1332.88 1332.88
1992 1332.88 1332.88
1993 1332.88 1332.88
1994 1332.88 1332.88
1995 1332.88 1332.88
1996 1332.88 1332.88
1997 1332.88 1332.88
1998 1332.88 1332.88
1999 1332.88 1332.88
2000 1332.88 1332.88
2001 1332.88 1332.88
2002 1332.88 1332.88
2003 1332.88 1332.88
2004 1332.88 1332.88
2005 1332.88 1332.88
2006 1332.88 1332.88
2007 1332.88 1332.88
2008 1332.88 1332.88
2009 1332.88 1332.88
2010 1332.88 1332.88
2011 1332.88 1332.88
2012 1332.88 1332.88
2013 1332.88 1332.88
2014 1332.88 1332.88
2015 1332.88 1332.88
2016 1332.88 1332.88
2017 1332.88 1332.88
2018 1332.88 1332.88
2019 1332.88 1332.88
2020 1332.88 1332.88
2021 1332.88 1332.88
2022 1332.88 1332.88
2023 1332.88 1332.88
2024 1332.88 1332.88
2025 1332.88 1332.88
2026 1332.88 1332.88
2027 1332.88 1332.88
2028 1332.88 1332.88
2029 1332.88 1332.88
2030 1332.88 1332.88
2031 1332.88 1332.88
2032 1332.88 1332.88
2033 1332.88 1332.88
2034 1332.88 1332.88
2035 1332.88 1332.88
2036 1332.88 1332.88
2037 1332.88 1332.88
2038 1332.88 1332.88
2039 1332.88 1332.88
2040 1332.88 1332.88
2041 1332.88 1332.88
2042 1332.88 1332.88
2043 1332.88 1332.88
2044 1332.88 1332.88
2045 1332.88 1332.88
2046 1332.88 1332.88
2047 1332.88 1332.88
2048 1332.88 1332.88
2049 1332.88 1332.88
2050 1332.88 1332.88
2051 1332.88 1332.88
2052 1332.88 1332.88
2053 1332.88 1332.88
2054 1332.88 1332.88
2055 1332.88 1332.88
2056 1332.88 1332.88
2057 1332.88 1332.88
2058 1332.88 1332.88
2059 1332.88 1332.88
2060 1332.88 1332.88
2061 1332.88 1332.88
2062 1332.88 1332.88
2063 1332.88 1332.88
2064 1332.88 1332.88
2065 1332.88 1332.88
2066 1332.88 1332.88
2067 1332.88 1332.88
2068 1332.88 1332.88
2069 1332.88 1332.88
2070 1332.88 1332.88
2071 1332.88 1332.88
2072 1332.88 1332.88
2073 1332.88 1332.88
2074 1332.88 1332.88
2075 1332.88 1332.88
2076 1332.88 1332.88
2077 1332.88 1332.88
2078 1332.88 1332.88
2079 1332.88 1332.88
2080 1332.88 1332.88
2081 1332.88 1332.88
2082 1332.88 1332.88
2083 1332.88 1332.88
2084 1332.88 1332.88
2085 1332.88 1332.88
2086 1332.88 1332.88
2087 1332.88 1332.88
2088 1332.88 1332.88
2089 1332.88 1332.88
2090 1332.88 1332.88
2091 1332.88 1332.88
2092 1332.88 1332.88
2093 1332.88 1332.88
2094 1332.88 1332.88
2095 1332.88 1332.88
2096 1332.88 1332.88
2097 1332.88 1332.88
2098 1332.88 1332.88
2099 1332.88 1332.88
2100 1332.88 1332.88
2101 1332.88 1332.88
2102 1332.88 1332.88
2103 1332.88 1332.88
2104 1332.88 1332.88
2105 1332.88 1332.88
2106 1332.88 1332.88
2107 1332.88 1332.88
2108 1332.88 1332.88
2109 1332.88 1332.88
2110 1332.88 1332.88
2111 1332.88 1332.88
2112 1332.88 1332.88
2113 1332.88 1332.88
2114 1332.88 1332.88
2115 1332.88 1332.88
2116 1332.88 1332.88
2117 1332.88 1332.88
2118 1332.88 1332.88
2119 1332.88 1332.88
2120 1332.88 1332.88
2121 1332.88 1332.88
2122 1332.88 1332.88
2123 1332.88 1332.88
2124 1332.88 1332.88
2125 1332.88 1332.88
2126 1332.88 1332.88
2127 1332.88 1332.88
2128 1332.88 1332.88
2129 1332.88 1332.88
2130 1332.88 1332.88
2131 1332.88 1332.88
2132 1332.88 1332.88
2133 1332.88 1332.88
2134 1332.88 1332.88
2135 1332.88 1332.88
2136 1332.88 1332.88
2137 1332.88 1332.88
2138 1332.88 1332.88
2139 1332.88 1332.88
2140 1332.88 1332.88
2141 1332.88 1332.88
2142 1332.88 1332.88
2143 1332.88 1332.88
2144 1332.88 1332.88
2145 1332.88 1332.88
2146 1332.88 1332.88
2147 1332.88 1332.88
2148 1332.88 1332.88
2149 1332.88 1332.88
2150 1332.88 1332.88
2151 1332.88 1332.88
2152 1332.88 1332.88
2153 1332.88 1332.88
2154 1332.88 1332.88
2155 1332.88 1332.88
2156 1332.88 1332.88
2157 1332.88 1332.88
2158 1332.88 1332.88
2159 1332.88 1332.88
2160 1332.88 1332.88
2161 1332.88 1332.88
2162 1332.88 1332.88
2163 1332.88 1332.88
2164 1332.88 1332.88
2165 1332.88 1332.88
2166 1332.88 1332.88
2167 1332.88 1332.88
2168 1332.88 1332.88
2169 1332.88 1332.88
2170 1332.88 1332.88
2171 1332.88 1332.88
2172 1332.88 1332.88
2173 1332.88 1332.88
2174 1332.88 1332.88
2175 1332.88 1332.88
2176 1332.88 1332.88
2177 1332.88 1332.88
2178 1332.88 1332.88
2179 1332.88 1332.88
2180 1332.88 1332.88
2181 1332.88 1332.88
2182 1332.88 1332.88
2183 1332.88 1332.88
2184 1332.88 1332.88
2185 1332.88 1332.88
2186 1332.88 1332.88
2187 1332.88 1332.88
2188 1332.88 1332.88
2189 1332.88 1332.88
2190 1332.88 1332.88
2191 1332.88 1332.88
2192 1332.88 1332.88
2193 1332.88 1332.88
2194 1332.88 1332.88
2195 1332.88 1332.88
2196 1332.88 1332.88
2197 1332.88 1332.88
2198 1332.88 1332.88
2199 1332.88 1332.88
2200 1332.88 1332.88
2201 1332.88 1332.88
2202 1332.88 1332.88
2203 1332.88 1332.88
2204 1332.88 1332.88
2205 1332.88 1332.88
2206 1332.88 1332.88
2207 1332.88 1332.88
2208 1332.88 1332.88
2209 1332.88 1332.88
2210 1332.88 1332.88
2211 1332.88 1332.88
2212 1332.88 1332.88
2213 1332.88 1332.88
2214 1332.88 1332.88
2215 1332.88 1332.88
2216 1332.88 1332.88
2217 1332.88 1332.88
2218 1332.88 1332.88
2219 1332.88 1332.88
2220 1332.88 1332.88
2221 1332.88 1332.88
2222 1332.88 1332.88
2223 1332.88 1332.88
2224 1332.88 1332.88
2225 1332.88 1332.88
2226 1332.88 1332.88
2227 1332.88 1332.88
2228 1332.88 1332.88
2229 1332.88 1332.88
2230 1332.88 1332.88
2231 1332.88 1332.88
2232 1332.88 1332.88
2233 1332.88 1332.88
2234 1332.88 1332.88
2235 1332.88 1332.88
2236 1332.88 1332.88
2237 1332.88 1332.88
2238 1332.88 1332.88
2239 1332.88 1332.88
2240 1332.88 1332.88
2241 1332.88 1332.88
2242 1332.88 1332.88
2243 1332.88 1332.88
2244 1332.88 1332.88
2245 1332.88 1332.88
2246 1332.88 1332.88
