0 1578.04 1578.04
1 1578.04 1578.04
2 1578.04 1578.04
3 1578.04 1578.04
4 1578.04 1578.04
5 1578.04 1578.04
6 1578.04 1578.04
7 1578.04 1578.04
8 1578.04 1578.04
9 1578.04 1578.04
10 1578.04 1578.04
11 1578.04 1578.04
12 1578.04 1578.04
13 1578.04 1578.04
14 1578.04 1578.04
15 1578.04 1578.04
16 1578.04 1578.04
17 1578.04 1578.04
18 1578.04 1578.04
19 1578.04 1578.04
20 1578.04 1578.04
21 1578.04 1578.04
22 1578.04 1578.04
23 1578.04 1578.04
24 1578.04 1578.04
25 1578.04 1578.04
26 1578.04 1578.04
27 1578.04 1578.04
28 1578.04 1578.04
29 1578.04 1578.04
30 1578.04 1578.04
31 1578.04 1578.04
32 1578.04 1578.04
33 1578.04 1578.04
34 1578.04 1578.04
35 1578.04 1578.04
36 1578.04 1578.04
37 1578.04 1578.04
38 1578.04 1578.04
39 1578.04 1578.04
40 1578.04 1578.04
41 1578.04 1578.04
42 1578.04 1578.04
43 1578.04 1578.04
44 1578.04 1578.04
45 1578.04 1578.04
46 1578.04 1578.04
47 1578.04 1578.04
48 1578.04 1578.04
49 1578.04 1578.04
50 1578.04 1578.04
51 1578.04 1578.04
52 1578.04 1578.04
53 1578.04 1578.04
54 1578.04 1578.04
55 1578.04 1578.04
56 1578.04 1578.04
57 1578.04 1578.04
58 1578.04 1578.04
59 1578.04 1578.04
60 1578.04 1578.04
61 1578.04 1578.04
62 1578.04 1578.04
63 1578.04 1578.04
64 1578.04 1578.04
65 1578.04 1578.04
66 1578.04 1578.04
67 1578.04 1578.04
68 1578.04 1578.04
69 1578.04 1578.04
70 1578.04 1578.04
71 1578.04 1578.04
72 1578.04 1578.04
73 1578.04 1578.04
74 1578.04 1578.04
75 1578.04 1578.04
76 1578.04 1578.04
77 1578.04 1578.04
78 1578.04 1578.04
79 1578.04 1578.04
80 1578.04 1578.04
81 1578.04 1578.04
82 1578.04 1578.04
83 1578.04 1578.04
84 1578.04 1578.04
85 1578.04 1578.04
86 1578.04 1578.04
87 1578.04 1578.04
88 1578.04 1578.04
89 1578.04 1578.04
90 1578.04 1578.04
91 1578.04 1578.04
92 1578.04 1578.04
93 1578.04 1578.04
94 1578.04 1578.04
95 1578.04 1578.04
96 1578.04 1578.04
97 1578.04 1578.04
98 1578.04 1578.04
99 1578.04 1578.04
100 1578.04 1578.04
101 1578.04 1578.04
102 1578.04 1578.04
103 1578.04 1578.04
104 1578.04 1578.04
105 1578.04 1578.04
106 1578.04 1578.04
107 1578.04 1578.04
108 1578.04 1578.04
109 1578.04 1578.04
110 1578.04 1578.04
111 1578.04 1578.04
112 1578.04 1578.04
113 1578.04 1578.04
114 1578.04 1578.04
115 1578.04 1578.04
116 1578.04 1578.04
117 1578.04 1578.04
118 1578.04 1578.04
119 1578.04 1578.04
120 1578.04 1578.04
121 1578.04 1578.04
122 1578.04 1578.04
123 1578.04 1578.04
124 1578.04 1578.04
125 1578.04 1578.04
126 1578.04 1578.04
127 1578.04 1578.04
128 1578.04 1578.04
129 1578.04 1578.04
130 1578.04 1578.04
131 1578.04 1578.04
132 1578.04 1578.04
133 1578.04 1578.04
134 1578.04 1578.04
135 1578.04 1578.04
136 1578.04 1578.04
137 1578.04 1578.04
138 1578.04 1578.04
139 1578.04 1578.04
140 1578.04 1578.04
141 1578.04 1578.04
142 1578.04 1578.04
143 1578.04 1578.04
144 1578.04 1578.04
145 1578.04 1578.04
146 1578.04 1578.04
147 1578.04 1578.04
148 1578.04 1578.04
149 1578.04 1578.04
150 1578.04 1578.04
151 1578.04 1578.04
152 1578.04 1578.04
153 1578.04 1578.04
154 1578.04 1578.04
155 1578.04 1578.04
156 1578.04 1578.04
157 1578.04 1578.04
158 1578.04 1578.04
159 1578.04 1578.04
160 1578.04 1578.04
161 1578.04 1578.04
162 1578.04 1578.04
163 1578.04 1578.04
164 1578.04 1578.04
165 1578.04 1578.04
166 1578.04 1578.04
167 1578.04 1578.04
168 1578.04 1578.04
169 1578.04 1578.04
170 1578.04 1578.04
171 1578.04 1578.04
172 1578.04 1578.04
173 1578.04 1578.04
174 1578.04 1578.04
175 1578.04 1578.04
176 1578.04 1578.04
177 1578.04 1578.04
178 1578.04 1578.04
179 1578.04 1578.04
180 1578.04 1578.04
181 1578.04 1578.04
182 1578.04 1578.04
183 1578.04 1578.04
184 1578.04 1578.04
185 1578.04 1578.04
186 1578.04 1578.04
187 1578.04 1578.04
188 1578.04 1578.04
189 1578.04 1578.04
190 1578.04 1578.04
191 1578.04 1578.04
192 1578.04 1578.04
193 1578.04 1578.04
194 1578.04 1578.04
195 1578.04 1578.04
196 1578.04 1578.04
197 1578.04 1578.04
198 1578.04 1578.04
199 1578.04 1578.04
200 1578.04 1578.04
201 1578.04 1578.04
202 1578.04 1578.04
203 1578.04 1578.04
204 1578.04 1578.04
205 1578.04 1578.04
206 1578.04 1578.04
207 1578.04 1578.04
208 1578.04 1578.04
209 1578.04 1578.04
210 1578.04 1578.04
211 1578.04 1578.04
212 1578.04 1578.04
213 1578.04 1578.04
214 1578.04 1578.04
215 1578.04 1578.04
216 1578.04 1578.04
217 1578.04 1578.04
218 1578.04 1578.04
219 1578.04 1578.04
220 1578.04 1578.04
221 1578.04 1578.04
222 1578.04 1578.04
223 1578.04 1578.04
224 1578.04 1578.04
225 1578.04 1578.04
226 1578.04 1578.04
227 1578.04 1578.04
228 1578.04 1578.04
229 1578.04 1578.04
230 1578.04 1578.04
231 1578.04 1578.04
232 1578.04 1578.04
233 1578.04 1578.04
234 1578.04 1578.04
235 1578.04 1578.04
236 1578.04 1578.04
237 1578.04 1578.04
238 1578.04 1578.04
239 1578.04 1578.04
240 1578.04 1578.04
241 1578.04 1578.04
242 1578.04 1578.04
243 1578.04 1578.04
244 1578.04 1578.04
245 1578.04 1578.04
246 1578.04 1578.04
247 1578.04 1578.04
248 1578.04 1578.04
249 1578.04 1578.04
250 1578.04 1578.04
251 1578.04 1578.04
252 1578.04 1578.04
253 1578.04 1578.04
254 1578.04 1578.04
255 1578.04 1578.04
256 1578.04 1578.04
257 1578.04 1578.04
258 1578.04 1578.04
259 1578.04 1578.04
260 1578.04 1578.04
261 1578.04 1578.04
262 1578.04 1578.04
263 1578.04 1578.04
264 1578.04 1578.04
265 1578.04 1578.04
266 1578.04 1578.04
267 1578.04 1578.04
268 1578.04 1578.04
269 1578.04 1578.04
270 1578.04 1578.04
271 1578.04 1578.04
272 1578.04 1578.04
273 1578.04 1578.04
274 1578.04 1578.04
275 1578.04 1578.04
276 1578.04 1578.04
277 1578.04 1578.04
278 1578.04 1578.04
279 1578.04 1578.04
280 1578.04 1578.04
281 1578.04 1578.04
282 1578.04 1578.04
283 1578.04 1578.04
284 1578.04 1578.04
285 1578.04 1578.04
286 1578.04 1578.04
287 1578.04 1578.04
288 1578.04 1578.04
289 1578.04 1578.04
290 1578.04 1578.04
291 1578.04 1578.04
292 1578.04 1578.04
293 1578.04 1578.04
294 1578.04 1578.04
295 1578.04 1578.04
296 1578.04 1578.04
297 1578.04 1578.04
298 1578.04 1578.04
299 1578.04 1578.04
300 1578.04 1578.04
301 1578.04 1578.04
302 1578.04 1578.04
303 1578.04 1578.04
304 1578.04 1578.04
305 1578.04 1578.04
306 1578.04 1578.04
307 1578.04 1578.04
308 1578.04 1578.04
309 1578.04 1578.04
310 1578.04 1578.04
311 1578.04 1578.04
312 1578.04 1578.04
313 1578.04 1578.04
314 1578.04 1578.04
315 1578.04 1578.04
316 1578.04 1578.04
317 1578.04 1578.04
318 1578.04 1578.04
319 1578.04 1578.04
320 1578.04 1578.04
321 1578.04 1578.04
322 1578.04 1578.04
323 1578.04 1578.04
324 1578.04 1578.04
325 1578.04 1578.04
326 1578.04 1578.04
327 1578.04 1578.04
328 1578.04 1578.04
329 1578.04 1578.04
330 1578.04 1578.04
331 1578.04 1578.04
332 1578.04 1578.04
333 1578.04 1578.04
334 1578.04 1578.04
335 1578.04 1578.04
336 1578.04 1578.04
337 1578.04 1578.04
338 1578.04 1578.04
339 1578.04 1578.04
340 1578.04 1578.04
341 1578.04 1578.04
342 1578.04 1578.04
343 1578.04 1578.04
344 1578.04 1578.04
345 1578.04 1578.04
346 1578.04 1578.04
347 1578.04 1578.04
348 1578.04 1578.04
349 1578.04 1578.04
350 1578.04 1578.04
351 1578.04 1578.04
352 1578.04 1578.04
353 1578.04 1578.04
354 1578.04 1578.04
355 1578.04 1578.04
356 1578.04 1578.04
357 1578.04 1578.04
358 1578.04 1578.04
359 1578.04 1578.04
360 1578.04 1578.04
361 1578.04 1578.04
362 1578.04 1578.04
363 1578.04 1578.04
364 1578.04 1578.04
365 1578.04 1578.04
366 1578.04 1578.04
367 1578.04 1578.04
368 1578.04 1578.04
369 1578.04 1578.04
370 1578.04 1578.04
371 1578.04 1578.04
372 1578.04 1578.04
373 1578.04 1578.04
374 1578.04 1578.04
375 1578.04 1578.04
376 1578.04 1578.04
377 1578.04 1578.04
378 1578.04 1578.04
379 1578.04 1578.04
380 1578.04 1578.04
381 1578.04 1578.04
382 1578.04 1578.04
383 1578.04 1578.04
384 1578.04 1578.04
385 1578.04 1578.04
386 1578.04 1578.04
387 1578.04 1578.04
388 1578.04 1578.04
389 1578.04 1578.04
390 1578.04 1578.04
391 1578.04 1578.04
392 1578.04 1578.04
393 1578.04 1578.04
394 1578.04 1578.04
395 1578.04 1578.04
396 1578.04 1578.04
397 1578.04 1578.04
398 1578.04 1578.04
399 1578.04 1578.04
400 1578.04 1578.04
401 1578.04 1578.04
402 1578.04 1578.04
403 1578.04 1578.04
404 1578.04 1578.04
405 1578.04 1578.04
406 1578.04 1578.04
407 1578.04 1578.04
408 1578.04 1578.04
409 1578.04 1578.04
410 1578.04 1578.04
411 1578.04 1578.04
412 1578.04 1578.04
413 1578.04 1578.04
414 1578.04 1578.04
415 1578.04 1578.04
416 1578.04 1578.04
417 1578.04 1578.04
418 1578.04 1578.04
419 1578.04 1578.04
420 1578.04 1578.04
421 1578.04 1578.04
422 1578.04 1578.04
423 1578.04 1578.04
424 1578.04 1578.04
425 1578.04 1578.04
426 1578.04 1578.04
427 1578.04 1578.04
428 1578.04 1578.04
429 1578.04 1578.04
430 1578.04 1578.04
431 1578.04 1578.04
432 1578.04 1578.04
433 1578.04 1578.04
434 1578.04 1578.04
435 1578.04 1578.04
436 1578.04 1578.04
437 1578.04 1578.04
438 1578.04 1578.04
439 1578.04 1578.04
440 1578.04 1578.04
441 1578.04 1578.04
442 1578.04 1578.04
443 1578.04 1578.04
444 1578.04 1578.04
445 1578.04 1578.04
446 1578.04 1578.04
447 1578.04 1578.04
448 1578.04 1578.04
449 1578.04 1578.04
450 1578.04 1578.04
451 1578.04 1578.04
452 1578.04 1578.04
453 1578.04 1578.04
454 1578.04 1578.04
455 1578.04 1578.04
456 1578.04 1578.04
457 1578.04 1578.04
458 1578.04 1578.04
459 1578.04 1578.04
460 1578.04 1578.04
461 1578.04 1578.04
462 1578.04 1578.04
463 1578.04 1578.04
464 1578.04 1578.04
465 1578.04 1578.04
466 1578.04 1578.04
467 1578.04 1578.04
468 1578.04 1578.04
469 1578.04 1578.04
470 1578.04 1578.04
471 1578.04 1578.04
472 1578.04 1578.04
473 1578.04 1578.04
474 1578.04 1578.04
475 1578.04 1578.04
476 1578.04 1578.04
477 1578.04 1578.04
478 1578.04 1578.04
479 1578.04 1578.04
480 1578.04 1578.04
481 1578.04 1578.04
482 1578.04 1578.04
483 1578.04 1578.04
484 1578.04 1578.04
485 1578.04 1578.04
486 1578.04 1578.04
487 1578.04 1578.04
488 1578.04 1578.04
489 1578.04 1578.04
490 1578.04 1578.04
491 1578.04 1578.04
492 1578.04 1578.04
493 1578.04 1578.04
494 1578.04 1578.04
495 1578.04 1578.04
496 1578.04 1578.04
497 1578.04 1578.04
498 1578.04 1578.04
499 1578.04 1578.04
500 1578.04 1578.04
501 1578.04 1578.04
502 1578.04 1578.04
503 1578.04 1578.04
504 1578.04 1578.04
505 1578.04 1578.04
506 1578.04 1578.04
507 1578.04 1578.04
508 1578.04 1578.04
509 1578.04 1578.04
510 1578.04 1578.04
511 1578.04 1578.04
512 1578.04 1578.04
513 1578.04 1578.04
514 1578.04 1578.04
515 1578.04 1578.04
516 1578.04 1578.04
517 1578.04 1578.04
518 1578.04 1578.04
519 1578.04 1578.04
520 1578.04 1578.04
521 1578.04 1578.04
522 1578.04 1578.04
523 1578.04 1578.04
524 1578.04 1578.04
525 1578.04 1578.04
526 1578.04 1578.04
527 1578.04 1578.04
528 1578.04 1578.04
529 1578.04 1578.04
530 1578.04 1578.04
531 1578.04 1578.04
532 1578.04 1578.04
533 1578.04 1578.04
534 1578.04 1578.04
535 1578.04 1578.04
536 1578.04 1578.04
537 1578.04 1578.04
538 1578.04 1578.04
539 1578.04 1578.04
540 1578.04 1578.04
541 1578.04 1578.04
542 1578.04 1578.04
543 1578.04 1578.04
544 1578.04 1578.04
545 1578.04 1578.04
546 1578.04 1578.04
547 1578.04 1578.04
548 1578.04 1578.04
549 1578.04 1578.04
550 1578.04 1578.04
551 1578.04 1578.04
552 1578.04 1578.04
553 1578.04 1578.04
554 1578.04 1578.04
555 1578.04 1578.04
556 1578.04 1578.04
557 1578.04 1578.04
558 1578.04 1578.04
559 1578.04 1578.04
560 1578.04 1578.04
561 1578.04 1578.04
562 1578.04 1578.04
563 1578.04 1578.04
564 1578.04 1578.04
565 1578.04 1578.04
566 1578.04 1578.04
567 1578.04 1578.04
568 1578.04 1578.04
569 1578.04 1578.04
570 1578.04 1578.04
571 1578.04 1578.04
572 1578.04 1578.04
573 1578.04 1578.04
574 1578.04 1578.04
575 1578.04 1578.04
576 1578.04 1578.04
577 1578.04 1578.04
578 1578.04 1578.04
579 1578.04 1578.04
580 1578.04 1578.04
581 1578.04 1578.04
582 1578.04 1578.04
583 1578.04 1578.04
584 1578.04 1578.04
585 1578.04 1578.04
586 1578.04 1578.04
587 1578.04 1578.04
588 1578.04 1578.04
589 1578.04 1578.04
590 1578.04 1578.04
591 1578.04 1578.04
592 1578.04 1578.04
593 1578.04 1578.04
594 1578.04 1578.04
595 1578.04 1578.04
596 1578.04 1578.04
597 1578.04 1578.04
598 1578.04 1578.04
599 1578.04 1578.04
600 1578.04 1578.04
601 1578.04 1578.04
602 1578.04 1578.04
603 1578.04 1578.04
604 1578.04 1578.04
605 1578.04 1578.04
606 1578.04 1578.04
607 1578.04 1578.04
608 1578.04 1578.04
609 1578.04 1578.04
610 1578.04 1578.04
611 1578.04 1578.04
612 1578.04 1578.04
613 1578.04 1578.04
614 1578.04 1578.04
615 1578.04 1578.04
616 1578.04 1578.04
617 1578.04 1578.04
618 1578.04 1578.04
619 1578.04 1578.04
620 1578.04 1578.04
621 1578.04 1578.04
622 1578.04 1578.04
623 1578.04 1578.04
624 1578.04 1578.04
625 1578.04 1578.04
626 1578.04 1578.04
627 1578.04 1578.04
628 1578.04 1578.04
629 1578.04 1578.04
630 1578.04 1578.04
631 1578.04 1578.04
632 1578.04 1578.04
633 1578.04 1578.04
634 1578.04 1578.04
635 1578.04 1578.04
636 1578.04 1578.04
637 1578.04 1578.04
638 1578.04 1578.04
639 1578.04 1578.04
640 1578.04 1578.04
641 1578.04 1578.04
642 1578.04 1578.04
643 1578.04 1578.04
644 1578.04 1578.04
645 1578.04 1578.04
646 1578.04 1578.04
647 1578.04 1578.04
648 1578.04 1578.04
649 1578.04 1578.04
650 1578.04 1578.04
651 1578.04 1578.04
652 1578.04 1578.04
653 1578.04 1578.04
654 1578.04 1578.04
655 1578.04 1578.04
656 1578.04 1578.04
657 1578.04 1578.04
658 1578.04 1578.04
659 1578.04 1578.04
660 1578.04 1578.04
661 1578.04 1578.04
662 1578.04 1578.04
663 1578.04 1578.04
664 1578.04 1578.04
665 1578.04 1578.04
666 1578.04 1578.04
667 1578.04 1578.04
668 1578.04 1578.04
669 1578.04 1578.04
670 1578.04 1578.04
671 1578.04 1578.04
672 1578.04 1578.04
673 1578.04 1578.04
674 1578.04 1578.04
675 1578.04 1578.04
676 1578.04 1578.04
677 1578.04 1578.04
678 1578.04 1578.04
679 1578.04 1578.04
680 1578.04 1578.04
681 1578.04 1578.04
682 1578.04 1578.04
683 1578.04 1578.04
684 1578.04 1578.04
685 1578.04 1578.04
686 1578.04 1578.04
687 1578.04 1578.04
688 1578.04 1578.04
689 1578.04 1578.04
690 1578.04 1578.04
691 1578.04 1578.04
692 1578.04 1578.04
693 1578.04 1578.04
694 1578.04 1578.04
695 1578.04 1578.04
696 1578.04 1578.04
697 1578.04 1578.04
698 1578.04 1578.04
699 1578.04 1578.04
700 1578.04 1578.04
701 1578.04 1578.04
702 1578.04 1578.04
703 1578.04 1578.04
704 1578.04 1578.04
705 1578.04 1578.04
706 1578.04 1578.04
707 1578.04 1578.04
708 1578.04 1578.04
709 1578.04 1578.04
710 1578.04 1578.04
711 1578.04 1578.04
712 1578.04 1578.04
713 1578.04 1578.04
714 1578.04 1578.04
715 1578.04 1578.04
716 1578.04 1578.04
717 1578.04 1578.04
718 1578.04 1578.04
719 1578.04 1578.04
720 1578.04 1578.04
721 1578.04 1578.04
722 1578.04 1578.04
723 1578.04 1578.04
724 1578.04 1578.04
725 1578.04 1578.04
726 1578.04 1578.04
727 1578.04 1578.04
728 1578.04 1578.04
729 1578.04 1578.04
730 1578.04 1578.04
731 1578.04 1578.04
732 1578.04 1578.04
733 1578.04 1578.04
734 1578.04 1578.04
735 1578.04 1578.04
736 1578.04 1578.04
737 1578.04 1578.04
738 1578.04 1578.04
739 1578.04 1578.04
740 1578.04 1578.04
741 1578.04 1578.04
742 1578.04 1578.04
743 1578.04 1578.04
744 1578.04 1578.04
745 1578.04 1578.04
746 1578.04 1578.04
747 1578.04 1578.04
748 1578.04 1578.04
749 1578.04 1578.04
750 1578.04 1578.04
751 1578.04 1578.04
752 1578.04 1578.04
753 1578.04 1578.04
754 1578.04 1578.04
755 1578.04 1578.04
756 1578.04 1578.04
757 1578.04 1578.04
758 1578.04 1578.04
759 1578.04 1578.04
760 1578.04 1578.04
761 1578.04 1578.04
762 1578.04 1578.04
763 1578.04 1578.04
764 1578.04 1578.04
765 1578.04 1578.04
766 1578.04 1578.04
767 1578.04 1578.04
768 1578.04 1578.04
769 1578.04 1578.04
770 1578.04 1578.04
771 1578.04 1578.04
772 1578.04 1578.04
773 1578.04 1578.04
774 1578.04 1578.04
775 1578.04 1578.04
776 1578.04 1578.04
777 1578.04 1578.04
778 1578.04 1578.04
779 1578.04 1578.04
780 1578.04 1578.04
781 1578.04 1578.04
782 1578.04 1578.04
783 1578.04 1578.04
784 1578.04 1578.04
785 1578.04 1578.04
786 1578.04 1578.04
787 1578.04 1578.04
788 1578.04 1578.04
789 1578.04 1578.04
790 1578.04 1578.04
791 1578.04 1578.04
792 1578.04 1578.04
793 1578.04 1578.04
794 1578.04 1578.04
795 1578.04 1578.04
796 1578.04 1578.04
797 1578.04 1578.04
798 1578.04 1578.04
799 1578.04 1578.04
800 1578.04 1578.04
801 1578.04 1578.04
802 1578.04 1578.04
803 1578.04 1578.04
804 1578.04 1578.04
805 1578.04 1578.04
806 1578.04 1578.04
807 1578.04 1578.04
808 1578.04 1578.04
809 1578.04 1578.04
810 1578.04 1578.04
811 1578.04 1578.04
812 1578.04 1578.04
813 1578.04 1578.04
814 1578.04 1578.04
815 1578.04 1578.04
816 1578.04 1578.04
817 1578.04 1578.04
818 1578.04 1578.04
819 1578.04 1578.04
820 1578.04 1578.04
821 1578.04 1578.04
822 1578.04 1578.04
823 1578.04 1578.04
824 1578.04 1578.04
825 1578.04 1578.04
826 1578.04 1578.04
827 1578.04 1578.04
828 1578.04 1578.04
829 1578.04 1578.04
830 1578.04 1578.04
831 1578.04 1578.04
832 1578.04 1578.04
833 1578.04 1578.04
834 1578.04 1578.04
835 1578.04 1578.04
836 1578.04 1578.04
837 1578.04 1578.04
838 1578.04 1578.04
839 1578.04 1578.04
840 1578.04 1578.04
841 1578.04 1578.04
842 1578.04 1578.04
843 1578.04 1578.04
844 1578.04 1578.04
845 1578.04 1578.04
846 1578.04 1578.04
847 1578.04 1578.04
848 1578.04 1578.04
849 1578.04 1578.04
850 1578.04 1578.04
851 1578.04 1578.04
852 1578.04 1578.04
853 1578.04 1578.04
854 1578.04 1578.04
855 1578.04 1578.04
856 1578.04 1578.04
857 1578.04 1578.04
858 1578.04 1578.04
859 1578.04 1578.04
860 1578.04 1578.04
861 1578.04 1578.04
862 1578.04 1578.04
863 1578.04 1578.04
864 1578.04 1578.04
865 1578.04 1578.04
866 1578.04 1578.04
867 1578.04 1578.04
868 1578.04 1578.04
869 1578.04 1578.04
870 1578.04 1578.04
871 1578.04 1578.04
872 1578.04 1578.04
873 1578.04 1578.04
874 1578.04 1578.04
875 1578.04 1578.04
876 1578.04 1578.04
877 1578.04 1578.04
878 1578.04 1578.04
879 1578.04 1578.04
880 1578.04 1578.04
881 1578.04 1578.04
882 1578.04 1578.04
883 1578.04 1578.04
884 1578.04 1578.04
885 1578.04 1578.04
886 1578.04 1578.04
887 1578.04 1578.04
888 1578.04 1578.04
889 1578.04 1578.04
890 1578.04 1578.04
891 1578.04 1578.04
892 1578.04 1578.04
893 1578.04 1578.04
894 1578.04 1578.04
895 1578.04 1578.04
896 1578.04 1578.04
897 1578.04 1578.04
898 1578.04 1578.04
899 1578.04 1578.04
900 1578.04 1578.04
901 1578.04 1578.04
902 1578.04 1578.04
903 1578.04 1578.04
904 1578.04 1578.04
905 1578.04 1578.04
906 1578.04 1578.04
907 1578.04 1578.04
908 1578.04 1578.04
909 1578.04 1578.04
910 1578.04 1578.04
911 1578.04 1578.04
912 1578.04 1578.04
913 1578.04 1578.04
914 1578.04 1578.04
915 1578.04 1578.04
916 1578.04 1578.04
917 1578.04 1578.04
918 1578.04 1578.04
919 1578.04 1578.04
920 1578.04 1578.04
921 1578.04 1578.04
922 1578.04 1578.04
923 1578.04 1578.04
924 1578.04 1578.04
925 1578.04 1578.04
926 1578.04 1578.04
927 1578.04 1578.04
928 1578.04 1578.04
929 1578.04 1578.04
930 1578.04 1578.04
931 1578.04 1578.04
932 1578.04 1578.04
933 1578.04 1578.04
934 1578.04 1578.04
935 1578.04 1578.04
936 1578.04 1578.04
937 1578.04 1578.04
938 1578.04 1578.04
939 1578.04 1578.04
940 1578.04 1578.04
941 1578.04 1578.04
942 1578.04 1578.04
943 1578.04 1578.04
944 1578.04 1578.04
945 1578.04 1578.04
946 1578.04 1578.04
947 1578.04 1578.04
948 1578.04 1578.04
949 1578.04 1578.04
950 1578.04 1578.04
951 1578.04 1578.04
952 1578.04 1578.04
953 1578.04 1578.04
954 1578.04 1578.04
955 1578.04 1578.04
956 1578.04 1578.04
957 1578.04 1578.04
958 1578.04 1578.04
959 1578.04 1578.04
960 1578.04 1578.04
961 1578.04 1578.04
962 1578.04 1578.04
963 1578.04 1578.04
964 1578.04 1578.04
965 1578.04 1578.04
966 1578.04 1578.04
967 1578.04 1578.04
968 1578.04 1578.04
969 1578.04 1578.04
970 1578.04 1578.04
971 1578.04 1578.04
972 1578.04 1578.04
973 1578.04 1578.04
974 1578.04 1578.04
975 1578.04 1578.04
976 1578.04 1578.04
977 1578.04 1578.04
978 1578.04 1578.04
979 1578.04 1578.04
980 1578.04 1578.04
981 1578.04 1578.04
982 1578.04 1578.04
983 1578.04 1578.04
984 1578.04 1578.04
985 1578.04 1578.04
986 1578.04 1578.04
987 1578.04 1578.04
988 1578.04 1578.04
989 1578.04 1578.04
990 1578.04 1578.04
991 1578.04 1578.04
992 1578.04 1578.04
993 1578.04 1578.04
994 1578.04 1578.04
995 1578.04 1578.04
996 1578.04 1578.04
997 1578.04 1578.04
998 1578.04 1578.04
999 1578.04 1578.04
1000 1578.04 1578.04
1001 1578.04 1578.04
1002 1578.04 1578.04
1003 1578.04 1578.04
1004 1578.04 1578.04
1005 1578.04 1578.04
1006 1578.04 1578.04
1007 1578.04 1578.04
1008 1578.04 1578.04
1009 1578.04 1578.04
1010 1578.04 1578.04
1011 1578.04 1578.04
1012 1578.04 1578.04
1013 1578.04 1578.04
1014 1578.04 1578.04
1015 1578.04 1578.04
1016 1578.04 1578.04
1017 1578.04 1578.04
1018 1578.04 1578.04
1019 1578.04 1578.04
1020 1578.04 1578.04
1021 1578.04 1578.04
1022 1578.04 1578.04
1023 1578.04 1578.04
1024 1578.04 1578.04
1025 1578.04 1578.04
1026 1578.04 1578.04
1027 1578.04 1578.04
1028 1578.04 1578.04
1029 1578.04 1578.04
1030 1578.04 1578.04
1031 1578.04 1578.04
1032 1578.04 1578.04
1033 1578.04 1578.04
1034 1578.04 1578.04
1035 1578.04 1578.04
1036 1578.04 1578.04
1037 1578.04 1578.04
1038 1578.04 1578.04
1039 1578.04 1578.04
1040 1578.04 1578.04
1041 1578.04 1578.04
1042 1578.04 1578.04
1043 1578.04 1578.04
1044 1578.04 1578.04
1045 1578.04 1578.04
1046 1578.04 1578.04
1047 1578.04 1578.04
1048 1578.04 1578.04
1049 1578.04 1578.04
1050 1578.04 1578.04
1051 1578.04 1578.04
1052 1578.04 1578.04
1053 1578.04 1578.04
1054 1578.04 1578.04
1055 1578.04 1578.04
1056 1578.04 1578.04
1057 1578.04 1578.04
1058 1578.04 1578.04
1059 1578.04 1578.04
1060 1578.04 1578.04
1061 1578.04 1578.04
1062 1578.04 1578.04
1063 1578.04 1578.04
1064 1578.04 1578.04
1065 1578.04 1578.04
1066 1578.04 1578.04
1067 1578.04 1578.04
1068 1578.04 1578.04
1069 1578.04 1578.04
1070 1578.04 1578.04
1071 1578.04 1578.04
1072 1578.04 1578.04
1073 1578.04 1578.04
1074 1578.04 1578.04
1075 1578.04 1578.04
1076 1578.04 1578.04
1077 1578.04 1578.04
1078 1578.04 1578.04
1079 1578.04 1578.04
1080 1578.04 1578.04
1081 1578.04 1578.04
1082 1578.04 1578.04
1083 1578.04 1578.04
1084 1578.04 1578.04
1085 1578.04 1578.04
1086 1578.04 1578.04
1087 1578.04 1578.04
1088 1578.04 1578.04
1089 1578.04 1578.04
1090 1578.04 1578.04
1091 1578.04 1578.04
1092 1578.04 1578.04
1093 1578.04 1578.04
1094 1578.04 1578.04
1095 1578.04 1578.04
1096 1578.04 1578.04
1097 1578.04 1578.04
1098 1578.04 1578.04
1099 1578.04 1578.04
1100 1578.04 1578.04
1101 1578.04 1578.04
1102 1578.04 1578.04
1103 1578.04 1578.04
1104 1578.04 1578.04
1105 1578.04 1578.04
1106 1578.04 1578.04
1107 1578.04 1578.04
1108 1578.04 1578.04
1109 1578.04 1578.04
1110 1578.04 1578.04
1111 1578.04 1578.04
1112 1578.04 1578.04
1113 1578.04 1578.04
1114 1578.04 1578.04
1115 1578.04 1578.04
1116 1578.04 1578.04
1117 1578.04 1578.04
1118 1578.04 1578.04
1119 1578.04 1578.04
1120 1578.04 1578.04
1121 1578.04 1578.04
1122 1578.04 1578.04
1123 1578.04 1578.04
1124 1578.04 1578.04
1125 1578.04 1578.04
1126 1578.04 1578.04
1127 1578.04 1578.04
1128 1578.04 1578.04
1129 1578.04 1578.04
1130 1578.04 1578.04
1131 1578.04 1578.04
1132 1578.04 1578.04
1133 1578.04 1578.04
1134 1578.04 1578.04
1135 1578.04 1578.04
1136 1578.04 1578.04
1137 1578.04 1578.04
1138 1578.04 1578.04
1139 1578.04 1578.04
1140 1578.04 1578.04
1141 1578.04 1578.04
1142 1578.04 1578.04
1143 1578.04 1578.04
1144 1578.04 1578.04
1145 1578.04 1578.04
1146 1578.04 1578.04
1147 1578.04 1578.04
1148 1578.04 1578.04
1149 1578.04 1578.04
1150 1578.04 1578.04
1151 1578.04 1578.04
1152 1578.04 1578.04
1153 1578.04 1578.04
1154 1578.04 1578.04
1155 1578.04 1578.04
1156 1578.04 1578.04
1157 1578.04 1578.04
1158 1578.04 1578.04
1159 1578.04 1578.04
1160 1578.04 1578.04
1161 1578.04 1578.04
1162 1578.04 1578.04
1163 1578.04 1578.04
1164 1578.04 1578.04
1165 1578.04 1578.04
1166 1578.04 1578.04
1167 1578.04 1578.04
1168 1578.04 1578.04
1169 1578.04 1578.04
1170 1578.04 1578.04
1171 1578.04 1578.04
1172 1578.04 1578.04
1173 1578.04 1578.04
1174 1578.04 1578.04
1175 1578.04 1578.04
1176 1578.04 1578.04
1177 1578.04 1578.04
1178 1578.04 1578.04
1179 1578.04 1578.04
1180 1578.04 1578.04
1181 1578.04 1578.04
1182 1578.04 1578.04
1183 1578.04 1578.04
1184 1578.04 1578.04
1185 1578.04 1578.04
1186 1578.04 1578.04
1187 1578.04 1578.04
1188 1578.04 1578.04
1189 1578.04 1578.04
1190 1578.04 1578.04
1191 1578.04 1578.04
1192 1578.04 1578.04
1193 1578.04 1578.04
1194 1578.04 1578.04
1195 1578.04 1578.04
1196 1578.04 1578.04
1197 1578.04 1578.04
1198 1578.04 1578.04
1199 1578.04 1578.04
1200 1578.04 1578.04
1201 1578.04 1578.04
1202 1578.04 1578.04
1203 1578.04 1578.04
1204 1578.04 1578.04
1205 1578.04 1578.04
1206 1578.04 1578.04
1207 1578.04 1578.04
1208 1578.04 1578.04
1209 1578.04 1578.04
1210 1578.04 1578.04
1211 1578.04 1578.04
1212 1578.04 1578.04
1213 1578.04 1578.04
1214 1578.04 1578.04
1215 1578.04 1578.04
1216 1578.04 1578.04
1217 1578.04 1578.04
1218 1578.04 1578.04
1219 1578.04 1578.04
1220 1578.04 1578.04
1221 1578.04 1578.04
1222 1578.04 1578.04
1223 1578.04 1578.04
1224 1578.04 1578.04
1225 1578.04 1578.04
1226 1578.04 1578.04
1227 1578.04 1578.04
1228 1578.04 1578.04
1229 1578.04 1578.04
1230 1578.04 1578.04
1231 1578.04 1578.04
1232 1578.04 1578.04
1233 1578.04 1578.04
1234 1578.04 1578.04
1235 1578.04 1578.04
1236 1578.04 1578.04
1237 1578.04 1578.04
1238 1578.04 1578.04
1239 1578.04 1578.04
1240 1578.04 1578.04
1241 1578.04 1578.04
1242 1578.04 1578.04
1243 1578.04 1578.04
1244 1578.04 1578.04
1245 1578.04 1578.04
1246 1578.04 1578.04
1247 1578.04 1578.04
1248 1578.04 1578.04
1249 1578.04 1578.04
1250 1578.04 1578.04
1251 1578.04 1578.04
1252 1578.04 1578.04
1253 1578.04 1578.04
1254 1578.04 1578.04
1255 1578.04 1578.04
1256 1578.04 1578.04
1257 1578.04 1578.04
1258 1578.04 1578.04
1259 1578.04 1578.04
1260 1578.04 1578.04
1261 1578.04 1578.04
1262 1578.04 1578.04
1263 1578.04 1578.04
1264 1578.04 1578.04
1265 1578.04 1578.04
1266 1578.04 1578.04
1267 1578.04 1578.04
1268 1578.04 1578.04
1269 1578.04 1578.04
1270 1578.04 1578.04
1271 1578.04 1578.04
1272 1578.04 1578.04
1273 1578.04 1578.04
1274 1578.04 1578.04
1275 1578.04 1578.04
1276 1578.04 1578.04
1277 1578.04 1578.04
1278 1578.04 1578.04
1279 1578.04 1578.04
1280 1578.04 1578.04
1281 1578.04 1578.04
1282 1578.04 1578.04
1283 1578.04 1578.04
1284 1578.04 1578.04
1285 1578.04 1578.04
1286 1578.04 1578.04
1287 1578.04 1578.04
1288 1578.04 1578.04
1289 1578.04 1578.04
1290 1578.04 1578.04
1291 1578.04 1578.04
1292 1578.04 1578.04
1293 1578.04 1578.04
1294 1578.04 1578.04
1295 1578.04 1578.04
1296 1578.04 1578.04
1297 1578.04 1578.04
1298 1578.04 1578.04
1299 1578.04 1578.04
1300 1578.04 1578.04
1301 1578.04 1578.04
1302 1578.04 1578.04
1303 1578.04 1578.04
1304 1578.04 1578.04
1305 1578.04 1578.04
1306 1578.04 1578.04
1307 1578.04 1578.04
1308 1578.04 1578.04
1309 1578.04 1578.04
1310 1578.04 1578.04
1311 1578.04 1578.04
1312 1578.04 1578.04
1313 1578.04 1578.04
1314 1578.04 1578.04
1315 1578.04 1578.04
1316 1578.04 1578.04
1317 1578.04 1578.04
1318 1578.04 1578.04
1319 1578.04 1578.04
1320 1578.04 1578.04
1321 1578.04 1578.04
1322 1578.04 1578.04
1323 1578.04 1578.04
1324 1578.04 1578.04
1325 1578.04 1578.04
1326 1578.04 1578.04
1327 1578.04 1578.04
1328 1578.04 1578.04
1329 1578.04 1578.04
1330 1578.04 1578.04
1331 1578.04 1578.04
1332 1578.04 1578.04
1333 1578.04 1578.04
1334 1578.04 1578.04
1335 1578.04 1578.04
1336 1578.04 1578.04
1337 1578.04 1578.04
1338 1578.04 1578.04
1339 1578.04 1578.04
1340 1578.04 1578.04
1341 1578.04 1578.04
1342 1578.04 1578.04
1343 1578.04 1578.04
1344 1578.04 1578.04
1345 1578.04 1578.04
1346 1578.04 1578.04
1347 1578.04 1578.04
1348 1578.04 1578.04
1349 1578.04 1578.04
1350 1578.04 1578.04
1351 1578.04 1578.04
1352 1578.04 1578.04
1353 1578.04 1578.04
1354 1578.04 1578.04
1355 1578.04 1578.04
1356 1578.04 1578.04
1357 1578.04 1578.04
1358 1578.04 1578.04
1359 1578.04 1578.04
1360 1578.04 1578.04
1361 1578.04 1578.04
1362 1578.04 1578.04
1363 1578.04 1578.04
1364 1578.04 1578.04
1365 1578.04 1578.04
1366 1578.04 1578.04
1367 1578.04 1578.04
1368 1578.04 1578.04
1369 1578.04 1578.04
1370 1578.04 1578.04
1371 1578.04 1578.04
1372 1578.04 1578.04
1373 1578.04 1578.04
1374 1578.04 1578.04
1375 1578.04 1578.04
1376 1578.04 1578.04
1377 1578.04 1578.04
1378 1578.04 1578.04
1379 1578.04 1578.04
1380 1578.04 1578.04
1381 1578.04 1578.04
1382 1578.04 1578.04
1383 1578.04 1578.04
1384 1578.04 1578.04
1385 1578.04 1578.04
1386 1578.04 1578.04
1387 1578.04 1578.04
1388 1578.04 1578.04
1389 1578.04 1578.04
1390 1578.04 1578.04
1391 1578.04 1578.04
1392 1578.04 1578.04
1393 1578.04 1578.04
1394 1578.04 1578.04
1395 1578.04 1578.04
1396 1578.04 1578.04
1397 1578.04 1578.04
1398 1578.04 1578.04
1399 1578.04 1578.04
1400 1578.04 1578.04
1401 1578.04 1578.04
1402 1578.04 1578.04
1403 1578.04 1578.04
1404 1578.04 1578.04
1405 1578.04 1578.04
1406 1578.04 1578.04
1407 1578.04 1578.04
1408 1578.04 1578.04
1409 1578.04 1578.04
1410 1578.04 1578.04
1411 1578.04 1578.04
1412 1578.04 1578.04
1413 1578.04 1578.04
1414 1578.04 1578.04
1415 1578.04 1578.04
1416 1578.04 1578.04
1417 1578.04 1578.04
1418 1578.04 1578.04
1419 1578.04 1578.04
1420 1578.04 1578.04
1421 1578.04 1578.04
1422 1578.04 1578.04
1423 1578.04 1578.04
1424 1578.04 1578.04
1425 1578.04 1578.04
1426 1578.04 1578.04
1427 1578.04 1578.04
1428 1578.04 1578.04
1429 1578.04 1578.04
1430 1578.04 1578.04
1431 1578.04 1578.04
1432 1578.04 1578.04
1433 1578.04 1578.04
1434 1578.04 1578.04
1435 1578.04 1578.04
1436 1578.04 1578.04
1437 1578.04 1578.04
1438 1578.04 1578.04
1439 1578.04 1578.04
1440 1578.04 1578.04
1441 1578.04 1578.04
1442 1578.04 1578.04
1443 1578.04 1578.04
1444 1578.04 1578.04
1445 1578.04 1578.04
1446 1578.04 1578.04
1447 1578.04 1578.04
1448 1578.04 1578.04
1449 1578.04 1578.04
1450 1578.04 1578.04
1451 1578.04 1578.04
1452 1578.04 1578.04
1453 1578.04 1578.04
1454 1578.04 1578.04
1455 1578.04 1578.04
1456 1578.04 1578.04
1457 1578.04 1578.04
1458 1578.04 1578.04
1459 1578.04 1578.04
1460 1578.04 1578.04
1461 1578.04 1578.04
1462 1578.04 1578.04
1463 1578.04 1578.04
1464 1578.04 1578.04
1465 1578.04 1578.04
1466 1578.04 1578.04
1467 1578.04 1578.04
1468 1578.04 1578.04
1469 1578.04 1578.04
1470 1578.04 1578.04
1471 1578.04 1578.04
1472 1578.04 1578.04
1473 1578.04 1578.04
1474 1578.04 1578.04
1475 1578.04 1578.04
1476 1578.04 1578.04
1477 1578.04 1578.04
1478 1578.04 1578.04
1479 1578.04 1578.04
1480 1578.04 1578.04
1481 1578.04 1578.04
1482 1578.04 1578.04
1483 1578.04 1578.04
1484 1578.04 1578.04
1485 1578.04 1578.04
1486 1578.04 1578.04
1487 1578.04 1578.04
1488 1578.04 1578.04
1489 1578.04 1578.04
1490 1578.04 1578.04
1491 1578.04 1578.04
1492 1578.04 1578.04
1493 1578.04 1578.04
1494 1578.04 1578.04
1495 1578.04 1578.04
1496 1578.04 1578.04
1497 1578.04 1578.04
1498 1578.04 1578.04
1499 1578.04 1578.04
1500 1578.04 1578.04
1501 1578.04 1578.04
1502 1578.04 1578.04
1503 1578.04 1578.04
1504 1578.04 1578.04
1505 1578.04 1578.04
1506 1578.04 1578.04
1507 1578.04 1578.04
1508 1578.04 1578.04
1509 1578.04 1578.04
1510 1578.04 1578.04
1511 1578.04 1578.04
1512 1578.04 1578.04
1513 1578.04 1578.04
1514 1578.04 1578.04
1515 1578.04 1578.04
1516 1578.04 1578.04
1517 1578.04 1578.04
1518 1578.04 1578.04
1519 1578.04 1578.04
1520 1578.04 1578.04
1521 1578.04 1578.04
1522 1578.04 1578.04
1523 1578.04 1578.04
1524 1578.04 1578.04
1525 1578.04 1578.04
1526 1578.04 1578.04
1527 1578.04 1578.04
1528 1578.04 1578.04
1529 1578.04 1578.04
1530 1578.04 1578.04
1531 1578.04 1578.04
1532 1578.04 1578.04
1533 1578.04 1578.04
1534 1578.04 1578.04
1535 1578.04 1578.04
1536 1578.04 1578.04
1537 1578.04 1578.04
1538 1578.04 1578.04
1539 1578.04 1578.04
1540 1578.04 1578.04
1541 1578.04 1578.04
1542 1578.04 1578.04
1543 1578.04 1578.04
1544 1578.04 1578.04
1545 1578.04 1578.04
1546 1578.04 1578.04
1547 1578.04 1578.04
1548 1578.04 1578.04
1549 1578.04 1578.04
1550 1578.04 1578.04
1551 1578.04 1578.04
1552 1578.04 1578.04
1553 1578.04 1578.04
1554 1578.04 1578.04
1555 1578.04 1578.04
1556 1578.04 1578.04
1557 1578.04 1578.04
1558 1578.04 1578.04
1559 1578.04 1578.04
1560 1578.04 1578.04
1561 1578.04 1578.04
1562 1578.04 1578.04
1563 1578.04 1578.04
1564 1578.04 1578.04
1565 1578.04 1578.04
1566 1578.04 1578.04
1567 1578.04 1578.04
1568 1578.04 1578.04
1569 1578.04 1578.04
1570 1578.04 1578.04
1571 1578.04 1578.04
1572 1578.04 1578.04
1573 1578.04 1578.04
1574 1578.04 1578.04
1575 1578.04 1578.04
1576 1578.04 1578.04
1577 1578.04 1578.04
1578 1578.04 1578.04
1579 1578.04 1578.04
1580 1578.04 1578.04
1581 1578.04 1578.04
1582 1578.04 1578.04
1583 1578.04 1578.04
1584 1578.04 1578.04
1585 1578.04 1578.04
1586 1578.04 1578.04
1587 1578.04 1578.04
1588 1578.04 1578.04
1589 1578.04 1578.04
1590 1578.04 1578.04
1591 1578.04 1578.04
1592 1578.04 1578.04
1593 1578.04 1578.04
1594 1578.04 1578.04
1595 1578.04 1578.04
1596 1578.04 1578.04
1597 1578.04 1578.04
1598 1578.04 1578.04
1599 1578.04 1578.04
1600 1578.04 1578.04
1601 1578.04 1578.04
1602 1578.04 1578.04
1603 1578.04 1578.04
1604 1578.04 1578.04
1605 1578.04 1578.04
1606 1578.04 1578.04
1607 1578.04 1578.04
1608 1578.04 1578.04
1609 1578.04 1578.04
1610 1578.04 1578.04
1611 1578.04 1578.04
1612 1578.04 1578.04
1613 1578.04 1578.04
1614 1578.04 1578.04
1615 1578.04 1578.04
1616 1578.04 1578.04
1617 1578.04 1578.04
1618 1578.04 1578.04
1619 1578.04 1578.04
1620 1578.04 1578.04
1621 1578.04 1578.04
1622 1578.04 1578.04
1623 1578.04 1578.04
1624 1578.04 1578.04
1625 1578.04 1578.04
1626 1578.04 1578.04
1627 1578.04 1578.04
1628 1578.04 1578.04
1629 1578.04 1578.04
1630 1578.04 1578.04
1631 1578.04 1578.04
1632 1578.04 1578.04
1633 1578.04 1578.04
1634 1578.04 1578.04
1635 1578.04 1578.04
1636 1578.04 1578.04
1637 1578.04 1578.04
1638 1578.04 1578.04
1639 1578.04 1578.04
1640 1578.04 1578.04
1641 1578.04 1578.04
1642 1578.04 1578.04
1643 1578.04 1578.04
1644 1578.04 1578.04
1645 1578.04 1578.04
1646 1578.04 1578.04
1647 1578.04 1578.04
1648 1578.04 1578.04
1649 1578.04 1578.04
1650 1578.04 1578.04
1651 1578.04 1578.04
1652 1578.04 1578.04
1653 1578.04 1578.04
1654 1578.04 1578.04
1655 1578.04 1578.04
1656 1578.04 1578.04
1657 1578.04 1578.04
1658 1578.04 1578.04
1659 1578.04 1578.04
1660 1578.04 1578.04
1661 1578.04 1578.04
1662 1578.04 1578.04
1663 1578.04 1578.04
1664 1578.04 1578.04
1665 1578.04 1578.04
1666 1578.04 1578.04
1667 1578.04 1578.04
1668 1578.04 1578.04
1669 1578.04 1578.04
1670 1578.04 1578.04
1671 1578.04 1578.04
1672 1578.04 1578.04
1673 1578.04 1578.04
1674 1578.04 1578.04
1675 1578.04 1578.04
1676 1578.04 1578.04
1677 1578.04 1578.04
1678 1578.04 1578.04
1679 1578.04 1578.04
1680 1578.04 1578.04
1681 1578.04 1578.04
1682 1578.04 1578.04
1683 1578.04 1578.04
1684 1578.04 1578.04
1685 1578.04 1578.04
1686 1578.04 1578.04
1687 1578.04 1578.04
1688 1578.04 1578.04
1689 1578.04 1578.04
1690 1578.04 1578.04
1691 1578.04 1578.04
1692 1578.04 1578.04
1693 1578.04 1578.04
1694 1578.04 1578.04
1695 1578.04 1578.04
1696 1578.04 1578.04
1697 1578.04 1578.04
1698 1578.04 1578.04
1699 1578.04 1578.04
1700 1578.04 1578.04
1701 1578.04 1578.04
1702 1578.04 1578.04
1703 1578.04 1578.04
1704 1578.04 1578.04
1705 1578.04 1578.04
1706 1578.04 1578.04
1707 1578.04 1578.04
1708 1578.04 1578.04
1709 1578.04 1578.04
1710 1578.04 1578.04
1711 1578.04 1578.04
1712 1578.04 1578.04
1713 1578.04 1578.04
1714 1578.04 1578.04
1715 1578.04 1578.04
1716 1578.04 1578.04
1717 1578.04 1578.04
1718 1578.04 1578.04
1719 1578.04 1578.04
1720 1578.04 1578.04
1721 1578.04 1578.04
1722 1578.04 1578.04
1723 1578.04 1578.04
1724 1578.04 1578.04
1725 1578.04 1578.04
1726 1578.04 1578.04
1727 1578.04 1578.04
1728 1578.04 1578.04
1729 1578.04 1578.04
1730 1578.04 1578.04
1731 1578.04 1578.04
1732 1578.04 1578.04
1733 1578.04 1578.04
1734 1578.04 1578.04
1735 1578.04 1578.04
1736 1578.04 1578.04
1737 1578.04 1578.04
1738 1578.04 1578.04
1739 1578.04 1578.04
1740 1578.04 1578.04
1741 1578.04 1578.04
1742 1578.04 1578.04
1743 1578.04 1578.04
1744 1578.04 1578.04
1745 1578.04 1578.04
1746 1578.04 1578.04
1747 1578.04 1578.04
1748 1578.04 1578.04
1749 1578.04 1578.04
1750 1578.04 1578.04
1751 1578.04 1578.04
1752 1578.04 1578.04
1753 1578.04 1578.04
1754 1578.04 1578.04
1755 1578.04 1578.04
1756 1578.04 1578.04
1757 1578.04 1578.04
1758 1578.04 1578.04
1759 1578.04 1578.04
1760 1578.04 1578.04
1761 1578.04 1578.04
1762 1578.04 1578.04
1763 1578.04 1578.04
1764 1578.04 1578.04
1765 1578.04 1578.04
1766 1578.04 1578.04
1767 1578.04 1578.04
1768 1578.04 1578.04
1769 1578.04 1578.04
1770 1578.04 1578.04
1771 1578.04 1578.04
1772 1578.04 1578.04
1773 1578.04 1578.04
1774 1578.04 1578.04
1775 1578.04 1578.04
1776 1578.04 1578.04
1777 1578.04 1578.04
1778 1578.04 1578.04
1779 1578.04 1578.04
1780 1578.04 1578.04
1781 1578.04 1578.04
1782 1578.04 1578.04
1783 1578.04 1578.04
1784 1578.04 1578.04
1785 1578.04 1578.04
1786 1578.04 1578.04
1787 1578.04 1578.04
1788 1578.04 1578.04
1789 1578.04 1578.04
1790 1578.04 1578.04
1791 1578.04 1578.04
1792 1578.04 1578.04
1793 1578.04 1578.04
1794 1578.04 1578.04
1795 1578.04 1578.04
1796 1578.04 1578.04
1797 1578.04 1578.04
1798 1578.04 1578.04
1799 1578.04 1578.04
1800 1578.04 1578.04
1801 1578.04 1578.04
1802 1578.04 1578.04
1803 1578.04 1578.04
1804 1578.04 1578.04
1805 1578.04 1578.04
1806 1578.04 1578.04
1807 1578.04 1578.04
1808 1578.04 1578.04
1809 1578.04 1578.04
1810 1578.04 1578.04
1811 1578.04 1578.04
1812 1578.04 1578.04
1813 1578.04 1578.04
1814 1578.04 1578.04
1815 1578.04 1578.04
1816 1578.04 1578.04
1817 1578.04 1578.04
1818 1578.04 1578.04
1819 1578.04 1578.04
1820 1578.04 1578.04
1821 1578.04 1578.04
1822 1578.04 1578.04
1823 1578.04 1578.04
1824 1578.04 1578.04
1825 1578.04 1578.04
1826 1578.04 1578.04
1827 1578.04 1578.04
1828 1578.04 1578.04
1829 1578.04 1578.04
1830 1578.04 1578.04
1831 1578.04 1578.04
1832 1578.04 1578.04
1833 1578.04 1578.04
1834 1578.04 1578.04
1835 1578.04 1578.04
1836 1578.04 1578.04
1837 1578.04 1578.04
1838 1578.04 1578.04
1839 1578.04 1578.04
1840 1578.04 1578.04
1841 1578.04 1578.04
1842 1578.04 1578.04
1843 1578.04 1578.04
1844 1578.04 1578.04
1845 1578.04 1578.04
1846 1578.04 1578.04
1847 1578.04 1578.04
1848 1578.04 1578.04
1849 1578.04 1578.04
