0 689.38 689.38
1 689.38 689.38
2 689.38 689.38
3 689.38 689.38
4 689.38 689.38
5 689.38 689.38
6 689.38 689.38
7 689.38 689.38
8 689.38 689.38
9 689.38 689.38
10 689.38 689.38
11 689.38 689.38
12 689.38 689.38
13 689.38 689.38
14 689.38 689.38
15 689.38 689.38
16 689.38 689.38
17 689.38 689.38
18 689.38 689.38
19 689.38 689.38
20 689.38 689.38
21 689.38 689.38
22 689.38 689.38
23 689.38 689.38
24 689.38 689.38
25 689.38 689.38
26 689.38 689.38
27 689.38 689.38
28 689.38 689.38
29 689.38 689.38
30 689.38 689.38
31 689.38 689.38
32 689.38 689.38
33 689.38 689.38
34 689.38 689.38
35 689.38 689.38
36 689.38 689.38
37 689.38 689.38
38 689.38 689.38
39 689.38 689.38
40 689.38 689.38
41 689.38 689.38
42 689.38 689.38
43 689.38 689.38
44 689.38 689.38
45 689.38 689.38
46 689.38 689.38
47 689.38 689.38
48 689.38 689.38
49 689.38 689.38
50 689.38 689.38
51 689.38 689.38
52 689.38 689.38
53 689.38 689.38
54 689.38 689.38
55 689.38 689.38
56 689.38 689.38
57 689.38 689.38
58 689.38 689.38
59 689.38 689.38
60 689.38 689.38
61 689.38 689.38
62 689.38 689.38
63 689.38 689.38
64 689.38 689.38
65 689.38 689.38
66 689.38 689.38
67 689.38 689.38
68 689.38 689.38
69 689.38 689.38
70 689.38 689.38
71 689.38 689.38
72 689.38 689.38
73 689.38 689.38
74 689.38 689.38
75 689.38 689.38
76 689.38 689.38
77 689.38 689.38
78 689.38 689.38
79 689.38 689.38
80 689.38 689.38
81 689.38 689.38
82 689.38 689.38
83 689.38 689.38
84 689.38 689.38
85 689.38 689.38
86 689.38 689.38
87 689.38 689.38
88 689.38 689.38
89 689.38 689.38
90 689.38 689.38
91 689.38 689.38
92 689.38 689.38
93 689.38 689.38
94 689.38 689.38
95 689.38 689.38
96 689.38 689.38
97 689.38 689.38
98 689.38 689.38
99 689.38 689.38
100 689.38 689.38
101 689.38 689.38
102 689.38 689.38
103 689.38 689.38
104 689.38 689.38
105 689.38 689.38
106 689.38 689.38
107 689.38 689.38
108 689.38 689.38
109 689.38 689.38
110 689.38 689.38
111 689.38 689.38
112 689.38 689.38
113 689.38 689.38
114 689.38 689.38
115 689.38 689.38
116 689.38 689.38
117 689.38 689.38
118 689.38 689.38
119 689.38 689.38
120 689.38 689.38
121 689.38 689.38
122 689.38 689.38
123 689.38 689.38
124 689.38 689.38
125 689.38 689.38
126 689.38 689.38
127 689.38 689.38
128 689.38 689.38
129 689.38 689.38
130 689.38 689.38
131 689.38 689.38
132 689.38 689.38
133 689.38 689.38
134 689.38 689.38
135 689.38 689.38
136 689.38 689.38
137 689.38 689.38
138 689.38 689.38
139 689.38 689.38
140 689.38 689.38
141 689.38 689.38
142 689.38 689.38
143 689.38 689.38
144 689.38 689.38
145 689.38 689.38
146 689.38 689.38
147 689.38 689.38
148 689.38 689.38
149 689.38 689.38
150 689.38 689.38
151 689.38 689.38
152 689.38 689.38
153 689.38 689.38
154 689.38 689.38
155 689.38 689.38
156 689.38 689.38
157 689.38 689.38
158 689.38 689.38
159 689.38 689.38
160 689.38 689.38
161 689.38 689.38
162 689.38 689.38
163 689.38 689.38
164 689.38 689.38
165 689.38 689.38
166 689.38 689.38
167 689.38 689.38
168 689.38 689.38
169 689.38 689.38
170 689.38 689.38
171 689.38 689.38
172 689.38 689.38
173 689.38 689.38
174 689.38 689.38
175 689.38 689.38
176 689.38 689.38
177 689.38 689.38
178 689.38 689.38
179 689.38 689.38
180 689.38 689.38
181 689.38 689.38
182 689.38 689.38
183 689.38 689.38
184 689.38 689.38
185 689.38 689.38
186 689.38 689.38
187 689.38 689.38
188 689.38 689.38
189 689.38 689.38
190 689.38 689.38
191 689.38 689.38
192 689.38 689.38
193 689.38 689.38
194 689.38 689.38
195 689.38 689.38
196 689.38 689.38
197 689.38 689.38
198 689.38 689.38
199 689.38 689.38
200 689.38 689.38
201 689.38 689.38
202 689.38 689.38
203 689.38 689.38
204 689.38 689.38
205 689.38 689.38
206 689.38 689.38
207 689.38 689.38
208 689.38 689.38
209 689.38 689.38
210 689.38 689.38
211 689.38 689.38
212 689.38 689.38
213 689.38 689.38
214 689.38 689.38
215 689.38 689.38
216 689.38 689.38
217 689.38 689.38
218 689.38 689.38
219 689.38 689.38
220 689.38 689.38
221 689.38 689.38
222 689.38 689.38
223 689.38 689.38
224 689.38 689.38
225 689.38 689.38
226 689.38 689.38
227 689.38 689.38
228 689.38 689.38
229 689.38 689.38
230 689.38 689.38
231 689.38 689.38
232 689.38 689.38
233 689.38 689.38
234 689.38 689.38
235 689.38 689.38
236 689.38 689.38
237 689.38 689.38
238 689.38 689.38
239 689.38 689.38
240 689.38 689.38
241 689.38 689.38
242 689.38 689.38
243 689.38 689.38
244 689.38 689.38
245 689.38 689.38
246 689.38 689.38
247 689.38 689.38
248 689.38 689.38
249 689.38 689.38
250 689.38 689.38
251 689.38 689.38
252 689.38 689.38
253 689.38 689.38
254 689.38 689.38
255 689.38 689.38
256 689.38 689.38
257 689.38 689.38
258 689.38 689.38
259 689.38 689.38
260 689.38 689.38
261 689.38 689.38
262 689.38 689.38
263 689.38 689.38
264 689.38 689.38
265 689.38 689.38
266 689.38 689.38
267 689.38 689.38
268 689.38 689.38
269 689.38 689.38
270 689.38 689.38
271 689.38 689.38
272 689.38 689.38
273 689.38 689.38
274 689.38 689.38
275 689.38 689.38
276 689.38 689.38
277 689.38 689.38
278 689.38 689.38
279 689.38 689.38
280 689.38 689.38
281 689.38 689.38
282 689.38 689.38
283 689.38 689.38
284 689.38 689.38
285 689.38 689.38
286 689.38 689.38
287 689.38 689.38
288 689.38 689.38
289 689.38 689.38
290 689.38 689.38
291 689.38 689.38
292 689.38 689.38
293 689.38 689.38
294 689.38 689.38
295 689.38 689.38
296 689.38 689.38
297 689.38 689.38
298 689.38 689.38
299 689.38 689.38
300 689.38 689.38
301 689.38 689.38
302 689.38 689.38
303 689.38 689.38
304 689.38 689.38
305 689.38 689.38
306 689.38 689.38
307 689.38 689.38
308 689.38 689.38
309 689.38 689.38
310 689.38 689.38
311 689.38 689.38
312 689.38 689.38
313 689.38 689.38
314 689.38 689.38
315 689.38 689.38
316 689.38 689.38
317 689.38 689.38
318 689.38 689.38
319 689.38 689.38
320 689.38 689.38
321 689.38 689.38
322 689.38 689.38
323 689.38 689.38
324 689.38 689.38
325 689.38 689.38
326 689.38 689.38
327 689.38 689.38
328 689.38 689.38
329 689.38 689.38
330 689.38 689.38
331 689.38 689.38
332 689.38 689.38
333 689.38 689.38
334 689.38 689.38
335 689.38 689.38
336 689.38 689.38
337 689.38 689.38
338 689.38 689.38
339 689.38 689.38
340 689.38 689.38
341 689.38 689.38
342 689.38 689.38
343 689.38 689.38
344 689.38 689.38
345 689.38 689.38
346 689.38 689.38
347 689.38 689.38
348 689.38 689.38
349 689.38 689.38
350 689.38 689.38
351 689.38 689.38
352 689.38 689.38
353 689.38 689.38
354 689.38 689.38
355 689.38 689.38
356 689.38 689.38
357 689.38 689.38
358 689.38 689.38
359 689.38 689.38
360 689.38 689.38
361 689.38 689.38
362 689.38 689.38
363 689.38 689.38
364 689.38 689.38
365 689.38 689.38
366 689.38 689.38
367 689.38 689.38
368 689.38 689.38
369 689.38 689.38
370 689.38 689.38
371 689.38 689.38
372 689.38 689.38
373 689.38 689.38
374 689.38 689.38
375 689.38 689.38
376 689.38 689.38
377 689.38 689.38
378 689.38 689.38
379 689.38 689.38
380 689.38 689.38
381 689.38 689.38
382 689.38 689.38
383 689.38 689.38
384 689.38 689.38
385 689.38 689.38
386 689.38 689.38
387 689.38 689.38
388 689.38 689.38
389 689.38 689.38
390 689.38 689.38
391 689.38 689.38
392 689.38 689.38
393 689.38 689.38
394 689.38 689.38
395 689.38 689.38
396 689.38 689.38
397 689.38 689.38
398 689.38 689.38
399 689.38 689.38
400 689.38 689.38
401 689.38 689.38
402 689.38 689.38
403 689.38 689.38
404 689.38 689.38
405 689.38 689.38
406 689.38 689.38
407 689.38 689.38
408 689.38 689.38
409 689.38 689.38
410 689.38 689.38
411 689.38 689.38
412 689.38 689.38
413 689.38 689.38
414 689.38 689.38
415 689.38 689.38
416 689.38 689.38
417 689.38 689.38
418 689.38 689.38
419 689.38 689.38
420 689.38 689.38
421 689.38 689.38
422 689.38 689.38
423 689.38 689.38
424 689.38 689.38
425 689.38 689.38
426 689.38 689.38
427 689.38 689.38
428 689.38 689.38
429 689.38 689.38
430 689.38 689.38
431 689.38 689.38
432 689.38 689.38
433 689.38 689.38
434 689.38 689.38
435 689.38 689.38
436 689.38 689.38
437 689.38 689.38
438 689.38 689.38
439 689.38 689.38
440 689.38 689.38
441 689.38 689.38
442 689.38 689.38
443 689.38 689.38
444 689.38 689.38
445 689.38 689.38
446 689.38 689.38
447 689.38 689.38
448 689.38 689.38
449 689.38 689.38
450 689.38 689.38
451 689.38 689.38
452 689.38 689.38
453 689.38 689.38
454 689.38 689.38
455 689.38 689.38
456 689.38 689.38
457 689.38 689.38
458 689.38 689.38
459 689.38 689.38
460 689.38 689.38
461 689.38 689.38
462 689.38 689.38
463 689.38 689.38
464 689.38 689.38
465 689.38 689.38
466 689.38 689.38
467 689.38 689.38
468 689.38 689.38
469 689.38 689.38
470 689.38 689.38
471 689.38 689.38
472 689.38 689.38
473 689.38 689.38
474 689.38 689.38
475 689.38 689.38
476 689.38 689.38
477 689.38 689.38
478 689.38 689.38
479 689.38 689.38
480 689.38 689.38
481 689.38 689.38
482 689.38 689.38
483 689.38 689.38
484 689.38 689.38
485 689.38 689.38
486 689.38 689.38
487 689.38 689.38
488 689.38 689.38
489 689.38 689.38
490 689.38 689.38
491 689.38 689.38
492 689.38 689.38
493 689.38 689.38
494 689.38 689.38
495 689.38 689.38
496 689.38 689.38
497 689.38 689.38
498 689.38 689.38
499 689.38 689.38
500 689.38 689.38
501 689.38 689.38
502 689.38 689.38
503 689.38 689.38
504 689.38 689.38
505 689.38 689.38
506 689.38 689.38
507 689.38 689.38
508 689.38 689.38
509 689.38 689.38
510 689.38 689.38
511 689.38 689.38
512 689.38 689.38
513 689.38 689.38
514 689.38 689.38
515 689.38 689.38
516 689.38 689.38
517 689.38 689.38
518 689.38 689.38
519 689.38 689.38
520 689.38 689.38
521 689.38 689.38
522 689.38 689.38
523 689.38 689.38
524 689.38 689.38
525 689.38 689.38
526 689.38 689.38
527 689.38 689.38
528 689.38 689.38
529 689.38 689.38
530 689.38 689.38
531 689.38 689.38
532 689.38 689.38
533 689.38 689.38
534 689.38 689.38
535 689.38 689.38
536 689.38 689.38
537 689.38 689.38
538 689.38 689.38
539 689.38 689.38
540 689.38 689.38
541 689.38 689.38
542 689.38 689.38
543 689.38 689.38
544 689.38 689.38
545 689.38 689.38
546 689.38 689.38
547 689.38 689.38
548 689.38 689.38
549 689.38 689.38
550 689.38 689.38
551 689.38 689.38
552 689.38 689.38
553 689.38 689.38
554 689.38 689.38
555 689.38 689.38
556 689.38 689.38
557 689.38 689.38
558 689.38 689.38
559 689.38 689.38
560 689.38 689.38
561 689.38 689.38
562 689.38 689.38
563 689.38 689.38
564 689.38 689.38
565 689.38 689.38
566 689.38 689.38
567 689.38 689.38
568 689.38 689.38
569 689.38 689.38
570 689.38 689.38
571 689.38 689.38
572 689.38 689.38
573 689.38 689.38
574 689.38 689.38
575 689.38 689.38
576 689.38 689.38
577 689.38 689.38
578 689.38 689.38
579 689.38 689.38
580 689.38 689.38
581 689.38 689.38
582 689.38 689.38
583 689.38 689.38
584 689.38 689.38
585 689.38 689.38
586 689.38 689.38
587 689.38 689.38
588 689.38 689.38
589 689.38 689.38
590 689.38 689.38
591 689.38 689.38
592 689.38 689.38
593 689.38 689.38
594 689.38 689.38
595 689.38 689.38
596 689.38 689.38
597 689.38 689.38
598 689.38 689.38
599 689.38 689.38
600 689.38 689.38
601 689.38 689.38
602 689.38 689.38
603 689.38 689.38
604 689.38 689.38
605 689.38 689.38
606 689.38 689.38
607 689.38 689.38
608 689.38 689.38
609 689.38 689.38
610 689.38 689.38
611 689.38 689.38
612 689.38 689.38
613 689.38 689.38
614 689.38 689.38
615 689.38 689.38
616 689.38 689.38
617 689.38 689.38
618 689.38 689.38
619 689.38 689.38
620 689.38 689.38
621 689.38 689.38
622 689.38 689.38
623 689.38 689.38
624 689.38 689.38
625 689.38 689.38
626 689.38 689.38
627 689.38 689.38
628 689.38 689.38
629 689.38 689.38
630 689.38 689.38
631 689.38 689.38
632 689.38 689.38
633 689.38 689.38
634 689.38 689.38
635 689.38 689.38
636 689.38 689.38
637 689.38 689.38
638 689.38 689.38
639 689.38 689.38
640 689.38 689.38
641 689.38 689.38
642 689.38 689.38
643 689.38 689.38
644 689.38 689.38
645 689.38 689.38
646 689.38 689.38
647 689.38 689.38
648 689.38 689.38
649 689.38 689.38
650 689.38 689.38
651 689.38 689.38
652 689.38 689.38
653 689.38 689.38
654 689.38 689.38
655 689.38 689.38
656 689.38 689.38
657 689.38 689.38
658 689.38 689.38
659 689.38 689.38
660 689.38 689.38
661 689.38 689.38
662 689.38 689.38
663 689.38 689.38
664 689.38 689.38
665 689.38 689.38
666 689.38 689.38
667 689.38 689.38
668 689.38 689.38
669 689.38 689.38
670 689.38 689.38
671 689.38 689.38
672 689.38 689.38
673 689.38 689.38
674 689.38 689.38
675 689.38 689.38
676 689.38 689.38
677 689.38 689.38
678 689.38 689.38
679 689.38 689.38
680 689.38 689.38
681 689.38 689.38
682 689.38 689.38
683 689.38 689.38
684 689.38 689.38
685 689.38 689.38
686 689.38 689.38
687 689.38 689.38
688 689.38 689.38
689 689.38 689.38
690 689.38 689.38
691 689.38 689.38
692 689.38 689.38
693 689.38 689.38
694 689.38 689.38
695 689.38 689.38
696 689.38 689.38
697 689.38 689.38
698 689.38 689.38
699 689.38 689.38
700 689.38 689.38
701 689.38 689.38
702 689.38 689.38
703 689.38 689.38
704 689.38 689.38
705 689.38 689.38
706 689.38 689.38
707 689.38 689.38
708 689.38 689.38
709 689.38 689.38
710 689.38 689.38
711 689.38 689.38
712 689.38 689.38
713 689.38 689.38
714 689.38 689.38
715 689.38 689.38
716 689.38 689.38
717 689.38 689.38
718 689.38 689.38
719 689.38 689.38
720 689.38 689.38
721 689.38 689.38
722 689.38 689.38
723 689.38 689.38
724 689.38 689.38
725 689.38 689.38
726 689.38 689.38
727 689.38 689.38
728 689.38 689.38
729 689.38 689.38
730 689.38 689.38
731 689.38 689.38
732 689.38 689.38
733 689.38 689.38
734 689.38 689.38
735 689.38 689.38
736 689.38 689.38
737 689.38 689.38
738 689.38 689.38
739 689.38 689.38
740 689.38 689.38
741 689.38 689.38
742 689.38 689.38
743 689.38 689.38
744 689.38 689.38
745 689.38 689.38
746 689.38 689.38
747 689.38 689.38
748 689.38 689.38
749 689.38 689.38
750 689.38 689.38
751 689.38 689.38
752 689.38 689.38
753 689.38 689.38
754 689.38 689.38
755 689.38 689.38
756 689.38 689.38
757 689.38 689.38
758 689.38 689.38
759 689.38 689.38
760 689.38 689.38
761 689.38 689.38
762 689.38 689.38
763 689.38 689.38
764 689.38 689.38
765 689.38 689.38
766 689.38 689.38
767 689.38 689.38
768 689.38 689.38
769 689.38 689.38
770 689.38 689.38
771 689.38 689.38
772 689.38 689.38
773 689.38 689.38
774 689.38 689.38
775 689.38 689.38
776 689.38 689.38
777 689.38 689.38
778 689.38 689.38
779 689.38 689.38
780 689.38 689.38
781 689.38 689.38
782 689.38 689.38
783 689.38 689.38
784 689.38 689.38
785 689.38 689.38
786 689.38 689.38
787 689.38 689.38
788 689.38 689.38
789 689.38 689.38
790 689.38 689.38
791 689.38 689.38
792 689.38 689.38
793 689.38 689.38
794 689.38 689.38
795 689.38 689.38
796 689.38 689.38
797 689.38 689.38
798 689.38 689.38
799 689.38 689.38
800 689.38 689.38
801 689.38 689.38
802 689.38 689.38
803 689.38 689.38
804 689.38 689.38
805 689.38 689.38
806 689.38 689.38
807 689.38 689.38
808 689.38 689.38
809 689.38 689.38
810 689.38 689.38
811 689.38 689.38
812 689.38 689.38
813 689.38 689.38
814 689.38 689.38
815 689.38 689.38
816 689.38 689.38
817 689.38 689.38
818 689.38 689.38
819 689.38 689.38
820 689.38 689.38
821 689.38 689.38
822 689.38 689.38
823 689.38 689.38
824 689.38 689.38
825 689.38 689.38
826 689.38 689.38
827 689.38 689.38
828 689.38 689.38
829 689.38 689.38
830 689.38 689.38
831 689.38 689.38
832 689.38 689.38
833 689.38 689.38
834 689.38 689.38
835 689.38 689.38
836 689.38 689.38
837 689.38 689.38
838 689.38 689.38
839 689.38 689.38
840 689.38 689.38
841 689.38 689.38
842 689.38 689.38
843 689.38 689.38
844 689.38 689.38
845 689.38 689.38
846 689.38 689.38
847 689.38 689.38
848 689.38 689.38
849 689.38 689.38
850 689.38 689.38
851 689.38 689.38
852 689.38 689.38
853 689.38 689.38
854 689.38 689.38
855 689.38 689.38
856 689.38 689.38
857 689.38 689.38
858 689.38 689.38
859 689.38 689.38
860 689.38 689.38
861 689.38 689.38
862 689.38 689.38
863 689.38 689.38
864 689.38 689.38
865 689.38 689.38
866 689.38 689.38
867 689.38 689.38
868 689.38 689.38
869 689.38 689.38
870 689.38 689.38
871 689.38 689.38
872 689.38 689.38
873 689.38 689.38
874 689.38 689.38
875 689.38 689.38
876 689.38 689.38
877 689.38 689.38
878 689.38 689.38
879 689.38 689.38
880 689.38 689.38
881 689.38 689.38
882 689.38 689.38
883 689.38 689.38
884 689.38 689.38
885 689.38 689.38
886 689.38 689.38
887 689.38 689.38
888 689.38 689.38
889 689.38 689.38
890 689.38 689.38
891 689.38 689.38
892 689.38 689.38
893 689.38 689.38
894 689.38 689.38
895 689.38 689.38
896 689.38 689.38
897 689.38 689.38
898 689.38 689.38
899 689.38 689.38
900 689.38 689.38
901 689.38 689.38
902 689.38 689.38
903 689.38 689.38
904 689.38 689.38
905 689.38 689.38
906 689.38 689.38
907 689.38 689.38
908 689.38 689.38
909 689.38 689.38
910 689.38 689.38
911 689.38 689.38
912 689.38 689.38
913 689.38 689.38
914 689.38 689.38
915 689.38 689.38
916 689.38 689.38
917 689.38 689.38
918 689.38 689.38
919 689.38 689.38
920 689.38 689.38
921 689.38 689.38
922 689.38 689.38
923 689.38 689.38
924 689.38 689.38
925 689.38 689.38
926 689.38 689.38
927 689.38 689.38
928 689.38 689.38
929 689.38 689.38
930 689.38 689.38
931 689.38 689.38
932 689.38 689.38
933 689.38 689.38
934 689.38 689.38
935 689.38 689.38
936 689.38 689.38
937 689.38 689.38
938 689.38 689.38
939 689.38 689.38
940 689.38 689.38
941 689.38 689.38
942 689.38 689.38
943 689.38 689.38
944 689.38 689.38
945 689.38 689.38
946 689.38 689.38
947 689.38 689.38
948 689.38 689.38
949 689.38 689.38
950 689.38 689.38
951 689.38 689.38
952 689.38 689.38
953 689.38 689.38
954 689.38 689.38
955 689.38 689.38
956 689.38 689.38
957 689.38 689.38
958 689.38 689.38
959 689.38 689.38
960 689.38 689.38
961 689.38 689.38
962 689.38 689.38
963 689.38 689.38
964 689.38 689.38
965 689.38 689.38
966 689.38 689.38
967 689.38 689.38
968 689.38 689.38
969 689.38 689.38
970 689.38 689.38
971 689.38 689.38
972 689.38 689.38
973 689.38 689.38
974 689.38 689.38
975 689.38 689.38
976 689.38 689.38
977 689.38 689.38
978 689.38 689.38
979 689.38 689.38
980 689.38 689.38
981 689.38 689.38
982 689.38 689.38
983 689.38 689.38
984 689.38 689.38
985 689.38 689.38
986 689.38 689.38
987 689.38 689.38
988 689.38 689.38
989 689.38 689.38
990 689.38 689.38
991 689.38 689.38
992 689.38 689.38
993 689.38 689.38
994 689.38 689.38
995 689.38 689.38
996 689.38 689.38
997 689.38 689.38
998 689.38 689.38
999 689.38 689.38
1000 689.38 689.38
1001 689.38 689.38
1002 689.38 689.38
1003 689.38 689.38
1004 689.38 689.38
1005 689.38 689.38
1006 689.38 689.38
1007 689.38 689.38
1008 689.38 689.38
1009 689.38 689.38
1010 689.38 689.38
1011 689.38 689.38
1012 689.38 689.38
1013 689.38 689.38
1014 689.38 689.38
1015 689.38 689.38
1016 689.38 689.38
1017 689.38 689.38
1018 689.38 689.38
1019 689.38 689.38
1020 689.38 689.38
1021 689.38 689.38
1022 689.38 689.38
1023 689.38 689.38
1024 689.38 689.38
1025 689.38 689.38
1026 689.38 689.38
1027 689.38 689.38
1028 689.38 689.38
1029 689.38 689.38
1030 689.38 689.38
1031 689.38 689.38
1032 689.38 689.38
1033 689.38 689.38
1034 689.38 689.38
1035 689.38 689.38
1036 689.38 689.38
1037 689.38 689.38
1038 689.38 689.38
1039 689.38 689.38
1040 689.38 689.38
1041 689.38 689.38
1042 689.38 689.38
1043 689.38 689.38
1044 689.38 689.38
1045 689.38 689.38
1046 689.38 689.38
1047 689.38 689.38
1048 689.38 689.38
1049 689.38 689.38
1050 689.38 689.38
1051 689.38 689.38
1052 689.38 689.38
1053 689.38 689.38
1054 689.38 689.38
1055 689.38 689.38
1056 689.38 689.38
1057 689.38 689.38
1058 689.38 689.38
1059 689.38 689.38
1060 689.38 689.38
1061 689.38 689.38
1062 689.38 689.38
1063 689.38 689.38
1064 689.38 689.38
1065 689.38 689.38
1066 689.38 689.38
1067 689.38 689.38
1068 689.38 689.38
1069 689.38 689.38
1070 689.38 689.38
1071 689.38 689.38
1072 689.38 689.38
1073 689.38 689.38
1074 689.38 689.38
1075 689.38 689.38
1076 689.38 689.38
1077 689.38 689.38
1078 689.38 689.38
1079 689.38 689.38
1080 689.38 689.38
1081 689.38 689.38
1082 689.38 689.38
1083 689.38 689.38
1084 689.38 689.38
1085 689.38 689.38
1086 689.38 689.38
1087 689.38 689.38
1088 689.38 689.38
1089 689.38 689.38
1090 689.38 689.38
1091 689.38 689.38
1092 689.38 689.38
1093 689.38 689.38
1094 689.38 689.38
1095 689.38 689.38
1096 689.38 689.38
1097 689.38 689.38
1098 689.38 689.38
1099 689.38 689.38
1100 689.38 689.38
1101 689.38 689.38
1102 689.38 689.38
1103 689.38 689.38
1104 689.38 689.38
1105 689.38 689.38
1106 689.38 689.38
1107 689.38 689.38
1108 689.38 689.38
1109 689.38 689.38
1110 689.38 689.38
1111 689.38 689.38
1112 689.38 689.38
1113 689.38 689.38
1114 689.38 689.38
1115 689.38 689.38
1116 689.38 689.38
1117 689.38 689.38
1118 689.38 689.38
1119 689.38 689.38
1120 689.38 689.38
1121 689.38 689.38
1122 689.38 689.38
1123 689.38 689.38
1124 689.38 689.38
1125 689.38 689.38
1126 689.38 689.38
1127 689.38 689.38
1128 689.38 689.38
1129 689.38 689.38
1130 689.38 689.38
1131 689.38 689.38
1132 689.38 689.38
1133 689.38 689.38
1134 689.38 689.38
1135 689.38 689.38
1136 689.38 689.38
1137 689.38 689.38
1138 689.38 689.38
1139 689.38 689.38
1140 689.38 689.38
1141 689.38 689.38
1142 689.38 689.38
1143 689.38 689.38
1144 689.38 689.38
1145 689.38 689.38
1146 689.38 689.38
1147 689.38 689.38
1148 689.38 689.38
1149 689.38 689.38
1150 689.38 689.38
1151 689.38 689.38
1152 689.38 689.38
1153 689.38 689.38
1154 689.38 689.38
1155 689.38 689.38
1156 689.38 689.38
1157 689.38 689.38
1158 689.38 689.38
1159 689.38 689.38
1160 689.38 689.38
1161 689.38 689.38
1162 689.38 689.38
1163 689.38 689.38
1164 689.38 689.38
1165 689.38 689.38
1166 689.38 689.38
1167 689.38 689.38
1168 689.38 689.38
1169 689.38 689.38
1170 689.38 689.38
1171 689.38 689.38
1172 689.38 689.38
1173 689.38 689.38
1174 689.38 689.38
1175 689.38 689.38
1176 689.38 689.38
1177 689.38 689.38
1178 689.38 689.38
1179 689.38 689.38
1180 689.38 689.38
1181 689.38 689.38
1182 689.38 689.38
1183 689.38 689.38
1184 689.38 689.38
1185 689.38 689.38
1186 689.38 689.38
1187 689.38 689.38
1188 689.38 689.38
1189 689.38 689.38
1190 689.38 689.38
1191 689.38 689.38
1192 689.38 689.38
1193 689.38 689.38
1194 689.38 689.38
1195 689.38 689.38
1196 689.38 689.38
1197 689.38 689.38
1198 689.38 689.38
1199 689.38 689.38
1200 689.38 689.38
1201 689.38 689.38
1202 689.38 689.38
1203 689.38 689.38
1204 689.38 689.38
1205 689.38 689.38
1206 689.38 689.38
1207 689.38 689.38
1208 689.38 689.38
1209 689.38 689.38
1210 689.38 689.38
1211 689.38 689.38
1212 689.38 689.38
1213 689.38 689.38
1214 689.38 689.38
1215 689.38 689.38
1216 689.38 689.38
1217 689.38 689.38
1218 689.38 689.38
1219 689.38 689.38
1220 689.38 689.38
1221 689.38 689.38
1222 689.38 689.38
1223 689.38 689.38
1224 689.38 689.38
1225 689.38 689.38
1226 689.38 689.38
1227 689.38 689.38
1228 689.38 689.38
1229 689.38 689.38
1230 689.38 689.38
1231 689.38 689.38
1232 689.38 689.38
1233 689.38 689.38
1234 689.38 689.38
1235 689.38 689.38
1236 689.38 689.38
1237 689.38 689.38
1238 689.38 689.38
1239 689.38 689.38
1240 689.38 689.38
1241 689.38 689.38
1242 689.38 689.38
1243 689.38 689.38
1244 689.38 689.38
1245 689.38 689.38
1246 689.38 689.38
1247 689.38 689.38
1248 689.38 689.38
1249 689.38 689.38
1250 689.38 689.38
1251 689.38 689.38
1252 689.38 689.38
1253 689.38 689.38
1254 689.38 689.38
1255 689.38 689.38
1256 689.38 689.38
1257 689.38 689.38
1258 689.38 689.38
1259 689.38 689.38
1260 689.38 689.38
1261 689.38 689.38
1262 689.38 689.38
1263 689.38 689.38
1264 689.38 689.38
1265 689.38 689.38
1266 689.38 689.38
1267 689.38 689.38
1268 689.38 689.38
1269 689.38 689.38
1270 689.38 689.38
1271 689.38 689.38
1272 689.38 689.38
1273 689.38 689.38
1274 689.38 689.38
1275 689.38 689.38
1276 689.38 689.38
1277 689.38 689.38
1278 689.38 689.38
1279 689.38 689.38
1280 689.38 689.38
1281 689.38 689.38
1282 689.38 689.38
1283 689.38 689.38
1284 689.38 689.38
1285 689.38 689.38
1286 689.38 689.38
1287 689.38 689.38
1288 689.38 689.38
1289 689.38 689.38
1290 689.38 689.38
1291 689.38 689.38
1292 689.38 689.38
1293 689.38 689.38
1294 689.38 689.38
1295 689.38 689.38
1296 689.38 689.38
1297 689.38 689.38
1298 689.38 689.38
1299 689.38 689.38
1300 689.38 689.38
1301 689.38 689.38
1302 689.38 689.38
1303 689.38 689.38
1304 689.38 689.38
1305 689.38 689.38
1306 689.38 689.38
1307 689.38 689.38
1308 689.38 689.38
1309 689.38 689.38
1310 689.38 689.38
1311 689.38 689.38
1312 689.38 689.38
1313 689.38 689.38
1314 689.38 689.38
1315 689.38 689.38
1316 689.38 689.38
1317 689.38 689.38
1318 689.38 689.38
1319 689.38 689.38
1320 689.38 689.38
1321 689.38 689.38
1322 689.38 689.38
1323 689.38 689.38
1324 689.38 689.38
1325 689.38 689.38
1326 689.38 689.38
1327 689.38 689.38
1328 689.38 689.38
1329 689.38 689.38
1330 689.38 689.38
1331 689.38 689.38
1332 689.38 689.38
1333 689.38 689.38
1334 689.38 689.38
1335 689.38 689.38
1336 689.38 689.38
1337 689.38 689.38
1338 689.38 689.38
1339 689.38 689.38
1340 689.38 689.38
1341 689.38 689.38
1342 689.38 689.38
1343 689.38 689.38
1344 689.38 689.38
1345 689.38 689.38
1346 689.38 689.38
1347 689.38 689.38
1348 689.38 689.38
1349 689.38 689.38
1350 689.38 689.38
1351 689.38 689.38
1352 689.38 689.38
1353 689.38 689.38
1354 689.38 689.38
1355 689.38 689.38
1356 689.38 689.38
1357 689.38 689.38
1358 689.38 689.38
1359 689.38 689.38
1360 689.38 689.38
1361 689.38 689.38
1362 689.38 689.38
1363 689.38 689.38
1364 689.38 689.38
1365 689.38 689.38
1366 689.38 689.38
1367 689.38 689.38
1368 689.38 689.38
1369 689.38 689.38
1370 689.38 689.38
1371 689.38 689.38
1372 689.38 689.38
1373 689.38 689.38
1374 689.38 689.38
1375 689.38 689.38
1376 689.38 689.38
1377 689.38 689.38
1378 689.38 689.38
1379 689.38 689.38
1380 689.38 689.38
1381 689.38 689.38
1382 689.38 689.38
1383 689.38 689.38
1384 689.38 689.38
1385 689.38 689.38
1386 689.38 689.38
1387 689.38 689.38
1388 689.38 689.38
1389 689.38 689.38
1390 689.38 689.38
1391 689.38 689.38
1392 689.38 689.38
1393 689.38 689.38
1394 689.38 689.38
1395 689.38 689.38
1396 689.38 689.38
1397 689.38 689.38
1398 689.38 689.38
1399 689.38 689.38
1400 689.38 689.38
1401 689.38 689.38
1402 689.38 689.38
1403 689.38 689.38
1404 689.38 689.38
1405 689.38 689.38
1406 689.38 689.38
1407 689.38 689.38
1408 689.38 689.38
1409 689.38 689.38
1410 689.38 689.38
1411 689.38 689.38
1412 689.38 689.38
1413 689.38 689.38
1414 689.38 689.38
1415 689.38 689.38
1416 689.38 689.38
1417 689.38 689.38
1418 689.38 689.38
1419 689.38 689.38
1420 689.38 689.38
1421 689.38 689.38
1422 689.38 689.38
1423 689.38 689.38
1424 689.38 689.38
1425 689.38 689.38
1426 689.38 689.38
1427 689.38 689.38
1428 689.38 689.38
1429 689.38 689.38
1430 689.38 689.38
1431 689.38 689.38
1432 689.38 689.38
1433 689.38 689.38
1434 689.38 689.38
1435 689.38 689.38
1436 689.38 689.38
1437 689.38 689.38
1438 689.38 689.38
1439 689.38 689.38
1440 689.38 689.38
1441 689.38 689.38
1442 689.38 689.38
1443 689.38 689.38
1444 689.38 689.38
1445 689.38 689.38
1446 689.38 689.38
1447 689.38 689.38
1448 689.38 689.38
1449 689.38 689.38
1450 689.38 689.38
1451 689.38 689.38
1452 689.38 689.38
1453 689.38 689.38
1454 689.38 689.38
1455 689.38 689.38
1456 689.38 689.38
1457 689.38 689.38
1458 689.38 689.38
1459 689.38 689.38
1460 689.38 689.38
1461 689.38 689.38
1462 689.38 689.38
1463 689.38 689.38
1464 689.38 689.38
1465 689.38 689.38
1466 689.38 689.38
1467 689.38 689.38
1468 689.38 689.38
1469 689.38 689.38
1470 689.38 689.38
1471 689.38 689.38
1472 689.38 689.38
1473 689.38 689.38
1474 689.38 689.38
1475 689.38 689.38
1476 689.38 689.38
1477 689.38 689.38
1478 689.38 689.38
1479 689.38 689.38
1480 689.38 689.38
1481 689.38 689.38
1482 689.38 689.38
1483 689.38 689.38
1484 689.38 689.38
1485 689.38 689.38
1486 689.38 689.38
1487 689.38 689.38
1488 689.38 689.38
1489 689.38 689.38
1490 689.38 689.38
1491 689.38 689.38
1492 689.38 689.38
1493 689.38 689.38
1494 689.38 689.38
1495 689.38 689.38
1496 689.38 689.38
1497 689.38 689.38
1498 689.38 689.38
1499 689.38 689.38
1500 689.38 689.38
1501 689.38 689.38
1502 689.38 689.38
1503 689.38 689.38
1504 689.38 689.38
1505 689.38 689.38
1506 689.38 689.38
1507 689.38 689.38
1508 689.38 689.38
1509 689.38 689.38
1510 689.38 689.38
1511 689.38 689.38
1512 689.38 689.38
1513 689.38 689.38
1514 689.38 689.38
1515 689.38 689.38
1516 689.38 689.38
1517 689.38 689.38
1518 689.38 689.38
1519 689.38 689.38
1520 689.38 689.38
1521 689.38 689.38
1522 689.38 689.38
1523 689.38 689.38
1524 689.38 689.38
1525 689.38 689.38
1526 689.38 689.38
1527 689.38 689.38
1528 689.38 689.38
1529 689.38 689.38
1530 689.38 689.38
1531 689.38 689.38
1532 689.38 689.38
1533 689.38 689.38
1534 689.38 689.38
1535 689.38 689.38
1536 689.38 689.38
1537 689.38 689.38
1538 689.38 689.38
1539 689.38 689.38
1540 689.38 689.38
1541 689.38 689.38
1542 689.38 689.38
1543 689.38 689.38
1544 689.38 689.38
1545 689.38 689.38
1546 689.38 689.38
1547 689.38 689.38
1548 689.38 689.38
1549 689.38 689.38
1550 689.38 689.38
1551 689.38 689.38
1552 689.38 689.38
1553 689.38 689.38
1554 689.38 689.38
1555 689.38 689.38
1556 689.38 689.38
1557 689.38 689.38
1558 689.38 689.38
1559 689.38 689.38
1560 689.38 689.38
1561 689.38 689.38
1562 689.38 689.38
1563 689.38 689.38
1564 689.38 689.38
1565 689.38 689.38
1566 689.38 689.38
1567 689.38 689.38
1568 689.38 689.38
1569 689.38 689.38
1570 689.38 689.38
1571 689.38 689.38
1572 689.38 689.38
1573 689.38 689.38
1574 689.38 689.38
1575 689.38 689.38
1576 689.38 689.38
1577 689.38 689.38
1578 689.38 689.38
1579 689.38 689.38
1580 689.38 689.38
1581 689.38 689.38
1582 689.38 689.38
1583 689.38 689.38
1584 689.38 689.38
1585 689.38 689.38
1586 689.38 689.38
1587 689.38 689.38
1588 689.38 689.38
1589 689.38 689.38
1590 689.38 689.38
1591 689.38 689.38
1592 689.38 689.38
1593 689.38 689.38
1594 689.38 689.38
1595 689.38 689.38
1596 689.38 689.38
1597 689.38 689.38
1598 689.38 689.38
1599 689.38 689.38
1600 689.38 689.38
1601 689.38 689.38
1602 689.38 689.38
1603 689.38 689.38
1604 689.38 689.38
1605 689.38 689.38
1606 689.38 689.38
1607 689.38 689.38
1608 689.38 689.38
1609 689.38 689.38
1610 689.38 689.38
1611 689.38 689.38
1612 689.38 689.38
1613 689.38 689.38
1614 689.38 689.38
1615 689.38 689.38
1616 689.38 689.38
1617 689.38 689.38
1618 689.38 689.38
1619 689.38 689.38
1620 689.38 689.38
1621 689.38 689.38
1622 689.38 689.38
1623 689.38 689.38
1624 689.38 689.38
1625 689.38 689.38
1626 689.38 689.38
1627 689.38 689.38
1628 689.38 689.38
1629 689.38 689.38
1630 689.38 689.38
1631 689.38 689.38
1632 689.38 689.38
1633 689.38 689.38
1634 689.38 689.38
1635 689.38 689.38
1636 689.38 689.38
1637 689.38 689.38
1638 689.38 689.38
1639 689.38 689.38
1640 689.38 689.38
1641 689.38 689.38
1642 689.38 689.38
1643 689.38 689.38
1644 689.38 689.38
1645 689.38 689.38
1646 689.38 689.38
1647 689.38 689.38
1648 689.38 689.38
1649 689.38 689.38
1650 689.38 689.38
1651 689.38 689.38
1652 689.38 689.38
1653 689.38 689.38
1654 689.38 689.38
1655 689.38 689.38
1656 689.38 689.38
1657 689.38 689.38
1658 689.38 689.38
1659 689.38 689.38
1660 689.38 689.38
1661 689.38 689.38
1662 689.38 689.38
1663 689.38 689.38
1664 689.38 689.38
1665 689.38 689.38
1666 689.38 689.38
1667 689.38 689.38
1668 689.38 689.38
1669 689.38 689.38
1670 689.38 689.38
1671 689.38 689.38
1672 689.38 689.38
1673 689.38 689.38
1674 689.38 689.38
1675 689.38 689.38
1676 689.38 689.38
1677 689.38 689.38
1678 689.38 689.38
1679 689.38 689.38
1680 689.38 689.38
1681 689.38 689.38
1682 689.38 689.38
1683 689.38 689.38
1684 689.38 689.38
1685 689.38 689.38
1686 689.38 689.38
1687 689.38 689.38
1688 689.38 689.38
1689 689.38 689.38
1690 689.38 689.38
1691 689.38 689.38
1692 689.38 689.38
1693 689.38 689.38
1694 689.38 689.38
1695 689.38 689.38
1696 689.38 689.38
1697 689.38 689.38
1698 689.38 689.38
1699 689.38 689.38
1700 689.38 689.38
1701 689.38 689.38
1702 689.38 689.38
1703 689.38 689.38
1704 689.38 689.38
1705 689.38 689.38
1706 689.38 689.38
1707 689.38 689.38
1708 689.38 689.38
1709 689.38 689.38
1710 689.38 689.38
1711 689.38 689.38
1712 689.38 689.38
1713 689.38 689.38
1714 689.38 689.38
1715 689.38 689.38
1716 689.38 689.38
1717 689.38 689.38
1718 689.38 689.38
1719 689.38 689.38
1720 689.38 689.38
1721 689.38 689.38
1722 689.38 689.38
1723 689.38 689.38
1724 689.38 689.38
1725 689.38 689.38
1726 689.38 689.38
1727 689.38 689.38
1728 689.38 689.38
1729 689.38 689.38
1730 689.38 689.38
1731 689.38 689.38
1732 689.38 689.38
1733 689.38 689.38
1734 689.38 689.38
1735 689.38 689.38
1736 689.38 689.38
1737 689.38 689.38
1738 689.38 689.38
1739 689.38 689.38
1740 689.38 689.38
1741 689.38 689.38
1742 689.38 689.38
1743 689.38 689.38
1744 689.38 689.38
1745 689.38 689.38
1746 689.38 689.38
1747 689.38 689.38
1748 689.38 689.38
1749 689.38 689.38
1750 689.38 689.38
1751 689.38 689.38
1752 689.38 689.38
1753 689.38 689.38
1754 689.38 689.38
1755 689.38 689.38
1756 689.38 689.38
1757 689.38 689.38
1758 689.38 689.38
1759 689.38 689.38
1760 689.38 689.38
1761 689.38 689.38
1762 689.38 689.38
1763 689.38 689.38
1764 689.38 689.38
1765 689.38 689.38
1766 689.38 689.38
1767 689.38 689.38
1768 689.38 689.38
1769 689.38 689.38
1770 689.38 689.38
1771 689.38 689.38
1772 689.38 689.38
1773 689.38 689.38
1774 689.38 689.38
1775 689.38 689.38
1776 689.38 689.38
1777 689.38 689.38
1778 689.38 689.38
1779 689.38 689.38
1780 689.38 689.38
1781 689.38 689.38
1782 689.38 689.38
1783 689.38 689.38
1784 689.38 689.38
1785 689.38 689.38
1786 689.38 689.38
1787 689.38 689.38
1788 689.38 689.38
1789 689.38 689.38
1790 689.38 689.38
1791 689.38 689.38
1792 689.38 689.38
1793 689.38 689.38
1794 689.38 689.38
1795 689.38 689.38
1796 689.38 689.38
1797 689.38 689.38
1798 689.38 689.38
1799 689.38 689.38
1800 689.38 689.38
1801 689.38 689.38
1802 689.38 689.38
1803 689.38 689.38
1804 689.38 689.38
1805 689.38 689.38
1806 689.38 689.38
1807 689.38 689.38
1808 689.38 689.38
1809 689.38 689.38
1810 689.38 689.38
1811 689.38 689.38
1812 689.38 689.38
1813 689.38 689.38
1814 689.38 689.38
1815 689.38 689.38
1816 689.38 689.38
1817 689.38 689.38
1818 689.38 689.38
1819 689.38 689.38
1820 689.38 689.38
1821 689.38 689.38
1822 689.38 689.38
1823 689.38 689.38
1824 689.38 689.38
1825 689.38 689.38
1826 689.38 689.38
1827 689.38 689.38
1828 689.38 689.38
1829 689.38 689.38
1830 689.38 689.38
1831 689.38 689.38
1832 689.38 689.38
1833 689.38 689.38
1834 689.38 689.38
1835 689.38 689.38
1836 689.38 689.38
1837 689.38 689.38
1838 689.38 689.38
1839 689.38 689.38
1840 689.38 689.38
1841 689.38 689.38
1842 689.38 689.38
1843 689.38 689.38
1844 689.38 689.38
1845 689.38 689.38
1846 689.38 689.38
1847 689.38 689.38
1848 689.38 689.38
1849 689.38 689.38
1850 689.38 689.38
1851 689.38 689.38
1852 689.38 689.38
1853 689.38 689.38
1854 689.38 689.38
1855 689.38 689.38
1856 689.38 689.38
1857 689.38 689.38
1858 689.38 689.38
1859 689.38 689.38
1860 689.38 689.38
1861 689.38 689.38
1862 689.38 689.38
1863 689.38 689.38
1864 689.38 689.38
1865 689.38 689.38
1866 689.38 689.38
1867 689.38 689.38
1868 689.38 689.38
1869 689.38 689.38
1870 689.38 689.38
1871 689.38 689.38
1872 689.38 689.38
1873 689.38 689.38
1874 689.38 689.38
1875 689.38 689.38
1876 689.38 689.38
1877 689.38 689.38
1878 689.38 689.38
1879 689.38 689.38
1880 689.38 689.38
1881 689.38 689.38
1882 689.38 689.38
1883 689.38 689.38
1884 689.38 689.38
1885 689.38 689.38
1886 689.38 689.38
1887 689.38 689.38
1888 689.38 689.38
1889 689.38 689.38
1890 689.38 689.38
1891 689.38 689.38
1892 689.38 689.38
1893 689.38 689.38
1894 689.38 689.38
1895 689.38 689.38
1896 689.38 689.38
1897 689.38 689.38
1898 689.38 689.38
1899 689.38 689.38
1900 689.38 689.38
1901 689.38 689.38
1902 689.38 689.38
1903 689.38 689.38
1904 689.38 689.38
1905 689.38 689.38
1906 689.38 689.38
1907 689.38 689.38
1908 689.38 689.38
1909 689.38 689.38
1910 689.38 689.38
1911 689.38 689.38
1912 689.38 689.38
1913 689.38 689.38
1914 689.38 689.38
1915 689.38 689.38
1916 689.38 689.38
1917 689.38 689.38
1918 689.38 689.38
1919 689.38 689.38
1920 689.38 689.38
1921 689.38 689.38
1922 689.38 689.38
1923 689.38 689.38
1924 689.38 689.38
1925 689.38 689.38
1926 689.38 689.38
1927 689.38 689.38
1928 689.38 689.38
1929 689.38 689.38
1930 689.38 689.38
1931 689.38 689.38
1932 689.38 689.38
1933 689.38 689.38
1934 689.38 689.38
1935 689.38 689.38
1936 689.38 689.38
1937 689.38 689.38
1938 689.38 689.38
1939 689.38 689.38
1940 689.38 689.38
1941 689.38 689.38
1942 689.38 689.38
1943 689.38 689.38
1944 689.38 689.38
1945 689.38 689.38
1946 689.38 689.38
1947 689.38 689.38
1948 689.38 689.38
1949 689.38 689.38
1950 689.38 689.38
1951 689.38 689.38
1952 689.38 689.38
1953 689.38 689.38
1954 689.38 689.38
1955 689.38 689.38
1956 689.38 689.38
1957 689.38 689.38
1958 689.38 689.38
1959 689.38 689.38
1960 689.38 689.38
1961 689.38 689.38
1962 689.38 689.38
1963 689.38 689.38
1964 689.38 689.38
1965 689.38 689.38
1966 689.38 689.38
1967 689.38 689.38
1968 689.38 689.38
1969 689.38 689.38
1970 689.38 689.38
1971 689.38 689.38
1972 689.38 689.38
1973 689.38 689.38
1974 689.38 689.38
1975 689.38 689.38
1976 689.38 689.38
1977 689.38 689.38
1978 689.38 689.38
1979 689.38 689.38
1980 689.38 689.38
1981 689.38 689.38
1982 689.38 689.38
1983 689.38 689.38
1984 689.38 689.38
1985 689.38 689.38
1986 689.38 689.38
1987 689.38 689.38
1988 689.38 689.38
1989 689.38 689.38
1990 689.38 689.38
1991 689.38 689.38
1992 689.38 689.38
1993 689.38 689.38
1994 689.38 689.38
1995 689.38 689.38
1996 689.38 689.38
1997 689.38 689.38
1998 689.38 689.38
1999 689.38 689.38
2000 689.38 689.38
2001 689.38 689.38
2002 689.38 689.38
2003 689.38 689.38
2004 689.38 689.38
2005 689.38 689.38
2006 689.38 689.38
2007 689.38 689.38
2008 689.38 689.38
2009 689.38 689.38
2010 689.38 689.38
2011 689.38 689.38
2012 689.38 689.38
2013 689.38 689.38
2014 689.38 689.38
2015 689.38 689.38
2016 689.38 689.38
2017 689.38 689.38
2018 689.38 689.38
2019 689.38 689.38
2020 689.38 689.38
2021 689.38 689.38
2022 689.38 689.38
2023 689.38 689.38
2024 689.38 689.38
2025 689.38 689.38
2026 689.38 689.38
2027 689.38 689.38
2028 689.38 689.38
2029 689.38 689.38
2030 689.38 689.38
2031 689.38 689.38
2032 689.38 689.38
2033 689.38 689.38
2034 689.38 689.38
2035 689.38 689.38
2036 689.38 689.38
2037 689.38 689.38
2038 689.38 689.38
2039 689.38 689.38
2040 689.38 689.38
2041 689.38 689.38
2042 689.38 689.38
2043 689.38 689.38
2044 689.38 689.38
2045 689.38 689.38
2046 689.38 689.38
2047 689.38 689.38
2048 689.38 689.38
2049 689.38 689.38
2050 689.38 689.38
2051 689.38 689.38
2052 689.38 689.38
2053 689.38 689.38
2054 689.38 689.38
2055 689.38 689.38
2056 689.38 689.38
2057 689.38 689.38
2058 689.38 689.38
2059 689.38 689.38
2060 689.38 689.38
2061 689.38 689.38
2062 689.38 689.38
2063 689.38 689.38
2064 689.38 689.38
2065 689.38 689.38
2066 689.38 689.38
2067 689.38 689.38
2068 689.38 689.38
2069 689.38 689.38
2070 689.38 689.38
2071 689.38 689.38
2072 689.38 689.38
2073 689.38 689.38
2074 689.38 689.38
2075 689.38 689.38
2076 689.38 689.38
2077 689.38 689.38
2078 689.38 689.38
2079 689.38 689.38
2080 689.38 689.38
2081 689.38 689.38
2082 689.38 689.38
2083 689.38 689.38
2084 689.38 689.38
2085 689.38 689.38
2086 689.38 689.38
2087 689.38 689.38
2088 689.38 689.38
2089 689.38 689.38
2090 689.38 689.38
2091 689.38 689.38
2092 689.38 689.38
2093 689.38 689.38
2094 689.38 689.38
2095 689.38 689.38
2096 689.38 689.38
2097 689.38 689.38
2098 689.38 689.38
2099 689.38 689.38
2100 689.38 689.38
2101 689.38 689.38
2102 689.38 689.38
2103 689.38 689.38
2104 689.38 689.38
2105 689.38 689.38
2106 689.38 689.38
2107 689.38 689.38
2108 689.38 689.38
2109 689.38 689.38
2110 689.38 689.38
2111 689.38 689.38
2112 689.38 689.38
2113 689.38 689.38
2114 689.38 689.38
2115 689.38 689.38
2116 689.38 689.38
2117 689.38 689.38
2118 689.38 689.38
2119 689.38 689.38
2120 689.38 689.38
2121 689.38 689.38
2122 689.38 689.38
2123 689.38 689.38
2124 689.38 689.38
2125 689.38 689.38
2126 689.38 689.38
2127 689.38 689.38
2128 689.38 689.38
2129 689.38 689.38
2130 689.38 689.38
2131 689.38 689.38
2132 689.38 689.38
2133 689.38 689.38
2134 689.38 689.38
2135 689.38 689.38
2136 689.38 689.38
2137 689.38 689.38
2138 689.38 689.38
2139 689.38 689.38
2140 689.38 689.38
2141 689.38 689.38
2142 689.38 689.38
2143 689.38 689.38
2144 689.38 689.38
2145 689.38 689.38
2146 689.38 689.38
2147 689.38 689.38
2148 689.38 689.38
2149 689.38 689.38
2150 689.38 689.38
2151 689.38 689.38
2152 689.38 689.38
2153 689.38 689.38
2154 689.38 689.38
2155 689.38 689.38
2156 689.38 689.38
2157 689.38 689.38
2158 689.38 689.38
2159 689.38 689.38
2160 689.38 689.38
2161 689.38 689.38
2162 689.38 689.38
2163 689.38 689.38
2164 689.38 689.38
2165 689.38 689.38
2166 689.38 689.38
2167 689.38 689.38
2168 689.38 689.38
2169 689.38 689.38
2170 689.38 689.38
2171 689.38 689.38
2172 689.38 689.38
2173 689.38 689.38
2174 689.38 689.38
2175 689.38 689.38
2176 689.38 689.38
2177 689.38 689.38
2178 689.38 689.38
2179 689.38 689.38
2180 689.38 689.38
2181 689.38 689.38
2182 689.38 689.38
2183 689.38 689.38
2184 689.38 689.38
2185 689.38 689.38
2186 689.38 689.38
2187 689.38 689.38
2188 689.38 689.38
2189 689.38 689.38
2190 689.38 689.38
2191 689.38 689.38
2192 689.38 689.38
2193 689.38 689.38
2194 689.38 689.38
2195 689.38 689.38
2196 689.38 689.38
2197 689.38 689.38
2198 689.38 689.38
2199 689.38 689.38
2200 689.38 689.38
2201 689.38 689.38
2202 689.38 689.38
2203 689.38 689.38
2204 689.38 689.38
2205 689.38 689.38
2206 689.38 689.38
2207 689.38 689.38
2208 689.38 689.38
2209 689.38 689.38
2210 689.38 689.38
2211 689.38 689.38
2212 689.38 689.38
2213 689.38 689.38
2214 689.38 689.38
2215 689.38 689.38
2216 689.38 689.38
2217 689.38 689.38
2218 689.38 689.38
2219 689.38 689.38
2220 689.38 689.38
2221 689.38 689.38
2222 689.38 689.38
2223 689.38 689.38
2224 689.38 689.38
2225 689.38 689.38
2226 689.38 689.38
2227 689.38 689.38
2228 689.38 689.38
2229 689.38 689.38
2230 689.38 689.38
2231 689.38 689.38
2232 689.38 689.38
2233 689.38 689.38
2234 689.38 689.38
2235 689.38 689.38
2236 689.38 689.38
2237 689.38 689.38
2238 689.38 689.38
2239 689.38 689.38
2240 689.38 689.38
2241 689.38 689.38
2242 689.38 689.38
2243 689.38 689.38
2244 689.38 689.38
2245 689.38 689.38
2246 689.38 689.38
2247 689.38 689.38
2248 689.38 689.38
2249 689.38 689.38
2250 689.38 689.38
2251 689.38 689.38
2252 689.38 689.38
2253 689.38 689.38
2254 689.38 689.38
2255 689.38 689.38
2256 689.38 689.38
2257 689.38 689.38
2258 689.38 689.38
2259 689.38 689.38
2260 689.38 689.38
2261 689.38 689.38
2262 689.38 689.38
2263 689.38 689.38
2264 689.38 689.38
2265 689.38 689.38
2266 689.38 689.38
2267 689.38 689.38
2268 689.38 689.38
2269 689.38 689.38
2270 689.38 689.38
2271 689.38 689.38
2272 689.38 689.38
2273 689.38 689.38
2274 689.38 689.38
2275 689.38 689.38
2276 689.38 689.38
2277 689.38 689.38
2278 689.38 689.38
2279 689.38 689.38
2280 689.38 689.38
2281 689.38 689.38
2282 689.38 689.38
2283 689.38 689.38
2284 689.38 689.38
2285 689.38 689.38
2286 689.38 689.38
2287 689.38 689.38
2288 689.38 689.38
2289 689.38 689.38
2290 689.38 689.38
2291 689.38 689.38
2292 689.38 689.38
2293 689.38 689.38
2294 689.38 689.38
2295 689.38 689.38
2296 689.38 689.38
2297 689.38 689.38
2298 689.38 689.38
2299 689.38 689.38
2300 689.38 689.38
2301 689.38 689.38
2302 689.38 689.38
2303 689.38 689.38
2304 689.38 689.38
2305 689.38 689.38
2306 689.38 689.38
2307 689.38 689.38
2308 689.38 689.38
2309 689.38 689.38
2310 689.38 689.38
2311 689.38 689.38
2312 689.38 689.38
2313 689.38 689.38
2314 689.38 689.38
2315 689.38 689.38
2316 689.38 689.38
2317 689.38 689.38
2318 689.38 689.38
2319 689.38 689.38
2320 689.38 689.38
2321 689.38 689.38
2322 689.38 689.38
2323 689.38 689.38
2324 689.38 689.38
2325 689.38 689.38
2326 689.38 689.38
2327 689.38 689.38
2328 689.38 689.38
2329 689.38 689.38
2330 689.38 689.38
2331 689.38 689.38
2332 689.38 689.38
2333 689.38 689.38
2334 689.38 689.38
2335 689.38 689.38
2336 689.38 689.38
2337 689.38 689.38
2338 689.38 689.38
2339 689.38 689.38
2340 689.38 689.38
2341 689.38 689.38
2342 689.38 689.38
2343 689.38 689.38
2344 689.38 689.38
2345 689.38 689.38
2346 689.38 689.38
2347 689.38 689.38
2348 689.38 689.38
2349 689.38 689.38
2350 689.38 689.38
2351 689.38 689.38
2352 689.38 689.38
2353 689.38 689.38
2354 689.38 689.38
2355 689.38 689.38
2356 689.38 689.38
2357 689.38 689.38
2358 689.38 689.38
2359 689.38 689.38
2360 689.38 689.38
2361 689.38 689.38
2362 689.38 689.38
2363 689.38 689.38
2364 689.38 689.38
2365 689.38 689.38
2366 689.38 689.38
2367 689.38 689.38
2368 689.38 689.38
2369 689.38 689.38
2370 689.38 689.38
2371 689.38 689.38
2372 689.38 689.38
2373 689.38 689.38
2374 689.38 689.38
2375 689.38 689.38
2376 689.38 689.38
2377 689.38 689.38
2378 689.38 689.38
2379 689.38 689.38
2380 689.38 689.38
2381 689.38 689.38
2382 689.38 689.38
2383 689.38 689.38
2384 689.38 689.38
2385 689.38 689.38
2386 689.38 689.38
2387 689.38 689.38
2388 689.38 689.38
2389 689.38 689.38
2390 689.38 689.38
2391 689.38 689.38
2392 689.38 689.38
2393 689.38 689.38
2394 689.38 689.38
2395 689.38 689.38
2396 689.38 689.38
2397 689.38 689.38
2398 689.38 689.38
2399 689.38 689.38
2400 689.38 689.38
2401 689.38 689.38
2402 689.38 689.38
2403 689.38 689.38
2404 689.38 689.38
2405 689.38 689.38
2406 689.38 689.38
2407 689.38 689.38
2408 689.38 689.38
2409 689.38 689.38
2410 689.38 689.38
2411 689.38 689.38
2412 689.38 689.38
2413 689.38 689.38
2414 689.38 689.38
2415 689.38 689.38
2416 689.38 689.38
2417 689.38 689.38
2418 689.38 689.38
2419 689.38 689.38
2420 689.38 689.38
2421 689.38 689.38
2422 689.38 689.38
2423 689.38 689.38
2424 689.38 689.38
2425 689.38 689.38
2426 689.38 689.38
2427 689.38 689.38
2428 689.38 689.38
2429 689.38 689.38
2430 689.38 689.38
2431 689.38 689.38
2432 689.38 689.38
2433 689.38 689.38
2434 689.38 689.38
2435 689.38 689.38
2436 689.38 689.38
2437 689.38 689.38
2438 689.38 689.38
2439 689.38 689.38
2440 689.38 689.38
2441 689.38 689.38
2442 689.38 689.38
2443 689.38 689.38
2444 689.38 689.38
2445 689.38 689.38
2446 689.38 689.38
2447 689.38 689.38
2448 689.38 689.38
2449 689.38 689.38
2450 689.38 689.38
2451 689.38 689.38
2452 689.38 689.38
2453 689.38 689.38
2454 689.38 689.38
2455 689.38 689.38
2456 689.38 689.38
2457 689.38 689.38
2458 689.38 689.38
2459 689.38 689.38
2460 689.38 689.38
2461 689.38 689.38
2462 689.38 689.38
2463 689.38 689.38
2464 689.38 689.38
2465 689.38 689.38
2466 689.38 689.38
2467 689.38 689.38
2468 689.38 689.38
2469 689.38 689.38
2470 689.38 689.38
2471 689.38 689.38
2472 689.38 689.38
2473 689.38 689.38
2474 689.38 689.38
2475 689.38 689.38
2476 689.38 689.38
2477 689.38 689.38
2478 689.38 689.38
2479 689.38 689.38
2480 689.38 689.38
2481 689.38 689.38
2482 689.38 689.38
2483 689.38 689.38
2484 689.38 689.38
2485 689.38 689.38
2486 689.38 689.38
2487 689.38 689.38
2488 689.38 689.38
2489 689.38 689.38
2490 689.38 689.38
2491 689.38 689.38
2492 689.38 689.38
2493 689.38 689.38
2494 689.38 689.38
2495 689.38 689.38
2496 689.38 689.38
2497 689.38 689.38
2498 689.38 689.38
2499 689.38 689.38
2500 689.38 689.38
2501 689.38 689.38
2502 689.38 689.38
2503 689.38 689.38
2504 689.38 689.38
2505 689.38 689.38
2506 689.38 689.38
2507 689.38 689.38
2508 689.38 689.38
2509 689.38 689.38
2510 689.38 689.38
2511 689.38 689.38
2512 689.38 689.38
2513 689.38 689.38
2514 689.38 689.38
2515 689.38 689.38
2516 689.38 689.38
2517 689.38 689.38
2518 689.38 689.38
2519 689.38 689.38
2520 689.38 689.38
2521 689.38 689.38
2522 689.38 689.38
2523 689.38 689.38
2524 689.38 689.38
2525 689.38 689.38
2526 689.38 689.38
2527 689.38 689.38
2528 689.38 689.38
2529 689.38 689.38
2530 689.38 689.38
2531 689.38 689.38
2532 689.38 689.38
2533 689.38 689.38
2534 689.38 689.38
2535 689.38 689.38
2536 689.38 689.38
2537 689.38 689.38
2538 689.38 689.38
2539 689.38 689.38
2540 689.38 689.38
2541 689.38 689.38
2542 689.38 689.38
2543 689.38 689.38
2544 689.38 689.38
2545 689.38 689.38
2546 689.38 689.38
2547 689.38 689.38
2548 689.38 689.38
2549 689.38 689.38
2550 689.38 689.38
2551 689.38 689.38
2552 689.38 689.38
2553 689.38 689.38
2554 689.38 689.38
2555 689.38 689.38
2556 689.38 689.38
2557 689.38 689.38
2558 689.38 689.38
2559 689.38 689.38
2560 689.38 689.38
2561 689.38 689.38
2562 689.38 689.38
2563 689.38 689.38
2564 689.38 689.38
2565 689.38 689.38
2566 689.38 689.38
2567 689.38 689.38
2568 689.38 689.38
2569 689.38 689.38
2570 689.38 689.38
2571 689.38 689.38
2572 689.38 689.38
2573 689.38 689.38
2574 689.38 689.38
2575 689.38 689.38
2576 689.38 689.38
2577 689.38 689.38
2578 689.38 689.38
2579 689.38 689.38
2580 689.38 689.38
2581 689.38 689.38
2582 689.38 689.38
2583 689.38 689.38
2584 689.38 689.38
2585 689.38 689.38
2586 689.38 689.38
2587 689.38 689.38
2588 689.38 689.38
2589 689.38 689.38
2590 689.38 689.38
2591 689.38 689.38
2592 689.38 689.38
2593 689.38 689.38
2594 689.38 689.38
2595 689.38 689.38
2596 689.38 689.38
2597 689.38 689.38
2598 689.38 689.38
2599 689.38 689.38
2600 689.38 689.38
2601 689.38 689.38
2602 689.38 689.38
2603 689.38 689.38
2604 689.38 689.38
2605 689.38 689.38
2606 689.38 689.38
2607 689.38 689.38
2608 689.38 689.38
2609 689.38 689.38
2610 689.38 689.38
2611 689.38 689.38
2612 689.38 689.38
2613 689.38 689.38
2614 689.38 689.38
2615 689.38 689.38
2616 689.38 689.38
2617 689.38 689.38
2618 689.38 689.38
2619 689.38 689.38
2620 689.38 689.38
2621 689.38 689.38
2622 689.38 689.38
2623 689.38 689.38
2624 689.38 689.38
2625 689.38 689.38
2626 689.38 689.38
2627 689.38 689.38
2628 689.38 689.38
2629 689.38 689.38
2630 689.38 689.38
2631 689.38 689.38
2632 689.38 689.38
2633 689.38 689.38
2634 689.38 689.38
2635 689.38 689.38
2636 689.38 689.38
2637 689.38 689.38
2638 689.38 689.38
2639 689.38 689.38
2640 689.38 689.38
2641 689.38 689.38
2642 689.38 689.38
2643 689.38 689.38
2644 689.38 689.38
2645 689.38 689.38
2646 689.38 689.38
2647 689.38 689.38
2648 689.38 689.38
2649 689.38 689.38
2650 689.38 689.38
2651 689.38 689.38
2652 689.38 689.38
2653 689.38 689.38
2654 689.38 689.38
2655 689.38 689.38
2656 689.38 689.38
2657 689.38 689.38
2658 689.38 689.38
2659 689.38 689.38
2660 689.38 689.38
2661 689.38 689.38
2662 689.38 689.38
2663 689.38 689.38
2664 689.38 689.38
2665 689.38 689.38
2666 689.38 689.38
2667 689.38 689.38
2668 689.38 689.38
2669 689.38 689.38
2670 689.38 689.38
2671 689.38 689.38
2672 689.38 689.38
2673 689.38 689.38
2674 689.38 689.38
2675 689.38 689.38
2676 689.38 689.38
2677 689.38 689.38
2678 689.38 689.38
2679 689.38 689.38
2680 689.38 689.38
2681 689.38 689.38
2682 689.38 689.38
2683 689.38 689.38
2684 689.38 689.38
2685 689.38 689.38
2686 689.38 689.38
2687 689.38 689.38
2688 689.38 689.38
2689 689.38 689.38
2690 689.38 689.38
2691 689.38 689.38
2692 689.38 689.38
2693 689.38 689.38
2694 689.38 689.38
2695 689.38 689.38
2696 689.38 689.38
2697 689.38 689.38
2698 689.38 689.38
2699 689.38 689.38
2700 689.38 689.38
2701 689.38 689.38
2702 689.38 689.38
2703 689.38 689.38
2704 689.38 689.38
2705 689.38 689.38
2706 689.38 689.38
2707 689.38 689.38
2708 689.38 689.38
2709 689.38 689.38
2710 689.38 689.38
2711 689.38 689.38
2712 689.38 689.38
2713 689.38 689.38
2714 689.38 689.38
2715 689.38 689.38
2716 689.38 689.38
2717 689.38 689.38
2718 689.38 689.38
2719 689.38 689.38
2720 689.38 689.38
2721 689.38 689.38
2722 689.38 689.38
2723 689.38 689.38
2724 689.38 689.38
2725 689.38 689.38
2726 689.38 689.38
2727 689.38 689.38
2728 689.38 689.38
2729 689.38 689.38
2730 689.38 689.38
2731 689.38 689.38
2732 689.38 689.38
2733 689.38 689.38
2734 689.38 689.38
2735 689.38 689.38
2736 689.38 689.38
2737 689.38 689.38
2738 689.38 689.38
2739 689.38 689.38
2740 689.38 689.38
2741 689.38 689.38
2742 689.38 689.38
2743 689.38 689.38
2744 689.38 689.38
2745 689.38 689.38
2746 689.38 689.38
2747 689.38 689.38
2748 689.38 689.38
2749 689.38 689.38
2750 689.38 689.38
2751 689.38 689.38
2752 689.38 689.38
2753 689.38 689.38
2754 689.38 689.38
2755 689.38 689.38
2756 689.38 689.38
2757 689.38 689.38
2758 689.38 689.38
2759 689.38 689.38
2760 689.38 689.38
2761 689.38 689.38
2762 689.38 689.38
2763 689.38 689.38
2764 689.38 689.38
2765 689.38 689.38
2766 689.38 689.38
2767 689.38 689.38
2768 689.38 689.38
2769 689.38 689.38
2770 689.38 689.38
2771 689.38 689.38
2772 689.38 689.38
2773 689.38 689.38
2774 689.38 689.38
2775 689.38 689.38
2776 689.38 689.38
2777 689.38 689.38
2778 689.38 689.38
2779 689.38 689.38
2780 689.38 689.38
2781 689.38 689.38
2782 689.38 689.38
2783 689.38 689.38
2784 689.38 689.38
2785 689.38 689.38
2786 689.38 689.38
2787 689.38 689.38
2788 689.38 689.38
2789 689.38 689.38
2790 689.38 689.38
2791 689.38 689.38
2792 689.38 689.38
2793 689.38 689.38
2794 689.38 689.38
2795 689.38 689.38
2796 689.38 689.38
2797 689.38 689.38
2798 689.38 689.38
2799 689.38 689.38
2800 689.38 689.38
2801 689.38 689.38
2802 689.38 689.38
2803 689.38 689.38
2804 689.38 689.38
2805 689.38 689.38
2806 689.38 689.38
2807 689.38 689.38
2808 689.38 689.38
2809 689.38 689.38
2810 689.38 689.38
2811 689.38 689.38
2812 689.38 689.38
2813 689.38 689.38
2814 689.38 689.38
2815 689.38 689.38
2816 689.38 689.38
2817 689.38 689.38
2818 689.38 689.38
2819 689.38 689.38
2820 689.38 689.38
2821 689.38 689.38
2822 689.38 689.38
2823 689.38 689.38
2824 689.38 689.38
2825 689.38 689.38
2826 689.38 689.38
2827 689.38 689.38
2828 689.38 689.38
2829 689.38 689.38
2830 689.38 689.38
2831 689.38 689.38
2832 689.38 689.38
2833 689.38 689.38
2834 689.38 689.38
2835 689.38 689.38
2836 689.38 689.38
2837 689.38 689.38
2838 689.38 689.38
2839 689.38 689.38
2840 689.38 689.38
2841 689.38 689.38
2842 689.38 689.38
2843 689.38 689.38
2844 689.38 689.38
2845 689.38 689.38
2846 689.38 689.38
2847 689.38 689.38
2848 689.38 689.38
2849 689.38 689.38
2850 689.38 689.38
2851 689.38 689.38
2852 689.38 689.38
2853 689.38 689.38
2854 689.38 689.38
2855 689.38 689.38
2856 689.38 689.38
2857 689.38 689.38
2858 689.38 689.38
2859 689.38 689.38
2860 689.38 689.38
2861 689.38 689.38
2862 689.38 689.38
2863 689.38 689.38
2864 689.38 689.38
2865 689.38 689.38
2866 689.38 689.38
2867 689.38 689.38
2868 689.38 689.38
2869 689.38 689.38
2870 689.38 689.38
2871 689.38 689.38
2872 689.38 689.38
2873 689.38 689.38
2874 689.38 689.38
2875 689.38 689.38
2876 689.38 689.38
2877 689.38 689.38
2878 689.38 689.38
2879 689.38 689.38
2880 689.38 689.38
2881 689.38 689.38
2882 689.38 689.38
2883 689.38 689.38
2884 689.38 689.38
2885 689.38 689.38
2886 689.38 689.38
2887 689.38 689.38
2888 689.38 689.38
2889 689.38 689.38
2890 689.38 689.38
2891 689.38 689.38
2892 689.38 689.38
2893 689.38 689.38
2894 689.38 689.38
2895 689.38 689.38
2896 689.38 689.38
2897 689.38 689.38
2898 689.38 689.38
2899 689.38 689.38
2900 689.38 689.38
2901 689.38 689.38
2902 689.38 689.38
2903 689.38 689.38
2904 689.38 689.38
2905 689.38 689.38
2906 689.38 689.38
2907 689.38 689.38
2908 689.38 689.38
2909 689.38 689.38
2910 689.38 689.38
2911 689.38 689.38
2912 689.38 689.38
2913 689.38 689.38
2914 689.38 689.38
2915 689.38 689.38
2916 689.38 689.38
2917 689.38 689.38
2918 689.38 689.38
2919 689.38 689.38
2920 689.38 689.38
2921 689.38 689.38
2922 689.38 689.38
2923 689.38 689.38
2924 689.38 689.38
2925 689.38 689.38
2926 689.38 689.38
2927 689.38 689.38
2928 689.38 689.38
2929 689.38 689.38
2930 689.38 689.38
2931 689.38 689.38
2932 689.38 689.38
2933 689.38 689.38
2934 689.38 689.38
2935 689.38 689.38
2936 689.38 689.38
2937 689.38 689.38
2938 689.38 689.38
2939 689.38 689.38
2940 689.38 689.38
2941 689.38 689.38
2942 689.38 689.38
2943 689.38 689.38
2944 689.38 689.38
2945 689.38 689.38
2946 689.38 689.38
2947 689.38 689.38
2948 689.38 689.38
2949 689.38 689.38
2950 689.38 689.38
2951 689.38 689.38
2952 689.38 689.38
2953 689.38 689.38
2954 689.38 689.38
2955 689.38 689.38
2956 689.38 689.38
2957 689.38 689.38
2958 689.38 689.38
2959 689.38 689.38
2960 689.38 689.38
2961 689.38 689.38
2962 689.38 689.38
2963 689.38 689.38
2964 689.38 689.38
2965 689.38 689.38
2966 689.38 689.38
2967 689.38 689.38
2968 689.38 689.38
2969 689.38 689.38
2970 689.38 689.38
2971 689.38 689.38
2972 689.38 689.38
2973 689.38 689.38
2974 689.38 689.38
2975 689.38 689.38
2976 689.38 689.38
2977 689.38 689.38
2978 689.38 689.38
2979 689.38 689.38
2980 689.38 689.38
2981 689.38 689.38
2982 689.38 689.38
2983 689.38 689.38
2984 689.38 689.38
2985 689.38 689.38
2986 689.38 689.38
2987 689.38 689.38
2988 689.38 689.38
2989 689.38 689.38
2990 689.38 689.38
2991 689.38 689.38
2992 689.38 689.38
2993 689.38 689.38
2994 689.38 689.38
2995 689.38 689.38
2996 689.38 689.38
2997 689.38 689.38
2998 689.38 689.38
2999 689.38 689.38
3000 689.38 689.38
3001 689.38 689.38
3002 689.38 689.38
3003 689.38 689.38
3004 689.38 689.38
3005 689.38 689.38
3006 689.38 689.38
3007 689.38 689.38
3008 689.38 689.38
3009 689.38 689.38
3010 689.38 689.38
3011 689.38 689.38
3012 689.38 689.38
3013 689.38 689.38
3014 689.38 689.38
3015 689.38 689.38
3016 689.38 689.38
3017 689.38 689.38
3018 689.38 689.38
3019 689.38 689.38
3020 689.38 689.38
3021 689.38 689.38
3022 689.38 689.38
3023 689.38 689.38
3024 689.38 689.38
3025 689.38 689.38
3026 689.38 689.38
3027 689.38 689.38
3028 689.38 689.38
3029 689.38 689.38
3030 689.38 689.38
3031 689.38 689.38
3032 689.38 689.38
3033 689.38 689.38
3034 689.38 689.38
3035 689.38 689.38
3036 689.38 689.38
3037 689.38 689.38
3038 689.38 689.38
3039 689.38 689.38
3040 689.38 689.38
3041 689.38 689.38
3042 689.38 689.38
3043 689.38 689.38
3044 689.38 689.38
3045 689.38 689.38
3046 689.38 689.38
3047 689.38 689.38
3048 689.38 689.38
3049 689.38 689.38
3050 689.38 689.38
3051 689.38 689.38
3052 689.38 689.38
3053 689.38 689.38
3054 689.38 689.38
3055 689.38 689.38
3056 689.38 689.38
3057 689.38 689.38
3058 689.38 689.38
3059 689.38 689.38
3060 689.38 689.38
3061 689.38 689.38
3062 689.38 689.38
3063 689.38 689.38
3064 689.38 689.38
3065 689.38 689.38
3066 689.38 689.38
3067 689.38 689.38
3068 689.38 689.38
3069 689.38 689.38
3070 689.38 689.38
3071 689.38 689.38
3072 689.38 689.38
3073 689.38 689.38
3074 689.38 689.38
3075 689.38 689.38
3076 689.38 689.38
3077 689.38 689.38
3078 689.38 689.38
3079 689.38 689.38
3080 689.38 689.38
3081 689.38 689.38
3082 689.38 689.38
3083 689.38 689.38
3084 689.38 689.38
3085 689.38 689.38
3086 689.38 689.38
3087 689.38 689.38
3088 689.38 689.38
3089 689.38 689.38
3090 689.38 689.38
3091 689.38 689.38
3092 689.38 689.38
3093 689.38 689.38
3094 689.38 689.38
3095 689.38 689.38
3096 689.38 689.38
3097 689.38 689.38
3098 689.38 689.38
3099 689.38 689.38
3100 689.38 689.38
3101 689.38 689.38
3102 689.38 689.38
3103 689.38 689.38
3104 689.38 689.38
3105 689.38 689.38
3106 689.38 689.38
3107 689.38 689.38
3108 689.38 689.38
3109 689.38 689.38
3110 689.38 689.38
3111 689.38 689.38
3112 689.38 689.38
3113 689.38 689.38
3114 689.38 689.38
3115 689.38 689.38
3116 689.38 689.38
3117 689.38 689.38
3118 689.38 689.38
3119 689.38 689.38
3120 689.38 689.38
3121 689.38 689.38
3122 689.38 689.38
3123 689.38 689.38
3124 689.38 689.38
3125 689.38 689.38
3126 689.38 689.38
3127 689.38 689.38
3128 689.38 689.38
3129 689.38 689.38
3130 689.38 689.38
3131 689.38 689.38
3132 689.38 689.38
3133 689.38 689.38
3134 689.38 689.38
3135 689.38 689.38
3136 689.38 689.38
3137 689.38 689.38
3138 689.38 689.38
3139 689.38 689.38
3140 689.38 689.38
3141 689.38 689.38
3142 689.38 689.38
3143 689.38 689.38
3144 689.38 689.38
3145 689.38 689.38
3146 689.38 689.38
3147 689.38 689.38
3148 689.38 689.38
3149 689.38 689.38
3150 689.38 689.38
3151 689.38 689.38
3152 689.38 689.38
3153 689.38 689.38
3154 689.38 689.38
3155 689.38 689.38
3156 689.38 689.38
3157 689.38 689.38
3158 689.38 689.38
3159 689.38 689.38
3160 689.38 689.38
3161 689.38 689.38
3162 689.38 689.38
3163 689.38 689.38
3164 689.38 689.38
3165 689.38 689.38
3166 689.38 689.38
3167 689.38 689.38
3168 689.38 689.38
3169 689.38 689.38
3170 689.38 689.38
3171 689.38 689.38
3172 689.38 689.38
3173 689.38 689.38
3174 689.38 689.38
3175 689.38 689.38
3176 689.38 689.38
3177 689.38 689.38
3178 689.38 689.38
3179 689.38 689.38
3180 689.38 689.38
3181 689.38 689.38
3182 689.38 689.38
3183 689.38 689.38
3184 689.38 689.38
3185 689.38 689.38
3186 689.38 689.38
3187 689.38 689.38
3188 689.38 689.38
3189 689.38 689.38
3190 689.38 689.38
3191 689.38 689.38
3192 689.38 689.38
3193 689.38 689.38
3194 689.38 689.38
3195 689.38 689.38
3196 689.38 689.38
3197 689.38 689.38
3198 689.38 689.38
3199 689.38 689.38
3200 689.38 689.38
3201 689.38 689.38
3202 689.38 689.38
3203 689.38 689.38
3204 689.38 689.38
3205 689.38 689.38
3206 689.38 689.38
3207 689.38 689.38
3208 689.38 689.38
3209 689.38 689.38
3210 689.38 689.38
3211 689.38 689.38
3212 689.38 689.38
3213 689.38 689.38
3214 689.38 689.38
3215 689.38 689.38
3216 689.38 689.38
3217 689.38 689.38
3218 689.38 689.38
3219 689.38 689.38
3220 689.38 689.38
3221 689.38 689.38
3222 689.38 689.38
3223 689.38 689.38
3224 689.38 689.38
3225 689.38 689.38
3226 689.38 689.38
3227 689.38 689.38
3228 689.38 689.38
3229 689.38 689.38
3230 689.38 689.38
3231 689.38 689.38
3232 689.38 689.38
3233 689.38 689.38
3234 689.38 689.38
3235 689.38 689.38
3236 689.38 689.38
3237 689.38 689.38
3238 689.38 689.38
3239 689.38 689.38
3240 689.38 689.38
3241 689.38 689.38
3242 689.38 689.38
3243 689.38 689.38
3244 689.38 689.38
3245 689.38 689.38
3246 689.38 689.38
3247 689.38 689.38
3248 689.38 689.38
3249 689.38 689.38
3250 689.38 689.38
3251 689.38 689.38
3252 689.38 689.38
3253 689.38 689.38
3254 689.38 689.38
3255 689.38 689.38
3256 689.38 689.38
3257 689.38 689.38
3258 689.38 689.38
3259 689.38 689.38
3260 689.38 689.38
3261 689.38 689.38
3262 689.38 689.38
3263 689.38 689.38
3264 689.38 689.38
3265 689.38 689.38
3266 689.38 689.38
3267 689.38 689.38
3268 689.38 689.38
3269 689.38 689.38
3270 689.38 689.38
3271 689.38 689.38
3272 689.38 689.38
3273 689.38 689.38
3274 689.38 689.38
3275 689.38 689.38
3276 689.38 689.38
3277 689.38 689.38
3278 689.38 689.38
3279 689.38 689.38
3280 689.38 689.38
3281 689.38 689.38
3282 689.38 689.38
3283 689.38 689.38
3284 689.38 689.38
3285 689.38 689.38
3286 689.38 689.38
3287 689.38 689.38
3288 689.38 689.38
3289 689.38 689.38
3290 689.38 689.38
3291 689.38 689.38
3292 689.38 689.38
3293 689.38 689.38
3294 689.38 689.38
3295 689.38 689.38
3296 689.38 689.38
3297 689.38 689.38
3298 689.38 689.38
3299 689.38 689.38
3300 689.38 689.38
3301 689.38 689.38
3302 689.38 689.38
3303 689.38 689.38
3304 689.38 689.38
3305 689.38 689.38
3306 689.38 689.38
3307 689.38 689.38
3308 689.38 689.38
3309 689.38 689.38
3310 689.38 689.38
3311 689.38 689.38
3312 689.38 689.38
3313 689.38 689.38
3314 689.38 689.38
3315 689.38 689.38
3316 689.38 689.38
3317 689.38 689.38
3318 689.38 689.38
3319 689.38 689.38
3320 689.38 689.38
3321 689.38 689.38
3322 689.38 689.38
3323 689.38 689.38
3324 689.38 689.38
3325 689.38 689.38
3326 689.38 689.38
3327 689.38 689.38
3328 689.38 689.38
3329 689.38 689.38
3330 689.38 689.38
3331 689.38 689.38
3332 689.38 689.38
3333 689.38 689.38
3334 689.38 689.38
3335 689.38 689.38
3336 689.38 689.38
3337 689.38 689.38
3338 689.38 689.38
3339 689.38 689.38
3340 689.38 689.38
3341 689.38 689.38
3342 689.38 689.38
3343 689.38 689.38
3344 689.38 689.38
3345 689.38 689.38
3346 689.38 689.38
3347 689.38 689.38
3348 689.38 689.38
3349 689.38 689.38
3350 689.38 689.38
3351 689.38 689.38
3352 689.38 689.38
3353 689.38 689.38
3354 689.38 689.38
3355 689.38 689.38
3356 689.38 689.38
3357 689.38 689.38
3358 689.38 689.38
3359 689.38 689.38
3360 689.38 689.38
3361 689.38 689.38
3362 689.38 689.38
3363 689.38 689.38
3364 689.38 689.38
3365 689.38 689.38
3366 689.38 689.38
3367 689.38 689.38
3368 689.38 689.38
3369 689.38 689.38
3370 689.38 689.38
3371 689.38 689.38
3372 689.38 689.38
3373 689.38 689.38
3374 689.38 689.38
3375 689.38 689.38
3376 689.38 689.38
3377 689.38 689.38
3378 689.38 689.38
3379 689.38 689.38
3380 689.38 689.38
3381 689.38 689.38
3382 689.38 689.38
3383 689.38 689.38
3384 689.38 689.38
3385 689.38 689.38
3386 689.38 689.38
3387 689.38 689.38
3388 689.38 689.38
3389 689.38 689.38
3390 689.38 689.38
3391 689.38 689.38
3392 689.38 689.38
3393 689.38 689.38
3394 689.38 689.38
3395 689.38 689.38
3396 689.38 689.38
3397 689.38 689.38
3398 689.38 689.38
3399 689.38 689.38
3400 689.38 689.38
3401 689.38 689.38
3402 689.38 689.38
3403 689.38 689.38
3404 689.38 689.38
3405 689.38 689.38
3406 689.38 689.38
3407 689.38 689.38
3408 689.38 689.38
3409 689.38 689.38
3410 689.38 689.38
3411 689.38 689.38
3412 689.38 689.38
3413 689.38 689.38
3414 689.38 689.38
3415 689.38 689.38
3416 689.38 689.38
3417 689.38 689.38
3418 689.38 689.38
3419 689.38 689.38
3420 689.38 689.38
3421 689.38 689.38
3422 689.38 689.38
3423 689.38 689.38
3424 689.38 689.38
3425 689.38 689.38
3426 689.38 689.38
3427 689.38 689.38
3428 689.38 689.38
3429 689.38 689.38
3430 689.38 689.38
3431 689.38 689.38
3432 689.38 689.38
3433 689.38 689.38
3434 689.38 689.38
3435 689.38 689.38
3436 689.38 689.38
3437 689.38 689.38
3438 689.38 689.38
3439 689.38 689.38
3440 689.38 689.38
3441 689.38 689.38
3442 689.38 689.38
3443 689.38 689.38
3444 689.38 689.38
3445 689.38 689.38
3446 689.38 689.38
3447 689.38 689.38
3448 689.38 689.38
3449 689.38 689.38
3450 689.38 689.38
3451 689.38 689.38
3452 689.38 689.38
3453 689.38 689.38
3454 689.38 689.38
3455 689.38 689.38
3456 689.38 689.38
3457 689.38 689.38
3458 689.38 689.38
3459 689.38 689.38
3460 689.38 689.38
3461 689.38 689.38
3462 689.38 689.38
3463 689.38 689.38
3464 689.38 689.38
3465 689.38 689.38
3466 689.38 689.38
3467 689.38 689.38
3468 689.38 689.38
3469 689.38 689.38
3470 689.38 689.38
3471 689.38 689.38
3472 689.38 689.38
3473 689.38 689.38
3474 689.38 689.38
3475 689.38 689.38
3476 689.38 689.38
3477 689.38 689.38
3478 689.38 689.38
3479 689.38 689.38
3480 689.38 689.38
3481 689.38 689.38
3482 689.38 689.38
3483 689.38 689.38
3484 689.38 689.38
3485 689.38 689.38
3486 689.38 689.38
3487 689.38 689.38
3488 689.38 689.38
3489 689.38 689.38
3490 689.38 689.38
3491 689.38 689.38
3492 689.38 689.38
3493 689.38 689.38
3494 689.38 689.38
3495 689.38 689.38
3496 689.38 689.38
3497 689.38 689.38
3498 689.38 689.38
3499 689.38 689.38
3500 689.38 689.38
3501 689.38 689.38
3502 689.38 689.38
3503 689.38 689.38
3504 689.38 689.38
3505 689.38 689.38
3506 689.38 689.38
3507 689.38 689.38
3508 689.38 689.38
3509 689.38 689.38
3510 689.38 689.38
3511 689.38 689.38
3512 689.38 689.38
3513 689.38 689.38
3514 689.38 689.38
3515 689.38 689.38
3516 689.38 689.38
3517 689.38 689.38
3518 689.38 689.38
3519 689.38 689.38
3520 689.38 689.38
3521 689.38 689.38
3522 689.38 689.38
3523 689.38 689.38
3524 689.38 689.38
3525 689.38 689.38
3526 689.38 689.38
3527 689.38 689.38
3528 689.38 689.38
3529 689.38 689.38
3530 689.38 689.38
3531 689.38 689.38
3532 689.38 689.38
3533 689.38 689.38
3534 689.38 689.38
3535 689.38 689.38
3536 689.38 689.38
3537 689.38 689.38
3538 689.38 689.38
3539 689.38 689.38
3540 689.38 689.38
3541 689.38 689.38
3542 689.38 689.38
3543 689.38 689.38
3544 689.38 689.38
3545 689.38 689.38
3546 689.38 689.38
3547 689.38 689.38
3548 689.38 689.38
3549 689.38 689.38
3550 689.38 689.38
3551 689.38 689.38
3552 689.38 689.38
3553 689.38 689.38
3554 689.38 689.38
3555 689.38 689.38
3556 689.38 689.38
3557 689.38 689.38
3558 689.38 689.38
3559 689.38 689.38
3560 689.38 689.38
3561 689.38 689.38
3562 689.38 689.38
3563 689.38 689.38
3564 689.38 689.38
3565 689.38 689.38
3566 689.38 689.38
3567 689.38 689.38
3568 689.38 689.38
3569 689.38 689.38
3570 689.38 689.38
3571 689.38 689.38
3572 689.38 689.38
3573 689.38 689.38
3574 689.38 689.38
3575 689.38 689.38
3576 689.38 689.38
3577 689.38 689.38
3578 689.38 689.38
3579 689.38 689.38
3580 689.38 689.38
3581 689.38 689.38
3582 689.38 689.38
3583 689.38 689.38
3584 689.38 689.38
3585 689.38 689.38
3586 689.38 689.38
3587 689.38 689.38
3588 689.38 689.38
3589 689.38 689.38
3590 689.38 689.38
3591 689.38 689.38
3592 689.38 689.38
3593 689.38 689.38
3594 689.38 689.38
3595 689.38 689.38
3596 689.38 689.38
3597 689.38 689.38
3598 689.38 689.38
3599 689.38 689.38
3600 689.38 689.38
3601 689.38 689.38
3602 689.38 689.38
3603 689.38 689.38
3604 689.38 689.38
3605 689.38 689.38
3606 689.38 689.38
3607 689.38 689.38
3608 689.38 689.38
3609 689.38 689.38
3610 689.38 689.38
3611 689.38 689.38
3612 689.38 689.38
3613 689.38 689.38
3614 689.38 689.38
3615 689.38 689.38
3616 689.38 689.38
3617 689.38 689.38
3618 689.38 689.38
3619 689.38 689.38
3620 689.38 689.38
3621 689.38 689.38
3622 689.38 689.38
3623 689.38 689.38
3624 689.38 689.38
3625 689.38 689.38
3626 689.38 689.38
3627 689.38 689.38
3628 689.38 689.38
3629 689.38 689.38
3630 689.38 689.38
3631 689.38 689.38
3632 689.38 689.38
3633 689.38 689.38
3634 689.38 689.38
3635 689.38 689.38
3636 689.38 689.38
3637 689.38 689.38
3638 689.38 689.38
3639 689.38 689.38
3640 689.38 689.38
3641 689.38 689.38
3642 689.38 689.38
3643 689.38 689.38
3644 689.38 689.38
3645 689.38 689.38
3646 689.38 689.38
3647 689.38 689.38
3648 689.38 689.38
3649 689.38 689.38
3650 689.38 689.38
3651 689.38 689.38
3652 689.38 689.38
3653 689.38 689.38
3654 689.38 689.38
3655 689.38 689.38
3656 689.38 689.38
3657 689.38 689.38
3658 689.38 689.38
3659 689.38 689.38
3660 689.38 689.38
3661 689.38 689.38
3662 689.38 689.38
3663 689.38 689.38
3664 689.38 689.38
3665 689.38 689.38
3666 689.38 689.38
3667 689.38 689.38
3668 689.38 689.38
3669 689.38 689.38
3670 689.38 689.38
3671 689.38 689.38
3672 689.38 689.38
3673 689.38 689.38
3674 689.38 689.38
3675 689.38 689.38
3676 689.38 689.38
3677 689.38 689.38
3678 689.38 689.38
3679 689.38 689.38
3680 689.38 689.38
3681 689.38 689.38
3682 689.38 689.38
3683 689.38 689.38
3684 689.38 689.38
3685 689.38 689.38
3686 689.38 689.38
3687 689.38 689.38
3688 689.38 689.38
3689 689.38 689.38
3690 689.38 689.38
3691 689.38 689.38
3692 689.38 689.38
3693 689.38 689.38
3694 689.38 689.38
3695 689.38 689.38
3696 689.38 689.38
3697 689.38 689.38
3698 689.38 689.38
3699 689.38 689.38
3700 689.38 689.38
3701 689.38 689.38
3702 689.38 689.38
3703 689.38 689.38
3704 689.38 689.38
3705 689.38 689.38
3706 689.38 689.38
3707 689.38 689.38
3708 689.38 689.38
3709 689.38 689.38
3710 689.38 689.38
3711 689.38 689.38
3712 689.38 689.38
3713 689.38 689.38
3714 689.38 689.38
3715 689.38 689.38
3716 689.38 689.38
3717 689.38 689.38
3718 689.38 689.38
3719 689.38 689.38
3720 689.38 689.38
3721 689.38 689.38
3722 689.38 689.38
3723 689.38 689.38
3724 689.38 689.38
3725 689.38 689.38
3726 689.38 689.38
3727 689.38 689.38
3728 689.38 689.38
3729 689.38 689.38
3730 689.38 689.38
3731 689.38 689.38
3732 689.38 689.38
3733 689.38 689.38
3734 689.38 689.38
3735 689.38 689.38
3736 689.38 689.38
3737 689.38 689.38
3738 689.38 689.38
3739 689.38 689.38
3740 689.38 689.38
3741 689.38 689.38
3742 689.38 689.38
3743 689.38 689.38
3744 689.38 689.38
3745 689.38 689.38
3746 689.38 689.38
3747 689.38 689.38
3748 689.38 689.38
3749 689.38 689.38
3750 689.38 689.38
3751 689.38 689.38
3752 689.38 689.38
3753 689.38 689.38
3754 689.38 689.38
3755 689.38 689.38
3756 689.38 689.38
3757 689.38 689.38
3758 689.38 689.38
3759 689.38 689.38
3760 689.38 689.38
3761 689.38 689.38
3762 689.38 689.38
3763 689.38 689.38
3764 689.38 689.38
3765 689.38 689.38
3766 689.38 689.38
3767 689.38 689.38
3768 689.38 689.38
3769 689.38 689.38
3770 689.38 689.38
3771 689.38 689.38
3772 689.38 689.38
3773 689.38 689.38
3774 689.38 689.38
3775 689.38 689.38
3776 689.38 689.38
3777 689.38 689.38
3778 689.38 689.38
3779 689.38 689.38
3780 689.38 689.38
3781 689.38 689.38
3782 689.38 689.38
3783 689.38 689.38
3784 689.38 689.38
3785 689.38 689.38
3786 689.38 689.38
3787 689.38 689.38
3788 689.38 689.38
3789 689.38 689.38
3790 689.38 689.38
3791 689.38 689.38
3792 689.38 689.38
3793 689.38 689.38
3794 689.38 689.38
3795 689.38 689.38
3796 689.38 689.38
3797 689.38 689.38
3798 689.38 689.38
3799 689.38 689.38
3800 689.38 689.38
3801 689.38 689.38
3802 689.38 689.38
3803 689.38 689.38
3804 689.38 689.38
3805 689.38 689.38
3806 689.38 689.38
3807 689.38 689.38
3808 689.38 689.38
3809 689.38 689.38
3810 689.38 689.38
3811 689.38 689.38
3812 689.38 689.38
3813 689.38 689.38
3814 689.38 689.38
3815 689.38 689.38
3816 689.38 689.38
3817 689.38 689.38
3818 689.38 689.38
3819 689.38 689.38
3820 689.38 689.38
3821 689.38 689.38
3822 689.38 689.38
3823 689.38 689.38
3824 689.38 689.38
3825 689.38 689.38
3826 689.38 689.38
3827 689.38 689.38
3828 689.38 689.38
3829 689.38 689.38
3830 689.38 689.38
3831 689.38 689.38
3832 689.38 689.38
3833 689.38 689.38
3834 689.38 689.38
3835 689.38 689.38
3836 689.38 689.38
3837 689.38 689.38
3838 689.38 689.38
3839 689.38 689.38
3840 689.38 689.38
3841 689.38 689.38
3842 689.38 689.38
3843 689.38 689.38
3844 689.38 689.38
3845 689.38 689.38
3846 689.38 689.38
3847 689.38 689.38
3848 689.38 689.38
3849 689.38 689.38
3850 689.38 689.38
3851 689.38 689.38
3852 689.38 689.38
3853 689.38 689.38
3854 689.38 689.38
3855 689.38 689.38
3856 689.38 689.38
3857 689.38 689.38
3858 689.38 689.38
3859 689.38 689.38
3860 689.38 689.38
3861 689.38 689.38
3862 689.38 689.38
3863 689.38 689.38
3864 689.38 689.38
3865 689.38 689.38
3866 689.38 689.38
3867 689.38 689.38
3868 689.38 689.38
3869 689.38 689.38
3870 689.38 689.38
3871 689.38 689.38
3872 689.38 689.38
3873 689.38 689.38
3874 689.38 689.38
3875 689.38 689.38
3876 689.38 689.38
3877 689.38 689.38
3878 689.38 689.38
3879 689.38 689.38
3880 689.38 689.38
3881 689.38 689.38
3882 689.38 689.38
3883 689.38 689.38
3884 689.38 689.38
3885 689.38 689.38
3886 689.38 689.38
3887 689.38 689.38
3888 689.38 689.38
3889 689.38 689.38
3890 689.38 689.38
3891 689.38 689.38
3892 689.38 689.38
3893 689.38 689.38
3894 689.38 689.38
3895 689.38 689.38
3896 689.38 689.38
3897 689.38 689.38
3898 689.38 689.38
3899 689.38 689.38
3900 689.38 689.38
3901 689.38 689.38
3902 689.38 689.38
3903 689.38 689.38
3904 689.38 689.38
3905 689.38 689.38
3906 689.38 689.38
3907 689.38 689.38
3908 689.38 689.38
3909 689.38 689.38
3910 689.38 689.38
3911 689.38 689.38
3912 689.38 689.38
3913 689.38 689.38
3914 689.38 689.38
3915 689.38 689.38
3916 689.38 689.38
3917 689.38 689.38
3918 689.38 689.38
3919 689.38 689.38
3920 689.38 689.38
3921 689.38 689.38
3922 689.38 689.38
3923 689.38 689.38
3924 689.38 689.38
3925 689.38 689.38
3926 689.38 689.38
3927 689.38 689.38
3928 689.38 689.38
3929 689.38 689.38
3930 689.38 689.38
3931 689.38 689.38
3932 689.38 689.38
3933 689.38 689.38
3934 689.38 689.38
3935 689.38 689.38
3936 689.38 689.38
3937 689.38 689.38
3938 689.38 689.38
3939 689.38 689.38
3940 689.38 689.38
3941 689.38 689.38
3942 689.38 689.38
3943 689.38 689.38
3944 689.38 689.38
3945 689.38 689.38
3946 689.38 689.38
3947 689.38 689.38
3948 689.38 689.38
3949 689.38 689.38
3950 689.38 689.38
3951 689.38 689.38
3952 689.38 689.38
3953 689.38 689.38
3954 689.38 689.38
3955 689.38 689.38
3956 689.38 689.38
3957 689.38 689.38
3958 689.38 689.38
3959 689.38 689.38
3960 689.38 689.38
3961 689.38 689.38
3962 689.38 689.38
3963 689.38 689.38
3964 689.38 689.38
3965 689.38 689.38
3966 689.38 689.38
3967 689.38 689.38
3968 689.38 689.38
3969 689.38 689.38
3970 689.38 689.38
3971 689.38 689.38
3972 689.38 689.38
3973 689.38 689.38
3974 689.38 689.38
3975 689.38 689.38
3976 689.38 689.38
3977 689.38 689.38
3978 689.38 689.38
3979 689.38 689.38
3980 689.38 689.38
3981 689.38 689.38
3982 689.38 689.38
3983 689.38 689.38
3984 689.38 689.38
3985 689.38 689.38
3986 689.38 689.38
3987 689.38 689.38
3988 689.38 689.38
3989 689.38 689.38
3990 689.38 689.38
3991 689.38 689.38
3992 689.38 689.38
3993 689.38 689.38
3994 689.38 689.38
3995 689.38 689.38
3996 689.38 689.38
3997 689.38 689.38
3998 689.38 689.38
3999 689.38 689.38
4000 689.38 689.38
4001 689.38 689.38
4002 689.38 689.38
4003 689.38 689.38
4004 689.38 689.38
4005 689.38 689.38
4006 689.38 689.38
4007 689.38 689.38
4008 689.38 689.38
4009 689.38 689.38
4010 689.38 689.38
4011 689.38 689.38
4012 689.38 689.38
4013 689.38 689.38
4014 689.38 689.38
4015 689.38 689.38
4016 689.38 689.38
4017 689.38 689.38
4018 689.38 689.38
4019 689.38 689.38
4020 689.38 689.38
4021 689.38 689.38
4022 689.38 689.38
4023 689.38 689.38
4024 689.38 689.38
4025 689.38 689.38
4026 689.38 689.38
4027 689.38 689.38
4028 689.38 689.38
4029 689.38 689.38
4030 689.38 689.38
4031 689.38 689.38
4032 689.38 689.38
4033 689.38 689.38
4034 689.38 689.38
4035 689.38 689.38
4036 689.38 689.38
4037 689.38 689.38
4038 689.38 689.38
4039 689.38 689.38
4040 689.38 689.38
4041 689.38 689.38
4042 689.38 689.38
4043 689.38 689.38
4044 689.38 689.38
4045 689.38 689.38
4046 689.38 689.38
4047 689.38 689.38
4048 689.38 689.38
4049 689.38 689.38
4050 689.38 689.38
4051 689.38 689.38
4052 689.38 689.38
4053 689.38 689.38
4054 689.38 689.38
4055 689.38 689.38
4056 689.38 689.38
4057 689.38 689.38
4058 689.38 689.38
4059 689.38 689.38
4060 689.38 689.38
4061 689.38 689.38
4062 689.38 689.38
4063 689.38 689.38
4064 689.38 689.38
4065 689.38 689.38
4066 689.38 689.38
4067 689.38 689.38
4068 689.38 689.38
4069 689.38 689.38
4070 689.38 689.38
4071 689.38 689.38
4072 689.38 689.38
4073 689.38 689.38
4074 689.38 689.38
4075 689.38 689.38
4076 689.38 689.38
4077 689.38 689.38
4078 689.38 689.38
4079 689.38 689.38
4080 689.38 689.38
4081 689.38 689.38
4082 689.38 689.38
4083 689.38 689.38
4084 689.38 689.38
4085 689.38 689.38
4086 689.38 689.38
4087 689.38 689.38
4088 689.38 689.38
4089 689.38 689.38
4090 689.38 689.38
4091 689.38 689.38
4092 689.38 689.38
4093 689.38 689.38
4094 689.38 689.38
4095 689.38 689.38
4096 689.38 689.38
4097 689.38 689.38
4098 689.38 689.38
4099 689.38 689.38
4100 689.38 689.38
4101 689.38 689.38
4102 689.38 689.38
4103 689.38 689.38
4104 689.38 689.38
4105 689.38 689.38
4106 689.38 689.38
4107 689.38 689.38
4108 689.38 689.38
4109 689.38 689.38
4110 689.38 689.38
4111 689.38 689.38
4112 689.38 689.38
4113 689.38 689.38
4114 689.38 689.38
4115 689.38 689.38
4116 689.38 689.38
4117 689.38 689.38
4118 689.38 689.38
4119 689.38 689.38
4120 689.38 689.38
4121 689.38 689.38
4122 689.38 689.38
4123 689.38 689.38
4124 689.38 689.38
4125 689.38 689.38
4126 689.38 689.38
4127 689.38 689.38
4128 689.38 689.38
4129 689.38 689.38
4130 689.38 689.38
4131 689.38 689.38
4132 689.38 689.38
4133 689.38 689.38
4134 689.38 689.38
4135 689.38 689.38
4136 689.38 689.38
4137 689.38 689.38
4138 689.38 689.38
4139 689.38 689.38
4140 689.38 689.38
4141 689.38 689.38
4142 689.38 689.38
4143 689.38 689.38
4144 689.38 689.38
4145 689.38 689.38
4146 689.38 689.38
4147 689.38 689.38
4148 689.38 689.38
4149 689.38 689.38
4150 689.38 689.38
4151 689.38 689.38
4152 689.38 689.38
4153 689.38 689.38
4154 689.38 689.38
4155 689.38 689.38
4156 689.38 689.38
4157 689.38 689.38
4158 689.38 689.38
4159 689.38 689.38
4160 689.38 689.38
4161 689.38 689.38
4162 689.38 689.38
4163 689.38 689.38
4164 689.38 689.38
4165 689.38 689.38
4166 689.38 689.38
4167 689.38 689.38
4168 689.38 689.38
4169 689.38 689.38
4170 689.38 689.38
4171 689.38 689.38
4172 689.38 689.38
4173 689.38 689.38
4174 689.38 689.38
4175 689.38 689.38
4176 689.38 689.38
4177 689.38 689.38
4178 689.38 689.38
4179 689.38 689.38
4180 689.38 689.38
4181 689.38 689.38
4182 689.38 689.38
4183 689.38 689.38
4184 689.38 689.38
4185 689.38 689.38
4186 689.38 689.38
4187 689.38 689.38
4188 689.38 689.38
4189 689.38 689.38
4190 689.38 689.38
4191 689.38 689.38
4192 689.38 689.38
4193 689.38 689.38
4194 689.38 689.38
4195 689.38 689.38
4196 689.38 689.38
4197 689.38 689.38
4198 689.38 689.38
4199 689.38 689.38
4200 689.38 689.38
4201 689.38 689.38
4202 689.38 689.38
4203 689.38 689.38
4204 689.38 689.38
4205 689.38 689.38
4206 689.38 689.38
4207 689.38 689.38
4208 689.38 689.38
4209 689.38 689.38
4210 689.38 689.38
4211 689.38 689.38
4212 689.38 689.38
4213 689.38 689.38
4214 689.38 689.38
4215 689.38 689.38
4216 689.38 689.38
4217 689.38 689.38
4218 689.38 689.38
4219 689.38 689.38
4220 689.38 689.38
4221 689.38 689.38
4222 689.38 689.38
4223 689.38 689.38
4224 689.38 689.38
4225 689.38 689.38
4226 689.38 689.38
4227 689.38 689.38
4228 689.38 689.38
4229 689.38 689.38
4230 689.38 689.38
4231 689.38 689.38
4232 689.38 689.38
4233 689.38 689.38
4234 689.38 689.38
4235 689.38 689.38
4236 689.38 689.38
4237 689.38 689.38
4238 689.38 689.38
4239 689.38 689.38
4240 689.38 689.38
4241 689.38 689.38
4242 689.38 689.38
4243 689.38 689.38
4244 689.38 689.38
4245 689.38 689.38
4246 689.38 689.38
4247 689.38 689.38
4248 689.38 689.38
4249 689.38 689.38
4250 689.38 689.38
4251 689.38 689.38
4252 689.38 689.38
4253 689.38 689.38
4254 689.38 689.38
4255 689.38 689.38
4256 689.38 689.38
4257 689.38 689.38
4258 689.38 689.38
4259 689.38 689.38
4260 689.38 689.38
4261 689.38 689.38
4262 689.38 689.38
4263 689.38 689.38
4264 689.38 689.38
4265 689.38 689.38
4266 689.38 689.38
4267 689.38 689.38
4268 689.38 689.38
4269 689.38 689.38
4270 689.38 689.38
4271 689.38 689.38
4272 689.38 689.38
4273 689.38 689.38
4274 689.38 689.38
4275 689.38 689.38
4276 689.38 689.38
4277 689.38 689.38
4278 689.38 689.38
4279 689.38 689.38
4280 689.38 689.38
4281 689.38 689.38
4282 689.38 689.38
4283 689.38 689.38
4284 689.38 689.38
4285 689.38 689.38
4286 689.38 689.38
4287 689.38 689.38
4288 689.38 689.38
4289 689.38 689.38
4290 689.38 689.38
4291 689.38 689.38
4292 689.38 689.38
4293 689.38 689.38
4294 689.38 689.38
4295 689.38 689.38
4296 689.38 689.38
4297 689.38 689.38
4298 689.38 689.38
4299 689.38 689.38
4300 689.38 689.38
4301 689.38 689.38
4302 689.38 689.38
4303 689.38 689.38
4304 689.38 689.38
4305 689.38 689.38
4306 689.38 689.38
4307 689.38 689.38
4308 689.38 689.38
4309 689.38 689.38
4310 689.38 689.38
4311 689.38 689.38
4312 689.38 689.38
4313 689.38 689.38
4314 689.38 689.38
4315 689.38 689.38
4316 689.38 689.38
4317 689.38 689.38
4318 689.38 689.38
4319 689.38 689.38
4320 689.38 689.38
4321 689.38 689.38
4322 689.38 689.38
4323 689.38 689.38
4324 689.38 689.38
