0 1815.74 1815.74
1 1815.74 1815.74
2 1815.74 1815.74
3 1815.74 1815.74
4 1815.74 1815.74
5 1815.74 1815.74
6 1815.74 1815.74
7 1815.74 1815.74
8 1815.74 1815.74
9 1815.74 1815.74
10 1815.74 1815.74
11 1815.74 1815.74
12 1815.74 1815.74
13 1815.74 1815.74
14 1815.74 1815.74
15 1815.74 1815.74
16 1815.74 1815.74
17 1815.74 1815.74
18 1815.74 1815.74
19 1815.74 1815.74
20 1815.74 1815.74
21 1815.74 1815.74
22 1815.74 1815.74
23 1815.74 1815.74
24 1815.74 1815.74
25 1815.74 1815.74
26 1815.74 1815.74
27 1815.74 1815.74
28 1815.74 1815.74
29 1815.74 1815.74
30 1815.74 1815.74
31 1815.74 1815.74
32 1815.74 1815.74
33 1815.74 1815.74
34 1815.74 1815.74
35 1815.74 1815.74
36 1815.74 1815.74
37 1815.74 1815.74
38 1815.74 1815.74
39 1815.74 1815.74
40 1815.74 1815.74
41 1815.74 1815.74
42 1815.74 1815.74
43 1815.74 1815.74
44 1815.74 1815.74
45 1815.74 1815.74
46 1815.74 1815.74
47 1815.74 1815.74
48 1815.74 1815.74
49 1815.74 1815.74
50 1815.74 1815.74
51 1815.74 1815.74
52 1815.74 1815.74
53 1815.74 1815.74
54 1815.74 1815.74
55 1815.74 1815.74
56 1815.74 1815.74
57 1815.74 1815.74
58 1815.74 1815.74
59 1815.74 1815.74
60 1815.74 1815.74
61 1815.74 1815.74
62 1815.74 1815.74
63 1815.74 1815.74
64 1815.74 1815.74
65 1815.74 1815.74
66 1815.74 1815.74
67 1815.74 1815.74
68 1815.74 1815.74
69 1815.74 1815.74
70 1815.74 1815.74
71 1815.74 1815.74
72 1815.74 1815.74
73 1815.74 1815.74
74 1815.74 1815.74
75 1815.74 1815.74
76 1815.74 1815.74
77 1815.74 1815.74
78 1815.74 1815.74
79 1815.74 1815.74
80 1815.74 1815.74
81 1815.74 1815.74
82 1815.74 1815.74
83 1815.74 1815.74
84 1815.74 1815.74
85 1815.74 1815.74
86 1815.74 1815.74
87 1815.74 1815.74
88 1815.74 1815.74
89 1815.74 1815.74
90 1815.74 1815.74
91 1815.74 1815.74
92 1815.74 1815.74
93 1815.74 1815.74
94 1815.74 1815.74
95 1815.74 1815.74
96 1815.74 1815.74
97 1815.74 1815.74
98 1815.74 1815.74
99 1815.74 1815.74
100 1815.74 1815.74
101 1815.74 1815.74
102 1815.74 1815.74
103 1815.74 1815.74
104 1815.74 1815.74
105 1815.74 1815.74
106 1815.74 1815.74
107 1815.74 1815.74
108 1815.74 1815.74
109 1815.74 1815.74
110 1815.74 1815.74
111 1815.74 1815.74
112 1815.74 1815.74
113 1815.74 1815.74
114 1815.74 1815.74
115 1815.74 1815.74
116 1815.74 1815.74
117 1815.74 1815.74
118 1815.74 1815.74
119 1815.74 1815.74
120 1815.74 1815.74
121 1815.74 1815.74
122 1815.74 1815.74
123 1815.74 1815.74
124 1815.74 1815.74
125 1815.74 1815.74
126 1815.74 1815.74
127 1815.74 1815.74
128 1815.74 1815.74
129 1815.74 1815.74
130 1815.74 1815.74
131 1815.74 1815.74
132 1815.74 1815.74
133 1815.74 1815.74
134 1815.74 1815.74
135 1815.74 1815.74
136 1815.74 1815.74
137 1815.74 1815.74
138 1815.74 1815.74
139 1815.74 1815.74
140 1815.74 1815.74
141 1815.74 1815.74
142 1815.74 1815.74
143 1815.74 1815.74
144 1815.74 1815.74
145 1815.74 1815.74
146 1815.74 1815.74
147 1815.74 1815.74
148 1815.74 1815.74
149 1815.74 1815.74
150 1815.74 1815.74
151 1815.74 1815.74
152 1815.74 1815.74
153 1815.74 1815.74
154 1815.74 1815.74
155 1815.74 1815.74
156 1815.74 1815.74
157 1815.74 1815.74
158 1815.74 1815.74
159 1815.74 1815.74
160 1815.74 1815.74
161 1815.74 1815.74
162 1815.74 1815.74
163 1815.74 1815.74
164 1815.74 1815.74
165 1815.74 1815.74
166 1815.74 1815.74
167 1815.74 1815.74
168 1815.74 1815.74
169 1815.74 1815.74
170 1815.74 1815.74
171 1815.74 1815.74
172 1815.74 1815.74
173 1815.74 1815.74
174 1815.74 1815.74
175 1815.74 1815.74
176 1815.74 1815.74
177 1815.74 1815.74
178 1815.74 1815.74
179 1815.74 1815.74
180 1815.74 1815.74
181 1815.74 1815.74
182 1815.74 1815.74
183 1815.74 1815.74
184 1815.74 1815.74
185 1815.74 1815.74
186 1815.74 1815.74
187 1815.74 1815.74
188 1815.74 1815.74
189 1815.74 1815.74
190 1815.74 1815.74
191 1815.74 1815.74
192 1815.74 1815.74
193 1815.74 1815.74
194 1815.74 1815.74
195 1815.74 1815.74
196 1815.74 1815.74
197 1815.74 1815.74
198 1815.74 1815.74
199 1815.74 1815.74
200 1815.74 1815.74
201 1815.74 1815.74
202 1815.74 1815.74
203 1815.74 1815.74
204 1815.74 1815.74
205 1815.74 1815.74
206 1815.74 1815.74
207 1815.74 1815.74
208 1815.74 1815.74
209 1815.74 1815.74
210 1815.74 1815.74
211 1815.74 1815.74
212 1815.74 1815.74
213 1815.74 1815.74
214 1815.74 1815.74
215 1815.74 1815.74
216 1815.74 1815.74
217 1815.74 1815.74
218 1815.74 1815.74
219 1815.74 1815.74
220 1815.74 1815.74
221 1815.74 1815.74
222 1815.74 1815.74
223 1815.74 1815.74
224 1815.74 1815.74
225 1815.74 1815.74
226 1815.74 1815.74
227 1815.74 1815.74
228 1815.74 1815.74
229 1815.74 1815.74
230 1815.74 1815.74
231 1815.74 1815.74
232 1815.74 1815.74
233 1815.74 1815.74
234 1815.74 1815.74
235 1815.74 1815.74
236 1815.74 1815.74
237 1815.74 1815.74
238 1815.74 1815.74
239 1815.74 1815.74
240 1815.74 1815.74
241 1815.74 1815.74
242 1815.74 1815.74
243 1815.74 1815.74
244 1815.74 1815.74
245 1815.74 1815.74
246 1815.74 1815.74
247 1815.74 1815.74
248 1815.74 1815.74
249 1815.74 1815.74
250 1815.74 1815.74
251 1815.74 1815.74
252 1815.74 1815.74
253 1815.74 1815.74
254 1815.74 1815.74
255 1815.74 1815.74
256 1815.74 1815.74
257 1815.74 1815.74
258 1815.74 1815.74
259 1815.74 1815.74
260 1815.74 1815.74
261 1815.74 1815.74
262 1815.74 1815.74
263 1815.74 1815.74
264 1815.74 1815.74
265 1815.74 1815.74
266 1815.74 1815.74
267 1815.74 1815.74
268 1815.74 1815.74
269 1815.74 1815.74
270 1815.74 1815.74
271 1815.74 1815.74
272 1815.74 1815.74
273 1815.74 1815.74
274 1815.74 1815.74
275 1815.74 1815.74
276 1815.74 1815.74
277 1815.74 1815.74
278 1815.74 1815.74
279 1815.74 1815.74
280 1815.74 1815.74
281 1815.74 1815.74
282 1815.74 1815.74
283 1815.74 1815.74
284 1815.74 1815.74
285 1815.74 1815.74
286 1815.74 1815.74
287 1815.74 1815.74
288 1815.74 1815.74
289 1815.74 1815.74
290 1815.74 1815.74
291 1815.74 1815.74
292 1815.74 1815.74
293 1815.74 1815.74
294 1815.74 1815.74
295 1815.74 1815.74
296 1815.74 1815.74
297 1815.74 1815.74
298 1815.74 1815.74
299 1815.74 1815.74
300 1815.74 1815.74
301 1815.74 1815.74
302 1815.74 1815.74
303 1815.74 1815.74
304 1815.74 1815.74
305 1815.74 1815.74
306 1815.74 1815.74
307 1815.74 1815.74
308 1815.74 1815.74
309 1815.74 1815.74
310 1815.74 1815.74
311 1815.74 1815.74
312 1815.74 1815.74
313 1815.74 1815.74
314 1815.74 1815.74
315 1815.74 1815.74
316 1815.74 1815.74
317 1815.74 1815.74
318 1815.74 1815.74
319 1815.74 1815.74
320 1815.74 1815.74
321 1815.74 1815.74
322 1815.74 1815.74
323 1815.74 1815.74
324 1815.74 1815.74
325 1815.74 1815.74
326 1815.74 1815.74
327 1815.74 1815.74
328 1815.74 1815.74
329 1815.74 1815.74
330 1815.74 1815.74
331 1815.74 1815.74
332 1815.74 1815.74
333 1815.74 1815.74
334 1815.74 1815.74
335 1815.74 1815.74
336 1815.74 1815.74
337 1815.74 1815.74
338 1815.74 1815.74
339 1815.74 1815.74
340 1815.74 1815.74
341 1815.74 1815.74
342 1815.74 1815.74
343 1815.74 1815.74
344 1815.74 1815.74
345 1815.74 1815.74
346 1815.74 1815.74
347 1815.74 1815.74
348 1815.74 1815.74
349 1815.74 1815.74
350 1815.74 1815.74
351 1815.74 1815.74
352 1815.74 1815.74
353 1815.74 1815.74
354 1815.74 1815.74
355 1815.74 1815.74
356 1815.74 1815.74
357 1815.74 1815.74
358 1815.74 1815.74
359 1815.74 1815.74
360 1815.74 1815.74
361 1815.74 1815.74
362 1815.74 1815.74
363 1815.74 1815.74
364 1815.74 1815.74
365 1815.74 1815.74
366 1815.74 1815.74
367 1815.74 1815.74
368 1815.74 1815.74
369 1815.74 1815.74
370 1815.74 1815.74
371 1815.74 1815.74
372 1815.74 1815.74
373 1815.74 1815.74
374 1815.74 1815.74
375 1815.74 1815.74
376 1815.74 1815.74
377 1815.74 1815.74
378 1815.74 1815.74
379 1815.74 1815.74
380 1815.74 1815.74
381 1815.74 1815.74
382 1815.74 1815.74
383 1815.74 1815.74
384 1815.74 1815.74
385 1815.74 1815.74
386 1815.74 1815.74
387 1815.74 1815.74
388 1815.74 1815.74
389 1815.74 1815.74
390 1815.74 1815.74
391 1815.74 1815.74
392 1815.74 1815.74
393 1815.74 1815.74
394 1815.74 1815.74
395 1815.74 1815.74
396 1815.74 1815.74
397 1815.74 1815.74
398 1815.74 1815.74
399 1815.74 1815.74
400 1815.74 1815.74
401 1815.74 1815.74
402 1815.74 1815.74
403 1815.74 1815.74
404 1815.74 1815.74
405 1815.74 1815.74
406 1815.74 1815.74
407 1815.74 1815.74
408 1815.74 1815.74
409 1815.74 1815.74
410 1815.74 1815.74
411 1815.74 1815.74
412 1815.74 1815.74
413 1815.74 1815.74
414 1815.74 1815.74
415 1815.74 1815.74
416 1815.74 1815.74
417 1815.74 1815.74
418 1815.74 1815.74
419 1815.74 1815.74
420 1815.74 1815.74
421 1815.74 1815.74
422 1815.74 1815.74
423 1815.74 1815.74
424 1815.74 1815.74
425 1815.74 1815.74
426 1815.74 1815.74
427 1815.74 1815.74
428 1815.74 1815.74
429 1815.74 1815.74
430 1815.74 1815.74
431 1815.74 1815.74
432 1815.74 1815.74
433 1815.74 1815.74
434 1815.74 1815.74
435 1815.74 1815.74
436 1815.74 1815.74
437 1815.74 1815.74
438 1815.74 1815.74
439 1815.74 1815.74
440 1815.74 1815.74
441 1815.74 1815.74
442 1815.74 1815.74
443 1815.74 1815.74
444 1815.74 1815.74
445 1815.74 1815.74
446 1815.74 1815.74
447 1815.74 1815.74
448 1815.74 1815.74
449 1815.74 1815.74
450 1815.74 1815.74
451 1815.74 1815.74
452 1815.74 1815.74
453 1815.74 1815.74
454 1815.74 1815.74
455 1815.74 1815.74
456 1815.74 1815.74
457 1815.74 1815.74
458 1815.74 1815.74
459 1815.74 1815.74
460 1815.74 1815.74
461 1815.74 1815.74
462 1815.74 1815.74
463 1815.74 1815.74
464 1815.74 1815.74
465 1815.74 1815.74
466 1815.74 1815.74
467 1815.74 1815.74
468 1815.74 1815.74
469 1815.74 1815.74
470 1815.74 1815.74
471 1815.74 1815.74
472 1815.74 1815.74
473 1815.74 1815.74
474 1815.74 1815.74
475 1815.74 1815.74
476 1815.74 1815.74
477 1815.74 1815.74
478 1815.74 1815.74
479 1815.74 1815.74
480 1815.74 1815.74
481 1815.74 1815.74
482 1815.74 1815.74
483 1815.74 1815.74
484 1815.74 1815.74
485 1815.74 1815.74
486 1815.74 1815.74
487 1815.74 1815.74
488 1815.74 1815.74
489 1815.74 1815.74
490 1815.74 1815.74
491 1815.74 1815.74
492 1815.74 1815.74
493 1815.74 1815.74
494 1815.74 1815.74
495 1815.74 1815.74
496 1815.74 1815.74
497 1815.74 1815.74
498 1815.74 1815.74
499 1815.74 1815.74
500 1815.74 1815.74
501 1815.74 1815.74
502 1815.74 1815.74
503 1815.74 1815.74
504 1815.74 1815.74
505 1815.74 1815.74
506 1815.74 1815.74
507 1815.74 1815.74
508 1815.74 1815.74
509 1815.74 1815.74
510 1815.74 1815.74
511 1815.74 1815.74
512 1815.74 1815.74
513 1815.74 1815.74
514 1815.74 1815.74
515 1815.74 1815.74
516 1815.74 1815.74
517 1815.74 1815.74
518 1815.74 1815.74
519 1815.74 1815.74
520 1815.74 1815.74
521 1815.74 1815.74
522 1815.74 1815.74
523 1815.74 1815.74
524 1815.74 1815.74
525 1815.74 1815.74
526 1815.74 1815.74
527 1815.74 1815.74
528 1815.74 1815.74
529 1815.74 1815.74
530 1815.74 1815.74
531 1815.74 1815.74
532 1815.74 1815.74
533 1815.74 1815.74
534 1815.74 1815.74
535 1815.74 1815.74
536 1815.74 1815.74
537 1815.74 1815.74
538 1815.74 1815.74
539 1815.74 1815.74
540 1815.74 1815.74
541 1815.74 1815.74
542 1815.74 1815.74
543 1815.74 1815.74
544 1815.74 1815.74
545 1815.74 1815.74
546 1815.74 1815.74
547 1815.74 1815.74
548 1815.74 1815.74
549 1815.74 1815.74
550 1815.74 1815.74
551 1815.74 1815.74
552 1815.74 1815.74
553 1815.74 1815.74
554 1815.74 1815.74
555 1815.74 1815.74
556 1815.74 1815.74
557 1815.74 1815.74
558 1815.74 1815.74
559 1815.74 1815.74
560 1815.74 1815.74
561 1815.74 1815.74
562 1815.74 1815.74
563 1815.74 1815.74
564 1815.74 1815.74
565 1815.74 1815.74
566 1815.74 1815.74
567 1815.74 1815.74
568 1815.74 1815.74
569 1815.74 1815.74
570 1815.74 1815.74
571 1815.74 1815.74
572 1815.74 1815.74
573 1815.74 1815.74
574 1815.74 1815.74
575 1815.74 1815.74
576 1815.74 1815.74
577 1815.74 1815.74
578 1815.74 1815.74
579 1815.74 1815.74
580 1815.74 1815.74
581 1815.74 1815.74
582 1815.74 1815.74
583 1815.74 1815.74
584 1815.74 1815.74
585 1815.74 1815.74
586 1815.74 1815.74
587 1815.74 1815.74
588 1815.74 1815.74
589 1815.74 1815.74
590 1815.74 1815.74
591 1815.74 1815.74
592 1815.74 1815.74
593 1815.74 1815.74
594 1815.74 1815.74
595 1815.74 1815.74
596 1815.74 1815.74
597 1815.74 1815.74
598 1815.74 1815.74
599 1815.74 1815.74
600 1815.74 1815.74
601 1815.74 1815.74
602 1815.74 1815.74
603 1815.74 1815.74
604 1815.74 1815.74
605 1815.74 1815.74
606 1815.74 1815.74
607 1815.74 1815.74
608 1815.74 1815.74
609 1815.74 1815.74
610 1815.74 1815.74
611 1815.74 1815.74
612 1815.74 1815.74
613 1815.74 1815.74
614 1815.74 1815.74
615 1815.74 1815.74
616 1815.74 1815.74
617 1815.74 1815.74
618 1815.74 1815.74
619 1815.74 1815.74
620 1815.74 1815.74
621 1815.74 1815.74
622 1815.74 1815.74
623 1815.74 1815.74
624 1815.74 1815.74
625 1815.74 1815.74
626 1815.74 1815.74
627 1815.74 1815.74
628 1815.74 1815.74
629 1815.74 1815.74
630 1815.74 1815.74
631 1815.74 1815.74
632 1815.74 1815.74
633 1815.74 1815.74
634 1815.74 1815.74
635 1815.74 1815.74
636 1815.74 1815.74
637 1815.74 1815.74
638 1815.74 1815.74
639 1815.74 1815.74
640 1815.74 1815.74
641 1815.74 1815.74
642 1815.74 1815.74
643 1815.74 1815.74
644 1815.74 1815.74
645 1815.74 1815.74
646 1815.74 1815.74
647 1815.74 1815.74
648 1815.74 1815.74
649 1815.74 1815.74
650 1815.74 1815.74
651 1815.74 1815.74
652 1815.74 1815.74
653 1815.74 1815.74
654 1815.74 1815.74
655 1815.74 1815.74
656 1815.74 1815.74
657 1815.74 1815.74
658 1815.74 1815.74
659 1815.74 1815.74
660 1815.74 1815.74
661 1815.74 1815.74
662 1815.74 1815.74
663 1815.74 1815.74
664 1815.74 1815.74
665 1815.74 1815.74
666 1815.74 1815.74
667 1815.74 1815.74
668 1815.74 1815.74
669 1815.74 1815.74
670 1815.74 1815.74
671 1815.74 1815.74
672 1815.74 1815.74
673 1815.74 1815.74
674 1815.74 1815.74
675 1815.74 1815.74
676 1815.74 1815.74
677 1815.74 1815.74
678 1815.74 1815.74
679 1815.74 1815.74
680 1815.74 1815.74
681 1815.74 1815.74
682 1815.74 1815.74
683 1815.74 1815.74
684 1815.74 1815.74
685 1815.74 1815.74
686 1815.74 1815.74
687 1815.74 1815.74
688 1815.74 1815.74
689 1815.74 1815.74
690 1815.74 1815.74
691 1815.74 1815.74
692 1815.74 1815.74
693 1815.74 1815.74
694 1815.74 1815.74
695 1815.74 1815.74
696 1815.74 1815.74
697 1815.74 1815.74
698 1815.74 1815.74
699 1815.74 1815.74
700 1815.74 1815.74
701 1815.74 1815.74
702 1815.74 1815.74
703 1815.74 1815.74
704 1815.74 1815.74
705 1815.74 1815.74
706 1815.74 1815.74
707 1815.74 1815.74
708 1815.74 1815.74
709 1815.74 1815.74
710 1815.74 1815.74
711 1815.74 1815.74
712 1815.74 1815.74
713 1815.74 1815.74
714 1815.74 1815.74
715 1815.74 1815.74
716 1815.74 1815.74
717 1815.74 1815.74
718 1815.74 1815.74
719 1815.74 1815.74
720 1815.74 1815.74
721 1815.74 1815.74
722 1815.74 1815.74
723 1815.74 1815.74
724 1815.74 1815.74
725 1815.74 1815.74
726 1815.74 1815.74
727 1815.74 1815.74
728 1815.74 1815.74
729 1815.74 1815.74
730 1815.74 1815.74
731 1815.74 1815.74
732 1815.74 1815.74
733 1815.74 1815.74
734 1815.74 1815.74
735 1815.74 1815.74
736 1815.74 1815.74
737 1815.74 1815.74
738 1815.74 1815.74
739 1815.74 1815.74
740 1815.74 1815.74
741 1815.74 1815.74
742 1815.74 1815.74
743 1815.74 1815.74
744 1815.74 1815.74
745 1815.74 1815.74
746 1815.74 1815.74
747 1815.74 1815.74
748 1815.74 1815.74
749 1815.74 1815.74
750 1815.74 1815.74
751 1815.74 1815.74
752 1815.74 1815.74
753 1815.74 1815.74
754 1815.74 1815.74
755 1815.74 1815.74
756 1815.74 1815.74
757 1815.74 1815.74
758 1815.74 1815.74
759 1815.74 1815.74
760 1815.74 1815.74
761 1815.74 1815.74
762 1815.74 1815.74
763 1815.74 1815.74
764 1815.74 1815.74
765 1815.74 1815.74
766 1815.74 1815.74
767 1815.74 1815.74
768 1815.74 1815.74
769 1815.74 1815.74
770 1815.74 1815.74
771 1815.74 1815.74
772 1815.74 1815.74
773 1815.74 1815.74
774 1815.74 1815.74
775 1815.74 1815.74
776 1815.74 1815.74
777 1815.74 1815.74
778 1815.74 1815.74
779 1815.74 1815.74
780 1815.74 1815.74
781 1815.74 1815.74
782 1815.74 1815.74
783 1815.74 1815.74
784 1815.74 1815.74
785 1815.74 1815.74
786 1815.74 1815.74
787 1815.74 1815.74
788 1815.74 1815.74
789 1815.74 1815.74
790 1815.74 1815.74
791 1815.74 1815.74
792 1815.74 1815.74
793 1815.74 1815.74
794 1815.74 1815.74
795 1815.74 1815.74
796 1815.74 1815.74
797 1815.74 1815.74
798 1815.74 1815.74
799 1815.74 1815.74
800 1815.74 1815.74
801 1815.74 1815.74
802 1815.74 1815.74
803 1815.74 1815.74
804 1815.74 1815.74
805 1815.74 1815.74
806 1815.74 1815.74
807 1815.74 1815.74
808 1815.74 1815.74
809 1815.74 1815.74
810 1815.74 1815.74
811 1815.74 1815.74
812 1815.74 1815.74
813 1815.74 1815.74
814 1815.74 1815.74
815 1815.74 1815.74
816 1815.74 1815.74
817 1815.74 1815.74
818 1815.74 1815.74
819 1815.74 1815.74
820 1815.74 1815.74
821 1815.74 1815.74
822 1815.74 1815.74
823 1815.74 1815.74
824 1815.74 1815.74
825 1815.74 1815.74
826 1815.74 1815.74
827 1815.74 1815.74
828 1815.74 1815.74
829 1815.74 1815.74
830 1815.74 1815.74
831 1815.74 1815.74
832 1815.74 1815.74
833 1815.74 1815.74
834 1815.74 1815.74
835 1815.74 1815.74
836 1815.74 1815.74
837 1815.74 1815.74
838 1815.74 1815.74
839 1815.74 1815.74
840 1815.74 1815.74
841 1815.74 1815.74
842 1815.74 1815.74
843 1815.74 1815.74
844 1815.74 1815.74
845 1815.74 1815.74
846 1815.74 1815.74
847 1815.74 1815.74
848 1815.74 1815.74
849 1815.74 1815.74
850 1815.74 1815.74
851 1815.74 1815.74
852 1815.74 1815.74
853 1815.74 1815.74
854 1815.74 1815.74
855 1815.74 1815.74
856 1815.74 1815.74
857 1815.74 1815.74
858 1815.74 1815.74
859 1815.74 1815.74
860 1815.74 1815.74
861 1815.74 1815.74
862 1815.74 1815.74
863 1815.74 1815.74
864 1815.74 1815.74
865 1815.74 1815.74
866 1815.74 1815.74
867 1815.74 1815.74
868 1815.74 1815.74
869 1815.74 1815.74
870 1815.74 1815.74
871 1815.74 1815.74
872 1815.74 1815.74
873 1815.74 1815.74
874 1815.74 1815.74
875 1815.74 1815.74
876 1815.74 1815.74
877 1815.74 1815.74
878 1815.74 1815.74
879 1815.74 1815.74
880 1815.74 1815.74
881 1815.74 1815.74
882 1815.74 1815.74
883 1815.74 1815.74
884 1815.74 1815.74
885 1815.74 1815.74
886 1815.74 1815.74
887 1815.74 1815.74
888 1815.74 1815.74
889 1815.74 1815.74
890 1815.74 1815.74
891 1815.74 1815.74
892 1815.74 1815.74
893 1815.74 1815.74
894 1815.74 1815.74
895 1815.74 1815.74
896 1815.74 1815.74
897 1815.74 1815.74
898 1815.74 1815.74
899 1815.74 1815.74
900 1815.74 1815.74
901 1815.74 1815.74
902 1815.74 1815.74
903 1815.74 1815.74
904 1815.74 1815.74
905 1815.74 1815.74
906 1815.74 1815.74
907 1815.74 1815.74
908 1815.74 1815.74
909 1815.74 1815.74
910 1815.74 1815.74
911 1815.74 1815.74
912 1815.74 1815.74
913 1815.74 1815.74
914 1815.74 1815.74
915 1815.74 1815.74
916 1815.74 1815.74
917 1815.74 1815.74
918 1815.74 1815.74
919 1815.74 1815.74
920 1815.74 1815.74
921 1815.74 1815.74
922 1815.74 1815.74
923 1815.74 1815.74
924 1815.74 1815.74
925 1815.74 1815.74
926 1815.74 1815.74
927 1815.74 1815.74
928 1815.74 1815.74
929 1815.74 1815.74
930 1815.74 1815.74
931 1815.74 1815.74
932 1815.74 1815.74
933 1815.74 1815.74
934 1815.74 1815.74
935 1815.74 1815.74
936 1815.74 1815.74
937 1815.74 1815.74
938 1815.74 1815.74
939 1815.74 1815.74
940 1815.74 1815.74
941 1815.74 1815.74
942 1815.74 1815.74
943 1815.74 1815.74
944 1815.74 1815.74
945 1815.74 1815.74
946 1815.74 1815.74
947 1815.74 1815.74
948 1815.74 1815.74
949 1815.74 1815.74
950 1815.74 1815.74
951 1815.74 1815.74
952 1815.74 1815.74
953 1815.74 1815.74
954 1815.74 1815.74
955 1815.74 1815.74
956 1815.74 1815.74
957 1815.74 1815.74
958 1815.74 1815.74
959 1815.74 1815.74
960 1815.74 1815.74
961 1815.74 1815.74
962 1815.74 1815.74
963 1815.74 1815.74
964 1815.74 1815.74
965 1815.74 1815.74
966 1815.74 1815.74
967 1815.74 1815.74
968 1815.74 1815.74
969 1815.74 1815.74
970 1815.74 1815.74
971 1815.74 1815.74
972 1815.74 1815.74
973 1815.74 1815.74
974 1815.74 1815.74
975 1815.74 1815.74
976 1815.74 1815.74
977 1815.74 1815.74
978 1815.74 1815.74
979 1815.74 1815.74
980 1815.74 1815.74
981 1815.74 1815.74
982 1815.74 1815.74
983 1815.74 1815.74
984 1815.74 1815.74
985 1815.74 1815.74
986 1815.74 1815.74
987 1815.74 1815.74
988 1815.74 1815.74
989 1815.74 1815.74
990 1815.74 1815.74
991 1815.74 1815.74
992 1815.74 1815.74
993 1815.74 1815.74
994 1815.74 1815.74
995 1815.74 1815.74
996 1815.74 1815.74
997 1815.74 1815.74
998 1815.74 1815.74
999 1815.74 1815.74
1000 1815.74 1815.74
1001 1815.74 1815.74
1002 1815.74 1815.74
1003 1815.74 1815.74
1004 1815.74 1815.74
1005 1815.74 1815.74
1006 1815.74 1815.74
1007 1815.74 1815.74
1008 1815.74 1815.74
1009 1815.74 1815.74
1010 1815.74 1815.74
1011 1815.74 1815.74
1012 1815.74 1815.74
1013 1815.74 1815.74
1014 1815.74 1815.74
1015 1815.74 1815.74
1016 1815.74 1815.74
1017 1815.74 1815.74
1018 1815.74 1815.74
1019 1815.74 1815.74
1020 1815.74 1815.74
1021 1815.74 1815.74
1022 1815.74 1815.74
1023 1815.74 1815.74
1024 1815.74 1815.74
1025 1815.74 1815.74
1026 1815.74 1815.74
1027 1815.74 1815.74
1028 1815.74 1815.74
1029 1815.74 1815.74
1030 1815.74 1815.74
1031 1815.74 1815.74
1032 1815.74 1815.74
1033 1815.74 1815.74
1034 1815.74 1815.74
1035 1815.74 1815.74
1036 1815.74 1815.74
1037 1815.74 1815.74
1038 1815.74 1815.74
1039 1815.74 1815.74
1040 1815.74 1815.74
1041 1815.74 1815.74
1042 1815.74 1815.74
1043 1815.74 1815.74
1044 1815.74 1815.74
1045 1815.74 1815.74
1046 1815.74 1815.74
1047 1815.74 1815.74
1048 1815.74 1815.74
1049 1815.74 1815.74
1050 1815.74 1815.74
1051 1815.74 1815.74
1052 1815.74 1815.74
1053 1815.74 1815.74
1054 1815.74 1815.74
1055 1815.74 1815.74
1056 1815.74 1815.74
1057 1815.74 1815.74
1058 1815.74 1815.74
1059 1815.74 1815.74
1060 1815.74 1815.74
1061 1815.74 1815.74
1062 1815.74 1815.74
1063 1815.74 1815.74
1064 1815.74 1815.74
1065 1815.74 1815.74
1066 1815.74 1815.74
1067 1815.74 1815.74
1068 1815.74 1815.74
1069 1815.74 1815.74
1070 1815.74 1815.74
1071 1815.74 1815.74
1072 1815.74 1815.74
1073 1815.74 1815.74
1074 1815.74 1815.74
1075 1815.74 1815.74
1076 1815.74 1815.74
1077 1815.74 1815.74
1078 1815.74 1815.74
1079 1815.74 1815.74
1080 1815.74 1815.74
1081 1815.74 1815.74
1082 1815.74 1815.74
1083 1815.74 1815.74
1084 1815.74 1815.74
1085 1815.74 1815.74
1086 1815.74 1815.74
1087 1815.74 1815.74
1088 1815.74 1815.74
1089 1815.74 1815.74
1090 1815.74 1815.74
1091 1815.74 1815.74
1092 1815.74 1815.74
1093 1815.74 1815.74
1094 1815.74 1815.74
1095 1815.74 1815.74
1096 1815.74 1815.74
1097 1815.74 1815.74
1098 1815.74 1815.74
1099 1815.74 1815.74
1100 1815.74 1815.74
1101 1815.74 1815.74
1102 1815.74 1815.74
1103 1815.74 1815.74
1104 1815.74 1815.74
1105 1815.74 1815.74
1106 1815.74 1815.74
1107 1815.74 1815.74
1108 1815.74 1815.74
1109 1815.74 1815.74
1110 1815.74 1815.74
1111 1815.74 1815.74
1112 1815.74 1815.74
1113 1815.74 1815.74
1114 1815.74 1815.74
1115 1815.74 1815.74
1116 1815.74 1815.74
1117 1815.74 1815.74
1118 1815.74 1815.74
1119 1815.74 1815.74
1120 1815.74 1815.74
1121 1815.74 1815.74
1122 1815.74 1815.74
1123 1815.74 1815.74
1124 1815.74 1815.74
1125 1815.74 1815.74
1126 1815.74 1815.74
1127 1815.74 1815.74
1128 1815.74 1815.74
1129 1815.74 1815.74
1130 1815.74 1815.74
1131 1815.74 1815.74
1132 1815.74 1815.74
1133 1815.74 1815.74
1134 1815.74 1815.74
1135 1815.74 1815.74
1136 1815.74 1815.74
1137 1815.74 1815.74
1138 1815.74 1815.74
1139 1815.74 1815.74
1140 1815.74 1815.74
1141 1815.74 1815.74
1142 1815.74 1815.74
1143 1815.74 1815.74
1144 1815.74 1815.74
1145 1815.74 1815.74
1146 1815.74 1815.74
1147 1815.74 1815.74
1148 1815.74 1815.74
1149 1815.74 1815.74
1150 1815.74 1815.74
1151 1815.74 1815.74
1152 1815.74 1815.74
1153 1815.74 1815.74
1154 1815.74 1815.74
1155 1815.74 1815.74
1156 1815.74 1815.74
1157 1815.74 1815.74
1158 1815.74 1815.74
1159 1815.74 1815.74
1160 1815.74 1815.74
1161 1815.74 1815.74
1162 1815.74 1815.74
1163 1815.74 1815.74
1164 1815.74 1815.74
1165 1815.74 1815.74
1166 1815.74 1815.74
1167 1815.74 1815.74
1168 1815.74 1815.74
1169 1815.74 1815.74
1170 1815.74 1815.74
1171 1815.74 1815.74
1172 1815.74 1815.74
1173 1815.74 1815.74
1174 1815.74 1815.74
1175 1815.74 1815.74
1176 1815.74 1815.74
1177 1815.74 1815.74
1178 1815.74 1815.74
1179 1815.74 1815.74
1180 1815.74 1815.74
1181 1815.74 1815.74
1182 1815.74 1815.74
1183 1815.74 1815.74
1184 1815.74 1815.74
1185 1815.74 1815.74
1186 1815.74 1815.74
1187 1815.74 1815.74
1188 1815.74 1815.74
1189 1815.74 1815.74
1190 1815.74 1815.74
1191 1815.74 1815.74
1192 1815.74 1815.74
1193 1815.74 1815.74
1194 1815.74 1815.74
1195 1815.74 1815.74
1196 1815.74 1815.74
1197 1815.74 1815.74
1198 1815.74 1815.74
1199 1815.74 1815.74
1200 1815.74 1815.74
1201 1815.74 1815.74
1202 1815.74 1815.74
1203 1815.74 1815.74
1204 1815.74 1815.74
1205 1815.74 1815.74
1206 1815.74 1815.74
1207 1815.74 1815.74
1208 1815.74 1815.74
1209 1815.74 1815.74
1210 1815.74 1815.74
1211 1815.74 1815.74
1212 1815.74 1815.74
1213 1815.74 1815.74
1214 1815.74 1815.74
1215 1815.74 1815.74
1216 1815.74 1815.74
1217 1815.74 1815.74
1218 1815.74 1815.74
1219 1815.74 1815.74
1220 1815.74 1815.74
1221 1815.74 1815.74
1222 1815.74 1815.74
1223 1815.74 1815.74
1224 1815.74 1815.74
1225 1815.74 1815.74
1226 1815.74 1815.74
1227 1815.74 1815.74
1228 1815.74 1815.74
1229 1815.74 1815.74
1230 1815.74 1815.74
1231 1815.74 1815.74
1232 1815.74 1815.74
1233 1815.74 1815.74
1234 1815.74 1815.74
1235 1815.74 1815.74
1236 1815.74 1815.74
1237 1815.74 1815.74
1238 1815.74 1815.74
1239 1815.74 1815.74
1240 1815.74 1815.74
1241 1815.74 1815.74
1242 1815.74 1815.74
1243 1815.74 1815.74
1244 1815.74 1815.74
1245 1815.74 1815.74
1246 1815.74 1815.74
1247 1815.74 1815.74
1248 1815.74 1815.74
1249 1815.74 1815.74
1250 1815.74 1815.74
1251 1815.74 1815.74
1252 1815.74 1815.74
1253 1815.74 1815.74
1254 1815.74 1815.74
1255 1815.74 1815.74
1256 1815.74 1815.74
1257 1815.74 1815.74
1258 1815.74 1815.74
1259 1815.74 1815.74
1260 1815.74 1815.74
1261 1815.74 1815.74
1262 1815.74 1815.74
1263 1815.74 1815.74
1264 1815.74 1815.74
1265 1815.74 1815.74
1266 1815.74 1815.74
1267 1815.74 1815.74
1268 1815.74 1815.74
1269 1815.74 1815.74
1270 1815.74 1815.74
1271 1815.74 1815.74
1272 1815.74 1815.74
1273 1815.74 1815.74
1274 1815.74 1815.74
1275 1815.74 1815.74
1276 1815.74 1815.74
1277 1815.74 1815.74
1278 1815.74 1815.74
1279 1815.74 1815.74
1280 1815.74 1815.74
1281 1815.74 1815.74
1282 1815.74 1815.74
1283 1815.74 1815.74
1284 1815.74 1815.74
1285 1815.74 1815.74
1286 1815.74 1815.74
1287 1815.74 1815.74
1288 1815.74 1815.74
1289 1815.74 1815.74
1290 1815.74 1815.74
1291 1815.74 1815.74
1292 1815.74 1815.74
1293 1815.74 1815.74
1294 1815.74 1815.74
1295 1815.74 1815.74
1296 1815.74 1815.74
1297 1815.74 1815.74
1298 1815.74 1815.74
1299 1815.74 1815.74
1300 1815.74 1815.74
1301 1815.74 1815.74
1302 1815.74 1815.74
1303 1815.74 1815.74
1304 1815.74 1815.74
1305 1815.74 1815.74
1306 1815.74 1815.74
1307 1815.74 1815.74
1308 1815.74 1815.74
1309 1815.74 1815.74
1310 1815.74 1815.74
1311 1815.74 1815.74
1312 1815.74 1815.74
1313 1815.74 1815.74
1314 1815.74 1815.74
1315 1815.74 1815.74
1316 1815.74 1815.74
1317 1815.74 1815.74
1318 1815.74 1815.74
1319 1815.74 1815.74
1320 1815.74 1815.74
1321 1815.74 1815.74
1322 1815.74 1815.74
1323 1815.74 1815.74
1324 1815.74 1815.74
1325 1815.74 1815.74
1326 1815.74 1815.74
1327 1815.74 1815.74
1328 1815.74 1815.74
1329 1815.74 1815.74
1330 1815.74 1815.74
1331 1815.74 1815.74
1332 1815.74 1815.74
1333 1815.74 1815.74
1334 1815.74 1815.74
1335 1815.74 1815.74
1336 1815.74 1815.74
1337 1815.74 1815.74
1338 1815.74 1815.74
1339 1815.74 1815.74
1340 1815.74 1815.74
1341 1815.74 1815.74
1342 1815.74 1815.74
1343 1815.74 1815.74
1344 1815.74 1815.74
1345 1815.74 1815.74
1346 1815.74 1815.74
1347 1815.74 1815.74
1348 1815.74 1815.74
1349 1815.74 1815.74
1350 1815.74 1815.74
1351 1815.74 1815.74
1352 1815.74 1815.74
1353 1815.74 1815.74
1354 1815.74 1815.74
1355 1815.74 1815.74
1356 1815.74 1815.74
1357 1815.74 1815.74
1358 1815.74 1815.74
1359 1815.74 1815.74
1360 1815.74 1815.74
1361 1815.74 1815.74
1362 1815.74 1815.74
1363 1815.74 1815.74
1364 1815.74 1815.74
1365 1815.74 1815.74
1366 1815.74 1815.74
1367 1815.74 1815.74
1368 1815.74 1815.74
1369 1815.74 1815.74
1370 1815.74 1815.74
1371 1815.74 1815.74
1372 1815.74 1815.74
1373 1815.74 1815.74
1374 1815.74 1815.74
1375 1815.74 1815.74
1376 1815.74 1815.74
1377 1815.74 1815.74
1378 1815.74 1815.74
1379 1815.74 1815.74
1380 1815.74 1815.74
1381 1815.74 1815.74
1382 1815.74 1815.74
1383 1815.74 1815.74
1384 1815.74 1815.74
1385 1815.74 1815.74
1386 1815.74 1815.74
1387 1815.74 1815.74
1388 1815.74 1815.74
1389 1815.74 1815.74
1390 1815.74 1815.74
1391 1815.74 1815.74
1392 1815.74 1815.74
1393 1815.74 1815.74
1394 1815.74 1815.74
1395 1815.74 1815.74
1396 1815.74 1815.74
1397 1815.74 1815.74
1398 1815.74 1815.74
1399 1815.74 1815.74
1400 1815.74 1815.74
1401 1815.74 1815.74
1402 1815.74 1815.74
1403 1815.74 1815.74
1404 1815.74 1815.74
1405 1815.74 1815.74
1406 1815.74 1815.74
1407 1815.74 1815.74
1408 1815.74 1815.74
1409 1815.74 1815.74
1410 1815.74 1815.74
1411 1815.74 1815.74
1412 1815.74 1815.74
1413 1815.74 1815.74
1414 1815.74 1815.74
1415 1815.74 1815.74
1416 1815.74 1815.74
1417 1815.74 1815.74
1418 1815.74 1815.74
1419 1815.74 1815.74
1420 1815.74 1815.74
1421 1815.74 1815.74
1422 1815.74 1815.74
1423 1815.74 1815.74
1424 1815.74 1815.74
1425 1815.74 1815.74
1426 1815.74 1815.74
1427 1815.74 1815.74
1428 1815.74 1815.74
1429 1815.74 1815.74
1430 1815.74 1815.74
1431 1815.74 1815.74
1432 1815.74 1815.74
1433 1815.74 1815.74
1434 1815.74 1815.74
1435 1815.74 1815.74
1436 1815.74 1815.74
1437 1815.74 1815.74
1438 1815.74 1815.74
1439 1815.74 1815.74
1440 1815.74 1815.74
1441 1815.74 1815.74
1442 1815.74 1815.74
1443 1815.74 1815.74
1444 1815.74 1815.74
1445 1815.74 1815.74
1446 1815.74 1815.74
1447 1815.74 1815.74
1448 1815.74 1815.74
1449 1815.74 1815.74
1450 1815.74 1815.74
1451 1815.74 1815.74
1452 1815.74 1815.74
1453 1815.74 1815.74
1454 1815.74 1815.74
1455 1815.74 1815.74
1456 1815.74 1815.74
1457 1815.74 1815.74
1458 1815.74 1815.74
1459 1815.74 1815.74
1460 1815.74 1815.74
1461 1815.74 1815.74
1462 1815.74 1815.74
1463 1815.74 1815.74
1464 1815.74 1815.74
1465 1815.74 1815.74
1466 1815.74 1815.74
1467 1815.74 1815.74
1468 1815.74 1815.74
1469 1815.74 1815.74
1470 1815.74 1815.74
1471 1815.74 1815.74
1472 1815.74 1815.74
1473 1815.74 1815.74
1474 1815.74 1815.74
1475 1815.74 1815.74
1476 1815.74 1815.74
1477 1815.74 1815.74
1478 1815.74 1815.74
1479 1815.74 1815.74
1480 1815.74 1815.74
1481 1815.74 1815.74
1482 1815.74 1815.74
1483 1815.74 1815.74
1484 1815.74 1815.74
1485 1815.74 1815.74
1486 1815.74 1815.74
1487 1815.74 1815.74
1488 1815.74 1815.74
1489 1815.74 1815.74
1490 1815.74 1815.74
1491 1815.74 1815.74
1492 1815.74 1815.74
1493 1815.74 1815.74
1494 1815.74 1815.74
1495 1815.74 1815.74
1496 1815.74 1815.74
1497 1815.74 1815.74
1498 1815.74 1815.74
1499 1815.74 1815.74
1500 1815.74 1815.74
1501 1815.74 1815.74
1502 1815.74 1815.74
1503 1815.74 1815.74
1504 1815.74 1815.74
1505 1815.74 1815.74
1506 1815.74 1815.74
1507 1815.74 1815.74
1508 1815.74 1815.74
1509 1815.74 1815.74
1510 1815.74 1815.74
1511 1815.74 1815.74
1512 1815.74 1815.74
1513 1815.74 1815.74
1514 1815.74 1815.74
1515 1815.74 1815.74
1516 1815.74 1815.74
1517 1815.74 1815.74
1518 1815.74 1815.74
1519 1815.74 1815.74
1520 1815.74 1815.74
1521 1815.74 1815.74
1522 1815.74 1815.74
1523 1815.74 1815.74
1524 1815.74 1815.74
1525 1815.74 1815.74
1526 1815.74 1815.74
1527 1815.74 1815.74
1528 1815.74 1815.74
1529 1815.74 1815.74
1530 1815.74 1815.74
1531 1815.74 1815.74
1532 1815.74 1815.74
1533 1815.74 1815.74
1534 1815.74 1815.74
1535 1815.74 1815.74
1536 1815.74 1815.74
1537 1815.74 1815.74
1538 1815.74 1815.74
1539 1815.74 1815.74
1540 1815.74 1815.74
1541 1815.74 1815.74
1542 1815.74 1815.74
1543 1815.74 1815.74
1544 1815.74 1815.74
1545 1815.74 1815.74
1546 1815.74 1815.74
1547 1815.74 1815.74
1548 1815.74 1815.74
1549 1815.74 1815.74
1550 1815.74 1815.74
1551 1815.74 1815.74
1552 1815.74 1815.74
1553 1815.74 1815.74
1554 1815.74 1815.74
1555 1815.74 1815.74
1556 1815.74 1815.74
1557 1815.74 1815.74
1558 1815.74 1815.74
1559 1815.74 1815.74
1560 1815.74 1815.74
1561 1815.74 1815.74
1562 1815.74 1815.74
1563 1815.74 1815.74
1564 1815.74 1815.74
1565 1815.74 1815.74
1566 1815.74 1815.74
1567 1815.74 1815.74
1568 1815.74 1815.74
1569 1815.74 1815.74
1570 1815.74 1815.74
1571 1815.74 1815.74
1572 1815.74 1815.74
1573 1815.74 1815.74
1574 1815.74 1815.74
1575 1815.74 1815.74
1576 1815.74 1815.74
1577 1815.74 1815.74
1578 1815.74 1815.74
1579 1815.74 1815.74
1580 1815.74 1815.74
1581 1815.74 1815.74
1582 1815.74 1815.74
1583 1815.74 1815.74
1584 1815.74 1815.74
1585 1815.74 1815.74
1586 1815.74 1815.74
1587 1815.74 1815.74
1588 1815.74 1815.74
1589 1815.74 1815.74
1590 1815.74 1815.74
1591 1815.74 1815.74
1592 1815.74 1815.74
1593 1815.74 1815.74
1594 1815.74 1815.74
1595 1815.74 1815.74
1596 1815.74 1815.74
1597 1815.74 1815.74
1598 1815.74 1815.74
1599 1815.74 1815.74
1600 1815.74 1815.74
1601 1815.74 1815.74
1602 1815.74 1815.74
1603 1815.74 1815.74
1604 1815.74 1815.74
1605 1815.74 1815.74
1606 1815.74 1815.74
1607 1815.74 1815.74
1608 1815.74 1815.74
1609 1815.74 1815.74
1610 1815.74 1815.74
1611 1815.74 1815.74
1612 1815.74 1815.74
1613 1815.74 1815.74
1614 1815.74 1815.74
1615 1815.74 1815.74
1616 1815.74 1815.74
1617 1815.74 1815.74
1618 1815.74 1815.74
1619 1815.74 1815.74
1620 1815.74 1815.74
1621 1815.74 1815.74
1622 1815.74 1815.74
1623 1815.74 1815.74
1624 1815.74 1815.74
1625 1815.74 1815.74
1626 1815.74 1815.74
1627 1815.74 1815.74
1628 1815.74 1815.74
1629 1815.74 1815.74
1630 1815.74 1815.74
1631 1815.74 1815.74
1632 1815.74 1815.74
1633 1815.74 1815.74
1634 1815.74 1815.74
1635 1815.74 1815.74
1636 1815.74 1815.74
1637 1815.74 1815.74
1638 1815.74 1815.74
