0 1764.27 1764.27
1 1764.27 1764.27
2 1764.27 1764.27
3 1764.27 1764.27
4 1764.27 1764.27
5 1764.27 1764.27
6 1764.27 1764.27
7 1764.27 1764.27
8 1764.27 1764.27
9 1764.27 1764.27
10 1764.27 1764.27
11 1764.27 1764.27
12 1764.27 1764.27
13 1764.27 1764.27
14 1764.27 1764.27
15 1764.27 1764.27
16 1764.27 1764.27
17 1764.27 1764.27
18 1764.27 1764.27
19 1764.27 1764.27
20 1764.27 1764.27
21 1764.27 1764.27
22 1764.27 1764.27
23 1764.27 1764.27
24 1764.27 1764.27
25 1764.27 1764.27
26 1764.27 1764.27
27 1764.27 1764.27
28 1764.27 1764.27
29 1764.27 1764.27
30 1764.27 1764.27
31 1764.27 1764.27
32 1764.27 1764.27
33 1764.27 1764.27
34 1764.27 1764.27
35 1764.27 1764.27
36 1764.27 1764.27
37 1764.27 1764.27
38 1764.27 1764.27
39 1764.27 1764.27
40 1764.27 1764.27
41 1764.27 1764.27
42 1764.27 1764.27
43 1764.27 1764.27
44 1764.27 1764.27
45 1764.27 1764.27
46 1764.27 1764.27
47 1764.27 1764.27
48 1764.27 1764.27
49 1764.27 1764.27
50 1764.27 1764.27
51 1764.27 1764.27
52 1764.27 1764.27
53 1764.27 1764.27
54 1764.27 1764.27
55 1764.27 1764.27
56 1764.27 1764.27
57 1764.27 1764.27
58 1764.27 1764.27
59 1764.27 1764.27
60 1764.27 1764.27
61 1764.27 1764.27
62 1764.27 1764.27
63 1764.27 1764.27
64 1764.27 1764.27
65 1764.27 1764.27
66 1764.27 1764.27
67 1764.27 1764.27
68 1764.27 1764.27
69 1764.27 1764.27
70 1764.27 1764.27
71 1764.27 1764.27
72 1764.27 1764.27
73 1764.27 1764.27
74 1764.27 1764.27
75 1764.27 1764.27
76 1764.27 1764.27
77 1764.27 1764.27
78 1764.27 1764.27
79 1764.27 1764.27
80 1764.27 1764.27
81 1764.27 1764.27
82 1764.27 1764.27
83 1764.27 1764.27
84 1764.27 1764.27
85 1764.27 1764.27
86 1764.27 1764.27
87 1764.27 1764.27
88 1764.27 1764.27
89 1764.27 1764.27
90 1764.27 1764.27
91 1764.27 1764.27
92 1764.27 1764.27
93 1764.27 1764.27
94 1764.27 1764.27
95 1764.27 1764.27
96 1764.27 1764.27
97 1764.27 1764.27
98 1764.27 1764.27
99 1764.27 1764.27
100 1764.27 1764.27
101 1764.27 1764.27
102 1764.27 1764.27
103 1764.27 1764.27
104 1764.27 1764.27
105 1764.27 1764.27
106 1764.27 1764.27
107 1764.27 1764.27
108 1764.27 1764.27
109 1764.27 1764.27
110 1764.27 1764.27
111 1764.27 1764.27
112 1764.27 1764.27
113 1764.27 1764.27
114 1764.27 1764.27
115 1764.27 1764.27
116 1764.27 1764.27
117 1764.27 1764.27
118 1764.27 1764.27
119 1764.27 1764.27
120 1764.27 1764.27
121 1764.27 1764.27
122 1764.27 1764.27
123 1764.27 1764.27
124 1764.27 1764.27
125 1764.27 1764.27
126 1764.27 1764.27
127 1764.27 1764.27
128 1764.27 1764.27
129 1764.27 1764.27
130 1764.27 1764.27
131 1764.27 1764.27
132 1764.27 1764.27
133 1764.27 1764.27
134 1764.27 1764.27
135 1764.27 1764.27
136 1764.27 1764.27
137 1764.27 1764.27
138 1764.27 1764.27
139 1764.27 1764.27
140 1764.27 1764.27
141 1764.27 1764.27
142 1764.27 1764.27
143 1764.27 1764.27
144 1764.27 1764.27
145 1764.27 1764.27
146 1764.27 1764.27
147 1764.27 1764.27
148 1764.27 1764.27
149 1764.27 1764.27
150 1764.27 1764.27
151 1764.27 1764.27
152 1764.27 1764.27
153 1764.27 1764.27
154 1764.27 1764.27
155 1764.27 1764.27
156 1764.27 1764.27
157 1764.27 1764.27
158 1764.27 1764.27
159 1764.27 1764.27
160 1764.27 1764.27
161 1764.27 1764.27
162 1764.27 1764.27
163 1764.27 1764.27
164 1764.27 1764.27
165 1764.27 1764.27
166 1764.27 1764.27
167 1764.27 1764.27
168 1764.27 1764.27
169 1764.27 1764.27
170 1764.27 1764.27
171 1764.27 1764.27
172 1764.27 1764.27
173 1764.27 1764.27
174 1764.27 1764.27
175 1764.27 1764.27
176 1764.27 1764.27
177 1764.27 1764.27
178 1764.27 1764.27
179 1764.27 1764.27
180 1764.27 1764.27
181 1764.27 1764.27
182 1764.27 1764.27
183 1764.27 1764.27
184 1764.27 1764.27
185 1764.27 1764.27
186 1764.27 1764.27
187 1764.27 1764.27
188 1764.27 1764.27
189 1764.27 1764.27
190 1764.27 1764.27
191 1764.27 1764.27
192 1764.27 1764.27
193 1764.27 1764.27
194 1764.27 1764.27
195 1764.27 1764.27
196 1764.27 1764.27
197 1764.27 1764.27
198 1764.27 1764.27
199 1764.27 1764.27
200 1764.27 1764.27
201 1764.27 1764.27
202 1764.27 1764.27
203 1764.27 1764.27
204 1764.27 1764.27
205 1764.27 1764.27
206 1764.27 1764.27
207 1764.27 1764.27
208 1764.27 1764.27
209 1764.27 1764.27
210 1764.27 1764.27
211 1764.27 1764.27
212 1764.27 1764.27
213 1764.27 1764.27
214 1764.27 1764.27
215 1764.27 1764.27
216 1764.27 1764.27
217 1764.27 1764.27
218 1764.27 1764.27
219 1764.27 1764.27
220 1764.27 1764.27
221 1764.27 1764.27
222 1764.27 1764.27
223 1764.27 1764.27
224 1764.27 1764.27
225 1764.27 1764.27
226 1764.27 1764.27
227 1764.27 1764.27
228 1764.27 1764.27
229 1764.27 1764.27
230 1764.27 1764.27
231 1764.27 1764.27
232 1764.27 1764.27
233 1764.27 1764.27
234 1764.27 1764.27
235 1764.27 1764.27
236 1764.27 1764.27
237 1764.27 1764.27
238 1764.27 1764.27
239 1764.27 1764.27
240 1764.27 1764.27
241 1764.27 1764.27
242 1764.27 1764.27
243 1764.27 1764.27
244 1764.27 1764.27
245 1764.27 1764.27
246 1764.27 1764.27
247 1764.27 1764.27
248 1764.27 1764.27
249 1764.27 1764.27
250 1764.27 1764.27
251 1764.27 1764.27
252 1764.27 1764.27
253 1764.27 1764.27
254 1764.27 1764.27
255 1764.27 1764.27
256 1764.27 1764.27
257 1764.27 1764.27
258 1764.27 1764.27
259 1764.27 1764.27
260 1764.27 1764.27
261 1764.27 1764.27
262 1764.27 1764.27
263 1764.27 1764.27
264 1764.27 1764.27
265 1764.27 1764.27
266 1764.27 1764.27
267 1764.27 1764.27
268 1764.27 1764.27
269 1764.27 1764.27
270 1764.27 1764.27
271 1764.27 1764.27
272 1764.27 1764.27
273 1764.27 1764.27
274 1764.27 1764.27
275 1764.27 1764.27
276 1764.27 1764.27
277 1764.27 1764.27
278 1764.27 1764.27
279 1764.27 1764.27
280 1764.27 1764.27
281 1764.27 1764.27
282 1764.27 1764.27
283 1764.27 1764.27
284 1764.27 1764.27
285 1764.27 1764.27
286 1764.27 1764.27
287 1764.27 1764.27
288 1764.27 1764.27
289 1764.27 1764.27
290 1764.27 1764.27
291 1764.27 1764.27
292 1764.27 1764.27
293 1764.27 1764.27
294 1764.27 1764.27
295 1764.27 1764.27
296 1764.27 1764.27
297 1764.27 1764.27
298 1764.27 1764.27
299 1764.27 1764.27
300 1764.27 1764.27
301 1764.27 1764.27
302 1764.27 1764.27
303 1764.27 1764.27
304 1764.27 1764.27
305 1764.27 1764.27
306 1764.27 1764.27
307 1764.27 1764.27
308 1764.27 1764.27
309 1764.27 1764.27
310 1764.27 1764.27
311 1764.27 1764.27
312 1764.27 1764.27
313 1764.27 1764.27
314 1764.27 1764.27
315 1764.27 1764.27
316 1764.27 1764.27
317 1764.27 1764.27
318 1764.27 1764.27
319 1764.27 1764.27
320 1764.27 1764.27
321 1764.27 1764.27
322 1764.27 1764.27
323 1764.27 1764.27
324 1764.27 1764.27
325 1764.27 1764.27
326 1764.27 1764.27
327 1764.27 1764.27
328 1764.27 1764.27
329 1764.27 1764.27
330 1764.27 1764.27
331 1764.27 1764.27
332 1764.27 1764.27
333 1764.27 1764.27
334 1764.27 1764.27
335 1764.27 1764.27
336 1764.27 1764.27
337 1764.27 1764.27
338 1764.27 1764.27
339 1764.27 1764.27
340 1764.27 1764.27
341 1764.27 1764.27
342 1764.27 1764.27
343 1764.27 1764.27
344 1764.27 1764.27
345 1764.27 1764.27
346 1764.27 1764.27
347 1764.27 1764.27
348 1764.27 1764.27
349 1764.27 1764.27
350 1764.27 1764.27
351 1764.27 1764.27
352 1764.27 1764.27
353 1764.27 1764.27
354 1764.27 1764.27
355 1764.27 1764.27
356 1764.27 1764.27
357 1764.27 1764.27
358 1764.27 1764.27
359 1764.27 1764.27
360 1764.27 1764.27
361 1764.27 1764.27
362 1764.27 1764.27
363 1764.27 1764.27
364 1764.27 1764.27
365 1764.27 1764.27
366 1764.27 1764.27
367 1764.27 1764.27
368 1764.27 1764.27
369 1764.27 1764.27
370 1764.27 1764.27
371 1764.27 1764.27
372 1764.27 1764.27
373 1764.27 1764.27
374 1764.27 1764.27
375 1764.27 1764.27
376 1764.27 1764.27
377 1764.27 1764.27
378 1764.27 1764.27
379 1764.27 1764.27
380 1764.27 1764.27
381 1764.27 1764.27
382 1764.27 1764.27
383 1764.27 1764.27
384 1764.27 1764.27
385 1764.27 1764.27
386 1764.27 1764.27
387 1764.27 1764.27
388 1764.27 1764.27
389 1764.27 1764.27
390 1764.27 1764.27
391 1764.27 1764.27
392 1764.27 1764.27
393 1764.27 1764.27
394 1764.27 1764.27
395 1764.27 1764.27
396 1764.27 1764.27
397 1764.27 1764.27
398 1764.27 1764.27
399 1764.27 1764.27
400 1764.27 1764.27
401 1764.27 1764.27
402 1764.27 1764.27
403 1764.27 1764.27
404 1764.27 1764.27
405 1764.27 1764.27
406 1764.27 1764.27
407 1764.27 1764.27
408 1764.27 1764.27
409 1764.27 1764.27
410 1764.27 1764.27
411 1764.27 1764.27
412 1764.27 1764.27
413 1764.27 1764.27
414 1764.27 1764.27
415 1764.27 1764.27
416 1764.27 1764.27
417 1764.27 1764.27
418 1764.27 1764.27
419 1764.27 1764.27
420 1764.27 1764.27
421 1764.27 1764.27
422 1764.27 1764.27
423 1764.27 1764.27
424 1764.27 1764.27
425 1764.27 1764.27
426 1764.27 1764.27
427 1764.27 1764.27
428 1764.27 1764.27
429 1764.27 1764.27
430 1764.27 1764.27
431 1764.27 1764.27
432 1764.27 1764.27
433 1764.27 1764.27
434 1764.27 1764.27
435 1764.27 1764.27
436 1764.27 1764.27
437 1764.27 1764.27
438 1764.27 1764.27
439 1764.27 1764.27
440 1764.27 1764.27
441 1764.27 1764.27
442 1764.27 1764.27
443 1764.27 1764.27
444 1764.27 1764.27
445 1764.27 1764.27
446 1764.27 1764.27
447 1764.27 1764.27
448 1764.27 1764.27
449 1764.27 1764.27
450 1764.27 1764.27
451 1764.27 1764.27
452 1764.27 1764.27
453 1764.27 1764.27
454 1764.27 1764.27
455 1764.27 1764.27
456 1764.27 1764.27
457 1764.27 1764.27
458 1764.27 1764.27
459 1764.27 1764.27
460 1764.27 1764.27
461 1764.27 1764.27
462 1764.27 1764.27
463 1764.27 1764.27
464 1764.27 1764.27
465 1764.27 1764.27
466 1764.27 1764.27
467 1764.27 1764.27
468 1764.27 1764.27
469 1764.27 1764.27
470 1764.27 1764.27
471 1764.27 1764.27
472 1764.27 1764.27
473 1764.27 1764.27
474 1764.27 1764.27
475 1764.27 1764.27
476 1764.27 1764.27
477 1764.27 1764.27
478 1764.27 1764.27
479 1764.27 1764.27
480 1764.27 1764.27
481 1764.27 1764.27
482 1764.27 1764.27
483 1764.27 1764.27
484 1764.27 1764.27
485 1764.27 1764.27
486 1764.27 1764.27
487 1764.27 1764.27
488 1764.27 1764.27
489 1764.27 1764.27
490 1764.27 1764.27
491 1764.27 1764.27
492 1764.27 1764.27
493 1764.27 1764.27
494 1764.27 1764.27
495 1764.27 1764.27
496 1764.27 1764.27
497 1764.27 1764.27
498 1764.27 1764.27
499 1764.27 1764.27
500 1764.27 1764.27
501 1764.27 1764.27
502 1764.27 1764.27
503 1764.27 1764.27
504 1764.27 1764.27
505 1764.27 1764.27
506 1764.27 1764.27
507 1764.27 1764.27
508 1764.27 1764.27
509 1764.27 1764.27
510 1764.27 1764.27
511 1764.27 1764.27
512 1764.27 1764.27
513 1764.27 1764.27
514 1764.27 1764.27
515 1764.27 1764.27
516 1764.27 1764.27
517 1764.27 1764.27
518 1764.27 1764.27
519 1764.27 1764.27
520 1764.27 1764.27
521 1764.27 1764.27
522 1764.27 1764.27
523 1764.27 1764.27
524 1764.27 1764.27
525 1764.27 1764.27
526 1764.27 1764.27
527 1764.27 1764.27
528 1764.27 1764.27
529 1764.27 1764.27
530 1764.27 1764.27
531 1764.27 1764.27
532 1764.27 1764.27
533 1764.27 1764.27
534 1764.27 1764.27
535 1764.27 1764.27
536 1764.27 1764.27
537 1764.27 1764.27
538 1764.27 1764.27
539 1764.27 1764.27
540 1764.27 1764.27
541 1764.27 1764.27
542 1764.27 1764.27
543 1764.27 1764.27
544 1764.27 1764.27
545 1764.27 1764.27
546 1764.27 1764.27
547 1764.27 1764.27
548 1764.27 1764.27
549 1764.27 1764.27
550 1764.27 1764.27
551 1764.27 1764.27
552 1764.27 1764.27
553 1764.27 1764.27
554 1764.27 1764.27
555 1764.27 1764.27
556 1764.27 1764.27
557 1764.27 1764.27
558 1764.27 1764.27
559 1764.27 1764.27
560 1764.27 1764.27
561 1764.27 1764.27
562 1764.27 1764.27
563 1764.27 1764.27
564 1764.27 1764.27
565 1764.27 1764.27
566 1764.27 1764.27
567 1764.27 1764.27
568 1764.27 1764.27
569 1764.27 1764.27
570 1764.27 1764.27
571 1764.27 1764.27
572 1764.27 1764.27
573 1764.27 1764.27
574 1764.27 1764.27
575 1764.27 1764.27
576 1764.27 1764.27
577 1764.27 1764.27
578 1764.27 1764.27
579 1764.27 1764.27
580 1764.27 1764.27
581 1764.27 1764.27
582 1764.27 1764.27
583 1764.27 1764.27
584 1764.27 1764.27
585 1764.27 1764.27
586 1764.27 1764.27
587 1764.27 1764.27
588 1764.27 1764.27
589 1764.27 1764.27
590 1764.27 1764.27
591 1764.27 1764.27
592 1764.27 1764.27
593 1764.27 1764.27
594 1764.27 1764.27
595 1764.27 1764.27
596 1764.27 1764.27
597 1764.27 1764.27
598 1764.27 1764.27
599 1764.27 1764.27
600 1764.27 1764.27
601 1764.27 1764.27
602 1764.27 1764.27
603 1764.27 1764.27
604 1764.27 1764.27
605 1764.27 1764.27
606 1764.27 1764.27
607 1764.27 1764.27
608 1764.27 1764.27
609 1764.27 1764.27
610 1764.27 1764.27
611 1764.27 1764.27
612 1764.27 1764.27
613 1764.27 1764.27
614 1764.27 1764.27
615 1764.27 1764.27
616 1764.27 1764.27
617 1764.27 1764.27
618 1764.27 1764.27
619 1764.27 1764.27
620 1764.27 1764.27
621 1764.27 1764.27
622 1764.27 1764.27
623 1764.27 1764.27
624 1764.27 1764.27
625 1764.27 1764.27
626 1764.27 1764.27
627 1764.27 1764.27
628 1764.27 1764.27
629 1764.27 1764.27
630 1764.27 1764.27
631 1764.27 1764.27
632 1764.27 1764.27
633 1764.27 1764.27
634 1764.27 1764.27
635 1764.27 1764.27
636 1764.27 1764.27
637 1764.27 1764.27
638 1764.27 1764.27
639 1764.27 1764.27
640 1764.27 1764.27
641 1764.27 1764.27
642 1764.27 1764.27
643 1764.27 1764.27
644 1764.27 1764.27
645 1764.27 1764.27
646 1764.27 1764.27
647 1764.27 1764.27
648 1764.27 1764.27
649 1764.27 1764.27
650 1764.27 1764.27
651 1764.27 1764.27
652 1764.27 1764.27
653 1764.27 1764.27
654 1764.27 1764.27
655 1764.27 1764.27
656 1764.27 1764.27
657 1764.27 1764.27
658 1764.27 1764.27
659 1764.27 1764.27
660 1764.27 1764.27
661 1764.27 1764.27
662 1764.27 1764.27
663 1764.27 1764.27
664 1764.27 1764.27
665 1764.27 1764.27
666 1764.27 1764.27
667 1764.27 1764.27
668 1764.27 1764.27
669 1764.27 1764.27
670 1764.27 1764.27
671 1764.27 1764.27
672 1764.27 1764.27
673 1764.27 1764.27
674 1764.27 1764.27
675 1764.27 1764.27
676 1764.27 1764.27
677 1764.27 1764.27
678 1764.27 1764.27
679 1764.27 1764.27
680 1764.27 1764.27
681 1764.27 1764.27
682 1764.27 1764.27
683 1764.27 1764.27
684 1764.27 1764.27
685 1764.27 1764.27
686 1764.27 1764.27
687 1764.27 1764.27
688 1764.27 1764.27
689 1764.27 1764.27
690 1764.27 1764.27
691 1764.27 1764.27
692 1764.27 1764.27
693 1764.27 1764.27
694 1764.27 1764.27
695 1764.27 1764.27
696 1764.27 1764.27
697 1764.27 1764.27
698 1764.27 1764.27
699 1764.27 1764.27
700 1764.27 1764.27
701 1764.27 1764.27
702 1764.27 1764.27
703 1764.27 1764.27
704 1764.27 1764.27
705 1764.27 1764.27
706 1764.27 1764.27
707 1764.27 1764.27
708 1764.27 1764.27
709 1764.27 1764.27
710 1764.27 1764.27
711 1764.27 1764.27
712 1764.27 1764.27
713 1764.27 1764.27
714 1764.27 1764.27
715 1764.27 1764.27
716 1764.27 1764.27
717 1764.27 1764.27
718 1764.27 1764.27
719 1764.27 1764.27
720 1764.27 1764.27
721 1764.27 1764.27
722 1764.27 1764.27
723 1764.27 1764.27
724 1764.27 1764.27
725 1764.27 1764.27
726 1764.27 1764.27
727 1764.27 1764.27
728 1764.27 1764.27
729 1764.27 1764.27
730 1764.27 1764.27
731 1764.27 1764.27
732 1764.27 1764.27
733 1764.27 1764.27
734 1764.27 1764.27
735 1764.27 1764.27
736 1764.27 1764.27
737 1764.27 1764.27
738 1764.27 1764.27
739 1764.27 1764.27
740 1764.27 1764.27
741 1764.27 1764.27
742 1764.27 1764.27
743 1764.27 1764.27
744 1764.27 1764.27
745 1764.27 1764.27
746 1764.27 1764.27
747 1764.27 1764.27
748 1764.27 1764.27
749 1764.27 1764.27
750 1764.27 1764.27
751 1764.27 1764.27
752 1764.27 1764.27
753 1764.27 1764.27
754 1764.27 1764.27
755 1764.27 1764.27
756 1764.27 1764.27
757 1764.27 1764.27
758 1764.27 1764.27
759 1764.27 1764.27
760 1764.27 1764.27
761 1764.27 1764.27
762 1764.27 1764.27
763 1764.27 1764.27
764 1764.27 1764.27
765 1764.27 1764.27
766 1764.27 1764.27
767 1764.27 1764.27
768 1764.27 1764.27
769 1764.27 1764.27
770 1764.27 1764.27
771 1764.27 1764.27
772 1764.27 1764.27
773 1764.27 1764.27
774 1764.27 1764.27
775 1764.27 1764.27
776 1764.27 1764.27
777 1764.27 1764.27
778 1764.27 1764.27
779 1764.27 1764.27
780 1764.27 1764.27
781 1764.27 1764.27
782 1764.27 1764.27
783 1764.27 1764.27
784 1764.27 1764.27
785 1764.27 1764.27
786 1764.27 1764.27
787 1764.27 1764.27
788 1764.27 1764.27
789 1764.27 1764.27
790 1764.27 1764.27
791 1764.27 1764.27
792 1764.27 1764.27
793 1764.27 1764.27
794 1764.27 1764.27
795 1764.27 1764.27
796 1764.27 1764.27
797 1764.27 1764.27
798 1764.27 1764.27
799 1764.27 1764.27
800 1764.27 1764.27
801 1764.27 1764.27
802 1764.27 1764.27
803 1764.27 1764.27
804 1764.27 1764.27
805 1764.27 1764.27
806 1764.27 1764.27
807 1764.27 1764.27
808 1764.27 1764.27
809 1764.27 1764.27
810 1764.27 1764.27
811 1764.27 1764.27
812 1764.27 1764.27
813 1764.27 1764.27
814 1764.27 1764.27
815 1764.27 1764.27
816 1764.27 1764.27
817 1764.27 1764.27
818 1764.27 1764.27
819 1764.27 1764.27
820 1764.27 1764.27
821 1764.27 1764.27
822 1764.27 1764.27
823 1764.27 1764.27
824 1764.27 1764.27
825 1764.27 1764.27
826 1764.27 1764.27
827 1764.27 1764.27
828 1764.27 1764.27
829 1764.27 1764.27
830 1764.27 1764.27
831 1764.27 1764.27
832 1764.27 1764.27
833 1764.27 1764.27
834 1764.27 1764.27
835 1764.27 1764.27
836 1764.27 1764.27
837 1764.27 1764.27
838 1764.27 1764.27
839 1764.27 1764.27
840 1764.27 1764.27
841 1764.27 1764.27
842 1764.27 1764.27
843 1764.27 1764.27
844 1764.27 1764.27
845 1764.27 1764.27
846 1764.27 1764.27
847 1764.27 1764.27
848 1764.27 1764.27
849 1764.27 1764.27
850 1764.27 1764.27
851 1764.27 1764.27
852 1764.27 1764.27
853 1764.27 1764.27
854 1764.27 1764.27
855 1764.27 1764.27
856 1764.27 1764.27
857 1764.27 1764.27
858 1764.27 1764.27
859 1764.27 1764.27
860 1764.27 1764.27
861 1764.27 1764.27
862 1764.27 1764.27
863 1764.27 1764.27
864 1764.27 1764.27
865 1764.27 1764.27
866 1764.27 1764.27
867 1764.27 1764.27
868 1764.27 1764.27
869 1764.27 1764.27
870 1764.27 1764.27
871 1764.27 1764.27
872 1764.27 1764.27
873 1764.27 1764.27
874 1764.27 1764.27
875 1764.27 1764.27
876 1764.27 1764.27
877 1764.27 1764.27
878 1764.27 1764.27
879 1764.27 1764.27
880 1764.27 1764.27
881 1764.27 1764.27
882 1764.27 1764.27
883 1764.27 1764.27
884 1764.27 1764.27
885 1764.27 1764.27
886 1764.27 1764.27
887 1764.27 1764.27
888 1764.27 1764.27
889 1764.27 1764.27
890 1764.27 1764.27
891 1764.27 1764.27
892 1764.27 1764.27
893 1764.27 1764.27
894 1764.27 1764.27
895 1764.27 1764.27
896 1764.27 1764.27
897 1764.27 1764.27
898 1764.27 1764.27
899 1764.27 1764.27
900 1764.27 1764.27
901 1764.27 1764.27
902 1764.27 1764.27
903 1764.27 1764.27
904 1764.27 1764.27
905 1764.27 1764.27
906 1764.27 1764.27
907 1764.27 1764.27
908 1764.27 1764.27
909 1764.27 1764.27
910 1764.27 1764.27
911 1764.27 1764.27
912 1764.27 1764.27
913 1764.27 1764.27
914 1764.27 1764.27
915 1764.27 1764.27
916 1764.27 1764.27
917 1764.27 1764.27
918 1764.27 1764.27
919 1764.27 1764.27
920 1764.27 1764.27
921 1764.27 1764.27
922 1764.27 1764.27
923 1764.27 1764.27
924 1764.27 1764.27
925 1764.27 1764.27
926 1764.27 1764.27
927 1764.27 1764.27
928 1764.27 1764.27
929 1764.27 1764.27
930 1764.27 1764.27
931 1764.27 1764.27
932 1764.27 1764.27
933 1764.27 1764.27
934 1764.27 1764.27
935 1764.27 1764.27
936 1764.27 1764.27
937 1764.27 1764.27
938 1764.27 1764.27
939 1764.27 1764.27
940 1764.27 1764.27
941 1764.27 1764.27
942 1764.27 1764.27
943 1764.27 1764.27
944 1764.27 1764.27
945 1764.27 1764.27
946 1764.27 1764.27
947 1764.27 1764.27
948 1764.27 1764.27
949 1764.27 1764.27
950 1764.27 1764.27
951 1764.27 1764.27
952 1764.27 1764.27
953 1764.27 1764.27
954 1764.27 1764.27
955 1764.27 1764.27
956 1764.27 1764.27
957 1764.27 1764.27
958 1764.27 1764.27
959 1764.27 1764.27
960 1764.27 1764.27
961 1764.27 1764.27
962 1764.27 1764.27
963 1764.27 1764.27
964 1764.27 1764.27
965 1764.27 1764.27
966 1764.27 1764.27
967 1764.27 1764.27
968 1764.27 1764.27
969 1764.27 1764.27
970 1764.27 1764.27
971 1764.27 1764.27
972 1764.27 1764.27
973 1764.27 1764.27
974 1764.27 1764.27
975 1764.27 1764.27
976 1764.27 1764.27
977 1764.27 1764.27
978 1764.27 1764.27
979 1764.27 1764.27
980 1764.27 1764.27
981 1764.27 1764.27
982 1764.27 1764.27
983 1764.27 1764.27
984 1764.27 1764.27
985 1764.27 1764.27
986 1764.27 1764.27
987 1764.27 1764.27
988 1764.27 1764.27
989 1764.27 1764.27
990 1764.27 1764.27
991 1764.27 1764.27
992 1764.27 1764.27
993 1764.27 1764.27
994 1764.27 1764.27
995 1764.27 1764.27
996 1764.27 1764.27
997 1764.27 1764.27
998 1764.27 1764.27
999 1764.27 1764.27
1000 1764.27 1764.27
1001 1764.27 1764.27
1002 1764.27 1764.27
1003 1764.27 1764.27
1004 1764.27 1764.27
1005 1764.27 1764.27
1006 1764.27 1764.27
1007 1764.27 1764.27
1008 1764.27 1764.27
1009 1764.27 1764.27
1010 1764.27 1764.27
1011 1764.27 1764.27
1012 1764.27 1764.27
1013 1764.27 1764.27
1014 1764.27 1764.27
1015 1764.27 1764.27
1016 1764.27 1764.27
1017 1764.27 1764.27
1018 1764.27 1764.27
1019 1764.27 1764.27
1020 1764.27 1764.27
1021 1764.27 1764.27
1022 1764.27 1764.27
1023 1764.27 1764.27
1024 1764.27 1764.27
1025 1764.27 1764.27
1026 1764.27 1764.27
1027 1764.27 1764.27
1028 1764.27 1764.27
1029 1764.27 1764.27
1030 1764.27 1764.27
1031 1764.27 1764.27
1032 1764.27 1764.27
1033 1764.27 1764.27
1034 1764.27 1764.27
1035 1764.27 1764.27
1036 1764.27 1764.27
1037 1764.27 1764.27
1038 1764.27 1764.27
1039 1764.27 1764.27
1040 1764.27 1764.27
1041 1764.27 1764.27
1042 1764.27 1764.27
1043 1764.27 1764.27
1044 1764.27 1764.27
1045 1764.27 1764.27
1046 1764.27 1764.27
1047 1764.27 1764.27
1048 1764.27 1764.27
1049 1764.27 1764.27
1050 1764.27 1764.27
1051 1764.27 1764.27
1052 1764.27 1764.27
1053 1764.27 1764.27
1054 1764.27 1764.27
1055 1764.27 1764.27
1056 1764.27 1764.27
1057 1764.27 1764.27
1058 1764.27 1764.27
1059 1764.27 1764.27
1060 1764.27 1764.27
1061 1764.27 1764.27
1062 1764.27 1764.27
1063 1764.27 1764.27
1064 1764.27 1764.27
1065 1764.27 1764.27
1066 1764.27 1764.27
1067 1764.27 1764.27
1068 1764.27 1764.27
1069 1764.27 1764.27
1070 1764.27 1764.27
1071 1764.27 1764.27
1072 1764.27 1764.27
1073 1764.27 1764.27
1074 1764.27 1764.27
1075 1764.27 1764.27
1076 1764.27 1764.27
1077 1764.27 1764.27
1078 1764.27 1764.27
1079 1764.27 1764.27
1080 1764.27 1764.27
1081 1764.27 1764.27
1082 1764.27 1764.27
1083 1764.27 1764.27
1084 1764.27 1764.27
1085 1764.27 1764.27
1086 1764.27 1764.27
1087 1764.27 1764.27
1088 1764.27 1764.27
1089 1764.27 1764.27
1090 1764.27 1764.27
1091 1764.27 1764.27
1092 1764.27 1764.27
1093 1764.27 1764.27
1094 1764.27 1764.27
1095 1764.27 1764.27
1096 1764.27 1764.27
1097 1764.27 1764.27
1098 1764.27 1764.27
1099 1764.27 1764.27
1100 1764.27 1764.27
1101 1764.27 1764.27
1102 1764.27 1764.27
1103 1764.27 1764.27
1104 1764.27 1764.27
1105 1764.27 1764.27
1106 1764.27 1764.27
1107 1764.27 1764.27
1108 1764.27 1764.27
1109 1764.27 1764.27
1110 1764.27 1764.27
1111 1764.27 1764.27
1112 1764.27 1764.27
1113 1764.27 1764.27
1114 1764.27 1764.27
1115 1764.27 1764.27
1116 1764.27 1764.27
1117 1764.27 1764.27
1118 1764.27 1764.27
1119 1764.27 1764.27
1120 1764.27 1764.27
1121 1764.27 1764.27
1122 1764.27 1764.27
1123 1764.27 1764.27
1124 1764.27 1764.27
1125 1764.27 1764.27
1126 1764.27 1764.27
1127 1764.27 1764.27
1128 1764.27 1764.27
1129 1764.27 1764.27
1130 1764.27 1764.27
1131 1764.27 1764.27
1132 1764.27 1764.27
1133 1764.27 1764.27
1134 1764.27 1764.27
1135 1764.27 1764.27
1136 1764.27 1764.27
1137 1764.27 1764.27
1138 1764.27 1764.27
1139 1764.27 1764.27
1140 1764.27 1764.27
1141 1764.27 1764.27
1142 1764.27 1764.27
1143 1764.27 1764.27
1144 1764.27 1764.27
1145 1764.27 1764.27
1146 1764.27 1764.27
1147 1764.27 1764.27
1148 1764.27 1764.27
1149 1764.27 1764.27
1150 1764.27 1764.27
1151 1764.27 1764.27
1152 1764.27 1764.27
1153 1764.27 1764.27
1154 1764.27 1764.27
1155 1764.27 1764.27
1156 1764.27 1764.27
1157 1764.27 1764.27
1158 1764.27 1764.27
1159 1764.27 1764.27
1160 1764.27 1764.27
1161 1764.27 1764.27
1162 1764.27 1764.27
1163 1764.27 1764.27
1164 1764.27 1764.27
1165 1764.27 1764.27
1166 1764.27 1764.27
1167 1764.27 1764.27
1168 1764.27 1764.27
1169 1764.27 1764.27
1170 1764.27 1764.27
1171 1764.27 1764.27
1172 1764.27 1764.27
1173 1764.27 1764.27
1174 1764.27 1764.27
1175 1764.27 1764.27
1176 1764.27 1764.27
1177 1764.27 1764.27
1178 1764.27 1764.27
1179 1764.27 1764.27
1180 1764.27 1764.27
1181 1764.27 1764.27
1182 1764.27 1764.27
1183 1764.27 1764.27
1184 1764.27 1764.27
1185 1764.27 1764.27
1186 1764.27 1764.27
1187 1764.27 1764.27
1188 1764.27 1764.27
1189 1764.27 1764.27
1190 1764.27 1764.27
1191 1764.27 1764.27
1192 1764.27 1764.27
1193 1764.27 1764.27
1194 1764.27 1764.27
1195 1764.27 1764.27
1196 1764.27 1764.27
1197 1764.27 1764.27
1198 1764.27 1764.27
1199 1764.27 1764.27
1200 1764.27 1764.27
1201 1764.27 1764.27
1202 1764.27 1764.27
1203 1764.27 1764.27
1204 1764.27 1764.27
1205 1764.27 1764.27
1206 1764.27 1764.27
1207 1764.27 1764.27
1208 1764.27 1764.27
1209 1764.27 1764.27
1210 1764.27 1764.27
1211 1764.27 1764.27
1212 1764.27 1764.27
1213 1764.27 1764.27
1214 1764.27 1764.27
1215 1764.27 1764.27
1216 1764.27 1764.27
1217 1764.27 1764.27
1218 1764.27 1764.27
1219 1764.27 1764.27
1220 1764.27 1764.27
1221 1764.27 1764.27
1222 1764.27 1764.27
1223 1764.27 1764.27
1224 1764.27 1764.27
1225 1764.27 1764.27
1226 1764.27 1764.27
1227 1764.27 1764.27
1228 1764.27 1764.27
1229 1764.27 1764.27
1230 1764.27 1764.27
1231 1764.27 1764.27
1232 1764.27 1764.27
1233 1764.27 1764.27
1234 1764.27 1764.27
1235 1764.27 1764.27
1236 1764.27 1764.27
1237 1764.27 1764.27
1238 1764.27 1764.27
1239 1764.27 1764.27
1240 1764.27 1764.27
1241 1764.27 1764.27
1242 1764.27 1764.27
1243 1764.27 1764.27
1244 1764.27 1764.27
1245 1764.27 1764.27
1246 1764.27 1764.27
1247 1764.27 1764.27
1248 1764.27 1764.27
1249 1764.27 1764.27
1250 1764.27 1764.27
1251 1764.27 1764.27
1252 1764.27 1764.27
1253 1764.27 1764.27
1254 1764.27 1764.27
1255 1764.27 1764.27
1256 1764.27 1764.27
1257 1764.27 1764.27
1258 1764.27 1764.27
1259 1764.27 1764.27
1260 1764.27 1764.27
1261 1764.27 1764.27
1262 1764.27 1764.27
1263 1764.27 1764.27
1264 1764.27 1764.27
1265 1764.27 1764.27
1266 1764.27 1764.27
1267 1764.27 1764.27
1268 1764.27 1764.27
1269 1764.27 1764.27
1270 1764.27 1764.27
1271 1764.27 1764.27
1272 1764.27 1764.27
1273 1764.27 1764.27
1274 1764.27 1764.27
1275 1764.27 1764.27
1276 1764.27 1764.27
1277 1764.27 1764.27
1278 1764.27 1764.27
1279 1764.27 1764.27
1280 1764.27 1764.27
1281 1764.27 1764.27
1282 1764.27 1764.27
1283 1764.27 1764.27
1284 1764.27 1764.27
1285 1764.27 1764.27
1286 1764.27 1764.27
1287 1764.27 1764.27
1288 1764.27 1764.27
1289 1764.27 1764.27
1290 1764.27 1764.27
1291 1764.27 1764.27
1292 1764.27 1764.27
1293 1764.27 1764.27
1294 1764.27 1764.27
1295 1764.27 1764.27
1296 1764.27 1764.27
1297 1764.27 1764.27
1298 1764.27 1764.27
1299 1764.27 1764.27
1300 1764.27 1764.27
1301 1764.27 1764.27
1302 1764.27 1764.27
1303 1764.27 1764.27
1304 1764.27 1764.27
1305 1764.27 1764.27
1306 1764.27 1764.27
1307 1764.27 1764.27
1308 1764.27 1764.27
1309 1764.27 1764.27
1310 1764.27 1764.27
1311 1764.27 1764.27
1312 1764.27 1764.27
1313 1764.27 1764.27
1314 1764.27 1764.27
1315 1764.27 1764.27
1316 1764.27 1764.27
1317 1764.27 1764.27
1318 1764.27 1764.27
1319 1764.27 1764.27
1320 1764.27 1764.27
1321 1764.27 1764.27
1322 1764.27 1764.27
1323 1764.27 1764.27
1324 1764.27 1764.27
1325 1764.27 1764.27
1326 1764.27 1764.27
1327 1764.27 1764.27
1328 1764.27 1764.27
1329 1764.27 1764.27
1330 1764.27 1764.27
1331 1764.27 1764.27
1332 1764.27 1764.27
1333 1764.27 1764.27
1334 1764.27 1764.27
1335 1764.27 1764.27
1336 1764.27 1764.27
1337 1764.27 1764.27
1338 1764.27 1764.27
1339 1764.27 1764.27
1340 1764.27 1764.27
1341 1764.27 1764.27
1342 1764.27 1764.27
1343 1764.27 1764.27
1344 1764.27 1764.27
1345 1764.27 1764.27
1346 1764.27 1764.27
1347 1764.27 1764.27
1348 1764.27 1764.27
1349 1764.27 1764.27
1350 1764.27 1764.27
1351 1764.27 1764.27
1352 1764.27 1764.27
1353 1764.27 1764.27
1354 1764.27 1764.27
1355 1764.27 1764.27
1356 1764.27 1764.27
1357 1764.27 1764.27
1358 1764.27 1764.27
1359 1764.27 1764.27
1360 1764.27 1764.27
1361 1764.27 1764.27
1362 1764.27 1764.27
1363 1764.27 1764.27
1364 1764.27 1764.27
1365 1764.27 1764.27
1366 1764.27 1764.27
1367 1764.27 1764.27
1368 1764.27 1764.27
1369 1764.27 1764.27
1370 1764.27 1764.27
1371 1764.27 1764.27
1372 1764.27 1764.27
1373 1764.27 1764.27
1374 1764.27 1764.27
1375 1764.27 1764.27
1376 1764.27 1764.27
1377 1764.27 1764.27
1378 1764.27 1764.27
1379 1764.27 1764.27
1380 1764.27 1764.27
1381 1764.27 1764.27
1382 1764.27 1764.27
1383 1764.27 1764.27
1384 1764.27 1764.27
1385 1764.27 1764.27
1386 1764.27 1764.27
1387 1764.27 1764.27
1388 1764.27 1764.27
1389 1764.27 1764.27
1390 1764.27 1764.27
1391 1764.27 1764.27
1392 1764.27 1764.27
1393 1764.27 1764.27
1394 1764.27 1764.27
1395 1764.27 1764.27
1396 1764.27 1764.27
1397 1764.27 1764.27
1398 1764.27 1764.27
1399 1764.27 1764.27
1400 1764.27 1764.27
1401 1764.27 1764.27
1402 1764.27 1764.27
1403 1764.27 1764.27
1404 1764.27 1764.27
1405 1764.27 1764.27
1406 1764.27 1764.27
1407 1764.27 1764.27
1408 1764.27 1764.27
1409 1764.27 1764.27
1410 1764.27 1764.27
1411 1764.27 1764.27
1412 1764.27 1764.27
1413 1764.27 1764.27
1414 1764.27 1764.27
1415 1764.27 1764.27
1416 1764.27 1764.27
1417 1764.27 1764.27
1418 1764.27 1764.27
1419 1764.27 1764.27
1420 1764.27 1764.27
1421 1764.27 1764.27
1422 1764.27 1764.27
1423 1764.27 1764.27
1424 1764.27 1764.27
1425 1764.27 1764.27
1426 1764.27 1764.27
1427 1764.27 1764.27
1428 1764.27 1764.27
1429 1764.27 1764.27
1430 1764.27 1764.27
1431 1764.27 1764.27
1432 1764.27 1764.27
1433 1764.27 1764.27
1434 1764.27 1764.27
1435 1764.27 1764.27
1436 1764.27 1764.27
1437 1764.27 1764.27
1438 1764.27 1764.27
1439 1764.27 1764.27
1440 1764.27 1764.27
1441 1764.27 1764.27
1442 1764.27 1764.27
1443 1764.27 1764.27
1444 1764.27 1764.27
1445 1764.27 1764.27
1446 1764.27 1764.27
1447 1764.27 1764.27
1448 1764.27 1764.27
1449 1764.27 1764.27
1450 1764.27 1764.27
1451 1764.27 1764.27
1452 1764.27 1764.27
1453 1764.27 1764.27
1454 1764.27 1764.27
1455 1764.27 1764.27
1456 1764.27 1764.27
1457 1764.27 1764.27
1458 1764.27 1764.27
1459 1764.27 1764.27
1460 1764.27 1764.27
1461 1764.27 1764.27
1462 1764.27 1764.27
1463 1764.27 1764.27
1464 1764.27 1764.27
1465 1764.27 1764.27
1466 1764.27 1764.27
1467 1764.27 1764.27
1468 1764.27 1764.27
1469 1764.27 1764.27
1470 1764.27 1764.27
1471 1764.27 1764.27
1472 1764.27 1764.27
1473 1764.27 1764.27
1474 1764.27 1764.27
1475 1764.27 1764.27
1476 1764.27 1764.27
1477 1764.27 1764.27
1478 1764.27 1764.27
1479 1764.27 1764.27
1480 1764.27 1764.27
1481 1764.27 1764.27
1482 1764.27 1764.27
1483 1764.27 1764.27
1484 1764.27 1764.27
1485 1764.27 1764.27
1486 1764.27 1764.27
1487 1764.27 1764.27
1488 1764.27 1764.27
1489 1764.27 1764.27
1490 1764.27 1764.27
1491 1764.27 1764.27
1492 1764.27 1764.27
1493 1764.27 1764.27
1494 1764.27 1764.27
1495 1764.27 1764.27
1496 1764.27 1764.27
1497 1764.27 1764.27
1498 1764.27 1764.27
1499 1764.27 1764.27
1500 1764.27 1764.27
1501 1764.27 1764.27
1502 1764.27 1764.27
1503 1764.27 1764.27
1504 1764.27 1764.27
1505 1764.27 1764.27
1506 1764.27 1764.27
1507 1764.27 1764.27
1508 1764.27 1764.27
1509 1764.27 1764.27
1510 1764.27 1764.27
1511 1764.27 1764.27
1512 1764.27 1764.27
1513 1764.27 1764.27
1514 1764.27 1764.27
1515 1764.27 1764.27
1516 1764.27 1764.27
1517 1764.27 1764.27
1518 1764.27 1764.27
1519 1764.27 1764.27
1520 1764.27 1764.27
1521 1764.27 1764.27
1522 1764.27 1764.27
1523 1764.27 1764.27
1524 1764.27 1764.27
1525 1764.27 1764.27
1526 1764.27 1764.27
1527 1764.27 1764.27
1528 1764.27 1764.27
1529 1764.27 1764.27
1530 1764.27 1764.27
1531 1764.27 1764.27
1532 1764.27 1764.27
1533 1764.27 1764.27
1534 1764.27 1764.27
1535 1764.27 1764.27
1536 1764.27 1764.27
1537 1764.27 1764.27
1538 1764.27 1764.27
1539 1764.27 1764.27
1540 1764.27 1764.27
1541 1764.27 1764.27
1542 1764.27 1764.27
1543 1764.27 1764.27
1544 1764.27 1764.27
1545 1764.27 1764.27
1546 1764.27 1764.27
1547 1764.27 1764.27
1548 1764.27 1764.27
1549 1764.27 1764.27
1550 1764.27 1764.27
1551 1764.27 1764.27
1552 1764.27 1764.27
1553 1764.27 1764.27
1554 1764.27 1764.27
1555 1764.27 1764.27
1556 1764.27 1764.27
1557 1764.27 1764.27
1558 1764.27 1764.27
1559 1764.27 1764.27
1560 1764.27 1764.27
1561 1764.27 1764.27
1562 1764.27 1764.27
1563 1764.27 1764.27
1564 1764.27 1764.27
1565 1764.27 1764.27
1566 1764.27 1764.27
1567 1764.27 1764.27
1568 1764.27 1764.27
1569 1764.27 1764.27
1570 1764.27 1764.27
1571 1764.27 1764.27
1572 1764.27 1764.27
1573 1764.27 1764.27
1574 1764.27 1764.27
1575 1764.27 1764.27
1576 1764.27 1764.27
1577 1764.27 1764.27
1578 1764.27 1764.27
1579 1764.27 1764.27
1580 1764.27 1764.27
1581 1764.27 1764.27
1582 1764.27 1764.27
1583 1764.27 1764.27
1584 1764.27 1764.27
1585 1764.27 1764.27
1586 1764.27 1764.27
1587 1764.27 1764.27
1588 1764.27 1764.27
1589 1764.27 1764.27
1590 1764.27 1764.27
1591 1764.27 1764.27
1592 1764.27 1764.27
1593 1764.27 1764.27
1594 1764.27 1764.27
1595 1764.27 1764.27
1596 1764.27 1764.27
1597 1764.27 1764.27
1598 1764.27 1764.27
1599 1764.27 1764.27
1600 1764.27 1764.27
1601 1764.27 1764.27
1602 1764.27 1764.27
1603 1764.27 1764.27
1604 1764.27 1764.27
1605 1764.27 1764.27
1606 1764.27 1764.27
1607 1764.27 1764.27
1608 1764.27 1764.27
1609 1764.27 1764.27
1610 1764.27 1764.27
1611 1764.27 1764.27
1612 1764.27 1764.27
1613 1764.27 1764.27
1614 1764.27 1764.27
1615 1764.27 1764.27
1616 1764.27 1764.27
1617 1764.27 1764.27
1618 1764.27 1764.27
1619 1764.27 1764.27
1620 1764.27 1764.27
1621 1764.27 1764.27
1622 1764.27 1764.27
1623 1764.27 1764.27
1624 1764.27 1764.27
1625 1764.27 1764.27
1626 1764.27 1764.27
1627 1764.27 1764.27
1628 1764.27 1764.27
1629 1764.27 1764.27
1630 1764.27 1764.27
1631 1764.27 1764.27
1632 1764.27 1764.27
1633 1764.27 1764.27
1634 1764.27 1764.27
1635 1764.27 1764.27
1636 1764.27 1764.27
1637 1764.27 1764.27
1638 1764.27 1764.27
1639 1764.27 1764.27
1640 1764.27 1764.27
1641 1764.27 1764.27
1642 1764.27 1764.27
1643 1764.27 1764.27
1644 1764.27 1764.27
1645 1764.27 1764.27
1646 1764.27 1764.27
1647 1764.27 1764.27
1648 1764.27 1764.27
1649 1764.27 1764.27
1650 1764.27 1764.27
1651 1764.27 1764.27
1652 1764.27 1764.27
1653 1764.27 1764.27
1654 1764.27 1764.27
1655 1764.27 1764.27
1656 1764.27 1764.27
1657 1764.27 1764.27
1658 1764.27 1764.27
1659 1764.27 1764.27
1660 1764.27 1764.27
1661 1764.27 1764.27
1662 1764.27 1764.27
1663 1764.27 1764.27
1664 1764.27 1764.27
1665 1764.27 1764.27
1666 1764.27 1764.27
1667 1764.27 1764.27
1668 1764.27 1764.27
1669 1764.27 1764.27
1670 1764.27 1764.27
1671 1764.27 1764.27
1672 1764.27 1764.27
1673 1764.27 1764.27
1674 1764.27 1764.27
1675 1764.27 1764.27
1676 1764.27 1764.27
1677 1764.27 1764.27
1678 1764.27 1764.27
1679 1764.27 1764.27
1680 1764.27 1764.27
1681 1764.27 1764.27
1682 1764.27 1764.27
1683 1764.27 1764.27
1684 1764.27 1764.27
1685 1764.27 1764.27
1686 1764.27 1764.27
1687 1764.27 1764.27
1688 1764.27 1764.27
1689 1764.27 1764.27
1690 1764.27 1764.27
1691 1764.27 1764.27
1692 1764.27 1764.27
1693 1764.27 1764.27
1694 1764.27 1764.27
1695 1764.27 1764.27
1696 1764.27 1764.27
