0 1763.63 1763.63
1 1763.63 1763.63
2 1763.63 1763.63
3 1763.63 1763.63
4 1763.63 1763.63
5 1763.63 1763.63
6 1763.63 1763.63
7 1763.63 1763.63
8 1763.63 1763.63
9 1763.63 1763.63
10 1763.63 1763.63
11 1763.63 1763.63
12 1763.63 1763.63
13 1763.63 1763.63
14 1763.63 1763.63
15 1763.63 1763.63
16 1763.63 1763.63
17 1763.63 1763.63
18 1763.63 1763.63
19 1763.63 1763.63
20 1763.63 1763.63
21 1763.63 1763.63
22 1763.63 1763.63
23 1763.63 1763.63
24 1763.63 1763.63
25 1763.63 1763.63
26 1763.63 1763.63
27 1763.63 1763.63
28 1763.63 1763.63
29 1763.63 1763.63
30 1763.63 1763.63
31 1763.63 1763.63
32 1763.63 1763.63
33 1763.63 1763.63
34 1763.63 1763.63
35 1763.63 1763.63
36 1763.63 1763.63
37 1763.63 1763.63
38 1763.63 1763.63
39 1763.63 1763.63
40 1763.63 1763.63
41 1763.63 1763.63
42 1763.63 1763.63
43 1763.63 1763.63
44 1763.63 1763.63
45 1763.63 1763.63
46 1763.63 1763.63
47 1763.63 1763.63
48 1763.63 1763.63
49 1763.63 1763.63
50 1763.63 1763.63
51 1763.63 1763.63
52 1763.63 1763.63
53 1763.63 1763.63
54 1763.63 1763.63
55 1763.63 1763.63
56 1763.63 1763.63
57 1763.63 1763.63
58 1763.63 1763.63
59 1763.63 1763.63
60 1763.63 1763.63
61 1763.63 1763.63
62 1763.63 1763.63
63 1763.63 1763.63
64 1763.63 1763.63
65 1763.63 1763.63
66 1763.63 1763.63
67 1763.63 1763.63
68 1763.63 1763.63
69 1763.63 1763.63
70 1763.63 1763.63
71 1763.63 1763.63
72 1763.63 1763.63
73 1763.63 1763.63
74 1763.63 1763.63
75 1763.63 1763.63
76 1763.63 1763.63
77 1763.63 1763.63
78 1763.63 1763.63
79 1763.63 1763.63
80 1763.63 1763.63
81 1763.63 1763.63
82 1763.63 1763.63
83 1763.63 1763.63
84 1763.63 1763.63
85 1763.63 1763.63
86 1763.63 1763.63
87 1763.63 1763.63
88 1763.63 1763.63
89 1763.63 1763.63
90 1763.63 1763.63
91 1763.63 1763.63
92 1763.63 1763.63
93 1763.63 1763.63
94 1763.63 1763.63
95 1763.63 1763.63
96 1763.63 1763.63
97 1763.63 1763.63
98 1763.63 1763.63
99 1763.63 1763.63
100 1763.63 1763.63
101 1763.63 1763.63
102 1763.63 1763.63
103 1763.63 1763.63
104 1763.63 1763.63
105 1763.63 1763.63
106 1763.63 1763.63
107 1763.63 1763.63
108 1763.63 1763.63
109 1763.63 1763.63
110 1763.63 1763.63
111 1763.63 1763.63
112 1763.63 1763.63
113 1763.63 1763.63
114 1763.63 1763.63
115 1763.63 1763.63
116 1763.63 1763.63
117 1763.63 1763.63
118 1763.63 1763.63
119 1763.63 1763.63
120 1763.63 1763.63
121 1763.63 1763.63
122 1763.63 1763.63
123 1763.63 1763.63
124 1763.63 1763.63
125 1763.63 1763.63
126 1763.63 1763.63
127 1763.63 1763.63
128 1763.63 1763.63
129 1763.63 1763.63
130 1763.63 1763.63
131 1763.63 1763.63
132 1763.63 1763.63
133 1763.63 1763.63
134 1763.63 1763.63
135 1763.63 1763.63
136 1763.63 1763.63
137 1763.63 1763.63
138 1763.63 1763.63
139 1763.63 1763.63
140 1763.63 1763.63
141 1763.63 1763.63
142 1763.63 1763.63
143 1763.63 1763.63
144 1763.63 1763.63
145 1763.63 1763.63
146 1763.63 1763.63
147 1763.63 1763.63
148 1763.63 1763.63
149 1763.63 1763.63
150 1763.63 1763.63
151 1763.63 1763.63
152 1763.63 1763.63
153 1763.63 1763.63
154 1763.63 1763.63
155 1763.63 1763.63
156 1763.63 1763.63
157 1763.63 1763.63
158 1763.63 1763.63
159 1763.63 1763.63
160 1763.63 1763.63
161 1763.63 1763.63
162 1763.63 1763.63
163 1763.63 1763.63
164 1763.63 1763.63
165 1763.63 1763.63
166 1763.63 1763.63
167 1763.63 1763.63
168 1763.63 1763.63
169 1763.63 1763.63
170 1763.63 1763.63
171 1763.63 1763.63
172 1763.63 1763.63
173 1763.63 1763.63
174 1763.63 1763.63
175 1763.63 1763.63
176 1763.63 1763.63
177 1763.63 1763.63
178 1763.63 1763.63
179 1763.63 1763.63
180 1763.63 1763.63
181 1763.63 1763.63
182 1763.63 1763.63
183 1763.63 1763.63
184 1763.63 1763.63
185 1763.63 1763.63
186 1763.63 1763.63
187 1763.63 1763.63
188 1763.63 1763.63
189 1763.63 1763.63
190 1763.63 1763.63
191 1763.63 1763.63
192 1763.63 1763.63
193 1763.63 1763.63
194 1763.63 1763.63
195 1763.63 1763.63
196 1763.63 1763.63
197 1763.63 1763.63
198 1763.63 1763.63
199 1763.63 1763.63
200 1763.63 1763.63
201 1763.63 1763.63
202 1763.63 1763.63
203 1763.63 1763.63
204 1763.63 1763.63
205 1763.63 1763.63
206 1763.63 1763.63
207 1763.63 1763.63
208 1763.63 1763.63
209 1763.63 1763.63
210 1763.63 1763.63
211 1763.63 1763.63
212 1763.63 1763.63
213 1763.63 1763.63
214 1763.63 1763.63
215 1763.63 1763.63
216 1763.63 1763.63
217 1763.63 1763.63
218 1763.63 1763.63
219 1763.63 1763.63
220 1763.63 1763.63
221 1763.63 1763.63
222 1763.63 1763.63
223 1763.63 1763.63
224 1763.63 1763.63
225 1763.63 1763.63
226 1763.63 1763.63
227 1763.63 1763.63
228 1763.63 1763.63
229 1763.63 1763.63
230 1763.63 1763.63
231 1763.63 1763.63
232 1763.63 1763.63
233 1763.63 1763.63
234 1763.63 1763.63
235 1763.63 1763.63
236 1763.63 1763.63
237 1763.63 1763.63
238 1763.63 1763.63
239 1763.63 1763.63
240 1763.63 1763.63
241 1763.63 1763.63
242 1763.63 1763.63
243 1763.63 1763.63
244 1763.63 1763.63
245 1763.63 1763.63
246 1763.63 1763.63
247 1763.63 1763.63
248 1763.63 1763.63
249 1763.63 1763.63
250 1763.63 1763.63
251 1763.63 1763.63
252 1763.63 1763.63
253 1763.63 1763.63
254 1763.63 1763.63
255 1763.63 1763.63
256 1763.63 1763.63
257 1763.63 1763.63
258 1763.63 1763.63
259 1763.63 1763.63
260 1763.63 1763.63
261 1763.63 1763.63
262 1763.63 1763.63
263 1763.63 1763.63
264 1763.63 1763.63
265 1763.63 1763.63
266 1763.63 1763.63
267 1763.63 1763.63
268 1763.63 1763.63
269 1763.63 1763.63
270 1763.63 1763.63
271 1763.63 1763.63
272 1763.63 1763.63
273 1763.63 1763.63
274 1763.63 1763.63
275 1763.63 1763.63
276 1763.63 1763.63
277 1763.63 1763.63
278 1763.63 1763.63
279 1763.63 1763.63
280 1763.63 1763.63
281 1763.63 1763.63
282 1763.63 1763.63
283 1763.63 1763.63
284 1763.63 1763.63
285 1763.63 1763.63
286 1763.63 1763.63
287 1763.63 1763.63
288 1763.63 1763.63
289 1763.63 1763.63
290 1763.63 1763.63
291 1763.63 1763.63
292 1763.63 1763.63
293 1763.63 1763.63
294 1763.63 1763.63
295 1763.63 1763.63
296 1763.63 1763.63
297 1763.63 1763.63
298 1763.63 1763.63
299 1763.63 1763.63
300 1763.63 1763.63
301 1763.63 1763.63
302 1763.63 1763.63
303 1763.63 1763.63
304 1763.63 1763.63
305 1763.63 1763.63
306 1763.63 1763.63
307 1763.63 1763.63
308 1763.63 1763.63
309 1763.63 1763.63
310 1763.63 1763.63
311 1763.63 1763.63
312 1763.63 1763.63
313 1763.63 1763.63
314 1763.63 1763.63
315 1763.63 1763.63
316 1763.63 1763.63
317 1763.63 1763.63
318 1763.63 1763.63
319 1763.63 1763.63
320 1763.63 1763.63
321 1763.63 1763.63
322 1763.63 1763.63
323 1763.63 1763.63
324 1763.63 1763.63
325 1763.63 1763.63
326 1763.63 1763.63
327 1763.63 1763.63
328 1763.63 1763.63
329 1763.63 1763.63
330 1763.63 1763.63
331 1763.63 1763.63
332 1763.63 1763.63
333 1763.63 1763.63
334 1763.63 1763.63
335 1763.63 1763.63
336 1763.63 1763.63
337 1763.63 1763.63
338 1763.63 1763.63
339 1763.63 1763.63
340 1763.63 1763.63
341 1763.63 1763.63
342 1763.63 1763.63
343 1763.63 1763.63
344 1763.63 1763.63
345 1763.63 1763.63
346 1763.63 1763.63
347 1763.63 1763.63
348 1763.63 1763.63
349 1763.63 1763.63
350 1763.63 1763.63
351 1763.63 1763.63
352 1763.63 1763.63
353 1763.63 1763.63
354 1763.63 1763.63
355 1763.63 1763.63
356 1763.63 1763.63
357 1763.63 1763.63
358 1763.63 1763.63
359 1763.63 1763.63
360 1763.63 1763.63
361 1763.63 1763.63
362 1763.63 1763.63
363 1763.63 1763.63
364 1763.63 1763.63
365 1763.63 1763.63
366 1763.63 1763.63
367 1763.63 1763.63
368 1763.63 1763.63
369 1763.63 1763.63
370 1763.63 1763.63
371 1763.63 1763.63
372 1763.63 1763.63
373 1763.63 1763.63
374 1763.63 1763.63
375 1763.63 1763.63
376 1763.63 1763.63
377 1763.63 1763.63
378 1763.63 1763.63
379 1763.63 1763.63
380 1763.63 1763.63
381 1763.63 1763.63
382 1763.63 1763.63
383 1763.63 1763.63
384 1763.63 1763.63
385 1763.63 1763.63
386 1763.63 1763.63
387 1763.63 1763.63
388 1763.63 1763.63
389 1763.63 1763.63
390 1763.63 1763.63
391 1763.63 1763.63
392 1763.63 1763.63
393 1763.63 1763.63
394 1763.63 1763.63
395 1763.63 1763.63
396 1763.63 1763.63
397 1763.63 1763.63
398 1763.63 1763.63
399 1763.63 1763.63
400 1763.63 1763.63
401 1763.63 1763.63
402 1763.63 1763.63
403 1763.63 1763.63
404 1763.63 1763.63
405 1763.63 1763.63
406 1763.63 1763.63
407 1763.63 1763.63
408 1763.63 1763.63
409 1763.63 1763.63
410 1763.63 1763.63
411 1763.63 1763.63
412 1763.63 1763.63
413 1763.63 1763.63
414 1763.63 1763.63
415 1763.63 1763.63
416 1763.63 1763.63
417 1763.63 1763.63
418 1763.63 1763.63
419 1763.63 1763.63
420 1763.63 1763.63
421 1763.63 1763.63
422 1763.63 1763.63
423 1763.63 1763.63
424 1763.63 1763.63
425 1763.63 1763.63
426 1763.63 1763.63
427 1763.63 1763.63
428 1763.63 1763.63
429 1763.63 1763.63
430 1763.63 1763.63
431 1763.63 1763.63
432 1763.63 1763.63
433 1763.63 1763.63
434 1763.63 1763.63
435 1763.63 1763.63
436 1763.63 1763.63
437 1763.63 1763.63
438 1763.63 1763.63
439 1763.63 1763.63
440 1763.63 1763.63
441 1763.63 1763.63
442 1763.63 1763.63
443 1763.63 1763.63
444 1763.63 1763.63
445 1763.63 1763.63
446 1763.63 1763.63
447 1763.63 1763.63
448 1763.63 1763.63
449 1763.63 1763.63
450 1763.63 1763.63
451 1763.63 1763.63
452 1763.63 1763.63
453 1763.63 1763.63
454 1763.63 1763.63
455 1763.63 1763.63
456 1763.63 1763.63
457 1763.63 1763.63
458 1763.63 1763.63
459 1763.63 1763.63
460 1763.63 1763.63
461 1763.63 1763.63
462 1763.63 1763.63
463 1763.63 1763.63
464 1763.63 1763.63
465 1763.63 1763.63
466 1763.63 1763.63
467 1763.63 1763.63
468 1763.63 1763.63
469 1763.63 1763.63
470 1763.63 1763.63
471 1763.63 1763.63
472 1763.63 1763.63
473 1763.63 1763.63
474 1763.63 1763.63
475 1763.63 1763.63
476 1763.63 1763.63
477 1763.63 1763.63
478 1763.63 1763.63
479 1763.63 1763.63
480 1763.63 1763.63
481 1763.63 1763.63
482 1763.63 1763.63
483 1763.63 1763.63
484 1763.63 1763.63
485 1763.63 1763.63
486 1763.63 1763.63
487 1763.63 1763.63
488 1763.63 1763.63
489 1763.63 1763.63
490 1763.63 1763.63
491 1763.63 1763.63
492 1763.63 1763.63
493 1763.63 1763.63
494 1763.63 1763.63
495 1763.63 1763.63
496 1763.63 1763.63
497 1763.63 1763.63
498 1763.63 1763.63
499 1763.63 1763.63
500 1763.63 1763.63
501 1763.63 1763.63
502 1763.63 1763.63
503 1763.63 1763.63
504 1763.63 1763.63
505 1763.63 1763.63
506 1763.63 1763.63
507 1763.63 1763.63
508 1763.63 1763.63
509 1763.63 1763.63
510 1763.63 1763.63
511 1763.63 1763.63
512 1763.63 1763.63
513 1763.63 1763.63
514 1763.63 1763.63
515 1763.63 1763.63
516 1763.63 1763.63
517 1763.63 1763.63
518 1763.63 1763.63
519 1763.63 1763.63
520 1763.63 1763.63
521 1763.63 1763.63
522 1763.63 1763.63
523 1763.63 1763.63
524 1763.63 1763.63
525 1763.63 1763.63
526 1763.63 1763.63
527 1763.63 1763.63
528 1763.63 1763.63
529 1763.63 1763.63
530 1763.63 1763.63
531 1763.63 1763.63
532 1763.63 1763.63
533 1763.63 1763.63
534 1763.63 1763.63
535 1763.63 1763.63
536 1763.63 1763.63
537 1763.63 1763.63
538 1763.63 1763.63
539 1763.63 1763.63
540 1763.63 1763.63
541 1763.63 1763.63
542 1763.63 1763.63
543 1763.63 1763.63
544 1763.63 1763.63
545 1763.63 1763.63
546 1763.63 1763.63
547 1763.63 1763.63
548 1763.63 1763.63
549 1763.63 1763.63
550 1763.63 1763.63
551 1763.63 1763.63
552 1763.63 1763.63
553 1763.63 1763.63
554 1763.63 1763.63
555 1763.63 1763.63
556 1763.63 1763.63
557 1763.63 1763.63
558 1763.63 1763.63
559 1763.63 1763.63
560 1763.63 1763.63
561 1763.63 1763.63
562 1763.63 1763.63
563 1763.63 1763.63
564 1763.63 1763.63
565 1763.63 1763.63
566 1763.63 1763.63
567 1763.63 1763.63
568 1763.63 1763.63
569 1763.63 1763.63
570 1763.63 1763.63
571 1763.63 1763.63
572 1763.63 1763.63
573 1763.63 1763.63
574 1763.63 1763.63
575 1763.63 1763.63
576 1763.63 1763.63
577 1763.63 1763.63
578 1763.63 1763.63
579 1763.63 1763.63
580 1763.63 1763.63
581 1763.63 1763.63
582 1763.63 1763.63
583 1763.63 1763.63
584 1763.63 1763.63
585 1763.63 1763.63
586 1763.63 1763.63
587 1763.63 1763.63
588 1763.63 1763.63
589 1763.63 1763.63
590 1763.63 1763.63
591 1763.63 1763.63
592 1763.63 1763.63
593 1763.63 1763.63
594 1763.63 1763.63
595 1763.63 1763.63
596 1763.63 1763.63
597 1763.63 1763.63
598 1763.63 1763.63
599 1763.63 1763.63
600 1763.63 1763.63
601 1763.63 1763.63
602 1763.63 1763.63
603 1763.63 1763.63
604 1763.63 1763.63
605 1763.63 1763.63
606 1763.63 1763.63
607 1763.63 1763.63
608 1763.63 1763.63
609 1763.63 1763.63
610 1763.63 1763.63
611 1763.63 1763.63
612 1763.63 1763.63
613 1763.63 1763.63
614 1763.63 1763.63
615 1763.63 1763.63
616 1763.63 1763.63
617 1763.63 1763.63
618 1763.63 1763.63
619 1763.63 1763.63
620 1763.63 1763.63
621 1763.63 1763.63
622 1763.63 1763.63
623 1763.63 1763.63
624 1763.63 1763.63
625 1763.63 1763.63
626 1763.63 1763.63
627 1763.63 1763.63
628 1763.63 1763.63
629 1763.63 1763.63
630 1763.63 1763.63
631 1763.63 1763.63
632 1763.63 1763.63
633 1763.63 1763.63
634 1763.63 1763.63
635 1763.63 1763.63
636 1763.63 1763.63
637 1763.63 1763.63
638 1763.63 1763.63
639 1763.63 1763.63
640 1763.63 1763.63
641 1763.63 1763.63
642 1763.63 1763.63
643 1763.63 1763.63
644 1763.63 1763.63
645 1763.63 1763.63
646 1763.63 1763.63
647 1763.63 1763.63
648 1763.63 1763.63
649 1763.63 1763.63
650 1763.63 1763.63
651 1763.63 1763.63
652 1763.63 1763.63
653 1763.63 1763.63
654 1763.63 1763.63
655 1763.63 1763.63
656 1763.63 1763.63
657 1763.63 1763.63
658 1763.63 1763.63
659 1763.63 1763.63
660 1763.63 1763.63
661 1763.63 1763.63
662 1763.63 1763.63
663 1763.63 1763.63
664 1763.63 1763.63
665 1763.63 1763.63
666 1763.63 1763.63
667 1763.63 1763.63
668 1763.63 1763.63
669 1763.63 1763.63
670 1763.63 1763.63
671 1763.63 1763.63
672 1763.63 1763.63
673 1763.63 1763.63
674 1763.63 1763.63
675 1763.63 1763.63
676 1763.63 1763.63
677 1763.63 1763.63
678 1763.63 1763.63
679 1763.63 1763.63
680 1763.63 1763.63
681 1763.63 1763.63
682 1763.63 1763.63
683 1763.63 1763.63
684 1763.63 1763.63
685 1763.63 1763.63
686 1763.63 1763.63
687 1763.63 1763.63
688 1763.63 1763.63
689 1763.63 1763.63
690 1763.63 1763.63
691 1763.63 1763.63
692 1763.63 1763.63
693 1763.63 1763.63
694 1763.63 1763.63
695 1763.63 1763.63
696 1763.63 1763.63
697 1763.63 1763.63
698 1763.63 1763.63
699 1763.63 1763.63
700 1763.63 1763.63
701 1763.63 1763.63
702 1763.63 1763.63
703 1763.63 1763.63
704 1763.63 1763.63
705 1763.63 1763.63
706 1763.63 1763.63
707 1763.63 1763.63
708 1763.63 1763.63
709 1763.63 1763.63
710 1763.63 1763.63
711 1763.63 1763.63
712 1763.63 1763.63
713 1763.63 1763.63
714 1763.63 1763.63
715 1763.63 1763.63
716 1763.63 1763.63
717 1763.63 1763.63
718 1763.63 1763.63
719 1763.63 1763.63
720 1763.63 1763.63
721 1763.63 1763.63
722 1763.63 1763.63
723 1763.63 1763.63
724 1763.63 1763.63
725 1763.63 1763.63
726 1763.63 1763.63
727 1763.63 1763.63
728 1763.63 1763.63
729 1763.63 1763.63
730 1763.63 1763.63
731 1763.63 1763.63
732 1763.63 1763.63
733 1763.63 1763.63
734 1763.63 1763.63
735 1763.63 1763.63
736 1763.63 1763.63
737 1763.63 1763.63
738 1763.63 1763.63
739 1763.63 1763.63
740 1763.63 1763.63
741 1763.63 1763.63
742 1763.63 1763.63
743 1763.63 1763.63
744 1763.63 1763.63
745 1763.63 1763.63
746 1763.63 1763.63
747 1763.63 1763.63
748 1763.63 1763.63
749 1763.63 1763.63
750 1763.63 1763.63
751 1763.63 1763.63
752 1763.63 1763.63
753 1763.63 1763.63
754 1763.63 1763.63
755 1763.63 1763.63
756 1763.63 1763.63
757 1763.63 1763.63
758 1763.63 1763.63
759 1763.63 1763.63
760 1763.63 1763.63
761 1763.63 1763.63
762 1763.63 1763.63
763 1763.63 1763.63
764 1763.63 1763.63
765 1763.63 1763.63
766 1763.63 1763.63
767 1763.63 1763.63
768 1763.63 1763.63
769 1763.63 1763.63
770 1763.63 1763.63
771 1763.63 1763.63
772 1763.63 1763.63
773 1763.63 1763.63
774 1763.63 1763.63
775 1763.63 1763.63
776 1763.63 1763.63
777 1763.63 1763.63
778 1763.63 1763.63
779 1763.63 1763.63
780 1763.63 1763.63
781 1763.63 1763.63
782 1763.63 1763.63
783 1763.63 1763.63
784 1763.63 1763.63
785 1763.63 1763.63
786 1763.63 1763.63
787 1763.63 1763.63
788 1763.63 1763.63
789 1763.63 1763.63
790 1763.63 1763.63
791 1763.63 1763.63
792 1763.63 1763.63
793 1763.63 1763.63
794 1763.63 1763.63
795 1763.63 1763.63
796 1763.63 1763.63
797 1763.63 1763.63
798 1763.63 1763.63
799 1763.63 1763.63
800 1763.63 1763.63
801 1763.63 1763.63
802 1763.63 1763.63
803 1763.63 1763.63
804 1763.63 1763.63
805 1763.63 1763.63
806 1763.63 1763.63
807 1763.63 1763.63
808 1763.63 1763.63
809 1763.63 1763.63
810 1763.63 1763.63
811 1763.63 1763.63
812 1763.63 1763.63
813 1763.63 1763.63
814 1763.63 1763.63
815 1763.63 1763.63
816 1763.63 1763.63
817 1763.63 1763.63
818 1763.63 1763.63
819 1763.63 1763.63
820 1763.63 1763.63
821 1763.63 1763.63
822 1763.63 1763.63
823 1763.63 1763.63
824 1763.63 1763.63
825 1763.63 1763.63
826 1763.63 1763.63
827 1763.63 1763.63
828 1763.63 1763.63
829 1763.63 1763.63
830 1763.63 1763.63
831 1763.63 1763.63
832 1763.63 1763.63
833 1763.63 1763.63
834 1763.63 1763.63
835 1763.63 1763.63
836 1763.63 1763.63
837 1763.63 1763.63
838 1763.63 1763.63
839 1763.63 1763.63
840 1763.63 1763.63
841 1763.63 1763.63
842 1763.63 1763.63
843 1763.63 1763.63
844 1763.63 1763.63
845 1763.63 1763.63
846 1763.63 1763.63
847 1763.63 1763.63
848 1763.63 1763.63
849 1763.63 1763.63
850 1763.63 1763.63
851 1763.63 1763.63
852 1763.63 1763.63
853 1763.63 1763.63
854 1763.63 1763.63
855 1763.63 1763.63
856 1763.63 1763.63
857 1763.63 1763.63
858 1763.63 1763.63
859 1763.63 1763.63
860 1763.63 1763.63
861 1763.63 1763.63
862 1763.63 1763.63
863 1763.63 1763.63
864 1763.63 1763.63
865 1763.63 1763.63
866 1763.63 1763.63
867 1763.63 1763.63
868 1763.63 1763.63
869 1763.63 1763.63
870 1763.63 1763.63
871 1763.63 1763.63
872 1763.63 1763.63
873 1763.63 1763.63
874 1763.63 1763.63
875 1763.63 1763.63
876 1763.63 1763.63
877 1763.63 1763.63
878 1763.63 1763.63
879 1763.63 1763.63
880 1763.63 1763.63
881 1763.63 1763.63
882 1763.63 1763.63
883 1763.63 1763.63
884 1763.63 1763.63
885 1763.63 1763.63
886 1763.63 1763.63
887 1763.63 1763.63
888 1763.63 1763.63
889 1763.63 1763.63
890 1763.63 1763.63
891 1763.63 1763.63
892 1763.63 1763.63
893 1763.63 1763.63
894 1763.63 1763.63
895 1763.63 1763.63
896 1763.63 1763.63
897 1763.63 1763.63
898 1763.63 1763.63
899 1763.63 1763.63
900 1763.63 1763.63
901 1763.63 1763.63
902 1763.63 1763.63
903 1763.63 1763.63
904 1763.63 1763.63
905 1763.63 1763.63
906 1763.63 1763.63
907 1763.63 1763.63
908 1763.63 1763.63
909 1763.63 1763.63
910 1763.63 1763.63
911 1763.63 1763.63
912 1763.63 1763.63
913 1763.63 1763.63
914 1763.63 1763.63
915 1763.63 1763.63
916 1763.63 1763.63
917 1763.63 1763.63
918 1763.63 1763.63
919 1763.63 1763.63
920 1763.63 1763.63
921 1763.63 1763.63
922 1763.63 1763.63
923 1763.63 1763.63
924 1763.63 1763.63
925 1763.63 1763.63
926 1763.63 1763.63
927 1763.63 1763.63
928 1763.63 1763.63
929 1763.63 1763.63
930 1763.63 1763.63
931 1763.63 1763.63
932 1763.63 1763.63
933 1763.63 1763.63
934 1763.63 1763.63
935 1763.63 1763.63
936 1763.63 1763.63
937 1763.63 1763.63
938 1763.63 1763.63
939 1763.63 1763.63
940 1763.63 1763.63
941 1763.63 1763.63
942 1763.63 1763.63
943 1763.63 1763.63
944 1763.63 1763.63
945 1763.63 1763.63
946 1763.63 1763.63
947 1763.63 1763.63
948 1763.63 1763.63
949 1763.63 1763.63
950 1763.63 1763.63
951 1763.63 1763.63
952 1763.63 1763.63
953 1763.63 1763.63
954 1763.63 1763.63
955 1763.63 1763.63
956 1763.63 1763.63
957 1763.63 1763.63
958 1763.63 1763.63
959 1763.63 1763.63
960 1763.63 1763.63
961 1763.63 1763.63
962 1763.63 1763.63
963 1763.63 1763.63
964 1763.63 1763.63
965 1763.63 1763.63
966 1763.63 1763.63
967 1763.63 1763.63
968 1763.63 1763.63
969 1763.63 1763.63
970 1763.63 1763.63
971 1763.63 1763.63
972 1763.63 1763.63
973 1763.63 1763.63
974 1763.63 1763.63
975 1763.63 1763.63
976 1763.63 1763.63
977 1763.63 1763.63
978 1763.63 1763.63
979 1763.63 1763.63
980 1763.63 1763.63
981 1763.63 1763.63
982 1763.63 1763.63
983 1763.63 1763.63
984 1763.63 1763.63
985 1763.63 1763.63
986 1763.63 1763.63
987 1763.63 1763.63
988 1763.63 1763.63
989 1763.63 1763.63
990 1763.63 1763.63
991 1763.63 1763.63
992 1763.63 1763.63
993 1763.63 1763.63
994 1763.63 1763.63
995 1763.63 1763.63
996 1763.63 1763.63
997 1763.63 1763.63
998 1763.63 1763.63
999 1763.63 1763.63
1000 1763.63 1763.63
1001 1763.63 1763.63
1002 1763.63 1763.63
1003 1763.63 1763.63
1004 1763.63 1763.63
1005 1763.63 1763.63
1006 1763.63 1763.63
1007 1763.63 1763.63
1008 1763.63 1763.63
1009 1763.63 1763.63
1010 1763.63 1763.63
1011 1763.63 1763.63
1012 1763.63 1763.63
1013 1763.63 1763.63
1014 1763.63 1763.63
1015 1763.63 1763.63
1016 1763.63 1763.63
1017 1763.63 1763.63
1018 1763.63 1763.63
1019 1763.63 1763.63
1020 1763.63 1763.63
1021 1763.63 1763.63
1022 1763.63 1763.63
1023 1763.63 1763.63
1024 1763.63 1763.63
1025 1763.63 1763.63
1026 1763.63 1763.63
1027 1763.63 1763.63
1028 1763.63 1763.63
1029 1763.63 1763.63
1030 1763.63 1763.63
1031 1763.63 1763.63
1032 1763.63 1763.63
1033 1763.63 1763.63
1034 1763.63 1763.63
1035 1763.63 1763.63
1036 1763.63 1763.63
1037 1763.63 1763.63
1038 1763.63 1763.63
1039 1763.63 1763.63
1040 1763.63 1763.63
1041 1763.63 1763.63
1042 1763.63 1763.63
1043 1763.63 1763.63
1044 1763.63 1763.63
1045 1763.63 1763.63
1046 1763.63 1763.63
1047 1763.63 1763.63
1048 1763.63 1763.63
1049 1763.63 1763.63
1050 1763.63 1763.63
1051 1763.63 1763.63
1052 1763.63 1763.63
1053 1763.63 1763.63
1054 1763.63 1763.63
1055 1763.63 1763.63
1056 1763.63 1763.63
1057 1763.63 1763.63
1058 1763.63 1763.63
1059 1763.63 1763.63
1060 1763.63 1763.63
1061 1763.63 1763.63
1062 1763.63 1763.63
1063 1763.63 1763.63
1064 1763.63 1763.63
1065 1763.63 1763.63
1066 1763.63 1763.63
1067 1763.63 1763.63
1068 1763.63 1763.63
1069 1763.63 1763.63
1070 1763.63 1763.63
1071 1763.63 1763.63
1072 1763.63 1763.63
1073 1763.63 1763.63
1074 1763.63 1763.63
1075 1763.63 1763.63
1076 1763.63 1763.63
1077 1763.63 1763.63
1078 1763.63 1763.63
1079 1763.63 1763.63
1080 1763.63 1763.63
1081 1763.63 1763.63
1082 1763.63 1763.63
1083 1763.63 1763.63
1084 1763.63 1763.63
1085 1763.63 1763.63
1086 1763.63 1763.63
1087 1763.63 1763.63
1088 1763.63 1763.63
1089 1763.63 1763.63
1090 1763.63 1763.63
1091 1763.63 1763.63
1092 1763.63 1763.63
1093 1763.63 1763.63
1094 1763.63 1763.63
1095 1763.63 1763.63
1096 1763.63 1763.63
1097 1763.63 1763.63
1098 1763.63 1763.63
1099 1763.63 1763.63
1100 1763.63 1763.63
1101 1763.63 1763.63
1102 1763.63 1763.63
1103 1763.63 1763.63
1104 1763.63 1763.63
1105 1763.63 1763.63
1106 1763.63 1763.63
1107 1763.63 1763.63
1108 1763.63 1763.63
1109 1763.63 1763.63
1110 1763.63 1763.63
1111 1763.63 1763.63
1112 1763.63 1763.63
1113 1763.63 1763.63
1114 1763.63 1763.63
1115 1763.63 1763.63
1116 1763.63 1763.63
1117 1763.63 1763.63
1118 1763.63 1763.63
1119 1763.63 1763.63
1120 1763.63 1763.63
1121 1763.63 1763.63
1122 1763.63 1763.63
1123 1763.63 1763.63
1124 1763.63 1763.63
1125 1763.63 1763.63
1126 1763.63 1763.63
1127 1763.63 1763.63
1128 1763.63 1763.63
1129 1763.63 1763.63
1130 1763.63 1763.63
1131 1763.63 1763.63
1132 1763.63 1763.63
1133 1763.63 1763.63
1134 1763.63 1763.63
1135 1763.63 1763.63
1136 1763.63 1763.63
1137 1763.63 1763.63
1138 1763.63 1763.63
1139 1763.63 1763.63
1140 1763.63 1763.63
1141 1763.63 1763.63
1142 1763.63 1763.63
1143 1763.63 1763.63
1144 1763.63 1763.63
1145 1763.63 1763.63
1146 1763.63 1763.63
1147 1763.63 1763.63
1148 1763.63 1763.63
1149 1763.63 1763.63
1150 1763.63 1763.63
1151 1763.63 1763.63
1152 1763.63 1763.63
1153 1763.63 1763.63
1154 1763.63 1763.63
1155 1763.63 1763.63
1156 1763.63 1763.63
1157 1763.63 1763.63
1158 1763.63 1763.63
1159 1763.63 1763.63
1160 1763.63 1763.63
1161 1763.63 1763.63
1162 1763.63 1763.63
1163 1763.63 1763.63
1164 1763.63 1763.63
1165 1763.63 1763.63
1166 1763.63 1763.63
1167 1763.63 1763.63
1168 1763.63 1763.63
1169 1763.63 1763.63
1170 1763.63 1763.63
1171 1763.63 1763.63
1172 1763.63 1763.63
1173 1763.63 1763.63
1174 1763.63 1763.63
1175 1763.63 1763.63
1176 1763.63 1763.63
1177 1763.63 1763.63
1178 1763.63 1763.63
1179 1763.63 1763.63
1180 1763.63 1763.63
1181 1763.63 1763.63
1182 1763.63 1763.63
1183 1763.63 1763.63
1184 1763.63 1763.63
1185 1763.63 1763.63
1186 1763.63 1763.63
1187 1763.63 1763.63
1188 1763.63 1763.63
1189 1763.63 1763.63
1190 1763.63 1763.63
1191 1763.63 1763.63
1192 1763.63 1763.63
1193 1763.63 1763.63
1194 1763.63 1763.63
1195 1763.63 1763.63
1196 1763.63 1763.63
1197 1763.63 1763.63
1198 1763.63 1763.63
1199 1763.63 1763.63
1200 1763.63 1763.63
1201 1763.63 1763.63
1202 1763.63 1763.63
1203 1763.63 1763.63
1204 1763.63 1763.63
1205 1763.63 1763.63
1206 1763.63 1763.63
1207 1763.63 1763.63
1208 1763.63 1763.63
1209 1763.63 1763.63
1210 1763.63 1763.63
1211 1763.63 1763.63
1212 1763.63 1763.63
1213 1763.63 1763.63
1214 1763.63 1763.63
1215 1763.63 1763.63
1216 1763.63 1763.63
1217 1763.63 1763.63
1218 1763.63 1763.63
1219 1763.63 1763.63
1220 1763.63 1763.63
1221 1763.63 1763.63
1222 1763.63 1763.63
1223 1763.63 1763.63
1224 1763.63 1763.63
1225 1763.63 1763.63
1226 1763.63 1763.63
1227 1763.63 1763.63
1228 1763.63 1763.63
1229 1763.63 1763.63
1230 1763.63 1763.63
1231 1763.63 1763.63
1232 1763.63 1763.63
1233 1763.63 1763.63
1234 1763.63 1763.63
1235 1763.63 1763.63
1236 1763.63 1763.63
1237 1763.63 1763.63
1238 1763.63 1763.63
1239 1763.63 1763.63
1240 1763.63 1763.63
1241 1763.63 1763.63
1242 1763.63 1763.63
1243 1763.63 1763.63
1244 1763.63 1763.63
1245 1763.63 1763.63
1246 1763.63 1763.63
1247 1763.63 1763.63
1248 1763.63 1763.63
1249 1763.63 1763.63
1250 1763.63 1763.63
1251 1763.63 1763.63
1252 1763.63 1763.63
1253 1763.63 1763.63
1254 1763.63 1763.63
1255 1763.63 1763.63
1256 1763.63 1763.63
1257 1763.63 1763.63
1258 1763.63 1763.63
1259 1763.63 1763.63
1260 1763.63 1763.63
1261 1763.63 1763.63
1262 1763.63 1763.63
1263 1763.63 1763.63
1264 1763.63 1763.63
1265 1763.63 1763.63
1266 1763.63 1763.63
1267 1763.63 1763.63
1268 1763.63 1763.63
1269 1763.63 1763.63
1270 1763.63 1763.63
1271 1763.63 1763.63
1272 1763.63 1763.63
1273 1763.63 1763.63
1274 1763.63 1763.63
1275 1763.63 1763.63
1276 1763.63 1763.63
1277 1763.63 1763.63
1278 1763.63 1763.63
1279 1763.63 1763.63
1280 1763.63 1763.63
1281 1763.63 1763.63
1282 1763.63 1763.63
1283 1763.63 1763.63
1284 1763.63 1763.63
1285 1763.63 1763.63
1286 1763.63 1763.63
1287 1763.63 1763.63
1288 1763.63 1763.63
1289 1763.63 1763.63
1290 1763.63 1763.63
1291 1763.63 1763.63
1292 1763.63 1763.63
1293 1763.63 1763.63
1294 1763.63 1763.63
1295 1763.63 1763.63
1296 1763.63 1763.63
1297 1763.63 1763.63
1298 1763.63 1763.63
1299 1763.63 1763.63
1300 1763.63 1763.63
1301 1763.63 1763.63
1302 1763.63 1763.63
1303 1763.63 1763.63
1304 1763.63 1763.63
1305 1763.63 1763.63
1306 1763.63 1763.63
1307 1763.63 1763.63
1308 1763.63 1763.63
1309 1763.63 1763.63
1310 1763.63 1763.63
1311 1763.63 1763.63
1312 1763.63 1763.63
1313 1763.63 1763.63
1314 1763.63 1763.63
1315 1763.63 1763.63
1316 1763.63 1763.63
1317 1763.63 1763.63
1318 1763.63 1763.63
1319 1763.63 1763.63
1320 1763.63 1763.63
1321 1763.63 1763.63
1322 1763.63 1763.63
1323 1763.63 1763.63
1324 1763.63 1763.63
1325 1763.63 1763.63
1326 1763.63 1763.63
1327 1763.63 1763.63
1328 1763.63 1763.63
1329 1763.63 1763.63
1330 1763.63 1763.63
1331 1763.63 1763.63
1332 1763.63 1763.63
1333 1763.63 1763.63
1334 1763.63 1763.63
1335 1763.63 1763.63
1336 1763.63 1763.63
1337 1763.63 1763.63
1338 1763.63 1763.63
1339 1763.63 1763.63
1340 1763.63 1763.63
1341 1763.63 1763.63
1342 1763.63 1763.63
1343 1763.63 1763.63
1344 1763.63 1763.63
1345 1763.63 1763.63
1346 1763.63 1763.63
1347 1763.63 1763.63
1348 1763.63 1763.63
1349 1763.63 1763.63
1350 1763.63 1763.63
1351 1763.63 1763.63
1352 1763.63 1763.63
1353 1763.63 1763.63
1354 1763.63 1763.63
1355 1763.63 1763.63
1356 1763.63 1763.63
1357 1763.63 1763.63
1358 1763.63 1763.63
1359 1763.63 1763.63
1360 1763.63 1763.63
1361 1763.63 1763.63
1362 1763.63 1763.63
1363 1763.63 1763.63
1364 1763.63 1763.63
1365 1763.63 1763.63
1366 1763.63 1763.63
1367 1763.63 1763.63
1368 1763.63 1763.63
1369 1763.63 1763.63
1370 1763.63 1763.63
1371 1763.63 1763.63
1372 1763.63 1763.63
1373 1763.63 1763.63
1374 1763.63 1763.63
1375 1763.63 1763.63
1376 1763.63 1763.63
1377 1763.63 1763.63
1378 1763.63 1763.63
1379 1763.63 1763.63
1380 1763.63 1763.63
1381 1763.63 1763.63
1382 1763.63 1763.63
1383 1763.63 1763.63
1384 1763.63 1763.63
1385 1763.63 1763.63
1386 1763.63 1763.63
1387 1763.63 1763.63
1388 1763.63 1763.63
1389 1763.63 1763.63
1390 1763.63 1763.63
1391 1763.63 1763.63
1392 1763.63 1763.63
1393 1763.63 1763.63
1394 1763.63 1763.63
1395 1763.63 1763.63
1396 1763.63 1763.63
1397 1763.63 1763.63
1398 1763.63 1763.63
1399 1763.63 1763.63
1400 1763.63 1763.63
1401 1763.63 1763.63
1402 1763.63 1763.63
1403 1763.63 1763.63
1404 1763.63 1763.63
1405 1763.63 1763.63
1406 1763.63 1763.63
1407 1763.63 1763.63
1408 1763.63 1763.63
1409 1763.63 1763.63
1410 1763.63 1763.63
1411 1763.63 1763.63
1412 1763.63 1763.63
1413 1763.63 1763.63
1414 1763.63 1763.63
1415 1763.63 1763.63
1416 1763.63 1763.63
1417 1763.63 1763.63
1418 1763.63 1763.63
1419 1763.63 1763.63
1420 1763.63 1763.63
1421 1763.63 1763.63
1422 1763.63 1763.63
1423 1763.63 1763.63
1424 1763.63 1763.63
1425 1763.63 1763.63
1426 1763.63 1763.63
1427 1763.63 1763.63
1428 1763.63 1763.63
1429 1763.63 1763.63
1430 1763.63 1763.63
1431 1763.63 1763.63
1432 1763.63 1763.63
1433 1763.63 1763.63
1434 1763.63 1763.63
1435 1763.63 1763.63
1436 1763.63 1763.63
1437 1763.63 1763.63
1438 1763.63 1763.63
1439 1763.63 1763.63
1440 1763.63 1763.63
1441 1763.63 1763.63
1442 1763.63 1763.63
1443 1763.63 1763.63
1444 1763.63 1763.63
1445 1763.63 1763.63
1446 1763.63 1763.63
1447 1763.63 1763.63
1448 1763.63 1763.63
1449 1763.63 1763.63
1450 1763.63 1763.63
1451 1763.63 1763.63
1452 1763.63 1763.63
1453 1763.63 1763.63
1454 1763.63 1763.63
1455 1763.63 1763.63
1456 1763.63 1763.63
1457 1763.63 1763.63
1458 1763.63 1763.63
1459 1763.63 1763.63
1460 1763.63 1763.63
1461 1763.63 1763.63
1462 1763.63 1763.63
1463 1763.63 1763.63
1464 1763.63 1763.63
1465 1763.63 1763.63
1466 1763.63 1763.63
1467 1763.63 1763.63
1468 1763.63 1763.63
1469 1763.63 1763.63
1470 1763.63 1763.63
1471 1763.63 1763.63
1472 1763.63 1763.63
1473 1763.63 1763.63
1474 1763.63 1763.63
1475 1763.63 1763.63
1476 1763.63 1763.63
1477 1763.63 1763.63
1478 1763.63 1763.63
1479 1763.63 1763.63
1480 1763.63 1763.63
1481 1763.63 1763.63
1482 1763.63 1763.63
1483 1763.63 1763.63
1484 1763.63 1763.63
1485 1763.63 1763.63
1486 1763.63 1763.63
1487 1763.63 1763.63
1488 1763.63 1763.63
1489 1763.63 1763.63
1490 1763.63 1763.63
1491 1763.63 1763.63
1492 1763.63 1763.63
1493 1763.63 1763.63
1494 1763.63 1763.63
1495 1763.63 1763.63
1496 1763.63 1763.63
1497 1763.63 1763.63
1498 1763.63 1763.63
1499 1763.63 1763.63
1500 1763.63 1763.63
1501 1763.63 1763.63
1502 1763.63 1763.63
1503 1763.63 1763.63
1504 1763.63 1763.63
1505 1763.63 1763.63
1506 1763.63 1763.63
1507 1763.63 1763.63
1508 1763.63 1763.63
1509 1763.63 1763.63
1510 1763.63 1763.63
1511 1763.63 1763.63
1512 1763.63 1763.63
1513 1763.63 1763.63
1514 1763.63 1763.63
1515 1763.63 1763.63
1516 1763.63 1763.63
1517 1763.63 1763.63
1518 1763.63 1763.63
1519 1763.63 1763.63
1520 1763.63 1763.63
1521 1763.63 1763.63
1522 1763.63 1763.63
1523 1763.63 1763.63
1524 1763.63 1763.63
1525 1763.63 1763.63
1526 1763.63 1763.63
1527 1763.63 1763.63
1528 1763.63 1763.63
1529 1763.63 1763.63
1530 1763.63 1763.63
1531 1763.63 1763.63
1532 1763.63 1763.63
1533 1763.63 1763.63
1534 1763.63 1763.63
1535 1763.63 1763.63
1536 1763.63 1763.63
1537 1763.63 1763.63
1538 1763.63 1763.63
1539 1763.63 1763.63
1540 1763.63 1763.63
1541 1763.63 1763.63
1542 1763.63 1763.63
1543 1763.63 1763.63
1544 1763.63 1763.63
1545 1763.63 1763.63
1546 1763.63 1763.63
1547 1763.63 1763.63
1548 1763.63 1763.63
1549 1763.63 1763.63
1550 1763.63 1763.63
1551 1763.63 1763.63
1552 1763.63 1763.63
1553 1763.63 1763.63
1554 1763.63 1763.63
1555 1763.63 1763.63
1556 1763.63 1763.63
1557 1763.63 1763.63
1558 1763.63 1763.63
1559 1763.63 1763.63
1560 1763.63 1763.63
1561 1763.63 1763.63
1562 1763.63 1763.63
1563 1763.63 1763.63
1564 1763.63 1763.63
1565 1763.63 1763.63
1566 1763.63 1763.63
1567 1763.63 1763.63
1568 1763.63 1763.63
1569 1763.63 1763.63
1570 1763.63 1763.63
1571 1763.63 1763.63
1572 1763.63 1763.63
1573 1763.63 1763.63
1574 1763.63 1763.63
1575 1763.63 1763.63
1576 1763.63 1763.63
1577 1763.63 1763.63
1578 1763.63 1763.63
1579 1763.63 1763.63
1580 1763.63 1763.63
1581 1763.63 1763.63
1582 1763.63 1763.63
1583 1763.63 1763.63
1584 1763.63 1763.63
1585 1763.63 1763.63
1586 1763.63 1763.63
1587 1763.63 1763.63
1588 1763.63 1763.63
1589 1763.63 1763.63
1590 1763.63 1763.63
1591 1763.63 1763.63
1592 1763.63 1763.63
1593 1763.63 1763.63
1594 1763.63 1763.63
1595 1763.63 1763.63
1596 1763.63 1763.63
1597 1763.63 1763.63
1598 1763.63 1763.63
1599 1763.63 1763.63
1600 1763.63 1763.63
1601 1763.63 1763.63
1602 1763.63 1763.63
1603 1763.63 1763.63
1604 1763.63 1763.63
1605 1763.63 1763.63
1606 1763.63 1763.63
1607 1763.63 1763.63
1608 1763.63 1763.63
1609 1763.63 1763.63
1610 1763.63 1763.63
1611 1763.63 1763.63
1612 1763.63 1763.63
1613 1763.63 1763.63
1614 1763.63 1763.63
1615 1763.63 1763.63
1616 1763.63 1763.63
1617 1763.63 1763.63
1618 1763.63 1763.63
1619 1763.63 1763.63
1620 1763.63 1763.63
1621 1763.63 1763.63
1622 1763.63 1763.63
1623 1763.63 1763.63
1624 1763.63 1763.63
1625 1763.63 1763.63
1626 1763.63 1763.63
1627 1763.63 1763.63
1628 1763.63 1763.63
1629 1763.63 1763.63
1630 1763.63 1763.63
1631 1763.63 1763.63
1632 1763.63 1763.63
1633 1763.63 1763.63
1634 1763.63 1763.63
1635 1763.63 1763.63
1636 1763.63 1763.63
1637 1763.63 1763.63
1638 1763.63 1763.63
1639 1763.63 1763.63
1640 1763.63 1763.63
1641 1763.63 1763.63
1642 1763.63 1763.63
1643 1763.63 1763.63
1644 1763.63 1763.63
1645 1763.63 1763.63
1646 1763.63 1763.63
1647 1763.63 1763.63
1648 1763.63 1763.63
1649 1763.63 1763.63
1650 1763.63 1763.63
1651 1763.63 1763.63
1652 1763.63 1763.63
1653 1763.63 1763.63
1654 1763.63 1763.63
1655 1763.63 1763.63
1656 1763.63 1763.63
1657 1763.63 1763.63
1658 1763.63 1763.63
1659 1763.63 1763.63
1660 1763.63 1763.63
1661 1763.63 1763.63
1662 1763.63 1763.63
1663 1763.63 1763.63
1664 1763.63 1763.63
1665 1763.63 1763.63
1666 1763.63 1763.63
1667 1763.63 1763.63
1668 1763.63 1763.63
1669 1763.63 1763.63
1670 1763.63 1763.63
1671 1763.63 1763.63
1672 1763.63 1763.63
1673 1763.63 1763.63
1674 1763.63 1763.63
1675 1763.63 1763.63
1676 1763.63 1763.63
1677 1763.63 1763.63
1678 1763.63 1763.63
1679 1763.63 1763.63
1680 1763.63 1763.63
1681 1763.63 1763.63
1682 1763.63 1763.63
1683 1763.63 1763.63
1684 1763.63 1763.63
1685 1763.63 1763.63
1686 1763.63 1763.63
1687 1763.63 1763.63
1688 1763.63 1763.63
1689 1763.63 1763.63
