0 1765.30 1765.30
1 1765.30 1765.30
2 1765.30 1765.30
3 1765.30 1765.30
4 1765.30 1765.30
5 1765.30 1765.30
6 1765.30 1765.30
7 1765.30 1765.30
8 1765.30 1765.30
9 1765.30 1765.30
10 1765.30 1765.30
11 1765.30 1765.30
12 1765.30 1765.30
13 1765.30 1765.30
14 1765.30 1765.30
15 1765.30 1765.30
16 1765.30 1765.30
17 1765.30 1765.30
18 1765.30 1765.30
19 1765.30 1765.30
20 1765.30 1765.30
21 1765.30 1765.30
22 1765.30 1765.30
23 1765.30 1765.30
24 1765.30 1765.30
25 1765.30 1765.30
26 1765.30 1765.30
27 1765.30 1765.30
28 1765.30 1765.30
29 1765.30 1765.30
30 1765.30 1765.30
31 1765.30 1765.30
32 1765.30 1765.30
33 1765.30 1765.30
34 1765.30 1765.30
35 1765.30 1765.30
36 1765.30 1765.30
37 1765.30 1765.30
38 1765.30 1765.30
39 1765.30 1765.30
40 1765.30 1765.30
41 1765.30 1765.30
42 1765.30 1765.30
43 1765.30 1765.30
44 1765.30 1765.30
45 1765.30 1765.30
46 1765.30 1765.30
47 1765.30 1765.30
48 1765.30 1765.30
49 1765.30 1765.30
50 1765.30 1765.30
51 1765.30 1765.30
52 1765.30 1765.30
53 1765.30 1765.30
54 1765.30 1765.30
55 1765.30 1765.30
56 1765.30 1765.30
57 1765.30 1765.30
58 1765.30 1765.30
59 1765.30 1765.30
60 1765.30 1765.30
61 1765.30 1765.30
62 1765.30 1765.30
63 1765.30 1765.30
64 1765.30 1765.30
65 1765.30 1765.30
66 1765.30 1765.30
67 1765.30 1765.30
68 1765.30 1765.30
69 1765.30 1765.30
70 1765.30 1765.30
71 1765.30 1765.30
72 1765.30 1765.30
73 1765.30 1765.30
74 1765.30 1765.30
75 1765.30 1765.30
76 1765.30 1765.30
77 1765.30 1765.30
78 1765.30 1765.30
79 1765.30 1765.30
80 1765.30 1765.30
81 1765.30 1765.30
82 1765.30 1765.30
83 1765.30 1765.30
84 1765.30 1765.30
85 1765.30 1765.30
86 1765.30 1765.30
87 1765.30 1765.30
88 1765.30 1765.30
89 1765.30 1765.30
90 1765.30 1765.30
91 1765.30 1765.30
92 1765.30 1765.30
93 1765.30 1765.30
94 1765.30 1765.30
95 1765.30 1765.30
96 1765.30 1765.30
97 1765.30 1765.30
98 1765.30 1765.30
99 1765.30 1765.30
100 1765.30 1765.30
101 1765.30 1765.30
102 1765.30 1765.30
103 1765.30 1765.30
104 1765.30 1765.30
105 1765.30 1765.30
106 1765.30 1765.30
107 1765.30 1765.30
108 1765.30 1765.30
109 1765.30 1765.30
110 1765.30 1765.30
111 1765.30 1765.30
112 1765.30 1765.30
113 1765.30 1765.30
114 1765.30 1765.30
115 1765.30 1765.30
116 1765.30 1765.30
117 1765.30 1765.30
118 1765.30 1765.30
119 1765.30 1765.30
120 1765.30 1765.30
121 1765.30 1765.30
122 1765.30 1765.30
123 1765.30 1765.30
124 1765.30 1765.30
125 1765.30 1765.30
126 1765.30 1765.30
127 1765.30 1765.30
128 1765.30 1765.30
129 1765.30 1765.30
130 1765.30 1765.30
131 1765.30 1765.30
132 1765.30 1765.30
133 1765.30 1765.30
134 1765.30 1765.30
135 1765.30 1765.30
136 1765.30 1765.30
137 1765.30 1765.30
138 1765.30 1765.30
139 1765.30 1765.30
140 1765.30 1765.30
141 1765.30 1765.30
142 1765.30 1765.30
143 1765.30 1765.30
144 1765.30 1765.30
145 1765.30 1765.30
146 1765.30 1765.30
147 1765.30 1765.30
148 1765.30 1765.30
149 1765.30 1765.30
150 1765.30 1765.30
151 1765.30 1765.30
152 1765.30 1765.30
153 1765.30 1765.30
154 1765.30 1765.30
155 1765.30 1765.30
156 1765.30 1765.30
157 1765.30 1765.30
158 1765.30 1765.30
159 1765.30 1765.30
160 1765.30 1765.30
161 1765.30 1765.30
162 1765.30 1765.30
163 1765.30 1765.30
164 1765.30 1765.30
165 1765.30 1765.30
166 1765.30 1765.30
167 1765.30 1765.30
168 1765.30 1765.30
169 1765.30 1765.30
170 1765.30 1765.30
171 1765.30 1765.30
172 1765.30 1765.30
173 1765.30 1765.30
174 1765.30 1765.30
175 1765.30 1765.30
176 1765.30 1765.30
177 1765.30 1765.30
178 1765.30 1765.30
179 1765.30 1765.30
180 1765.30 1765.30
181 1765.30 1765.30
182 1765.30 1765.30
183 1765.30 1765.30
184 1765.30 1765.30
185 1765.30 1765.30
186 1765.30 1765.30
187 1765.30 1765.30
188 1765.30 1765.30
189 1765.30 1765.30
190 1765.30 1765.30
191 1765.30 1765.30
192 1765.30 1765.30
193 1765.30 1765.30
194 1765.30 1765.30
195 1765.30 1765.30
196 1765.30 1765.30
197 1765.30 1765.30
198 1765.30 1765.30
199 1765.30 1765.30
200 1765.30 1765.30
201 1765.30 1765.30
202 1765.30 1765.30
203 1765.30 1765.30
204 1765.30 1765.30
205 1765.30 1765.30
206 1765.30 1765.30
207 1765.30 1765.30
208 1765.30 1765.30
209 1765.30 1765.30
210 1765.30 1765.30
211 1765.30 1765.30
212 1765.30 1765.30
213 1765.30 1765.30
214 1765.30 1765.30
215 1765.30 1765.30
216 1765.30 1765.30
217 1765.30 1765.30
218 1765.30 1765.30
219 1765.30 1765.30
220 1765.30 1765.30
221 1765.30 1765.30
222 1765.30 1765.30
223 1765.30 1765.30
224 1765.30 1765.30
225 1765.30 1765.30
226 1765.30 1765.30
227 1765.30 1765.30
228 1765.30 1765.30
229 1765.30 1765.30
230 1765.30 1765.30
231 1765.30 1765.30
232 1765.30 1765.30
233 1765.30 1765.30
234 1765.30 1765.30
235 1765.30 1765.30
236 1765.30 1765.30
237 1765.30 1765.30
238 1765.30 1765.30
239 1765.30 1765.30
240 1765.30 1765.30
241 1765.30 1765.30
242 1765.30 1765.30
243 1765.30 1765.30
244 1765.30 1765.30
245 1765.30 1765.30
246 1765.30 1765.30
247 1765.30 1765.30
248 1765.30 1765.30
249 1765.30 1765.30
250 1765.30 1765.30
251 1765.30 1765.30
252 1765.30 1765.30
253 1765.30 1765.30
254 1765.30 1765.30
255 1765.30 1765.30
256 1765.30 1765.30
257 1765.30 1765.30
258 1765.30 1765.30
259 1765.30 1765.30
260 1765.30 1765.30
261 1765.30 1765.30
262 1765.30 1765.30
263 1765.30 1765.30
264 1765.30 1765.30
265 1765.30 1765.30
266 1765.30 1765.30
267 1765.30 1765.30
268 1765.30 1765.30
269 1765.30 1765.30
270 1765.30 1765.30
271 1765.30 1765.30
272 1765.30 1765.30
273 1765.30 1765.30
274 1765.30 1765.30
275 1765.30 1765.30
276 1765.30 1765.30
277 1765.30 1765.30
278 1765.30 1765.30
279 1765.30 1765.30
280 1765.30 1765.30
281 1765.30 1765.30
282 1765.30 1765.30
283 1765.30 1765.30
284 1765.30 1765.30
285 1765.30 1765.30
286 1765.30 1765.30
287 1765.30 1765.30
288 1765.30 1765.30
289 1765.30 1765.30
290 1765.30 1765.30
291 1765.30 1765.30
292 1765.30 1765.30
293 1765.30 1765.30
294 1765.30 1765.30
295 1765.30 1765.30
296 1765.30 1765.30
297 1765.30 1765.30
298 1765.30 1765.30
299 1765.30 1765.30
300 1765.30 1765.30
301 1765.30 1765.30
302 1765.30 1765.30
303 1765.30 1765.30
304 1765.30 1765.30
305 1765.30 1765.30
306 1765.30 1765.30
307 1765.30 1765.30
308 1765.30 1765.30
309 1765.30 1765.30
310 1765.30 1765.30
311 1765.30 1765.30
312 1765.30 1765.30
313 1765.30 1765.30
314 1765.30 1765.30
315 1765.30 1765.30
316 1765.30 1765.30
317 1765.30 1765.30
318 1765.30 1765.30
319 1765.30 1765.30
320 1765.30 1765.30
321 1765.30 1765.30
322 1765.30 1765.30
323 1765.30 1765.30
324 1765.30 1765.30
325 1765.30 1765.30
326 1765.30 1765.30
327 1765.30 1765.30
328 1765.30 1765.30
329 1765.30 1765.30
330 1765.30 1765.30
331 1765.30 1765.30
332 1765.30 1765.30
333 1765.30 1765.30
334 1765.30 1765.30
335 1765.30 1765.30
336 1765.30 1765.30
337 1765.30 1765.30
338 1765.30 1765.30
339 1765.30 1765.30
340 1765.30 1765.30
341 1765.30 1765.30
342 1765.30 1765.30
343 1765.30 1765.30
344 1765.30 1765.30
345 1765.30 1765.30
346 1765.30 1765.30
347 1765.30 1765.30
348 1765.30 1765.30
349 1765.30 1765.30
350 1765.30 1765.30
351 1765.30 1765.30
352 1765.30 1765.30
353 1765.30 1765.30
354 1765.30 1765.30
355 1765.30 1765.30
356 1765.30 1765.30
357 1765.30 1765.30
358 1765.30 1765.30
359 1765.30 1765.30
360 1765.30 1765.30
361 1765.30 1765.30
362 1765.30 1765.30
363 1765.30 1765.30
364 1765.30 1765.30
365 1765.30 1765.30
366 1765.30 1765.30
367 1765.30 1765.30
368 1765.30 1765.30
369 1765.30 1765.30
370 1765.30 1765.30
371 1765.30 1765.30
372 1765.30 1765.30
373 1765.30 1765.30
374 1765.30 1765.30
375 1765.30 1765.30
376 1765.30 1765.30
377 1765.30 1765.30
378 1765.30 1765.30
379 1765.30 1765.30
380 1765.30 1765.30
381 1765.30 1765.30
382 1765.30 1765.30
383 1765.30 1765.30
384 1765.30 1765.30
385 1765.30 1765.30
386 1765.30 1765.30
387 1765.30 1765.30
388 1765.30 1765.30
389 1765.30 1765.30
390 1765.30 1765.30
391 1765.30 1765.30
392 1765.30 1765.30
393 1765.30 1765.30
394 1765.30 1765.30
395 1765.30 1765.30
396 1765.30 1765.30
397 1765.30 1765.30
398 1765.30 1765.30
399 1765.30 1765.30
400 1765.30 1765.30
401 1765.30 1765.30
402 1765.30 1765.30
403 1765.30 1765.30
404 1765.30 1765.30
405 1765.30 1765.30
406 1765.30 1765.30
407 1765.30 1765.30
408 1765.30 1765.30
409 1765.30 1765.30
410 1765.30 1765.30
411 1765.30 1765.30
412 1765.30 1765.30
413 1765.30 1765.30
414 1765.30 1765.30
415 1765.30 1765.30
416 1765.30 1765.30
417 1765.30 1765.30
418 1765.30 1765.30
419 1765.30 1765.30
420 1765.30 1765.30
421 1765.30 1765.30
422 1765.30 1765.30
423 1765.30 1765.30
424 1765.30 1765.30
425 1765.30 1765.30
426 1765.30 1765.30
427 1765.30 1765.30
428 1765.30 1765.30
429 1765.30 1765.30
430 1765.30 1765.30
431 1765.30 1765.30
432 1765.30 1765.30
433 1765.30 1765.30
434 1765.30 1765.30
435 1765.30 1765.30
436 1765.30 1765.30
437 1765.30 1765.30
438 1765.30 1765.30
439 1765.30 1765.30
440 1765.30 1765.30
441 1765.30 1765.30
442 1765.30 1765.30
443 1765.30 1765.30
444 1765.30 1765.30
445 1765.30 1765.30
446 1765.30 1765.30
447 1765.30 1765.30
448 1765.30 1765.30
449 1765.30 1765.30
450 1765.30 1765.30
451 1765.30 1765.30
452 1765.30 1765.30
453 1765.30 1765.30
454 1765.30 1765.30
455 1765.30 1765.30
456 1765.30 1765.30
457 1765.30 1765.30
458 1765.30 1765.30
459 1765.30 1765.30
460 1765.30 1765.30
461 1765.30 1765.30
462 1765.30 1765.30
463 1765.30 1765.30
464 1765.30 1765.30
465 1765.30 1765.30
466 1765.30 1765.30
467 1765.30 1765.30
468 1765.30 1765.30
469 1765.30 1765.30
470 1765.30 1765.30
471 1765.30 1765.30
472 1765.30 1765.30
473 1765.30 1765.30
474 1765.30 1765.30
475 1765.30 1765.30
476 1765.30 1765.30
477 1765.30 1765.30
478 1765.30 1765.30
479 1765.30 1765.30
480 1765.30 1765.30
481 1765.30 1765.30
482 1765.30 1765.30
483 1765.30 1765.30
484 1765.30 1765.30
485 1765.30 1765.30
486 1765.30 1765.30
487 1765.30 1765.30
488 1765.30 1765.30
489 1765.30 1765.30
490 1765.30 1765.30
491 1765.30 1765.30
492 1765.30 1765.30
493 1765.30 1765.30
494 1765.30 1765.30
495 1765.30 1765.30
496 1765.30 1765.30
497 1765.30 1765.30
498 1765.30 1765.30
499 1765.30 1765.30
500 1765.30 1765.30
501 1765.30 1765.30
502 1765.30 1765.30
503 1765.30 1765.30
504 1765.30 1765.30
505 1765.30 1765.30
506 1765.30 1765.30
507 1765.30 1765.30
508 1765.30 1765.30
509 1765.30 1765.30
510 1765.30 1765.30
511 1765.30 1765.30
512 1765.30 1765.30
513 1765.30 1765.30
514 1765.30 1765.30
515 1765.30 1765.30
516 1765.30 1765.30
517 1765.30 1765.30
518 1765.30 1765.30
519 1765.30 1765.30
520 1765.30 1765.30
521 1765.30 1765.30
522 1765.30 1765.30
523 1765.30 1765.30
524 1765.30 1765.30
525 1765.30 1765.30
526 1765.30 1765.30
527 1765.30 1765.30
528 1765.30 1765.30
529 1765.30 1765.30
530 1765.30 1765.30
531 1765.30 1765.30
532 1765.30 1765.30
533 1765.30 1765.30
534 1765.30 1765.30
535 1765.30 1765.30
536 1765.30 1765.30
537 1765.30 1765.30
538 1765.30 1765.30
539 1765.30 1765.30
540 1765.30 1765.30
541 1765.30 1765.30
542 1765.30 1765.30
543 1765.30 1765.30
544 1765.30 1765.30
545 1765.30 1765.30
546 1765.30 1765.30
547 1765.30 1765.30
548 1765.30 1765.30
549 1765.30 1765.30
550 1765.30 1765.30
551 1765.30 1765.30
552 1765.30 1765.30
553 1765.30 1765.30
554 1765.30 1765.30
555 1765.30 1765.30
556 1765.30 1765.30
557 1765.30 1765.30
558 1765.30 1765.30
559 1765.30 1765.30
560 1765.30 1765.30
561 1765.30 1765.30
562 1765.30 1765.30
563 1765.30 1765.30
564 1765.30 1765.30
565 1765.30 1765.30
566 1765.30 1765.30
567 1765.30 1765.30
568 1765.30 1765.30
569 1765.30 1765.30
570 1765.30 1765.30
571 1765.30 1765.30
572 1765.30 1765.30
573 1765.30 1765.30
574 1765.30 1765.30
575 1765.30 1765.30
576 1765.30 1765.30
577 1765.30 1765.30
578 1765.30 1765.30
579 1765.30 1765.30
580 1765.30 1765.30
581 1765.30 1765.30
582 1765.30 1765.30
583 1765.30 1765.30
584 1765.30 1765.30
585 1765.30 1765.30
586 1765.30 1765.30
587 1765.30 1765.30
588 1765.30 1765.30
589 1765.30 1765.30
590 1765.30 1765.30
591 1765.30 1765.30
592 1765.30 1765.30
593 1765.30 1765.30
594 1765.30 1765.30
595 1765.30 1765.30
596 1765.30 1765.30
597 1765.30 1765.30
598 1765.30 1765.30
599 1765.30 1765.30
600 1765.30 1765.30
601 1765.30 1765.30
602 1765.30 1765.30
603 1765.30 1765.30
604 1765.30 1765.30
605 1765.30 1765.30
606 1765.30 1765.30
607 1765.30 1765.30
608 1765.30 1765.30
609 1765.30 1765.30
610 1765.30 1765.30
611 1765.30 1765.30
612 1765.30 1765.30
613 1765.30 1765.30
614 1765.30 1765.30
615 1765.30 1765.30
616 1765.30 1765.30
617 1765.30 1765.30
618 1765.30 1765.30
619 1765.30 1765.30
620 1765.30 1765.30
621 1765.30 1765.30
622 1765.30 1765.30
623 1765.30 1765.30
624 1765.30 1765.30
625 1765.30 1765.30
626 1765.30 1765.30
627 1765.30 1765.30
628 1765.30 1765.30
629 1765.30 1765.30
630 1765.30 1765.30
631 1765.30 1765.30
632 1765.30 1765.30
633 1765.30 1765.30
634 1765.30 1765.30
635 1765.30 1765.30
636 1765.30 1765.30
637 1765.30 1765.30
638 1765.30 1765.30
639 1765.30 1765.30
640 1765.30 1765.30
641 1765.30 1765.30
642 1765.30 1765.30
643 1765.30 1765.30
644 1765.30 1765.30
645 1765.30 1765.30
646 1765.30 1765.30
647 1765.30 1765.30
648 1765.30 1765.30
649 1765.30 1765.30
650 1765.30 1765.30
651 1765.30 1765.30
652 1765.30 1765.30
653 1765.30 1765.30
654 1765.30 1765.30
655 1765.30 1765.30
656 1765.30 1765.30
657 1765.30 1765.30
658 1765.30 1765.30
659 1765.30 1765.30
660 1765.30 1765.30
661 1765.30 1765.30
662 1765.30 1765.30
663 1765.30 1765.30
664 1765.30 1765.30
665 1765.30 1765.30
666 1765.30 1765.30
667 1765.30 1765.30
668 1765.30 1765.30
669 1765.30 1765.30
670 1765.30 1765.30
671 1765.30 1765.30
672 1765.30 1765.30
673 1765.30 1765.30
674 1765.30 1765.30
675 1765.30 1765.30
676 1765.30 1765.30
677 1765.30 1765.30
678 1765.30 1765.30
679 1765.30 1765.30
680 1765.30 1765.30
681 1765.30 1765.30
682 1765.30 1765.30
683 1765.30 1765.30
684 1765.30 1765.30
685 1765.30 1765.30
686 1765.30 1765.30
687 1765.30 1765.30
688 1765.30 1765.30
689 1765.30 1765.30
690 1765.30 1765.30
691 1765.30 1765.30
692 1765.30 1765.30
693 1765.30 1765.30
694 1765.30 1765.30
695 1765.30 1765.30
696 1765.30 1765.30
697 1765.30 1765.30
698 1765.30 1765.30
699 1765.30 1765.30
700 1765.30 1765.30
701 1765.30 1765.30
702 1765.30 1765.30
703 1765.30 1765.30
704 1765.30 1765.30
705 1765.30 1765.30
706 1765.30 1765.30
707 1765.30 1765.30
708 1765.30 1765.30
709 1765.30 1765.30
710 1765.30 1765.30
711 1765.30 1765.30
712 1765.30 1765.30
713 1765.30 1765.30
714 1765.30 1765.30
715 1765.30 1765.30
716 1765.30 1765.30
717 1765.30 1765.30
718 1765.30 1765.30
719 1765.30 1765.30
720 1765.30 1765.30
721 1765.30 1765.30
722 1765.30 1765.30
723 1765.30 1765.30
724 1765.30 1765.30
725 1765.30 1765.30
726 1765.30 1765.30
727 1765.30 1765.30
728 1765.30 1765.30
729 1765.30 1765.30
730 1765.30 1765.30
731 1765.30 1765.30
732 1765.30 1765.30
733 1765.30 1765.30
734 1765.30 1765.30
735 1765.30 1765.30
736 1765.30 1765.30
737 1765.30 1765.30
738 1765.30 1765.30
739 1765.30 1765.30
740 1765.30 1765.30
741 1765.30 1765.30
742 1765.30 1765.30
743 1765.30 1765.30
744 1765.30 1765.30
745 1765.30 1765.30
746 1765.30 1765.30
747 1765.30 1765.30
748 1765.30 1765.30
749 1765.30 1765.30
750 1765.30 1765.30
751 1765.30 1765.30
752 1765.30 1765.30
753 1765.30 1765.30
754 1765.30 1765.30
755 1765.30 1765.30
756 1765.30 1765.30
757 1765.30 1765.30
758 1765.30 1765.30
759 1765.30 1765.30
760 1765.30 1765.30
761 1765.30 1765.30
762 1765.30 1765.30
763 1765.30 1765.30
764 1765.30 1765.30
765 1765.30 1765.30
766 1765.30 1765.30
767 1765.30 1765.30
768 1765.30 1765.30
769 1765.30 1765.30
770 1765.30 1765.30
771 1765.30 1765.30
772 1765.30 1765.30
773 1765.30 1765.30
774 1765.30 1765.30
775 1765.30 1765.30
776 1765.30 1765.30
777 1765.30 1765.30
778 1765.30 1765.30
779 1765.30 1765.30
780 1765.30 1765.30
781 1765.30 1765.30
782 1765.30 1765.30
783 1765.30 1765.30
784 1765.30 1765.30
785 1765.30 1765.30
786 1765.30 1765.30
787 1765.30 1765.30
788 1765.30 1765.30
789 1765.30 1765.30
790 1765.30 1765.30
791 1765.30 1765.30
792 1765.30 1765.30
793 1765.30 1765.30
794 1765.30 1765.30
795 1765.30 1765.30
796 1765.30 1765.30
797 1765.30 1765.30
798 1765.30 1765.30
799 1765.30 1765.30
800 1765.30 1765.30
801 1765.30 1765.30
802 1765.30 1765.30
803 1765.30 1765.30
804 1765.30 1765.30
805 1765.30 1765.30
806 1765.30 1765.30
807 1765.30 1765.30
808 1765.30 1765.30
809 1765.30 1765.30
810 1765.30 1765.30
811 1765.30 1765.30
812 1765.30 1765.30
813 1765.30 1765.30
814 1765.30 1765.30
815 1765.30 1765.30
816 1765.30 1765.30
817 1765.30 1765.30
818 1765.30 1765.30
819 1765.30 1765.30
820 1765.30 1765.30
821 1765.30 1765.30
822 1765.30 1765.30
823 1765.30 1765.30
824 1765.30 1765.30
825 1765.30 1765.30
826 1765.30 1765.30
827 1765.30 1765.30
828 1765.30 1765.30
829 1765.30 1765.30
830 1765.30 1765.30
831 1765.30 1765.30
832 1765.30 1765.30
833 1765.30 1765.30
834 1765.30 1765.30
835 1765.30 1765.30
836 1765.30 1765.30
837 1765.30 1765.30
838 1765.30 1765.30
839 1765.30 1765.30
840 1765.30 1765.30
841 1765.30 1765.30
842 1765.30 1765.30
843 1765.30 1765.30
844 1765.30 1765.30
845 1765.30 1765.30
846 1765.30 1765.30
847 1765.30 1765.30
848 1765.30 1765.30
849 1765.30 1765.30
850 1765.30 1765.30
851 1765.30 1765.30
852 1765.30 1765.30
853 1765.30 1765.30
854 1765.30 1765.30
855 1765.30 1765.30
856 1765.30 1765.30
857 1765.30 1765.30
858 1765.30 1765.30
859 1765.30 1765.30
860 1765.30 1765.30
861 1765.30 1765.30
862 1765.30 1765.30
863 1765.30 1765.30
864 1765.30 1765.30
865 1765.30 1765.30
866 1765.30 1765.30
867 1765.30 1765.30
868 1765.30 1765.30
869 1765.30 1765.30
870 1765.30 1765.30
871 1765.30 1765.30
872 1765.30 1765.30
873 1765.30 1765.30
874 1765.30 1765.30
875 1765.30 1765.30
876 1765.30 1765.30
877 1765.30 1765.30
878 1765.30 1765.30
879 1765.30 1765.30
880 1765.30 1765.30
881 1765.30 1765.30
882 1765.30 1765.30
883 1765.30 1765.30
884 1765.30 1765.30
885 1765.30 1765.30
886 1765.30 1765.30
887 1765.30 1765.30
888 1765.30 1765.30
889 1765.30 1765.30
890 1765.30 1765.30
891 1765.30 1765.30
892 1765.30 1765.30
893 1765.30 1765.30
894 1765.30 1765.30
895 1765.30 1765.30
896 1765.30 1765.30
897 1765.30 1765.30
898 1765.30 1765.30
899 1765.30 1765.30
900 1765.30 1765.30
901 1765.30 1765.30
902 1765.30 1765.30
903 1765.30 1765.30
904 1765.30 1765.30
905 1765.30 1765.30
906 1765.30 1765.30
907 1765.30 1765.30
908 1765.30 1765.30
909 1765.30 1765.30
910 1765.30 1765.30
911 1765.30 1765.30
912 1765.30 1765.30
913 1765.30 1765.30
914 1765.30 1765.30
915 1765.30 1765.30
916 1765.30 1765.30
917 1765.30 1765.30
918 1765.30 1765.30
919 1765.30 1765.30
920 1765.30 1765.30
921 1765.30 1765.30
922 1765.30 1765.30
923 1765.30 1765.30
924 1765.30 1765.30
925 1765.30 1765.30
926 1765.30 1765.30
927 1765.30 1765.30
928 1765.30 1765.30
929 1765.30 1765.30
930 1765.30 1765.30
931 1765.30 1765.30
932 1765.30 1765.30
933 1765.30 1765.30
934 1765.30 1765.30
935 1765.30 1765.30
936 1765.30 1765.30
937 1765.30 1765.30
938 1765.30 1765.30
939 1765.30 1765.30
940 1765.30 1765.30
941 1765.30 1765.30
942 1765.30 1765.30
943 1765.30 1765.30
944 1765.30 1765.30
945 1765.30 1765.30
946 1765.30 1765.30
947 1765.30 1765.30
948 1765.30 1765.30
949 1765.30 1765.30
950 1765.30 1765.30
951 1765.30 1765.30
952 1765.30 1765.30
953 1765.30 1765.30
954 1765.30 1765.30
955 1765.30 1765.30
956 1765.30 1765.30
957 1765.30 1765.30
958 1765.30 1765.30
959 1765.30 1765.30
960 1765.30 1765.30
961 1765.30 1765.30
962 1765.30 1765.30
963 1765.30 1765.30
964 1765.30 1765.30
965 1765.30 1765.30
966 1765.30 1765.30
967 1765.30 1765.30
968 1765.30 1765.30
969 1765.30 1765.30
970 1765.30 1765.30
971 1765.30 1765.30
972 1765.30 1765.30
973 1765.30 1765.30
974 1765.30 1765.30
975 1765.30 1765.30
976 1765.30 1765.30
977 1765.30 1765.30
978 1765.30 1765.30
979 1765.30 1765.30
980 1765.30 1765.30
981 1765.30 1765.30
982 1765.30 1765.30
983 1765.30 1765.30
984 1765.30 1765.30
985 1765.30 1765.30
986 1765.30 1765.30
987 1765.30 1765.30
988 1765.30 1765.30
989 1765.30 1765.30
990 1765.30 1765.30
991 1765.30 1765.30
992 1765.30 1765.30
993 1765.30 1765.30
994 1765.30 1765.30
995 1765.30 1765.30
996 1765.30 1765.30
997 1765.30 1765.30
998 1765.30 1765.30
999 1765.30 1765.30
1000 1765.30 1765.30
1001 1765.30 1765.30
1002 1765.30 1765.30
1003 1765.30 1765.30
1004 1765.30 1765.30
1005 1765.30 1765.30
1006 1765.30 1765.30
1007 1765.30 1765.30
1008 1765.30 1765.30
1009 1765.30 1765.30
1010 1765.30 1765.30
1011 1765.30 1765.30
1012 1765.30 1765.30
1013 1765.30 1765.30
1014 1765.30 1765.30
1015 1765.30 1765.30
1016 1765.30 1765.30
1017 1765.30 1765.30
1018 1765.30 1765.30
1019 1765.30 1765.30
1020 1765.30 1765.30
1021 1765.30 1765.30
1022 1765.30 1765.30
1023 1765.30 1765.30
1024 1765.30 1765.30
1025 1765.30 1765.30
1026 1765.30 1765.30
1027 1765.30 1765.30
1028 1765.30 1765.30
1029 1765.30 1765.30
1030 1765.30 1765.30
1031 1765.30 1765.30
1032 1765.30 1765.30
1033 1765.30 1765.30
1034 1765.30 1765.30
1035 1765.30 1765.30
1036 1765.30 1765.30
1037 1765.30 1765.30
1038 1765.30 1765.30
1039 1765.30 1765.30
1040 1765.30 1765.30
1041 1765.30 1765.30
1042 1765.30 1765.30
1043 1765.30 1765.30
1044 1765.30 1765.30
1045 1765.30 1765.30
1046 1765.30 1765.30
1047 1765.30 1765.30
1048 1765.30 1765.30
1049 1765.30 1765.30
1050 1765.30 1765.30
1051 1765.30 1765.30
1052 1765.30 1765.30
1053 1765.30 1765.30
1054 1765.30 1765.30
1055 1765.30 1765.30
1056 1765.30 1765.30
1057 1765.30 1765.30
1058 1765.30 1765.30
1059 1765.30 1765.30
1060 1765.30 1765.30
1061 1765.30 1765.30
1062 1765.30 1765.30
1063 1765.30 1765.30
1064 1765.30 1765.30
1065 1765.30 1765.30
1066 1765.30 1765.30
1067 1765.30 1765.30
1068 1765.30 1765.30
1069 1765.30 1765.30
1070 1765.30 1765.30
1071 1765.30 1765.30
1072 1765.30 1765.30
1073 1765.30 1765.30
1074 1765.30 1765.30
1075 1765.30 1765.30
1076 1765.30 1765.30
1077 1765.30 1765.30
1078 1765.30 1765.30
1079 1765.30 1765.30
1080 1765.30 1765.30
1081 1765.30 1765.30
1082 1765.30 1765.30
1083 1765.30 1765.30
1084 1765.30 1765.30
1085 1765.30 1765.30
1086 1765.30 1765.30
1087 1765.30 1765.30
1088 1765.30 1765.30
1089 1765.30 1765.30
1090 1765.30 1765.30
1091 1765.30 1765.30
1092 1765.30 1765.30
1093 1765.30 1765.30
1094 1765.30 1765.30
1095 1765.30 1765.30
1096 1765.30 1765.30
1097 1765.30 1765.30
1098 1765.30 1765.30
1099 1765.30 1765.30
1100 1765.30 1765.30
1101 1765.30 1765.30
1102 1765.30 1765.30
1103 1765.30 1765.30
1104 1765.30 1765.30
1105 1765.30 1765.30
1106 1765.30 1765.30
1107 1765.30 1765.30
1108 1765.30 1765.30
1109 1765.30 1765.30
1110 1765.30 1765.30
1111 1765.30 1765.30
1112 1765.30 1765.30
1113 1765.30 1765.30
1114 1765.30 1765.30
1115 1765.30 1765.30
1116 1765.30 1765.30
1117 1765.30 1765.30
1118 1765.30 1765.30
1119 1765.30 1765.30
1120 1765.30 1765.30
1121 1765.30 1765.30
1122 1765.30 1765.30
1123 1765.30 1765.30
1124 1765.30 1765.30
1125 1765.30 1765.30
1126 1765.30 1765.30
1127 1765.30 1765.30
1128 1765.30 1765.30
1129 1765.30 1765.30
1130 1765.30 1765.30
1131 1765.30 1765.30
1132 1765.30 1765.30
1133 1765.30 1765.30
1134 1765.30 1765.30
1135 1765.30 1765.30
1136 1765.30 1765.30
1137 1765.30 1765.30
1138 1765.30 1765.30
1139 1765.30 1765.30
1140 1765.30 1765.30
1141 1765.30 1765.30
1142 1765.30 1765.30
1143 1765.30 1765.30
1144 1765.30 1765.30
1145 1765.30 1765.30
1146 1765.30 1765.30
1147 1765.30 1765.30
1148 1765.30 1765.30
1149 1765.30 1765.30
1150 1765.30 1765.30
1151 1765.30 1765.30
1152 1765.30 1765.30
1153 1765.30 1765.30
1154 1765.30 1765.30
1155 1765.30 1765.30
1156 1765.30 1765.30
1157 1765.30 1765.30
1158 1765.30 1765.30
1159 1765.30 1765.30
1160 1765.30 1765.30
1161 1765.30 1765.30
1162 1765.30 1765.30
1163 1765.30 1765.30
1164 1765.30 1765.30
1165 1765.30 1765.30
1166 1765.30 1765.30
1167 1765.30 1765.30
1168 1765.30 1765.30
1169 1765.30 1765.30
1170 1765.30 1765.30
1171 1765.30 1765.30
1172 1765.30 1765.30
1173 1765.30 1765.30
1174 1765.30 1765.30
1175 1765.30 1765.30
1176 1765.30 1765.30
1177 1765.30 1765.30
1178 1765.30 1765.30
1179 1765.30 1765.30
1180 1765.30 1765.30
1181 1765.30 1765.30
1182 1765.30 1765.30
1183 1765.30 1765.30
1184 1765.30 1765.30
1185 1765.30 1765.30
1186 1765.30 1765.30
1187 1765.30 1765.30
1188 1765.30 1765.30
1189 1765.30 1765.30
1190 1765.30 1765.30
1191 1765.30 1765.30
1192 1765.30 1765.30
1193 1765.30 1765.30
1194 1765.30 1765.30
1195 1765.30 1765.30
1196 1765.30 1765.30
1197 1765.30 1765.30
1198 1765.30 1765.30
1199 1765.30 1765.30
1200 1765.30 1765.30
1201 1765.30 1765.30
1202 1765.30 1765.30
1203 1765.30 1765.30
1204 1765.30 1765.30
1205 1765.30 1765.30
1206 1765.30 1765.30
1207 1765.30 1765.30
1208 1765.30 1765.30
1209 1765.30 1765.30
1210 1765.30 1765.30
1211 1765.30 1765.30
1212 1765.30 1765.30
1213 1765.30 1765.30
1214 1765.30 1765.30
1215 1765.30 1765.30
1216 1765.30 1765.30
1217 1765.30 1765.30
1218 1765.30 1765.30
1219 1765.30 1765.30
1220 1765.30 1765.30
1221 1765.30 1765.30
1222 1765.30 1765.30
1223 1765.30 1765.30
1224 1765.30 1765.30
1225 1765.30 1765.30
1226 1765.30 1765.30
1227 1765.30 1765.30
1228 1765.30 1765.30
1229 1765.30 1765.30
1230 1765.30 1765.30
1231 1765.30 1765.30
1232 1765.30 1765.30
1233 1765.30 1765.30
1234 1765.30 1765.30
1235 1765.30 1765.30
1236 1765.30 1765.30
1237 1765.30 1765.30
1238 1765.30 1765.30
1239 1765.30 1765.30
1240 1765.30 1765.30
1241 1765.30 1765.30
1242 1765.30 1765.30
1243 1765.30 1765.30
1244 1765.30 1765.30
1245 1765.30 1765.30
1246 1765.30 1765.30
1247 1765.30 1765.30
1248 1765.30 1765.30
1249 1765.30 1765.30
1250 1765.30 1765.30
1251 1765.30 1765.30
1252 1765.30 1765.30
1253 1765.30 1765.30
1254 1765.30 1765.30
1255 1765.30 1765.30
1256 1765.30 1765.30
1257 1765.30 1765.30
1258 1765.30 1765.30
1259 1765.30 1765.30
1260 1765.30 1765.30
1261 1765.30 1765.30
1262 1765.30 1765.30
1263 1765.30 1765.30
1264 1765.30 1765.30
1265 1765.30 1765.30
1266 1765.30 1765.30
1267 1765.30 1765.30
1268 1765.30 1765.30
1269 1765.30 1765.30
1270 1765.30 1765.30
1271 1765.30 1765.30
1272 1765.30 1765.30
1273 1765.30 1765.30
1274 1765.30 1765.30
1275 1765.30 1765.30
1276 1765.30 1765.30
1277 1765.30 1765.30
1278 1765.30 1765.30
1279 1765.30 1765.30
1280 1765.30 1765.30
1281 1765.30 1765.30
1282 1765.30 1765.30
1283 1765.30 1765.30
1284 1765.30 1765.30
1285 1765.30 1765.30
1286 1765.30 1765.30
1287 1765.30 1765.30
1288 1765.30 1765.30
1289 1765.30 1765.30
1290 1765.30 1765.30
1291 1765.30 1765.30
1292 1765.30 1765.30
1293 1765.30 1765.30
1294 1765.30 1765.30
1295 1765.30 1765.30
1296 1765.30 1765.30
1297 1765.30 1765.30
1298 1765.30 1765.30
1299 1765.30 1765.30
1300 1765.30 1765.30
1301 1765.30 1765.30
1302 1765.30 1765.30
1303 1765.30 1765.30
1304 1765.30 1765.30
1305 1765.30 1765.30
1306 1765.30 1765.30
1307 1765.30 1765.30
1308 1765.30 1765.30
1309 1765.30 1765.30
1310 1765.30 1765.30
1311 1765.30 1765.30
1312 1765.30 1765.30
1313 1765.30 1765.30
1314 1765.30 1765.30
1315 1765.30 1765.30
1316 1765.30 1765.30
1317 1765.30 1765.30
1318 1765.30 1765.30
1319 1765.30 1765.30
1320 1765.30 1765.30
1321 1765.30 1765.30
1322 1765.30 1765.30
1323 1765.30 1765.30
1324 1765.30 1765.30
1325 1765.30 1765.30
1326 1765.30 1765.30
1327 1765.30 1765.30
1328 1765.30 1765.30
1329 1765.30 1765.30
1330 1765.30 1765.30
1331 1765.30 1765.30
1332 1765.30 1765.30
1333 1765.30 1765.30
1334 1765.30 1765.30
1335 1765.30 1765.30
1336 1765.30 1765.30
1337 1765.30 1765.30
1338 1765.30 1765.30
1339 1765.30 1765.30
1340 1765.30 1765.30
1341 1765.30 1765.30
1342 1765.30 1765.30
1343 1765.30 1765.30
1344 1765.30 1765.30
1345 1765.30 1765.30
1346 1765.30 1765.30
1347 1765.30 1765.30
1348 1765.30 1765.30
1349 1765.30 1765.30
1350 1765.30 1765.30
1351 1765.30 1765.30
1352 1765.30 1765.30
1353 1765.30 1765.30
1354 1765.30 1765.30
1355 1765.30 1765.30
1356 1765.30 1765.30
1357 1765.30 1765.30
1358 1765.30 1765.30
1359 1765.30 1765.30
1360 1765.30 1765.30
1361 1765.30 1765.30
1362 1765.30 1765.30
1363 1765.30 1765.30
1364 1765.30 1765.30
1365 1765.30 1765.30
1366 1765.30 1765.30
1367 1765.30 1765.30
1368 1765.30 1765.30
1369 1765.30 1765.30
1370 1765.30 1765.30
1371 1765.30 1765.30
1372 1765.30 1765.30
1373 1765.30 1765.30
1374 1765.30 1765.30
1375 1765.30 1765.30
1376 1765.30 1765.30
1377 1765.30 1765.30
1378 1765.30 1765.30
1379 1765.30 1765.30
1380 1765.30 1765.30
1381 1765.30 1765.30
1382 1765.30 1765.30
1383 1765.30 1765.30
1384 1765.30 1765.30
1385 1765.30 1765.30
1386 1765.30 1765.30
1387 1765.30 1765.30
1388 1765.30 1765.30
1389 1765.30 1765.30
1390 1765.30 1765.30
1391 1765.30 1765.30
1392 1765.30 1765.30
1393 1765.30 1765.30
1394 1765.30 1765.30
1395 1765.30 1765.30
1396 1765.30 1765.30
1397 1765.30 1765.30
1398 1765.30 1765.30
1399 1765.30 1765.30
1400 1765.30 1765.30
1401 1765.30 1765.30
1402 1765.30 1765.30
1403 1765.30 1765.30
1404 1765.30 1765.30
1405 1765.30 1765.30
1406 1765.30 1765.30
1407 1765.30 1765.30
1408 1765.30 1765.30
1409 1765.30 1765.30
1410 1765.30 1765.30
1411 1765.30 1765.30
1412 1765.30 1765.30
1413 1765.30 1765.30
1414 1765.30 1765.30
1415 1765.30 1765.30
1416 1765.30 1765.30
1417 1765.30 1765.30
1418 1765.30 1765.30
1419 1765.30 1765.30
1420 1765.30 1765.30
1421 1765.30 1765.30
1422 1765.30 1765.30
1423 1765.30 1765.30
1424 1765.30 1765.30
1425 1765.30 1765.30
1426 1765.30 1765.30
1427 1765.30 1765.30
1428 1765.30 1765.30
1429 1765.30 1765.30
1430 1765.30 1765.30
1431 1765.30 1765.30
1432 1765.30 1765.30
1433 1765.30 1765.30
1434 1765.30 1765.30
1435 1765.30 1765.30
1436 1765.30 1765.30
1437 1765.30 1765.30
1438 1765.30 1765.30
1439 1765.30 1765.30
1440 1765.30 1765.30
1441 1765.30 1765.30
1442 1765.30 1765.30
1443 1765.30 1765.30
1444 1765.30 1765.30
1445 1765.30 1765.30
1446 1765.30 1765.30
1447 1765.30 1765.30
1448 1765.30 1765.30
1449 1765.30 1765.30
1450 1765.30 1765.30
1451 1765.30 1765.30
1452 1765.30 1765.30
1453 1765.30 1765.30
1454 1765.30 1765.30
1455 1765.30 1765.30
1456 1765.30 1765.30
1457 1765.30 1765.30
1458 1765.30 1765.30
1459 1765.30 1765.30
1460 1765.30 1765.30
1461 1765.30 1765.30
1462 1765.30 1765.30
1463 1765.30 1765.30
1464 1765.30 1765.30
1465 1765.30 1765.30
1466 1765.30 1765.30
1467 1765.30 1765.30
1468 1765.30 1765.30
1469 1765.30 1765.30
1470 1765.30 1765.30
1471 1765.30 1765.30
1472 1765.30 1765.30
1473 1765.30 1765.30
1474 1765.30 1765.30
1475 1765.30 1765.30
1476 1765.30 1765.30
1477 1765.30 1765.30
1478 1765.30 1765.30
1479 1765.30 1765.30
1480 1765.30 1765.30
1481 1765.30 1765.30
1482 1765.30 1765.30
1483 1765.30 1765.30
1484 1765.30 1765.30
1485 1765.30 1765.30
1486 1765.30 1765.30
1487 1765.30 1765.30
1488 1765.30 1765.30
1489 1765.30 1765.30
1490 1765.30 1765.30
1491 1765.30 1765.30
1492 1765.30 1765.30
1493 1765.30 1765.30
1494 1765.30 1765.30
1495 1765.30 1765.30
1496 1765.30 1765.30
1497 1765.30 1765.30
1498 1765.30 1765.30
1499 1765.30 1765.30
1500 1765.30 1765.30
1501 1765.30 1765.30
1502 1765.30 1765.30
1503 1765.30 1765.30
1504 1765.30 1765.30
1505 1765.30 1765.30
1506 1765.30 1765.30
1507 1765.30 1765.30
1508 1765.30 1765.30
1509 1765.30 1765.30
1510 1765.30 1765.30
1511 1765.30 1765.30
1512 1765.30 1765.30
1513 1765.30 1765.30
1514 1765.30 1765.30
1515 1765.30 1765.30
1516 1765.30 1765.30
1517 1765.30 1765.30
1518 1765.30 1765.30
1519 1765.30 1765.30
1520 1765.30 1765.30
1521 1765.30 1765.30
1522 1765.30 1765.30
1523 1765.30 1765.30
1524 1765.30 1765.30
1525 1765.30 1765.30
1526 1765.30 1765.30
1527 1765.30 1765.30
1528 1765.30 1765.30
1529 1765.30 1765.30
1530 1765.30 1765.30
1531 1765.30 1765.30
1532 1765.30 1765.30
1533 1765.30 1765.30
1534 1765.30 1765.30
1535 1765.30 1765.30
1536 1765.30 1765.30
1537 1765.30 1765.30
1538 1765.30 1765.30
1539 1765.30 1765.30
1540 1765.30 1765.30
1541 1765.30 1765.30
1542 1765.30 1765.30
1543 1765.30 1765.30
1544 1765.30 1765.30
1545 1765.30 1765.30
1546 1765.30 1765.30
1547 1765.30 1765.30
1548 1765.30 1765.30
1549 1765.30 1765.30
1550 1765.30 1765.30
1551 1765.30 1765.30
1552 1765.30 1765.30
1553 1765.30 1765.30
1554 1765.30 1765.30
1555 1765.30 1765.30
1556 1765.30 1765.30
1557 1765.30 1765.30
1558 1765.30 1765.30
1559 1765.30 1765.30
1560 1765.30 1765.30
1561 1765.30 1765.30
1562 1765.30 1765.30
1563 1765.30 1765.30
1564 1765.30 1765.30
1565 1765.30 1765.30
1566 1765.30 1765.30
1567 1765.30 1765.30
1568 1765.30 1765.30
1569 1765.30 1765.30
1570 1765.30 1765.30
1571 1765.30 1765.30
1572 1765.30 1765.30
1573 1765.30 1765.30
1574 1765.30 1765.30
1575 1765.30 1765.30
1576 1765.30 1765.30
1577 1765.30 1765.30
1578 1765.30 1765.30
1579 1765.30 1765.30
1580 1765.30 1765.30
1581 1765.30 1765.30
1582 1765.30 1765.30
1583 1765.30 1765.30
1584 1765.30 1765.30
1585 1765.30 1765.30
1586 1765.30 1765.30
1587 1765.30 1765.30
1588 1765.30 1765.30
1589 1765.30 1765.30
1590 1765.30 1765.30
1591 1765.30 1765.30
1592 1765.30 1765.30
1593 1765.30 1765.30
1594 1765.30 1765.30
1595 1765.30 1765.30
1596 1765.30 1765.30
1597 1765.30 1765.30
1598 1765.30 1765.30
1599 1765.30 1765.30
1600 1765.30 1765.30
1601 1765.30 1765.30
1602 1765.30 1765.30
1603 1765.30 1765.30
1604 1765.30 1765.30
1605 1765.30 1765.30
1606 1765.30 1765.30
1607 1765.30 1765.30
1608 1765.30 1765.30
1609 1765.30 1765.30
1610 1765.30 1765.30
1611 1765.30 1765.30
1612 1765.30 1765.30
1613 1765.30 1765.30
1614 1765.30 1765.30
1615 1765.30 1765.30
1616 1765.30 1765.30
1617 1765.30 1765.30
1618 1765.30 1765.30
1619 1765.30 1765.30
1620 1765.30 1765.30
1621 1765.30 1765.30
1622 1765.30 1765.30
1623 1765.30 1765.30
1624 1765.30 1765.30
1625 1765.30 1765.30
1626 1765.30 1765.30
1627 1765.30 1765.30
1628 1765.30 1765.30
1629 1765.30 1765.30
1630 1765.30 1765.30
1631 1765.30 1765.30
1632 1765.30 1765.30
1633 1765.30 1765.30
1634 1765.30 1765.30
1635 1765.30 1765.30
1636 1765.30 1765.30
1637 1765.30 1765.30
1638 1765.30 1765.30
1639 1765.30 1765.30
1640 1765.30 1765.30
1641 1765.30 1765.30
1642 1765.30 1765.30
1643 1765.30 1765.30
1644 1765.30 1765.30
1645 1765.30 1765.30
1646 1765.30 1765.30
1647 1765.30 1765.30
1648 1765.30 1765.30
1649 1765.30 1765.30
1650 1765.30 1765.30
1651 1765.30 1765.30
1652 1765.30 1765.30
1653 1765.30 1765.30
1654 1765.30 1765.30
1655 1765.30 1765.30
1656 1765.30 1765.30
1657 1765.30 1765.30
1658 1765.30 1765.30
1659 1765.30 1765.30
1660 1765.30 1765.30
1661 1765.30 1765.30
1662 1765.30 1765.30
1663 1765.30 1765.30
1664 1765.30 1765.30
1665 1765.30 1765.30
1666 1765.30 1765.30
1667 1765.30 1765.30
1668 1765.30 1765.30
1669 1765.30 1765.30
1670 1765.30 1765.30
1671 1765.30 1765.30
1672 1765.30 1765.30
1673 1765.30 1765.30
1674 1765.30 1765.30
1675 1765.30 1765.30
1676 1765.30 1765.30
1677 1765.30 1765.30
1678 1765.30 1765.30
1679 1765.30 1765.30
1680 1765.30 1765.30
1681 1765.30 1765.30
1682 1765.30 1765.30
1683 1765.30 1765.30
1684 1765.30 1765.30
1685 1765.30 1765.30
1686 1765.30 1765.30
1687 1765.30 1765.30
1688 1765.30 1765.30
1689 1765.30 1765.30
1690 1765.30 1765.30
1691 1765.30 1765.30
1692 1765.30 1765.30
1693 1765.30 1765.30
1694 1765.30 1765.30
1695 1765.30 1765.30
