0 1777.86 1777.86
1 1777.86 1777.86
2 1777.86 1777.86
3 1777.86 1777.86
4 1777.86 1777.86
5 1777.86 1777.86
6 1777.86 1777.86
7 1777.86 1777.86
8 1777.86 1777.86
9 1777.86 1777.86
10 1777.86 1777.86
11 1777.86 1777.86
12 1777.86 1777.86
13 1777.86 1777.86
14 1777.86 1777.86
15 1777.86 1777.86
16 1777.86 1777.86
17 1777.86 1777.86
18 1777.86 1777.86
19 1777.86 1777.86
20 1777.86 1777.86
21 1777.86 1777.86
22 1777.86 1777.86
23 1777.86 1777.86
24 1777.86 1777.86
25 1777.86 1777.86
26 1777.86 1777.86
27 1777.86 1777.86
28 1777.86 1777.86
29 1777.86 1777.86
30 1777.86 1777.86
31 1777.86 1777.86
32 1777.86 1777.86
33 1777.86 1777.86
34 1777.86 1777.86
35 1777.86 1777.86
36 1777.86 1777.86
37 1777.86 1777.86
38 1777.86 1777.86
39 1777.86 1777.86
40 1777.86 1777.86
41 1777.86 1777.86
42 1777.86 1777.86
43 1777.86 1777.86
44 1777.86 1777.86
45 1777.86 1777.86
46 1777.86 1777.86
47 1777.86 1777.86
48 1777.86 1777.86
49 1777.86 1777.86
50 1777.86 1777.86
51 1777.86 1777.86
52 1777.86 1777.86
53 1777.86 1777.86
54 1777.86 1777.86
55 1777.86 1777.86
56 1777.86 1777.86
57 1777.86 1777.86
58 1777.86 1777.86
59 1777.86 1777.86
60 1777.86 1777.86
61 1777.86 1777.86
62 1777.86 1777.86
63 1777.86 1777.86
64 1777.86 1777.86
65 1777.86 1777.86
66 1777.86 1777.86
67 1777.86 1777.86
68 1777.86 1777.86
69 1777.86 1777.86
70 1777.86 1777.86
71 1777.86 1777.86
72 1777.86 1777.86
73 1777.86 1777.86
74 1777.86 1777.86
75 1777.86 1777.86
76 1777.86 1777.86
77 1777.86 1777.86
78 1777.86 1777.86
79 1777.86 1777.86
80 1777.86 1777.86
81 1777.86 1777.86
82 1777.86 1777.86
83 1777.86 1777.86
84 1777.86 1777.86
85 1777.86 1777.86
86 1777.86 1777.86
87 1777.86 1777.86
88 1777.86 1777.86
89 1777.86 1777.86
90 1777.86 1777.86
91 1777.86 1777.86
92 1777.86 1777.86
93 1777.86 1777.86
94 1777.86 1777.86
95 1777.86 1777.86
96 1777.86 1777.86
97 1777.86 1777.86
98 1777.86 1777.86
99 1777.86 1777.86
100 1777.86 1777.86
101 1777.86 1777.86
102 1777.86 1777.86
103 1777.86 1777.86
104 1777.86 1777.86
105 1777.86 1777.86
106 1777.86 1777.86
107 1777.86 1777.86
108 1777.86 1777.86
109 1777.86 1777.86
110 1777.86 1777.86
111 1777.86 1777.86
112 1777.86 1777.86
113 1777.86 1777.86
114 1777.86 1777.86
115 1777.86 1777.86
116 1777.86 1777.86
117 1777.86 1777.86
118 1777.86 1777.86
119 1777.86 1777.86
120 1777.86 1777.86
121 1777.86 1777.86
122 1777.86 1777.86
123 1777.86 1777.86
124 1777.86 1777.86
125 1777.86 1777.86
126 1777.86 1777.86
127 1777.86 1777.86
128 1777.86 1777.86
129 1777.86 1777.86
130 1777.86 1777.86
131 1777.86 1777.86
132 1777.86 1777.86
133 1777.86 1777.86
134 1777.86 1777.86
135 1777.86 1777.86
136 1777.86 1777.86
137 1777.86 1777.86
138 1777.86 1777.86
139 1777.86 1777.86
140 1777.86 1777.86
141 1777.86 1777.86
142 1777.86 1777.86
143 1777.86 1777.86
144 1777.86 1777.86
145 1777.86 1777.86
146 1777.86 1777.86
147 1777.86 1777.86
148 1777.86 1777.86
149 1777.86 1777.86
150 1777.86 1777.86
151 1777.86 1777.86
152 1777.86 1777.86
153 1777.86 1777.86
154 1777.86 1777.86
155 1777.86 1777.86
156 1777.86 1777.86
157 1777.86 1777.86
158 1777.86 1777.86
159 1777.86 1777.86
160 1777.86 1777.86
161 1777.86 1777.86
162 1777.86 1777.86
163 1777.86 1777.86
164 1777.86 1777.86
165 1777.86 1777.86
166 1777.86 1777.86
167 1777.86 1777.86
168 1777.86 1777.86
169 1777.86 1777.86
170 1777.86 1777.86
171 1777.86 1777.86
172 1777.86 1777.86
173 1777.86 1777.86
174 1777.86 1777.86
175 1777.86 1777.86
176 1777.86 1777.86
177 1777.86 1777.86
178 1777.86 1777.86
179 1777.86 1777.86
180 1777.86 1777.86
181 1777.86 1777.86
182 1777.86 1777.86
183 1777.86 1777.86
184 1777.86 1777.86
185 1777.86 1777.86
186 1777.86 1777.86
187 1777.86 1777.86
188 1777.86 1777.86
189 1777.86 1777.86
190 1777.86 1777.86
191 1777.86 1777.86
192 1777.86 1777.86
193 1777.86 1777.86
194 1777.86 1777.86
195 1777.86 1777.86
196 1777.86 1777.86
197 1777.86 1777.86
198 1777.86 1777.86
199 1777.86 1777.86
200 1777.86 1777.86
201 1777.86 1777.86
202 1777.86 1777.86
203 1777.86 1777.86
204 1777.86 1777.86
205 1777.86 1777.86
206 1777.86 1777.86
207 1777.86 1777.86
208 1777.86 1777.86
209 1777.86 1777.86
210 1777.86 1777.86
211 1777.86 1777.86
212 1777.86 1777.86
213 1777.86 1777.86
214 1777.86 1777.86
215 1777.86 1777.86
216 1777.86 1777.86
217 1777.86 1777.86
218 1777.86 1777.86
219 1777.86 1777.86
220 1777.86 1777.86
221 1777.86 1777.86
222 1777.86 1777.86
223 1777.86 1777.86
224 1777.86 1777.86
225 1777.86 1777.86
226 1777.86 1777.86
227 1777.86 1777.86
228 1777.86 1777.86
229 1777.86 1777.86
230 1777.86 1777.86
231 1777.86 1777.86
232 1777.86 1777.86
233 1777.86 1777.86
234 1777.86 1777.86
235 1777.86 1777.86
236 1777.86 1777.86
237 1777.86 1777.86
238 1777.86 1777.86
239 1777.86 1777.86
240 1777.86 1777.86
241 1777.86 1777.86
242 1777.86 1777.86
243 1777.86 1777.86
244 1777.86 1777.86
245 1777.86 1777.86
246 1777.86 1777.86
247 1777.86 1777.86
248 1777.86 1777.86
249 1777.86 1777.86
250 1777.86 1777.86
251 1777.86 1777.86
252 1777.86 1777.86
253 1777.86 1777.86
254 1777.86 1777.86
255 1777.86 1777.86
256 1777.86 1777.86
257 1777.86 1777.86
258 1777.86 1777.86
259 1777.86 1777.86
260 1777.86 1777.86
261 1777.86 1777.86
262 1777.86 1777.86
263 1777.86 1777.86
264 1777.86 1777.86
265 1777.86 1777.86
266 1777.86 1777.86
267 1777.86 1777.86
268 1777.86 1777.86
269 1777.86 1777.86
270 1777.86 1777.86
271 1777.86 1777.86
272 1777.86 1777.86
273 1777.86 1777.86
274 1777.86 1777.86
275 1777.86 1777.86
276 1777.86 1777.86
277 1777.86 1777.86
278 1777.86 1777.86
279 1777.86 1777.86
280 1777.86 1777.86
281 1777.86 1777.86
282 1777.86 1777.86
283 1777.86 1777.86
284 1777.86 1777.86
285 1777.86 1777.86
286 1777.86 1777.86
287 1777.86 1777.86
288 1777.86 1777.86
289 1777.86 1777.86
290 1777.86 1777.86
291 1777.86 1777.86
292 1777.86 1777.86
293 1777.86 1777.86
294 1777.86 1777.86
295 1777.86 1777.86
296 1777.86 1777.86
297 1777.86 1777.86
298 1777.86 1777.86
299 1777.86 1777.86
300 1777.86 1777.86
301 1777.86 1777.86
302 1777.86 1777.86
303 1777.86 1777.86
304 1777.86 1777.86
305 1777.86 1777.86
306 1777.86 1777.86
307 1777.86 1777.86
308 1777.86 1777.86
309 1777.86 1777.86
310 1777.86 1777.86
311 1777.86 1777.86
312 1777.86 1777.86
313 1777.86 1777.86
314 1777.86 1777.86
315 1777.86 1777.86
316 1777.86 1777.86
317 1777.86 1777.86
318 1777.86 1777.86
319 1777.86 1777.86
320 1777.86 1777.86
321 1777.86 1777.86
322 1777.86 1777.86
323 1777.86 1777.86
324 1777.86 1777.86
325 1777.86 1777.86
326 1777.86 1777.86
327 1777.86 1777.86
328 1777.86 1777.86
329 1777.86 1777.86
330 1777.86 1777.86
331 1777.86 1777.86
332 1777.86 1777.86
333 1777.86 1777.86
334 1777.86 1777.86
335 1777.86 1777.86
336 1777.86 1777.86
337 1777.86 1777.86
338 1777.86 1777.86
339 1777.86 1777.86
340 1777.86 1777.86
341 1777.86 1777.86
342 1777.86 1777.86
343 1777.86 1777.86
344 1777.86 1777.86
345 1777.86 1777.86
346 1777.86 1777.86
347 1777.86 1777.86
348 1777.86 1777.86
349 1777.86 1777.86
350 1777.86 1777.86
351 1777.86 1777.86
352 1777.86 1777.86
353 1777.86 1777.86
354 1777.86 1777.86
355 1777.86 1777.86
356 1777.86 1777.86
357 1777.86 1777.86
358 1777.86 1777.86
359 1777.86 1777.86
360 1777.86 1777.86
361 1777.86 1777.86
362 1777.86 1777.86
363 1777.86 1777.86
364 1777.86 1777.86
365 1777.86 1777.86
366 1777.86 1777.86
367 1777.86 1777.86
368 1777.86 1777.86
369 1777.86 1777.86
370 1777.86 1777.86
371 1777.86 1777.86
372 1777.86 1777.86
373 1777.86 1777.86
374 1777.86 1777.86
375 1777.86 1777.86
376 1777.86 1777.86
377 1777.86 1777.86
378 1777.86 1777.86
379 1777.86 1777.86
380 1777.86 1777.86
381 1777.86 1777.86
382 1777.86 1777.86
383 1777.86 1777.86
384 1777.86 1777.86
385 1777.86 1777.86
386 1777.86 1777.86
387 1777.86 1777.86
388 1777.86 1777.86
389 1777.86 1777.86
390 1777.86 1777.86
391 1777.86 1777.86
392 1777.86 1777.86
393 1777.86 1777.86
394 1777.86 1777.86
395 1777.86 1777.86
396 1777.86 1777.86
397 1777.86 1777.86
398 1777.86 1777.86
399 1777.86 1777.86
400 1777.86 1777.86
401 1777.86 1777.86
402 1777.86 1777.86
403 1777.86 1777.86
404 1777.86 1777.86
405 1777.86 1777.86
406 1777.86 1777.86
407 1777.86 1777.86
408 1777.86 1777.86
409 1777.86 1777.86
410 1777.86 1777.86
411 1777.86 1777.86
412 1777.86 1777.86
413 1777.86 1777.86
414 1777.86 1777.86
415 1777.86 1777.86
416 1777.86 1777.86
417 1777.86 1777.86
418 1777.86 1777.86
419 1777.86 1777.86
420 1777.86 1777.86
421 1777.86 1777.86
422 1777.86 1777.86
423 1777.86 1777.86
424 1777.86 1777.86
425 1777.86 1777.86
426 1777.86 1777.86
427 1777.86 1777.86
428 1777.86 1777.86
429 1777.86 1777.86
430 1777.86 1777.86
431 1777.86 1777.86
432 1777.86 1777.86
433 1777.86 1777.86
434 1777.86 1777.86
435 1777.86 1777.86
436 1777.86 1777.86
437 1777.86 1777.86
438 1777.86 1777.86
439 1777.86 1777.86
440 1777.86 1777.86
441 1777.86 1777.86
442 1777.86 1777.86
443 1777.86 1777.86
444 1777.86 1777.86
445 1777.86 1777.86
446 1777.86 1777.86
447 1777.86 1777.86
448 1777.86 1777.86
449 1777.86 1777.86
450 1777.86 1777.86
451 1777.86 1777.86
452 1777.86 1777.86
453 1777.86 1777.86
454 1777.86 1777.86
455 1777.86 1777.86
456 1777.86 1777.86
457 1777.86 1777.86
458 1777.86 1777.86
459 1777.86 1777.86
460 1777.86 1777.86
461 1777.86 1777.86
462 1777.86 1777.86
463 1777.86 1777.86
464 1777.86 1777.86
465 1777.86 1777.86
466 1777.86 1777.86
467 1777.86 1777.86
468 1777.86 1777.86
469 1777.86 1777.86
470 1777.86 1777.86
471 1777.86 1777.86
472 1777.86 1777.86
473 1777.86 1777.86
474 1777.86 1777.86
475 1777.86 1777.86
476 1777.86 1777.86
477 1777.86 1777.86
478 1777.86 1777.86
479 1777.86 1777.86
480 1777.86 1777.86
481 1777.86 1777.86
482 1777.86 1777.86
483 1777.86 1777.86
484 1777.86 1777.86
485 1777.86 1777.86
486 1777.86 1777.86
487 1777.86 1777.86
488 1777.86 1777.86
489 1777.86 1777.86
490 1777.86 1777.86
491 1777.86 1777.86
492 1777.86 1777.86
493 1777.86 1777.86
494 1777.86 1777.86
495 1777.86 1777.86
496 1777.86 1777.86
497 1777.86 1777.86
498 1777.86 1777.86
499 1777.86 1777.86
500 1777.86 1777.86
501 1777.86 1777.86
502 1777.86 1777.86
503 1777.86 1777.86
504 1777.86 1777.86
505 1777.86 1777.86
506 1777.86 1777.86
507 1777.86 1777.86
508 1777.86 1777.86
509 1777.86 1777.86
510 1777.86 1777.86
511 1777.86 1777.86
512 1777.86 1777.86
513 1777.86 1777.86
514 1777.86 1777.86
515 1777.86 1777.86
516 1777.86 1777.86
517 1777.86 1777.86
518 1777.86 1777.86
519 1777.86 1777.86
520 1777.86 1777.86
521 1777.86 1777.86
522 1777.86 1777.86
523 1777.86 1777.86
524 1777.86 1777.86
525 1777.86 1777.86
526 1777.86 1777.86
527 1777.86 1777.86
528 1777.86 1777.86
529 1777.86 1777.86
530 1777.86 1777.86
531 1777.86 1777.86
532 1777.86 1777.86
533 1777.86 1777.86
534 1777.86 1777.86
535 1777.86 1777.86
536 1777.86 1777.86
537 1777.86 1777.86
538 1777.86 1777.86
539 1777.86 1777.86
540 1777.86 1777.86
541 1777.86 1777.86
542 1777.86 1777.86
543 1777.86 1777.86
544 1777.86 1777.86
545 1777.86 1777.86
546 1777.86 1777.86
547 1777.86 1777.86
548 1777.86 1777.86
549 1777.86 1777.86
550 1777.86 1777.86
551 1777.86 1777.86
552 1777.86 1777.86
553 1777.86 1777.86
554 1777.86 1777.86
555 1777.86 1777.86
556 1777.86 1777.86
557 1777.86 1777.86
558 1777.86 1777.86
559 1777.86 1777.86
560 1777.86 1777.86
561 1777.86 1777.86
562 1777.86 1777.86
563 1777.86 1777.86
564 1777.86 1777.86
565 1777.86 1777.86
566 1777.86 1777.86
567 1777.86 1777.86
568 1777.86 1777.86
569 1777.86 1777.86
570 1777.86 1777.86
571 1777.86 1777.86
572 1777.86 1777.86
573 1777.86 1777.86
574 1777.86 1777.86
575 1777.86 1777.86
576 1777.86 1777.86
577 1777.86 1777.86
578 1777.86 1777.86
579 1777.86 1777.86
580 1777.86 1777.86
581 1777.86 1777.86
582 1777.86 1777.86
583 1777.86 1777.86
584 1777.86 1777.86
585 1777.86 1777.86
586 1777.86 1777.86
587 1777.86 1777.86
588 1777.86 1777.86
589 1777.86 1777.86
590 1777.86 1777.86
591 1777.86 1777.86
592 1777.86 1777.86
593 1777.86 1777.86
594 1777.86 1777.86
595 1777.86 1777.86
596 1777.86 1777.86
597 1777.86 1777.86
598 1777.86 1777.86
599 1777.86 1777.86
600 1777.86 1777.86
601 1777.86 1777.86
602 1777.86 1777.86
603 1777.86 1777.86
604 1777.86 1777.86
605 1777.86 1777.86
606 1777.86 1777.86
607 1777.86 1777.86
608 1777.86 1777.86
609 1777.86 1777.86
610 1777.86 1777.86
611 1777.86 1777.86
612 1777.86 1777.86
613 1777.86 1777.86
614 1777.86 1777.86
615 1777.86 1777.86
616 1777.86 1777.86
617 1777.86 1777.86
618 1777.86 1777.86
619 1777.86 1777.86
620 1777.86 1777.86
621 1777.86 1777.86
622 1777.86 1777.86
623 1777.86 1777.86
624 1777.86 1777.86
625 1777.86 1777.86
626 1777.86 1777.86
627 1777.86 1777.86
628 1777.86 1777.86
629 1777.86 1777.86
630 1777.86 1777.86
631 1777.86 1777.86
632 1777.86 1777.86
633 1777.86 1777.86
634 1777.86 1777.86
635 1777.86 1777.86
636 1777.86 1777.86
637 1777.86 1777.86
638 1777.86 1777.86
639 1777.86 1777.86
640 1777.86 1777.86
641 1777.86 1777.86
642 1777.86 1777.86
643 1777.86 1777.86
644 1777.86 1777.86
645 1777.86 1777.86
646 1777.86 1777.86
647 1777.86 1777.86
648 1777.86 1777.86
649 1777.86 1777.86
650 1777.86 1777.86
651 1777.86 1777.86
652 1777.86 1777.86
653 1777.86 1777.86
654 1777.86 1777.86
655 1777.86 1777.86
656 1777.86 1777.86
657 1777.86 1777.86
658 1777.86 1777.86
659 1777.86 1777.86
660 1777.86 1777.86
661 1777.86 1777.86
662 1777.86 1777.86
663 1777.86 1777.86
664 1777.86 1777.86
665 1777.86 1777.86
666 1777.86 1777.86
667 1777.86 1777.86
668 1777.86 1777.86
669 1777.86 1777.86
670 1777.86 1777.86
671 1777.86 1777.86
672 1777.86 1777.86
673 1777.86 1777.86
674 1777.86 1777.86
675 1777.86 1777.86
676 1777.86 1777.86
677 1777.86 1777.86
678 1777.86 1777.86
679 1777.86 1777.86
680 1777.86 1777.86
681 1777.86 1777.86
682 1777.86 1777.86
683 1777.86 1777.86
684 1777.86 1777.86
685 1777.86 1777.86
686 1777.86 1777.86
687 1777.86 1777.86
688 1777.86 1777.86
689 1777.86 1777.86
690 1777.86 1777.86
691 1777.86 1777.86
692 1777.86 1777.86
693 1777.86 1777.86
694 1777.86 1777.86
695 1777.86 1777.86
696 1777.86 1777.86
697 1777.86 1777.86
698 1777.86 1777.86
699 1777.86 1777.86
700 1777.86 1777.86
701 1777.86 1777.86
702 1777.86 1777.86
703 1777.86 1777.86
704 1777.86 1777.86
705 1777.86 1777.86
706 1777.86 1777.86
707 1777.86 1777.86
708 1777.86 1777.86
709 1777.86 1777.86
710 1777.86 1777.86
711 1777.86 1777.86
712 1777.86 1777.86
713 1777.86 1777.86
714 1777.86 1777.86
715 1777.86 1777.86
716 1777.86 1777.86
717 1777.86 1777.86
718 1777.86 1777.86
719 1777.86 1777.86
720 1777.86 1777.86
721 1777.86 1777.86
722 1777.86 1777.86
723 1777.86 1777.86
724 1777.86 1777.86
725 1777.86 1777.86
726 1777.86 1777.86
727 1777.86 1777.86
728 1777.86 1777.86
729 1777.86 1777.86
730 1777.86 1777.86
731 1777.86 1777.86
732 1777.86 1777.86
733 1777.86 1777.86
734 1777.86 1777.86
735 1777.86 1777.86
736 1777.86 1777.86
737 1777.86 1777.86
738 1777.86 1777.86
739 1777.86 1777.86
740 1777.86 1777.86
741 1777.86 1777.86
742 1777.86 1777.86
743 1777.86 1777.86
744 1777.86 1777.86
745 1777.86 1777.86
746 1777.86 1777.86
747 1777.86 1777.86
748 1777.86 1777.86
749 1777.86 1777.86
750 1777.86 1777.86
751 1777.86 1777.86
752 1777.86 1777.86
753 1777.86 1777.86
754 1777.86 1777.86
755 1777.86 1777.86
756 1777.86 1777.86
757 1777.86 1777.86
758 1777.86 1777.86
759 1777.86 1777.86
760 1777.86 1777.86
761 1777.86 1777.86
762 1777.86 1777.86
763 1777.86 1777.86
764 1777.86 1777.86
765 1777.86 1777.86
766 1777.86 1777.86
767 1777.86 1777.86
768 1777.86 1777.86
769 1777.86 1777.86
770 1777.86 1777.86
771 1777.86 1777.86
772 1777.86 1777.86
773 1777.86 1777.86
774 1777.86 1777.86
775 1777.86 1777.86
776 1777.86 1777.86
777 1777.86 1777.86
778 1777.86 1777.86
779 1777.86 1777.86
780 1777.86 1777.86
781 1777.86 1777.86
782 1777.86 1777.86
783 1777.86 1777.86
784 1777.86 1777.86
785 1777.86 1777.86
786 1777.86 1777.86
787 1777.86 1777.86
788 1777.86 1777.86
789 1777.86 1777.86
790 1777.86 1777.86
791 1777.86 1777.86
792 1777.86 1777.86
793 1777.86 1777.86
794 1777.86 1777.86
795 1777.86 1777.86
796 1777.86 1777.86
797 1777.86 1777.86
798 1777.86 1777.86
799 1777.86 1777.86
800 1777.86 1777.86
801 1777.86 1777.86
802 1777.86 1777.86
803 1777.86 1777.86
804 1777.86 1777.86
805 1777.86 1777.86
806 1777.86 1777.86
807 1777.86 1777.86
808 1777.86 1777.86
809 1777.86 1777.86
810 1777.86 1777.86
811 1777.86 1777.86
812 1777.86 1777.86
813 1777.86 1777.86
814 1777.86 1777.86
815 1777.86 1777.86
816 1777.86 1777.86
817 1777.86 1777.86
818 1777.86 1777.86
819 1777.86 1777.86
820 1777.86 1777.86
821 1777.86 1777.86
822 1777.86 1777.86
823 1777.86 1777.86
824 1777.86 1777.86
825 1777.86 1777.86
826 1777.86 1777.86
827 1777.86 1777.86
828 1777.86 1777.86
829 1777.86 1777.86
830 1777.86 1777.86
831 1777.86 1777.86
832 1777.86 1777.86
833 1777.86 1777.86
834 1777.86 1777.86
835 1777.86 1777.86
836 1777.86 1777.86
837 1777.86 1777.86
838 1777.86 1777.86
839 1777.86 1777.86
840 1777.86 1777.86
841 1777.86 1777.86
842 1777.86 1777.86
843 1777.86 1777.86
844 1777.86 1777.86
845 1777.86 1777.86
846 1777.86 1777.86
847 1777.86 1777.86
848 1777.86 1777.86
849 1777.86 1777.86
850 1777.86 1777.86
851 1777.86 1777.86
852 1777.86 1777.86
853 1777.86 1777.86
854 1777.86 1777.86
855 1777.86 1777.86
856 1777.86 1777.86
857 1777.86 1777.86
858 1777.86 1777.86
859 1777.86 1777.86
860 1777.86 1777.86
861 1777.86 1777.86
862 1777.86 1777.86
863 1777.86 1777.86
864 1777.86 1777.86
865 1777.86 1777.86
866 1777.86 1777.86
867 1777.86 1777.86
868 1777.86 1777.86
869 1777.86 1777.86
870 1777.86 1777.86
871 1777.86 1777.86
872 1777.86 1777.86
873 1777.86 1777.86
874 1777.86 1777.86
875 1777.86 1777.86
876 1777.86 1777.86
877 1777.86 1777.86
878 1777.86 1777.86
879 1777.86 1777.86
880 1777.86 1777.86
881 1777.86 1777.86
882 1777.86 1777.86
883 1777.86 1777.86
884 1777.86 1777.86
885 1777.86 1777.86
886 1777.86 1777.86
887 1777.86 1777.86
888 1777.86 1777.86
889 1777.86 1777.86
890 1777.86 1777.86
891 1777.86 1777.86
892 1777.86 1777.86
893 1777.86 1777.86
894 1777.86 1777.86
895 1777.86 1777.86
896 1777.86 1777.86
897 1777.86 1777.86
898 1777.86 1777.86
899 1777.86 1777.86
900 1777.86 1777.86
901 1777.86 1777.86
902 1777.86 1777.86
903 1777.86 1777.86
904 1777.86 1777.86
905 1777.86 1777.86
906 1777.86 1777.86
907 1777.86 1777.86
908 1777.86 1777.86
909 1777.86 1777.86
910 1777.86 1777.86
911 1777.86 1777.86
912 1777.86 1777.86
913 1777.86 1777.86
914 1777.86 1777.86
915 1777.86 1777.86
916 1777.86 1777.86
917 1777.86 1777.86
918 1777.86 1777.86
919 1777.86 1777.86
920 1777.86 1777.86
921 1777.86 1777.86
922 1777.86 1777.86
923 1777.86 1777.86
924 1777.86 1777.86
925 1777.86 1777.86
926 1777.86 1777.86
927 1777.86 1777.86
928 1777.86 1777.86
929 1777.86 1777.86
930 1777.86 1777.86
931 1777.86 1777.86
932 1777.86 1777.86
933 1777.86 1777.86
934 1777.86 1777.86
935 1777.86 1777.86
936 1777.86 1777.86
937 1777.86 1777.86
938 1777.86 1777.86
939 1777.86 1777.86
940 1777.86 1777.86
941 1777.86 1777.86
942 1777.86 1777.86
943 1777.86 1777.86
944 1777.86 1777.86
945 1777.86 1777.86
946 1777.86 1777.86
947 1777.86 1777.86
948 1777.86 1777.86
949 1777.86 1777.86
950 1777.86 1777.86
951 1777.86 1777.86
952 1777.86 1777.86
953 1777.86 1777.86
954 1777.86 1777.86
955 1777.86 1777.86
956 1777.86 1777.86
957 1777.86 1777.86
958 1777.86 1777.86
959 1777.86 1777.86
960 1777.86 1777.86
961 1777.86 1777.86
962 1777.86 1777.86
963 1777.86 1777.86
964 1777.86 1777.86
965 1777.86 1777.86
966 1777.86 1777.86
967 1777.86 1777.86
968 1777.86 1777.86
969 1777.86 1777.86
970 1777.86 1777.86
971 1777.86 1777.86
972 1777.86 1777.86
973 1777.86 1777.86
974 1777.86 1777.86
975 1777.86 1777.86
976 1777.86 1777.86
977 1777.86 1777.86
978 1777.86 1777.86
979 1777.86 1777.86
980 1777.86 1777.86
981 1777.86 1777.86
982 1777.86 1777.86
983 1777.86 1777.86
984 1777.86 1777.86
985 1777.86 1777.86
986 1777.86 1777.86
987 1777.86 1777.86
988 1777.86 1777.86
989 1777.86 1777.86
990 1777.86 1777.86
991 1777.86 1777.86
992 1777.86 1777.86
993 1777.86 1777.86
994 1777.86 1777.86
995 1777.86 1777.86
996 1777.86 1777.86
997 1777.86 1777.86
998 1777.86 1777.86
999 1777.86 1777.86
1000 1777.86 1777.86
1001 1777.86 1777.86
1002 1777.86 1777.86
1003 1777.86 1777.86
1004 1777.86 1777.86
1005 1777.86 1777.86
1006 1777.86 1777.86
1007 1777.86 1777.86
1008 1777.86 1777.86
1009 1777.86 1777.86
1010 1777.86 1777.86
1011 1777.86 1777.86
1012 1777.86 1777.86
1013 1777.86 1777.86
1014 1777.86 1777.86
1015 1777.86 1777.86
1016 1777.86 1777.86
1017 1777.86 1777.86
1018 1777.86 1777.86
1019 1777.86 1777.86
1020 1777.86 1777.86
1021 1777.86 1777.86
1022 1777.86 1777.86
1023 1777.86 1777.86
1024 1777.86 1777.86
1025 1777.86 1777.86
1026 1777.86 1777.86
1027 1777.86 1777.86
1028 1777.86 1777.86
1029 1777.86 1777.86
1030 1777.86 1777.86
1031 1777.86 1777.86
1032 1777.86 1777.86
1033 1777.86 1777.86
1034 1777.86 1777.86
1035 1777.86 1777.86
1036 1777.86 1777.86
1037 1777.86 1777.86
1038 1777.86 1777.86
1039 1777.86 1777.86
1040 1777.86 1777.86
1041 1777.86 1777.86
1042 1777.86 1777.86
1043 1777.86 1777.86
1044 1777.86 1777.86
1045 1777.86 1777.86
1046 1777.86 1777.86
1047 1777.86 1777.86
1048 1777.86 1777.86
1049 1777.86 1777.86
1050 1777.86 1777.86
1051 1777.86 1777.86
1052 1777.86 1777.86
1053 1777.86 1777.86
1054 1777.86 1777.86
1055 1777.86 1777.86
1056 1777.86 1777.86
1057 1777.86 1777.86
1058 1777.86 1777.86
1059 1777.86 1777.86
1060 1777.86 1777.86
1061 1777.86 1777.86
1062 1777.86 1777.86
1063 1777.86 1777.86
1064 1777.86 1777.86
1065 1777.86 1777.86
1066 1777.86 1777.86
1067 1777.86 1777.86
1068 1777.86 1777.86
1069 1777.86 1777.86
1070 1777.86 1777.86
1071 1777.86 1777.86
1072 1777.86 1777.86
1073 1777.86 1777.86
1074 1777.86 1777.86
1075 1777.86 1777.86
1076 1777.86 1777.86
1077 1777.86 1777.86
1078 1777.86 1777.86
1079 1777.86 1777.86
1080 1777.86 1777.86
1081 1777.86 1777.86
1082 1777.86 1777.86
1083 1777.86 1777.86
1084 1777.86 1777.86
1085 1777.86 1777.86
1086 1777.86 1777.86
1087 1777.86 1777.86
1088 1777.86 1777.86
1089 1777.86 1777.86
1090 1777.86 1777.86
1091 1777.86 1777.86
1092 1777.86 1777.86
1093 1777.86 1777.86
1094 1777.86 1777.86
1095 1777.86 1777.86
1096 1777.86 1777.86
1097 1777.86 1777.86
1098 1777.86 1777.86
1099 1777.86 1777.86
1100 1777.86 1777.86
1101 1777.86 1777.86
1102 1777.86 1777.86
1103 1777.86 1777.86
1104 1777.86 1777.86
1105 1777.86 1777.86
1106 1777.86 1777.86
1107 1777.86 1777.86
1108 1777.86 1777.86
1109 1777.86 1777.86
1110 1777.86 1777.86
1111 1777.86 1777.86
1112 1777.86 1777.86
1113 1777.86 1777.86
1114 1777.86 1777.86
1115 1777.86 1777.86
1116 1777.86 1777.86
1117 1777.86 1777.86
1118 1777.86 1777.86
1119 1777.86 1777.86
1120 1777.86 1777.86
1121 1777.86 1777.86
1122 1777.86 1777.86
1123 1777.86 1777.86
1124 1777.86 1777.86
1125 1777.86 1777.86
1126 1777.86 1777.86
1127 1777.86 1777.86
1128 1777.86 1777.86
1129 1777.86 1777.86
1130 1777.86 1777.86
1131 1777.86 1777.86
1132 1777.86 1777.86
1133 1777.86 1777.86
1134 1777.86 1777.86
1135 1777.86 1777.86
1136 1777.86 1777.86
1137 1777.86 1777.86
1138 1777.86 1777.86
1139 1777.86 1777.86
1140 1777.86 1777.86
1141 1777.86 1777.86
1142 1777.86 1777.86
1143 1777.86 1777.86
1144 1777.86 1777.86
1145 1777.86 1777.86
1146 1777.86 1777.86
1147 1777.86 1777.86
1148 1777.86 1777.86
1149 1777.86 1777.86
1150 1777.86 1777.86
1151 1777.86 1777.86
1152 1777.86 1777.86
1153 1777.86 1777.86
1154 1777.86 1777.86
1155 1777.86 1777.86
1156 1777.86 1777.86
1157 1777.86 1777.86
1158 1777.86 1777.86
1159 1777.86 1777.86
1160 1777.86 1777.86
1161 1777.86 1777.86
1162 1777.86 1777.86
1163 1777.86 1777.86
1164 1777.86 1777.86
1165 1777.86 1777.86
1166 1777.86 1777.86
1167 1777.86 1777.86
1168 1777.86 1777.86
1169 1777.86 1777.86
1170 1777.86 1777.86
1171 1777.86 1777.86
1172 1777.86 1777.86
1173 1777.86 1777.86
1174 1777.86 1777.86
1175 1777.86 1777.86
1176 1777.86 1777.86
1177 1777.86 1777.86
1178 1777.86 1777.86
1179 1777.86 1777.86
1180 1777.86 1777.86
1181 1777.86 1777.86
1182 1777.86 1777.86
1183 1777.86 1777.86
1184 1777.86 1777.86
1185 1777.86 1777.86
1186 1777.86 1777.86
1187 1777.86 1777.86
1188 1777.86 1777.86
1189 1777.86 1777.86
1190 1777.86 1777.86
1191 1777.86 1777.86
1192 1777.86 1777.86
1193 1777.86 1777.86
1194 1777.86 1777.86
1195 1777.86 1777.86
1196 1777.86 1777.86
1197 1777.86 1777.86
1198 1777.86 1777.86
1199 1777.86 1777.86
1200 1777.86 1777.86
1201 1777.86 1777.86
1202 1777.86 1777.86
1203 1777.86 1777.86
1204 1777.86 1777.86
1205 1777.86 1777.86
1206 1777.86 1777.86
1207 1777.86 1777.86
1208 1777.86 1777.86
1209 1777.86 1777.86
1210 1777.86 1777.86
1211 1777.86 1777.86
1212 1777.86 1777.86
1213 1777.86 1777.86
1214 1777.86 1777.86
1215 1777.86 1777.86
1216 1777.86 1777.86
1217 1777.86 1777.86
1218 1777.86 1777.86
1219 1777.86 1777.86
1220 1777.86 1777.86
1221 1777.86 1777.86
1222 1777.86 1777.86
1223 1777.86 1777.86
1224 1777.86 1777.86
1225 1777.86 1777.86
1226 1777.86 1777.86
1227 1777.86 1777.86
1228 1777.86 1777.86
1229 1777.86 1777.86
1230 1777.86 1777.86
1231 1777.86 1777.86
1232 1777.86 1777.86
1233 1777.86 1777.86
1234 1777.86 1777.86
1235 1777.86 1777.86
1236 1777.86 1777.86
1237 1777.86 1777.86
1238 1777.86 1777.86
1239 1777.86 1777.86
1240 1777.86 1777.86
1241 1777.86 1777.86
1242 1777.86 1777.86
1243 1777.86 1777.86
1244 1777.86 1777.86
1245 1777.86 1777.86
1246 1777.86 1777.86
1247 1777.86 1777.86
1248 1777.86 1777.86
1249 1777.86 1777.86
1250 1777.86 1777.86
1251 1777.86 1777.86
1252 1777.86 1777.86
1253 1777.86 1777.86
1254 1777.86 1777.86
1255 1777.86 1777.86
1256 1777.86 1777.86
1257 1777.86 1777.86
1258 1777.86 1777.86
1259 1777.86 1777.86
1260 1777.86 1777.86
1261 1777.86 1777.86
1262 1777.86 1777.86
1263 1777.86 1777.86
1264 1777.86 1777.86
1265 1777.86 1777.86
1266 1777.86 1777.86
1267 1777.86 1777.86
1268 1777.86 1777.86
1269 1777.86 1777.86
1270 1777.86 1777.86
1271 1777.86 1777.86
1272 1777.86 1777.86
1273 1777.86 1777.86
1274 1777.86 1777.86
1275 1777.86 1777.86
1276 1777.86 1777.86
1277 1777.86 1777.86
1278 1777.86 1777.86
1279 1777.86 1777.86
1280 1777.86 1777.86
1281 1777.86 1777.86
1282 1777.86 1777.86
1283 1777.86 1777.86
1284 1777.86 1777.86
1285 1777.86 1777.86
1286 1777.86 1777.86
1287 1777.86 1777.86
1288 1777.86 1777.86
1289 1777.86 1777.86
1290 1777.86 1777.86
1291 1777.86 1777.86
1292 1777.86 1777.86
1293 1777.86 1777.86
1294 1777.86 1777.86
1295 1777.86 1777.86
1296 1777.86 1777.86
1297 1777.86 1777.86
1298 1777.86 1777.86
1299 1777.86 1777.86
1300 1777.86 1777.86
1301 1777.86 1777.86
1302 1777.86 1777.86
1303 1777.86 1777.86
1304 1777.86 1777.86
1305 1777.86 1777.86
1306 1777.86 1777.86
1307 1777.86 1777.86
1308 1777.86 1777.86
1309 1777.86 1777.86
1310 1777.86 1777.86
1311 1777.86 1777.86
1312 1777.86 1777.86
1313 1777.86 1777.86
1314 1777.86 1777.86
1315 1777.86 1777.86
1316 1777.86 1777.86
1317 1777.86 1777.86
1318 1777.86 1777.86
1319 1777.86 1777.86
1320 1777.86 1777.86
1321 1777.86 1777.86
1322 1777.86 1777.86
1323 1777.86 1777.86
1324 1777.86 1777.86
1325 1777.86 1777.86
1326 1777.86 1777.86
1327 1777.86 1777.86
1328 1777.86 1777.86
1329 1777.86 1777.86
1330 1777.86 1777.86
1331 1777.86 1777.86
1332 1777.86 1777.86
1333 1777.86 1777.86
1334 1777.86 1777.86
1335 1777.86 1777.86
1336 1777.86 1777.86
1337 1777.86 1777.86
1338 1777.86 1777.86
1339 1777.86 1777.86
1340 1777.86 1777.86
1341 1777.86 1777.86
1342 1777.86 1777.86
1343 1777.86 1777.86
1344 1777.86 1777.86
1345 1777.86 1777.86
1346 1777.86 1777.86
1347 1777.86 1777.86
1348 1777.86 1777.86
1349 1777.86 1777.86
1350 1777.86 1777.86
1351 1777.86 1777.86
1352 1777.86 1777.86
1353 1777.86 1777.86
1354 1777.86 1777.86
1355 1777.86 1777.86
1356 1777.86 1777.86
1357 1777.86 1777.86
1358 1777.86 1777.86
1359 1777.86 1777.86
1360 1777.86 1777.86
1361 1777.86 1777.86
1362 1777.86 1777.86
1363 1777.86 1777.86
1364 1777.86 1777.86
1365 1777.86 1777.86
1366 1777.86 1777.86
1367 1777.86 1777.86
1368 1777.86 1777.86
1369 1777.86 1777.86
1370 1777.86 1777.86
1371 1777.86 1777.86
1372 1777.86 1777.86
1373 1777.86 1777.86
1374 1777.86 1777.86
1375 1777.86 1777.86
1376 1777.86 1777.86
1377 1777.86 1777.86
1378 1777.86 1777.86
1379 1777.86 1777.86
1380 1777.86 1777.86
1381 1777.86 1777.86
1382 1777.86 1777.86
1383 1777.86 1777.86
1384 1777.86 1777.86
1385 1777.86 1777.86
1386 1777.86 1777.86
1387 1777.86 1777.86
1388 1777.86 1777.86
1389 1777.86 1777.86
1390 1777.86 1777.86
1391 1777.86 1777.86
1392 1777.86 1777.86
1393 1777.86 1777.86
1394 1777.86 1777.86
1395 1777.86 1777.86
1396 1777.86 1777.86
1397 1777.86 1777.86
1398 1777.86 1777.86
1399 1777.86 1777.86
1400 1777.86 1777.86
1401 1777.86 1777.86
1402 1777.86 1777.86
1403 1777.86 1777.86
1404 1777.86 1777.86
1405 1777.86 1777.86
1406 1777.86 1777.86
1407 1777.86 1777.86
1408 1777.86 1777.86
1409 1777.86 1777.86
1410 1777.86 1777.86
1411 1777.86 1777.86
1412 1777.86 1777.86
1413 1777.86 1777.86
1414 1777.86 1777.86
1415 1777.86 1777.86
1416 1777.86 1777.86
1417 1777.86 1777.86
1418 1777.86 1777.86
1419 1777.86 1777.86
1420 1777.86 1777.86
1421 1777.86 1777.86
1422 1777.86 1777.86
1423 1777.86 1777.86
1424 1777.86 1777.86
1425 1777.86 1777.86
1426 1777.86 1777.86
1427 1777.86 1777.86
1428 1777.86 1777.86
1429 1777.86 1777.86
1430 1777.86 1777.86
1431 1777.86 1777.86
1432 1777.86 1777.86
1433 1777.86 1777.86
1434 1777.86 1777.86
1435 1777.86 1777.86
1436 1777.86 1777.86
1437 1777.86 1777.86
1438 1777.86 1777.86
1439 1777.86 1777.86
1440 1777.86 1777.86
1441 1777.86 1777.86
1442 1777.86 1777.86
1443 1777.86 1777.86
1444 1777.86 1777.86
1445 1777.86 1777.86
1446 1777.86 1777.86
1447 1777.86 1777.86
1448 1777.86 1777.86
1449 1777.86 1777.86
1450 1777.86 1777.86
1451 1777.86 1777.86
1452 1777.86 1777.86
1453 1777.86 1777.86
1454 1777.86 1777.86
1455 1777.86 1777.86
1456 1777.86 1777.86
1457 1777.86 1777.86
1458 1777.86 1777.86
1459 1777.86 1777.86
1460 1777.86 1777.86
1461 1777.86 1777.86
1462 1777.86 1777.86
1463 1777.86 1777.86
1464 1777.86 1777.86
1465 1777.86 1777.86
1466 1777.86 1777.86
1467 1777.86 1777.86
1468 1777.86 1777.86
1469 1777.86 1777.86
1470 1777.86 1777.86
1471 1777.86 1777.86
1472 1777.86 1777.86
1473 1777.86 1777.86
1474 1777.86 1777.86
1475 1777.86 1777.86
1476 1777.86 1777.86
1477 1777.86 1777.86
1478 1777.86 1777.86
1479 1777.86 1777.86
1480 1777.86 1777.86
1481 1777.86 1777.86
1482 1777.86 1777.86
1483 1777.86 1777.86
1484 1777.86 1777.86
1485 1777.86 1777.86
1486 1777.86 1777.86
1487 1777.86 1777.86
1488 1777.86 1777.86
1489 1777.86 1777.86
1490 1777.86 1777.86
1491 1777.86 1777.86
1492 1777.86 1777.86
1493 1777.86 1777.86
1494 1777.86 1777.86
1495 1777.86 1777.86
1496 1777.86 1777.86
1497 1777.86 1777.86
1498 1777.86 1777.86
1499 1777.86 1777.86
1500 1777.86 1777.86
1501 1777.86 1777.86
1502 1777.86 1777.86
1503 1777.86 1777.86
1504 1777.86 1777.86
1505 1777.86 1777.86
1506 1777.86 1777.86
1507 1777.86 1777.86
1508 1777.86 1777.86
1509 1777.86 1777.86
1510 1777.86 1777.86
1511 1777.86 1777.86
1512 1777.86 1777.86
1513 1777.86 1777.86
1514 1777.86 1777.86
1515 1777.86 1777.86
1516 1777.86 1777.86
1517 1777.86 1777.86
1518 1777.86 1777.86
1519 1777.86 1777.86
1520 1777.86 1777.86
1521 1777.86 1777.86
1522 1777.86 1777.86
1523 1777.86 1777.86
1524 1777.86 1777.86
1525 1777.86 1777.86
1526 1777.86 1777.86
1527 1777.86 1777.86
1528 1777.86 1777.86
1529 1777.86 1777.86
1530 1777.86 1777.86
1531 1777.86 1777.86
1532 1777.86 1777.86
1533 1777.86 1777.86
1534 1777.86 1777.86
1535 1777.86 1777.86
1536 1777.86 1777.86
1537 1777.86 1777.86
1538 1777.86 1777.86
1539 1777.86 1777.86
1540 1777.86 1777.86
1541 1777.86 1777.86
1542 1777.86 1777.86
1543 1777.86 1777.86
1544 1777.86 1777.86
1545 1777.86 1777.86
1546 1777.86 1777.86
1547 1777.86 1777.86
1548 1777.86 1777.86
1549 1777.86 1777.86
1550 1777.86 1777.86
1551 1777.86 1777.86
1552 1777.86 1777.86
1553 1777.86 1777.86
1554 1777.86 1777.86
1555 1777.86 1777.86
1556 1777.86 1777.86
1557 1777.86 1777.86
1558 1777.86 1777.86
1559 1777.86 1777.86
1560 1777.86 1777.86
1561 1777.86 1777.86
1562 1777.86 1777.86
1563 1777.86 1777.86
1564 1777.86 1777.86
1565 1777.86 1777.86
1566 1777.86 1777.86
1567 1777.86 1777.86
1568 1777.86 1777.86
1569 1777.86 1777.86
1570 1777.86 1777.86
1571 1777.86 1777.86
1572 1777.86 1777.86
1573 1777.86 1777.86
1574 1777.86 1777.86
1575 1777.86 1777.86
1576 1777.86 1777.86
1577 1777.86 1777.86
1578 1777.86 1777.86
1579 1777.86 1777.86
1580 1777.86 1777.86
1581 1777.86 1777.86
1582 1777.86 1777.86
1583 1777.86 1777.86
1584 1777.86 1777.86
1585 1777.86 1777.86
1586 1777.86 1777.86
1587 1777.86 1777.86
1588 1777.86 1777.86
1589 1777.86 1777.86
1590 1777.86 1777.86
1591 1777.86 1777.86
1592 1777.86 1777.86
1593 1777.86 1777.86
1594 1777.86 1777.86
1595 1777.86 1777.86
1596 1777.86 1777.86
1597 1777.86 1777.86
1598 1777.86 1777.86
1599 1777.86 1777.86
1600 1777.86 1777.86
1601 1777.86 1777.86
1602 1777.86 1777.86
1603 1777.86 1777.86
1604 1777.86 1777.86
1605 1777.86 1777.86
1606 1777.86 1777.86
1607 1777.86 1777.86
1608 1777.86 1777.86
1609 1777.86 1777.86
1610 1777.86 1777.86
1611 1777.86 1777.86
1612 1777.86 1777.86
1613 1777.86 1777.86
1614 1777.86 1777.86
1615 1777.86 1777.86
1616 1777.86 1777.86
1617 1777.86 1777.86
1618 1777.86 1777.86
1619 1777.86 1777.86
1620 1777.86 1777.86
1621 1777.86 1777.86
1622 1777.86 1777.86
1623 1777.86 1777.86
1624 1777.86 1777.86
1625 1777.86 1777.86
1626 1777.86 1777.86
1627 1777.86 1777.86
1628 1777.86 1777.86
1629 1777.86 1777.86
1630 1777.86 1777.86
1631 1777.86 1777.86
1632 1777.86 1777.86
1633 1777.86 1777.86
1634 1777.86 1777.86
1635 1777.86 1777.86
1636 1777.86 1777.86
1637 1777.86 1777.86
1638 1777.86 1777.86
1639 1777.86 1777.86
1640 1777.86 1777.86
1641 1777.86 1777.86
1642 1777.86 1777.86
1643 1777.86 1777.86
1644 1777.86 1777.86
1645 1777.86 1777.86
1646 1777.86 1777.86
1647 1777.86 1777.86
1648 1777.86 1777.86
1649 1777.86 1777.86
1650 1777.86 1777.86
1651 1777.86 1777.86
1652 1777.86 1777.86
1653 1777.86 1777.86
1654 1777.86 1777.86
1655 1777.86 1777.86
1656 1777.86 1777.86
1657 1777.86 1777.86
1658 1777.86 1777.86
1659 1777.86 1777.86
1660 1777.86 1777.86
1661 1777.86 1777.86
1662 1777.86 1777.86
1663 1777.86 1777.86
1664 1777.86 1777.86
1665 1777.86 1777.86
1666 1777.86 1777.86
1667 1777.86 1777.86
1668 1777.86 1777.86
1669 1777.86 1777.86
1670 1777.86 1777.86
1671 1777.86 1777.86
1672 1777.86 1777.86
1673 1777.86 1777.86
1674 1777.86 1777.86
1675 1777.86 1777.86
1676 1777.86 1777.86
1677 1777.86 1777.86
1678 1777.86 1777.86
1679 1777.86 1777.86
1680 1777.86 1777.86
1681 1777.86 1777.86
1682 1777.86 1777.86
