0 1817.83 1817.83
1 1817.83 1817.83
2 1817.83 1817.83
3 1817.83 1817.83
4 1817.83 1817.83
5 1817.83 1817.83
6 1817.83 1817.83
7 1817.83 1817.83
8 1817.83 1817.83
9 1817.83 1817.83
10 1817.83 1817.83
11 1817.83 1817.83
12 1817.83 1817.83
13 1817.83 1817.83
14 1817.83 1817.83
15 1817.83 1817.83
16 1817.83 1817.83
17 1817.83 1817.83
18 1817.83 1817.83
19 1817.83 1817.83
20 1817.83 1817.83
21 1817.83 1817.83
22 1817.83 1817.83
23 1817.83 1817.83
24 1817.83 1817.83
25 1817.83 1817.83
26 1817.83 1817.83
27 1817.83 1817.83
28 1817.83 1817.83
29 1817.83 1817.83
30 1817.83 1817.83
31 1817.83 1817.83
32 1817.83 1817.83
33 1817.83 1817.83
34 1817.83 1817.83
35 1817.83 1817.83
36 1817.83 1817.83
37 1817.83 1817.83
38 1817.83 1817.83
39 1817.83 1817.83
40 1817.83 1817.83
41 1817.83 1817.83
42 1817.83 1817.83
43 1817.83 1817.83
44 1817.83 1817.83
45 1817.83 1817.83
46 1817.83 1817.83
47 1817.83 1817.83
48 1817.83 1817.83
49 1817.83 1817.83
50 1817.83 1817.83
51 1817.83 1817.83
52 1817.83 1817.83
53 1817.83 1817.83
54 1817.83 1817.83
55 1817.83 1817.83
56 1817.83 1817.83
57 1817.83 1817.83
58 1817.83 1817.83
59 1817.83 1817.83
60 1817.83 1817.83
61 1817.83 1817.83
62 1817.83 1817.83
63 1817.83 1817.83
64 1817.83 1817.83
65 1817.83 1817.83
66 1817.83 1817.83
67 1817.83 1817.83
68 1817.83 1817.83
69 1817.83 1817.83
70 1817.83 1817.83
71 1817.83 1817.83
72 1817.83 1817.83
73 1817.83 1817.83
74 1817.83 1817.83
75 1817.83 1817.83
76 1817.83 1817.83
77 1817.83 1817.83
78 1817.83 1817.83
79 1817.83 1817.83
80 1817.83 1817.83
81 1817.83 1817.83
82 1817.83 1817.83
83 1817.83 1817.83
84 1817.83 1817.83
85 1817.83 1817.83
86 1817.83 1817.83
87 1817.83 1817.83
88 1817.83 1817.83
89 1817.83 1817.83
90 1817.83 1817.83
91 1817.83 1817.83
92 1817.83 1817.83
93 1817.83 1817.83
94 1817.83 1817.83
95 1817.83 1817.83
96 1817.83 1817.83
97 1817.83 1817.83
98 1817.83 1817.83
99 1817.83 1817.83
100 1817.83 1817.83
101 1817.83 1817.83
102 1817.83 1817.83
103 1817.83 1817.83
104 1817.83 1817.83
105 1817.83 1817.83
106 1817.83 1817.83
107 1817.83 1817.83
108 1817.83 1817.83
109 1817.83 1817.83
110 1817.83 1817.83
111 1817.83 1817.83
112 1817.83 1817.83
113 1817.83 1817.83
114 1817.83 1817.83
115 1817.83 1817.83
116 1817.83 1817.83
117 1817.83 1817.83
118 1817.83 1817.83
119 1817.83 1817.83
120 1817.83 1817.83
121 1817.83 1817.83
122 1817.83 1817.83
123 1817.83 1817.83
124 1817.83 1817.83
125 1817.83 1817.83
126 1817.83 1817.83
127 1817.83 1817.83
128 1817.83 1817.83
129 1817.83 1817.83
130 1817.83 1817.83
131 1817.83 1817.83
132 1817.83 1817.83
133 1817.83 1817.83
134 1817.83 1817.83
135 1817.83 1817.83
136 1817.83 1817.83
137 1817.83 1817.83
138 1817.83 1817.83
139 1817.83 1817.83
140 1817.83 1817.83
141 1817.83 1817.83
142 1817.83 1817.83
143 1817.83 1817.83
144 1817.83 1817.83
145 1817.83 1817.83
146 1817.83 1817.83
147 1817.83 1817.83
148 1817.83 1817.83
149 1817.83 1817.83
150 1817.83 1817.83
151 1817.83 1817.83
152 1817.83 1817.83
153 1817.83 1817.83
154 1817.83 1817.83
155 1817.83 1817.83
156 1817.83 1817.83
157 1817.83 1817.83
158 1817.83 1817.83
159 1817.83 1817.83
160 1817.83 1817.83
161 1817.83 1817.83
162 1817.83 1817.83
163 1817.83 1817.83
164 1817.83 1817.83
165 1817.83 1817.83
166 1817.83 1817.83
167 1817.83 1817.83
168 1817.83 1817.83
169 1817.83 1817.83
170 1817.83 1817.83
171 1817.83 1817.83
172 1817.83 1817.83
173 1817.83 1817.83
174 1817.83 1817.83
175 1817.83 1817.83
176 1817.83 1817.83
177 1817.83 1817.83
178 1817.83 1817.83
179 1817.83 1817.83
180 1817.83 1817.83
181 1817.83 1817.83
182 1817.83 1817.83
183 1817.83 1817.83
184 1817.83 1817.83
185 1817.83 1817.83
186 1817.83 1817.83
187 1817.83 1817.83
188 1817.83 1817.83
189 1817.83 1817.83
190 1817.83 1817.83
191 1817.83 1817.83
192 1817.83 1817.83
193 1817.83 1817.83
194 1817.83 1817.83
195 1817.83 1817.83
196 1817.83 1817.83
197 1817.83 1817.83
198 1817.83 1817.83
199 1817.83 1817.83
200 1817.83 1817.83
201 1817.83 1817.83
202 1817.83 1817.83
203 1817.83 1817.83
204 1817.83 1817.83
205 1817.83 1817.83
206 1817.83 1817.83
207 1817.83 1817.83
208 1817.83 1817.83
209 1817.83 1817.83
210 1817.83 1817.83
211 1817.83 1817.83
212 1817.83 1817.83
213 1817.83 1817.83
214 1817.83 1817.83
215 1817.83 1817.83
216 1817.83 1817.83
217 1817.83 1817.83
218 1817.83 1817.83
219 1817.83 1817.83
220 1817.83 1817.83
221 1817.83 1817.83
222 1817.83 1817.83
223 1817.83 1817.83
224 1817.83 1817.83
225 1817.83 1817.83
226 1817.83 1817.83
227 1817.83 1817.83
228 1817.83 1817.83
229 1817.83 1817.83
230 1817.83 1817.83
231 1817.83 1817.83
232 1817.83 1817.83
233 1817.83 1817.83
234 1817.83 1817.83
235 1817.83 1817.83
236 1817.83 1817.83
237 1817.83 1817.83
238 1817.83 1817.83
239 1817.83 1817.83
240 1817.83 1817.83
241 1817.83 1817.83
242 1817.83 1817.83
243 1817.83 1817.83
244 1817.83 1817.83
245 1817.83 1817.83
246 1817.83 1817.83
247 1817.83 1817.83
248 1817.83 1817.83
249 1817.83 1817.83
250 1817.83 1817.83
251 1817.83 1817.83
252 1817.83 1817.83
253 1817.83 1817.83
254 1817.83 1817.83
255 1817.83 1817.83
256 1817.83 1817.83
257 1817.83 1817.83
258 1817.83 1817.83
259 1817.83 1817.83
260 1817.83 1817.83
261 1817.83 1817.83
262 1817.83 1817.83
263 1817.83 1817.83
264 1817.83 1817.83
265 1817.83 1817.83
266 1817.83 1817.83
267 1817.83 1817.83
268 1817.83 1817.83
269 1817.83 1817.83
270 1817.83 1817.83
271 1817.83 1817.83
272 1817.83 1817.83
273 1817.83 1817.83
274 1817.83 1817.83
275 1817.83 1817.83
276 1817.83 1817.83
277 1817.83 1817.83
278 1817.83 1817.83
279 1817.83 1817.83
280 1817.83 1817.83
281 1817.83 1817.83
282 1817.83 1817.83
283 1817.83 1817.83
284 1817.83 1817.83
285 1817.83 1817.83
286 1817.83 1817.83
287 1817.83 1817.83
288 1817.83 1817.83
289 1817.83 1817.83
290 1817.83 1817.83
291 1817.83 1817.83
292 1817.83 1817.83
293 1817.83 1817.83
294 1817.83 1817.83
295 1817.83 1817.83
296 1817.83 1817.83
297 1817.83 1817.83
298 1817.83 1817.83
299 1817.83 1817.83
300 1817.83 1817.83
301 1817.83 1817.83
302 1817.83 1817.83
303 1817.83 1817.83
304 1817.83 1817.83
305 1817.83 1817.83
306 1817.83 1817.83
307 1817.83 1817.83
308 1817.83 1817.83
309 1817.83 1817.83
310 1817.83 1817.83
311 1817.83 1817.83
312 1817.83 1817.83
313 1817.83 1817.83
314 1817.83 1817.83
315 1817.83 1817.83
316 1817.83 1817.83
317 1817.83 1817.83
318 1817.83 1817.83
319 1817.83 1817.83
320 1817.83 1817.83
321 1817.83 1817.83
322 1817.83 1817.83
323 1817.83 1817.83
324 1817.83 1817.83
325 1817.83 1817.83
326 1817.83 1817.83
327 1817.83 1817.83
328 1817.83 1817.83
329 1817.83 1817.83
330 1817.83 1817.83
331 1817.83 1817.83
332 1817.83 1817.83
333 1817.83 1817.83
334 1817.83 1817.83
335 1817.83 1817.83
336 1817.83 1817.83
337 1817.83 1817.83
338 1817.83 1817.83
339 1817.83 1817.83
340 1817.83 1817.83
341 1817.83 1817.83
342 1817.83 1817.83
343 1817.83 1817.83
344 1817.83 1817.83
345 1817.83 1817.83
346 1817.83 1817.83
347 1817.83 1817.83
348 1817.83 1817.83
349 1817.83 1817.83
350 1817.83 1817.83
351 1817.83 1817.83
352 1817.83 1817.83
353 1817.83 1817.83
354 1817.83 1817.83
355 1817.83 1817.83
356 1817.83 1817.83
357 1817.83 1817.83
358 1817.83 1817.83
359 1817.83 1817.83
360 1817.83 1817.83
361 1817.83 1817.83
362 1817.83 1817.83
363 1817.83 1817.83
364 1817.83 1817.83
365 1817.83 1817.83
366 1817.83 1817.83
367 1817.83 1817.83
368 1817.83 1817.83
369 1817.83 1817.83
370 1817.83 1817.83
371 1817.83 1817.83
372 1817.83 1817.83
373 1817.83 1817.83
374 1817.83 1817.83
375 1817.83 1817.83
376 1817.83 1817.83
377 1817.83 1817.83
378 1817.83 1817.83
379 1817.83 1817.83
380 1817.83 1817.83
381 1817.83 1817.83
382 1817.83 1817.83
383 1817.83 1817.83
384 1817.83 1817.83
385 1817.83 1817.83
386 1817.83 1817.83
387 1817.83 1817.83
388 1817.83 1817.83
389 1817.83 1817.83
390 1817.83 1817.83
391 1817.83 1817.83
392 1817.83 1817.83
393 1817.83 1817.83
394 1817.83 1817.83
395 1817.83 1817.83
396 1817.83 1817.83
397 1817.83 1817.83
398 1817.83 1817.83
399 1817.83 1817.83
400 1817.83 1817.83
401 1817.83 1817.83
402 1817.83 1817.83
403 1817.83 1817.83
404 1817.83 1817.83
405 1817.83 1817.83
406 1817.83 1817.83
407 1817.83 1817.83
408 1817.83 1817.83
409 1817.83 1817.83
410 1817.83 1817.83
411 1817.83 1817.83
412 1817.83 1817.83
413 1817.83 1817.83
414 1817.83 1817.83
415 1817.83 1817.83
416 1817.83 1817.83
417 1817.83 1817.83
418 1817.83 1817.83
419 1817.83 1817.83
420 1817.83 1817.83
421 1817.83 1817.83
422 1817.83 1817.83
423 1817.83 1817.83
424 1817.83 1817.83
425 1817.83 1817.83
426 1817.83 1817.83
427 1817.83 1817.83
428 1817.83 1817.83
429 1817.83 1817.83
430 1817.83 1817.83
431 1817.83 1817.83
432 1817.83 1817.83
433 1817.83 1817.83
434 1817.83 1817.83
435 1817.83 1817.83
436 1817.83 1817.83
437 1817.83 1817.83
438 1817.83 1817.83
439 1817.83 1817.83
440 1817.83 1817.83
441 1817.83 1817.83
442 1817.83 1817.83
443 1817.83 1817.83
444 1817.83 1817.83
445 1817.83 1817.83
446 1817.83 1817.83
447 1817.83 1817.83
448 1817.83 1817.83
449 1817.83 1817.83
450 1817.83 1817.83
451 1817.83 1817.83
452 1817.83 1817.83
453 1817.83 1817.83
454 1817.83 1817.83
455 1817.83 1817.83
456 1817.83 1817.83
457 1817.83 1817.83
458 1817.83 1817.83
459 1817.83 1817.83
460 1817.83 1817.83
461 1817.83 1817.83
462 1817.83 1817.83
463 1817.83 1817.83
464 1817.83 1817.83
465 1817.83 1817.83
466 1817.83 1817.83
467 1817.83 1817.83
468 1817.83 1817.83
469 1817.83 1817.83
470 1817.83 1817.83
471 1817.83 1817.83
472 1817.83 1817.83
473 1817.83 1817.83
474 1817.83 1817.83
475 1817.83 1817.83
476 1817.83 1817.83
477 1817.83 1817.83
478 1817.83 1817.83
479 1817.83 1817.83
480 1817.83 1817.83
481 1817.83 1817.83
482 1817.83 1817.83
483 1817.83 1817.83
484 1817.83 1817.83
485 1817.83 1817.83
486 1817.83 1817.83
487 1817.83 1817.83
488 1817.83 1817.83
489 1817.83 1817.83
490 1817.83 1817.83
491 1817.83 1817.83
492 1817.83 1817.83
493 1817.83 1817.83
494 1817.83 1817.83
495 1817.83 1817.83
496 1817.83 1817.83
497 1817.83 1817.83
498 1817.83 1817.83
499 1817.83 1817.83
500 1817.83 1817.83
501 1817.83 1817.83
502 1817.83 1817.83
503 1817.83 1817.83
504 1817.83 1817.83
505 1817.83 1817.83
506 1817.83 1817.83
507 1817.83 1817.83
508 1817.83 1817.83
509 1817.83 1817.83
510 1817.83 1817.83
511 1817.83 1817.83
512 1817.83 1817.83
513 1817.83 1817.83
514 1817.83 1817.83
515 1817.83 1817.83
516 1817.83 1817.83
517 1817.83 1817.83
518 1817.83 1817.83
519 1817.83 1817.83
520 1817.83 1817.83
521 1817.83 1817.83
522 1817.83 1817.83
523 1817.83 1817.83
524 1817.83 1817.83
525 1817.83 1817.83
526 1817.83 1817.83
527 1817.83 1817.83
528 1817.83 1817.83
529 1817.83 1817.83
530 1817.83 1817.83
531 1817.83 1817.83
532 1817.83 1817.83
533 1817.83 1817.83
534 1817.83 1817.83
535 1817.83 1817.83
536 1817.83 1817.83
537 1817.83 1817.83
538 1817.83 1817.83
539 1817.83 1817.83
540 1817.83 1817.83
541 1817.83 1817.83
542 1817.83 1817.83
543 1817.83 1817.83
544 1817.83 1817.83
545 1817.83 1817.83
546 1817.83 1817.83
547 1817.83 1817.83
548 1817.83 1817.83
549 1817.83 1817.83
550 1817.83 1817.83
551 1817.83 1817.83
552 1817.83 1817.83
553 1817.83 1817.83
554 1817.83 1817.83
555 1817.83 1817.83
556 1817.83 1817.83
557 1817.83 1817.83
558 1817.83 1817.83
559 1817.83 1817.83
560 1817.83 1817.83
561 1817.83 1817.83
562 1817.83 1817.83
563 1817.83 1817.83
564 1817.83 1817.83
565 1817.83 1817.83
566 1817.83 1817.83
567 1817.83 1817.83
568 1817.83 1817.83
569 1817.83 1817.83
570 1817.83 1817.83
571 1817.83 1817.83
572 1817.83 1817.83
573 1817.83 1817.83
574 1817.83 1817.83
575 1817.83 1817.83
576 1817.83 1817.83
577 1817.83 1817.83
578 1817.83 1817.83
579 1817.83 1817.83
580 1817.83 1817.83
581 1817.83 1817.83
582 1817.83 1817.83
583 1817.83 1817.83
584 1817.83 1817.83
585 1817.83 1817.83
586 1817.83 1817.83
587 1817.83 1817.83
588 1817.83 1817.83
589 1817.83 1817.83
590 1817.83 1817.83
591 1817.83 1817.83
592 1817.83 1817.83
593 1817.83 1817.83
594 1817.83 1817.83
595 1817.83 1817.83
596 1817.83 1817.83
597 1817.83 1817.83
598 1817.83 1817.83
599 1817.83 1817.83
600 1817.83 1817.83
601 1817.83 1817.83
602 1817.83 1817.83
603 1817.83 1817.83
604 1817.83 1817.83
605 1817.83 1817.83
606 1817.83 1817.83
607 1817.83 1817.83
608 1817.83 1817.83
609 1817.83 1817.83
610 1817.83 1817.83
611 1817.83 1817.83
612 1817.83 1817.83
613 1817.83 1817.83
614 1817.83 1817.83
615 1817.83 1817.83
616 1817.83 1817.83
617 1817.83 1817.83
618 1817.83 1817.83
619 1817.83 1817.83
620 1817.83 1817.83
621 1817.83 1817.83
622 1817.83 1817.83
623 1817.83 1817.83
624 1817.83 1817.83
625 1817.83 1817.83
626 1817.83 1817.83
627 1817.83 1817.83
628 1817.83 1817.83
629 1817.83 1817.83
630 1817.83 1817.83
631 1817.83 1817.83
632 1817.83 1817.83
633 1817.83 1817.83
634 1817.83 1817.83
635 1817.83 1817.83
636 1817.83 1817.83
637 1817.83 1817.83
638 1817.83 1817.83
639 1817.83 1817.83
640 1817.83 1817.83
641 1817.83 1817.83
642 1817.83 1817.83
643 1817.83 1817.83
644 1817.83 1817.83
645 1817.83 1817.83
646 1817.83 1817.83
647 1817.83 1817.83
648 1817.83 1817.83
649 1817.83 1817.83
650 1817.83 1817.83
651 1817.83 1817.83
652 1817.83 1817.83
653 1817.83 1817.83
654 1817.83 1817.83
655 1817.83 1817.83
656 1817.83 1817.83
657 1817.83 1817.83
658 1817.83 1817.83
659 1817.83 1817.83
660 1817.83 1817.83
661 1817.83 1817.83
662 1817.83 1817.83
663 1817.83 1817.83
664 1817.83 1817.83
665 1817.83 1817.83
666 1817.83 1817.83
667 1817.83 1817.83
668 1817.83 1817.83
669 1817.83 1817.83
670 1817.83 1817.83
671 1817.83 1817.83
672 1817.83 1817.83
673 1817.83 1817.83
674 1817.83 1817.83
675 1817.83 1817.83
676 1817.83 1817.83
677 1817.83 1817.83
678 1817.83 1817.83
679 1817.83 1817.83
680 1817.83 1817.83
681 1817.83 1817.83
682 1817.83 1817.83
683 1817.83 1817.83
684 1817.83 1817.83
685 1817.83 1817.83
686 1817.83 1817.83
687 1817.83 1817.83
688 1817.83 1817.83
689 1817.83 1817.83
690 1817.83 1817.83
691 1817.83 1817.83
692 1817.83 1817.83
693 1817.83 1817.83
694 1817.83 1817.83
695 1817.83 1817.83
696 1817.83 1817.83
697 1817.83 1817.83
698 1817.83 1817.83
699 1817.83 1817.83
700 1817.83 1817.83
701 1817.83 1817.83
702 1817.83 1817.83
703 1817.83 1817.83
704 1817.83 1817.83
705 1817.83 1817.83
706 1817.83 1817.83
707 1817.83 1817.83
708 1817.83 1817.83
709 1817.83 1817.83
710 1817.83 1817.83
711 1817.83 1817.83
712 1817.83 1817.83
713 1817.83 1817.83
714 1817.83 1817.83
715 1817.83 1817.83
716 1817.83 1817.83
717 1817.83 1817.83
718 1817.83 1817.83
719 1817.83 1817.83
720 1817.83 1817.83
721 1817.83 1817.83
722 1817.83 1817.83
723 1817.83 1817.83
724 1817.83 1817.83
725 1817.83 1817.83
726 1817.83 1817.83
727 1817.83 1817.83
728 1817.83 1817.83
729 1817.83 1817.83
730 1817.83 1817.83
731 1817.83 1817.83
732 1817.83 1817.83
733 1817.83 1817.83
734 1817.83 1817.83
735 1817.83 1817.83
736 1817.83 1817.83
737 1817.83 1817.83
738 1817.83 1817.83
739 1817.83 1817.83
740 1817.83 1817.83
741 1817.83 1817.83
742 1817.83 1817.83
743 1817.83 1817.83
744 1817.83 1817.83
745 1817.83 1817.83
746 1817.83 1817.83
747 1817.83 1817.83
748 1817.83 1817.83
749 1817.83 1817.83
750 1817.83 1817.83
751 1817.83 1817.83
752 1817.83 1817.83
753 1817.83 1817.83
754 1817.83 1817.83
755 1817.83 1817.83
756 1817.83 1817.83
757 1817.83 1817.83
758 1817.83 1817.83
759 1817.83 1817.83
760 1817.83 1817.83
761 1817.83 1817.83
762 1817.83 1817.83
763 1817.83 1817.83
764 1817.83 1817.83
765 1817.83 1817.83
766 1817.83 1817.83
767 1817.83 1817.83
768 1817.83 1817.83
769 1817.83 1817.83
770 1817.83 1817.83
771 1817.83 1817.83
772 1817.83 1817.83
773 1817.83 1817.83
774 1817.83 1817.83
775 1817.83 1817.83
776 1817.83 1817.83
777 1817.83 1817.83
778 1817.83 1817.83
779 1817.83 1817.83
780 1817.83 1817.83
781 1817.83 1817.83
782 1817.83 1817.83
783 1817.83 1817.83
784 1817.83 1817.83
785 1817.83 1817.83
786 1817.83 1817.83
787 1817.83 1817.83
788 1817.83 1817.83
789 1817.83 1817.83
790 1817.83 1817.83
791 1817.83 1817.83
792 1817.83 1817.83
793 1817.83 1817.83
794 1817.83 1817.83
795 1817.83 1817.83
796 1817.83 1817.83
797 1817.83 1817.83
798 1817.83 1817.83
799 1817.83 1817.83
800 1817.83 1817.83
801 1817.83 1817.83
802 1817.83 1817.83
803 1817.83 1817.83
804 1817.83 1817.83
805 1817.83 1817.83
806 1817.83 1817.83
807 1817.83 1817.83
808 1817.83 1817.83
809 1817.83 1817.83
810 1817.83 1817.83
811 1817.83 1817.83
812 1817.83 1817.83
813 1817.83 1817.83
814 1817.83 1817.83
815 1817.83 1817.83
816 1817.83 1817.83
817 1817.83 1817.83
818 1817.83 1817.83
819 1817.83 1817.83
820 1817.83 1817.83
821 1817.83 1817.83
822 1817.83 1817.83
823 1817.83 1817.83
824 1817.83 1817.83
825 1817.83 1817.83
826 1817.83 1817.83
827 1817.83 1817.83
828 1817.83 1817.83
829 1817.83 1817.83
830 1817.83 1817.83
831 1817.83 1817.83
832 1817.83 1817.83
833 1817.83 1817.83
834 1817.83 1817.83
835 1817.83 1817.83
836 1817.83 1817.83
837 1817.83 1817.83
838 1817.83 1817.83
839 1817.83 1817.83
840 1817.83 1817.83
841 1817.83 1817.83
842 1817.83 1817.83
843 1817.83 1817.83
844 1817.83 1817.83
845 1817.83 1817.83
846 1817.83 1817.83
847 1817.83 1817.83
848 1817.83 1817.83
849 1817.83 1817.83
850 1817.83 1817.83
851 1817.83 1817.83
852 1817.83 1817.83
853 1817.83 1817.83
854 1817.83 1817.83
855 1817.83 1817.83
856 1817.83 1817.83
857 1817.83 1817.83
858 1817.83 1817.83
859 1817.83 1817.83
860 1817.83 1817.83
861 1817.83 1817.83
862 1817.83 1817.83
863 1817.83 1817.83
864 1817.83 1817.83
865 1817.83 1817.83
866 1817.83 1817.83
867 1817.83 1817.83
868 1817.83 1817.83
869 1817.83 1817.83
870 1817.83 1817.83
871 1817.83 1817.83
872 1817.83 1817.83
873 1817.83 1817.83
874 1817.83 1817.83
875 1817.83 1817.83
876 1817.83 1817.83
877 1817.83 1817.83
878 1817.83 1817.83
879 1817.83 1817.83
880 1817.83 1817.83
881 1817.83 1817.83
882 1817.83 1817.83
883 1817.83 1817.83
884 1817.83 1817.83
885 1817.83 1817.83
886 1817.83 1817.83
887 1817.83 1817.83
888 1817.83 1817.83
889 1817.83 1817.83
890 1817.83 1817.83
891 1817.83 1817.83
892 1817.83 1817.83
893 1817.83 1817.83
894 1817.83 1817.83
895 1817.83 1817.83
896 1817.83 1817.83
897 1817.83 1817.83
898 1817.83 1817.83
899 1817.83 1817.83
900 1817.83 1817.83
901 1817.83 1817.83
902 1817.83 1817.83
903 1817.83 1817.83
904 1817.83 1817.83
905 1817.83 1817.83
906 1817.83 1817.83
907 1817.83 1817.83
908 1817.83 1817.83
909 1817.83 1817.83
910 1817.83 1817.83
911 1817.83 1817.83
912 1817.83 1817.83
913 1817.83 1817.83
914 1817.83 1817.83
915 1817.83 1817.83
916 1817.83 1817.83
917 1817.83 1817.83
918 1817.83 1817.83
919 1817.83 1817.83
920 1817.83 1817.83
921 1817.83 1817.83
922 1817.83 1817.83
923 1817.83 1817.83
924 1817.83 1817.83
925 1817.83 1817.83
926 1817.83 1817.83
927 1817.83 1817.83
928 1817.83 1817.83
929 1817.83 1817.83
930 1817.83 1817.83
931 1817.83 1817.83
932 1817.83 1817.83
933 1817.83 1817.83
934 1817.83 1817.83
935 1817.83 1817.83
936 1817.83 1817.83
937 1817.83 1817.83
938 1817.83 1817.83
939 1817.83 1817.83
940 1817.83 1817.83
941 1817.83 1817.83
942 1817.83 1817.83
943 1817.83 1817.83
944 1817.83 1817.83
945 1817.83 1817.83
946 1817.83 1817.83
947 1817.83 1817.83
948 1817.83 1817.83
949 1817.83 1817.83
950 1817.83 1817.83
951 1817.83 1817.83
952 1817.83 1817.83
953 1817.83 1817.83
954 1817.83 1817.83
955 1817.83 1817.83
956 1817.83 1817.83
957 1817.83 1817.83
958 1817.83 1817.83
959 1817.83 1817.83
960 1817.83 1817.83
961 1817.83 1817.83
962 1817.83 1817.83
963 1817.83 1817.83
964 1817.83 1817.83
965 1817.83 1817.83
966 1817.83 1817.83
967 1817.83 1817.83
968 1817.83 1817.83
969 1817.83 1817.83
970 1817.83 1817.83
971 1817.83 1817.83
972 1817.83 1817.83
973 1817.83 1817.83
974 1817.83 1817.83
975 1817.83 1817.83
976 1817.83 1817.83
977 1817.83 1817.83
978 1817.83 1817.83
979 1817.83 1817.83
980 1817.83 1817.83
981 1817.83 1817.83
982 1817.83 1817.83
983 1817.83 1817.83
984 1817.83 1817.83
985 1817.83 1817.83
986 1817.83 1817.83
987 1817.83 1817.83
988 1817.83 1817.83
989 1817.83 1817.83
990 1817.83 1817.83
991 1817.83 1817.83
992 1817.83 1817.83
993 1817.83 1817.83
994 1817.83 1817.83
995 1817.83 1817.83
996 1817.83 1817.83
997 1817.83 1817.83
998 1817.83 1817.83
999 1817.83 1817.83
1000 1817.83 1817.83
1001 1817.83 1817.83
1002 1817.83 1817.83
1003 1817.83 1817.83
1004 1817.83 1817.83
1005 1817.83 1817.83
1006 1817.83 1817.83
1007 1817.83 1817.83
1008 1817.83 1817.83
1009 1817.83 1817.83
1010 1817.83 1817.83
1011 1817.83 1817.83
1012 1817.83 1817.83
1013 1817.83 1817.83
1014 1817.83 1817.83
1015 1817.83 1817.83
1016 1817.83 1817.83
1017 1817.83 1817.83
1018 1817.83 1817.83
1019 1817.83 1817.83
1020 1817.83 1817.83
1021 1817.83 1817.83
1022 1817.83 1817.83
1023 1817.83 1817.83
1024 1817.83 1817.83
1025 1817.83 1817.83
1026 1817.83 1817.83
1027 1817.83 1817.83
1028 1817.83 1817.83
1029 1817.83 1817.83
1030 1817.83 1817.83
1031 1817.83 1817.83
1032 1817.83 1817.83
1033 1817.83 1817.83
1034 1817.83 1817.83
1035 1817.83 1817.83
1036 1817.83 1817.83
1037 1817.83 1817.83
1038 1817.83 1817.83
1039 1817.83 1817.83
1040 1817.83 1817.83
1041 1817.83 1817.83
1042 1817.83 1817.83
1043 1817.83 1817.83
1044 1817.83 1817.83
1045 1817.83 1817.83
1046 1817.83 1817.83
1047 1817.83 1817.83
1048 1817.83 1817.83
1049 1817.83 1817.83
1050 1817.83 1817.83
1051 1817.83 1817.83
1052 1817.83 1817.83
1053 1817.83 1817.83
1054 1817.83 1817.83
1055 1817.83 1817.83
1056 1817.83 1817.83
1057 1817.83 1817.83
1058 1817.83 1817.83
1059 1817.83 1817.83
1060 1817.83 1817.83
1061 1817.83 1817.83
1062 1817.83 1817.83
1063 1817.83 1817.83
1064 1817.83 1817.83
1065 1817.83 1817.83
1066 1817.83 1817.83
1067 1817.83 1817.83
1068 1817.83 1817.83
1069 1817.83 1817.83
1070 1817.83 1817.83
1071 1817.83 1817.83
1072 1817.83 1817.83
1073 1817.83 1817.83
1074 1817.83 1817.83
1075 1817.83 1817.83
1076 1817.83 1817.83
1077 1817.83 1817.83
1078 1817.83 1817.83
1079 1817.83 1817.83
1080 1817.83 1817.83
1081 1817.83 1817.83
1082 1817.83 1817.83
1083 1817.83 1817.83
1084 1817.83 1817.83
1085 1817.83 1817.83
1086 1817.83 1817.83
1087 1817.83 1817.83
1088 1817.83 1817.83
1089 1817.83 1817.83
1090 1817.83 1817.83
1091 1817.83 1817.83
1092 1817.83 1817.83
1093 1817.83 1817.83
1094 1817.83 1817.83
1095 1817.83 1817.83
1096 1817.83 1817.83
1097 1817.83 1817.83
1098 1817.83 1817.83
1099 1817.83 1817.83
1100 1817.83 1817.83
1101 1817.83 1817.83
1102 1817.83 1817.83
1103 1817.83 1817.83
1104 1817.83 1817.83
1105 1817.83 1817.83
1106 1817.83 1817.83
1107 1817.83 1817.83
1108 1817.83 1817.83
1109 1817.83 1817.83
1110 1817.83 1817.83
1111 1817.83 1817.83
1112 1817.83 1817.83
1113 1817.83 1817.83
1114 1817.83 1817.83
1115 1817.83 1817.83
1116 1817.83 1817.83
1117 1817.83 1817.83
1118 1817.83 1817.83
1119 1817.83 1817.83
1120 1817.83 1817.83
1121 1817.83 1817.83
1122 1817.83 1817.83
1123 1817.83 1817.83
1124 1817.83 1817.83
1125 1817.83 1817.83
1126 1817.83 1817.83
1127 1817.83 1817.83
1128 1817.83 1817.83
1129 1817.83 1817.83
1130 1817.83 1817.83
1131 1817.83 1817.83
1132 1817.83 1817.83
1133 1817.83 1817.83
1134 1817.83 1817.83
1135 1817.83 1817.83
1136 1817.83 1817.83
1137 1817.83 1817.83
1138 1817.83 1817.83
1139 1817.83 1817.83
1140 1817.83 1817.83
1141 1817.83 1817.83
1142 1817.83 1817.83
1143 1817.83 1817.83
1144 1817.83 1817.83
1145 1817.83 1817.83
1146 1817.83 1817.83
1147 1817.83 1817.83
1148 1817.83 1817.83
1149 1817.83 1817.83
1150 1817.83 1817.83
1151 1817.83 1817.83
1152 1817.83 1817.83
1153 1817.83 1817.83
1154 1817.83 1817.83
1155 1817.83 1817.83
1156 1817.83 1817.83
1157 1817.83 1817.83
1158 1817.83 1817.83
1159 1817.83 1817.83
1160 1817.83 1817.83
1161 1817.83 1817.83
1162 1817.83 1817.83
1163 1817.83 1817.83
1164 1817.83 1817.83
1165 1817.83 1817.83
1166 1817.83 1817.83
1167 1817.83 1817.83
1168 1817.83 1817.83
1169 1817.83 1817.83
1170 1817.83 1817.83
1171 1817.83 1817.83
1172 1817.83 1817.83
1173 1817.83 1817.83
1174 1817.83 1817.83
1175 1817.83 1817.83
1176 1817.83 1817.83
1177 1817.83 1817.83
1178 1817.83 1817.83
1179 1817.83 1817.83
1180 1817.83 1817.83
1181 1817.83 1817.83
1182 1817.83 1817.83
1183 1817.83 1817.83
1184 1817.83 1817.83
1185 1817.83 1817.83
1186 1817.83 1817.83
1187 1817.83 1817.83
1188 1817.83 1817.83
1189 1817.83 1817.83
1190 1817.83 1817.83
1191 1817.83 1817.83
1192 1817.83 1817.83
1193 1817.83 1817.83
1194 1817.83 1817.83
1195 1817.83 1817.83
1196 1817.83 1817.83
1197 1817.83 1817.83
1198 1817.83 1817.83
1199 1817.83 1817.83
1200 1817.83 1817.83
1201 1817.83 1817.83
1202 1817.83 1817.83
1203 1817.83 1817.83
1204 1817.83 1817.83
1205 1817.83 1817.83
1206 1817.83 1817.83
1207 1817.83 1817.83
1208 1817.83 1817.83
1209 1817.83 1817.83
1210 1817.83 1817.83
1211 1817.83 1817.83
1212 1817.83 1817.83
1213 1817.83 1817.83
1214 1817.83 1817.83
1215 1817.83 1817.83
1216 1817.83 1817.83
1217 1817.83 1817.83
1218 1817.83 1817.83
1219 1817.83 1817.83
1220 1817.83 1817.83
1221 1817.83 1817.83
1222 1817.83 1817.83
1223 1817.83 1817.83
1224 1817.83 1817.83
1225 1817.83 1817.83
1226 1817.83 1817.83
1227 1817.83 1817.83
1228 1817.83 1817.83
1229 1817.83 1817.83
1230 1817.83 1817.83
1231 1817.83 1817.83
1232 1817.83 1817.83
1233 1817.83 1817.83
1234 1817.83 1817.83
1235 1817.83 1817.83
1236 1817.83 1817.83
1237 1817.83 1817.83
1238 1817.83 1817.83
1239 1817.83 1817.83
1240 1817.83 1817.83
1241 1817.83 1817.83
1242 1817.83 1817.83
1243 1817.83 1817.83
1244 1817.83 1817.83
1245 1817.83 1817.83
1246 1817.83 1817.83
1247 1817.83 1817.83
1248 1817.83 1817.83
1249 1817.83 1817.83
1250 1817.83 1817.83
1251 1817.83 1817.83
1252 1817.83 1817.83
1253 1817.83 1817.83
1254 1817.83 1817.83
1255 1817.83 1817.83
1256 1817.83 1817.83
1257 1817.83 1817.83
1258 1817.83 1817.83
1259 1817.83 1817.83
1260 1817.83 1817.83
1261 1817.83 1817.83
1262 1817.83 1817.83
1263 1817.83 1817.83
1264 1817.83 1817.83
1265 1817.83 1817.83
1266 1817.83 1817.83
1267 1817.83 1817.83
1268 1817.83 1817.83
1269 1817.83 1817.83
1270 1817.83 1817.83
1271 1817.83 1817.83
1272 1817.83 1817.83
1273 1817.83 1817.83
1274 1817.83 1817.83
1275 1817.83 1817.83
1276 1817.83 1817.83
1277 1817.83 1817.83
1278 1817.83 1817.83
1279 1817.83 1817.83
1280 1817.83 1817.83
1281 1817.83 1817.83
1282 1817.83 1817.83
1283 1817.83 1817.83
1284 1817.83 1817.83
1285 1817.83 1817.83
1286 1817.83 1817.83
1287 1817.83 1817.83
1288 1817.83 1817.83
1289 1817.83 1817.83
1290 1817.83 1817.83
1291 1817.83 1817.83
1292 1817.83 1817.83
1293 1817.83 1817.83
1294 1817.83 1817.83
1295 1817.83 1817.83
1296 1817.83 1817.83
1297 1817.83 1817.83
1298 1817.83 1817.83
1299 1817.83 1817.83
1300 1817.83 1817.83
1301 1817.83 1817.83
1302 1817.83 1817.83
1303 1817.83 1817.83
1304 1817.83 1817.83
1305 1817.83 1817.83
1306 1817.83 1817.83
1307 1817.83 1817.83
1308 1817.83 1817.83
1309 1817.83 1817.83
1310 1817.83 1817.83
1311 1817.83 1817.83
1312 1817.83 1817.83
1313 1817.83 1817.83
1314 1817.83 1817.83
1315 1817.83 1817.83
1316 1817.83 1817.83
1317 1817.83 1817.83
1318 1817.83 1817.83
1319 1817.83 1817.83
1320 1817.83 1817.83
1321 1817.83 1817.83
1322 1817.83 1817.83
1323 1817.83 1817.83
1324 1817.83 1817.83
1325 1817.83 1817.83
1326 1817.83 1817.83
1327 1817.83 1817.83
1328 1817.83 1817.83
1329 1817.83 1817.83
1330 1817.83 1817.83
1331 1817.83 1817.83
1332 1817.83 1817.83
1333 1817.83 1817.83
1334 1817.83 1817.83
1335 1817.83 1817.83
1336 1817.83 1817.83
1337 1817.83 1817.83
1338 1817.83 1817.83
1339 1817.83 1817.83
1340 1817.83 1817.83
1341 1817.83 1817.83
1342 1817.83 1817.83
1343 1817.83 1817.83
1344 1817.83 1817.83
1345 1817.83 1817.83
1346 1817.83 1817.83
1347 1817.83 1817.83
1348 1817.83 1817.83
1349 1817.83 1817.83
1350 1817.83 1817.83
1351 1817.83 1817.83
1352 1817.83 1817.83
1353 1817.83 1817.83
1354 1817.83 1817.83
1355 1817.83 1817.83
1356 1817.83 1817.83
1357 1817.83 1817.83
1358 1817.83 1817.83
1359 1817.83 1817.83
1360 1817.83 1817.83
1361 1817.83 1817.83
1362 1817.83 1817.83
1363 1817.83 1817.83
1364 1817.83 1817.83
1365 1817.83 1817.83
1366 1817.83 1817.83
1367 1817.83 1817.83
1368 1817.83 1817.83
1369 1817.83 1817.83
1370 1817.83 1817.83
1371 1817.83 1817.83
1372 1817.83 1817.83
1373 1817.83 1817.83
1374 1817.83 1817.83
1375 1817.83 1817.83
1376 1817.83 1817.83
1377 1817.83 1817.83
1378 1817.83 1817.83
1379 1817.83 1817.83
1380 1817.83 1817.83
1381 1817.83 1817.83
1382 1817.83 1817.83
1383 1817.83 1817.83
1384 1817.83 1817.83
1385 1817.83 1817.83
1386 1817.83 1817.83
1387 1817.83 1817.83
1388 1817.83 1817.83
1389 1817.83 1817.83
1390 1817.83 1817.83
1391 1817.83 1817.83
1392 1817.83 1817.83
1393 1817.83 1817.83
1394 1817.83 1817.83
1395 1817.83 1817.83
1396 1817.83 1817.83
1397 1817.83 1817.83
1398 1817.83 1817.83
1399 1817.83 1817.83
1400 1817.83 1817.83
1401 1817.83 1817.83
1402 1817.83 1817.83
1403 1817.83 1817.83
1404 1817.83 1817.83
1405 1817.83 1817.83
1406 1817.83 1817.83
1407 1817.83 1817.83
1408 1817.83 1817.83
1409 1817.83 1817.83
1410 1817.83 1817.83
1411 1817.83 1817.83
1412 1817.83 1817.83
1413 1817.83 1817.83
1414 1817.83 1817.83
1415 1817.83 1817.83
1416 1817.83 1817.83
1417 1817.83 1817.83
1418 1817.83 1817.83
1419 1817.83 1817.83
1420 1817.83 1817.83
1421 1817.83 1817.83
1422 1817.83 1817.83
1423 1817.83 1817.83
1424 1817.83 1817.83
1425 1817.83 1817.83
1426 1817.83 1817.83
1427 1817.83 1817.83
1428 1817.83 1817.83
1429 1817.83 1817.83
1430 1817.83 1817.83
1431 1817.83 1817.83
1432 1817.83 1817.83
1433 1817.83 1817.83
1434 1817.83 1817.83
1435 1817.83 1817.83
1436 1817.83 1817.83
1437 1817.83 1817.83
1438 1817.83 1817.83
1439 1817.83 1817.83
1440 1817.83 1817.83
1441 1817.83 1817.83
1442 1817.83 1817.83
1443 1817.83 1817.83
1444 1817.83 1817.83
1445 1817.83 1817.83
1446 1817.83 1817.83
1447 1817.83 1817.83
1448 1817.83 1817.83
1449 1817.83 1817.83
1450 1817.83 1817.83
1451 1817.83 1817.83
1452 1817.83 1817.83
1453 1817.83 1817.83
1454 1817.83 1817.83
1455 1817.83 1817.83
1456 1817.83 1817.83
1457 1817.83 1817.83
1458 1817.83 1817.83
1459 1817.83 1817.83
1460 1817.83 1817.83
1461 1817.83 1817.83
1462 1817.83 1817.83
1463 1817.83 1817.83
1464 1817.83 1817.83
1465 1817.83 1817.83
1466 1817.83 1817.83
1467 1817.83 1817.83
1468 1817.83 1817.83
1469 1817.83 1817.83
1470 1817.83 1817.83
1471 1817.83 1817.83
1472 1817.83 1817.83
1473 1817.83 1817.83
1474 1817.83 1817.83
1475 1817.83 1817.83
1476 1817.83 1817.83
1477 1817.83 1817.83
1478 1817.83 1817.83
1479 1817.83 1817.83
1480 1817.83 1817.83
1481 1817.83 1817.83
1482 1817.83 1817.83
1483 1817.83 1817.83
1484 1817.83 1817.83
1485 1817.83 1817.83
1486 1817.83 1817.83
1487 1817.83 1817.83
1488 1817.83 1817.83
1489 1817.83 1817.83
1490 1817.83 1817.83
1491 1817.83 1817.83
1492 1817.83 1817.83
1493 1817.83 1817.83
1494 1817.83 1817.83
1495 1817.83 1817.83
1496 1817.83 1817.83
1497 1817.83 1817.83
1498 1817.83 1817.83
1499 1817.83 1817.83
1500 1817.83 1817.83
1501 1817.83 1817.83
1502 1817.83 1817.83
1503 1817.83 1817.83
1504 1817.83 1817.83
1505 1817.83 1817.83
1506 1817.83 1817.83
1507 1817.83 1817.83
1508 1817.83 1817.83
1509 1817.83 1817.83
1510 1817.83 1817.83
1511 1817.83 1817.83
1512 1817.83 1817.83
1513 1817.83 1817.83
1514 1817.83 1817.83
1515 1817.83 1817.83
1516 1817.83 1817.83
1517 1817.83 1817.83
1518 1817.83 1817.83
1519 1817.83 1817.83
1520 1817.83 1817.83
1521 1817.83 1817.83
1522 1817.83 1817.83
1523 1817.83 1817.83
1524 1817.83 1817.83
1525 1817.83 1817.83
1526 1817.83 1817.83
1527 1817.83 1817.83
1528 1817.83 1817.83
1529 1817.83 1817.83
1530 1817.83 1817.83
1531 1817.83 1817.83
1532 1817.83 1817.83
1533 1817.83 1817.83
1534 1817.83 1817.83
1535 1817.83 1817.83
1536 1817.83 1817.83
1537 1817.83 1817.83
1538 1817.83 1817.83
1539 1817.83 1817.83
1540 1817.83 1817.83
1541 1817.83 1817.83
1542 1817.83 1817.83
1543 1817.83 1817.83
1544 1817.83 1817.83
1545 1817.83 1817.83
1546 1817.83 1817.83
1547 1817.83 1817.83
1548 1817.83 1817.83
1549 1817.83 1817.83
1550 1817.83 1817.83
1551 1817.83 1817.83
1552 1817.83 1817.83
1553 1817.83 1817.83
1554 1817.83 1817.83
1555 1817.83 1817.83
1556 1817.83 1817.83
1557 1817.83 1817.83
1558 1817.83 1817.83
1559 1817.83 1817.83
1560 1817.83 1817.83
1561 1817.83 1817.83
1562 1817.83 1817.83
1563 1817.83 1817.83
1564 1817.83 1817.83
1565 1817.83 1817.83
1566 1817.83 1817.83
1567 1817.83 1817.83
1568 1817.83 1817.83
1569 1817.83 1817.83
1570 1817.83 1817.83
1571 1817.83 1817.83
1572 1817.83 1817.83
1573 1817.83 1817.83
1574 1817.83 1817.83
1575 1817.83 1817.83
1576 1817.83 1817.83
1577 1817.83 1817.83
1578 1817.83 1817.83
1579 1817.83 1817.83
1580 1817.83 1817.83
1581 1817.83 1817.83
1582 1817.83 1817.83
1583 1817.83 1817.83
1584 1817.83 1817.83
1585 1817.83 1817.83
1586 1817.83 1817.83
1587 1817.83 1817.83
1588 1817.83 1817.83
1589 1817.83 1817.83
1590 1817.83 1817.83
1591 1817.83 1817.83
1592 1817.83 1817.83
1593 1817.83 1817.83
1594 1817.83 1817.83
1595 1817.83 1817.83
1596 1817.83 1817.83
1597 1817.83 1817.83
1598 1817.83 1817.83
1599 1817.83 1817.83
1600 1817.83 1817.83
1601 1817.83 1817.83
1602 1817.83 1817.83
1603 1817.83 1817.83
1604 1817.83 1817.83
1605 1817.83 1817.83
1606 1817.83 1817.83
1607 1817.83 1817.83
1608 1817.83 1817.83
1609 1817.83 1817.83
1610 1817.83 1817.83
1611 1817.83 1817.83
1612 1817.83 1817.83
1613 1817.83 1817.83
1614 1817.83 1817.83
1615 1817.83 1817.83
1616 1817.83 1817.83
1617 1817.83 1817.83
1618 1817.83 1817.83
1619 1817.83 1817.83
1620 1817.83 1817.83
1621 1817.83 1817.83
1622 1817.83 1817.83
1623 1817.83 1817.83
1624 1817.83 1817.83
1625 1817.83 1817.83
1626 1817.83 1817.83
1627 1817.83 1817.83
1628 1817.83 1817.83
1629 1817.83 1817.83
1630 1817.83 1817.83
1631 1817.83 1817.83
1632 1817.83 1817.83
1633 1817.83 1817.83
1634 1817.83 1817.83
1635 1817.83 1817.83
1636 1817.83 1817.83
1637 1817.83 1817.83
1638 1817.83 1817.83
1639 1817.83 1817.83
1640 1817.83 1817.83
1641 1817.83 1817.83
1642 1817.83 1817.83
1643 1817.83 1817.83
1644 1817.83 1817.83
1645 1817.83 1817.83
