0 1801.58 1801.58
1 1801.58 1801.58
2 1801.58 1801.58
3 1801.58 1801.58
4 1801.58 1801.58
5 1801.58 1801.58
6 1801.58 1801.58
7 1801.58 1801.58
8 1801.58 1801.58
9 1801.58 1801.58
10 1801.58 1801.58
11 1801.58 1801.58
12 1801.58 1801.58
13 1801.58 1801.58
14 1801.58 1801.58
15 1801.58 1801.58
16 1801.58 1801.58
17 1801.58 1801.58
18 1801.58 1801.58
19 1801.58 1801.58
20 1801.58 1801.58
21 1801.58 1801.58
22 1801.58 1801.58
23 1801.58 1801.58
24 1801.58 1801.58
25 1801.58 1801.58
26 1801.58 1801.58
27 1801.58 1801.58
28 1801.58 1801.58
29 1801.58 1801.58
30 1801.58 1801.58
31 1801.58 1801.58
32 1801.58 1801.58
33 1801.58 1801.58
34 1801.58 1801.58
35 1801.58 1801.58
36 1801.58 1801.58
37 1801.58 1801.58
38 1801.58 1801.58
39 1801.58 1801.58
40 1801.58 1801.58
41 1801.58 1801.58
42 1801.58 1801.58
43 1801.58 1801.58
44 1801.58 1801.58
45 1801.58 1801.58
46 1801.58 1801.58
47 1801.58 1801.58
48 1801.58 1801.58
49 1801.58 1801.58
50 1801.58 1801.58
51 1801.58 1801.58
52 1801.58 1801.58
53 1801.58 1801.58
54 1801.58 1801.58
55 1801.58 1801.58
56 1801.58 1801.58
57 1801.58 1801.58
58 1801.58 1801.58
59 1801.58 1801.58
60 1801.58 1801.58
61 1801.58 1801.58
62 1801.58 1801.58
63 1801.58 1801.58
64 1801.58 1801.58
65 1801.58 1801.58
66 1801.58 1801.58
67 1801.58 1801.58
68 1801.58 1801.58
69 1801.58 1801.58
70 1801.58 1801.58
71 1801.58 1801.58
72 1801.58 1801.58
73 1801.58 1801.58
74 1801.58 1801.58
75 1801.58 1801.58
76 1801.58 1801.58
77 1801.58 1801.58
78 1801.58 1801.58
79 1801.58 1801.58
80 1801.58 1801.58
81 1801.58 1801.58
82 1801.58 1801.58
83 1801.58 1801.58
84 1801.58 1801.58
85 1801.58 1801.58
86 1801.58 1801.58
87 1801.58 1801.58
88 1801.58 1801.58
89 1801.58 1801.58
90 1801.58 1801.58
91 1801.58 1801.58
92 1801.58 1801.58
93 1801.58 1801.58
94 1801.58 1801.58
95 1801.58 1801.58
96 1801.58 1801.58
97 1801.58 1801.58
98 1801.58 1801.58
99 1801.58 1801.58
100 1801.58 1801.58
101 1801.58 1801.58
102 1801.58 1801.58
103 1801.58 1801.58
104 1801.58 1801.58
105 1801.58 1801.58
106 1801.58 1801.58
107 1801.58 1801.58
108 1801.58 1801.58
109 1801.58 1801.58
110 1801.58 1801.58
111 1801.58 1801.58
112 1801.58 1801.58
113 1801.58 1801.58
114 1801.58 1801.58
115 1801.58 1801.58
116 1801.58 1801.58
117 1801.58 1801.58
118 1801.58 1801.58
119 1801.58 1801.58
120 1801.58 1801.58
121 1801.58 1801.58
122 1801.58 1801.58
123 1801.58 1801.58
124 1801.58 1801.58
125 1801.58 1801.58
126 1801.58 1801.58
127 1801.58 1801.58
128 1801.58 1801.58
129 1801.58 1801.58
130 1801.58 1801.58
131 1801.58 1801.58
132 1801.58 1801.58
133 1801.58 1801.58
134 1801.58 1801.58
135 1801.58 1801.58
136 1801.58 1801.58
137 1801.58 1801.58
138 1801.58 1801.58
139 1801.58 1801.58
140 1801.58 1801.58
141 1801.58 1801.58
142 1801.58 1801.58
143 1801.58 1801.58
144 1801.58 1801.58
145 1801.58 1801.58
146 1801.58 1801.58
147 1801.58 1801.58
148 1801.58 1801.58
149 1801.58 1801.58
150 1801.58 1801.58
151 1801.58 1801.58
152 1801.58 1801.58
153 1801.58 1801.58
154 1801.58 1801.58
155 1801.58 1801.58
156 1801.58 1801.58
157 1801.58 1801.58
158 1801.58 1801.58
159 1801.58 1801.58
160 1801.58 1801.58
161 1801.58 1801.58
162 1801.58 1801.58
163 1801.58 1801.58
164 1801.58 1801.58
165 1801.58 1801.58
166 1801.58 1801.58
167 1801.58 1801.58
168 1801.58 1801.58
169 1801.58 1801.58
170 1801.58 1801.58
171 1801.58 1801.58
172 1801.58 1801.58
173 1801.58 1801.58
174 1801.58 1801.58
175 1801.58 1801.58
176 1801.58 1801.58
177 1801.58 1801.58
178 1801.58 1801.58
179 1801.58 1801.58
180 1801.58 1801.58
181 1801.58 1801.58
182 1801.58 1801.58
183 1801.58 1801.58
184 1801.58 1801.58
185 1801.58 1801.58
186 1801.58 1801.58
187 1801.58 1801.58
188 1801.58 1801.58
189 1801.58 1801.58
190 1801.58 1801.58
191 1801.58 1801.58
192 1801.58 1801.58
193 1801.58 1801.58
194 1801.58 1801.58
195 1801.58 1801.58
196 1801.58 1801.58
197 1801.58 1801.58
198 1801.58 1801.58
199 1801.58 1801.58
200 1801.58 1801.58
201 1801.58 1801.58
202 1801.58 1801.58
203 1801.58 1801.58
204 1801.58 1801.58
205 1801.58 1801.58
206 1801.58 1801.58
207 1801.58 1801.58
208 1801.58 1801.58
209 1801.58 1801.58
210 1801.58 1801.58
211 1801.58 1801.58
212 1801.58 1801.58
213 1801.58 1801.58
214 1801.58 1801.58
215 1801.58 1801.58
216 1801.58 1801.58
217 1801.58 1801.58
218 1801.58 1801.58
219 1801.58 1801.58
220 1801.58 1801.58
221 1801.58 1801.58
222 1801.58 1801.58
223 1801.58 1801.58
224 1801.58 1801.58
225 1801.58 1801.58
226 1801.58 1801.58
227 1801.58 1801.58
228 1801.58 1801.58
229 1801.58 1801.58
230 1801.58 1801.58
231 1801.58 1801.58
232 1801.58 1801.58
233 1801.58 1801.58
234 1801.58 1801.58
235 1801.58 1801.58
236 1801.58 1801.58
237 1801.58 1801.58
238 1801.58 1801.58
239 1801.58 1801.58
240 1801.58 1801.58
241 1801.58 1801.58
242 1801.58 1801.58
243 1801.58 1801.58
244 1801.58 1801.58
245 1801.58 1801.58
246 1801.58 1801.58
247 1801.58 1801.58
248 1801.58 1801.58
249 1801.58 1801.58
250 1801.58 1801.58
251 1801.58 1801.58
252 1801.58 1801.58
253 1801.58 1801.58
254 1801.58 1801.58
255 1801.58 1801.58
256 1801.58 1801.58
257 1801.58 1801.58
258 1801.58 1801.58
259 1801.58 1801.58
260 1801.58 1801.58
261 1801.58 1801.58
262 1801.58 1801.58
263 1801.58 1801.58
264 1801.58 1801.58
265 1801.58 1801.58
266 1801.58 1801.58
267 1801.58 1801.58
268 1801.58 1801.58
269 1801.58 1801.58
270 1801.58 1801.58
271 1801.58 1801.58
272 1801.58 1801.58
273 1801.58 1801.58
274 1801.58 1801.58
275 1801.58 1801.58
276 1801.58 1801.58
277 1801.58 1801.58
278 1801.58 1801.58
279 1801.58 1801.58
280 1801.58 1801.58
281 1801.58 1801.58
282 1801.58 1801.58
283 1801.58 1801.58
284 1801.58 1801.58
285 1801.58 1801.58
286 1801.58 1801.58
287 1801.58 1801.58
288 1801.58 1801.58
289 1801.58 1801.58
290 1801.58 1801.58
291 1801.58 1801.58
292 1801.58 1801.58
293 1801.58 1801.58
294 1801.58 1801.58
295 1801.58 1801.58
296 1801.58 1801.58
297 1801.58 1801.58
298 1801.58 1801.58
299 1801.58 1801.58
300 1801.58 1801.58
301 1801.58 1801.58
302 1801.58 1801.58
303 1801.58 1801.58
304 1801.58 1801.58
305 1801.58 1801.58
306 1801.58 1801.58
307 1801.58 1801.58
308 1801.58 1801.58
309 1801.58 1801.58
310 1801.58 1801.58
311 1801.58 1801.58
312 1801.58 1801.58
313 1801.58 1801.58
314 1801.58 1801.58
315 1801.58 1801.58
316 1801.58 1801.58
317 1801.58 1801.58
318 1801.58 1801.58
319 1801.58 1801.58
320 1801.58 1801.58
321 1801.58 1801.58
322 1801.58 1801.58
323 1801.58 1801.58
324 1801.58 1801.58
325 1801.58 1801.58
326 1801.58 1801.58
327 1801.58 1801.58
328 1801.58 1801.58
329 1801.58 1801.58
330 1801.58 1801.58
331 1801.58 1801.58
332 1801.58 1801.58
333 1801.58 1801.58
334 1801.58 1801.58
335 1801.58 1801.58
336 1801.58 1801.58
337 1801.58 1801.58
338 1801.58 1801.58
339 1801.58 1801.58
340 1801.58 1801.58
341 1801.58 1801.58
342 1801.58 1801.58
343 1801.58 1801.58
344 1801.58 1801.58
345 1801.58 1801.58
346 1801.58 1801.58
347 1801.58 1801.58
348 1801.58 1801.58
349 1801.58 1801.58
350 1801.58 1801.58
351 1801.58 1801.58
352 1801.58 1801.58
353 1801.58 1801.58
354 1801.58 1801.58
355 1801.58 1801.58
356 1801.58 1801.58
357 1801.58 1801.58
358 1801.58 1801.58
359 1801.58 1801.58
360 1801.58 1801.58
361 1801.58 1801.58
362 1801.58 1801.58
363 1801.58 1801.58
364 1801.58 1801.58
365 1801.58 1801.58
366 1801.58 1801.58
367 1801.58 1801.58
368 1801.58 1801.58
369 1801.58 1801.58
370 1801.58 1801.58
371 1801.58 1801.58
372 1801.58 1801.58
373 1801.58 1801.58
374 1801.58 1801.58
375 1801.58 1801.58
376 1801.58 1801.58
377 1801.58 1801.58
378 1801.58 1801.58
379 1801.58 1801.58
380 1801.58 1801.58
381 1801.58 1801.58
382 1801.58 1801.58
383 1801.58 1801.58
384 1801.58 1801.58
385 1801.58 1801.58
386 1801.58 1801.58
387 1801.58 1801.58
388 1801.58 1801.58
389 1801.58 1801.58
390 1801.58 1801.58
391 1801.58 1801.58
392 1801.58 1801.58
393 1801.58 1801.58
394 1801.58 1801.58
395 1801.58 1801.58
396 1801.58 1801.58
397 1801.58 1801.58
398 1801.58 1801.58
399 1801.58 1801.58
400 1801.58 1801.58
401 1801.58 1801.58
402 1801.58 1801.58
403 1801.58 1801.58
404 1801.58 1801.58
405 1801.58 1801.58
406 1801.58 1801.58
407 1801.58 1801.58
408 1801.58 1801.58
409 1801.58 1801.58
410 1801.58 1801.58
411 1801.58 1801.58
412 1801.58 1801.58
413 1801.58 1801.58
414 1801.58 1801.58
415 1801.58 1801.58
416 1801.58 1801.58
417 1801.58 1801.58
418 1801.58 1801.58
419 1801.58 1801.58
420 1801.58 1801.58
421 1801.58 1801.58
422 1801.58 1801.58
423 1801.58 1801.58
424 1801.58 1801.58
425 1801.58 1801.58
426 1801.58 1801.58
427 1801.58 1801.58
428 1801.58 1801.58
429 1801.58 1801.58
430 1801.58 1801.58
431 1801.58 1801.58
432 1801.58 1801.58
433 1801.58 1801.58
434 1801.58 1801.58
435 1801.58 1801.58
436 1801.58 1801.58
437 1801.58 1801.58
438 1801.58 1801.58
439 1801.58 1801.58
440 1801.58 1801.58
441 1801.58 1801.58
442 1801.58 1801.58
443 1801.58 1801.58
444 1801.58 1801.58
445 1801.58 1801.58
446 1801.58 1801.58
447 1801.58 1801.58
448 1801.58 1801.58
449 1801.58 1801.58
450 1801.58 1801.58
451 1801.58 1801.58
452 1801.58 1801.58
453 1801.58 1801.58
454 1801.58 1801.58
455 1801.58 1801.58
456 1801.58 1801.58
457 1801.58 1801.58
458 1801.58 1801.58
459 1801.58 1801.58
460 1801.58 1801.58
461 1801.58 1801.58
462 1801.58 1801.58
463 1801.58 1801.58
464 1801.58 1801.58
465 1801.58 1801.58
466 1801.58 1801.58
467 1801.58 1801.58
468 1801.58 1801.58
469 1801.58 1801.58
470 1801.58 1801.58
471 1801.58 1801.58
472 1801.58 1801.58
473 1801.58 1801.58
474 1801.58 1801.58
475 1801.58 1801.58
476 1801.58 1801.58
477 1801.58 1801.58
478 1801.58 1801.58
479 1801.58 1801.58
480 1801.58 1801.58
481 1801.58 1801.58
482 1801.58 1801.58
483 1801.58 1801.58
484 1801.58 1801.58
485 1801.58 1801.58
486 1801.58 1801.58
487 1801.58 1801.58
488 1801.58 1801.58
489 1801.58 1801.58
490 1801.58 1801.58
491 1801.58 1801.58
492 1801.58 1801.58
493 1801.58 1801.58
494 1801.58 1801.58
495 1801.58 1801.58
496 1801.58 1801.58
497 1801.58 1801.58
498 1801.58 1801.58
499 1801.58 1801.58
500 1801.58 1801.58
501 1801.58 1801.58
502 1801.58 1801.58
503 1801.58 1801.58
504 1801.58 1801.58
505 1801.58 1801.58
506 1801.58 1801.58
507 1801.58 1801.58
508 1801.58 1801.58
509 1801.58 1801.58
510 1801.58 1801.58
511 1801.58 1801.58
512 1801.58 1801.58
513 1801.58 1801.58
514 1801.58 1801.58
515 1801.58 1801.58
516 1801.58 1801.58
517 1801.58 1801.58
518 1801.58 1801.58
519 1801.58 1801.58
520 1801.58 1801.58
521 1801.58 1801.58
522 1801.58 1801.58
523 1801.58 1801.58
524 1801.58 1801.58
525 1801.58 1801.58
526 1801.58 1801.58
527 1801.58 1801.58
528 1801.58 1801.58
529 1801.58 1801.58
530 1801.58 1801.58
531 1801.58 1801.58
532 1801.58 1801.58
533 1801.58 1801.58
534 1801.58 1801.58
535 1801.58 1801.58
536 1801.58 1801.58
537 1801.58 1801.58
538 1801.58 1801.58
539 1801.58 1801.58
540 1801.58 1801.58
541 1801.58 1801.58
542 1801.58 1801.58
543 1801.58 1801.58
544 1801.58 1801.58
545 1801.58 1801.58
546 1801.58 1801.58
547 1801.58 1801.58
548 1801.58 1801.58
549 1801.58 1801.58
550 1801.58 1801.58
551 1801.58 1801.58
552 1801.58 1801.58
553 1801.58 1801.58
554 1801.58 1801.58
555 1801.58 1801.58
556 1801.58 1801.58
557 1801.58 1801.58
558 1801.58 1801.58
559 1801.58 1801.58
560 1801.58 1801.58
561 1801.58 1801.58
562 1801.58 1801.58
563 1801.58 1801.58
564 1801.58 1801.58
565 1801.58 1801.58
566 1801.58 1801.58
567 1801.58 1801.58
568 1801.58 1801.58
569 1801.58 1801.58
570 1801.58 1801.58
571 1801.58 1801.58
572 1801.58 1801.58
573 1801.58 1801.58
574 1801.58 1801.58
575 1801.58 1801.58
576 1801.58 1801.58
577 1801.58 1801.58
578 1801.58 1801.58
579 1801.58 1801.58
580 1801.58 1801.58
581 1801.58 1801.58
582 1801.58 1801.58
583 1801.58 1801.58
584 1801.58 1801.58
585 1801.58 1801.58
586 1801.58 1801.58
587 1801.58 1801.58
588 1801.58 1801.58
589 1801.58 1801.58
590 1801.58 1801.58
591 1801.58 1801.58
592 1801.58 1801.58
593 1801.58 1801.58
594 1801.58 1801.58
595 1801.58 1801.58
596 1801.58 1801.58
597 1801.58 1801.58
598 1801.58 1801.58
599 1801.58 1801.58
600 1801.58 1801.58
601 1801.58 1801.58
602 1801.58 1801.58
603 1801.58 1801.58
604 1801.58 1801.58
605 1801.58 1801.58
606 1801.58 1801.58
607 1801.58 1801.58
608 1801.58 1801.58
609 1801.58 1801.58
610 1801.58 1801.58
611 1801.58 1801.58
612 1801.58 1801.58
613 1801.58 1801.58
614 1801.58 1801.58
615 1801.58 1801.58
616 1801.58 1801.58
617 1801.58 1801.58
618 1801.58 1801.58
619 1801.58 1801.58
620 1801.58 1801.58
621 1801.58 1801.58
622 1801.58 1801.58
623 1801.58 1801.58
624 1801.58 1801.58
625 1801.58 1801.58
626 1801.58 1801.58
627 1801.58 1801.58
628 1801.58 1801.58
629 1801.58 1801.58
630 1801.58 1801.58
631 1801.58 1801.58
632 1801.58 1801.58
633 1801.58 1801.58
634 1801.58 1801.58
635 1801.58 1801.58
636 1801.58 1801.58
637 1801.58 1801.58
638 1801.58 1801.58
639 1801.58 1801.58
640 1801.58 1801.58
641 1801.58 1801.58
642 1801.58 1801.58
643 1801.58 1801.58
644 1801.58 1801.58
645 1801.58 1801.58
646 1801.58 1801.58
647 1801.58 1801.58
648 1801.58 1801.58
649 1801.58 1801.58
650 1801.58 1801.58
651 1801.58 1801.58
652 1801.58 1801.58
653 1801.58 1801.58
654 1801.58 1801.58
655 1801.58 1801.58
656 1801.58 1801.58
657 1801.58 1801.58
658 1801.58 1801.58
659 1801.58 1801.58
660 1801.58 1801.58
661 1801.58 1801.58
662 1801.58 1801.58
663 1801.58 1801.58
664 1801.58 1801.58
665 1801.58 1801.58
666 1801.58 1801.58
667 1801.58 1801.58
668 1801.58 1801.58
669 1801.58 1801.58
670 1801.58 1801.58
671 1801.58 1801.58
672 1801.58 1801.58
673 1801.58 1801.58
674 1801.58 1801.58
675 1801.58 1801.58
676 1801.58 1801.58
677 1801.58 1801.58
678 1801.58 1801.58
679 1801.58 1801.58
680 1801.58 1801.58
681 1801.58 1801.58
682 1801.58 1801.58
683 1801.58 1801.58
684 1801.58 1801.58
685 1801.58 1801.58
686 1801.58 1801.58
687 1801.58 1801.58
688 1801.58 1801.58
689 1801.58 1801.58
690 1801.58 1801.58
691 1801.58 1801.58
692 1801.58 1801.58
693 1801.58 1801.58
694 1801.58 1801.58
695 1801.58 1801.58
696 1801.58 1801.58
697 1801.58 1801.58
698 1801.58 1801.58
699 1801.58 1801.58
700 1801.58 1801.58
701 1801.58 1801.58
702 1801.58 1801.58
703 1801.58 1801.58
704 1801.58 1801.58
705 1801.58 1801.58
706 1801.58 1801.58
707 1801.58 1801.58
708 1801.58 1801.58
709 1801.58 1801.58
710 1801.58 1801.58
711 1801.58 1801.58
712 1801.58 1801.58
713 1801.58 1801.58
714 1801.58 1801.58
715 1801.58 1801.58
716 1801.58 1801.58
717 1801.58 1801.58
718 1801.58 1801.58
719 1801.58 1801.58
720 1801.58 1801.58
721 1801.58 1801.58
722 1801.58 1801.58
723 1801.58 1801.58
724 1801.58 1801.58
725 1801.58 1801.58
726 1801.58 1801.58
727 1801.58 1801.58
728 1801.58 1801.58
729 1801.58 1801.58
730 1801.58 1801.58
731 1801.58 1801.58
732 1801.58 1801.58
733 1801.58 1801.58
734 1801.58 1801.58
735 1801.58 1801.58
736 1801.58 1801.58
737 1801.58 1801.58
738 1801.58 1801.58
739 1801.58 1801.58
740 1801.58 1801.58
741 1801.58 1801.58
742 1801.58 1801.58
743 1801.58 1801.58
744 1801.58 1801.58
745 1801.58 1801.58
746 1801.58 1801.58
747 1801.58 1801.58
748 1801.58 1801.58
749 1801.58 1801.58
750 1801.58 1801.58
751 1801.58 1801.58
752 1801.58 1801.58
753 1801.58 1801.58
754 1801.58 1801.58
755 1801.58 1801.58
756 1801.58 1801.58
757 1801.58 1801.58
758 1801.58 1801.58
759 1801.58 1801.58
760 1801.58 1801.58
761 1801.58 1801.58
762 1801.58 1801.58
763 1801.58 1801.58
764 1801.58 1801.58
765 1801.58 1801.58
766 1801.58 1801.58
767 1801.58 1801.58
768 1801.58 1801.58
769 1801.58 1801.58
770 1801.58 1801.58
771 1801.58 1801.58
772 1801.58 1801.58
773 1801.58 1801.58
774 1801.58 1801.58
775 1801.58 1801.58
776 1801.58 1801.58
777 1801.58 1801.58
778 1801.58 1801.58
779 1801.58 1801.58
780 1801.58 1801.58
781 1801.58 1801.58
782 1801.58 1801.58
783 1801.58 1801.58
784 1801.58 1801.58
785 1801.58 1801.58
786 1801.58 1801.58
787 1801.58 1801.58
788 1801.58 1801.58
789 1801.58 1801.58
790 1801.58 1801.58
791 1801.58 1801.58
792 1801.58 1801.58
793 1801.58 1801.58
794 1801.58 1801.58
795 1801.58 1801.58
796 1801.58 1801.58
797 1801.58 1801.58
798 1801.58 1801.58
799 1801.58 1801.58
800 1801.58 1801.58
801 1801.58 1801.58
802 1801.58 1801.58
803 1801.58 1801.58
804 1801.58 1801.58
805 1801.58 1801.58
806 1801.58 1801.58
807 1801.58 1801.58
808 1801.58 1801.58
809 1801.58 1801.58
810 1801.58 1801.58
811 1801.58 1801.58
812 1801.58 1801.58
813 1801.58 1801.58
814 1801.58 1801.58
815 1801.58 1801.58
816 1801.58 1801.58
817 1801.58 1801.58
818 1801.58 1801.58
819 1801.58 1801.58
820 1801.58 1801.58
821 1801.58 1801.58
822 1801.58 1801.58
823 1801.58 1801.58
824 1801.58 1801.58
825 1801.58 1801.58
826 1801.58 1801.58
827 1801.58 1801.58
828 1801.58 1801.58
829 1801.58 1801.58
830 1801.58 1801.58
831 1801.58 1801.58
832 1801.58 1801.58
833 1801.58 1801.58
834 1801.58 1801.58
835 1801.58 1801.58
836 1801.58 1801.58
837 1801.58 1801.58
838 1801.58 1801.58
839 1801.58 1801.58
840 1801.58 1801.58
841 1801.58 1801.58
842 1801.58 1801.58
843 1801.58 1801.58
844 1801.58 1801.58
845 1801.58 1801.58
846 1801.58 1801.58
847 1801.58 1801.58
848 1801.58 1801.58
849 1801.58 1801.58
850 1801.58 1801.58
851 1801.58 1801.58
852 1801.58 1801.58
853 1801.58 1801.58
854 1801.58 1801.58
855 1801.58 1801.58
856 1801.58 1801.58
857 1801.58 1801.58
858 1801.58 1801.58
859 1801.58 1801.58
860 1801.58 1801.58
861 1801.58 1801.58
862 1801.58 1801.58
863 1801.58 1801.58
864 1801.58 1801.58
865 1801.58 1801.58
866 1801.58 1801.58
867 1801.58 1801.58
868 1801.58 1801.58
869 1801.58 1801.58
870 1801.58 1801.58
871 1801.58 1801.58
872 1801.58 1801.58
873 1801.58 1801.58
874 1801.58 1801.58
875 1801.58 1801.58
876 1801.58 1801.58
877 1801.58 1801.58
878 1801.58 1801.58
879 1801.58 1801.58
880 1801.58 1801.58
881 1801.58 1801.58
882 1801.58 1801.58
883 1801.58 1801.58
884 1801.58 1801.58
885 1801.58 1801.58
886 1801.58 1801.58
887 1801.58 1801.58
888 1801.58 1801.58
889 1801.58 1801.58
890 1801.58 1801.58
891 1801.58 1801.58
892 1801.58 1801.58
893 1801.58 1801.58
894 1801.58 1801.58
895 1801.58 1801.58
896 1801.58 1801.58
897 1801.58 1801.58
898 1801.58 1801.58
899 1801.58 1801.58
900 1801.58 1801.58
901 1801.58 1801.58
902 1801.58 1801.58
903 1801.58 1801.58
904 1801.58 1801.58
905 1801.58 1801.58
906 1801.58 1801.58
907 1801.58 1801.58
908 1801.58 1801.58
909 1801.58 1801.58
910 1801.58 1801.58
911 1801.58 1801.58
912 1801.58 1801.58
913 1801.58 1801.58
914 1801.58 1801.58
915 1801.58 1801.58
916 1801.58 1801.58
917 1801.58 1801.58
918 1801.58 1801.58
919 1801.58 1801.58
920 1801.58 1801.58
921 1801.58 1801.58
922 1801.58 1801.58
923 1801.58 1801.58
924 1801.58 1801.58
925 1801.58 1801.58
926 1801.58 1801.58
927 1801.58 1801.58
928 1801.58 1801.58
929 1801.58 1801.58
930 1801.58 1801.58
931 1801.58 1801.58
932 1801.58 1801.58
933 1801.58 1801.58
934 1801.58 1801.58
935 1801.58 1801.58
936 1801.58 1801.58
937 1801.58 1801.58
938 1801.58 1801.58
939 1801.58 1801.58
940 1801.58 1801.58
941 1801.58 1801.58
942 1801.58 1801.58
943 1801.58 1801.58
944 1801.58 1801.58
945 1801.58 1801.58
946 1801.58 1801.58
947 1801.58 1801.58
948 1801.58 1801.58
949 1801.58 1801.58
950 1801.58 1801.58
951 1801.58 1801.58
952 1801.58 1801.58
953 1801.58 1801.58
954 1801.58 1801.58
955 1801.58 1801.58
956 1801.58 1801.58
957 1801.58 1801.58
958 1801.58 1801.58
959 1801.58 1801.58
960 1801.58 1801.58
961 1801.58 1801.58
962 1801.58 1801.58
963 1801.58 1801.58
964 1801.58 1801.58
965 1801.58 1801.58
966 1801.58 1801.58
967 1801.58 1801.58
968 1801.58 1801.58
969 1801.58 1801.58
970 1801.58 1801.58
971 1801.58 1801.58
972 1801.58 1801.58
973 1801.58 1801.58
974 1801.58 1801.58
975 1801.58 1801.58
976 1801.58 1801.58
977 1801.58 1801.58
978 1801.58 1801.58
979 1801.58 1801.58
980 1801.58 1801.58
981 1801.58 1801.58
982 1801.58 1801.58
983 1801.58 1801.58
984 1801.58 1801.58
985 1801.58 1801.58
986 1801.58 1801.58
987 1801.58 1801.58
988 1801.58 1801.58
989 1801.58 1801.58
990 1801.58 1801.58
991 1801.58 1801.58
992 1801.58 1801.58
993 1801.58 1801.58
994 1801.58 1801.58
995 1801.58 1801.58
996 1801.58 1801.58
997 1801.58 1801.58
998 1801.58 1801.58
999 1801.58 1801.58
1000 1801.58 1801.58
1001 1801.58 1801.58
1002 1801.58 1801.58
1003 1801.58 1801.58
1004 1801.58 1801.58
1005 1801.58 1801.58
1006 1801.58 1801.58
1007 1801.58 1801.58
1008 1801.58 1801.58
1009 1801.58 1801.58
1010 1801.58 1801.58
1011 1801.58 1801.58
1012 1801.58 1801.58
1013 1801.58 1801.58
1014 1801.58 1801.58
1015 1801.58 1801.58
1016 1801.58 1801.58
1017 1801.58 1801.58
1018 1801.58 1801.58
1019 1801.58 1801.58
1020 1801.58 1801.58
1021 1801.58 1801.58
1022 1801.58 1801.58
1023 1801.58 1801.58
1024 1801.58 1801.58
1025 1801.58 1801.58
1026 1801.58 1801.58
1027 1801.58 1801.58
1028 1801.58 1801.58
1029 1801.58 1801.58
1030 1801.58 1801.58
1031 1801.58 1801.58
1032 1801.58 1801.58
1033 1801.58 1801.58
1034 1801.58 1801.58
1035 1801.58 1801.58
1036 1801.58 1801.58
1037 1801.58 1801.58
1038 1801.58 1801.58
1039 1801.58 1801.58
1040 1801.58 1801.58
1041 1801.58 1801.58
1042 1801.58 1801.58
1043 1801.58 1801.58
1044 1801.58 1801.58
1045 1801.58 1801.58
1046 1801.58 1801.58
1047 1801.58 1801.58
1048 1801.58 1801.58
1049 1801.58 1801.58
1050 1801.58 1801.58
1051 1801.58 1801.58
1052 1801.58 1801.58
1053 1801.58 1801.58
1054 1801.58 1801.58
1055 1801.58 1801.58
1056 1801.58 1801.58
1057 1801.58 1801.58
1058 1801.58 1801.58
1059 1801.58 1801.58
1060 1801.58 1801.58
1061 1801.58 1801.58
1062 1801.58 1801.58
1063 1801.58 1801.58
1064 1801.58 1801.58
1065 1801.58 1801.58
1066 1801.58 1801.58
1067 1801.58 1801.58
1068 1801.58 1801.58
1069 1801.58 1801.58
1070 1801.58 1801.58
1071 1801.58 1801.58
1072 1801.58 1801.58
1073 1801.58 1801.58
1074 1801.58 1801.58
1075 1801.58 1801.58
1076 1801.58 1801.58
1077 1801.58 1801.58
1078 1801.58 1801.58
1079 1801.58 1801.58
1080 1801.58 1801.58
1081 1801.58 1801.58
1082 1801.58 1801.58
1083 1801.58 1801.58
1084 1801.58 1801.58
1085 1801.58 1801.58
1086 1801.58 1801.58
1087 1801.58 1801.58
1088 1801.58 1801.58
1089 1801.58 1801.58
1090 1801.58 1801.58
1091 1801.58 1801.58
1092 1801.58 1801.58
1093 1801.58 1801.58
1094 1801.58 1801.58
1095 1801.58 1801.58
1096 1801.58 1801.58
1097 1801.58 1801.58
1098 1801.58 1801.58
1099 1801.58 1801.58
1100 1801.58 1801.58
1101 1801.58 1801.58
1102 1801.58 1801.58
1103 1801.58 1801.58
1104 1801.58 1801.58
1105 1801.58 1801.58
1106 1801.58 1801.58
1107 1801.58 1801.58
1108 1801.58 1801.58
1109 1801.58 1801.58
1110 1801.58 1801.58
1111 1801.58 1801.58
1112 1801.58 1801.58
1113 1801.58 1801.58
1114 1801.58 1801.58
1115 1801.58 1801.58
1116 1801.58 1801.58
1117 1801.58 1801.58
1118 1801.58 1801.58
1119 1801.58 1801.58
1120 1801.58 1801.58
1121 1801.58 1801.58
1122 1801.58 1801.58
1123 1801.58 1801.58
1124 1801.58 1801.58
1125 1801.58 1801.58
1126 1801.58 1801.58
1127 1801.58 1801.58
1128 1801.58 1801.58
1129 1801.58 1801.58
1130 1801.58 1801.58
1131 1801.58 1801.58
1132 1801.58 1801.58
1133 1801.58 1801.58
1134 1801.58 1801.58
1135 1801.58 1801.58
1136 1801.58 1801.58
1137 1801.58 1801.58
1138 1801.58 1801.58
1139 1801.58 1801.58
1140 1801.58 1801.58
1141 1801.58 1801.58
1142 1801.58 1801.58
1143 1801.58 1801.58
1144 1801.58 1801.58
1145 1801.58 1801.58
1146 1801.58 1801.58
1147 1801.58 1801.58
1148 1801.58 1801.58
1149 1801.58 1801.58
1150 1801.58 1801.58
1151 1801.58 1801.58
1152 1801.58 1801.58
1153 1801.58 1801.58
1154 1801.58 1801.58
1155 1801.58 1801.58
1156 1801.58 1801.58
1157 1801.58 1801.58
1158 1801.58 1801.58
1159 1801.58 1801.58
1160 1801.58 1801.58
1161 1801.58 1801.58
1162 1801.58 1801.58
1163 1801.58 1801.58
1164 1801.58 1801.58
1165 1801.58 1801.58
1166 1801.58 1801.58
1167 1801.58 1801.58
1168 1801.58 1801.58
1169 1801.58 1801.58
1170 1801.58 1801.58
1171 1801.58 1801.58
1172 1801.58 1801.58
1173 1801.58 1801.58
1174 1801.58 1801.58
1175 1801.58 1801.58
1176 1801.58 1801.58
1177 1801.58 1801.58
1178 1801.58 1801.58
1179 1801.58 1801.58
1180 1801.58 1801.58
1181 1801.58 1801.58
1182 1801.58 1801.58
1183 1801.58 1801.58
1184 1801.58 1801.58
1185 1801.58 1801.58
1186 1801.58 1801.58
1187 1801.58 1801.58
1188 1801.58 1801.58
1189 1801.58 1801.58
1190 1801.58 1801.58
1191 1801.58 1801.58
1192 1801.58 1801.58
1193 1801.58 1801.58
1194 1801.58 1801.58
1195 1801.58 1801.58
1196 1801.58 1801.58
1197 1801.58 1801.58
1198 1801.58 1801.58
1199 1801.58 1801.58
1200 1801.58 1801.58
1201 1801.58 1801.58
1202 1801.58 1801.58
1203 1801.58 1801.58
1204 1801.58 1801.58
1205 1801.58 1801.58
1206 1801.58 1801.58
1207 1801.58 1801.58
1208 1801.58 1801.58
1209 1801.58 1801.58
1210 1801.58 1801.58
1211 1801.58 1801.58
1212 1801.58 1801.58
1213 1801.58 1801.58
1214 1801.58 1801.58
1215 1801.58 1801.58
1216 1801.58 1801.58
1217 1801.58 1801.58
1218 1801.58 1801.58
1219 1801.58 1801.58
1220 1801.58 1801.58
1221 1801.58 1801.58
1222 1801.58 1801.58
1223 1801.58 1801.58
1224 1801.58 1801.58
1225 1801.58 1801.58
1226 1801.58 1801.58
1227 1801.58 1801.58
1228 1801.58 1801.58
1229 1801.58 1801.58
1230 1801.58 1801.58
1231 1801.58 1801.58
1232 1801.58 1801.58
1233 1801.58 1801.58
1234 1801.58 1801.58
1235 1801.58 1801.58
1236 1801.58 1801.58
1237 1801.58 1801.58
1238 1801.58 1801.58
1239 1801.58 1801.58
1240 1801.58 1801.58
1241 1801.58 1801.58
1242 1801.58 1801.58
1243 1801.58 1801.58
1244 1801.58 1801.58
1245 1801.58 1801.58
1246 1801.58 1801.58
1247 1801.58 1801.58
1248 1801.58 1801.58
1249 1801.58 1801.58
1250 1801.58 1801.58
1251 1801.58 1801.58
1252 1801.58 1801.58
1253 1801.58 1801.58
1254 1801.58 1801.58
1255 1801.58 1801.58
1256 1801.58 1801.58
1257 1801.58 1801.58
1258 1801.58 1801.58
1259 1801.58 1801.58
1260 1801.58 1801.58
1261 1801.58 1801.58
1262 1801.58 1801.58
1263 1801.58 1801.58
1264 1801.58 1801.58
1265 1801.58 1801.58
1266 1801.58 1801.58
1267 1801.58 1801.58
1268 1801.58 1801.58
1269 1801.58 1801.58
1270 1801.58 1801.58
1271 1801.58 1801.58
1272 1801.58 1801.58
1273 1801.58 1801.58
1274 1801.58 1801.58
1275 1801.58 1801.58
1276 1801.58 1801.58
1277 1801.58 1801.58
1278 1801.58 1801.58
1279 1801.58 1801.58
1280 1801.58 1801.58
1281 1801.58 1801.58
1282 1801.58 1801.58
1283 1801.58 1801.58
1284 1801.58 1801.58
1285 1801.58 1801.58
1286 1801.58 1801.58
1287 1801.58 1801.58
1288 1801.58 1801.58
1289 1801.58 1801.58
1290 1801.58 1801.58
1291 1801.58 1801.58
1292 1801.58 1801.58
1293 1801.58 1801.58
1294 1801.58 1801.58
1295 1801.58 1801.58
1296 1801.58 1801.58
1297 1801.58 1801.58
1298 1801.58 1801.58
1299 1801.58 1801.58
1300 1801.58 1801.58
1301 1801.58 1801.58
1302 1801.58 1801.58
1303 1801.58 1801.58
1304 1801.58 1801.58
1305 1801.58 1801.58
1306 1801.58 1801.58
1307 1801.58 1801.58
1308 1801.58 1801.58
1309 1801.58 1801.58
1310 1801.58 1801.58
1311 1801.58 1801.58
1312 1801.58 1801.58
1313 1801.58 1801.58
1314 1801.58 1801.58
1315 1801.58 1801.58
1316 1801.58 1801.58
1317 1801.58 1801.58
1318 1801.58 1801.58
1319 1801.58 1801.58
1320 1801.58 1801.58
1321 1801.58 1801.58
1322 1801.58 1801.58
1323 1801.58 1801.58
1324 1801.58 1801.58
1325 1801.58 1801.58
1326 1801.58 1801.58
1327 1801.58 1801.58
1328 1801.58 1801.58
1329 1801.58 1801.58
1330 1801.58 1801.58
1331 1801.58 1801.58
1332 1801.58 1801.58
1333 1801.58 1801.58
1334 1801.58 1801.58
1335 1801.58 1801.58
1336 1801.58 1801.58
1337 1801.58 1801.58
1338 1801.58 1801.58
1339 1801.58 1801.58
1340 1801.58 1801.58
1341 1801.58 1801.58
1342 1801.58 1801.58
1343 1801.58 1801.58
1344 1801.58 1801.58
1345 1801.58 1801.58
1346 1801.58 1801.58
1347 1801.58 1801.58
1348 1801.58 1801.58
1349 1801.58 1801.58
1350 1801.58 1801.58
1351 1801.58 1801.58
1352 1801.58 1801.58
1353 1801.58 1801.58
1354 1801.58 1801.58
1355 1801.58 1801.58
1356 1801.58 1801.58
1357 1801.58 1801.58
1358 1801.58 1801.58
1359 1801.58 1801.58
1360 1801.58 1801.58
1361 1801.58 1801.58
1362 1801.58 1801.58
1363 1801.58 1801.58
1364 1801.58 1801.58
1365 1801.58 1801.58
1366 1801.58 1801.58
1367 1801.58 1801.58
1368 1801.58 1801.58
1369 1801.58 1801.58
1370 1801.58 1801.58
1371 1801.58 1801.58
1372 1801.58 1801.58
1373 1801.58 1801.58
1374 1801.58 1801.58
1375 1801.58 1801.58
1376 1801.58 1801.58
1377 1801.58 1801.58
1378 1801.58 1801.58
1379 1801.58 1801.58
1380 1801.58 1801.58
1381 1801.58 1801.58
1382 1801.58 1801.58
1383 1801.58 1801.58
1384 1801.58 1801.58
1385 1801.58 1801.58
1386 1801.58 1801.58
1387 1801.58 1801.58
1388 1801.58 1801.58
1389 1801.58 1801.58
1390 1801.58 1801.58
1391 1801.58 1801.58
1392 1801.58 1801.58
1393 1801.58 1801.58
1394 1801.58 1801.58
1395 1801.58 1801.58
1396 1801.58 1801.58
1397 1801.58 1801.58
1398 1801.58 1801.58
1399 1801.58 1801.58
1400 1801.58 1801.58
1401 1801.58 1801.58
1402 1801.58 1801.58
1403 1801.58 1801.58
1404 1801.58 1801.58
1405 1801.58 1801.58
1406 1801.58 1801.58
1407 1801.58 1801.58
1408 1801.58 1801.58
1409 1801.58 1801.58
1410 1801.58 1801.58
1411 1801.58 1801.58
1412 1801.58 1801.58
1413 1801.58 1801.58
1414 1801.58 1801.58
1415 1801.58 1801.58
1416 1801.58 1801.58
1417 1801.58 1801.58
1418 1801.58 1801.58
1419 1801.58 1801.58
1420 1801.58 1801.58
1421 1801.58 1801.58
1422 1801.58 1801.58
1423 1801.58 1801.58
1424 1801.58 1801.58
1425 1801.58 1801.58
1426 1801.58 1801.58
1427 1801.58 1801.58
1428 1801.58 1801.58
1429 1801.58 1801.58
1430 1801.58 1801.58
1431 1801.58 1801.58
1432 1801.58 1801.58
1433 1801.58 1801.58
1434 1801.58 1801.58
1435 1801.58 1801.58
1436 1801.58 1801.58
1437 1801.58 1801.58
1438 1801.58 1801.58
1439 1801.58 1801.58
1440 1801.58 1801.58
1441 1801.58 1801.58
1442 1801.58 1801.58
1443 1801.58 1801.58
1444 1801.58 1801.58
1445 1801.58 1801.58
1446 1801.58 1801.58
1447 1801.58 1801.58
1448 1801.58 1801.58
1449 1801.58 1801.58
1450 1801.58 1801.58
1451 1801.58 1801.58
1452 1801.58 1801.58
1453 1801.58 1801.58
1454 1801.58 1801.58
1455 1801.58 1801.58
1456 1801.58 1801.58
1457 1801.58 1801.58
1458 1801.58 1801.58
1459 1801.58 1801.58
1460 1801.58 1801.58
1461 1801.58 1801.58
1462 1801.58 1801.58
1463 1801.58 1801.58
1464 1801.58 1801.58
1465 1801.58 1801.58
1466 1801.58 1801.58
1467 1801.58 1801.58
1468 1801.58 1801.58
1469 1801.58 1801.58
1470 1801.58 1801.58
1471 1801.58 1801.58
1472 1801.58 1801.58
1473 1801.58 1801.58
1474 1801.58 1801.58
1475 1801.58 1801.58
1476 1801.58 1801.58
1477 1801.58 1801.58
1478 1801.58 1801.58
1479 1801.58 1801.58
1480 1801.58 1801.58
1481 1801.58 1801.58
1482 1801.58 1801.58
1483 1801.58 1801.58
1484 1801.58 1801.58
1485 1801.58 1801.58
1486 1801.58 1801.58
1487 1801.58 1801.58
1488 1801.58 1801.58
1489 1801.58 1801.58
1490 1801.58 1801.58
1491 1801.58 1801.58
1492 1801.58 1801.58
1493 1801.58 1801.58
1494 1801.58 1801.58
1495 1801.58 1801.58
1496 1801.58 1801.58
1497 1801.58 1801.58
1498 1801.58 1801.58
1499 1801.58 1801.58
1500 1801.58 1801.58
1501 1801.58 1801.58
1502 1801.58 1801.58
1503 1801.58 1801.58
1504 1801.58 1801.58
1505 1801.58 1801.58
1506 1801.58 1801.58
1507 1801.58 1801.58
1508 1801.58 1801.58
1509 1801.58 1801.58
1510 1801.58 1801.58
1511 1801.58 1801.58
1512 1801.58 1801.58
1513 1801.58 1801.58
1514 1801.58 1801.58
1515 1801.58 1801.58
1516 1801.58 1801.58
1517 1801.58 1801.58
1518 1801.58 1801.58
1519 1801.58 1801.58
1520 1801.58 1801.58
1521 1801.58 1801.58
1522 1801.58 1801.58
1523 1801.58 1801.58
1524 1801.58 1801.58
1525 1801.58 1801.58
1526 1801.58 1801.58
1527 1801.58 1801.58
1528 1801.58 1801.58
1529 1801.58 1801.58
1530 1801.58 1801.58
1531 1801.58 1801.58
1532 1801.58 1801.58
1533 1801.58 1801.58
1534 1801.58 1801.58
1535 1801.58 1801.58
1536 1801.58 1801.58
1537 1801.58 1801.58
1538 1801.58 1801.58
1539 1801.58 1801.58
1540 1801.58 1801.58
1541 1801.58 1801.58
1542 1801.58 1801.58
1543 1801.58 1801.58
1544 1801.58 1801.58
1545 1801.58 1801.58
1546 1801.58 1801.58
1547 1801.58 1801.58
1548 1801.58 1801.58
1549 1801.58 1801.58
1550 1801.58 1801.58
1551 1801.58 1801.58
1552 1801.58 1801.58
1553 1801.58 1801.58
1554 1801.58 1801.58
1555 1801.58 1801.58
1556 1801.58 1801.58
1557 1801.58 1801.58
1558 1801.58 1801.58
1559 1801.58 1801.58
1560 1801.58 1801.58
1561 1801.58 1801.58
1562 1801.58 1801.58
1563 1801.58 1801.58
1564 1801.58 1801.58
1565 1801.58 1801.58
1566 1801.58 1801.58
1567 1801.58 1801.58
1568 1801.58 1801.58
1569 1801.58 1801.58
1570 1801.58 1801.58
1571 1801.58 1801.58
1572 1801.58 1801.58
1573 1801.58 1801.58
1574 1801.58 1801.58
1575 1801.58 1801.58
1576 1801.58 1801.58
1577 1801.58 1801.58
1578 1801.58 1801.58
1579 1801.58 1801.58
1580 1801.58 1801.58
1581 1801.58 1801.58
1582 1801.58 1801.58
1583 1801.58 1801.58
1584 1801.58 1801.58
1585 1801.58 1801.58
1586 1801.58 1801.58
1587 1801.58 1801.58
1588 1801.58 1801.58
1589 1801.58 1801.58
1590 1801.58 1801.58
1591 1801.58 1801.58
1592 1801.58 1801.58
1593 1801.58 1801.58
1594 1801.58 1801.58
1595 1801.58 1801.58
1596 1801.58 1801.58
1597 1801.58 1801.58
1598 1801.58 1801.58
1599 1801.58 1801.58
1600 1801.58 1801.58
1601 1801.58 1801.58
1602 1801.58 1801.58
1603 1801.58 1801.58
1604 1801.58 1801.58
1605 1801.58 1801.58
1606 1801.58 1801.58
1607 1801.58 1801.58
1608 1801.58 1801.58
1609 1801.58 1801.58
1610 1801.58 1801.58
1611 1801.58 1801.58
1612 1801.58 1801.58
1613 1801.58 1801.58
1614 1801.58 1801.58
1615 1801.58 1801.58
1616 1801.58 1801.58
1617 1801.58 1801.58
1618 1801.58 1801.58
1619 1801.58 1801.58
1620 1801.58 1801.58
1621 1801.58 1801.58
1622 1801.58 1801.58
1623 1801.58 1801.58
1624 1801.58 1801.58
1625 1801.58 1801.58
1626 1801.58 1801.58
1627 1801.58 1801.58
1628 1801.58 1801.58
1629 1801.58 1801.58
1630 1801.58 1801.58
1631 1801.58 1801.58
1632 1801.58 1801.58
1633 1801.58 1801.58
1634 1801.58 1801.58
1635 1801.58 1801.58
1636 1801.58 1801.58
1637 1801.58 1801.58
1638 1801.58 1801.58
1639 1801.58 1801.58
1640 1801.58 1801.58
1641 1801.58 1801.58
1642 1801.58 1801.58
1643 1801.58 1801.58
1644 1801.58 1801.58
1645 1801.58 1801.58
1646 1801.58 1801.58
1647 1801.58 1801.58
1648 1801.58 1801.58
1649 1801.58 1801.58
1650 1801.58 1801.58
1651 1801.58 1801.58
1652 1801.58 1801.58
1653 1801.58 1801.58
1654 1801.58 1801.58
1655 1801.58 1801.58
1656 1801.58 1801.58
1657 1801.58 1801.58
1658 1801.58 1801.58
1659 1801.58 1801.58
1660 1801.58 1801.58
1661 1801.58 1801.58
