0 1802.44 1802.44
1 1802.44 1802.44
2 1802.44 1802.44
3 1802.44 1802.44
4 1802.44 1802.44
5 1802.44 1802.44
6 1802.44 1802.44
7 1802.44 1802.44
8 1802.44 1802.44
9 1802.44 1802.44
10 1802.44 1802.44
11 1802.44 1802.44
12 1802.44 1802.44
13 1802.44 1802.44
14 1802.44 1802.44
15 1802.44 1802.44
16 1802.44 1802.44
17 1802.44 1802.44
18 1802.44 1802.44
19 1802.44 1802.44
20 1802.44 1802.44
21 1802.44 1802.44
22 1802.44 1802.44
23 1802.44 1802.44
24 1802.44 1802.44
25 1802.44 1802.44
26 1802.44 1802.44
27 1802.44 1802.44
28 1802.44 1802.44
29 1802.44 1802.44
30 1802.44 1802.44
31 1802.44 1802.44
32 1802.44 1802.44
33 1802.44 1802.44
34 1802.44 1802.44
35 1802.44 1802.44
36 1802.44 1802.44
37 1802.44 1802.44
38 1802.44 1802.44
39 1802.44 1802.44
40 1802.44 1802.44
41 1802.44 1802.44
42 1802.44 1802.44
43 1802.44 1802.44
44 1802.44 1802.44
45 1802.44 1802.44
46 1802.44 1802.44
47 1802.44 1802.44
48 1802.44 1802.44
49 1802.44 1802.44
50 1802.44 1802.44
51 1802.44 1802.44
52 1802.44 1802.44
53 1802.44 1802.44
54 1802.44 1802.44
55 1802.44 1802.44
56 1802.44 1802.44
57 1802.44 1802.44
58 1802.44 1802.44
59 1802.44 1802.44
60 1802.44 1802.44
61 1802.44 1802.44
62 1802.44 1802.44
63 1802.44 1802.44
64 1802.44 1802.44
65 1802.44 1802.44
66 1802.44 1802.44
67 1802.44 1802.44
68 1802.44 1802.44
69 1802.44 1802.44
70 1802.44 1802.44
71 1802.44 1802.44
72 1802.44 1802.44
73 1802.44 1802.44
74 1802.44 1802.44
75 1802.44 1802.44
76 1802.44 1802.44
77 1802.44 1802.44
78 1802.44 1802.44
79 1802.44 1802.44
80 1802.44 1802.44
81 1802.44 1802.44
82 1802.44 1802.44
83 1802.44 1802.44
84 1802.44 1802.44
85 1802.44 1802.44
86 1802.44 1802.44
87 1802.44 1802.44
88 1802.44 1802.44
89 1802.44 1802.44
90 1802.44 1802.44
91 1802.44 1802.44
92 1802.44 1802.44
93 1802.44 1802.44
94 1802.44 1802.44
95 1802.44 1802.44
96 1802.44 1802.44
97 1802.44 1802.44
98 1802.44 1802.44
99 1802.44 1802.44
100 1802.44 1802.44
101 1802.44 1802.44
102 1802.44 1802.44
103 1802.44 1802.44
104 1802.44 1802.44
105 1802.44 1802.44
106 1802.44 1802.44
107 1802.44 1802.44
108 1802.44 1802.44
109 1802.44 1802.44
110 1802.44 1802.44
111 1802.44 1802.44
112 1802.44 1802.44
113 1802.44 1802.44
114 1802.44 1802.44
115 1802.44 1802.44
116 1802.44 1802.44
117 1802.44 1802.44
118 1802.44 1802.44
119 1802.44 1802.44
120 1802.44 1802.44
121 1802.44 1802.44
122 1802.44 1802.44
123 1802.44 1802.44
124 1802.44 1802.44
125 1802.44 1802.44
126 1802.44 1802.44
127 1802.44 1802.44
128 1802.44 1802.44
129 1802.44 1802.44
130 1802.44 1802.44
131 1802.44 1802.44
132 1802.44 1802.44
133 1802.44 1802.44
134 1802.44 1802.44
135 1802.44 1802.44
136 1802.44 1802.44
137 1802.44 1802.44
138 1802.44 1802.44
139 1802.44 1802.44
140 1802.44 1802.44
141 1802.44 1802.44
142 1802.44 1802.44
143 1802.44 1802.44
144 1802.44 1802.44
145 1802.44 1802.44
146 1802.44 1802.44
147 1802.44 1802.44
148 1802.44 1802.44
149 1802.44 1802.44
150 1802.44 1802.44
151 1802.44 1802.44
152 1802.44 1802.44
153 1802.44 1802.44
154 1802.44 1802.44
155 1802.44 1802.44
156 1802.44 1802.44
157 1802.44 1802.44
158 1802.44 1802.44
159 1802.44 1802.44
160 1802.44 1802.44
161 1802.44 1802.44
162 1802.44 1802.44
163 1802.44 1802.44
164 1802.44 1802.44
165 1802.44 1802.44
166 1802.44 1802.44
167 1802.44 1802.44
168 1802.44 1802.44
169 1802.44 1802.44
170 1802.44 1802.44
171 1802.44 1802.44
172 1802.44 1802.44
173 1802.44 1802.44
174 1802.44 1802.44
175 1802.44 1802.44
176 1802.44 1802.44
177 1802.44 1802.44
178 1802.44 1802.44
179 1802.44 1802.44
180 1802.44 1802.44
181 1802.44 1802.44
182 1802.44 1802.44
183 1802.44 1802.44
184 1802.44 1802.44
185 1802.44 1802.44
186 1802.44 1802.44
187 1802.44 1802.44
188 1802.44 1802.44
189 1802.44 1802.44
190 1802.44 1802.44
191 1802.44 1802.44
192 1802.44 1802.44
193 1802.44 1802.44
194 1802.44 1802.44
195 1802.44 1802.44
196 1802.44 1802.44
197 1802.44 1802.44
198 1802.44 1802.44
199 1802.44 1802.44
200 1802.44 1802.44
201 1802.44 1802.44
202 1802.44 1802.44
203 1802.44 1802.44
204 1802.44 1802.44
205 1802.44 1802.44
206 1802.44 1802.44
207 1802.44 1802.44
208 1802.44 1802.44
209 1802.44 1802.44
210 1802.44 1802.44
211 1802.44 1802.44
212 1802.44 1802.44
213 1802.44 1802.44
214 1802.44 1802.44
215 1802.44 1802.44
216 1802.44 1802.44
217 1802.44 1802.44
218 1802.44 1802.44
219 1802.44 1802.44
220 1802.44 1802.44
221 1802.44 1802.44
222 1802.44 1802.44
223 1802.44 1802.44
224 1802.44 1802.44
225 1802.44 1802.44
226 1802.44 1802.44
227 1802.44 1802.44
228 1802.44 1802.44
229 1802.44 1802.44
230 1802.44 1802.44
231 1802.44 1802.44
232 1802.44 1802.44
233 1802.44 1802.44
234 1802.44 1802.44
235 1802.44 1802.44
236 1802.44 1802.44
237 1802.44 1802.44
238 1802.44 1802.44
239 1802.44 1802.44
240 1802.44 1802.44
241 1802.44 1802.44
242 1802.44 1802.44
243 1802.44 1802.44
244 1802.44 1802.44
245 1802.44 1802.44
246 1802.44 1802.44
247 1802.44 1802.44
248 1802.44 1802.44
249 1802.44 1802.44
250 1802.44 1802.44
251 1802.44 1802.44
252 1802.44 1802.44
253 1802.44 1802.44
254 1802.44 1802.44
255 1802.44 1802.44
256 1802.44 1802.44
257 1802.44 1802.44
258 1802.44 1802.44
259 1802.44 1802.44
260 1802.44 1802.44
261 1802.44 1802.44
262 1802.44 1802.44
263 1802.44 1802.44
264 1802.44 1802.44
265 1802.44 1802.44
266 1802.44 1802.44
267 1802.44 1802.44
268 1802.44 1802.44
269 1802.44 1802.44
270 1802.44 1802.44
271 1802.44 1802.44
272 1802.44 1802.44
273 1802.44 1802.44
274 1802.44 1802.44
275 1802.44 1802.44
276 1802.44 1802.44
277 1802.44 1802.44
278 1802.44 1802.44
279 1802.44 1802.44
280 1802.44 1802.44
281 1802.44 1802.44
282 1802.44 1802.44
283 1802.44 1802.44
284 1802.44 1802.44
285 1802.44 1802.44
286 1802.44 1802.44
287 1802.44 1802.44
288 1802.44 1802.44
289 1802.44 1802.44
290 1802.44 1802.44
291 1802.44 1802.44
292 1802.44 1802.44
293 1802.44 1802.44
294 1802.44 1802.44
295 1802.44 1802.44
296 1802.44 1802.44
297 1802.44 1802.44
298 1802.44 1802.44
299 1802.44 1802.44
300 1802.44 1802.44
301 1802.44 1802.44
302 1802.44 1802.44
303 1802.44 1802.44
304 1802.44 1802.44
305 1802.44 1802.44
306 1802.44 1802.44
307 1802.44 1802.44
308 1802.44 1802.44
309 1802.44 1802.44
310 1802.44 1802.44
311 1802.44 1802.44
312 1802.44 1802.44
313 1802.44 1802.44
314 1802.44 1802.44
315 1802.44 1802.44
316 1802.44 1802.44
317 1802.44 1802.44
318 1802.44 1802.44
319 1802.44 1802.44
320 1802.44 1802.44
321 1802.44 1802.44
322 1802.44 1802.44
323 1802.44 1802.44
324 1802.44 1802.44
325 1802.44 1802.44
326 1802.44 1802.44
327 1802.44 1802.44
328 1802.44 1802.44
329 1802.44 1802.44
330 1802.44 1802.44
331 1802.44 1802.44
332 1802.44 1802.44
333 1802.44 1802.44
334 1802.44 1802.44
335 1802.44 1802.44
336 1802.44 1802.44
337 1802.44 1802.44
338 1802.44 1802.44
339 1802.44 1802.44
340 1802.44 1802.44
341 1802.44 1802.44
342 1802.44 1802.44
343 1802.44 1802.44
344 1802.44 1802.44
345 1802.44 1802.44
346 1802.44 1802.44
347 1802.44 1802.44
348 1802.44 1802.44
349 1802.44 1802.44
350 1802.44 1802.44
351 1802.44 1802.44
352 1802.44 1802.44
353 1802.44 1802.44
354 1802.44 1802.44
355 1802.44 1802.44
356 1802.44 1802.44
357 1802.44 1802.44
358 1802.44 1802.44
359 1802.44 1802.44
360 1802.44 1802.44
361 1802.44 1802.44
362 1802.44 1802.44
363 1802.44 1802.44
364 1802.44 1802.44
365 1802.44 1802.44
366 1802.44 1802.44
367 1802.44 1802.44
368 1802.44 1802.44
369 1802.44 1802.44
370 1802.44 1802.44
371 1802.44 1802.44
372 1802.44 1802.44
373 1802.44 1802.44
374 1802.44 1802.44
375 1802.44 1802.44
376 1802.44 1802.44
377 1802.44 1802.44
378 1802.44 1802.44
379 1802.44 1802.44
380 1802.44 1802.44
381 1802.44 1802.44
382 1802.44 1802.44
383 1802.44 1802.44
384 1802.44 1802.44
385 1802.44 1802.44
386 1802.44 1802.44
387 1802.44 1802.44
388 1802.44 1802.44
389 1802.44 1802.44
390 1802.44 1802.44
391 1802.44 1802.44
392 1802.44 1802.44
393 1802.44 1802.44
394 1802.44 1802.44
395 1802.44 1802.44
396 1802.44 1802.44
397 1802.44 1802.44
398 1802.44 1802.44
399 1802.44 1802.44
400 1802.44 1802.44
401 1802.44 1802.44
402 1802.44 1802.44
403 1802.44 1802.44
404 1802.44 1802.44
405 1802.44 1802.44
406 1802.44 1802.44
407 1802.44 1802.44
408 1802.44 1802.44
409 1802.44 1802.44
410 1802.44 1802.44
411 1802.44 1802.44
412 1802.44 1802.44
413 1802.44 1802.44
414 1802.44 1802.44
415 1802.44 1802.44
416 1802.44 1802.44
417 1802.44 1802.44
418 1802.44 1802.44
419 1802.44 1802.44
420 1802.44 1802.44
421 1802.44 1802.44
422 1802.44 1802.44
423 1802.44 1802.44
424 1802.44 1802.44
425 1802.44 1802.44
426 1802.44 1802.44
427 1802.44 1802.44
428 1802.44 1802.44
429 1802.44 1802.44
430 1802.44 1802.44
431 1802.44 1802.44
432 1802.44 1802.44
433 1802.44 1802.44
434 1802.44 1802.44
435 1802.44 1802.44
436 1802.44 1802.44
437 1802.44 1802.44
438 1802.44 1802.44
439 1802.44 1802.44
440 1802.44 1802.44
441 1802.44 1802.44
442 1802.44 1802.44
443 1802.44 1802.44
444 1802.44 1802.44
445 1802.44 1802.44
446 1802.44 1802.44
447 1802.44 1802.44
448 1802.44 1802.44
449 1802.44 1802.44
450 1802.44 1802.44
451 1802.44 1802.44
452 1802.44 1802.44
453 1802.44 1802.44
454 1802.44 1802.44
455 1802.44 1802.44
456 1802.44 1802.44
457 1802.44 1802.44
458 1802.44 1802.44
459 1802.44 1802.44
460 1802.44 1802.44
461 1802.44 1802.44
462 1802.44 1802.44
463 1802.44 1802.44
464 1802.44 1802.44
465 1802.44 1802.44
466 1802.44 1802.44
467 1802.44 1802.44
468 1802.44 1802.44
469 1802.44 1802.44
470 1802.44 1802.44
471 1802.44 1802.44
472 1802.44 1802.44
473 1802.44 1802.44
474 1802.44 1802.44
475 1802.44 1802.44
476 1802.44 1802.44
477 1802.44 1802.44
478 1802.44 1802.44
479 1802.44 1802.44
480 1802.44 1802.44
481 1802.44 1802.44
482 1802.44 1802.44
483 1802.44 1802.44
484 1802.44 1802.44
485 1802.44 1802.44
486 1802.44 1802.44
487 1802.44 1802.44
488 1802.44 1802.44
489 1802.44 1802.44
490 1802.44 1802.44
491 1802.44 1802.44
492 1802.44 1802.44
493 1802.44 1802.44
494 1802.44 1802.44
495 1802.44 1802.44
496 1802.44 1802.44
497 1802.44 1802.44
498 1802.44 1802.44
499 1802.44 1802.44
500 1802.44 1802.44
501 1802.44 1802.44
502 1802.44 1802.44
503 1802.44 1802.44
504 1802.44 1802.44
505 1802.44 1802.44
506 1802.44 1802.44
507 1802.44 1802.44
508 1802.44 1802.44
509 1802.44 1802.44
510 1802.44 1802.44
511 1802.44 1802.44
512 1802.44 1802.44
513 1802.44 1802.44
514 1802.44 1802.44
515 1802.44 1802.44
516 1802.44 1802.44
517 1802.44 1802.44
518 1802.44 1802.44
519 1802.44 1802.44
520 1802.44 1802.44
521 1802.44 1802.44
522 1802.44 1802.44
523 1802.44 1802.44
524 1802.44 1802.44
525 1802.44 1802.44
526 1802.44 1802.44
527 1802.44 1802.44
528 1802.44 1802.44
529 1802.44 1802.44
530 1802.44 1802.44
531 1802.44 1802.44
532 1802.44 1802.44
533 1802.44 1802.44
534 1802.44 1802.44
535 1802.44 1802.44
536 1802.44 1802.44
537 1802.44 1802.44
538 1802.44 1802.44
539 1802.44 1802.44
540 1802.44 1802.44
541 1802.44 1802.44
542 1802.44 1802.44
543 1802.44 1802.44
544 1802.44 1802.44
545 1802.44 1802.44
546 1802.44 1802.44
547 1802.44 1802.44
548 1802.44 1802.44
549 1802.44 1802.44
550 1802.44 1802.44
551 1802.44 1802.44
552 1802.44 1802.44
553 1802.44 1802.44
554 1802.44 1802.44
555 1802.44 1802.44
556 1802.44 1802.44
557 1802.44 1802.44
558 1802.44 1802.44
559 1802.44 1802.44
560 1802.44 1802.44
561 1802.44 1802.44
562 1802.44 1802.44
563 1802.44 1802.44
564 1802.44 1802.44
565 1802.44 1802.44
566 1802.44 1802.44
567 1802.44 1802.44
568 1802.44 1802.44
569 1802.44 1802.44
570 1802.44 1802.44
571 1802.44 1802.44
572 1802.44 1802.44
573 1802.44 1802.44
574 1802.44 1802.44
575 1802.44 1802.44
576 1802.44 1802.44
577 1802.44 1802.44
578 1802.44 1802.44
579 1802.44 1802.44
580 1802.44 1802.44
581 1802.44 1802.44
582 1802.44 1802.44
583 1802.44 1802.44
584 1802.44 1802.44
585 1802.44 1802.44
586 1802.44 1802.44
587 1802.44 1802.44
588 1802.44 1802.44
589 1802.44 1802.44
590 1802.44 1802.44
591 1802.44 1802.44
592 1802.44 1802.44
593 1802.44 1802.44
594 1802.44 1802.44
595 1802.44 1802.44
596 1802.44 1802.44
597 1802.44 1802.44
598 1802.44 1802.44
599 1802.44 1802.44
600 1802.44 1802.44
601 1802.44 1802.44
602 1802.44 1802.44
603 1802.44 1802.44
604 1802.44 1802.44
605 1802.44 1802.44
606 1802.44 1802.44
607 1802.44 1802.44
608 1802.44 1802.44
609 1802.44 1802.44
610 1802.44 1802.44
611 1802.44 1802.44
612 1802.44 1802.44
613 1802.44 1802.44
614 1802.44 1802.44
615 1802.44 1802.44
616 1802.44 1802.44
617 1802.44 1802.44
618 1802.44 1802.44
619 1802.44 1802.44
620 1802.44 1802.44
621 1802.44 1802.44
622 1802.44 1802.44
623 1802.44 1802.44
624 1802.44 1802.44
625 1802.44 1802.44
626 1802.44 1802.44
627 1802.44 1802.44
628 1802.44 1802.44
629 1802.44 1802.44
630 1802.44 1802.44
631 1802.44 1802.44
632 1802.44 1802.44
633 1802.44 1802.44
634 1802.44 1802.44
635 1802.44 1802.44
636 1802.44 1802.44
637 1802.44 1802.44
638 1802.44 1802.44
639 1802.44 1802.44
640 1802.44 1802.44
641 1802.44 1802.44
642 1802.44 1802.44
643 1802.44 1802.44
644 1802.44 1802.44
645 1802.44 1802.44
646 1802.44 1802.44
647 1802.44 1802.44
648 1802.44 1802.44
649 1802.44 1802.44
650 1802.44 1802.44
651 1802.44 1802.44
652 1802.44 1802.44
653 1802.44 1802.44
654 1802.44 1802.44
655 1802.44 1802.44
656 1802.44 1802.44
657 1802.44 1802.44
658 1802.44 1802.44
659 1802.44 1802.44
660 1802.44 1802.44
661 1802.44 1802.44
662 1802.44 1802.44
663 1802.44 1802.44
664 1802.44 1802.44
665 1802.44 1802.44
666 1802.44 1802.44
667 1802.44 1802.44
668 1802.44 1802.44
669 1802.44 1802.44
670 1802.44 1802.44
671 1802.44 1802.44
672 1802.44 1802.44
673 1802.44 1802.44
674 1802.44 1802.44
675 1802.44 1802.44
676 1802.44 1802.44
677 1802.44 1802.44
678 1802.44 1802.44
679 1802.44 1802.44
680 1802.44 1802.44
681 1802.44 1802.44
682 1802.44 1802.44
683 1802.44 1802.44
684 1802.44 1802.44
685 1802.44 1802.44
686 1802.44 1802.44
687 1802.44 1802.44
688 1802.44 1802.44
689 1802.44 1802.44
690 1802.44 1802.44
691 1802.44 1802.44
692 1802.44 1802.44
693 1802.44 1802.44
694 1802.44 1802.44
695 1802.44 1802.44
696 1802.44 1802.44
697 1802.44 1802.44
698 1802.44 1802.44
699 1802.44 1802.44
700 1802.44 1802.44
701 1802.44 1802.44
702 1802.44 1802.44
703 1802.44 1802.44
704 1802.44 1802.44
705 1802.44 1802.44
706 1802.44 1802.44
707 1802.44 1802.44
708 1802.44 1802.44
709 1802.44 1802.44
710 1802.44 1802.44
711 1802.44 1802.44
712 1802.44 1802.44
713 1802.44 1802.44
714 1802.44 1802.44
715 1802.44 1802.44
716 1802.44 1802.44
717 1802.44 1802.44
718 1802.44 1802.44
719 1802.44 1802.44
720 1802.44 1802.44
721 1802.44 1802.44
722 1802.44 1802.44
723 1802.44 1802.44
724 1802.44 1802.44
725 1802.44 1802.44
726 1802.44 1802.44
727 1802.44 1802.44
728 1802.44 1802.44
729 1802.44 1802.44
730 1802.44 1802.44
731 1802.44 1802.44
732 1802.44 1802.44
733 1802.44 1802.44
734 1802.44 1802.44
735 1802.44 1802.44
736 1802.44 1802.44
737 1802.44 1802.44
738 1802.44 1802.44
739 1802.44 1802.44
740 1802.44 1802.44
741 1802.44 1802.44
742 1802.44 1802.44
743 1802.44 1802.44
744 1802.44 1802.44
745 1802.44 1802.44
746 1802.44 1802.44
747 1802.44 1802.44
748 1802.44 1802.44
749 1802.44 1802.44
750 1802.44 1802.44
751 1802.44 1802.44
752 1802.44 1802.44
753 1802.44 1802.44
754 1802.44 1802.44
755 1802.44 1802.44
756 1802.44 1802.44
757 1802.44 1802.44
758 1802.44 1802.44
759 1802.44 1802.44
760 1802.44 1802.44
761 1802.44 1802.44
762 1802.44 1802.44
763 1802.44 1802.44
764 1802.44 1802.44
765 1802.44 1802.44
766 1802.44 1802.44
767 1802.44 1802.44
768 1802.44 1802.44
769 1802.44 1802.44
770 1802.44 1802.44
771 1802.44 1802.44
772 1802.44 1802.44
773 1802.44 1802.44
774 1802.44 1802.44
775 1802.44 1802.44
776 1802.44 1802.44
777 1802.44 1802.44
778 1802.44 1802.44
779 1802.44 1802.44
780 1802.44 1802.44
781 1802.44 1802.44
782 1802.44 1802.44
783 1802.44 1802.44
784 1802.44 1802.44
785 1802.44 1802.44
786 1802.44 1802.44
787 1802.44 1802.44
788 1802.44 1802.44
789 1802.44 1802.44
790 1802.44 1802.44
791 1802.44 1802.44
792 1802.44 1802.44
793 1802.44 1802.44
794 1802.44 1802.44
795 1802.44 1802.44
796 1802.44 1802.44
797 1802.44 1802.44
798 1802.44 1802.44
799 1802.44 1802.44
800 1802.44 1802.44
801 1802.44 1802.44
802 1802.44 1802.44
803 1802.44 1802.44
804 1802.44 1802.44
805 1802.44 1802.44
806 1802.44 1802.44
807 1802.44 1802.44
808 1802.44 1802.44
809 1802.44 1802.44
810 1802.44 1802.44
811 1802.44 1802.44
812 1802.44 1802.44
813 1802.44 1802.44
814 1802.44 1802.44
815 1802.44 1802.44
816 1802.44 1802.44
817 1802.44 1802.44
818 1802.44 1802.44
819 1802.44 1802.44
820 1802.44 1802.44
821 1802.44 1802.44
822 1802.44 1802.44
823 1802.44 1802.44
824 1802.44 1802.44
825 1802.44 1802.44
826 1802.44 1802.44
827 1802.44 1802.44
828 1802.44 1802.44
829 1802.44 1802.44
830 1802.44 1802.44
831 1802.44 1802.44
832 1802.44 1802.44
833 1802.44 1802.44
834 1802.44 1802.44
835 1802.44 1802.44
836 1802.44 1802.44
837 1802.44 1802.44
838 1802.44 1802.44
839 1802.44 1802.44
840 1802.44 1802.44
841 1802.44 1802.44
842 1802.44 1802.44
843 1802.44 1802.44
844 1802.44 1802.44
845 1802.44 1802.44
846 1802.44 1802.44
847 1802.44 1802.44
848 1802.44 1802.44
849 1802.44 1802.44
850 1802.44 1802.44
851 1802.44 1802.44
852 1802.44 1802.44
853 1802.44 1802.44
854 1802.44 1802.44
855 1802.44 1802.44
856 1802.44 1802.44
857 1802.44 1802.44
858 1802.44 1802.44
859 1802.44 1802.44
860 1802.44 1802.44
861 1802.44 1802.44
862 1802.44 1802.44
863 1802.44 1802.44
864 1802.44 1802.44
865 1802.44 1802.44
866 1802.44 1802.44
867 1802.44 1802.44
868 1802.44 1802.44
869 1802.44 1802.44
870 1802.44 1802.44
871 1802.44 1802.44
872 1802.44 1802.44
873 1802.44 1802.44
874 1802.44 1802.44
875 1802.44 1802.44
876 1802.44 1802.44
877 1802.44 1802.44
878 1802.44 1802.44
879 1802.44 1802.44
880 1802.44 1802.44
881 1802.44 1802.44
882 1802.44 1802.44
883 1802.44 1802.44
884 1802.44 1802.44
885 1802.44 1802.44
886 1802.44 1802.44
887 1802.44 1802.44
888 1802.44 1802.44
889 1802.44 1802.44
890 1802.44 1802.44
891 1802.44 1802.44
892 1802.44 1802.44
893 1802.44 1802.44
894 1802.44 1802.44
895 1802.44 1802.44
896 1802.44 1802.44
897 1802.44 1802.44
898 1802.44 1802.44
899 1802.44 1802.44
900 1802.44 1802.44
901 1802.44 1802.44
902 1802.44 1802.44
903 1802.44 1802.44
904 1802.44 1802.44
905 1802.44 1802.44
906 1802.44 1802.44
907 1802.44 1802.44
908 1802.44 1802.44
909 1802.44 1802.44
910 1802.44 1802.44
911 1802.44 1802.44
912 1802.44 1802.44
913 1802.44 1802.44
914 1802.44 1802.44
915 1802.44 1802.44
916 1802.44 1802.44
917 1802.44 1802.44
918 1802.44 1802.44
919 1802.44 1802.44
920 1802.44 1802.44
921 1802.44 1802.44
922 1802.44 1802.44
923 1802.44 1802.44
924 1802.44 1802.44
925 1802.44 1802.44
926 1802.44 1802.44
927 1802.44 1802.44
928 1802.44 1802.44
929 1802.44 1802.44
930 1802.44 1802.44
931 1802.44 1802.44
932 1802.44 1802.44
933 1802.44 1802.44
934 1802.44 1802.44
935 1802.44 1802.44
936 1802.44 1802.44
937 1802.44 1802.44
938 1802.44 1802.44
939 1802.44 1802.44
940 1802.44 1802.44
941 1802.44 1802.44
942 1802.44 1802.44
943 1802.44 1802.44
944 1802.44 1802.44
945 1802.44 1802.44
946 1802.44 1802.44
947 1802.44 1802.44
948 1802.44 1802.44
949 1802.44 1802.44
950 1802.44 1802.44
951 1802.44 1802.44
952 1802.44 1802.44
953 1802.44 1802.44
954 1802.44 1802.44
955 1802.44 1802.44
956 1802.44 1802.44
957 1802.44 1802.44
958 1802.44 1802.44
959 1802.44 1802.44
960 1802.44 1802.44
961 1802.44 1802.44
962 1802.44 1802.44
963 1802.44 1802.44
964 1802.44 1802.44
965 1802.44 1802.44
966 1802.44 1802.44
967 1802.44 1802.44
968 1802.44 1802.44
969 1802.44 1802.44
970 1802.44 1802.44
971 1802.44 1802.44
972 1802.44 1802.44
973 1802.44 1802.44
974 1802.44 1802.44
975 1802.44 1802.44
976 1802.44 1802.44
977 1802.44 1802.44
978 1802.44 1802.44
979 1802.44 1802.44
980 1802.44 1802.44
981 1802.44 1802.44
982 1802.44 1802.44
983 1802.44 1802.44
984 1802.44 1802.44
985 1802.44 1802.44
986 1802.44 1802.44
987 1802.44 1802.44
988 1802.44 1802.44
989 1802.44 1802.44
990 1802.44 1802.44
991 1802.44 1802.44
992 1802.44 1802.44
993 1802.44 1802.44
994 1802.44 1802.44
995 1802.44 1802.44
996 1802.44 1802.44
997 1802.44 1802.44
998 1802.44 1802.44
999 1802.44 1802.44
1000 1802.44 1802.44
1001 1802.44 1802.44
1002 1802.44 1802.44
1003 1802.44 1802.44
1004 1802.44 1802.44
1005 1802.44 1802.44
1006 1802.44 1802.44
1007 1802.44 1802.44
1008 1802.44 1802.44
1009 1802.44 1802.44
1010 1802.44 1802.44
1011 1802.44 1802.44
1012 1802.44 1802.44
1013 1802.44 1802.44
1014 1802.44 1802.44
1015 1802.44 1802.44
1016 1802.44 1802.44
1017 1802.44 1802.44
1018 1802.44 1802.44
1019 1802.44 1802.44
1020 1802.44 1802.44
1021 1802.44 1802.44
1022 1802.44 1802.44
1023 1802.44 1802.44
1024 1802.44 1802.44
1025 1802.44 1802.44
1026 1802.44 1802.44
1027 1802.44 1802.44
1028 1802.44 1802.44
1029 1802.44 1802.44
1030 1802.44 1802.44
1031 1802.44 1802.44
1032 1802.44 1802.44
1033 1802.44 1802.44
1034 1802.44 1802.44
1035 1802.44 1802.44
1036 1802.44 1802.44
1037 1802.44 1802.44
1038 1802.44 1802.44
1039 1802.44 1802.44
1040 1802.44 1802.44
1041 1802.44 1802.44
1042 1802.44 1802.44
1043 1802.44 1802.44
1044 1802.44 1802.44
1045 1802.44 1802.44
1046 1802.44 1802.44
1047 1802.44 1802.44
1048 1802.44 1802.44
1049 1802.44 1802.44
1050 1802.44 1802.44
1051 1802.44 1802.44
1052 1802.44 1802.44
1053 1802.44 1802.44
1054 1802.44 1802.44
1055 1802.44 1802.44
1056 1802.44 1802.44
1057 1802.44 1802.44
1058 1802.44 1802.44
1059 1802.44 1802.44
1060 1802.44 1802.44
1061 1802.44 1802.44
1062 1802.44 1802.44
1063 1802.44 1802.44
1064 1802.44 1802.44
1065 1802.44 1802.44
1066 1802.44 1802.44
1067 1802.44 1802.44
1068 1802.44 1802.44
1069 1802.44 1802.44
1070 1802.44 1802.44
1071 1802.44 1802.44
1072 1802.44 1802.44
1073 1802.44 1802.44
1074 1802.44 1802.44
1075 1802.44 1802.44
1076 1802.44 1802.44
1077 1802.44 1802.44
1078 1802.44 1802.44
1079 1802.44 1802.44
1080 1802.44 1802.44
1081 1802.44 1802.44
1082 1802.44 1802.44
1083 1802.44 1802.44
1084 1802.44 1802.44
1085 1802.44 1802.44
1086 1802.44 1802.44
1087 1802.44 1802.44
1088 1802.44 1802.44
1089 1802.44 1802.44
1090 1802.44 1802.44
1091 1802.44 1802.44
1092 1802.44 1802.44
1093 1802.44 1802.44
1094 1802.44 1802.44
1095 1802.44 1802.44
1096 1802.44 1802.44
1097 1802.44 1802.44
1098 1802.44 1802.44
1099 1802.44 1802.44
1100 1802.44 1802.44
1101 1802.44 1802.44
1102 1802.44 1802.44
1103 1802.44 1802.44
1104 1802.44 1802.44
1105 1802.44 1802.44
1106 1802.44 1802.44
1107 1802.44 1802.44
1108 1802.44 1802.44
1109 1802.44 1802.44
1110 1802.44 1802.44
1111 1802.44 1802.44
1112 1802.44 1802.44
1113 1802.44 1802.44
1114 1802.44 1802.44
1115 1802.44 1802.44
1116 1802.44 1802.44
1117 1802.44 1802.44
1118 1802.44 1802.44
1119 1802.44 1802.44
1120 1802.44 1802.44
1121 1802.44 1802.44
1122 1802.44 1802.44
1123 1802.44 1802.44
1124 1802.44 1802.44
1125 1802.44 1802.44
1126 1802.44 1802.44
1127 1802.44 1802.44
1128 1802.44 1802.44
1129 1802.44 1802.44
1130 1802.44 1802.44
1131 1802.44 1802.44
1132 1802.44 1802.44
1133 1802.44 1802.44
1134 1802.44 1802.44
1135 1802.44 1802.44
1136 1802.44 1802.44
1137 1802.44 1802.44
1138 1802.44 1802.44
1139 1802.44 1802.44
1140 1802.44 1802.44
1141 1802.44 1802.44
1142 1802.44 1802.44
1143 1802.44 1802.44
1144 1802.44 1802.44
1145 1802.44 1802.44
1146 1802.44 1802.44
1147 1802.44 1802.44
1148 1802.44 1802.44
1149 1802.44 1802.44
1150 1802.44 1802.44
1151 1802.44 1802.44
1152 1802.44 1802.44
1153 1802.44 1802.44
1154 1802.44 1802.44
1155 1802.44 1802.44
1156 1802.44 1802.44
1157 1802.44 1802.44
1158 1802.44 1802.44
1159 1802.44 1802.44
1160 1802.44 1802.44
1161 1802.44 1802.44
1162 1802.44 1802.44
1163 1802.44 1802.44
1164 1802.44 1802.44
1165 1802.44 1802.44
1166 1802.44 1802.44
1167 1802.44 1802.44
1168 1802.44 1802.44
1169 1802.44 1802.44
1170 1802.44 1802.44
1171 1802.44 1802.44
1172 1802.44 1802.44
1173 1802.44 1802.44
1174 1802.44 1802.44
1175 1802.44 1802.44
1176 1802.44 1802.44
1177 1802.44 1802.44
1178 1802.44 1802.44
1179 1802.44 1802.44
1180 1802.44 1802.44
1181 1802.44 1802.44
1182 1802.44 1802.44
1183 1802.44 1802.44
1184 1802.44 1802.44
1185 1802.44 1802.44
1186 1802.44 1802.44
1187 1802.44 1802.44
1188 1802.44 1802.44
1189 1802.44 1802.44
1190 1802.44 1802.44
1191 1802.44 1802.44
1192 1802.44 1802.44
1193 1802.44 1802.44
1194 1802.44 1802.44
1195 1802.44 1802.44
1196 1802.44 1802.44
1197 1802.44 1802.44
1198 1802.44 1802.44
1199 1802.44 1802.44
1200 1802.44 1802.44
1201 1802.44 1802.44
1202 1802.44 1802.44
1203 1802.44 1802.44
1204 1802.44 1802.44
1205 1802.44 1802.44
1206 1802.44 1802.44
1207 1802.44 1802.44
1208 1802.44 1802.44
1209 1802.44 1802.44
1210 1802.44 1802.44
1211 1802.44 1802.44
1212 1802.44 1802.44
1213 1802.44 1802.44
1214 1802.44 1802.44
1215 1802.44 1802.44
1216 1802.44 1802.44
1217 1802.44 1802.44
1218 1802.44 1802.44
1219 1802.44 1802.44
1220 1802.44 1802.44
1221 1802.44 1802.44
1222 1802.44 1802.44
1223 1802.44 1802.44
1224 1802.44 1802.44
1225 1802.44 1802.44
1226 1802.44 1802.44
1227 1802.44 1802.44
1228 1802.44 1802.44
1229 1802.44 1802.44
1230 1802.44 1802.44
1231 1802.44 1802.44
1232 1802.44 1802.44
1233 1802.44 1802.44
1234 1802.44 1802.44
1235 1802.44 1802.44
1236 1802.44 1802.44
1237 1802.44 1802.44
1238 1802.44 1802.44
1239 1802.44 1802.44
1240 1802.44 1802.44
1241 1802.44 1802.44
1242 1802.44 1802.44
1243 1802.44 1802.44
1244 1802.44 1802.44
1245 1802.44 1802.44
1246 1802.44 1802.44
1247 1802.44 1802.44
1248 1802.44 1802.44
1249 1802.44 1802.44
1250 1802.44 1802.44
1251 1802.44 1802.44
1252 1802.44 1802.44
1253 1802.44 1802.44
1254 1802.44 1802.44
1255 1802.44 1802.44
1256 1802.44 1802.44
1257 1802.44 1802.44
1258 1802.44 1802.44
1259 1802.44 1802.44
1260 1802.44 1802.44
1261 1802.44 1802.44
1262 1802.44 1802.44
1263 1802.44 1802.44
1264 1802.44 1802.44
1265 1802.44 1802.44
1266 1802.44 1802.44
1267 1802.44 1802.44
1268 1802.44 1802.44
1269 1802.44 1802.44
1270 1802.44 1802.44
1271 1802.44 1802.44
1272 1802.44 1802.44
1273 1802.44 1802.44
1274 1802.44 1802.44
1275 1802.44 1802.44
1276 1802.44 1802.44
1277 1802.44 1802.44
1278 1802.44 1802.44
1279 1802.44 1802.44
1280 1802.44 1802.44
1281 1802.44 1802.44
1282 1802.44 1802.44
1283 1802.44 1802.44
1284 1802.44 1802.44
1285 1802.44 1802.44
1286 1802.44 1802.44
1287 1802.44 1802.44
1288 1802.44 1802.44
1289 1802.44 1802.44
1290 1802.44 1802.44
1291 1802.44 1802.44
1292 1802.44 1802.44
1293 1802.44 1802.44
1294 1802.44 1802.44
1295 1802.44 1802.44
1296 1802.44 1802.44
1297 1802.44 1802.44
1298 1802.44 1802.44
1299 1802.44 1802.44
1300 1802.44 1802.44
1301 1802.44 1802.44
1302 1802.44 1802.44
1303 1802.44 1802.44
1304 1802.44 1802.44
1305 1802.44 1802.44
1306 1802.44 1802.44
1307 1802.44 1802.44
1308 1802.44 1802.44
1309 1802.44 1802.44
1310 1802.44 1802.44
1311 1802.44 1802.44
1312 1802.44 1802.44
1313 1802.44 1802.44
1314 1802.44 1802.44
1315 1802.44 1802.44
1316 1802.44 1802.44
1317 1802.44 1802.44
1318 1802.44 1802.44
1319 1802.44 1802.44
1320 1802.44 1802.44
1321 1802.44 1802.44
1322 1802.44 1802.44
1323 1802.44 1802.44
1324 1802.44 1802.44
1325 1802.44 1802.44
1326 1802.44 1802.44
1327 1802.44 1802.44
1328 1802.44 1802.44
1329 1802.44 1802.44
1330 1802.44 1802.44
1331 1802.44 1802.44
1332 1802.44 1802.44
1333 1802.44 1802.44
1334 1802.44 1802.44
1335 1802.44 1802.44
1336 1802.44 1802.44
1337 1802.44 1802.44
1338 1802.44 1802.44
1339 1802.44 1802.44
1340 1802.44 1802.44
1341 1802.44 1802.44
1342 1802.44 1802.44
1343 1802.44 1802.44
1344 1802.44 1802.44
1345 1802.44 1802.44
1346 1802.44 1802.44
1347 1802.44 1802.44
1348 1802.44 1802.44
1349 1802.44 1802.44
1350 1802.44 1802.44
1351 1802.44 1802.44
1352 1802.44 1802.44
1353 1802.44 1802.44
1354 1802.44 1802.44
1355 1802.44 1802.44
1356 1802.44 1802.44
1357 1802.44 1802.44
1358 1802.44 1802.44
1359 1802.44 1802.44
1360 1802.44 1802.44
1361 1802.44 1802.44
1362 1802.44 1802.44
1363 1802.44 1802.44
1364 1802.44 1802.44
1365 1802.44 1802.44
1366 1802.44 1802.44
1367 1802.44 1802.44
1368 1802.44 1802.44
1369 1802.44 1802.44
1370 1802.44 1802.44
1371 1802.44 1802.44
1372 1802.44 1802.44
1373 1802.44 1802.44
1374 1802.44 1802.44
1375 1802.44 1802.44
1376 1802.44 1802.44
1377 1802.44 1802.44
1378 1802.44 1802.44
1379 1802.44 1802.44
1380 1802.44 1802.44
1381 1802.44 1802.44
1382 1802.44 1802.44
1383 1802.44 1802.44
1384 1802.44 1802.44
1385 1802.44 1802.44
1386 1802.44 1802.44
1387 1802.44 1802.44
1388 1802.44 1802.44
1389 1802.44 1802.44
1390 1802.44 1802.44
1391 1802.44 1802.44
1392 1802.44 1802.44
1393 1802.44 1802.44
1394 1802.44 1802.44
1395 1802.44 1802.44
1396 1802.44 1802.44
1397 1802.44 1802.44
1398 1802.44 1802.44
1399 1802.44 1802.44
1400 1802.44 1802.44
1401 1802.44 1802.44
1402 1802.44 1802.44
1403 1802.44 1802.44
1404 1802.44 1802.44
1405 1802.44 1802.44
1406 1802.44 1802.44
1407 1802.44 1802.44
1408 1802.44 1802.44
1409 1802.44 1802.44
1410 1802.44 1802.44
1411 1802.44 1802.44
1412 1802.44 1802.44
1413 1802.44 1802.44
1414 1802.44 1802.44
1415 1802.44 1802.44
1416 1802.44 1802.44
1417 1802.44 1802.44
1418 1802.44 1802.44
1419 1802.44 1802.44
1420 1802.44 1802.44
1421 1802.44 1802.44
1422 1802.44 1802.44
1423 1802.44 1802.44
1424 1802.44 1802.44
1425 1802.44 1802.44
1426 1802.44 1802.44
1427 1802.44 1802.44
1428 1802.44 1802.44
1429 1802.44 1802.44
1430 1802.44 1802.44
1431 1802.44 1802.44
1432 1802.44 1802.44
1433 1802.44 1802.44
1434 1802.44 1802.44
1435 1802.44 1802.44
1436 1802.44 1802.44
1437 1802.44 1802.44
1438 1802.44 1802.44
1439 1802.44 1802.44
1440 1802.44 1802.44
1441 1802.44 1802.44
1442 1802.44 1802.44
1443 1802.44 1802.44
1444 1802.44 1802.44
1445 1802.44 1802.44
1446 1802.44 1802.44
1447 1802.44 1802.44
1448 1802.44 1802.44
1449 1802.44 1802.44
1450 1802.44 1802.44
1451 1802.44 1802.44
1452 1802.44 1802.44
1453 1802.44 1802.44
1454 1802.44 1802.44
1455 1802.44 1802.44
1456 1802.44 1802.44
1457 1802.44 1802.44
1458 1802.44 1802.44
1459 1802.44 1802.44
1460 1802.44 1802.44
1461 1802.44 1802.44
1462 1802.44 1802.44
1463 1802.44 1802.44
1464 1802.44 1802.44
1465 1802.44 1802.44
1466 1802.44 1802.44
1467 1802.44 1802.44
1468 1802.44 1802.44
1469 1802.44 1802.44
1470 1802.44 1802.44
1471 1802.44 1802.44
1472 1802.44 1802.44
1473 1802.44 1802.44
1474 1802.44 1802.44
1475 1802.44 1802.44
1476 1802.44 1802.44
1477 1802.44 1802.44
1478 1802.44 1802.44
1479 1802.44 1802.44
1480 1802.44 1802.44
1481 1802.44 1802.44
1482 1802.44 1802.44
1483 1802.44 1802.44
1484 1802.44 1802.44
1485 1802.44 1802.44
1486 1802.44 1802.44
1487 1802.44 1802.44
1488 1802.44 1802.44
1489 1802.44 1802.44
1490 1802.44 1802.44
1491 1802.44 1802.44
1492 1802.44 1802.44
1493 1802.44 1802.44
1494 1802.44 1802.44
1495 1802.44 1802.44
1496 1802.44 1802.44
1497 1802.44 1802.44
1498 1802.44 1802.44
1499 1802.44 1802.44
1500 1802.44 1802.44
1501 1802.44 1802.44
1502 1802.44 1802.44
1503 1802.44 1802.44
1504 1802.44 1802.44
1505 1802.44 1802.44
1506 1802.44 1802.44
1507 1802.44 1802.44
1508 1802.44 1802.44
1509 1802.44 1802.44
1510 1802.44 1802.44
1511 1802.44 1802.44
1512 1802.44 1802.44
1513 1802.44 1802.44
1514 1802.44 1802.44
1515 1802.44 1802.44
1516 1802.44 1802.44
1517 1802.44 1802.44
1518 1802.44 1802.44
1519 1802.44 1802.44
1520 1802.44 1802.44
1521 1802.44 1802.44
1522 1802.44 1802.44
1523 1802.44 1802.44
1524 1802.44 1802.44
1525 1802.44 1802.44
1526 1802.44 1802.44
1527 1802.44 1802.44
1528 1802.44 1802.44
1529 1802.44 1802.44
1530 1802.44 1802.44
1531 1802.44 1802.44
1532 1802.44 1802.44
1533 1802.44 1802.44
1534 1802.44 1802.44
1535 1802.44 1802.44
1536 1802.44 1802.44
1537 1802.44 1802.44
1538 1802.44 1802.44
1539 1802.44 1802.44
1540 1802.44 1802.44
1541 1802.44 1802.44
1542 1802.44 1802.44
1543 1802.44 1802.44
1544 1802.44 1802.44
1545 1802.44 1802.44
1546 1802.44 1802.44
1547 1802.44 1802.44
1548 1802.44 1802.44
1549 1802.44 1802.44
1550 1802.44 1802.44
1551 1802.44 1802.44
1552 1802.44 1802.44
1553 1802.44 1802.44
1554 1802.44 1802.44
1555 1802.44 1802.44
1556 1802.44 1802.44
1557 1802.44 1802.44
1558 1802.44 1802.44
1559 1802.44 1802.44
1560 1802.44 1802.44
1561 1802.44 1802.44
1562 1802.44 1802.44
1563 1802.44 1802.44
1564 1802.44 1802.44
1565 1802.44 1802.44
1566 1802.44 1802.44
1567 1802.44 1802.44
1568 1802.44 1802.44
1569 1802.44 1802.44
1570 1802.44 1802.44
1571 1802.44 1802.44
1572 1802.44 1802.44
1573 1802.44 1802.44
1574 1802.44 1802.44
1575 1802.44 1802.44
1576 1802.44 1802.44
1577 1802.44 1802.44
1578 1802.44 1802.44
1579 1802.44 1802.44
1580 1802.44 1802.44
1581 1802.44 1802.44
1582 1802.44 1802.44
1583 1802.44 1802.44
1584 1802.44 1802.44
1585 1802.44 1802.44
1586 1802.44 1802.44
1587 1802.44 1802.44
1588 1802.44 1802.44
1589 1802.44 1802.44
1590 1802.44 1802.44
1591 1802.44 1802.44
1592 1802.44 1802.44
1593 1802.44 1802.44
1594 1802.44 1802.44
1595 1802.44 1802.44
1596 1802.44 1802.44
1597 1802.44 1802.44
1598 1802.44 1802.44
1599 1802.44 1802.44
1600 1802.44 1802.44
1601 1802.44 1802.44
1602 1802.44 1802.44
1603 1802.44 1802.44
1604 1802.44 1802.44
1605 1802.44 1802.44
1606 1802.44 1802.44
1607 1802.44 1802.44
1608 1802.44 1802.44
1609 1802.44 1802.44
1610 1802.44 1802.44
1611 1802.44 1802.44
1612 1802.44 1802.44
1613 1802.44 1802.44
1614 1802.44 1802.44
1615 1802.44 1802.44
1616 1802.44 1802.44
1617 1802.44 1802.44
1618 1802.44 1802.44
1619 1802.44 1802.44
1620 1802.44 1802.44
1621 1802.44 1802.44
1622 1802.44 1802.44
1623 1802.44 1802.44
1624 1802.44 1802.44
1625 1802.44 1802.44
1626 1802.44 1802.44
1627 1802.44 1802.44
1628 1802.44 1802.44
1629 1802.44 1802.44
1630 1802.44 1802.44
1631 1802.44 1802.44
1632 1802.44 1802.44
1633 1802.44 1802.44
1634 1802.44 1802.44
1635 1802.44 1802.44
1636 1802.44 1802.44
1637 1802.44 1802.44
1638 1802.44 1802.44
1639 1802.44 1802.44
1640 1802.44 1802.44
1641 1802.44 1802.44
1642 1802.44 1802.44
1643 1802.44 1802.44
1644 1802.44 1802.44
1645 1802.44 1802.44
1646 1802.44 1802.44
1647 1802.44 1802.44
1648 1802.44 1802.44
