0 1782.06 1782.06
1 1782.06 1782.06
2 1782.06 1782.06
3 1782.06 1782.06
4 1782.06 1782.06
5 1782.06 1782.06
6 1782.06 1782.06
7 1782.06 1782.06
8 1782.06 1782.06
9 1782.06 1782.06
10 1782.06 1782.06
11 1782.06 1782.06
12 1782.06 1782.06
13 1782.06 1782.06
14 1782.06 1782.06
15 1782.06 1782.06
16 1782.06 1782.06
17 1782.06 1782.06
18 1782.06 1782.06
19 1782.06 1782.06
20 1782.06 1782.06
21 1782.06 1782.06
22 1782.06 1782.06
23 1782.06 1782.06
24 1782.06 1782.06
25 1782.06 1782.06
26 1782.06 1782.06
27 1782.06 1782.06
28 1782.06 1782.06
29 1782.06 1782.06
30 1782.06 1782.06
31 1782.06 1782.06
32 1782.06 1782.06
33 1782.06 1782.06
34 1782.06 1782.06
35 1782.06 1782.06
36 1782.06 1782.06
37 1782.06 1782.06
38 1782.06 1782.06
39 1782.06 1782.06
40 1782.06 1782.06
41 1782.06 1782.06
42 1782.06 1782.06
43 1782.06 1782.06
44 1782.06 1782.06
45 1782.06 1782.06
46 1782.06 1782.06
47 1782.06 1782.06
48 1782.06 1782.06
49 1782.06 1782.06
50 1782.06 1782.06
51 1782.06 1782.06
52 1782.06 1782.06
53 1782.06 1782.06
54 1782.06 1782.06
55 1782.06 1782.06
56 1782.06 1782.06
57 1782.06 1782.06
58 1782.06 1782.06
59 1782.06 1782.06
60 1782.06 1782.06
61 1782.06 1782.06
62 1782.06 1782.06
63 1782.06 1782.06
64 1782.06 1782.06
65 1782.06 1782.06
66 1782.06 1782.06
67 1782.06 1782.06
68 1782.06 1782.06
69 1782.06 1782.06
70 1782.06 1782.06
71 1782.06 1782.06
72 1782.06 1782.06
73 1782.06 1782.06
74 1782.06 1782.06
75 1782.06 1782.06
76 1782.06 1782.06
77 1782.06 1782.06
78 1782.06 1782.06
79 1782.06 1782.06
80 1782.06 1782.06
81 1782.06 1782.06
82 1782.06 1782.06
83 1782.06 1782.06
84 1782.06 1782.06
85 1782.06 1782.06
86 1782.06 1782.06
87 1782.06 1782.06
88 1782.06 1782.06
89 1782.06 1782.06
90 1782.06 1782.06
91 1782.06 1782.06
92 1782.06 1782.06
93 1782.06 1782.06
94 1782.06 1782.06
95 1782.06 1782.06
96 1782.06 1782.06
97 1782.06 1782.06
98 1782.06 1782.06
99 1782.06 1782.06
100 1782.06 1782.06
101 1782.06 1782.06
102 1782.06 1782.06
103 1782.06 1782.06
104 1782.06 1782.06
105 1782.06 1782.06
106 1782.06 1782.06
107 1782.06 1782.06
108 1782.06 1782.06
109 1782.06 1782.06
110 1782.06 1782.06
111 1782.06 1782.06
112 1782.06 1782.06
113 1782.06 1782.06
114 1782.06 1782.06
115 1782.06 1782.06
116 1782.06 1782.06
117 1782.06 1782.06
118 1782.06 1782.06
119 1782.06 1782.06
120 1782.06 1782.06
121 1782.06 1782.06
122 1782.06 1782.06
123 1782.06 1782.06
124 1782.06 1782.06
125 1782.06 1782.06
126 1782.06 1782.06
127 1782.06 1782.06
128 1782.06 1782.06
129 1782.06 1782.06
130 1782.06 1782.06
131 1782.06 1782.06
132 1782.06 1782.06
133 1782.06 1782.06
134 1782.06 1782.06
135 1782.06 1782.06
136 1782.06 1782.06
137 1782.06 1782.06
138 1782.06 1782.06
139 1782.06 1782.06
140 1782.06 1782.06
141 1782.06 1782.06
142 1782.06 1782.06
143 1782.06 1782.06
144 1782.06 1782.06
145 1782.06 1782.06
146 1782.06 1782.06
147 1782.06 1782.06
148 1782.06 1782.06
149 1782.06 1782.06
150 1782.06 1782.06
151 1782.06 1782.06
152 1782.06 1782.06
153 1782.06 1782.06
154 1782.06 1782.06
155 1782.06 1782.06
156 1782.06 1782.06
157 1782.06 1782.06
158 1782.06 1782.06
159 1782.06 1782.06
160 1782.06 1782.06
161 1782.06 1782.06
162 1782.06 1782.06
163 1782.06 1782.06
164 1782.06 1782.06
165 1782.06 1782.06
166 1782.06 1782.06
167 1782.06 1782.06
168 1782.06 1782.06
169 1782.06 1782.06
170 1782.06 1782.06
171 1782.06 1782.06
172 1782.06 1782.06
173 1782.06 1782.06
174 1782.06 1782.06
175 1782.06 1782.06
176 1782.06 1782.06
177 1782.06 1782.06
178 1782.06 1782.06
179 1782.06 1782.06
180 1782.06 1782.06
181 1782.06 1782.06
182 1782.06 1782.06
183 1782.06 1782.06
184 1782.06 1782.06
185 1782.06 1782.06
186 1782.06 1782.06
187 1782.06 1782.06
188 1782.06 1782.06
189 1782.06 1782.06
190 1782.06 1782.06
191 1782.06 1782.06
192 1782.06 1782.06
193 1782.06 1782.06
194 1782.06 1782.06
195 1782.06 1782.06
196 1782.06 1782.06
197 1782.06 1782.06
198 1782.06 1782.06
199 1782.06 1782.06
200 1782.06 1782.06
201 1782.06 1782.06
202 1782.06 1782.06
203 1782.06 1782.06
204 1782.06 1782.06
205 1782.06 1782.06
206 1782.06 1782.06
207 1782.06 1782.06
208 1782.06 1782.06
209 1782.06 1782.06
210 1782.06 1782.06
211 1782.06 1782.06
212 1782.06 1782.06
213 1782.06 1782.06
214 1782.06 1782.06
215 1782.06 1782.06
216 1782.06 1782.06
217 1782.06 1782.06
218 1782.06 1782.06
219 1782.06 1782.06
220 1782.06 1782.06
221 1782.06 1782.06
222 1782.06 1782.06
223 1782.06 1782.06
224 1782.06 1782.06
225 1782.06 1782.06
226 1782.06 1782.06
227 1782.06 1782.06
228 1782.06 1782.06
229 1782.06 1782.06
230 1782.06 1782.06
231 1782.06 1782.06
232 1782.06 1782.06
233 1782.06 1782.06
234 1782.06 1782.06
235 1782.06 1782.06
236 1782.06 1782.06
237 1782.06 1782.06
238 1782.06 1782.06
239 1782.06 1782.06
240 1782.06 1782.06
241 1782.06 1782.06
242 1782.06 1782.06
243 1782.06 1782.06
244 1782.06 1782.06
245 1782.06 1782.06
246 1782.06 1782.06
247 1782.06 1782.06
248 1782.06 1782.06
249 1782.06 1782.06
250 1782.06 1782.06
251 1782.06 1782.06
252 1782.06 1782.06
253 1782.06 1782.06
254 1782.06 1782.06
255 1782.06 1782.06
256 1782.06 1782.06
257 1782.06 1782.06
258 1782.06 1782.06
259 1782.06 1782.06
260 1782.06 1782.06
261 1782.06 1782.06
262 1782.06 1782.06
263 1782.06 1782.06
264 1782.06 1782.06
265 1782.06 1782.06
266 1782.06 1782.06
267 1782.06 1782.06
268 1782.06 1782.06
269 1782.06 1782.06
270 1782.06 1782.06
271 1782.06 1782.06
272 1782.06 1782.06
273 1782.06 1782.06
274 1782.06 1782.06
275 1782.06 1782.06
276 1782.06 1782.06
277 1782.06 1782.06
278 1782.06 1782.06
279 1782.06 1782.06
280 1782.06 1782.06
281 1782.06 1782.06
282 1782.06 1782.06
283 1782.06 1782.06
284 1782.06 1782.06
285 1782.06 1782.06
286 1782.06 1782.06
287 1782.06 1782.06
288 1782.06 1782.06
289 1782.06 1782.06
290 1782.06 1782.06
291 1782.06 1782.06
292 1782.06 1782.06
293 1782.06 1782.06
294 1782.06 1782.06
295 1782.06 1782.06
296 1782.06 1782.06
297 1782.06 1782.06
298 1782.06 1782.06
299 1782.06 1782.06
300 1782.06 1782.06
301 1782.06 1782.06
302 1782.06 1782.06
303 1782.06 1782.06
304 1782.06 1782.06
305 1782.06 1782.06
306 1782.06 1782.06
307 1782.06 1782.06
308 1782.06 1782.06
309 1782.06 1782.06
310 1782.06 1782.06
311 1782.06 1782.06
312 1782.06 1782.06
313 1782.06 1782.06
314 1782.06 1782.06
315 1782.06 1782.06
316 1782.06 1782.06
317 1782.06 1782.06
318 1782.06 1782.06
319 1782.06 1782.06
320 1782.06 1782.06
321 1782.06 1782.06
322 1782.06 1782.06
323 1782.06 1782.06
324 1782.06 1782.06
325 1782.06 1782.06
326 1782.06 1782.06
327 1782.06 1782.06
328 1782.06 1782.06
329 1782.06 1782.06
330 1782.06 1782.06
331 1782.06 1782.06
332 1782.06 1782.06
333 1782.06 1782.06
334 1782.06 1782.06
335 1782.06 1782.06
336 1782.06 1782.06
337 1782.06 1782.06
338 1782.06 1782.06
339 1782.06 1782.06
340 1782.06 1782.06
341 1782.06 1782.06
342 1782.06 1782.06
343 1782.06 1782.06
344 1782.06 1782.06
345 1782.06 1782.06
346 1782.06 1782.06
347 1782.06 1782.06
348 1782.06 1782.06
349 1782.06 1782.06
350 1782.06 1782.06
351 1782.06 1782.06
352 1782.06 1782.06
353 1782.06 1782.06
354 1782.06 1782.06
355 1782.06 1782.06
356 1782.06 1782.06
357 1782.06 1782.06
358 1782.06 1782.06
359 1782.06 1782.06
360 1782.06 1782.06
361 1782.06 1782.06
362 1782.06 1782.06
363 1782.06 1782.06
364 1782.06 1782.06
365 1782.06 1782.06
366 1782.06 1782.06
367 1782.06 1782.06
368 1782.06 1782.06
369 1782.06 1782.06
370 1782.06 1782.06
371 1782.06 1782.06
372 1782.06 1782.06
373 1782.06 1782.06
374 1782.06 1782.06
375 1782.06 1782.06
376 1782.06 1782.06
377 1782.06 1782.06
378 1782.06 1782.06
379 1782.06 1782.06
380 1782.06 1782.06
381 1782.06 1782.06
382 1782.06 1782.06
383 1782.06 1782.06
384 1782.06 1782.06
385 1782.06 1782.06
386 1782.06 1782.06
387 1782.06 1782.06
388 1782.06 1782.06
389 1782.06 1782.06
390 1782.06 1782.06
391 1782.06 1782.06
392 1782.06 1782.06
393 1782.06 1782.06
394 1782.06 1782.06
395 1782.06 1782.06
396 1782.06 1782.06
397 1782.06 1782.06
398 1782.06 1782.06
399 1782.06 1782.06
400 1782.06 1782.06
401 1782.06 1782.06
402 1782.06 1782.06
403 1782.06 1782.06
404 1782.06 1782.06
405 1782.06 1782.06
406 1782.06 1782.06
407 1782.06 1782.06
408 1782.06 1782.06
409 1782.06 1782.06
410 1782.06 1782.06
411 1782.06 1782.06
412 1782.06 1782.06
413 1782.06 1782.06
414 1782.06 1782.06
415 1782.06 1782.06
416 1782.06 1782.06
417 1782.06 1782.06
418 1782.06 1782.06
419 1782.06 1782.06
420 1782.06 1782.06
421 1782.06 1782.06
422 1782.06 1782.06
423 1782.06 1782.06
424 1782.06 1782.06
425 1782.06 1782.06
426 1782.06 1782.06
427 1782.06 1782.06
428 1782.06 1782.06
429 1782.06 1782.06
430 1782.06 1782.06
431 1782.06 1782.06
432 1782.06 1782.06
433 1782.06 1782.06
434 1782.06 1782.06
435 1782.06 1782.06
436 1782.06 1782.06
437 1782.06 1782.06
438 1782.06 1782.06
439 1782.06 1782.06
440 1782.06 1782.06
441 1782.06 1782.06
442 1782.06 1782.06
443 1782.06 1782.06
444 1782.06 1782.06
445 1782.06 1782.06
446 1782.06 1782.06
447 1782.06 1782.06
448 1782.06 1782.06
449 1782.06 1782.06
450 1782.06 1782.06
451 1782.06 1782.06
452 1782.06 1782.06
453 1782.06 1782.06
454 1782.06 1782.06
455 1782.06 1782.06
456 1782.06 1782.06
457 1782.06 1782.06
458 1782.06 1782.06
459 1782.06 1782.06
460 1782.06 1782.06
461 1782.06 1782.06
462 1782.06 1782.06
463 1782.06 1782.06
464 1782.06 1782.06
465 1782.06 1782.06
466 1782.06 1782.06
467 1782.06 1782.06
468 1782.06 1782.06
469 1782.06 1782.06
470 1782.06 1782.06
471 1782.06 1782.06
472 1782.06 1782.06
473 1782.06 1782.06
474 1782.06 1782.06
475 1782.06 1782.06
476 1782.06 1782.06
477 1782.06 1782.06
478 1782.06 1782.06
479 1782.06 1782.06
480 1782.06 1782.06
481 1782.06 1782.06
482 1782.06 1782.06
483 1782.06 1782.06
484 1782.06 1782.06
485 1782.06 1782.06
486 1782.06 1782.06
487 1782.06 1782.06
488 1782.06 1782.06
489 1782.06 1782.06
490 1782.06 1782.06
491 1782.06 1782.06
492 1782.06 1782.06
493 1782.06 1782.06
494 1782.06 1782.06
495 1782.06 1782.06
496 1782.06 1782.06
497 1782.06 1782.06
498 1782.06 1782.06
499 1782.06 1782.06
500 1782.06 1782.06
501 1782.06 1782.06
502 1782.06 1782.06
503 1782.06 1782.06
504 1782.06 1782.06
505 1782.06 1782.06
506 1782.06 1782.06
507 1782.06 1782.06
508 1782.06 1782.06
509 1782.06 1782.06
510 1782.06 1782.06
511 1782.06 1782.06
512 1782.06 1782.06
513 1782.06 1782.06
514 1782.06 1782.06
515 1782.06 1782.06
516 1782.06 1782.06
517 1782.06 1782.06
518 1782.06 1782.06
519 1782.06 1782.06
520 1782.06 1782.06
521 1782.06 1782.06
522 1782.06 1782.06
523 1782.06 1782.06
524 1782.06 1782.06
525 1782.06 1782.06
526 1782.06 1782.06
527 1782.06 1782.06
528 1782.06 1782.06
529 1782.06 1782.06
530 1782.06 1782.06
531 1782.06 1782.06
532 1782.06 1782.06
533 1782.06 1782.06
534 1782.06 1782.06
535 1782.06 1782.06
536 1782.06 1782.06
537 1782.06 1782.06
538 1782.06 1782.06
539 1782.06 1782.06
540 1782.06 1782.06
541 1782.06 1782.06
542 1782.06 1782.06
543 1782.06 1782.06
544 1782.06 1782.06
545 1782.06 1782.06
546 1782.06 1782.06
547 1782.06 1782.06
548 1782.06 1782.06
549 1782.06 1782.06
550 1782.06 1782.06
551 1782.06 1782.06
552 1782.06 1782.06
553 1782.06 1782.06
554 1782.06 1782.06
555 1782.06 1782.06
556 1782.06 1782.06
557 1782.06 1782.06
558 1782.06 1782.06
559 1782.06 1782.06
560 1782.06 1782.06
561 1782.06 1782.06
562 1782.06 1782.06
563 1782.06 1782.06
564 1782.06 1782.06
565 1782.06 1782.06
566 1782.06 1782.06
567 1782.06 1782.06
568 1782.06 1782.06
569 1782.06 1782.06
570 1782.06 1782.06
571 1782.06 1782.06
572 1782.06 1782.06
573 1782.06 1782.06
574 1782.06 1782.06
575 1782.06 1782.06
576 1782.06 1782.06
577 1782.06 1782.06
578 1782.06 1782.06
579 1782.06 1782.06
580 1782.06 1782.06
581 1782.06 1782.06
582 1782.06 1782.06
583 1782.06 1782.06
584 1782.06 1782.06
585 1782.06 1782.06
586 1782.06 1782.06
587 1782.06 1782.06
588 1782.06 1782.06
589 1782.06 1782.06
590 1782.06 1782.06
591 1782.06 1782.06
592 1782.06 1782.06
593 1782.06 1782.06
594 1782.06 1782.06
595 1782.06 1782.06
596 1782.06 1782.06
597 1782.06 1782.06
598 1782.06 1782.06
599 1782.06 1782.06
600 1782.06 1782.06
601 1782.06 1782.06
602 1782.06 1782.06
603 1782.06 1782.06
604 1782.06 1782.06
605 1782.06 1782.06
606 1782.06 1782.06
607 1782.06 1782.06
608 1782.06 1782.06
609 1782.06 1782.06
610 1782.06 1782.06
611 1782.06 1782.06
612 1782.06 1782.06
613 1782.06 1782.06
614 1782.06 1782.06
615 1782.06 1782.06
616 1782.06 1782.06
617 1782.06 1782.06
618 1782.06 1782.06
619 1782.06 1782.06
620 1782.06 1782.06
621 1782.06 1782.06
622 1782.06 1782.06
623 1782.06 1782.06
624 1782.06 1782.06
625 1782.06 1782.06
626 1782.06 1782.06
627 1782.06 1782.06
628 1782.06 1782.06
629 1782.06 1782.06
630 1782.06 1782.06
631 1782.06 1782.06
632 1782.06 1782.06
633 1782.06 1782.06
634 1782.06 1782.06
635 1782.06 1782.06
636 1782.06 1782.06
637 1782.06 1782.06
638 1782.06 1782.06
639 1782.06 1782.06
640 1782.06 1782.06
641 1782.06 1782.06
642 1782.06 1782.06
643 1782.06 1782.06
644 1782.06 1782.06
645 1782.06 1782.06
646 1782.06 1782.06
647 1782.06 1782.06
648 1782.06 1782.06
649 1782.06 1782.06
650 1782.06 1782.06
651 1782.06 1782.06
652 1782.06 1782.06
653 1782.06 1782.06
654 1782.06 1782.06
655 1782.06 1782.06
656 1782.06 1782.06
657 1782.06 1782.06
658 1782.06 1782.06
659 1782.06 1782.06
660 1782.06 1782.06
661 1782.06 1782.06
662 1782.06 1782.06
663 1782.06 1782.06
664 1782.06 1782.06
665 1782.06 1782.06
666 1782.06 1782.06
667 1782.06 1782.06
668 1782.06 1782.06
669 1782.06 1782.06
670 1782.06 1782.06
671 1782.06 1782.06
672 1782.06 1782.06
673 1782.06 1782.06
674 1782.06 1782.06
675 1782.06 1782.06
676 1782.06 1782.06
677 1782.06 1782.06
678 1782.06 1782.06
679 1782.06 1782.06
680 1782.06 1782.06
681 1782.06 1782.06
682 1782.06 1782.06
683 1782.06 1782.06
684 1782.06 1782.06
685 1782.06 1782.06
686 1782.06 1782.06
687 1782.06 1782.06
688 1782.06 1782.06
689 1782.06 1782.06
690 1782.06 1782.06
691 1782.06 1782.06
692 1782.06 1782.06
693 1782.06 1782.06
694 1782.06 1782.06
695 1782.06 1782.06
696 1782.06 1782.06
697 1782.06 1782.06
698 1782.06 1782.06
699 1782.06 1782.06
700 1782.06 1782.06
701 1782.06 1782.06
702 1782.06 1782.06
703 1782.06 1782.06
704 1782.06 1782.06
705 1782.06 1782.06
706 1782.06 1782.06
707 1782.06 1782.06
708 1782.06 1782.06
709 1782.06 1782.06
710 1782.06 1782.06
711 1782.06 1782.06
712 1782.06 1782.06
713 1782.06 1782.06
714 1782.06 1782.06
715 1782.06 1782.06
716 1782.06 1782.06
717 1782.06 1782.06
718 1782.06 1782.06
719 1782.06 1782.06
720 1782.06 1782.06
721 1782.06 1782.06
722 1782.06 1782.06
723 1782.06 1782.06
724 1782.06 1782.06
725 1782.06 1782.06
726 1782.06 1782.06
727 1782.06 1782.06
728 1782.06 1782.06
729 1782.06 1782.06
730 1782.06 1782.06
731 1782.06 1782.06
732 1782.06 1782.06
733 1782.06 1782.06
734 1782.06 1782.06
735 1782.06 1782.06
736 1782.06 1782.06
737 1782.06 1782.06
738 1782.06 1782.06
739 1782.06 1782.06
740 1782.06 1782.06
741 1782.06 1782.06
742 1782.06 1782.06
743 1782.06 1782.06
744 1782.06 1782.06
745 1782.06 1782.06
746 1782.06 1782.06
747 1782.06 1782.06
748 1782.06 1782.06
749 1782.06 1782.06
750 1782.06 1782.06
751 1782.06 1782.06
752 1782.06 1782.06
753 1782.06 1782.06
754 1782.06 1782.06
755 1782.06 1782.06
756 1782.06 1782.06
757 1782.06 1782.06
758 1782.06 1782.06
759 1782.06 1782.06
760 1782.06 1782.06
761 1782.06 1782.06
762 1782.06 1782.06
763 1782.06 1782.06
764 1782.06 1782.06
765 1782.06 1782.06
766 1782.06 1782.06
767 1782.06 1782.06
768 1782.06 1782.06
769 1782.06 1782.06
770 1782.06 1782.06
771 1782.06 1782.06
772 1782.06 1782.06
773 1782.06 1782.06
774 1782.06 1782.06
775 1782.06 1782.06
776 1782.06 1782.06
777 1782.06 1782.06
778 1782.06 1782.06
779 1782.06 1782.06
780 1782.06 1782.06
781 1782.06 1782.06
782 1782.06 1782.06
783 1782.06 1782.06
784 1782.06 1782.06
785 1782.06 1782.06
786 1782.06 1782.06
787 1782.06 1782.06
788 1782.06 1782.06
789 1782.06 1782.06
790 1782.06 1782.06
791 1782.06 1782.06
792 1782.06 1782.06
793 1782.06 1782.06
794 1782.06 1782.06
795 1782.06 1782.06
796 1782.06 1782.06
797 1782.06 1782.06
798 1782.06 1782.06
799 1782.06 1782.06
800 1782.06 1782.06
801 1782.06 1782.06
802 1782.06 1782.06
803 1782.06 1782.06
804 1782.06 1782.06
805 1782.06 1782.06
806 1782.06 1782.06
807 1782.06 1782.06
808 1782.06 1782.06
809 1782.06 1782.06
810 1782.06 1782.06
811 1782.06 1782.06
812 1782.06 1782.06
813 1782.06 1782.06
814 1782.06 1782.06
815 1782.06 1782.06
816 1782.06 1782.06
817 1782.06 1782.06
818 1782.06 1782.06
819 1782.06 1782.06
820 1782.06 1782.06
821 1782.06 1782.06
822 1782.06 1782.06
823 1782.06 1782.06
824 1782.06 1782.06
825 1782.06 1782.06
826 1782.06 1782.06
827 1782.06 1782.06
828 1782.06 1782.06
829 1782.06 1782.06
830 1782.06 1782.06
831 1782.06 1782.06
832 1782.06 1782.06
833 1782.06 1782.06
834 1782.06 1782.06
835 1782.06 1782.06
836 1782.06 1782.06
837 1782.06 1782.06
838 1782.06 1782.06
839 1782.06 1782.06
840 1782.06 1782.06
841 1782.06 1782.06
842 1782.06 1782.06
843 1782.06 1782.06
844 1782.06 1782.06
845 1782.06 1782.06
846 1782.06 1782.06
847 1782.06 1782.06
848 1782.06 1782.06
849 1782.06 1782.06
850 1782.06 1782.06
851 1782.06 1782.06
852 1782.06 1782.06
853 1782.06 1782.06
854 1782.06 1782.06
855 1782.06 1782.06
856 1782.06 1782.06
857 1782.06 1782.06
858 1782.06 1782.06
859 1782.06 1782.06
860 1782.06 1782.06
861 1782.06 1782.06
862 1782.06 1782.06
863 1782.06 1782.06
864 1782.06 1782.06
865 1782.06 1782.06
866 1782.06 1782.06
867 1782.06 1782.06
868 1782.06 1782.06
869 1782.06 1782.06
870 1782.06 1782.06
871 1782.06 1782.06
872 1782.06 1782.06
873 1782.06 1782.06
874 1782.06 1782.06
875 1782.06 1782.06
876 1782.06 1782.06
877 1782.06 1782.06
878 1782.06 1782.06
879 1782.06 1782.06
880 1782.06 1782.06
881 1782.06 1782.06
882 1782.06 1782.06
883 1782.06 1782.06
884 1782.06 1782.06
885 1782.06 1782.06
886 1782.06 1782.06
887 1782.06 1782.06
888 1782.06 1782.06
889 1782.06 1782.06
890 1782.06 1782.06
891 1782.06 1782.06
892 1782.06 1782.06
893 1782.06 1782.06
894 1782.06 1782.06
895 1782.06 1782.06
896 1782.06 1782.06
897 1782.06 1782.06
898 1782.06 1782.06
899 1782.06 1782.06
900 1782.06 1782.06
901 1782.06 1782.06
902 1782.06 1782.06
903 1782.06 1782.06
904 1782.06 1782.06
905 1782.06 1782.06
906 1782.06 1782.06
907 1782.06 1782.06
908 1782.06 1782.06
909 1782.06 1782.06
910 1782.06 1782.06
911 1782.06 1782.06
912 1782.06 1782.06
913 1782.06 1782.06
914 1782.06 1782.06
915 1782.06 1782.06
916 1782.06 1782.06
917 1782.06 1782.06
918 1782.06 1782.06
919 1782.06 1782.06
920 1782.06 1782.06
921 1782.06 1782.06
922 1782.06 1782.06
923 1782.06 1782.06
924 1782.06 1782.06
925 1782.06 1782.06
926 1782.06 1782.06
927 1782.06 1782.06
928 1782.06 1782.06
929 1782.06 1782.06
930 1782.06 1782.06
931 1782.06 1782.06
932 1782.06 1782.06
933 1782.06 1782.06
934 1782.06 1782.06
935 1782.06 1782.06
936 1782.06 1782.06
937 1782.06 1782.06
938 1782.06 1782.06
939 1782.06 1782.06
940 1782.06 1782.06
941 1782.06 1782.06
942 1782.06 1782.06
943 1782.06 1782.06
944 1782.06 1782.06
945 1782.06 1782.06
946 1782.06 1782.06
947 1782.06 1782.06
948 1782.06 1782.06
949 1782.06 1782.06
950 1782.06 1782.06
951 1782.06 1782.06
952 1782.06 1782.06
953 1782.06 1782.06
954 1782.06 1782.06
955 1782.06 1782.06
956 1782.06 1782.06
957 1782.06 1782.06
958 1782.06 1782.06
959 1782.06 1782.06
960 1782.06 1782.06
961 1782.06 1782.06
962 1782.06 1782.06
963 1782.06 1782.06
964 1782.06 1782.06
965 1782.06 1782.06
966 1782.06 1782.06
967 1782.06 1782.06
968 1782.06 1782.06
969 1782.06 1782.06
970 1782.06 1782.06
971 1782.06 1782.06
972 1782.06 1782.06
973 1782.06 1782.06
974 1782.06 1782.06
975 1782.06 1782.06
976 1782.06 1782.06
977 1782.06 1782.06
978 1782.06 1782.06
979 1782.06 1782.06
980 1782.06 1782.06
981 1782.06 1782.06
982 1782.06 1782.06
983 1782.06 1782.06
984 1782.06 1782.06
985 1782.06 1782.06
986 1782.06 1782.06
987 1782.06 1782.06
988 1782.06 1782.06
989 1782.06 1782.06
990 1782.06 1782.06
991 1782.06 1782.06
992 1782.06 1782.06
993 1782.06 1782.06
994 1782.06 1782.06
995 1782.06 1782.06
996 1782.06 1782.06
997 1782.06 1782.06
998 1782.06 1782.06
999 1782.06 1782.06
1000 1782.06 1782.06
1001 1782.06 1782.06
1002 1782.06 1782.06
1003 1782.06 1782.06
1004 1782.06 1782.06
1005 1782.06 1782.06
1006 1782.06 1782.06
1007 1782.06 1782.06
1008 1782.06 1782.06
1009 1782.06 1782.06
1010 1782.06 1782.06
1011 1782.06 1782.06
1012 1782.06 1782.06
1013 1782.06 1782.06
1014 1782.06 1782.06
1015 1782.06 1782.06
1016 1782.06 1782.06
1017 1782.06 1782.06
1018 1782.06 1782.06
1019 1782.06 1782.06
1020 1782.06 1782.06
1021 1782.06 1782.06
1022 1782.06 1782.06
1023 1782.06 1782.06
1024 1782.06 1782.06
1025 1782.06 1782.06
1026 1782.06 1782.06
1027 1782.06 1782.06
1028 1782.06 1782.06
1029 1782.06 1782.06
1030 1782.06 1782.06
1031 1782.06 1782.06
1032 1782.06 1782.06
1033 1782.06 1782.06
1034 1782.06 1782.06
1035 1782.06 1782.06
1036 1782.06 1782.06
1037 1782.06 1782.06
1038 1782.06 1782.06
1039 1782.06 1782.06
1040 1782.06 1782.06
1041 1782.06 1782.06
1042 1782.06 1782.06
1043 1782.06 1782.06
1044 1782.06 1782.06
1045 1782.06 1782.06
1046 1782.06 1782.06
1047 1782.06 1782.06
1048 1782.06 1782.06
1049 1782.06 1782.06
1050 1782.06 1782.06
1051 1782.06 1782.06
1052 1782.06 1782.06
1053 1782.06 1782.06
1054 1782.06 1782.06
1055 1782.06 1782.06
1056 1782.06 1782.06
1057 1782.06 1782.06
1058 1782.06 1782.06
1059 1782.06 1782.06
1060 1782.06 1782.06
1061 1782.06 1782.06
1062 1782.06 1782.06
1063 1782.06 1782.06
1064 1782.06 1782.06
1065 1782.06 1782.06
1066 1782.06 1782.06
1067 1782.06 1782.06
1068 1782.06 1782.06
1069 1782.06 1782.06
1070 1782.06 1782.06
1071 1782.06 1782.06
1072 1782.06 1782.06
1073 1782.06 1782.06
1074 1782.06 1782.06
1075 1782.06 1782.06
1076 1782.06 1782.06
1077 1782.06 1782.06
1078 1782.06 1782.06
1079 1782.06 1782.06
1080 1782.06 1782.06
1081 1782.06 1782.06
1082 1782.06 1782.06
1083 1782.06 1782.06
1084 1782.06 1782.06
1085 1782.06 1782.06
1086 1782.06 1782.06
1087 1782.06 1782.06
1088 1782.06 1782.06
1089 1782.06 1782.06
1090 1782.06 1782.06
1091 1782.06 1782.06
1092 1782.06 1782.06
1093 1782.06 1782.06
1094 1782.06 1782.06
1095 1782.06 1782.06
1096 1782.06 1782.06
1097 1782.06 1782.06
1098 1782.06 1782.06
1099 1782.06 1782.06
1100 1782.06 1782.06
1101 1782.06 1782.06
1102 1782.06 1782.06
1103 1782.06 1782.06
1104 1782.06 1782.06
1105 1782.06 1782.06
1106 1782.06 1782.06
1107 1782.06 1782.06
1108 1782.06 1782.06
1109 1782.06 1782.06
1110 1782.06 1782.06
1111 1782.06 1782.06
1112 1782.06 1782.06
1113 1782.06 1782.06
1114 1782.06 1782.06
1115 1782.06 1782.06
1116 1782.06 1782.06
1117 1782.06 1782.06
1118 1782.06 1782.06
1119 1782.06 1782.06
1120 1782.06 1782.06
1121 1782.06 1782.06
1122 1782.06 1782.06
1123 1782.06 1782.06
1124 1782.06 1782.06
1125 1782.06 1782.06
1126 1782.06 1782.06
1127 1782.06 1782.06
1128 1782.06 1782.06
1129 1782.06 1782.06
1130 1782.06 1782.06
1131 1782.06 1782.06
1132 1782.06 1782.06
1133 1782.06 1782.06
1134 1782.06 1782.06
1135 1782.06 1782.06
1136 1782.06 1782.06
1137 1782.06 1782.06
1138 1782.06 1782.06
1139 1782.06 1782.06
1140 1782.06 1782.06
1141 1782.06 1782.06
1142 1782.06 1782.06
1143 1782.06 1782.06
1144 1782.06 1782.06
1145 1782.06 1782.06
1146 1782.06 1782.06
1147 1782.06 1782.06
1148 1782.06 1782.06
1149 1782.06 1782.06
1150 1782.06 1782.06
1151 1782.06 1782.06
1152 1782.06 1782.06
1153 1782.06 1782.06
1154 1782.06 1782.06
1155 1782.06 1782.06
1156 1782.06 1782.06
1157 1782.06 1782.06
1158 1782.06 1782.06
1159 1782.06 1782.06
1160 1782.06 1782.06
1161 1782.06 1782.06
1162 1782.06 1782.06
1163 1782.06 1782.06
1164 1782.06 1782.06
1165 1782.06 1782.06
1166 1782.06 1782.06
1167 1782.06 1782.06
1168 1782.06 1782.06
1169 1782.06 1782.06
1170 1782.06 1782.06
1171 1782.06 1782.06
1172 1782.06 1782.06
1173 1782.06 1782.06
1174 1782.06 1782.06
1175 1782.06 1782.06
1176 1782.06 1782.06
1177 1782.06 1782.06
1178 1782.06 1782.06
1179 1782.06 1782.06
1180 1782.06 1782.06
1181 1782.06 1782.06
1182 1782.06 1782.06
1183 1782.06 1782.06
1184 1782.06 1782.06
1185 1782.06 1782.06
1186 1782.06 1782.06
1187 1782.06 1782.06
1188 1782.06 1782.06
1189 1782.06 1782.06
1190 1782.06 1782.06
1191 1782.06 1782.06
1192 1782.06 1782.06
1193 1782.06 1782.06
1194 1782.06 1782.06
1195 1782.06 1782.06
1196 1782.06 1782.06
1197 1782.06 1782.06
1198 1782.06 1782.06
1199 1782.06 1782.06
1200 1782.06 1782.06
1201 1782.06 1782.06
1202 1782.06 1782.06
1203 1782.06 1782.06
1204 1782.06 1782.06
1205 1782.06 1782.06
1206 1782.06 1782.06
1207 1782.06 1782.06
1208 1782.06 1782.06
1209 1782.06 1782.06
1210 1782.06 1782.06
1211 1782.06 1782.06
1212 1782.06 1782.06
1213 1782.06 1782.06
1214 1782.06 1782.06
1215 1782.06 1782.06
1216 1782.06 1782.06
1217 1782.06 1782.06
1218 1782.06 1782.06
1219 1782.06 1782.06
1220 1782.06 1782.06
1221 1782.06 1782.06
1222 1782.06 1782.06
1223 1782.06 1782.06
1224 1782.06 1782.06
1225 1782.06 1782.06
1226 1782.06 1782.06
1227 1782.06 1782.06
1228 1782.06 1782.06
1229 1782.06 1782.06
1230 1782.06 1782.06
1231 1782.06 1782.06
1232 1782.06 1782.06
1233 1782.06 1782.06
1234 1782.06 1782.06
1235 1782.06 1782.06
1236 1782.06 1782.06
1237 1782.06 1782.06
1238 1782.06 1782.06
1239 1782.06 1782.06
1240 1782.06 1782.06
1241 1782.06 1782.06
1242 1782.06 1782.06
1243 1782.06 1782.06
1244 1782.06 1782.06
1245 1782.06 1782.06
1246 1782.06 1782.06
1247 1782.06 1782.06
1248 1782.06 1782.06
1249 1782.06 1782.06
1250 1782.06 1782.06
1251 1782.06 1782.06
1252 1782.06 1782.06
1253 1782.06 1782.06
1254 1782.06 1782.06
1255 1782.06 1782.06
1256 1782.06 1782.06
1257 1782.06 1782.06
1258 1782.06 1782.06
1259 1782.06 1782.06
1260 1782.06 1782.06
1261 1782.06 1782.06
1262 1782.06 1782.06
1263 1782.06 1782.06
1264 1782.06 1782.06
1265 1782.06 1782.06
1266 1782.06 1782.06
1267 1782.06 1782.06
1268 1782.06 1782.06
1269 1782.06 1782.06
1270 1782.06 1782.06
1271 1782.06 1782.06
1272 1782.06 1782.06
1273 1782.06 1782.06
1274 1782.06 1782.06
1275 1782.06 1782.06
1276 1782.06 1782.06
1277 1782.06 1782.06
1278 1782.06 1782.06
1279 1782.06 1782.06
1280 1782.06 1782.06
1281 1782.06 1782.06
1282 1782.06 1782.06
1283 1782.06 1782.06
1284 1782.06 1782.06
1285 1782.06 1782.06
1286 1782.06 1782.06
1287 1782.06 1782.06
1288 1782.06 1782.06
1289 1782.06 1782.06
1290 1782.06 1782.06
1291 1782.06 1782.06
1292 1782.06 1782.06
1293 1782.06 1782.06
1294 1782.06 1782.06
1295 1782.06 1782.06
1296 1782.06 1782.06
1297 1782.06 1782.06
1298 1782.06 1782.06
1299 1782.06 1782.06
1300 1782.06 1782.06
1301 1782.06 1782.06
1302 1782.06 1782.06
1303 1782.06 1782.06
1304 1782.06 1782.06
1305 1782.06 1782.06
1306 1782.06 1782.06
1307 1782.06 1782.06
1308 1782.06 1782.06
1309 1782.06 1782.06
1310 1782.06 1782.06
1311 1782.06 1782.06
1312 1782.06 1782.06
1313 1782.06 1782.06
1314 1782.06 1782.06
1315 1782.06 1782.06
1316 1782.06 1782.06
1317 1782.06 1782.06
1318 1782.06 1782.06
1319 1782.06 1782.06
1320 1782.06 1782.06
1321 1782.06 1782.06
1322 1782.06 1782.06
1323 1782.06 1782.06
1324 1782.06 1782.06
1325 1782.06 1782.06
1326 1782.06 1782.06
1327 1782.06 1782.06
1328 1782.06 1782.06
1329 1782.06 1782.06
1330 1782.06 1782.06
1331 1782.06 1782.06
1332 1782.06 1782.06
1333 1782.06 1782.06
1334 1782.06 1782.06
1335 1782.06 1782.06
1336 1782.06 1782.06
1337 1782.06 1782.06
1338 1782.06 1782.06
1339 1782.06 1782.06
1340 1782.06 1782.06
1341 1782.06 1782.06
1342 1782.06 1782.06
1343 1782.06 1782.06
1344 1782.06 1782.06
1345 1782.06 1782.06
1346 1782.06 1782.06
1347 1782.06 1782.06
1348 1782.06 1782.06
1349 1782.06 1782.06
1350 1782.06 1782.06
1351 1782.06 1782.06
1352 1782.06 1782.06
1353 1782.06 1782.06
1354 1782.06 1782.06
1355 1782.06 1782.06
1356 1782.06 1782.06
1357 1782.06 1782.06
1358 1782.06 1782.06
1359 1782.06 1782.06
1360 1782.06 1782.06
1361 1782.06 1782.06
1362 1782.06 1782.06
1363 1782.06 1782.06
1364 1782.06 1782.06
1365 1782.06 1782.06
1366 1782.06 1782.06
1367 1782.06 1782.06
1368 1782.06 1782.06
1369 1782.06 1782.06
1370 1782.06 1782.06
1371 1782.06 1782.06
1372 1782.06 1782.06
1373 1782.06 1782.06
1374 1782.06 1782.06
1375 1782.06 1782.06
1376 1782.06 1782.06
1377 1782.06 1782.06
1378 1782.06 1782.06
1379 1782.06 1782.06
1380 1782.06 1782.06
1381 1782.06 1782.06
1382 1782.06 1782.06
1383 1782.06 1782.06
1384 1782.06 1782.06
1385 1782.06 1782.06
1386 1782.06 1782.06
1387 1782.06 1782.06
1388 1782.06 1782.06
1389 1782.06 1782.06
1390 1782.06 1782.06
1391 1782.06 1782.06
1392 1782.06 1782.06
1393 1782.06 1782.06
1394 1782.06 1782.06
1395 1782.06 1782.06
1396 1782.06 1782.06
1397 1782.06 1782.06
1398 1782.06 1782.06
1399 1782.06 1782.06
1400 1782.06 1782.06
1401 1782.06 1782.06
1402 1782.06 1782.06
1403 1782.06 1782.06
1404 1782.06 1782.06
1405 1782.06 1782.06
1406 1782.06 1782.06
1407 1782.06 1782.06
1408 1782.06 1782.06
1409 1782.06 1782.06
1410 1782.06 1782.06
1411 1782.06 1782.06
1412 1782.06 1782.06
1413 1782.06 1782.06
1414 1782.06 1782.06
1415 1782.06 1782.06
1416 1782.06 1782.06
1417 1782.06 1782.06
1418 1782.06 1782.06
1419 1782.06 1782.06
1420 1782.06 1782.06
1421 1782.06 1782.06
1422 1782.06 1782.06
1423 1782.06 1782.06
1424 1782.06 1782.06
1425 1782.06 1782.06
1426 1782.06 1782.06
1427 1782.06 1782.06
1428 1782.06 1782.06
1429 1782.06 1782.06
1430 1782.06 1782.06
1431 1782.06 1782.06
1432 1782.06 1782.06
1433 1782.06 1782.06
1434 1782.06 1782.06
1435 1782.06 1782.06
1436 1782.06 1782.06
1437 1782.06 1782.06
1438 1782.06 1782.06
1439 1782.06 1782.06
1440 1782.06 1782.06
1441 1782.06 1782.06
1442 1782.06 1782.06
1443 1782.06 1782.06
1444 1782.06 1782.06
1445 1782.06 1782.06
1446 1782.06 1782.06
1447 1782.06 1782.06
1448 1782.06 1782.06
1449 1782.06 1782.06
1450 1782.06 1782.06
1451 1782.06 1782.06
1452 1782.06 1782.06
1453 1782.06 1782.06
1454 1782.06 1782.06
1455 1782.06 1782.06
1456 1782.06 1782.06
1457 1782.06 1782.06
1458 1782.06 1782.06
1459 1782.06 1782.06
1460 1782.06 1782.06
1461 1782.06 1782.06
1462 1782.06 1782.06
1463 1782.06 1782.06
1464 1782.06 1782.06
1465 1782.06 1782.06
1466 1782.06 1782.06
1467 1782.06 1782.06
1468 1782.06 1782.06
1469 1782.06 1782.06
1470 1782.06 1782.06
1471 1782.06 1782.06
1472 1782.06 1782.06
1473 1782.06 1782.06
1474 1782.06 1782.06
1475 1782.06 1782.06
1476 1782.06 1782.06
1477 1782.06 1782.06
1478 1782.06 1782.06
1479 1782.06 1782.06
1480 1782.06 1782.06
1481 1782.06 1782.06
1482 1782.06 1782.06
1483 1782.06 1782.06
1484 1782.06 1782.06
1485 1782.06 1782.06
1486 1782.06 1782.06
1487 1782.06 1782.06
1488 1782.06 1782.06
1489 1782.06 1782.06
1490 1782.06 1782.06
1491 1782.06 1782.06
1492 1782.06 1782.06
1493 1782.06 1782.06
1494 1782.06 1782.06
1495 1782.06 1782.06
1496 1782.06 1782.06
1497 1782.06 1782.06
1498 1782.06 1782.06
1499 1782.06 1782.06
1500 1782.06 1782.06
1501 1782.06 1782.06
1502 1782.06 1782.06
1503 1782.06 1782.06
1504 1782.06 1782.06
1505 1782.06 1782.06
1506 1782.06 1782.06
1507 1782.06 1782.06
1508 1782.06 1782.06
1509 1782.06 1782.06
1510 1782.06 1782.06
1511 1782.06 1782.06
1512 1782.06 1782.06
1513 1782.06 1782.06
1514 1782.06 1782.06
1515 1782.06 1782.06
1516 1782.06 1782.06
1517 1782.06 1782.06
1518 1782.06 1782.06
1519 1782.06 1782.06
1520 1782.06 1782.06
1521 1782.06 1782.06
1522 1782.06 1782.06
1523 1782.06 1782.06
1524 1782.06 1782.06
1525 1782.06 1782.06
1526 1782.06 1782.06
1527 1782.06 1782.06
1528 1782.06 1782.06
1529 1782.06 1782.06
1530 1782.06 1782.06
1531 1782.06 1782.06
1532 1782.06 1782.06
1533 1782.06 1782.06
1534 1782.06 1782.06
1535 1782.06 1782.06
1536 1782.06 1782.06
1537 1782.06 1782.06
1538 1782.06 1782.06
1539 1782.06 1782.06
1540 1782.06 1782.06
1541 1782.06 1782.06
1542 1782.06 1782.06
1543 1782.06 1782.06
1544 1782.06 1782.06
1545 1782.06 1782.06
1546 1782.06 1782.06
1547 1782.06 1782.06
1548 1782.06 1782.06
1549 1782.06 1782.06
1550 1782.06 1782.06
1551 1782.06 1782.06
1552 1782.06 1782.06
1553 1782.06 1782.06
1554 1782.06 1782.06
1555 1782.06 1782.06
1556 1782.06 1782.06
1557 1782.06 1782.06
1558 1782.06 1782.06
1559 1782.06 1782.06
1560 1782.06 1782.06
1561 1782.06 1782.06
1562 1782.06 1782.06
1563 1782.06 1782.06
1564 1782.06 1782.06
1565 1782.06 1782.06
1566 1782.06 1782.06
1567 1782.06 1782.06
1568 1782.06 1782.06
1569 1782.06 1782.06
1570 1782.06 1782.06
1571 1782.06 1782.06
1572 1782.06 1782.06
1573 1782.06 1782.06
1574 1782.06 1782.06
1575 1782.06 1782.06
1576 1782.06 1782.06
1577 1782.06 1782.06
1578 1782.06 1782.06
1579 1782.06 1782.06
1580 1782.06 1782.06
1581 1782.06 1782.06
1582 1782.06 1782.06
1583 1782.06 1782.06
1584 1782.06 1782.06
1585 1782.06 1782.06
1586 1782.06 1782.06
1587 1782.06 1782.06
1588 1782.06 1782.06
1589 1782.06 1782.06
1590 1782.06 1782.06
1591 1782.06 1782.06
1592 1782.06 1782.06
1593 1782.06 1782.06
1594 1782.06 1782.06
1595 1782.06 1782.06
1596 1782.06 1782.06
1597 1782.06 1782.06
1598 1782.06 1782.06
1599 1782.06 1782.06
1600 1782.06 1782.06
1601 1782.06 1782.06
1602 1782.06 1782.06
1603 1782.06 1782.06
1604 1782.06 1782.06
1605 1782.06 1782.06
1606 1782.06 1782.06
1607 1782.06 1782.06
1608 1782.06 1782.06
1609 1782.06 1782.06
1610 1782.06 1782.06
1611 1782.06 1782.06
1612 1782.06 1782.06
1613 1782.06 1782.06
1614 1782.06 1782.06
1615 1782.06 1782.06
1616 1782.06 1782.06
1617 1782.06 1782.06
1618 1782.06 1782.06
1619 1782.06 1782.06
1620 1782.06 1782.06
1621 1782.06 1782.06
1622 1782.06 1782.06
1623 1782.06 1782.06
1624 1782.06 1782.06
1625 1782.06 1782.06
1626 1782.06 1782.06
1627 1782.06 1782.06
1628 1782.06 1782.06
1629 1782.06 1782.06
1630 1782.06 1782.06
1631 1782.06 1782.06
1632 1782.06 1782.06
1633 1782.06 1782.06
1634 1782.06 1782.06
1635 1782.06 1782.06
1636 1782.06 1782.06
1637 1782.06 1782.06
1638 1782.06 1782.06
1639 1782.06 1782.06
1640 1782.06 1782.06
1641 1782.06 1782.06
1642 1782.06 1782.06
1643 1782.06 1782.06
1644 1782.06 1782.06
1645 1782.06 1782.06
1646 1782.06 1782.06
1647 1782.06 1782.06
1648 1782.06 1782.06
1649 1782.06 1782.06
1650 1782.06 1782.06
1651 1782.06 1782.06
1652 1782.06 1782.06
1653 1782.06 1782.06
1654 1782.06 1782.06
1655 1782.06 1782.06
1656 1782.06 1782.06
1657 1782.06 1782.06
1658 1782.06 1782.06
1659 1782.06 1782.06
1660 1782.06 1782.06
1661 1782.06 1782.06
1662 1782.06 1782.06
1663 1782.06 1782.06
1664 1782.06 1782.06
1665 1782.06 1782.06
1666 1782.06 1782.06
1667 1782.06 1782.06
1668 1782.06 1782.06
1669 1782.06 1782.06
1670 1782.06 1782.06
1671 1782.06 1782.06
1672 1782.06 1782.06
1673 1782.06 1782.06
