0 1131.54 1131.54
1 1131.54 1131.54
2 1131.54 1131.54
3 1131.54 1131.54
4 1131.54 1131.54
5 1131.54 1131.54
6 1131.54 1131.54
7 1131.54 1131.54
8 1131.54 1131.54
9 1131.54 1131.54
10 1131.54 1131.54
11 1131.54 1131.54
12 1131.54 1131.54
13 1131.54 1131.54
14 1131.54 1131.54
15 1131.54 1131.54
16 1131.54 1131.54
17 1131.54 1131.54
18 1131.54 1131.54
19 1131.54 1131.54
20 1131.54 1131.54
21 1131.54 1131.54
22 1131.54 1131.54
23 1131.54 1131.54
24 1131.54 1131.54
25 1131.54 1131.54
26 1131.54 1131.54
27 1131.54 1131.54
28 1131.54 1131.54
29 1131.54 1131.54
30 1131.54 1131.54
31 1131.54 1131.54
32 1131.54 1131.54
33 1131.54 1131.54
34 1131.54 1131.54
35 1131.54 1131.54
36 1131.54 1131.54
37 1131.54 1131.54
38 1131.54 1131.54
39 1131.54 1131.54
40 1131.54 1131.54
41 1131.54 1131.54
42 1131.54 1131.54
43 1131.54 1131.54
44 1131.54 1131.54
45 1131.54 1131.54
46 1131.54 1131.54
47 1131.54 1131.54
48 1131.54 1131.54
49 1131.54 1131.54
50 1131.54 1131.54
51 1131.54 1131.54
52 1131.54 1131.54
53 1131.54 1131.54
54 1131.54 1131.54
55 1131.54 1131.54
56 1131.54 1131.54
57 1131.54 1131.54
58 1131.54 1131.54
59 1131.54 1131.54
60 1131.54 1131.54
61 1131.54 1131.54
62 1131.54 1131.54
63 1131.54 1131.54
64 1131.54 1131.54
65 1131.54 1131.54
66 1131.54 1131.54
67 1131.54 1131.54
68 1131.54 1131.54
69 1131.54 1131.54
70 1131.54 1131.54
71 1131.54 1131.54
72 1131.54 1131.54
73 1131.54 1131.54
74 1131.54 1131.54
75 1131.54 1131.54
76 1131.54 1131.54
77 1131.54 1131.54
78 1131.54 1131.54
79 1131.54 1131.54
80 1131.54 1131.54
81 1131.54 1131.54
82 1131.54 1131.54
83 1131.54 1131.54
84 1131.54 1131.54
85 1131.54 1131.54
86 1131.54 1131.54
87 1131.54 1131.54
88 1131.54 1131.54
89 1131.54 1131.54
90 1131.54 1131.54
91 1131.54 1131.54
92 1131.54 1131.54
93 1131.54 1131.54
94 1131.54 1131.54
95 1131.54 1131.54
96 1131.54 1131.54
97 1131.54 1131.54
98 1131.54 1131.54
99 1131.54 1131.54
100 1131.54 1131.54
101 1131.54 1131.54
102 1131.54 1131.54
103 1131.54 1131.54
104 1131.54 1131.54
105 1131.54 1131.54
106 1131.54 1131.54
107 1131.54 1131.54
108 1131.54 1131.54
109 1131.54 1131.54
110 1131.54 1131.54
111 1131.54 1131.54
112 1131.54 1131.54
113 1131.54 1131.54
114 1131.54 1131.54
115 1131.54 1131.54
116 1131.54 1131.54
117 1131.54 1131.54
118 1131.54 1131.54
119 1131.54 1131.54
120 1131.54 1131.54
121 1131.54 1131.54
122 1131.54 1131.54
123 1131.54 1131.54
124 1131.54 1131.54
125 1131.54 1131.54
126 1131.54 1131.54
127 1131.54 1131.54
128 1131.54 1131.54
129 1131.54 1131.54
130 1131.54 1131.54
131 1131.54 1131.54
132 1131.54 1131.54
133 1131.54 1131.54
134 1131.54 1131.54
135 1131.54 1131.54
136 1131.54 1131.54
137 1131.54 1131.54
138 1131.54 1131.54
139 1131.54 1131.54
140 1131.54 1131.54
141 1131.54 1131.54
142 1131.54 1131.54
143 1131.54 1131.54
144 1131.54 1131.54
145 1131.54 1131.54
146 1131.54 1131.54
147 1131.54 1131.54
148 1131.54 1131.54
149 1131.54 1131.54
150 1131.54 1131.54
151 1131.54 1131.54
152 1131.54 1131.54
153 1131.54 1131.54
154 1131.54 1131.54
155 1131.54 1131.54
156 1131.54 1131.54
157 1131.54 1131.54
158 1131.54 1131.54
159 1131.54 1131.54
160 1131.54 1131.54
161 1131.54 1131.54
162 1131.54 1131.54
163 1131.54 1131.54
164 1131.54 1131.54
165 1131.54 1131.54
166 1131.54 1131.54
167 1131.54 1131.54
168 1131.54 1131.54
169 1131.54 1131.54
170 1131.54 1131.54
171 1131.54 1131.54
172 1131.54 1131.54
173 1131.54 1131.54
174 1131.54 1131.54
175 1131.54 1131.54
176 1131.54 1131.54
177 1131.54 1131.54
178 1131.54 1131.54
179 1131.54 1131.54
180 1131.54 1131.54
181 1131.54 1131.54
182 1131.54 1131.54
183 1131.54 1131.54
184 1131.54 1131.54
185 1131.54 1131.54
186 1131.54 1131.54
187 1131.54 1131.54
188 1131.54 1131.54
189 1131.54 1131.54
190 1131.54 1131.54
191 1131.54 1131.54
192 1131.54 1131.54
193 1131.54 1131.54
194 1131.54 1131.54
195 1131.54 1131.54
196 1131.54 1131.54
197 1131.54 1131.54
198 1131.54 1131.54
199 1131.54 1131.54
200 1131.54 1131.54
201 1131.54 1131.54
202 1131.54 1131.54
203 1131.54 1131.54
204 1131.54 1131.54
205 1131.54 1131.54
206 1131.54 1131.54
207 1131.54 1131.54
208 1131.54 1131.54
209 1131.54 1131.54
210 1131.54 1131.54
211 1131.54 1131.54
212 1131.54 1131.54
213 1131.54 1131.54
214 1131.54 1131.54
215 1131.54 1131.54
216 1131.54 1131.54
217 1131.54 1131.54
218 1131.54 1131.54
219 1131.54 1131.54
220 1131.54 1131.54
221 1131.54 1131.54
222 1131.54 1131.54
223 1131.54 1131.54
224 1131.54 1131.54
225 1131.54 1131.54
226 1131.54 1131.54
227 1131.54 1131.54
228 1131.54 1131.54
229 1131.54 1131.54
230 1131.54 1131.54
231 1131.54 1131.54
232 1131.54 1131.54
233 1131.54 1131.54
234 1131.54 1131.54
235 1131.54 1131.54
236 1131.54 1131.54
237 1131.54 1131.54
238 1131.54 1131.54
239 1131.54 1131.54
240 1131.54 1131.54
241 1131.54 1131.54
242 1131.54 1131.54
243 1131.54 1131.54
244 1131.54 1131.54
245 1131.54 1131.54
246 1131.54 1131.54
247 1131.54 1131.54
248 1131.54 1131.54
249 1131.54 1131.54
250 1131.54 1131.54
251 1131.54 1131.54
252 1131.54 1131.54
253 1131.54 1131.54
254 1131.54 1131.54
255 1131.54 1131.54
256 1131.54 1131.54
257 1131.54 1131.54
258 1131.54 1131.54
259 1131.54 1131.54
260 1131.54 1131.54
261 1131.54 1131.54
262 1131.54 1131.54
263 1131.54 1131.54
264 1131.54 1131.54
265 1131.54 1131.54
266 1131.54 1131.54
267 1131.54 1131.54
268 1131.54 1131.54
269 1131.54 1131.54
270 1131.54 1131.54
271 1131.54 1131.54
272 1131.54 1131.54
273 1131.54 1131.54
274 1131.54 1131.54
275 1131.54 1131.54
276 1131.54 1131.54
277 1131.54 1131.54
278 1131.54 1131.54
279 1131.54 1131.54
280 1131.54 1131.54
281 1131.54 1131.54
282 1131.54 1131.54
283 1131.54 1131.54
284 1131.54 1131.54
285 1131.54 1131.54
286 1131.54 1131.54
287 1131.54 1131.54
288 1131.54 1131.54
289 1131.54 1131.54
290 1131.54 1131.54
291 1131.54 1131.54
292 1131.54 1131.54
293 1131.54 1131.54
294 1131.54 1131.54
295 1131.54 1131.54
296 1131.54 1131.54
297 1131.54 1131.54
298 1131.54 1131.54
299 1131.54 1131.54
300 1131.54 1131.54
301 1131.54 1131.54
302 1131.54 1131.54
303 1131.54 1131.54
304 1131.54 1131.54
305 1131.54 1131.54
306 1131.54 1131.54
307 1131.54 1131.54
308 1131.54 1131.54
309 1131.54 1131.54
310 1131.54 1131.54
311 1131.54 1131.54
312 1131.54 1131.54
313 1131.54 1131.54
314 1131.54 1131.54
315 1131.54 1131.54
316 1131.54 1131.54
317 1131.54 1131.54
318 1131.54 1131.54
319 1131.54 1131.54
320 1131.54 1131.54
321 1131.54 1131.54
322 1131.54 1131.54
323 1131.54 1131.54
324 1131.54 1131.54
325 1131.54 1131.54
326 1131.54 1131.54
327 1131.54 1131.54
328 1131.54 1131.54
329 1131.54 1131.54
330 1131.54 1131.54
331 1131.54 1131.54
332 1131.54 1131.54
333 1131.54 1131.54
334 1131.54 1131.54
335 1131.54 1131.54
336 1131.54 1131.54
337 1131.54 1131.54
338 1131.54 1131.54
339 1131.54 1131.54
340 1131.54 1131.54
341 1131.54 1131.54
342 1131.54 1131.54
343 1131.54 1131.54
344 1131.54 1131.54
345 1131.54 1131.54
346 1131.54 1131.54
347 1131.54 1131.54
348 1131.54 1131.54
349 1131.54 1131.54
350 1131.54 1131.54
351 1131.54 1131.54
352 1131.54 1131.54
353 1131.54 1131.54
354 1131.54 1131.54
355 1131.54 1131.54
356 1131.54 1131.54
357 1131.54 1131.54
358 1131.54 1131.54
359 1131.54 1131.54
360 1131.54 1131.54
361 1131.54 1131.54
362 1131.54 1131.54
363 1131.54 1131.54
364 1131.54 1131.54
365 1131.54 1131.54
366 1131.54 1131.54
367 1131.54 1131.54
368 1131.54 1131.54
369 1131.54 1131.54
370 1131.54 1131.54
371 1131.54 1131.54
372 1131.54 1131.54
373 1131.54 1131.54
374 1131.54 1131.54
375 1131.54 1131.54
376 1131.54 1131.54
377 1131.54 1131.54
378 1131.54 1131.54
379 1131.54 1131.54
380 1131.54 1131.54
381 1131.54 1131.54
382 1131.54 1131.54
383 1131.54 1131.54
384 1131.54 1131.54
385 1131.54 1131.54
386 1131.54 1131.54
387 1131.54 1131.54
388 1131.54 1131.54
389 1131.54 1131.54
390 1131.54 1131.54
391 1131.54 1131.54
392 1131.54 1131.54
393 1131.54 1131.54
394 1131.54 1131.54
395 1131.54 1131.54
396 1131.54 1131.54
397 1131.54 1131.54
398 1131.54 1131.54
399 1131.54 1131.54
400 1131.54 1131.54
401 1131.54 1131.54
402 1131.54 1131.54
403 1131.54 1131.54
404 1131.54 1131.54
405 1131.54 1131.54
406 1131.54 1131.54
407 1131.54 1131.54
408 1131.54 1131.54
409 1131.54 1131.54
410 1131.54 1131.54
411 1131.54 1131.54
412 1131.54 1131.54
413 1131.54 1131.54
414 1131.54 1131.54
415 1131.54 1131.54
416 1131.54 1131.54
417 1131.54 1131.54
418 1131.54 1131.54
419 1131.54 1131.54
420 1131.54 1131.54
421 1131.54 1131.54
422 1131.54 1131.54
423 1131.54 1131.54
424 1131.54 1131.54
425 1131.54 1131.54
426 1131.54 1131.54
427 1131.54 1131.54
428 1131.54 1131.54
429 1131.54 1131.54
430 1131.54 1131.54
431 1131.54 1131.54
432 1131.54 1131.54
433 1131.54 1131.54
434 1131.54 1131.54
435 1131.54 1131.54
436 1131.54 1131.54
437 1131.54 1131.54
438 1131.54 1131.54
439 1131.54 1131.54
440 1131.54 1131.54
441 1131.54 1131.54
442 1131.54 1131.54
443 1131.54 1131.54
444 1131.54 1131.54
445 1131.54 1131.54
446 1131.54 1131.54
447 1131.54 1131.54
448 1131.54 1131.54
449 1131.54 1131.54
450 1131.54 1131.54
451 1131.54 1131.54
452 1131.54 1131.54
453 1131.54 1131.54
454 1131.54 1131.54
455 1131.54 1131.54
456 1131.54 1131.54
457 1131.54 1131.54
458 1131.54 1131.54
459 1131.54 1131.54
460 1131.54 1131.54
461 1131.54 1131.54
462 1131.54 1131.54
463 1131.54 1131.54
464 1131.54 1131.54
465 1131.54 1131.54
466 1131.54 1131.54
467 1131.54 1131.54
468 1131.54 1131.54
469 1131.54 1131.54
470 1131.54 1131.54
471 1131.54 1131.54
472 1131.54 1131.54
473 1131.54 1131.54
474 1131.54 1131.54
475 1131.54 1131.54
476 1131.54 1131.54
477 1131.54 1131.54
478 1131.54 1131.54
479 1131.54 1131.54
480 1131.54 1131.54
481 1131.54 1131.54
482 1131.54 1131.54
483 1131.54 1131.54
484 1131.54 1131.54
485 1131.54 1131.54
486 1131.54 1131.54
487 1131.54 1131.54
488 1131.54 1131.54
489 1131.54 1131.54
490 1131.54 1131.54
491 1131.54 1131.54
492 1131.54 1131.54
493 1131.54 1131.54
494 1131.54 1131.54
495 1131.54 1131.54
496 1131.54 1131.54
497 1131.54 1131.54
498 1131.54 1131.54
499 1131.54 1131.54
500 1131.54 1131.54
501 1131.54 1131.54
502 1131.54 1131.54
503 1131.54 1131.54
504 1131.54 1131.54
505 1131.54 1131.54
506 1131.54 1131.54
507 1131.54 1131.54
508 1131.54 1131.54
509 1131.54 1131.54
510 1131.54 1131.54
511 1131.54 1131.54
512 1131.54 1131.54
513 1131.54 1131.54
514 1131.54 1131.54
515 1131.54 1131.54
516 1131.54 1131.54
517 1131.54 1131.54
518 1131.54 1131.54
519 1131.54 1131.54
520 1131.54 1131.54
521 1131.54 1131.54
522 1131.54 1131.54
523 1131.54 1131.54
524 1131.54 1131.54
525 1131.54 1131.54
526 1131.54 1131.54
527 1131.54 1131.54
528 1131.54 1131.54
529 1131.54 1131.54
530 1131.54 1131.54
531 1131.54 1131.54
532 1131.54 1131.54
533 1131.54 1131.54
534 1131.54 1131.54
535 1131.54 1131.54
536 1131.54 1131.54
537 1131.54 1131.54
538 1131.54 1131.54
539 1131.54 1131.54
540 1131.54 1131.54
541 1131.54 1131.54
542 1131.54 1131.54
543 1131.54 1131.54
544 1131.54 1131.54
545 1131.54 1131.54
546 1131.54 1131.54
547 1131.54 1131.54
548 1131.54 1131.54
549 1131.54 1131.54
550 1131.54 1131.54
551 1131.54 1131.54
552 1131.54 1131.54
553 1131.54 1131.54
554 1131.54 1131.54
555 1131.54 1131.54
556 1131.54 1131.54
557 1131.54 1131.54
558 1131.54 1131.54
559 1131.54 1131.54
560 1131.54 1131.54
561 1131.54 1131.54
562 1131.54 1131.54
563 1131.54 1131.54
564 1131.54 1131.54
565 1131.54 1131.54
566 1131.54 1131.54
567 1131.54 1131.54
568 1131.54 1131.54
569 1131.54 1131.54
570 1131.54 1131.54
571 1131.54 1131.54
572 1131.54 1131.54
573 1131.54 1131.54
574 1131.54 1131.54
575 1131.54 1131.54
576 1131.54 1131.54
577 1131.54 1131.54
578 1131.54 1131.54
579 1131.54 1131.54
580 1131.54 1131.54
581 1131.54 1131.54
582 1131.54 1131.54
583 1131.54 1131.54
584 1131.54 1131.54
585 1131.54 1131.54
586 1131.54 1131.54
587 1131.54 1131.54
588 1131.54 1131.54
589 1131.54 1131.54
590 1131.54 1131.54
591 1131.54 1131.54
592 1131.54 1131.54
593 1131.54 1131.54
594 1131.54 1131.54
595 1131.54 1131.54
596 1131.54 1131.54
597 1131.54 1131.54
598 1131.54 1131.54
599 1131.54 1131.54
600 1131.54 1131.54
601 1131.54 1131.54
602 1131.54 1131.54
603 1131.54 1131.54
604 1131.54 1131.54
605 1131.54 1131.54
606 1131.54 1131.54
607 1131.54 1131.54
608 1131.54 1131.54
609 1131.54 1131.54
610 1131.54 1131.54
611 1131.54 1131.54
612 1131.54 1131.54
613 1131.54 1131.54
614 1131.54 1131.54
615 1131.54 1131.54
616 1131.54 1131.54
617 1131.54 1131.54
618 1131.54 1131.54
619 1131.54 1131.54
620 1131.54 1131.54
621 1131.54 1131.54
622 1131.54 1131.54
623 1131.54 1131.54
624 1131.54 1131.54
625 1131.54 1131.54
626 1131.54 1131.54
627 1131.54 1131.54
628 1131.54 1131.54
629 1131.54 1131.54
630 1131.54 1131.54
631 1131.54 1131.54
632 1131.54 1131.54
633 1131.54 1131.54
634 1131.54 1131.54
635 1131.54 1131.54
636 1131.54 1131.54
637 1131.54 1131.54
638 1131.54 1131.54
639 1131.54 1131.54
640 1131.54 1131.54
641 1131.54 1131.54
642 1131.54 1131.54
643 1131.54 1131.54
644 1131.54 1131.54
645 1131.54 1131.54
646 1131.54 1131.54
647 1131.54 1131.54
648 1131.54 1131.54
649 1131.54 1131.54
650 1131.54 1131.54
651 1131.54 1131.54
652 1131.54 1131.54
653 1131.54 1131.54
654 1131.54 1131.54
655 1131.54 1131.54
656 1131.54 1131.54
657 1131.54 1131.54
658 1131.54 1131.54
659 1131.54 1131.54
660 1131.54 1131.54
661 1131.54 1131.54
662 1131.54 1131.54
663 1131.54 1131.54
664 1131.54 1131.54
665 1131.54 1131.54
666 1131.54 1131.54
667 1131.54 1131.54
668 1131.54 1131.54
669 1131.54 1131.54
670 1131.54 1131.54
671 1131.54 1131.54
672 1131.54 1131.54
673 1131.54 1131.54
674 1131.54 1131.54
675 1131.54 1131.54
676 1131.54 1131.54
677 1131.54 1131.54
678 1131.54 1131.54
679 1131.54 1131.54
680 1131.54 1131.54
681 1131.54 1131.54
682 1131.54 1131.54
683 1131.54 1131.54
684 1131.54 1131.54
685 1131.54 1131.54
686 1131.54 1131.54
687 1131.54 1131.54
688 1131.54 1131.54
689 1131.54 1131.54
690 1131.54 1131.54
691 1131.54 1131.54
692 1131.54 1131.54
693 1131.54 1131.54
694 1131.54 1131.54
695 1131.54 1131.54
696 1131.54 1131.54
697 1131.54 1131.54
698 1131.54 1131.54
699 1131.54 1131.54
700 1131.54 1131.54
701 1131.54 1131.54
702 1131.54 1131.54
703 1131.54 1131.54
704 1131.54 1131.54
705 1131.54 1131.54
706 1131.54 1131.54
707 1131.54 1131.54
708 1131.54 1131.54
709 1131.54 1131.54
710 1131.54 1131.54
711 1131.54 1131.54
712 1131.54 1131.54
713 1131.54 1131.54
714 1131.54 1131.54
715 1131.54 1131.54
716 1131.54 1131.54
717 1131.54 1131.54
718 1131.54 1131.54
719 1131.54 1131.54
720 1131.54 1131.54
721 1131.54 1131.54
722 1131.54 1131.54
723 1131.54 1131.54
724 1131.54 1131.54
725 1131.54 1131.54
726 1131.54 1131.54
727 1131.54 1131.54
728 1131.54 1131.54
729 1131.54 1131.54
730 1131.54 1131.54
731 1131.54 1131.54
732 1131.54 1131.54
733 1131.54 1131.54
734 1131.54 1131.54
735 1131.54 1131.54
736 1131.54 1131.54
737 1131.54 1131.54
738 1131.54 1131.54
739 1131.54 1131.54
740 1131.54 1131.54
741 1131.54 1131.54
742 1131.54 1131.54
743 1131.54 1131.54
744 1131.54 1131.54
745 1131.54 1131.54
746 1131.54 1131.54
747 1131.54 1131.54
748 1131.54 1131.54
749 1131.54 1131.54
750 1131.54 1131.54
751 1131.54 1131.54
752 1131.54 1131.54
753 1131.54 1131.54
754 1131.54 1131.54
755 1131.54 1131.54
756 1131.54 1131.54
757 1131.54 1131.54
758 1131.54 1131.54
759 1131.54 1131.54
760 1131.54 1131.54
761 1131.54 1131.54
762 1131.54 1131.54
763 1131.54 1131.54
764 1131.54 1131.54
765 1131.54 1131.54
766 1131.54 1131.54
767 1131.54 1131.54
768 1131.54 1131.54
769 1131.54 1131.54
770 1131.54 1131.54
771 1131.54 1131.54
772 1131.54 1131.54
773 1131.54 1131.54
774 1131.54 1131.54
775 1131.54 1131.54
776 1131.54 1131.54
777 1131.54 1131.54
778 1131.54 1131.54
779 1131.54 1131.54
780 1131.54 1131.54
781 1131.54 1131.54
782 1131.54 1131.54
783 1131.54 1131.54
784 1131.54 1131.54
785 1131.54 1131.54
786 1131.54 1131.54
787 1131.54 1131.54
788 1131.54 1131.54
789 1131.54 1131.54
790 1131.54 1131.54
791 1131.54 1131.54
792 1131.54 1131.54
793 1131.54 1131.54
794 1131.54 1131.54
795 1131.54 1131.54
796 1131.54 1131.54
797 1131.54 1131.54
798 1131.54 1131.54
799 1131.54 1131.54
800 1131.54 1131.54
801 1131.54 1131.54
802 1131.54 1131.54
803 1131.54 1131.54
804 1131.54 1131.54
805 1131.54 1131.54
806 1131.54 1131.54
807 1131.54 1131.54
808 1131.54 1131.54
809 1131.54 1131.54
810 1131.54 1131.54
811 1131.54 1131.54
812 1131.54 1131.54
813 1131.54 1131.54
814 1131.54 1131.54
815 1131.54 1131.54
816 1131.54 1131.54
817 1131.54 1131.54
818 1131.54 1131.54
819 1131.54 1131.54
820 1131.54 1131.54
821 1131.54 1131.54
822 1131.54 1131.54
823 1131.54 1131.54
824 1131.54 1131.54
825 1131.54 1131.54
826 1131.54 1131.54
827 1131.54 1131.54
828 1131.54 1131.54
829 1131.54 1131.54
830 1131.54 1131.54
831 1131.54 1131.54
832 1131.54 1131.54
833 1131.54 1131.54
834 1131.54 1131.54
835 1131.54 1131.54
836 1131.54 1131.54
837 1131.54 1131.54
838 1131.54 1131.54
839 1131.54 1131.54
840 1131.54 1131.54
841 1131.54 1131.54
842 1131.54 1131.54
843 1131.54 1131.54
844 1131.54 1131.54
845 1131.54 1131.54
846 1131.54 1131.54
847 1131.54 1131.54
848 1131.54 1131.54
849 1131.54 1131.54
850 1131.54 1131.54
851 1131.54 1131.54
852 1131.54 1131.54
853 1131.54 1131.54
854 1131.54 1131.54
855 1131.54 1131.54
856 1131.54 1131.54
857 1131.54 1131.54
858 1131.54 1131.54
859 1131.54 1131.54
860 1131.54 1131.54
861 1131.54 1131.54
862 1131.54 1131.54
863 1131.54 1131.54
864 1131.54 1131.54
865 1131.54 1131.54
866 1131.54 1131.54
867 1131.54 1131.54
868 1131.54 1131.54
869 1131.54 1131.54
870 1131.54 1131.54
871 1131.54 1131.54
872 1131.54 1131.54
873 1131.54 1131.54
874 1131.54 1131.54
875 1131.54 1131.54
876 1131.54 1131.54
877 1131.54 1131.54
878 1131.54 1131.54
879 1131.54 1131.54
880 1131.54 1131.54
881 1131.54 1131.54
882 1131.54 1131.54
883 1131.54 1131.54
884 1131.54 1131.54
885 1131.54 1131.54
886 1131.54 1131.54
887 1131.54 1131.54
888 1131.54 1131.54
889 1131.54 1131.54
890 1131.54 1131.54
891 1131.54 1131.54
892 1131.54 1131.54
893 1131.54 1131.54
894 1131.54 1131.54
895 1131.54 1131.54
896 1131.54 1131.54
897 1131.54 1131.54
898 1131.54 1131.54
899 1131.54 1131.54
900 1131.54 1131.54
901 1131.54 1131.54
902 1131.54 1131.54
903 1131.54 1131.54
904 1131.54 1131.54
905 1131.54 1131.54
906 1131.54 1131.54
907 1131.54 1131.54
908 1131.54 1131.54
909 1131.54 1131.54
910 1131.54 1131.54
911 1131.54 1131.54
912 1131.54 1131.54
913 1131.54 1131.54
914 1131.54 1131.54
915 1131.54 1131.54
916 1131.54 1131.54
917 1131.54 1131.54
918 1131.54 1131.54
919 1131.54 1131.54
920 1131.54 1131.54
921 1131.54 1131.54
922 1131.54 1131.54
923 1131.54 1131.54
924 1131.54 1131.54
925 1131.54 1131.54
926 1131.54 1131.54
927 1131.54 1131.54
928 1131.54 1131.54
929 1131.54 1131.54
930 1131.54 1131.54
931 1131.54 1131.54
932 1131.54 1131.54
933 1131.54 1131.54
934 1131.54 1131.54
935 1131.54 1131.54
936 1131.54 1131.54
937 1131.54 1131.54
938 1131.54 1131.54
939 1131.54 1131.54
940 1131.54 1131.54
941 1131.54 1131.54
942 1131.54 1131.54
943 1131.54 1131.54
944 1131.54 1131.54
945 1131.54 1131.54
946 1131.54 1131.54
947 1131.54 1131.54
948 1131.54 1131.54
949 1131.54 1131.54
950 1131.54 1131.54
951 1131.54 1131.54
952 1131.54 1131.54
953 1131.54 1131.54
954 1131.54 1131.54
955 1131.54 1131.54
956 1131.54 1131.54
957 1131.54 1131.54
958 1131.54 1131.54
959 1131.54 1131.54
960 1131.54 1131.54
961 1131.54 1131.54
962 1131.54 1131.54
963 1131.54 1131.54
964 1131.54 1131.54
965 1131.54 1131.54
966 1131.54 1131.54
967 1131.54 1131.54
968 1131.54 1131.54
969 1131.54 1131.54
970 1131.54 1131.54
971 1131.54 1131.54
972 1131.54 1131.54
973 1131.54 1131.54
974 1131.54 1131.54
975 1131.54 1131.54
976 1131.54 1131.54
977 1131.54 1131.54
978 1131.54 1131.54
979 1131.54 1131.54
980 1131.54 1131.54
981 1131.54 1131.54
982 1131.54 1131.54
983 1131.54 1131.54
984 1131.54 1131.54
985 1131.54 1131.54
986 1131.54 1131.54
987 1131.54 1131.54
988 1131.54 1131.54
989 1131.54 1131.54
990 1131.54 1131.54
991 1131.54 1131.54
992 1131.54 1131.54
993 1131.54 1131.54
994 1131.54 1131.54
995 1131.54 1131.54
996 1131.54 1131.54
997 1131.54 1131.54
998 1131.54 1131.54
999 1131.54 1131.54
1000 1131.54 1131.54
1001 1131.54 1131.54
1002 1131.54 1131.54
1003 1131.54 1131.54
1004 1131.54 1131.54
1005 1131.54 1131.54
1006 1131.54 1131.54
1007 1131.54 1131.54
1008 1131.54 1131.54
1009 1131.54 1131.54
1010 1131.54 1131.54
1011 1131.54 1131.54
1012 1131.54 1131.54
1013 1131.54 1131.54
1014 1131.54 1131.54
1015 1131.54 1131.54
1016 1131.54 1131.54
1017 1131.54 1131.54
1018 1131.54 1131.54
1019 1131.54 1131.54
1020 1131.54 1131.54
1021 1131.54 1131.54
1022 1131.54 1131.54
1023 1131.54 1131.54
1024 1131.54 1131.54
1025 1131.54 1131.54
1026 1131.54 1131.54
1027 1131.54 1131.54
1028 1131.54 1131.54
1029 1131.54 1131.54
1030 1131.54 1131.54
1031 1131.54 1131.54
1032 1131.54 1131.54
1033 1131.54 1131.54
1034 1131.54 1131.54
1035 1131.54 1131.54
1036 1131.54 1131.54
1037 1131.54 1131.54
1038 1131.54 1131.54
1039 1131.54 1131.54
1040 1131.54 1131.54
1041 1131.54 1131.54
1042 1131.54 1131.54
1043 1131.54 1131.54
1044 1131.54 1131.54
1045 1131.54 1131.54
1046 1131.54 1131.54
1047 1131.54 1131.54
1048 1131.54 1131.54
1049 1131.54 1131.54
1050 1131.54 1131.54
1051 1131.54 1131.54
1052 1131.54 1131.54
1053 1131.54 1131.54
1054 1131.54 1131.54
1055 1131.54 1131.54
1056 1131.54 1131.54
1057 1131.54 1131.54
1058 1131.54 1131.54
1059 1131.54 1131.54
1060 1131.54 1131.54
1061 1131.54 1131.54
1062 1131.54 1131.54
1063 1131.54 1131.54
1064 1131.54 1131.54
1065 1131.54 1131.54
1066 1131.54 1131.54
1067 1131.54 1131.54
1068 1131.54 1131.54
1069 1131.54 1131.54
1070 1131.54 1131.54
1071 1131.54 1131.54
1072 1131.54 1131.54
1073 1131.54 1131.54
1074 1131.54 1131.54
1075 1131.54 1131.54
1076 1131.54 1131.54
1077 1131.54 1131.54
1078 1131.54 1131.54
1079 1131.54 1131.54
1080 1131.54 1131.54
1081 1131.54 1131.54
1082 1131.54 1131.54
1083 1131.54 1131.54
1084 1131.54 1131.54
1085 1131.54 1131.54
1086 1131.54 1131.54
1087 1131.54 1131.54
1088 1131.54 1131.54
1089 1131.54 1131.54
1090 1131.54 1131.54
1091 1131.54 1131.54
1092 1131.54 1131.54
1093 1131.54 1131.54
1094 1131.54 1131.54
1095 1131.54 1131.54
1096 1131.54 1131.54
1097 1131.54 1131.54
1098 1131.54 1131.54
1099 1131.54 1131.54
1100 1131.54 1131.54
1101 1131.54 1131.54
1102 1131.54 1131.54
1103 1131.54 1131.54
1104 1131.54 1131.54
1105 1131.54 1131.54
1106 1131.54 1131.54
1107 1131.54 1131.54
1108 1131.54 1131.54
1109 1131.54 1131.54
1110 1131.54 1131.54
1111 1131.54 1131.54
1112 1131.54 1131.54
1113 1131.54 1131.54
1114 1131.54 1131.54
1115 1131.54 1131.54
1116 1131.54 1131.54
1117 1131.54 1131.54
1118 1131.54 1131.54
1119 1131.54 1131.54
1120 1131.54 1131.54
1121 1131.54 1131.54
1122 1131.54 1131.54
1123 1131.54 1131.54
1124 1131.54 1131.54
1125 1131.54 1131.54
1126 1131.54 1131.54
1127 1131.54 1131.54
1128 1131.54 1131.54
1129 1131.54 1131.54
1130 1131.54 1131.54
1131 1131.54 1131.54
1132 1131.54 1131.54
1133 1131.54 1131.54
1134 1131.54 1131.54
1135 1131.54 1131.54
1136 1131.54 1131.54
1137 1131.54 1131.54
1138 1131.54 1131.54
1139 1131.54 1131.54
1140 1131.54 1131.54
1141 1131.54 1131.54
1142 1131.54 1131.54
1143 1131.54 1131.54
1144 1131.54 1131.54
1145 1131.54 1131.54
1146 1131.54 1131.54
1147 1131.54 1131.54
1148 1131.54 1131.54
1149 1131.54 1131.54
1150 1131.54 1131.54
1151 1131.54 1131.54
1152 1131.54 1131.54
1153 1131.54 1131.54
1154 1131.54 1131.54
1155 1131.54 1131.54
1156 1131.54 1131.54
1157 1131.54 1131.54
1158 1131.54 1131.54
1159 1131.54 1131.54
1160 1131.54 1131.54
1161 1131.54 1131.54
1162 1131.54 1131.54
1163 1131.54 1131.54
1164 1131.54 1131.54
1165 1131.54 1131.54
1166 1131.54 1131.54
1167 1131.54 1131.54
1168 1131.54 1131.54
1169 1131.54 1131.54
1170 1131.54 1131.54
1171 1131.54 1131.54
1172 1131.54 1131.54
1173 1131.54 1131.54
1174 1131.54 1131.54
1175 1131.54 1131.54
1176 1131.54 1131.54
1177 1131.54 1131.54
1178 1131.54 1131.54
1179 1131.54 1131.54
1180 1131.54 1131.54
1181 1131.54 1131.54
1182 1131.54 1131.54
1183 1131.54 1131.54
1184 1131.54 1131.54
1185 1131.54 1131.54
1186 1131.54 1131.54
1187 1131.54 1131.54
1188 1131.54 1131.54
1189 1131.54 1131.54
1190 1131.54 1131.54
1191 1131.54 1131.54
1192 1131.54 1131.54
1193 1131.54 1131.54
1194 1131.54 1131.54
1195 1131.54 1131.54
1196 1131.54 1131.54
1197 1131.54 1131.54
1198 1131.54 1131.54
1199 1131.54 1131.54
1200 1131.54 1131.54
1201 1131.54 1131.54
1202 1131.54 1131.54
1203 1131.54 1131.54
1204 1131.54 1131.54
1205 1131.54 1131.54
1206 1131.54 1131.54
1207 1131.54 1131.54
1208 1131.54 1131.54
1209 1131.54 1131.54
1210 1131.54 1131.54
1211 1131.54 1131.54
1212 1131.54 1131.54
1213 1131.54 1131.54
1214 1131.54 1131.54
1215 1131.54 1131.54
1216 1131.54 1131.54
1217 1131.54 1131.54
1218 1131.54 1131.54
1219 1131.54 1131.54
1220 1131.54 1131.54
1221 1131.54 1131.54
1222 1131.54 1131.54
1223 1131.54 1131.54
1224 1131.54 1131.54
1225 1131.54 1131.54
1226 1131.54 1131.54
1227 1131.54 1131.54
1228 1131.54 1131.54
1229 1131.54 1131.54
1230 1131.54 1131.54
1231 1131.54 1131.54
1232 1131.54 1131.54
1233 1131.54 1131.54
1234 1131.54 1131.54
1235 1131.54 1131.54
1236 1131.54 1131.54
1237 1131.54 1131.54
1238 1131.54 1131.54
1239 1131.54 1131.54
1240 1131.54 1131.54
1241 1131.54 1131.54
1242 1131.54 1131.54
1243 1131.54 1131.54
1244 1131.54 1131.54
1245 1131.54 1131.54
1246 1131.54 1131.54
1247 1131.54 1131.54
1248 1131.54 1131.54
1249 1131.54 1131.54
1250 1131.54 1131.54
1251 1131.54 1131.54
1252 1131.54 1131.54
1253 1131.54 1131.54
1254 1131.54 1131.54
1255 1131.54 1131.54
1256 1131.54 1131.54
1257 1131.54 1131.54
1258 1131.54 1131.54
1259 1131.54 1131.54
1260 1131.54 1131.54
1261 1131.54 1131.54
1262 1131.54 1131.54
1263 1131.54 1131.54
1264 1131.54 1131.54
1265 1131.54 1131.54
1266 1131.54 1131.54
1267 1131.54 1131.54
1268 1131.54 1131.54
1269 1131.54 1131.54
1270 1131.54 1131.54
1271 1131.54 1131.54
1272 1131.54 1131.54
1273 1131.54 1131.54
1274 1131.54 1131.54
1275 1131.54 1131.54
1276 1131.54 1131.54
1277 1131.54 1131.54
1278 1131.54 1131.54
1279 1131.54 1131.54
1280 1131.54 1131.54
1281 1131.54 1131.54
1282 1131.54 1131.54
1283 1131.54 1131.54
1284 1131.54 1131.54
1285 1131.54 1131.54
1286 1131.54 1131.54
1287 1131.54 1131.54
1288 1131.54 1131.54
1289 1131.54 1131.54
1290 1131.54 1131.54
1291 1131.54 1131.54
1292 1131.54 1131.54
1293 1131.54 1131.54
1294 1131.54 1131.54
1295 1131.54 1131.54
1296 1131.54 1131.54
1297 1131.54 1131.54
1298 1131.54 1131.54
1299 1131.54 1131.54
1300 1131.54 1131.54
1301 1131.54 1131.54
1302 1131.54 1131.54
1303 1131.54 1131.54
1304 1131.54 1131.54
1305 1131.54 1131.54
1306 1131.54 1131.54
1307 1131.54 1131.54
1308 1131.54 1131.54
1309 1131.54 1131.54
1310 1131.54 1131.54
1311 1131.54 1131.54
1312 1131.54 1131.54
1313 1131.54 1131.54
1314 1131.54 1131.54
1315 1131.54 1131.54
1316 1131.54 1131.54
1317 1131.54 1131.54
1318 1131.54 1131.54
1319 1131.54 1131.54
1320 1131.54 1131.54
1321 1131.54 1131.54
1322 1131.54 1131.54
1323 1131.54 1131.54
1324 1131.54 1131.54
1325 1131.54 1131.54
1326 1131.54 1131.54
1327 1131.54 1131.54
1328 1131.54 1131.54
1329 1131.54 1131.54
1330 1131.54 1131.54
1331 1131.54 1131.54
1332 1131.54 1131.54
1333 1131.54 1131.54
1334 1131.54 1131.54
1335 1131.54 1131.54
1336 1131.54 1131.54
1337 1131.54 1131.54
1338 1131.54 1131.54
1339 1131.54 1131.54
1340 1131.54 1131.54
1341 1131.54 1131.54
1342 1131.54 1131.54
1343 1131.54 1131.54
1344 1131.54 1131.54
1345 1131.54 1131.54
1346 1131.54 1131.54
1347 1131.54 1131.54
1348 1131.54 1131.54
1349 1131.54 1131.54
1350 1131.54 1131.54
1351 1131.54 1131.54
1352 1131.54 1131.54
1353 1131.54 1131.54
1354 1131.54 1131.54
1355 1131.54 1131.54
1356 1131.54 1131.54
1357 1131.54 1131.54
1358 1131.54 1131.54
1359 1131.54 1131.54
1360 1131.54 1131.54
1361 1131.54 1131.54
1362 1131.54 1131.54
1363 1131.54 1131.54
1364 1131.54 1131.54
1365 1131.54 1131.54
1366 1131.54 1131.54
1367 1131.54 1131.54
1368 1131.54 1131.54
1369 1131.54 1131.54
1370 1131.54 1131.54
1371 1131.54 1131.54
1372 1131.54 1131.54
1373 1131.54 1131.54
1374 1131.54 1131.54
1375 1131.54 1131.54
1376 1131.54 1131.54
1377 1131.54 1131.54
1378 1131.54 1131.54
1379 1131.54 1131.54
1380 1131.54 1131.54
1381 1131.54 1131.54
1382 1131.54 1131.54
1383 1131.54 1131.54
1384 1131.54 1131.54
1385 1131.54 1131.54
1386 1131.54 1131.54
1387 1131.54 1131.54
1388 1131.54 1131.54
1389 1131.54 1131.54
1390 1131.54 1131.54
1391 1131.54 1131.54
1392 1131.54 1131.54
1393 1131.54 1131.54
1394 1131.54 1131.54
1395 1131.54 1131.54
1396 1131.54 1131.54
1397 1131.54 1131.54
1398 1131.54 1131.54
1399 1131.54 1131.54
1400 1131.54 1131.54
1401 1131.54 1131.54
1402 1131.54 1131.54
1403 1131.54 1131.54
1404 1131.54 1131.54
1405 1131.54 1131.54
1406 1131.54 1131.54
1407 1131.54 1131.54
1408 1131.54 1131.54
1409 1131.54 1131.54
1410 1131.54 1131.54
1411 1131.54 1131.54
1412 1131.54 1131.54
1413 1131.54 1131.54
1414 1131.54 1131.54
1415 1131.54 1131.54
1416 1131.54 1131.54
1417 1131.54 1131.54
1418 1131.54 1131.54
1419 1131.54 1131.54
1420 1131.54 1131.54
1421 1131.54 1131.54
1422 1131.54 1131.54
1423 1131.54 1131.54
1424 1131.54 1131.54
1425 1131.54 1131.54
1426 1131.54 1131.54
1427 1131.54 1131.54
1428 1131.54 1131.54
1429 1131.54 1131.54
1430 1131.54 1131.54
1431 1131.54 1131.54
1432 1131.54 1131.54
1433 1131.54 1131.54
1434 1131.54 1131.54
1435 1131.54 1131.54
1436 1131.54 1131.54
1437 1131.54 1131.54
1438 1131.54 1131.54
1439 1131.54 1131.54
1440 1131.54 1131.54
1441 1131.54 1131.54
1442 1131.54 1131.54
1443 1131.54 1131.54
1444 1131.54 1131.54
1445 1131.54 1131.54
1446 1131.54 1131.54
1447 1131.54 1131.54
1448 1131.54 1131.54
1449 1131.54 1131.54
1450 1131.54 1131.54
1451 1131.54 1131.54
1452 1131.54 1131.54
1453 1131.54 1131.54
1454 1131.54 1131.54
1455 1131.54 1131.54
1456 1131.54 1131.54
1457 1131.54 1131.54
1458 1131.54 1131.54
1459 1131.54 1131.54
1460 1131.54 1131.54
1461 1131.54 1131.54
1462 1131.54 1131.54
1463 1131.54 1131.54
1464 1131.54 1131.54
1465 1131.54 1131.54
1466 1131.54 1131.54
1467 1131.54 1131.54
1468 1131.54 1131.54
1469 1131.54 1131.54
1470 1131.54 1131.54
1471 1131.54 1131.54
1472 1131.54 1131.54
1473 1131.54 1131.54
1474 1131.54 1131.54
1475 1131.54 1131.54
1476 1131.54 1131.54
1477 1131.54 1131.54
1478 1131.54 1131.54
1479 1131.54 1131.54
1480 1131.54 1131.54
1481 1131.54 1131.54
1482 1131.54 1131.54
1483 1131.54 1131.54
1484 1131.54 1131.54
1485 1131.54 1131.54
1486 1131.54 1131.54
1487 1131.54 1131.54
1488 1131.54 1131.54
1489 1131.54 1131.54
1490 1131.54 1131.54
1491 1131.54 1131.54
1492 1131.54 1131.54
1493 1131.54 1131.54
1494 1131.54 1131.54
1495 1131.54 1131.54
1496 1131.54 1131.54
1497 1131.54 1131.54
1498 1131.54 1131.54
1499 1131.54 1131.54
1500 1131.54 1131.54
1501 1131.54 1131.54
1502 1131.54 1131.54
1503 1131.54 1131.54
1504 1131.54 1131.54
1505 1131.54 1131.54
1506 1131.54 1131.54
1507 1131.54 1131.54
1508 1131.54 1131.54
1509 1131.54 1131.54
1510 1131.54 1131.54
1511 1131.54 1131.54
1512 1131.54 1131.54
1513 1131.54 1131.54
1514 1131.54 1131.54
1515 1131.54 1131.54
1516 1131.54 1131.54
1517 1131.54 1131.54
1518 1131.54 1131.54
1519 1131.54 1131.54
1520 1131.54 1131.54
1521 1131.54 1131.54
1522 1131.54 1131.54
1523 1131.54 1131.54
1524 1131.54 1131.54
1525 1131.54 1131.54
1526 1131.54 1131.54
1527 1131.54 1131.54
1528 1131.54 1131.54
1529 1131.54 1131.54
1530 1131.54 1131.54
1531 1131.54 1131.54
1532 1131.54 1131.54
1533 1131.54 1131.54
1534 1131.54 1131.54
1535 1131.54 1131.54
1536 1131.54 1131.54
1537 1131.54 1131.54
1538 1131.54 1131.54
1539 1131.54 1131.54
1540 1131.54 1131.54
1541 1131.54 1131.54
1542 1131.54 1131.54
1543 1131.54 1131.54
1544 1131.54 1131.54
1545 1131.54 1131.54
1546 1131.54 1131.54
1547 1131.54 1131.54
1548 1131.54 1131.54
1549 1131.54 1131.54
1550 1131.54 1131.54
1551 1131.54 1131.54
1552 1131.54 1131.54
1553 1131.54 1131.54
1554 1131.54 1131.54
1555 1131.54 1131.54
1556 1131.54 1131.54
1557 1131.54 1131.54
1558 1131.54 1131.54
1559 1131.54 1131.54
1560 1131.54 1131.54
1561 1131.54 1131.54
1562 1131.54 1131.54
1563 1131.54 1131.54
1564 1131.54 1131.54
1565 1131.54 1131.54
1566 1131.54 1131.54
1567 1131.54 1131.54
1568 1131.54 1131.54
1569 1131.54 1131.54
1570 1131.54 1131.54
1571 1131.54 1131.54
1572 1131.54 1131.54
1573 1131.54 1131.54
1574 1131.54 1131.54
1575 1131.54 1131.54
1576 1131.54 1131.54
1577 1131.54 1131.54
1578 1131.54 1131.54
1579 1131.54 1131.54
1580 1131.54 1131.54
1581 1131.54 1131.54
1582 1131.54 1131.54
1583 1131.54 1131.54
1584 1131.54 1131.54
1585 1131.54 1131.54
1586 1131.54 1131.54
1587 1131.54 1131.54
1588 1131.54 1131.54
1589 1131.54 1131.54
1590 1131.54 1131.54
1591 1131.54 1131.54
1592 1131.54 1131.54
1593 1131.54 1131.54
1594 1131.54 1131.54
1595 1131.54 1131.54
1596 1131.54 1131.54
1597 1131.54 1131.54
1598 1131.54 1131.54
1599 1131.54 1131.54
1600 1131.54 1131.54
1601 1131.54 1131.54
1602 1131.54 1131.54
1603 1131.54 1131.54
1604 1131.54 1131.54
1605 1131.54 1131.54
1606 1131.54 1131.54
1607 1131.54 1131.54
1608 1131.54 1131.54
1609 1131.54 1131.54
1610 1131.54 1131.54
1611 1131.54 1131.54
1612 1131.54 1131.54
1613 1131.54 1131.54
1614 1131.54 1131.54
1615 1131.54 1131.54
1616 1131.54 1131.54
1617 1131.54 1131.54
1618 1131.54 1131.54
1619 1131.54 1131.54
1620 1131.54 1131.54
1621 1131.54 1131.54
1622 1131.54 1131.54
1623 1131.54 1131.54
1624 1131.54 1131.54
1625 1131.54 1131.54
1626 1131.54 1131.54
1627 1131.54 1131.54
1628 1131.54 1131.54
1629 1131.54 1131.54
1630 1131.54 1131.54
1631 1131.54 1131.54
1632 1131.54 1131.54
1633 1131.54 1131.54
1634 1131.54 1131.54
1635 1131.54 1131.54
1636 1131.54 1131.54
1637 1131.54 1131.54
1638 1131.54 1131.54
1639 1131.54 1131.54
1640 1131.54 1131.54
1641 1131.54 1131.54
1642 1131.54 1131.54
1643 1131.54 1131.54
1644 1131.54 1131.54
1645 1131.54 1131.54
1646 1131.54 1131.54
1647 1131.54 1131.54
1648 1131.54 1131.54
1649 1131.54 1131.54
1650 1131.54 1131.54
1651 1131.54 1131.54
1652 1131.54 1131.54
1653 1131.54 1131.54
1654 1131.54 1131.54
1655 1131.54 1131.54
1656 1131.54 1131.54
1657 1131.54 1131.54
1658 1131.54 1131.54
1659 1131.54 1131.54
1660 1131.54 1131.54
1661 1131.54 1131.54
1662 1131.54 1131.54
1663 1131.54 1131.54
1664 1131.54 1131.54
1665 1131.54 1131.54
1666 1131.54 1131.54
1667 1131.54 1131.54
1668 1131.54 1131.54
1669 1131.54 1131.54
1670 1131.54 1131.54
1671 1131.54 1131.54
1672 1131.54 1131.54
1673 1131.54 1131.54
1674 1131.54 1131.54
1675 1131.54 1131.54
1676 1131.54 1131.54
1677 1131.54 1131.54
1678 1131.54 1131.54
1679 1131.54 1131.54
1680 1131.54 1131.54
1681 1131.54 1131.54
1682 1131.54 1131.54
1683 1131.54 1131.54
1684 1131.54 1131.54
1685 1131.54 1131.54
1686 1131.54 1131.54
1687 1131.54 1131.54
1688 1131.54 1131.54
1689 1131.54 1131.54
1690 1131.54 1131.54
1691 1131.54 1131.54
1692 1131.54 1131.54
1693 1131.54 1131.54
1694 1131.54 1131.54
1695 1131.54 1131.54
1696 1131.54 1131.54
1697 1131.54 1131.54
1698 1131.54 1131.54
1699 1131.54 1131.54
1700 1131.54 1131.54
1701 1131.54 1131.54
1702 1131.54 1131.54
1703 1131.54 1131.54
1704 1131.54 1131.54
1705 1131.54 1131.54
1706 1131.54 1131.54
1707 1131.54 1131.54
1708 1131.54 1131.54
1709 1131.54 1131.54
1710 1131.54 1131.54
1711 1131.54 1131.54
1712 1131.54 1131.54
1713 1131.54 1131.54
1714 1131.54 1131.54
1715 1131.54 1131.54
1716 1131.54 1131.54
1717 1131.54 1131.54
1718 1131.54 1131.54
1719 1131.54 1131.54
1720 1131.54 1131.54
1721 1131.54 1131.54
1722 1131.54 1131.54
1723 1131.54 1131.54
1724 1131.54 1131.54
1725 1131.54 1131.54
1726 1131.54 1131.54
1727 1131.54 1131.54
1728 1131.54 1131.54
1729 1131.54 1131.54
1730 1131.54 1131.54
1731 1131.54 1131.54
1732 1131.54 1131.54
1733 1131.54 1131.54
1734 1131.54 1131.54
1735 1131.54 1131.54
1736 1131.54 1131.54
1737 1131.54 1131.54
1738 1131.54 1131.54
1739 1131.54 1131.54
1740 1131.54 1131.54
1741 1131.54 1131.54
1742 1131.54 1131.54
1743 1131.54 1131.54
1744 1131.54 1131.54
1745 1131.54 1131.54
1746 1131.54 1131.54
1747 1131.54 1131.54
1748 1131.54 1131.54
1749 1131.54 1131.54
1750 1131.54 1131.54
1751 1131.54 1131.54
1752 1131.54 1131.54
1753 1131.54 1131.54
1754 1131.54 1131.54
1755 1131.54 1131.54
1756 1131.54 1131.54
1757 1131.54 1131.54
1758 1131.54 1131.54
1759 1131.54 1131.54
1760 1131.54 1131.54
1761 1131.54 1131.54
1762 1131.54 1131.54
1763 1131.54 1131.54
1764 1131.54 1131.54
1765 1131.54 1131.54
1766 1131.54 1131.54
1767 1131.54 1131.54
1768 1131.54 1131.54
1769 1131.54 1131.54
1770 1131.54 1131.54
1771 1131.54 1131.54
1772 1131.54 1131.54
1773 1131.54 1131.54
1774 1131.54 1131.54
1775 1131.54 1131.54
1776 1131.54 1131.54
1777 1131.54 1131.54
1778 1131.54 1131.54
1779 1131.54 1131.54
1780 1131.54 1131.54
1781 1131.54 1131.54
1782 1131.54 1131.54
1783 1131.54 1131.54
1784 1131.54 1131.54
1785 1131.54 1131.54
1786 1131.54 1131.54
1787 1131.54 1131.54
1788 1131.54 1131.54
1789 1131.54 1131.54
1790 1131.54 1131.54
1791 1131.54 1131.54
1792 1131.54 1131.54
1793 1131.54 1131.54
1794 1131.54 1131.54
1795 1131.54 1131.54
1796 1131.54 1131.54
1797 1131.54 1131.54
1798 1131.54 1131.54
1799 1131.54 1131.54
1800 1131.54 1131.54
1801 1131.54 1131.54
1802 1131.54 1131.54
1803 1131.54 1131.54
1804 1131.54 1131.54
1805 1131.54 1131.54
1806 1131.54 1131.54
1807 1131.54 1131.54
1808 1131.54 1131.54
1809 1131.54 1131.54
1810 1131.54 1131.54
1811 1131.54 1131.54
1812 1131.54 1131.54
1813 1131.54 1131.54
1814 1131.54 1131.54
1815 1131.54 1131.54
1816 1131.54 1131.54
1817 1131.54 1131.54
1818 1131.54 1131.54
1819 1131.54 1131.54
1820 1131.54 1131.54
1821 1131.54 1131.54
1822 1131.54 1131.54
1823 1131.54 1131.54
1824 1131.54 1131.54
1825 1131.54 1131.54
1826 1131.54 1131.54
1827 1131.54 1131.54
1828 1131.54 1131.54
1829 1131.54 1131.54
1830 1131.54 1131.54
1831 1131.54 1131.54
1832 1131.54 1131.54
1833 1131.54 1131.54
1834 1131.54 1131.54
1835 1131.54 1131.54
1836 1131.54 1131.54
1837 1131.54 1131.54
1838 1131.54 1131.54
1839 1131.54 1131.54
1840 1131.54 1131.54
1841 1131.54 1131.54
1842 1131.54 1131.54
1843 1131.54 1131.54
1844 1131.54 1131.54
1845 1131.54 1131.54
1846 1131.54 1131.54
1847 1131.54 1131.54
1848 1131.54 1131.54
1849 1131.54 1131.54
1850 1131.54 1131.54
1851 1131.54 1131.54
1852 1131.54 1131.54
1853 1131.54 1131.54
1854 1131.54 1131.54
1855 1131.54 1131.54
1856 1131.54 1131.54
1857 1131.54 1131.54
1858 1131.54 1131.54
1859 1131.54 1131.54
1860 1131.54 1131.54
1861 1131.54 1131.54
1862 1131.54 1131.54
1863 1131.54 1131.54
1864 1131.54 1131.54
1865 1131.54 1131.54
1866 1131.54 1131.54
1867 1131.54 1131.54
1868 1131.54 1131.54
1869 1131.54 1131.54
1870 1131.54 1131.54
1871 1131.54 1131.54
1872 1131.54 1131.54
1873 1131.54 1131.54
1874 1131.54 1131.54
1875 1131.54 1131.54
1876 1131.54 1131.54
1877 1131.54 1131.54
1878 1131.54 1131.54
1879 1131.54 1131.54
1880 1131.54 1131.54
1881 1131.54 1131.54
1882 1131.54 1131.54
1883 1131.54 1131.54
1884 1131.54 1131.54
1885 1131.54 1131.54
1886 1131.54 1131.54
1887 1131.54 1131.54
1888 1131.54 1131.54
1889 1131.54 1131.54
1890 1131.54 1131.54
1891 1131.54 1131.54
1892 1131.54 1131.54
1893 1131.54 1131.54
1894 1131.54 1131.54
1895 1131.54 1131.54
1896 1131.54 1131.54
1897 1131.54 1131.54
1898 1131.54 1131.54
1899 1131.54 1131.54
1900 1131.54 1131.54
1901 1131.54 1131.54
1902 1131.54 1131.54
1903 1131.54 1131.54
1904 1131.54 1131.54
1905 1131.54 1131.54
1906 1131.54 1131.54
1907 1131.54 1131.54
1908 1131.54 1131.54
1909 1131.54 1131.54
1910 1131.54 1131.54
1911 1131.54 1131.54
1912 1131.54 1131.54
1913 1131.54 1131.54
1914 1131.54 1131.54
1915 1131.54 1131.54
1916 1131.54 1131.54
1917 1131.54 1131.54
1918 1131.54 1131.54
1919 1131.54 1131.54
1920 1131.54 1131.54
1921 1131.54 1131.54
1922 1131.54 1131.54
1923 1131.54 1131.54
1924 1131.54 1131.54
1925 1131.54 1131.54
1926 1131.54 1131.54
1927 1131.54 1131.54
1928 1131.54 1131.54
1929 1131.54 1131.54
1930 1131.54 1131.54
1931 1131.54 1131.54
1932 1131.54 1131.54
1933 1131.54 1131.54
1934 1131.54 1131.54
1935 1131.54 1131.54
1936 1131.54 1131.54
1937 1131.54 1131.54
1938 1131.54 1131.54
1939 1131.54 1131.54
1940 1131.54 1131.54
1941 1131.54 1131.54
1942 1131.54 1131.54
1943 1131.54 1131.54
1944 1131.54 1131.54
1945 1131.54 1131.54
1946 1131.54 1131.54
1947 1131.54 1131.54
1948 1131.54 1131.54
1949 1131.54 1131.54
1950 1131.54 1131.54
1951 1131.54 1131.54
1952 1131.54 1131.54
1953 1131.54 1131.54
1954 1131.54 1131.54
1955 1131.54 1131.54
1956 1131.54 1131.54
1957 1131.54 1131.54
1958 1131.54 1131.54
1959 1131.54 1131.54
1960 1131.54 1131.54
1961 1131.54 1131.54
1962 1131.54 1131.54
1963 1131.54 1131.54
1964 1131.54 1131.54
1965 1131.54 1131.54
1966 1131.54 1131.54
1967 1131.54 1131.54
1968 1131.54 1131.54
1969 1131.54 1131.54
1970 1131.54 1131.54
1971 1131.54 1131.54
1972 1131.54 1131.54
1973 1131.54 1131.54
1974 1131.54 1131.54
1975 1131.54 1131.54
1976 1131.54 1131.54
1977 1131.54 1131.54
1978 1131.54 1131.54
1979 1131.54 1131.54
1980 1131.54 1131.54
1981 1131.54 1131.54
1982 1131.54 1131.54
1983 1131.54 1131.54
1984 1131.54 1131.54
1985 1131.54 1131.54
1986 1131.54 1131.54
1987 1131.54 1131.54
1988 1131.54 1131.54
1989 1131.54 1131.54
1990 1131.54 1131.54
1991 1131.54 1131.54
1992 1131.54 1131.54
1993 1131.54 1131.54
1994 1131.54 1131.54
1995 1131.54 1131.54
1996 1131.54 1131.54
1997 1131.54 1131.54
1998 1131.54 1131.54
1999 1131.54 1131.54
2000 1131.54 1131.54
2001 1131.54 1131.54
2002 1131.54 1131.54
2003 1131.54 1131.54
2004 1131.54 1131.54
2005 1131.54 1131.54
2006 1131.54 1131.54
2007 1131.54 1131.54
2008 1131.54 1131.54
2009 1131.54 1131.54
2010 1131.54 1131.54
2011 1131.54 1131.54
2012 1131.54 1131.54
2013 1131.54 1131.54
2014 1131.54 1131.54
2015 1131.54 1131.54
2016 1131.54 1131.54
2017 1131.54 1131.54
2018 1131.54 1131.54
2019 1131.54 1131.54
2020 1131.54 1131.54
2021 1131.54 1131.54
2022 1131.54 1131.54
2023 1131.54 1131.54
2024 1131.54 1131.54
2025 1131.54 1131.54
2026 1131.54 1131.54
2027 1131.54 1131.54
2028 1131.54 1131.54
2029 1131.54 1131.54
2030 1131.54 1131.54
2031 1131.54 1131.54
2032 1131.54 1131.54
2033 1131.54 1131.54
2034 1131.54 1131.54
2035 1131.54 1131.54
2036 1131.54 1131.54
2037 1131.54 1131.54
2038 1131.54 1131.54
2039 1131.54 1131.54
2040 1131.54 1131.54
2041 1131.54 1131.54
2042 1131.54 1131.54
2043 1131.54 1131.54
2044 1131.54 1131.54
2045 1131.54 1131.54
2046 1131.54 1131.54
2047 1131.54 1131.54
2048 1131.54 1131.54
2049 1131.54 1131.54
2050 1131.54 1131.54
2051 1131.54 1131.54
2052 1131.54 1131.54
2053 1131.54 1131.54
2054 1131.54 1131.54
2055 1131.54 1131.54
2056 1131.54 1131.54
2057 1131.54 1131.54
2058 1131.54 1131.54
2059 1131.54 1131.54
2060 1131.54 1131.54
2061 1131.54 1131.54
2062 1131.54 1131.54
2063 1131.54 1131.54
2064 1131.54 1131.54
2065 1131.54 1131.54
2066 1131.54 1131.54
2067 1131.54 1131.54
2068 1131.54 1131.54
2069 1131.54 1131.54
2070 1131.54 1131.54
2071 1131.54 1131.54
2072 1131.54 1131.54
2073 1131.54 1131.54
2074 1131.54 1131.54
2075 1131.54 1131.54
2076 1131.54 1131.54
2077 1131.54 1131.54
2078 1131.54 1131.54
2079 1131.54 1131.54
2080 1131.54 1131.54
2081 1131.54 1131.54
2082 1131.54 1131.54
2083 1131.54 1131.54
2084 1131.54 1131.54
2085 1131.54 1131.54
2086 1131.54 1131.54
2087 1131.54 1131.54
2088 1131.54 1131.54
2089 1131.54 1131.54
2090 1131.54 1131.54
2091 1131.54 1131.54
2092 1131.54 1131.54
2093 1131.54 1131.54
2094 1131.54 1131.54
2095 1131.54 1131.54
2096 1131.54 1131.54
2097 1131.54 1131.54
2098 1131.54 1131.54
2099 1131.54 1131.54
2100 1131.54 1131.54
2101 1131.54 1131.54
2102 1131.54 1131.54
2103 1131.54 1131.54
2104 1131.54 1131.54
2105 1131.54 1131.54
2106 1131.54 1131.54
2107 1131.54 1131.54
2108 1131.54 1131.54
2109 1131.54 1131.54
2110 1131.54 1131.54
2111 1131.54 1131.54
2112 1131.54 1131.54
2113 1131.54 1131.54
2114 1131.54 1131.54
2115 1131.54 1131.54
2116 1131.54 1131.54
2117 1131.54 1131.54
2118 1131.54 1131.54
2119 1131.54 1131.54
2120 1131.54 1131.54
2121 1131.54 1131.54
2122 1131.54 1131.54
2123 1131.54 1131.54
2124 1131.54 1131.54
2125 1131.54 1131.54
2126 1131.54 1131.54
2127 1131.54 1131.54
2128 1131.54 1131.54
2129 1131.54 1131.54
2130 1131.54 1131.54
2131 1131.54 1131.54
2132 1131.54 1131.54
2133 1131.54 1131.54
2134 1131.54 1131.54
2135 1131.54 1131.54
2136 1131.54 1131.54
2137 1131.54 1131.54
2138 1131.54 1131.54
2139 1131.54 1131.54
2140 1131.54 1131.54
2141 1131.54 1131.54
2142 1131.54 1131.54
2143 1131.54 1131.54
2144 1131.54 1131.54
2145 1131.54 1131.54
2146 1131.54 1131.54
2147 1131.54 1131.54
2148 1131.54 1131.54
2149 1131.54 1131.54
2150 1131.54 1131.54
2151 1131.54 1131.54
2152 1131.54 1131.54
2153 1131.54 1131.54
2154 1131.54 1131.54
2155 1131.54 1131.54
2156 1131.54 1131.54
2157 1131.54 1131.54
2158 1131.54 1131.54
2159 1131.54 1131.54
2160 1131.54 1131.54
2161 1131.54 1131.54
2162 1131.54 1131.54
2163 1131.54 1131.54
2164 1131.54 1131.54
2165 1131.54 1131.54
2166 1131.54 1131.54
2167 1131.54 1131.54
2168 1131.54 1131.54
2169 1131.54 1131.54
2170 1131.54 1131.54
2171 1131.54 1131.54
2172 1131.54 1131.54
2173 1131.54 1131.54
2174 1131.54 1131.54
2175 1131.54 1131.54
2176 1131.54 1131.54
2177 1131.54 1131.54
2178 1131.54 1131.54
2179 1131.54 1131.54
2180 1131.54 1131.54
2181 1131.54 1131.54
2182 1131.54 1131.54
2183 1131.54 1131.54
2184 1131.54 1131.54
2185 1131.54 1131.54
2186 1131.54 1131.54
2187 1131.54 1131.54
2188 1131.54 1131.54
2189 1131.54 1131.54
2190 1131.54 1131.54
2191 1131.54 1131.54
2192 1131.54 1131.54
2193 1131.54 1131.54
2194 1131.54 1131.54
2195 1131.54 1131.54
2196 1131.54 1131.54
2197 1131.54 1131.54
2198 1131.54 1131.54
2199 1131.54 1131.54
2200 1131.54 1131.54
2201 1131.54 1131.54
2202 1131.54 1131.54
2203 1131.54 1131.54
2204 1131.54 1131.54
2205 1131.54 1131.54
2206 1131.54 1131.54
2207 1131.54 1131.54
2208 1131.54 1131.54
2209 1131.54 1131.54
2210 1131.54 1131.54
2211 1131.54 1131.54
2212 1131.54 1131.54
2213 1131.54 1131.54
2214 1131.54 1131.54
2215 1131.54 1131.54
2216 1131.54 1131.54
2217 1131.54 1131.54
2218 1131.54 1131.54
2219 1131.54 1131.54
2220 1131.54 1131.54
2221 1131.54 1131.54
2222 1131.54 1131.54
2223 1131.54 1131.54
2224 1131.54 1131.54
2225 1131.54 1131.54
2226 1131.54 1131.54
2227 1131.54 1131.54
2228 1131.54 1131.54
2229 1131.54 1131.54
2230 1131.54 1131.54
2231 1131.54 1131.54
2232 1131.54 1131.54
2233 1131.54 1131.54
2234 1131.54 1131.54
2235 1131.54 1131.54
2236 1131.54 1131.54
2237 1131.54 1131.54
2238 1131.54 1131.54
2239 1131.54 1131.54
2240 1131.54 1131.54
2241 1131.54 1131.54
2242 1131.54 1131.54
2243 1131.54 1131.54
2244 1131.54 1131.54
2245 1131.54 1131.54
2246 1131.54 1131.54
2247 1131.54 1131.54
2248 1131.54 1131.54
2249 1131.54 1131.54
2250 1131.54 1131.54
2251 1131.54 1131.54
2252 1131.54 1131.54
2253 1131.54 1131.54
2254 1131.54 1131.54
2255 1131.54 1131.54
2256 1131.54 1131.54
2257 1131.54 1131.54
2258 1131.54 1131.54
2259 1131.54 1131.54
2260 1131.54 1131.54
2261 1131.54 1131.54
2262 1131.54 1131.54
2263 1131.54 1131.54
2264 1131.54 1131.54
2265 1131.54 1131.54
2266 1131.54 1131.54
2267 1131.54 1131.54
2268 1131.54 1131.54
2269 1131.54 1131.54
2270 1131.54 1131.54
2271 1131.54 1131.54
2272 1131.54 1131.54
2273 1131.54 1131.54
2274 1131.54 1131.54
2275 1131.54 1131.54
2276 1131.54 1131.54
2277 1131.54 1131.54
2278 1131.54 1131.54
2279 1131.54 1131.54
2280 1131.54 1131.54
2281 1131.54 1131.54
2282 1131.54 1131.54
2283 1131.54 1131.54
2284 1131.54 1131.54
2285 1131.54 1131.54
2286 1131.54 1131.54
2287 1131.54 1131.54
2288 1131.54 1131.54
2289 1131.54 1131.54
2290 1131.54 1131.54
2291 1131.54 1131.54
2292 1131.54 1131.54
2293 1131.54 1131.54
2294 1131.54 1131.54
2295 1131.54 1131.54
2296 1131.54 1131.54
2297 1131.54 1131.54
2298 1131.54 1131.54
2299 1131.54 1131.54
2300 1131.54 1131.54
2301 1131.54 1131.54
2302 1131.54 1131.54
2303 1131.54 1131.54
2304 1131.54 1131.54
2305 1131.54 1131.54
2306 1131.54 1131.54
2307 1131.54 1131.54
2308 1131.54 1131.54
2309 1131.54 1131.54
2310 1131.54 1131.54
2311 1131.54 1131.54
2312 1131.54 1131.54
2313 1131.54 1131.54
2314 1131.54 1131.54
2315 1131.54 1131.54
2316 1131.54 1131.54
2317 1131.54 1131.54
2318 1131.54 1131.54
2319 1131.54 1131.54
2320 1131.54 1131.54
2321 1131.54 1131.54
2322 1131.54 1131.54
2323 1131.54 1131.54
2324 1131.54 1131.54
2325 1131.54 1131.54
2326 1131.54 1131.54
2327 1131.54 1131.54
2328 1131.54 1131.54
2329 1131.54 1131.54
2330 1131.54 1131.54
2331 1131.54 1131.54
2332 1131.54 1131.54
2333 1131.54 1131.54
2334 1131.54 1131.54
2335 1131.54 1131.54
2336 1131.54 1131.54
2337 1131.54 1131.54
2338 1131.54 1131.54
2339 1131.54 1131.54
2340 1131.54 1131.54
2341 1131.54 1131.54
2342 1131.54 1131.54
2343 1131.54 1131.54
2344 1131.54 1131.54
2345 1131.54 1131.54
2346 1131.54 1131.54
2347 1131.54 1131.54
2348 1131.54 1131.54
2349 1131.54 1131.54
2350 1131.54 1131.54
2351 1131.54 1131.54
2352 1131.54 1131.54
2353 1131.54 1131.54
2354 1131.54 1131.54
2355 1131.54 1131.54
2356 1131.54 1131.54
2357 1131.54 1131.54
2358 1131.54 1131.54
2359 1131.54 1131.54
2360 1131.54 1131.54
2361 1131.54 1131.54
2362 1131.54 1131.54
2363 1131.54 1131.54
2364 1131.54 1131.54
2365 1131.54 1131.54
2366 1131.54 1131.54
2367 1131.54 1131.54
2368 1131.54 1131.54
2369 1131.54 1131.54
2370 1131.54 1131.54
2371 1131.54 1131.54
2372 1131.54 1131.54
2373 1131.54 1131.54
2374 1131.54 1131.54
2375 1131.54 1131.54
2376 1131.54 1131.54
2377 1131.54 1131.54
2378 1131.54 1131.54
2379 1131.54 1131.54
2380 1131.54 1131.54
2381 1131.54 1131.54
2382 1131.54 1131.54
2383 1131.54 1131.54
2384 1131.54 1131.54
2385 1131.54 1131.54
2386 1131.54 1131.54
2387 1131.54 1131.54
2388 1131.54 1131.54
2389 1131.54 1131.54
2390 1131.54 1131.54
2391 1131.54 1131.54
2392 1131.54 1131.54
2393 1131.54 1131.54
2394 1131.54 1131.54
2395 1131.54 1131.54
2396 1131.54 1131.54
2397 1131.54 1131.54
2398 1131.54 1131.54
2399 1131.54 1131.54
2400 1131.54 1131.54
2401 1131.54 1131.54
2402 1131.54 1131.54
2403 1131.54 1131.54
2404 1131.54 1131.54
2405 1131.54 1131.54
2406 1131.54 1131.54
2407 1131.54 1131.54
2408 1131.54 1131.54
2409 1131.54 1131.54
2410 1131.54 1131.54
2411 1131.54 1131.54
2412 1131.54 1131.54
2413 1131.54 1131.54
2414 1131.54 1131.54
2415 1131.54 1131.54
2416 1131.54 1131.54
2417 1131.54 1131.54
2418 1131.54 1131.54
2419 1131.54 1131.54
2420 1131.54 1131.54
2421 1131.54 1131.54
2422 1131.54 1131.54
2423 1131.54 1131.54
2424 1131.54 1131.54
2425 1131.54 1131.54
2426 1131.54 1131.54
2427 1131.54 1131.54
2428 1131.54 1131.54
2429 1131.54 1131.54
2430 1131.54 1131.54
2431 1131.54 1131.54
2432 1131.54 1131.54
2433 1131.54 1131.54
2434 1131.54 1131.54
2435 1131.54 1131.54
2436 1131.54 1131.54
2437 1131.54 1131.54
2438 1131.54 1131.54
2439 1131.54 1131.54
2440 1131.54 1131.54
2441 1131.54 1131.54
2442 1131.54 1131.54
2443 1131.54 1131.54
2444 1131.54 1131.54
2445 1131.54 1131.54
2446 1131.54 1131.54
2447 1131.54 1131.54
2448 1131.54 1131.54
2449 1131.54 1131.54
2450 1131.54 1131.54
2451 1131.54 1131.54
2452 1131.54 1131.54
2453 1131.54 1131.54
2454 1131.54 1131.54
2455 1131.54 1131.54
2456 1131.54 1131.54
2457 1131.54 1131.54
2458 1131.54 1131.54
2459 1131.54 1131.54
2460 1131.54 1131.54
2461 1131.54 1131.54
2462 1131.54 1131.54
2463 1131.54 1131.54
2464 1131.54 1131.54
2465 1131.54 1131.54
2466 1131.54 1131.54
2467 1131.54 1131.54
2468 1131.54 1131.54
2469 1131.54 1131.54
2470 1131.54 1131.54
2471 1131.54 1131.54
2472 1131.54 1131.54
2473 1131.54 1131.54
2474 1131.54 1131.54
2475 1131.54 1131.54
2476 1131.54 1131.54
2477 1131.54 1131.54
2478 1131.54 1131.54
2479 1131.54 1131.54
2480 1131.54 1131.54
2481 1131.54 1131.54
2482 1131.54 1131.54
2483 1131.54 1131.54
2484 1131.54 1131.54
2485 1131.54 1131.54
2486 1131.54 1131.54
2487 1131.54 1131.54
2488 1131.54 1131.54
2489 1131.54 1131.54
2490 1131.54 1131.54
2491 1131.54 1131.54
2492 1131.54 1131.54
2493 1131.54 1131.54
2494 1131.54 1131.54
2495 1131.54 1131.54
2496 1131.54 1131.54
2497 1131.54 1131.54
2498 1131.54 1131.54
2499 1131.54 1131.54
2500 1131.54 1131.54
2501 1131.54 1131.54
2502 1131.54 1131.54
2503 1131.54 1131.54
2504 1131.54 1131.54
2505 1131.54 1131.54
2506 1131.54 1131.54
2507 1131.54 1131.54
2508 1131.54 1131.54
2509 1131.54 1131.54
2510 1131.54 1131.54
2511 1131.54 1131.54
2512 1131.54 1131.54
2513 1131.54 1131.54
2514 1131.54 1131.54
2515 1131.54 1131.54
2516 1131.54 1131.54
2517 1131.54 1131.54
2518 1131.54 1131.54
2519 1131.54 1131.54
2520 1131.54 1131.54
2521 1131.54 1131.54
2522 1131.54 1131.54
2523 1131.54 1131.54
2524 1131.54 1131.54
2525 1131.54 1131.54
2526 1131.54 1131.54
2527 1131.54 1131.54
2528 1131.54 1131.54
2529 1131.54 1131.54
2530 1131.54 1131.54
2531 1131.54 1131.54
2532 1131.54 1131.54
2533 1131.54 1131.54
2534 1131.54 1131.54
2535 1131.54 1131.54
2536 1131.54 1131.54
2537 1131.54 1131.54
2538 1131.54 1131.54
2539 1131.54 1131.54
2540 1131.54 1131.54
2541 1131.54 1131.54
2542 1131.54 1131.54
2543 1131.54 1131.54
2544 1131.54 1131.54
2545 1131.54 1131.54
2546 1131.54 1131.54
2547 1131.54 1131.54
2548 1131.54 1131.54
2549 1131.54 1131.54
2550 1131.54 1131.54
2551 1131.54 1131.54
2552 1131.54 1131.54
2553 1131.54 1131.54
2554 1131.54 1131.54
2555 1131.54 1131.54
2556 1131.54 1131.54
2557 1131.54 1131.54
2558 1131.54 1131.54
2559 1131.54 1131.54
2560 1131.54 1131.54
2561 1131.54 1131.54
2562 1131.54 1131.54
2563 1131.54 1131.54
2564 1131.54 1131.54
2565 1131.54 1131.54
2566 1131.54 1131.54
2567 1131.54 1131.54
2568 1131.54 1131.54
2569 1131.54 1131.54
2570 1131.54 1131.54
2571 1131.54 1131.54
2572 1131.54 1131.54
2573 1131.54 1131.54
2574 1131.54 1131.54
2575 1131.54 1131.54
2576 1131.54 1131.54
2577 1131.54 1131.54
2578 1131.54 1131.54
2579 1131.54 1131.54
2580 1131.54 1131.54
2581 1131.54 1131.54
2582 1131.54 1131.54
2583 1131.54 1131.54
2584 1131.54 1131.54
2585 1131.54 1131.54
2586 1131.54 1131.54
2587 1131.54 1131.54
2588 1131.54 1131.54
2589 1131.54 1131.54
2590 1131.54 1131.54
2591 1131.54 1131.54
2592 1131.54 1131.54
2593 1131.54 1131.54
2594 1131.54 1131.54
2595 1131.54 1131.54
2596 1131.54 1131.54
2597 1131.54 1131.54
2598 1131.54 1131.54
2599 1131.54 1131.54
2600 1131.54 1131.54
2601 1131.54 1131.54
2602 1131.54 1131.54
2603 1131.54 1131.54
2604 1131.54 1131.54
2605 1131.54 1131.54
2606 1131.54 1131.54
2607 1131.54 1131.54
2608 1131.54 1131.54
2609 1131.54 1131.54
