0 1130.73 1130.73
1 1130.73 1130.73
2 1130.73 1130.73
3 1130.73 1130.73
4 1130.73 1130.73
5 1130.73 1130.73
6 1130.73 1130.73
7 1130.73 1130.73
8 1130.73 1130.73
9 1130.73 1130.73
10 1130.73 1130.73
11 1130.73 1130.73
12 1130.73 1130.73
13 1130.73 1130.73
14 1130.73 1130.73
15 1130.73 1130.73
16 1130.73 1130.73
17 1130.73 1130.73
18 1130.73 1130.73
19 1130.73 1130.73
20 1130.73 1130.73
21 1130.73 1130.73
22 1130.73 1130.73
23 1130.73 1130.73
24 1130.73 1130.73
25 1130.73 1130.73
26 1130.73 1130.73
27 1130.73 1130.73
28 1130.73 1130.73
29 1130.73 1130.73
30 1130.73 1130.73
31 1130.73 1130.73
32 1130.73 1130.73
33 1130.73 1130.73
34 1130.73 1130.73
35 1130.73 1130.73
36 1130.73 1130.73
37 1130.73 1130.73
38 1130.73 1130.73
39 1130.73 1130.73
40 1130.73 1130.73
41 1130.73 1130.73
42 1130.73 1130.73
43 1130.73 1130.73
44 1130.73 1130.73
45 1130.73 1130.73
46 1130.73 1130.73
47 1130.73 1130.73
48 1130.73 1130.73
49 1130.73 1130.73
50 1130.73 1130.73
51 1130.73 1130.73
52 1130.73 1130.73
53 1130.73 1130.73
54 1130.73 1130.73
55 1130.73 1130.73
56 1130.73 1130.73
57 1130.73 1130.73
58 1130.73 1130.73
59 1130.73 1130.73
60 1130.73 1130.73
61 1130.73 1130.73
62 1130.73 1130.73
63 1130.73 1130.73
64 1130.73 1130.73
65 1130.73 1130.73
66 1130.73 1130.73
67 1130.73 1130.73
68 1130.73 1130.73
69 1130.73 1130.73
70 1130.73 1130.73
71 1130.73 1130.73
72 1130.73 1130.73
73 1130.73 1130.73
74 1130.73 1130.73
75 1130.73 1130.73
76 1130.73 1130.73
77 1130.73 1130.73
78 1130.73 1130.73
79 1130.73 1130.73
80 1130.73 1130.73
81 1130.73 1130.73
82 1130.73 1130.73
83 1130.73 1130.73
84 1130.73 1130.73
85 1130.73 1130.73
86 1130.73 1130.73
87 1130.73 1130.73
88 1130.73 1130.73
89 1130.73 1130.73
90 1130.73 1130.73
91 1130.73 1130.73
92 1130.73 1130.73
93 1130.73 1130.73
94 1130.73 1130.73
95 1130.73 1130.73
96 1130.73 1130.73
97 1130.73 1130.73
98 1130.73 1130.73
99 1130.73 1130.73
100 1130.73 1130.73
101 1130.73 1130.73
102 1130.73 1130.73
103 1130.73 1130.73
104 1130.73 1130.73
105 1130.73 1130.73
106 1130.73 1130.73
107 1130.73 1130.73
108 1130.73 1130.73
109 1130.73 1130.73
110 1130.73 1130.73
111 1130.73 1130.73
112 1130.73 1130.73
113 1130.73 1130.73
114 1130.73 1130.73
115 1130.73 1130.73
116 1130.73 1130.73
117 1130.73 1130.73
118 1130.73 1130.73
119 1130.73 1130.73
120 1130.73 1130.73
121 1130.73 1130.73
122 1130.73 1130.73
123 1130.73 1130.73
124 1130.73 1130.73
125 1130.73 1130.73
126 1130.73 1130.73
127 1130.73 1130.73
128 1130.73 1130.73
129 1130.73 1130.73
130 1130.73 1130.73
131 1130.73 1130.73
132 1130.73 1130.73
133 1130.73 1130.73
134 1130.73 1130.73
135 1130.73 1130.73
136 1130.73 1130.73
137 1130.73 1130.73
138 1130.73 1130.73
139 1130.73 1130.73
140 1130.73 1130.73
141 1130.73 1130.73
142 1130.73 1130.73
143 1130.73 1130.73
144 1130.73 1130.73
145 1130.73 1130.73
146 1130.73 1130.73
147 1130.73 1130.73
148 1130.73 1130.73
149 1130.73 1130.73
150 1130.73 1130.73
151 1130.73 1130.73
152 1130.73 1130.73
153 1130.73 1130.73
154 1130.73 1130.73
155 1130.73 1130.73
156 1130.73 1130.73
157 1130.73 1130.73
158 1130.73 1130.73
159 1130.73 1130.73
160 1130.73 1130.73
161 1130.73 1130.73
162 1130.73 1130.73
163 1130.73 1130.73
164 1130.73 1130.73
165 1130.73 1130.73
166 1130.73 1130.73
167 1130.73 1130.73
168 1130.73 1130.73
169 1130.73 1130.73
170 1130.73 1130.73
171 1130.73 1130.73
172 1130.73 1130.73
173 1130.73 1130.73
174 1130.73 1130.73
175 1130.73 1130.73
176 1130.73 1130.73
177 1130.73 1130.73
178 1130.73 1130.73
179 1130.73 1130.73
180 1130.73 1130.73
181 1130.73 1130.73
182 1130.73 1130.73
183 1130.73 1130.73
184 1130.73 1130.73
185 1130.73 1130.73
186 1130.73 1130.73
187 1130.73 1130.73
188 1130.73 1130.73
189 1130.73 1130.73
190 1130.73 1130.73
191 1130.73 1130.73
192 1130.73 1130.73
193 1130.73 1130.73
194 1130.73 1130.73
195 1130.73 1130.73
196 1130.73 1130.73
197 1130.73 1130.73
198 1130.73 1130.73
199 1130.73 1130.73
200 1130.73 1130.73
201 1130.73 1130.73
202 1130.73 1130.73
203 1130.73 1130.73
204 1130.73 1130.73
205 1130.73 1130.73
206 1130.73 1130.73
207 1130.73 1130.73
208 1130.73 1130.73
209 1130.73 1130.73
210 1130.73 1130.73
211 1130.73 1130.73
212 1130.73 1130.73
213 1130.73 1130.73
214 1130.73 1130.73
215 1130.73 1130.73
216 1130.73 1130.73
217 1130.73 1130.73
218 1130.73 1130.73
219 1130.73 1130.73
220 1130.73 1130.73
221 1130.73 1130.73
222 1130.73 1130.73
223 1130.73 1130.73
224 1130.73 1130.73
225 1130.73 1130.73
226 1130.73 1130.73
227 1130.73 1130.73
228 1130.73 1130.73
229 1130.73 1130.73
230 1130.73 1130.73
231 1130.73 1130.73
232 1130.73 1130.73
233 1130.73 1130.73
234 1130.73 1130.73
235 1130.73 1130.73
236 1130.73 1130.73
237 1130.73 1130.73
238 1130.73 1130.73
239 1130.73 1130.73
240 1130.73 1130.73
241 1130.73 1130.73
242 1130.73 1130.73
243 1130.73 1130.73
244 1130.73 1130.73
245 1130.73 1130.73
246 1130.73 1130.73
247 1130.73 1130.73
248 1130.73 1130.73
249 1130.73 1130.73
250 1130.73 1130.73
251 1130.73 1130.73
252 1130.73 1130.73
253 1130.73 1130.73
254 1130.73 1130.73
255 1130.73 1130.73
256 1130.73 1130.73
257 1130.73 1130.73
258 1130.73 1130.73
259 1130.73 1130.73
260 1130.73 1130.73
261 1130.73 1130.73
262 1130.73 1130.73
263 1130.73 1130.73
264 1130.73 1130.73
265 1130.73 1130.73
266 1130.73 1130.73
267 1130.73 1130.73
268 1130.73 1130.73
269 1130.73 1130.73
270 1130.73 1130.73
271 1130.73 1130.73
272 1130.73 1130.73
273 1130.73 1130.73
274 1130.73 1130.73
275 1130.73 1130.73
276 1130.73 1130.73
277 1130.73 1130.73
278 1130.73 1130.73
279 1130.73 1130.73
280 1130.73 1130.73
281 1130.73 1130.73
282 1130.73 1130.73
283 1130.73 1130.73
284 1130.73 1130.73
285 1130.73 1130.73
286 1130.73 1130.73
287 1130.73 1130.73
288 1130.73 1130.73
289 1130.73 1130.73
290 1130.73 1130.73
291 1130.73 1130.73
292 1130.73 1130.73
293 1130.73 1130.73
294 1130.73 1130.73
295 1130.73 1130.73
296 1130.73 1130.73
297 1130.73 1130.73
298 1130.73 1130.73
299 1130.73 1130.73
300 1130.73 1130.73
301 1130.73 1130.73
302 1130.73 1130.73
303 1130.73 1130.73
304 1130.73 1130.73
305 1130.73 1130.73
306 1130.73 1130.73
307 1130.73 1130.73
308 1130.73 1130.73
309 1130.73 1130.73
310 1130.73 1130.73
311 1130.73 1130.73
312 1130.73 1130.73
313 1130.73 1130.73
314 1130.73 1130.73
315 1130.73 1130.73
316 1130.73 1130.73
317 1130.73 1130.73
318 1130.73 1130.73
319 1130.73 1130.73
320 1130.73 1130.73
321 1130.73 1130.73
322 1130.73 1130.73
323 1130.73 1130.73
324 1130.73 1130.73
325 1130.73 1130.73
326 1130.73 1130.73
327 1130.73 1130.73
328 1130.73 1130.73
329 1130.73 1130.73
330 1130.73 1130.73
331 1130.73 1130.73
332 1130.73 1130.73
333 1130.73 1130.73
334 1130.73 1130.73
335 1130.73 1130.73
336 1130.73 1130.73
337 1130.73 1130.73
338 1130.73 1130.73
339 1130.73 1130.73
340 1130.73 1130.73
341 1130.73 1130.73
342 1130.73 1130.73
343 1130.73 1130.73
344 1130.73 1130.73
345 1130.73 1130.73
346 1130.73 1130.73
347 1130.73 1130.73
348 1130.73 1130.73
349 1130.73 1130.73
350 1130.73 1130.73
351 1130.73 1130.73
352 1130.73 1130.73
353 1130.73 1130.73
354 1130.73 1130.73
355 1130.73 1130.73
356 1130.73 1130.73
357 1130.73 1130.73
358 1130.73 1130.73
359 1130.73 1130.73
360 1130.73 1130.73
361 1130.73 1130.73
362 1130.73 1130.73
363 1130.73 1130.73
364 1130.73 1130.73
365 1130.73 1130.73
366 1130.73 1130.73
367 1130.73 1130.73
368 1130.73 1130.73
369 1130.73 1130.73
370 1130.73 1130.73
371 1130.73 1130.73
372 1130.73 1130.73
373 1130.73 1130.73
374 1130.73 1130.73
375 1130.73 1130.73
376 1130.73 1130.73
377 1130.73 1130.73
378 1130.73 1130.73
379 1130.73 1130.73
380 1130.73 1130.73
381 1130.73 1130.73
382 1130.73 1130.73
383 1130.73 1130.73
384 1130.73 1130.73
385 1130.73 1130.73
386 1130.73 1130.73
387 1130.73 1130.73
388 1130.73 1130.73
389 1130.73 1130.73
390 1130.73 1130.73
391 1130.73 1130.73
392 1130.73 1130.73
393 1130.73 1130.73
394 1130.73 1130.73
395 1130.73 1130.73
396 1130.73 1130.73
397 1130.73 1130.73
398 1130.73 1130.73
399 1130.73 1130.73
400 1130.73 1130.73
401 1130.73 1130.73
402 1130.73 1130.73
403 1130.73 1130.73
404 1130.73 1130.73
405 1130.73 1130.73
406 1130.73 1130.73
407 1130.73 1130.73
408 1130.73 1130.73
409 1130.73 1130.73
410 1130.73 1130.73
411 1130.73 1130.73
412 1130.73 1130.73
413 1130.73 1130.73
414 1130.73 1130.73
415 1130.73 1130.73
416 1130.73 1130.73
417 1130.73 1130.73
418 1130.73 1130.73
419 1130.73 1130.73
420 1130.73 1130.73
421 1130.73 1130.73
422 1130.73 1130.73
423 1130.73 1130.73
424 1130.73 1130.73
425 1130.73 1130.73
426 1130.73 1130.73
427 1130.73 1130.73
428 1130.73 1130.73
429 1130.73 1130.73
430 1130.73 1130.73
431 1130.73 1130.73
432 1130.73 1130.73
433 1130.73 1130.73
434 1130.73 1130.73
435 1130.73 1130.73
436 1130.73 1130.73
437 1130.73 1130.73
438 1130.73 1130.73
439 1130.73 1130.73
440 1130.73 1130.73
441 1130.73 1130.73
442 1130.73 1130.73
443 1130.73 1130.73
444 1130.73 1130.73
445 1130.73 1130.73
446 1130.73 1130.73
447 1130.73 1130.73
448 1130.73 1130.73
449 1130.73 1130.73
450 1130.73 1130.73
451 1130.73 1130.73
452 1130.73 1130.73
453 1130.73 1130.73
454 1130.73 1130.73
455 1130.73 1130.73
456 1130.73 1130.73
457 1130.73 1130.73
458 1130.73 1130.73
459 1130.73 1130.73
460 1130.73 1130.73
461 1130.73 1130.73
462 1130.73 1130.73
463 1130.73 1130.73
464 1130.73 1130.73
465 1130.73 1130.73
466 1130.73 1130.73
467 1130.73 1130.73
468 1130.73 1130.73
469 1130.73 1130.73
470 1130.73 1130.73
471 1130.73 1130.73
472 1130.73 1130.73
473 1130.73 1130.73
474 1130.73 1130.73
475 1130.73 1130.73
476 1130.73 1130.73
477 1130.73 1130.73
478 1130.73 1130.73
479 1130.73 1130.73
480 1130.73 1130.73
481 1130.73 1130.73
482 1130.73 1130.73
483 1130.73 1130.73
484 1130.73 1130.73
485 1130.73 1130.73
486 1130.73 1130.73
487 1130.73 1130.73
488 1130.73 1130.73
489 1130.73 1130.73
490 1130.73 1130.73
491 1130.73 1130.73
492 1130.73 1130.73
493 1130.73 1130.73
494 1130.73 1130.73
495 1130.73 1130.73
496 1130.73 1130.73
497 1130.73 1130.73
498 1130.73 1130.73
499 1130.73 1130.73
500 1130.73 1130.73
501 1130.73 1130.73
502 1130.73 1130.73
503 1130.73 1130.73
504 1130.73 1130.73
505 1130.73 1130.73
506 1130.73 1130.73
507 1130.73 1130.73
508 1130.73 1130.73
509 1130.73 1130.73
510 1130.73 1130.73
511 1130.73 1130.73
512 1130.73 1130.73
513 1130.73 1130.73
514 1130.73 1130.73
515 1130.73 1130.73
516 1130.73 1130.73
517 1130.73 1130.73
518 1130.73 1130.73
519 1130.73 1130.73
520 1130.73 1130.73
521 1130.73 1130.73
522 1130.73 1130.73
523 1130.73 1130.73
524 1130.73 1130.73
525 1130.73 1130.73
526 1130.73 1130.73
527 1130.73 1130.73
528 1130.73 1130.73
529 1130.73 1130.73
530 1130.73 1130.73
531 1130.73 1130.73
532 1130.73 1130.73
533 1130.73 1130.73
534 1130.73 1130.73
535 1130.73 1130.73
536 1130.73 1130.73
537 1130.73 1130.73
538 1130.73 1130.73
539 1130.73 1130.73
540 1130.73 1130.73
541 1130.73 1130.73
542 1130.73 1130.73
543 1130.73 1130.73
544 1130.73 1130.73
545 1130.73 1130.73
546 1130.73 1130.73
547 1130.73 1130.73
548 1130.73 1130.73
549 1130.73 1130.73
550 1130.73 1130.73
551 1130.73 1130.73
552 1130.73 1130.73
553 1130.73 1130.73
554 1130.73 1130.73
555 1130.73 1130.73
556 1130.73 1130.73
557 1130.73 1130.73
558 1130.73 1130.73
559 1130.73 1130.73
560 1130.73 1130.73
561 1130.73 1130.73
562 1130.73 1130.73
563 1130.73 1130.73
564 1130.73 1130.73
565 1130.73 1130.73
566 1130.73 1130.73
567 1130.73 1130.73
568 1130.73 1130.73
569 1130.73 1130.73
570 1130.73 1130.73
571 1130.73 1130.73
572 1130.73 1130.73
573 1130.73 1130.73
574 1130.73 1130.73
575 1130.73 1130.73
576 1130.73 1130.73
577 1130.73 1130.73
578 1130.73 1130.73
579 1130.73 1130.73
580 1130.73 1130.73
581 1130.73 1130.73
582 1130.73 1130.73
583 1130.73 1130.73
584 1130.73 1130.73
585 1130.73 1130.73
586 1130.73 1130.73
587 1130.73 1130.73
588 1130.73 1130.73
589 1130.73 1130.73
590 1130.73 1130.73
591 1130.73 1130.73
592 1130.73 1130.73
593 1130.73 1130.73
594 1130.73 1130.73
595 1130.73 1130.73
596 1130.73 1130.73
597 1130.73 1130.73
598 1130.73 1130.73
599 1130.73 1130.73
600 1130.73 1130.73
601 1130.73 1130.73
602 1130.73 1130.73
603 1130.73 1130.73
604 1130.73 1130.73
605 1130.73 1130.73
606 1130.73 1130.73
607 1130.73 1130.73
608 1130.73 1130.73
609 1130.73 1130.73
610 1130.73 1130.73
611 1130.73 1130.73
612 1130.73 1130.73
613 1130.73 1130.73
614 1130.73 1130.73
615 1130.73 1130.73
616 1130.73 1130.73
617 1130.73 1130.73
618 1130.73 1130.73
619 1130.73 1130.73
620 1130.73 1130.73
621 1130.73 1130.73
622 1130.73 1130.73
623 1130.73 1130.73
624 1130.73 1130.73
625 1130.73 1130.73
626 1130.73 1130.73
627 1130.73 1130.73
628 1130.73 1130.73
629 1130.73 1130.73
630 1130.73 1130.73
631 1130.73 1130.73
632 1130.73 1130.73
633 1130.73 1130.73
634 1130.73 1130.73
635 1130.73 1130.73
636 1130.73 1130.73
637 1130.73 1130.73
638 1130.73 1130.73
639 1130.73 1130.73
640 1130.73 1130.73
641 1130.73 1130.73
642 1130.73 1130.73
643 1130.73 1130.73
644 1130.73 1130.73
645 1130.73 1130.73
646 1130.73 1130.73
647 1130.73 1130.73
648 1130.73 1130.73
649 1130.73 1130.73
650 1130.73 1130.73
651 1130.73 1130.73
652 1130.73 1130.73
653 1130.73 1130.73
654 1130.73 1130.73
655 1130.73 1130.73
656 1130.73 1130.73
657 1130.73 1130.73
658 1130.73 1130.73
659 1130.73 1130.73
660 1130.73 1130.73
661 1130.73 1130.73
662 1130.73 1130.73
663 1130.73 1130.73
664 1130.73 1130.73
665 1130.73 1130.73
666 1130.73 1130.73
667 1130.73 1130.73
668 1130.73 1130.73
669 1130.73 1130.73
670 1130.73 1130.73
671 1130.73 1130.73
672 1130.73 1130.73
673 1130.73 1130.73
674 1130.73 1130.73
675 1130.73 1130.73
676 1130.73 1130.73
677 1130.73 1130.73
678 1130.73 1130.73
679 1130.73 1130.73
680 1130.73 1130.73
681 1130.73 1130.73
682 1130.73 1130.73
683 1130.73 1130.73
684 1130.73 1130.73
685 1130.73 1130.73
686 1130.73 1130.73
687 1130.73 1130.73
688 1130.73 1130.73
689 1130.73 1130.73
690 1130.73 1130.73
691 1130.73 1130.73
692 1130.73 1130.73
693 1130.73 1130.73
694 1130.73 1130.73
695 1130.73 1130.73
696 1130.73 1130.73
697 1130.73 1130.73
698 1130.73 1130.73
699 1130.73 1130.73
700 1130.73 1130.73
701 1130.73 1130.73
702 1130.73 1130.73
703 1130.73 1130.73
704 1130.73 1130.73
705 1130.73 1130.73
706 1130.73 1130.73
707 1130.73 1130.73
708 1130.73 1130.73
709 1130.73 1130.73
710 1130.73 1130.73
711 1130.73 1130.73
712 1130.73 1130.73
713 1130.73 1130.73
714 1130.73 1130.73
715 1130.73 1130.73
716 1130.73 1130.73
717 1130.73 1130.73
718 1130.73 1130.73
719 1130.73 1130.73
720 1130.73 1130.73
721 1130.73 1130.73
722 1130.73 1130.73
723 1130.73 1130.73
724 1130.73 1130.73
725 1130.73 1130.73
726 1130.73 1130.73
727 1130.73 1130.73
728 1130.73 1130.73
729 1130.73 1130.73
730 1130.73 1130.73
731 1130.73 1130.73
732 1130.73 1130.73
733 1130.73 1130.73
734 1130.73 1130.73
735 1130.73 1130.73
736 1130.73 1130.73
737 1130.73 1130.73
738 1130.73 1130.73
739 1130.73 1130.73
740 1130.73 1130.73
741 1130.73 1130.73
742 1130.73 1130.73
743 1130.73 1130.73
744 1130.73 1130.73
745 1130.73 1130.73
746 1130.73 1130.73
747 1130.73 1130.73
748 1130.73 1130.73
749 1130.73 1130.73
750 1130.73 1130.73
751 1130.73 1130.73
752 1130.73 1130.73
753 1130.73 1130.73
754 1130.73 1130.73
755 1130.73 1130.73
756 1130.73 1130.73
757 1130.73 1130.73
758 1130.73 1130.73
759 1130.73 1130.73
760 1130.73 1130.73
761 1130.73 1130.73
762 1130.73 1130.73
763 1130.73 1130.73
764 1130.73 1130.73
765 1130.73 1130.73
766 1130.73 1130.73
767 1130.73 1130.73
768 1130.73 1130.73
769 1130.73 1130.73
770 1130.73 1130.73
771 1130.73 1130.73
772 1130.73 1130.73
773 1130.73 1130.73
774 1130.73 1130.73
775 1130.73 1130.73
776 1130.73 1130.73
777 1130.73 1130.73
778 1130.73 1130.73
779 1130.73 1130.73
780 1130.73 1130.73
781 1130.73 1130.73
782 1130.73 1130.73
783 1130.73 1130.73
784 1130.73 1130.73
785 1130.73 1130.73
786 1130.73 1130.73
787 1130.73 1130.73
788 1130.73 1130.73
789 1130.73 1130.73
790 1130.73 1130.73
791 1130.73 1130.73
792 1130.73 1130.73
793 1130.73 1130.73
794 1130.73 1130.73
795 1130.73 1130.73
796 1130.73 1130.73
797 1130.73 1130.73
798 1130.73 1130.73
799 1130.73 1130.73
800 1130.73 1130.73
801 1130.73 1130.73
802 1130.73 1130.73
803 1130.73 1130.73
804 1130.73 1130.73
805 1130.73 1130.73
806 1130.73 1130.73
807 1130.73 1130.73
808 1130.73 1130.73
809 1130.73 1130.73
810 1130.73 1130.73
811 1130.73 1130.73
812 1130.73 1130.73
813 1130.73 1130.73
814 1130.73 1130.73
815 1130.73 1130.73
816 1130.73 1130.73
817 1130.73 1130.73
818 1130.73 1130.73
819 1130.73 1130.73
820 1130.73 1130.73
821 1130.73 1130.73
822 1130.73 1130.73
823 1130.73 1130.73
824 1130.73 1130.73
825 1130.73 1130.73
826 1130.73 1130.73
827 1130.73 1130.73
828 1130.73 1130.73
829 1130.73 1130.73
830 1130.73 1130.73
831 1130.73 1130.73
832 1130.73 1130.73
833 1130.73 1130.73
834 1130.73 1130.73
835 1130.73 1130.73
836 1130.73 1130.73
837 1130.73 1130.73
838 1130.73 1130.73
839 1130.73 1130.73
840 1130.73 1130.73
841 1130.73 1130.73
842 1130.73 1130.73
843 1130.73 1130.73
844 1130.73 1130.73
845 1130.73 1130.73
846 1130.73 1130.73
847 1130.73 1130.73
848 1130.73 1130.73
849 1130.73 1130.73
850 1130.73 1130.73
851 1130.73 1130.73
852 1130.73 1130.73
853 1130.73 1130.73
854 1130.73 1130.73
855 1130.73 1130.73
856 1130.73 1130.73
857 1130.73 1130.73
858 1130.73 1130.73
859 1130.73 1130.73
860 1130.73 1130.73
861 1130.73 1130.73
862 1130.73 1130.73
863 1130.73 1130.73
864 1130.73 1130.73
865 1130.73 1130.73
866 1130.73 1130.73
867 1130.73 1130.73
868 1130.73 1130.73
869 1130.73 1130.73
870 1130.73 1130.73
871 1130.73 1130.73
872 1130.73 1130.73
873 1130.73 1130.73
874 1130.73 1130.73
875 1130.73 1130.73
876 1130.73 1130.73
877 1130.73 1130.73
878 1130.73 1130.73
879 1130.73 1130.73
880 1130.73 1130.73
881 1130.73 1130.73
882 1130.73 1130.73
883 1130.73 1130.73
884 1130.73 1130.73
885 1130.73 1130.73
886 1130.73 1130.73
887 1130.73 1130.73
888 1130.73 1130.73
889 1130.73 1130.73
890 1130.73 1130.73
891 1130.73 1130.73
892 1130.73 1130.73
893 1130.73 1130.73
894 1130.73 1130.73
895 1130.73 1130.73
896 1130.73 1130.73
897 1130.73 1130.73
898 1130.73 1130.73
899 1130.73 1130.73
900 1130.73 1130.73
901 1130.73 1130.73
902 1130.73 1130.73
903 1130.73 1130.73
904 1130.73 1130.73
905 1130.73 1130.73
906 1130.73 1130.73
907 1130.73 1130.73
908 1130.73 1130.73
909 1130.73 1130.73
910 1130.73 1130.73
911 1130.73 1130.73
912 1130.73 1130.73
913 1130.73 1130.73
914 1130.73 1130.73
915 1130.73 1130.73
916 1130.73 1130.73
917 1130.73 1130.73
918 1130.73 1130.73
919 1130.73 1130.73
920 1130.73 1130.73
921 1130.73 1130.73
922 1130.73 1130.73
923 1130.73 1130.73
924 1130.73 1130.73
925 1130.73 1130.73
926 1130.73 1130.73
927 1130.73 1130.73
928 1130.73 1130.73
929 1130.73 1130.73
930 1130.73 1130.73
931 1130.73 1130.73
932 1130.73 1130.73
933 1130.73 1130.73
934 1130.73 1130.73
935 1130.73 1130.73
936 1130.73 1130.73
937 1130.73 1130.73
938 1130.73 1130.73
939 1130.73 1130.73
940 1130.73 1130.73
941 1130.73 1130.73
942 1130.73 1130.73
943 1130.73 1130.73
944 1130.73 1130.73
945 1130.73 1130.73
946 1130.73 1130.73
947 1130.73 1130.73
948 1130.73 1130.73
949 1130.73 1130.73
950 1130.73 1130.73
951 1130.73 1130.73
952 1130.73 1130.73
953 1130.73 1130.73
954 1130.73 1130.73
955 1130.73 1130.73
956 1130.73 1130.73
957 1130.73 1130.73
958 1130.73 1130.73
959 1130.73 1130.73
960 1130.73 1130.73
961 1130.73 1130.73
962 1130.73 1130.73
963 1130.73 1130.73
964 1130.73 1130.73
965 1130.73 1130.73
966 1130.73 1130.73
967 1130.73 1130.73
968 1130.73 1130.73
969 1130.73 1130.73
970 1130.73 1130.73
971 1130.73 1130.73
972 1130.73 1130.73
973 1130.73 1130.73
974 1130.73 1130.73
975 1130.73 1130.73
976 1130.73 1130.73
977 1130.73 1130.73
978 1130.73 1130.73
979 1130.73 1130.73
980 1130.73 1130.73
981 1130.73 1130.73
982 1130.73 1130.73
983 1130.73 1130.73
984 1130.73 1130.73
985 1130.73 1130.73
986 1130.73 1130.73
987 1130.73 1130.73
988 1130.73 1130.73
989 1130.73 1130.73
990 1130.73 1130.73
991 1130.73 1130.73
992 1130.73 1130.73
993 1130.73 1130.73
994 1130.73 1130.73
995 1130.73 1130.73
996 1130.73 1130.73
997 1130.73 1130.73
998 1130.73 1130.73
999 1130.73 1130.73
1000 1130.73 1130.73
1001 1130.73 1130.73
1002 1130.73 1130.73
1003 1130.73 1130.73
1004 1130.73 1130.73
1005 1130.73 1130.73
1006 1130.73 1130.73
1007 1130.73 1130.73
1008 1130.73 1130.73
1009 1130.73 1130.73
1010 1130.73 1130.73
1011 1130.73 1130.73
1012 1130.73 1130.73
1013 1130.73 1130.73
1014 1130.73 1130.73
1015 1130.73 1130.73
1016 1130.73 1130.73
1017 1130.73 1130.73
1018 1130.73 1130.73
1019 1130.73 1130.73
1020 1130.73 1130.73
1021 1130.73 1130.73
1022 1130.73 1130.73
1023 1130.73 1130.73
1024 1130.73 1130.73
1025 1130.73 1130.73
1026 1130.73 1130.73
1027 1130.73 1130.73
1028 1130.73 1130.73
1029 1130.73 1130.73
1030 1130.73 1130.73
1031 1130.73 1130.73
1032 1130.73 1130.73
1033 1130.73 1130.73
1034 1130.73 1130.73
1035 1130.73 1130.73
1036 1130.73 1130.73
1037 1130.73 1130.73
1038 1130.73 1130.73
1039 1130.73 1130.73
1040 1130.73 1130.73
1041 1130.73 1130.73
1042 1130.73 1130.73
1043 1130.73 1130.73
1044 1130.73 1130.73
1045 1130.73 1130.73
1046 1130.73 1130.73
1047 1130.73 1130.73
1048 1130.73 1130.73
1049 1130.73 1130.73
1050 1130.73 1130.73
1051 1130.73 1130.73
1052 1130.73 1130.73
1053 1130.73 1130.73
1054 1130.73 1130.73
1055 1130.73 1130.73
1056 1130.73 1130.73
1057 1130.73 1130.73
1058 1130.73 1130.73
1059 1130.73 1130.73
1060 1130.73 1130.73
1061 1130.73 1130.73
1062 1130.73 1130.73
1063 1130.73 1130.73
1064 1130.73 1130.73
1065 1130.73 1130.73
1066 1130.73 1130.73
1067 1130.73 1130.73
1068 1130.73 1130.73
1069 1130.73 1130.73
1070 1130.73 1130.73
1071 1130.73 1130.73
1072 1130.73 1130.73
1073 1130.73 1130.73
1074 1130.73 1130.73
1075 1130.73 1130.73
1076 1130.73 1130.73
1077 1130.73 1130.73
1078 1130.73 1130.73
1079 1130.73 1130.73
1080 1130.73 1130.73
1081 1130.73 1130.73
1082 1130.73 1130.73
1083 1130.73 1130.73
1084 1130.73 1130.73
1085 1130.73 1130.73
1086 1130.73 1130.73
1087 1130.73 1130.73
1088 1130.73 1130.73
1089 1130.73 1130.73
1090 1130.73 1130.73
1091 1130.73 1130.73
1092 1130.73 1130.73
1093 1130.73 1130.73
1094 1130.73 1130.73
1095 1130.73 1130.73
1096 1130.73 1130.73
1097 1130.73 1130.73
1098 1130.73 1130.73
1099 1130.73 1130.73
1100 1130.73 1130.73
1101 1130.73 1130.73
1102 1130.73 1130.73
1103 1130.73 1130.73
1104 1130.73 1130.73
1105 1130.73 1130.73
1106 1130.73 1130.73
1107 1130.73 1130.73
1108 1130.73 1130.73
1109 1130.73 1130.73
1110 1130.73 1130.73
1111 1130.73 1130.73
1112 1130.73 1130.73
1113 1130.73 1130.73
1114 1130.73 1130.73
1115 1130.73 1130.73
1116 1130.73 1130.73
1117 1130.73 1130.73
1118 1130.73 1130.73
1119 1130.73 1130.73
1120 1130.73 1130.73
1121 1130.73 1130.73
1122 1130.73 1130.73
1123 1130.73 1130.73
1124 1130.73 1130.73
1125 1130.73 1130.73
1126 1130.73 1130.73
1127 1130.73 1130.73
1128 1130.73 1130.73
1129 1130.73 1130.73
1130 1130.73 1130.73
1131 1130.73 1130.73
1132 1130.73 1130.73
1133 1130.73 1130.73
1134 1130.73 1130.73
1135 1130.73 1130.73
1136 1130.73 1130.73
1137 1130.73 1130.73
1138 1130.73 1130.73
1139 1130.73 1130.73
1140 1130.73 1130.73
1141 1130.73 1130.73
1142 1130.73 1130.73
1143 1130.73 1130.73
1144 1130.73 1130.73
1145 1130.73 1130.73
1146 1130.73 1130.73
1147 1130.73 1130.73
1148 1130.73 1130.73
1149 1130.73 1130.73
1150 1130.73 1130.73
1151 1130.73 1130.73
1152 1130.73 1130.73
1153 1130.73 1130.73
1154 1130.73 1130.73
1155 1130.73 1130.73
1156 1130.73 1130.73
1157 1130.73 1130.73
1158 1130.73 1130.73
1159 1130.73 1130.73
1160 1130.73 1130.73
1161 1130.73 1130.73
1162 1130.73 1130.73
1163 1130.73 1130.73
1164 1130.73 1130.73
1165 1130.73 1130.73
1166 1130.73 1130.73
1167 1130.73 1130.73
1168 1130.73 1130.73
1169 1130.73 1130.73
1170 1130.73 1130.73
1171 1130.73 1130.73
1172 1130.73 1130.73
1173 1130.73 1130.73
1174 1130.73 1130.73
1175 1130.73 1130.73
1176 1130.73 1130.73
1177 1130.73 1130.73
1178 1130.73 1130.73
1179 1130.73 1130.73
1180 1130.73 1130.73
1181 1130.73 1130.73
1182 1130.73 1130.73
1183 1130.73 1130.73
1184 1130.73 1130.73
1185 1130.73 1130.73
1186 1130.73 1130.73
1187 1130.73 1130.73
1188 1130.73 1130.73
1189 1130.73 1130.73
1190 1130.73 1130.73
1191 1130.73 1130.73
1192 1130.73 1130.73
1193 1130.73 1130.73
1194 1130.73 1130.73
1195 1130.73 1130.73
1196 1130.73 1130.73
1197 1130.73 1130.73
1198 1130.73 1130.73
1199 1130.73 1130.73
1200 1130.73 1130.73
1201 1130.73 1130.73
1202 1130.73 1130.73
1203 1130.73 1130.73
1204 1130.73 1130.73
1205 1130.73 1130.73
1206 1130.73 1130.73
1207 1130.73 1130.73
1208 1130.73 1130.73
1209 1130.73 1130.73
1210 1130.73 1130.73
1211 1130.73 1130.73
1212 1130.73 1130.73
1213 1130.73 1130.73
1214 1130.73 1130.73
1215 1130.73 1130.73
1216 1130.73 1130.73
1217 1130.73 1130.73
1218 1130.73 1130.73
1219 1130.73 1130.73
1220 1130.73 1130.73
1221 1130.73 1130.73
1222 1130.73 1130.73
1223 1130.73 1130.73
1224 1130.73 1130.73
1225 1130.73 1130.73
1226 1130.73 1130.73
1227 1130.73 1130.73
1228 1130.73 1130.73
1229 1130.73 1130.73
1230 1130.73 1130.73
1231 1130.73 1130.73
1232 1130.73 1130.73
1233 1130.73 1130.73
1234 1130.73 1130.73
1235 1130.73 1130.73
1236 1130.73 1130.73
1237 1130.73 1130.73
1238 1130.73 1130.73
1239 1130.73 1130.73
1240 1130.73 1130.73
1241 1130.73 1130.73
1242 1130.73 1130.73
1243 1130.73 1130.73
1244 1130.73 1130.73
1245 1130.73 1130.73
1246 1130.73 1130.73
1247 1130.73 1130.73
1248 1130.73 1130.73
1249 1130.73 1130.73
1250 1130.73 1130.73
1251 1130.73 1130.73
1252 1130.73 1130.73
1253 1130.73 1130.73
1254 1130.73 1130.73
1255 1130.73 1130.73
1256 1130.73 1130.73
1257 1130.73 1130.73
1258 1130.73 1130.73
1259 1130.73 1130.73
1260 1130.73 1130.73
1261 1130.73 1130.73
1262 1130.73 1130.73
1263 1130.73 1130.73
1264 1130.73 1130.73
1265 1130.73 1130.73
1266 1130.73 1130.73
1267 1130.73 1130.73
1268 1130.73 1130.73
1269 1130.73 1130.73
1270 1130.73 1130.73
1271 1130.73 1130.73
1272 1130.73 1130.73
1273 1130.73 1130.73
1274 1130.73 1130.73
1275 1130.73 1130.73
1276 1130.73 1130.73
1277 1130.73 1130.73
1278 1130.73 1130.73
1279 1130.73 1130.73
1280 1130.73 1130.73
1281 1130.73 1130.73
1282 1130.73 1130.73
1283 1130.73 1130.73
1284 1130.73 1130.73
1285 1130.73 1130.73
1286 1130.73 1130.73
1287 1130.73 1130.73
1288 1130.73 1130.73
1289 1130.73 1130.73
1290 1130.73 1130.73
1291 1130.73 1130.73
1292 1130.73 1130.73
1293 1130.73 1130.73
1294 1130.73 1130.73
1295 1130.73 1130.73
1296 1130.73 1130.73
1297 1130.73 1130.73
1298 1130.73 1130.73
1299 1130.73 1130.73
1300 1130.73 1130.73
1301 1130.73 1130.73
1302 1130.73 1130.73
1303 1130.73 1130.73
1304 1130.73 1130.73
1305 1130.73 1130.73
1306 1130.73 1130.73
1307 1130.73 1130.73
1308 1130.73 1130.73
1309 1130.73 1130.73
1310 1130.73 1130.73
1311 1130.73 1130.73
1312 1130.73 1130.73
1313 1130.73 1130.73
1314 1130.73 1130.73
1315 1130.73 1130.73
1316 1130.73 1130.73
1317 1130.73 1130.73
1318 1130.73 1130.73
1319 1130.73 1130.73
1320 1130.73 1130.73
1321 1130.73 1130.73
1322 1130.73 1130.73
1323 1130.73 1130.73
1324 1130.73 1130.73
1325 1130.73 1130.73
1326 1130.73 1130.73
1327 1130.73 1130.73
1328 1130.73 1130.73
1329 1130.73 1130.73
1330 1130.73 1130.73
1331 1130.73 1130.73
1332 1130.73 1130.73
1333 1130.73 1130.73
1334 1130.73 1130.73
1335 1130.73 1130.73
1336 1130.73 1130.73
1337 1130.73 1130.73
1338 1130.73 1130.73
1339 1130.73 1130.73
1340 1130.73 1130.73
1341 1130.73 1130.73
1342 1130.73 1130.73
1343 1130.73 1130.73
1344 1130.73 1130.73
1345 1130.73 1130.73
1346 1130.73 1130.73
1347 1130.73 1130.73
1348 1130.73 1130.73
1349 1130.73 1130.73
1350 1130.73 1130.73
1351 1130.73 1130.73
1352 1130.73 1130.73
1353 1130.73 1130.73
1354 1130.73 1130.73
1355 1130.73 1130.73
1356 1130.73 1130.73
1357 1130.73 1130.73
1358 1130.73 1130.73
1359 1130.73 1130.73
1360 1130.73 1130.73
1361 1130.73 1130.73
1362 1130.73 1130.73
1363 1130.73 1130.73
1364 1130.73 1130.73
1365 1130.73 1130.73
1366 1130.73 1130.73
1367 1130.73 1130.73
1368 1130.73 1130.73
1369 1130.73 1130.73
1370 1130.73 1130.73
1371 1130.73 1130.73
1372 1130.73 1130.73
1373 1130.73 1130.73
1374 1130.73 1130.73
1375 1130.73 1130.73
1376 1130.73 1130.73
1377 1130.73 1130.73
1378 1130.73 1130.73
1379 1130.73 1130.73
1380 1130.73 1130.73
1381 1130.73 1130.73
1382 1130.73 1130.73
1383 1130.73 1130.73
1384 1130.73 1130.73
1385 1130.73 1130.73
1386 1130.73 1130.73
1387 1130.73 1130.73
1388 1130.73 1130.73
1389 1130.73 1130.73
1390 1130.73 1130.73
1391 1130.73 1130.73
1392 1130.73 1130.73
1393 1130.73 1130.73
1394 1130.73 1130.73
1395 1130.73 1130.73
1396 1130.73 1130.73
1397 1130.73 1130.73
1398 1130.73 1130.73
1399 1130.73 1130.73
1400 1130.73 1130.73
1401 1130.73 1130.73
1402 1130.73 1130.73
1403 1130.73 1130.73
1404 1130.73 1130.73
1405 1130.73 1130.73
1406 1130.73 1130.73
1407 1130.73 1130.73
1408 1130.73 1130.73
1409 1130.73 1130.73
1410 1130.73 1130.73
1411 1130.73 1130.73
1412 1130.73 1130.73
1413 1130.73 1130.73
1414 1130.73 1130.73
1415 1130.73 1130.73
1416 1130.73 1130.73
1417 1130.73 1130.73
1418 1130.73 1130.73
1419 1130.73 1130.73
1420 1130.73 1130.73
1421 1130.73 1130.73
1422 1130.73 1130.73
1423 1130.73 1130.73
1424 1130.73 1130.73
1425 1130.73 1130.73
1426 1130.73 1130.73
1427 1130.73 1130.73
1428 1130.73 1130.73
1429 1130.73 1130.73
1430 1130.73 1130.73
1431 1130.73 1130.73
1432 1130.73 1130.73
1433 1130.73 1130.73
1434 1130.73 1130.73
1435 1130.73 1130.73
1436 1130.73 1130.73
1437 1130.73 1130.73
1438 1130.73 1130.73
1439 1130.73 1130.73
1440 1130.73 1130.73
1441 1130.73 1130.73
1442 1130.73 1130.73
1443 1130.73 1130.73
1444 1130.73 1130.73
1445 1130.73 1130.73
1446 1130.73 1130.73
1447 1130.73 1130.73
1448 1130.73 1130.73
1449 1130.73 1130.73
1450 1130.73 1130.73
1451 1130.73 1130.73
1452 1130.73 1130.73
1453 1130.73 1130.73
1454 1130.73 1130.73
1455 1130.73 1130.73
1456 1130.73 1130.73
1457 1130.73 1130.73
1458 1130.73 1130.73
1459 1130.73 1130.73
1460 1130.73 1130.73
1461 1130.73 1130.73
1462 1130.73 1130.73
1463 1130.73 1130.73
1464 1130.73 1130.73
1465 1130.73 1130.73
1466 1130.73 1130.73
1467 1130.73 1130.73
1468 1130.73 1130.73
1469 1130.73 1130.73
1470 1130.73 1130.73
1471 1130.73 1130.73
1472 1130.73 1130.73
1473 1130.73 1130.73
1474 1130.73 1130.73
1475 1130.73 1130.73
1476 1130.73 1130.73
1477 1130.73 1130.73
1478 1130.73 1130.73
1479 1130.73 1130.73
1480 1130.73 1130.73
1481 1130.73 1130.73
1482 1130.73 1130.73
1483 1130.73 1130.73
1484 1130.73 1130.73
1485 1130.73 1130.73
1486 1130.73 1130.73
1487 1130.73 1130.73
1488 1130.73 1130.73
1489 1130.73 1130.73
1490 1130.73 1130.73
1491 1130.73 1130.73
1492 1130.73 1130.73
1493 1130.73 1130.73
1494 1130.73 1130.73
1495 1130.73 1130.73
1496 1130.73 1130.73
1497 1130.73 1130.73
1498 1130.73 1130.73
1499 1130.73 1130.73
1500 1130.73 1130.73
1501 1130.73 1130.73
1502 1130.73 1130.73
1503 1130.73 1130.73
1504 1130.73 1130.73
1505 1130.73 1130.73
1506 1130.73 1130.73
1507 1130.73 1130.73
1508 1130.73 1130.73
1509 1130.73 1130.73
1510 1130.73 1130.73
1511 1130.73 1130.73
1512 1130.73 1130.73
1513 1130.73 1130.73
1514 1130.73 1130.73
1515 1130.73 1130.73
1516 1130.73 1130.73
1517 1130.73 1130.73
1518 1130.73 1130.73
1519 1130.73 1130.73
1520 1130.73 1130.73
1521 1130.73 1130.73
1522 1130.73 1130.73
1523 1130.73 1130.73
1524 1130.73 1130.73
1525 1130.73 1130.73
1526 1130.73 1130.73
1527 1130.73 1130.73
1528 1130.73 1130.73
1529 1130.73 1130.73
1530 1130.73 1130.73
1531 1130.73 1130.73
1532 1130.73 1130.73
1533 1130.73 1130.73
1534 1130.73 1130.73
1535 1130.73 1130.73
1536 1130.73 1130.73
1537 1130.73 1130.73
1538 1130.73 1130.73
1539 1130.73 1130.73
1540 1130.73 1130.73
1541 1130.73 1130.73
1542 1130.73 1130.73
1543 1130.73 1130.73
1544 1130.73 1130.73
1545 1130.73 1130.73
1546 1130.73 1130.73
1547 1130.73 1130.73
1548 1130.73 1130.73
1549 1130.73 1130.73
1550 1130.73 1130.73
1551 1130.73 1130.73
1552 1130.73 1130.73
1553 1130.73 1130.73
1554 1130.73 1130.73
1555 1130.73 1130.73
1556 1130.73 1130.73
1557 1130.73 1130.73
1558 1130.73 1130.73
1559 1130.73 1130.73
1560 1130.73 1130.73
1561 1130.73 1130.73
1562 1130.73 1130.73
1563 1130.73 1130.73
1564 1130.73 1130.73
1565 1130.73 1130.73
1566 1130.73 1130.73
1567 1130.73 1130.73
1568 1130.73 1130.73
1569 1130.73 1130.73
1570 1130.73 1130.73
1571 1130.73 1130.73
1572 1130.73 1130.73
1573 1130.73 1130.73
1574 1130.73 1130.73
1575 1130.73 1130.73
1576 1130.73 1130.73
1577 1130.73 1130.73
1578 1130.73 1130.73
1579 1130.73 1130.73
1580 1130.73 1130.73
1581 1130.73 1130.73
1582 1130.73 1130.73
1583 1130.73 1130.73
1584 1130.73 1130.73
1585 1130.73 1130.73
1586 1130.73 1130.73
1587 1130.73 1130.73
1588 1130.73 1130.73
1589 1130.73 1130.73
1590 1130.73 1130.73
1591 1130.73 1130.73
1592 1130.73 1130.73
1593 1130.73 1130.73
1594 1130.73 1130.73
1595 1130.73 1130.73
1596 1130.73 1130.73
1597 1130.73 1130.73
1598 1130.73 1130.73
1599 1130.73 1130.73
1600 1130.73 1130.73
1601 1130.73 1130.73
1602 1130.73 1130.73
1603 1130.73 1130.73
1604 1130.73 1130.73
1605 1130.73 1130.73
1606 1130.73 1130.73
1607 1130.73 1130.73
1608 1130.73 1130.73
1609 1130.73 1130.73
1610 1130.73 1130.73
1611 1130.73 1130.73
1612 1130.73 1130.73
1613 1130.73 1130.73
1614 1130.73 1130.73
1615 1130.73 1130.73
1616 1130.73 1130.73
1617 1130.73 1130.73
1618 1130.73 1130.73
1619 1130.73 1130.73
1620 1130.73 1130.73
1621 1130.73 1130.73
1622 1130.73 1130.73
1623 1130.73 1130.73
1624 1130.73 1130.73
1625 1130.73 1130.73
1626 1130.73 1130.73
1627 1130.73 1130.73
1628 1130.73 1130.73
1629 1130.73 1130.73
1630 1130.73 1130.73
1631 1130.73 1130.73
1632 1130.73 1130.73
1633 1130.73 1130.73
1634 1130.73 1130.73
1635 1130.73 1130.73
1636 1130.73 1130.73
1637 1130.73 1130.73
1638 1130.73 1130.73
1639 1130.73 1130.73
1640 1130.73 1130.73
1641 1130.73 1130.73
1642 1130.73 1130.73
1643 1130.73 1130.73
1644 1130.73 1130.73
1645 1130.73 1130.73
1646 1130.73 1130.73
1647 1130.73 1130.73
1648 1130.73 1130.73
1649 1130.73 1130.73
1650 1130.73 1130.73
1651 1130.73 1130.73
1652 1130.73 1130.73
1653 1130.73 1130.73
1654 1130.73 1130.73
1655 1130.73 1130.73
1656 1130.73 1130.73
1657 1130.73 1130.73
1658 1130.73 1130.73
1659 1130.73 1130.73
1660 1130.73 1130.73
1661 1130.73 1130.73
1662 1130.73 1130.73
1663 1130.73 1130.73
1664 1130.73 1130.73
1665 1130.73 1130.73
1666 1130.73 1130.73
1667 1130.73 1130.73
1668 1130.73 1130.73
1669 1130.73 1130.73
1670 1130.73 1130.73
1671 1130.73 1130.73
1672 1130.73 1130.73
1673 1130.73 1130.73
1674 1130.73 1130.73
1675 1130.73 1130.73
1676 1130.73 1130.73
1677 1130.73 1130.73
1678 1130.73 1130.73
1679 1130.73 1130.73
1680 1130.73 1130.73
1681 1130.73 1130.73
1682 1130.73 1130.73
1683 1130.73 1130.73
1684 1130.73 1130.73
1685 1130.73 1130.73
1686 1130.73 1130.73
1687 1130.73 1130.73
1688 1130.73 1130.73
1689 1130.73 1130.73
1690 1130.73 1130.73
1691 1130.73 1130.73
1692 1130.73 1130.73
1693 1130.73 1130.73
1694 1130.73 1130.73
1695 1130.73 1130.73
1696 1130.73 1130.73
1697 1130.73 1130.73
1698 1130.73 1130.73
1699 1130.73 1130.73
1700 1130.73 1130.73
1701 1130.73 1130.73
1702 1130.73 1130.73
1703 1130.73 1130.73
1704 1130.73 1130.73
1705 1130.73 1130.73
1706 1130.73 1130.73
1707 1130.73 1130.73
1708 1130.73 1130.73
1709 1130.73 1130.73
1710 1130.73 1130.73
1711 1130.73 1130.73
1712 1130.73 1130.73
1713 1130.73 1130.73
1714 1130.73 1130.73
1715 1130.73 1130.73
1716 1130.73 1130.73
1717 1130.73 1130.73
1718 1130.73 1130.73
1719 1130.73 1130.73
1720 1130.73 1130.73
1721 1130.73 1130.73
1722 1130.73 1130.73
1723 1130.73 1130.73
1724 1130.73 1130.73
1725 1130.73 1130.73
1726 1130.73 1130.73
1727 1130.73 1130.73
1728 1130.73 1130.73
1729 1130.73 1130.73
1730 1130.73 1130.73
1731 1130.73 1130.73
1732 1130.73 1130.73
1733 1130.73 1130.73
1734 1130.73 1130.73
1735 1130.73 1130.73
1736 1130.73 1130.73
1737 1130.73 1130.73
1738 1130.73 1130.73
1739 1130.73 1130.73
1740 1130.73 1130.73
1741 1130.73 1130.73
1742 1130.73 1130.73
1743 1130.73 1130.73
1744 1130.73 1130.73
1745 1130.73 1130.73
1746 1130.73 1130.73
1747 1130.73 1130.73
1748 1130.73 1130.73
1749 1130.73 1130.73
1750 1130.73 1130.73
1751 1130.73 1130.73
1752 1130.73 1130.73
1753 1130.73 1130.73
1754 1130.73 1130.73
1755 1130.73 1130.73
1756 1130.73 1130.73
1757 1130.73 1130.73
1758 1130.73 1130.73
1759 1130.73 1130.73
1760 1130.73 1130.73
1761 1130.73 1130.73
1762 1130.73 1130.73
1763 1130.73 1130.73
1764 1130.73 1130.73
1765 1130.73 1130.73
1766 1130.73 1130.73
1767 1130.73 1130.73
1768 1130.73 1130.73
1769 1130.73 1130.73
1770 1130.73 1130.73
1771 1130.73 1130.73
1772 1130.73 1130.73
1773 1130.73 1130.73
1774 1130.73 1130.73
1775 1130.73 1130.73
1776 1130.73 1130.73
1777 1130.73 1130.73
1778 1130.73 1130.73
1779 1130.73 1130.73
1780 1130.73 1130.73
1781 1130.73 1130.73
1782 1130.73 1130.73
1783 1130.73 1130.73
1784 1130.73 1130.73
1785 1130.73 1130.73
1786 1130.73 1130.73
1787 1130.73 1130.73
1788 1130.73 1130.73
1789 1130.73 1130.73
1790 1130.73 1130.73
1791 1130.73 1130.73
1792 1130.73 1130.73
1793 1130.73 1130.73
1794 1130.73 1130.73
1795 1130.73 1130.73
1796 1130.73 1130.73
1797 1130.73 1130.73
1798 1130.73 1130.73
1799 1130.73 1130.73
1800 1130.73 1130.73
1801 1130.73 1130.73
1802 1130.73 1130.73
1803 1130.73 1130.73
1804 1130.73 1130.73
1805 1130.73 1130.73
1806 1130.73 1130.73
1807 1130.73 1130.73
1808 1130.73 1130.73
1809 1130.73 1130.73
1810 1130.73 1130.73
1811 1130.73 1130.73
1812 1130.73 1130.73
1813 1130.73 1130.73
1814 1130.73 1130.73
1815 1130.73 1130.73
1816 1130.73 1130.73
1817 1130.73 1130.73
1818 1130.73 1130.73
1819 1130.73 1130.73
1820 1130.73 1130.73
1821 1130.73 1130.73
1822 1130.73 1130.73
1823 1130.73 1130.73
1824 1130.73 1130.73
1825 1130.73 1130.73
1826 1130.73 1130.73
1827 1130.73 1130.73
1828 1130.73 1130.73
1829 1130.73 1130.73
1830 1130.73 1130.73
1831 1130.73 1130.73
1832 1130.73 1130.73
1833 1130.73 1130.73
1834 1130.73 1130.73
1835 1130.73 1130.73
1836 1130.73 1130.73
1837 1130.73 1130.73
1838 1130.73 1130.73
1839 1130.73 1130.73
1840 1130.73 1130.73
1841 1130.73 1130.73
1842 1130.73 1130.73
1843 1130.73 1130.73
1844 1130.73 1130.73
1845 1130.73 1130.73
1846 1130.73 1130.73
1847 1130.73 1130.73
1848 1130.73 1130.73
1849 1130.73 1130.73
1850 1130.73 1130.73
1851 1130.73 1130.73
1852 1130.73 1130.73
1853 1130.73 1130.73
1854 1130.73 1130.73
1855 1130.73 1130.73
1856 1130.73 1130.73
1857 1130.73 1130.73
1858 1130.73 1130.73
1859 1130.73 1130.73
1860 1130.73 1130.73
1861 1130.73 1130.73
1862 1130.73 1130.73
1863 1130.73 1130.73
1864 1130.73 1130.73
1865 1130.73 1130.73
1866 1130.73 1130.73
1867 1130.73 1130.73
1868 1130.73 1130.73
1869 1130.73 1130.73
1870 1130.73 1130.73
1871 1130.73 1130.73
1872 1130.73 1130.73
1873 1130.73 1130.73
1874 1130.73 1130.73
1875 1130.73 1130.73
1876 1130.73 1130.73
1877 1130.73 1130.73
1878 1130.73 1130.73
1879 1130.73 1130.73
1880 1130.73 1130.73
1881 1130.73 1130.73
1882 1130.73 1130.73
1883 1130.73 1130.73
1884 1130.73 1130.73
1885 1130.73 1130.73
1886 1130.73 1130.73
1887 1130.73 1130.73
1888 1130.73 1130.73
1889 1130.73 1130.73
1890 1130.73 1130.73
1891 1130.73 1130.73
1892 1130.73 1130.73
1893 1130.73 1130.73
1894 1130.73 1130.73
1895 1130.73 1130.73
1896 1130.73 1130.73
1897 1130.73 1130.73
1898 1130.73 1130.73
1899 1130.73 1130.73
1900 1130.73 1130.73
1901 1130.73 1130.73
1902 1130.73 1130.73
1903 1130.73 1130.73
1904 1130.73 1130.73
1905 1130.73 1130.73
1906 1130.73 1130.73
1907 1130.73 1130.73
1908 1130.73 1130.73
1909 1130.73 1130.73
1910 1130.73 1130.73
1911 1130.73 1130.73
1912 1130.73 1130.73
1913 1130.73 1130.73
1914 1130.73 1130.73
1915 1130.73 1130.73
1916 1130.73 1130.73
1917 1130.73 1130.73
1918 1130.73 1130.73
1919 1130.73 1130.73
1920 1130.73 1130.73
1921 1130.73 1130.73
1922 1130.73 1130.73
1923 1130.73 1130.73
1924 1130.73 1130.73
1925 1130.73 1130.73
1926 1130.73 1130.73
1927 1130.73 1130.73
1928 1130.73 1130.73
1929 1130.73 1130.73
1930 1130.73 1130.73
1931 1130.73 1130.73
1932 1130.73 1130.73
1933 1130.73 1130.73
1934 1130.73 1130.73
1935 1130.73 1130.73
1936 1130.73 1130.73
1937 1130.73 1130.73
1938 1130.73 1130.73
1939 1130.73 1130.73
1940 1130.73 1130.73
1941 1130.73 1130.73
1942 1130.73 1130.73
1943 1130.73 1130.73
1944 1130.73 1130.73
1945 1130.73 1130.73
1946 1130.73 1130.73
1947 1130.73 1130.73
1948 1130.73 1130.73
1949 1130.73 1130.73
1950 1130.73 1130.73
1951 1130.73 1130.73
1952 1130.73 1130.73
1953 1130.73 1130.73
1954 1130.73 1130.73
1955 1130.73 1130.73
1956 1130.73 1130.73
1957 1130.73 1130.73
1958 1130.73 1130.73
1959 1130.73 1130.73
1960 1130.73 1130.73
1961 1130.73 1130.73
1962 1130.73 1130.73
1963 1130.73 1130.73
1964 1130.73 1130.73
1965 1130.73 1130.73
1966 1130.73 1130.73
1967 1130.73 1130.73
1968 1130.73 1130.73
1969 1130.73 1130.73
1970 1130.73 1130.73
1971 1130.73 1130.73
1972 1130.73 1130.73
1973 1130.73 1130.73
1974 1130.73 1130.73
1975 1130.73 1130.73
1976 1130.73 1130.73
1977 1130.73 1130.73
1978 1130.73 1130.73
1979 1130.73 1130.73
1980 1130.73 1130.73
1981 1130.73 1130.73
1982 1130.73 1130.73
1983 1130.73 1130.73
1984 1130.73 1130.73
1985 1130.73 1130.73
1986 1130.73 1130.73
1987 1130.73 1130.73
1988 1130.73 1130.73
1989 1130.73 1130.73
1990 1130.73 1130.73
1991 1130.73 1130.73
1992 1130.73 1130.73
1993 1130.73 1130.73
1994 1130.73 1130.73
1995 1130.73 1130.73
1996 1130.73 1130.73
1997 1130.73 1130.73
1998 1130.73 1130.73
1999 1130.73 1130.73
2000 1130.73 1130.73
2001 1130.73 1130.73
2002 1130.73 1130.73
2003 1130.73 1130.73
2004 1130.73 1130.73
2005 1130.73 1130.73
2006 1130.73 1130.73
2007 1130.73 1130.73
2008 1130.73 1130.73
2009 1130.73 1130.73
2010 1130.73 1130.73
2011 1130.73 1130.73
2012 1130.73 1130.73
2013 1130.73 1130.73
2014 1130.73 1130.73
2015 1130.73 1130.73
2016 1130.73 1130.73
2017 1130.73 1130.73
2018 1130.73 1130.73
2019 1130.73 1130.73
2020 1130.73 1130.73
2021 1130.73 1130.73
2022 1130.73 1130.73
2023 1130.73 1130.73
2024 1130.73 1130.73
2025 1130.73 1130.73
2026 1130.73 1130.73
2027 1130.73 1130.73
2028 1130.73 1130.73
2029 1130.73 1130.73
2030 1130.73 1130.73
2031 1130.73 1130.73
2032 1130.73 1130.73
2033 1130.73 1130.73
2034 1130.73 1130.73
2035 1130.73 1130.73
2036 1130.73 1130.73
2037 1130.73 1130.73
2038 1130.73 1130.73
2039 1130.73 1130.73
2040 1130.73 1130.73
2041 1130.73 1130.73
2042 1130.73 1130.73
2043 1130.73 1130.73
2044 1130.73 1130.73
2045 1130.73 1130.73
2046 1130.73 1130.73
2047 1130.73 1130.73
2048 1130.73 1130.73
2049 1130.73 1130.73
2050 1130.73 1130.73
2051 1130.73 1130.73
2052 1130.73 1130.73
2053 1130.73 1130.73
2054 1130.73 1130.73
2055 1130.73 1130.73
2056 1130.73 1130.73
2057 1130.73 1130.73
2058 1130.73 1130.73
2059 1130.73 1130.73
2060 1130.73 1130.73
2061 1130.73 1130.73
2062 1130.73 1130.73
2063 1130.73 1130.73
2064 1130.73 1130.73
2065 1130.73 1130.73
2066 1130.73 1130.73
2067 1130.73 1130.73
2068 1130.73 1130.73
2069 1130.73 1130.73
2070 1130.73 1130.73
2071 1130.73 1130.73
2072 1130.73 1130.73
2073 1130.73 1130.73
2074 1130.73 1130.73
2075 1130.73 1130.73
2076 1130.73 1130.73
2077 1130.73 1130.73
2078 1130.73 1130.73
2079 1130.73 1130.73
2080 1130.73 1130.73
2081 1130.73 1130.73
2082 1130.73 1130.73
2083 1130.73 1130.73
2084 1130.73 1130.73
2085 1130.73 1130.73
2086 1130.73 1130.73
2087 1130.73 1130.73
2088 1130.73 1130.73
2089 1130.73 1130.73
2090 1130.73 1130.73
2091 1130.73 1130.73
2092 1130.73 1130.73
2093 1130.73 1130.73
2094 1130.73 1130.73
2095 1130.73 1130.73
2096 1130.73 1130.73
2097 1130.73 1130.73
2098 1130.73 1130.73
2099 1130.73 1130.73
2100 1130.73 1130.73
2101 1130.73 1130.73
2102 1130.73 1130.73
2103 1130.73 1130.73
2104 1130.73 1130.73
2105 1130.73 1130.73
2106 1130.73 1130.73
2107 1130.73 1130.73
2108 1130.73 1130.73
2109 1130.73 1130.73
2110 1130.73 1130.73
2111 1130.73 1130.73
2112 1130.73 1130.73
2113 1130.73 1130.73
2114 1130.73 1130.73
2115 1130.73 1130.73
2116 1130.73 1130.73
2117 1130.73 1130.73
2118 1130.73 1130.73
2119 1130.73 1130.73
2120 1130.73 1130.73
2121 1130.73 1130.73
2122 1130.73 1130.73
2123 1130.73 1130.73
2124 1130.73 1130.73
2125 1130.73 1130.73
2126 1130.73 1130.73
2127 1130.73 1130.73
2128 1130.73 1130.73
2129 1130.73 1130.73
2130 1130.73 1130.73
2131 1130.73 1130.73
2132 1130.73 1130.73
2133 1130.73 1130.73
2134 1130.73 1130.73
2135 1130.73 1130.73
2136 1130.73 1130.73
2137 1130.73 1130.73
2138 1130.73 1130.73
2139 1130.73 1130.73
2140 1130.73 1130.73
2141 1130.73 1130.73
2142 1130.73 1130.73
2143 1130.73 1130.73
2144 1130.73 1130.73
2145 1130.73 1130.73
2146 1130.73 1130.73
2147 1130.73 1130.73
2148 1130.73 1130.73
2149 1130.73 1130.73
2150 1130.73 1130.73
2151 1130.73 1130.73
2152 1130.73 1130.73
2153 1130.73 1130.73
2154 1130.73 1130.73
2155 1130.73 1130.73
2156 1130.73 1130.73
2157 1130.73 1130.73
2158 1130.73 1130.73
2159 1130.73 1130.73
2160 1130.73 1130.73
2161 1130.73 1130.73
2162 1130.73 1130.73
2163 1130.73 1130.73
2164 1130.73 1130.73
2165 1130.73 1130.73
2166 1130.73 1130.73
2167 1130.73 1130.73
2168 1130.73 1130.73
2169 1130.73 1130.73
2170 1130.73 1130.73
2171 1130.73 1130.73
2172 1130.73 1130.73
2173 1130.73 1130.73
2174 1130.73 1130.73
2175 1130.73 1130.73
2176 1130.73 1130.73
2177 1130.73 1130.73
2178 1130.73 1130.73
2179 1130.73 1130.73
2180 1130.73 1130.73
2181 1130.73 1130.73
2182 1130.73 1130.73
2183 1130.73 1130.73
2184 1130.73 1130.73
2185 1130.73 1130.73
2186 1130.73 1130.73
2187 1130.73 1130.73
2188 1130.73 1130.73
2189 1130.73 1130.73
2190 1130.73 1130.73
2191 1130.73 1130.73
2192 1130.73 1130.73
2193 1130.73 1130.73
2194 1130.73 1130.73
2195 1130.73 1130.73
2196 1130.73 1130.73
2197 1130.73 1130.73
2198 1130.73 1130.73
2199 1130.73 1130.73
2200 1130.73 1130.73
2201 1130.73 1130.73
2202 1130.73 1130.73
2203 1130.73 1130.73
2204 1130.73 1130.73
2205 1130.73 1130.73
2206 1130.73 1130.73
2207 1130.73 1130.73
2208 1130.73 1130.73
2209 1130.73 1130.73
2210 1130.73 1130.73
2211 1130.73 1130.73
2212 1130.73 1130.73
2213 1130.73 1130.73
2214 1130.73 1130.73
2215 1130.73 1130.73
2216 1130.73 1130.73
2217 1130.73 1130.73
2218 1130.73 1130.73
2219 1130.73 1130.73
2220 1130.73 1130.73
2221 1130.73 1130.73
2222 1130.73 1130.73
2223 1130.73 1130.73
2224 1130.73 1130.73
2225 1130.73 1130.73
2226 1130.73 1130.73
2227 1130.73 1130.73
2228 1130.73 1130.73
2229 1130.73 1130.73
2230 1130.73 1130.73
2231 1130.73 1130.73
2232 1130.73 1130.73
2233 1130.73 1130.73
2234 1130.73 1130.73
2235 1130.73 1130.73
2236 1130.73 1130.73
2237 1130.73 1130.73
2238 1130.73 1130.73
2239 1130.73 1130.73
2240 1130.73 1130.73
2241 1130.73 1130.73
2242 1130.73 1130.73
2243 1130.73 1130.73
2244 1130.73 1130.73
2245 1130.73 1130.73
2246 1130.73 1130.73
2247 1130.73 1130.73
2248 1130.73 1130.73
2249 1130.73 1130.73
2250 1130.73 1130.73
2251 1130.73 1130.73
2252 1130.73 1130.73
2253 1130.73 1130.73
2254 1130.73 1130.73
2255 1130.73 1130.73
2256 1130.73 1130.73
2257 1130.73 1130.73
2258 1130.73 1130.73
2259 1130.73 1130.73
2260 1130.73 1130.73
2261 1130.73 1130.73
2262 1130.73 1130.73
2263 1130.73 1130.73
2264 1130.73 1130.73
2265 1130.73 1130.73
2266 1130.73 1130.73
2267 1130.73 1130.73
2268 1130.73 1130.73
2269 1130.73 1130.73
2270 1130.73 1130.73
2271 1130.73 1130.73
2272 1130.73 1130.73
2273 1130.73 1130.73
2274 1130.73 1130.73
2275 1130.73 1130.73
2276 1130.73 1130.73
2277 1130.73 1130.73
2278 1130.73 1130.73
2279 1130.73 1130.73
2280 1130.73 1130.73
2281 1130.73 1130.73
2282 1130.73 1130.73
2283 1130.73 1130.73
2284 1130.73 1130.73
2285 1130.73 1130.73
2286 1130.73 1130.73
2287 1130.73 1130.73
2288 1130.73 1130.73
2289 1130.73 1130.73
2290 1130.73 1130.73
2291 1130.73 1130.73
2292 1130.73 1130.73
2293 1130.73 1130.73
2294 1130.73 1130.73
2295 1130.73 1130.73
2296 1130.73 1130.73
2297 1130.73 1130.73
2298 1130.73 1130.73
2299 1130.73 1130.73
2300 1130.73 1130.73
2301 1130.73 1130.73
2302 1130.73 1130.73
2303 1130.73 1130.73
2304 1130.73 1130.73
2305 1130.73 1130.73
2306 1130.73 1130.73
2307 1130.73 1130.73
2308 1130.73 1130.73
2309 1130.73 1130.73
2310 1130.73 1130.73
2311 1130.73 1130.73
2312 1130.73 1130.73
2313 1130.73 1130.73
2314 1130.73 1130.73
2315 1130.73 1130.73
2316 1130.73 1130.73
2317 1130.73 1130.73
2318 1130.73 1130.73
2319 1130.73 1130.73
2320 1130.73 1130.73
2321 1130.73 1130.73
2322 1130.73 1130.73
2323 1130.73 1130.73
2324 1130.73 1130.73
2325 1130.73 1130.73
2326 1130.73 1130.73
2327 1130.73 1130.73
2328 1130.73 1130.73
2329 1130.73 1130.73
2330 1130.73 1130.73
2331 1130.73 1130.73
2332 1130.73 1130.73
2333 1130.73 1130.73
2334 1130.73 1130.73
2335 1130.73 1130.73
2336 1130.73 1130.73
2337 1130.73 1130.73
2338 1130.73 1130.73
2339 1130.73 1130.73
2340 1130.73 1130.73
2341 1130.73 1130.73
2342 1130.73 1130.73
2343 1130.73 1130.73
2344 1130.73 1130.73
2345 1130.73 1130.73
2346 1130.73 1130.73
2347 1130.73 1130.73
2348 1130.73 1130.73
2349 1130.73 1130.73
2350 1130.73 1130.73
2351 1130.73 1130.73
2352 1130.73 1130.73
2353 1130.73 1130.73
2354 1130.73 1130.73
2355 1130.73 1130.73
2356 1130.73 1130.73
2357 1130.73 1130.73
2358 1130.73 1130.73
2359 1130.73 1130.73
2360 1130.73 1130.73
2361 1130.73 1130.73
2362 1130.73 1130.73
2363 1130.73 1130.73
2364 1130.73 1130.73
2365 1130.73 1130.73
2366 1130.73 1130.73
2367 1130.73 1130.73
2368 1130.73 1130.73
2369 1130.73 1130.73
2370 1130.73 1130.73
2371 1130.73 1130.73
2372 1130.73 1130.73
2373 1130.73 1130.73
2374 1130.73 1130.73
2375 1130.73 1130.73
2376 1130.73 1130.73
2377 1130.73 1130.73
2378 1130.73 1130.73
2379 1130.73 1130.73
2380 1130.73 1130.73
2381 1130.73 1130.73
2382 1130.73 1130.73
2383 1130.73 1130.73
2384 1130.73 1130.73
2385 1130.73 1130.73
2386 1130.73 1130.73
2387 1130.73 1130.73
2388 1130.73 1130.73
2389 1130.73 1130.73
2390 1130.73 1130.73
2391 1130.73 1130.73
2392 1130.73 1130.73
2393 1130.73 1130.73
2394 1130.73 1130.73
2395 1130.73 1130.73
2396 1130.73 1130.73
2397 1130.73 1130.73
2398 1130.73 1130.73
2399 1130.73 1130.73
2400 1130.73 1130.73
2401 1130.73 1130.73
2402 1130.73 1130.73
2403 1130.73 1130.73
2404 1130.73 1130.73
2405 1130.73 1130.73
2406 1130.73 1130.73
2407 1130.73 1130.73
2408 1130.73 1130.73
2409 1130.73 1130.73
2410 1130.73 1130.73
2411 1130.73 1130.73
2412 1130.73 1130.73
2413 1130.73 1130.73
2414 1130.73 1130.73
2415 1130.73 1130.73
2416 1130.73 1130.73
2417 1130.73 1130.73
2418 1130.73 1130.73
2419 1130.73 1130.73
2420 1130.73 1130.73
2421 1130.73 1130.73
2422 1130.73 1130.73
2423 1130.73 1130.73
2424 1130.73 1130.73
2425 1130.73 1130.73
2426 1130.73 1130.73
2427 1130.73 1130.73
2428 1130.73 1130.73
2429 1130.73 1130.73
2430 1130.73 1130.73
2431 1130.73 1130.73
2432 1130.73 1130.73
2433 1130.73 1130.73
2434 1130.73 1130.73
2435 1130.73 1130.73
2436 1130.73 1130.73
2437 1130.73 1130.73
2438 1130.73 1130.73
2439 1130.73 1130.73
2440 1130.73 1130.73
2441 1130.73 1130.73
2442 1130.73 1130.73
2443 1130.73 1130.73
2444 1130.73 1130.73
2445 1130.73 1130.73
2446 1130.73 1130.73
2447 1130.73 1130.73
2448 1130.73 1130.73
2449 1130.73 1130.73
2450 1130.73 1130.73
2451 1130.73 1130.73
2452 1130.73 1130.73
2453 1130.73 1130.73
2454 1130.73 1130.73
2455 1130.73 1130.73
2456 1130.73 1130.73
2457 1130.73 1130.73
2458 1130.73 1130.73
2459 1130.73 1130.73
2460 1130.73 1130.73
2461 1130.73 1130.73
2462 1130.73 1130.73
2463 1130.73 1130.73
2464 1130.73 1130.73
2465 1130.73 1130.73
2466 1130.73 1130.73
2467 1130.73 1130.73
2468 1130.73 1130.73
2469 1130.73 1130.73
2470 1130.73 1130.73
2471 1130.73 1130.73
2472 1130.73 1130.73
2473 1130.73 1130.73
2474 1130.73 1130.73
2475 1130.73 1130.73
2476 1130.73 1130.73
2477 1130.73 1130.73
2478 1130.73 1130.73
2479 1130.73 1130.73
2480 1130.73 1130.73
2481 1130.73 1130.73
2482 1130.73 1130.73
2483 1130.73 1130.73
2484 1130.73 1130.73
2485 1130.73 1130.73
2486 1130.73 1130.73
2487 1130.73 1130.73
2488 1130.73 1130.73
2489 1130.73 1130.73
2490 1130.73 1130.73
2491 1130.73 1130.73
2492 1130.73 1130.73
2493 1130.73 1130.73
2494 1130.73 1130.73
2495 1130.73 1130.73
2496 1130.73 1130.73
2497 1130.73 1130.73
2498 1130.73 1130.73
2499 1130.73 1130.73
2500 1130.73 1130.73
2501 1130.73 1130.73
2502 1130.73 1130.73
2503 1130.73 1130.73
2504 1130.73 1130.73
2505 1130.73 1130.73
2506 1130.73 1130.73
2507 1130.73 1130.73
2508 1130.73 1130.73
2509 1130.73 1130.73
2510 1130.73 1130.73
2511 1130.73 1130.73
2512 1130.73 1130.73
2513 1130.73 1130.73
2514 1130.73 1130.73
2515 1130.73 1130.73
2516 1130.73 1130.73
2517 1130.73 1130.73
2518 1130.73 1130.73
2519 1130.73 1130.73
2520 1130.73 1130.73
2521 1130.73 1130.73
2522 1130.73 1130.73
2523 1130.73 1130.73
2524 1130.73 1130.73
2525 1130.73 1130.73
2526 1130.73 1130.73
2527 1130.73 1130.73
2528 1130.73 1130.73
2529 1130.73 1130.73
2530 1130.73 1130.73
2531 1130.73 1130.73
2532 1130.73 1130.73
2533 1130.73 1130.73
2534 1130.73 1130.73
2535 1130.73 1130.73
2536 1130.73 1130.73
2537 1130.73 1130.73
2538 1130.73 1130.73
2539 1130.73 1130.73
2540 1130.73 1130.73
2541 1130.73 1130.73
2542 1130.73 1130.73
2543 1130.73 1130.73
2544 1130.73 1130.73
2545 1130.73 1130.73
2546 1130.73 1130.73
2547 1130.73 1130.73
2548 1130.73 1130.73
2549 1130.73 1130.73
2550 1130.73 1130.73
2551 1130.73 1130.73
2552 1130.73 1130.73
2553 1130.73 1130.73
2554 1130.73 1130.73
2555 1130.73 1130.73
2556 1130.73 1130.73
2557 1130.73 1130.73
2558 1130.73 1130.73
2559 1130.73 1130.73
2560 1130.73 1130.73
2561 1130.73 1130.73
2562 1130.73 1130.73
2563 1130.73 1130.73
2564 1130.73 1130.73
2565 1130.73 1130.73
2566 1130.73 1130.73
2567 1130.73 1130.73
2568 1130.73 1130.73
2569 1130.73 1130.73
2570 1130.73 1130.73
2571 1130.73 1130.73
2572 1130.73 1130.73
2573 1130.73 1130.73
2574 1130.73 1130.73
2575 1130.73 1130.73
2576 1130.73 1130.73
2577 1130.73 1130.73
2578 1130.73 1130.73
2579 1130.73 1130.73
2580 1130.73 1130.73
2581 1130.73 1130.73
2582 1130.73 1130.73
2583 1130.73 1130.73
2584 1130.73 1130.73
2585 1130.73 1130.73
2586 1130.73 1130.73
2587 1130.73 1130.73
2588 1130.73 1130.73
2589 1130.73 1130.73
2590 1130.73 1130.73
2591 1130.73 1130.73
2592 1130.73 1130.73
2593 1130.73 1130.73
2594 1130.73 1130.73
2595 1130.73 1130.73
2596 1130.73 1130.73
2597 1130.73 1130.73
2598 1130.73 1130.73
2599 1130.73 1130.73
2600 1130.73 1130.73
2601 1130.73 1130.73
2602 1130.73 1130.73
2603 1130.73 1130.73
2604 1130.73 1130.73
2605 1130.73 1130.73
2606 1130.73 1130.73
2607 1130.73 1130.73
2608 1130.73 1130.73
2609 1130.73 1130.73
2610 1130.73 1130.73
2611 1130.73 1130.73
2612 1130.73 1130.73
2613 1130.73 1130.73
2614 1130.73 1130.73
2615 1130.73 1130.73
2616 1130.73 1130.73
2617 1130.73 1130.73
2618 1130.73 1130.73
2619 1130.73 1130.73
2620 1130.73 1130.73
2621 1130.73 1130.73
2622 1130.73 1130.73
2623 1130.73 1130.73
2624 1130.73 1130.73
2625 1130.73 1130.73
2626 1130.73 1130.73
2627 1130.73 1130.73
2628 1130.73 1130.73
2629 1130.73 1130.73
2630 1130.73 1130.73
2631 1130.73 1130.73
2632 1130.73 1130.73
2633 1130.73 1130.73
2634 1130.73 1130.73
2635 1130.73 1130.73
2636 1130.73 1130.73
2637 1130.73 1130.73
2638 1130.73 1130.73
2639 1130.73 1130.73
2640 1130.73 1130.73
