0 908.30 908.30
1 908.30 908.30
2 908.30 908.30
3 908.30 908.30
4 908.30 908.30
5 908.30 908.30
6 908.30 908.30
7 908.30 908.30
8 908.30 908.30
9 908.30 908.30
10 908.30 908.30
11 908.30 908.30
12 908.30 908.30
13 908.30 908.30
14 908.30 908.30
15 908.30 908.30
16 908.30 908.30
17 908.30 908.30
18 908.30 908.30
19 908.30 908.30
20 908.30 908.30
21 908.30 908.30
22 908.30 908.30
23 908.30 908.30
24 908.30 908.30
25 908.30 908.30
26 908.30 908.30
27 908.30 908.30
28 908.30 908.30
29 908.30 908.30
30 908.30 908.30
31 908.30 908.30
32 908.30 908.30
33 908.30 908.30
34 908.30 908.30
35 908.30 908.30
36 908.30 908.30
37 908.30 908.30
38 908.30 908.30
39 908.30 908.30
40 908.30 908.30
41 908.30 908.30
42 908.30 908.30
43 908.30 908.30
44 908.30 908.30
45 908.30 908.30
46 908.30 908.30
47 908.30 908.30
48 908.30 908.30
49 908.30 908.30
50 908.30 908.30
51 908.30 908.30
52 908.30 908.30
53 908.30 908.30
54 908.30 908.30
55 908.30 908.30
56 908.30 908.30
57 908.30 908.30
58 908.30 908.30
59 908.30 908.30
60 908.30 908.30
61 908.30 908.30
62 908.30 908.30
63 908.30 908.30
64 908.30 908.30
65 908.30 908.30
66 908.30 908.30
67 908.30 908.30
68 908.30 908.30
69 908.30 908.30
70 908.30 908.30
71 908.30 908.30
72 908.30 908.30
73 908.30 908.30
74 908.30 908.30
75 908.30 908.30
76 908.30 908.30
77 908.30 908.30
78 908.30 908.30
79 908.30 908.30
80 908.30 908.30
81 908.30 908.30
82 908.30 908.30
83 908.30 908.30
84 908.30 908.30
85 908.30 908.30
86 908.30 908.30
87 908.30 908.30
88 908.30 908.30
89 908.30 908.30
90 908.30 908.30
91 908.30 908.30
92 908.30 908.30
93 908.30 908.30
94 908.30 908.30
95 908.30 908.30
96 908.30 908.30
97 908.30 908.30
98 908.30 908.30
99 908.30 908.30
100 908.30 908.30
101 908.30 908.30
102 908.30 908.30
103 908.30 908.30
104 908.30 908.30
105 908.30 908.30
106 908.30 908.30
107 908.30 908.30
108 908.30 908.30
109 908.30 908.30
110 908.30 908.30
111 908.30 908.30
112 908.30 908.30
113 908.30 908.30
114 908.30 908.30
115 908.30 908.30
116 908.30 908.30
117 908.30 908.30
118 908.30 908.30
119 908.30 908.30
120 908.30 908.30
121 908.30 908.30
122 908.30 908.30
123 908.30 908.30
124 908.30 908.30
125 908.30 908.30
126 908.30 908.30
127 908.30 908.30
128 908.30 908.30
129 908.30 908.30
130 908.30 908.30
131 908.30 908.30
132 908.30 908.30
133 908.30 908.30
134 908.30 908.30
135 908.30 908.30
136 908.30 908.30
137 908.30 908.30
138 908.30 908.30
139 908.30 908.30
140 908.30 908.30
141 908.30 908.30
142 908.30 908.30
143 908.30 908.30
144 908.30 908.30
145 908.30 908.30
146 908.30 908.30
147 908.30 908.30
148 908.30 908.30
149 908.30 908.30
150 908.30 908.30
151 908.30 908.30
152 908.30 908.30
153 908.30 908.30
154 908.30 908.30
155 908.30 908.30
156 908.30 908.30
157 908.30 908.30
158 908.30 908.30
159 908.30 908.30
160 908.30 908.30
161 908.30 908.30
162 908.30 908.30
163 908.30 908.30
164 908.30 908.30
165 908.30 908.30
166 908.30 908.30
167 908.30 908.30
168 908.30 908.30
169 908.30 908.30
170 908.30 908.30
171 908.30 908.30
172 908.30 908.30
173 908.30 908.30
174 908.30 908.30
175 908.30 908.30
176 908.30 908.30
177 908.30 908.30
178 908.30 908.30
179 908.30 908.30
180 908.30 908.30
181 908.30 908.30
182 908.30 908.30
183 908.30 908.30
184 908.30 908.30
185 908.30 908.30
186 908.30 908.30
187 908.30 908.30
188 908.30 908.30
189 908.30 908.30
190 908.30 908.30
191 908.30 908.30
192 908.30 908.30
193 908.30 908.30
194 908.30 908.30
195 908.30 908.30
196 908.30 908.30
197 908.30 908.30
198 908.30 908.30
199 908.30 908.30
200 908.30 908.30
201 908.30 908.30
202 908.30 908.30
203 908.30 908.30
204 908.30 908.30
205 908.30 908.30
206 908.30 908.30
207 908.30 908.30
208 908.30 908.30
209 908.30 908.30
210 908.30 908.30
211 908.30 908.30
212 908.30 908.30
213 908.30 908.30
214 908.30 908.30
215 908.30 908.30
216 908.30 908.30
217 908.30 908.30
218 908.30 908.30
219 908.30 908.30
220 908.30 908.30
221 908.30 908.30
222 908.30 908.30
223 908.30 908.30
224 908.30 908.30
225 908.30 908.30
226 908.30 908.30
227 908.30 908.30
228 908.30 908.30
229 908.30 908.30
230 908.30 908.30
231 908.30 908.30
232 908.30 908.30
233 908.30 908.30
234 908.30 908.30
235 908.30 908.30
236 908.30 908.30
237 908.30 908.30
238 908.30 908.30
239 908.30 908.30
240 908.30 908.30
241 908.30 908.30
242 908.30 908.30
243 908.30 908.30
244 908.30 908.30
245 908.30 908.30
246 908.30 908.30
247 908.30 908.30
248 908.30 908.30
249 908.30 908.30
250 908.30 908.30
251 908.30 908.30
252 908.30 908.30
253 908.30 908.30
254 908.30 908.30
255 908.30 908.30
256 908.30 908.30
257 908.30 908.30
258 908.30 908.30
259 908.30 908.30
260 908.30 908.30
261 908.30 908.30
262 908.30 908.30
263 908.30 908.30
264 908.30 908.30
265 908.30 908.30
266 908.30 908.30
267 908.30 908.30
268 908.30 908.30
269 908.30 908.30
270 908.30 908.30
271 908.30 908.30
272 908.30 908.30
273 908.30 908.30
274 908.30 908.30
275 908.30 908.30
276 908.30 908.30
277 908.30 908.30
278 908.30 908.30
279 908.30 908.30
280 908.30 908.30
281 908.30 908.30
282 908.30 908.30
283 908.30 908.30
284 908.30 908.30
285 908.30 908.30
286 908.30 908.30
287 908.30 908.30
288 908.30 908.30
289 908.30 908.30
290 908.30 908.30
291 908.30 908.30
292 908.30 908.30
293 908.30 908.30
294 908.30 908.30
295 908.30 908.30
296 908.30 908.30
297 908.30 908.30
298 908.30 908.30
299 908.30 908.30
300 908.30 908.30
301 908.30 908.30
302 908.30 908.30
303 908.30 908.30
304 908.30 908.30
305 908.30 908.30
306 908.30 908.30
307 908.30 908.30
308 908.30 908.30
309 908.30 908.30
310 908.30 908.30
311 908.30 908.30
312 908.30 908.30
313 908.30 908.30
314 908.30 908.30
315 908.30 908.30
316 908.30 908.30
317 908.30 908.30
318 908.30 908.30
319 908.30 908.30
320 908.30 908.30
321 908.30 908.30
322 908.30 908.30
323 908.30 908.30
324 908.30 908.30
325 908.30 908.30
326 908.30 908.30
327 908.30 908.30
328 908.30 908.30
329 908.30 908.30
330 908.30 908.30
331 908.30 908.30
332 908.30 908.30
333 908.30 908.30
334 908.30 908.30
335 908.30 908.30
336 908.30 908.30
337 908.30 908.30
338 908.30 908.30
339 908.30 908.30
340 908.30 908.30
341 908.30 908.30
342 908.30 908.30
343 908.30 908.30
344 908.30 908.30
345 908.30 908.30
346 908.30 908.30
347 908.30 908.30
348 908.30 908.30
349 908.30 908.30
350 908.30 908.30
351 908.30 908.30
352 908.30 908.30
353 908.30 908.30
354 908.30 908.30
355 908.30 908.30
356 908.30 908.30
357 908.30 908.30
358 908.30 908.30
359 908.30 908.30
360 908.30 908.30
361 908.30 908.30
362 908.30 908.30
363 908.30 908.30
364 908.30 908.30
365 908.30 908.30
366 908.30 908.30
367 908.30 908.30
368 908.30 908.30
369 908.30 908.30
370 908.30 908.30
371 908.30 908.30
372 908.30 908.30
373 908.30 908.30
374 908.30 908.30
375 908.30 908.30
376 908.30 908.30
377 908.30 908.30
378 908.30 908.30
379 908.30 908.30
380 908.30 908.30
381 908.30 908.30
382 908.30 908.30
383 908.30 908.30
384 908.30 908.30
385 908.30 908.30
386 908.30 908.30
387 908.30 908.30
388 908.30 908.30
389 908.30 908.30
390 908.30 908.30
391 908.30 908.30
392 908.30 908.30
393 908.30 908.30
394 908.30 908.30
395 908.30 908.30
396 908.30 908.30
397 908.30 908.30
398 908.30 908.30
399 908.30 908.30
400 908.30 908.30
401 908.30 908.30
402 908.30 908.30
403 908.30 908.30
404 908.30 908.30
405 908.30 908.30
406 908.30 908.30
407 908.30 908.30
408 908.30 908.30
409 908.30 908.30
410 908.30 908.30
411 908.30 908.30
412 908.30 908.30
413 908.30 908.30
414 908.30 908.30
415 908.30 908.30
416 908.30 908.30
417 908.30 908.30
418 908.30 908.30
419 908.30 908.30
420 908.30 908.30
421 908.30 908.30
422 908.30 908.30
423 908.30 908.30
424 908.30 908.30
425 908.30 908.30
426 908.30 908.30
427 908.30 908.30
428 908.30 908.30
429 908.30 908.30
430 908.30 908.30
431 908.30 908.30
432 908.30 908.30
433 908.30 908.30
434 908.30 908.30
435 908.30 908.30
436 908.30 908.30
437 908.30 908.30
438 908.30 908.30
439 908.30 908.30
440 908.30 908.30
441 908.30 908.30
442 908.30 908.30
443 908.30 908.30
444 908.30 908.30
445 908.30 908.30
446 908.30 908.30
447 908.30 908.30
448 908.30 908.30
449 908.30 908.30
450 908.30 908.30
451 908.30 908.30
452 908.30 908.30
453 908.30 908.30
454 908.30 908.30
455 908.30 908.30
456 908.30 908.30
457 908.30 908.30
458 908.30 908.30
459 908.30 908.30
460 908.30 908.30
461 908.30 908.30
462 908.30 908.30
463 908.30 908.30
464 908.30 908.30
465 908.30 908.30
466 908.30 908.30
467 908.30 908.30
468 908.30 908.30
469 908.30 908.30
470 908.30 908.30
471 908.30 908.30
472 908.30 908.30
473 908.30 908.30
474 908.30 908.30
475 908.30 908.30
476 908.30 908.30
477 908.30 908.30
478 908.30 908.30
479 908.30 908.30
480 908.30 908.30
481 908.30 908.30
482 908.30 908.30
483 908.30 908.30
484 908.30 908.30
485 908.30 908.30
486 908.30 908.30
487 908.30 908.30
488 908.30 908.30
489 908.30 908.30
490 908.30 908.30
491 908.30 908.30
492 908.30 908.30
493 908.30 908.30
494 908.30 908.30
495 908.30 908.30
496 908.30 908.30
497 908.30 908.30
498 908.30 908.30
499 908.30 908.30
500 908.30 908.30
501 908.30 908.30
502 908.30 908.30
503 908.30 908.30
504 908.30 908.30
505 908.30 908.30
506 908.30 908.30
507 908.30 908.30
508 908.30 908.30
509 908.30 908.30
510 908.30 908.30
511 908.30 908.30
512 908.30 908.30
513 908.30 908.30
514 908.30 908.30
515 908.30 908.30
516 908.30 908.30
517 908.30 908.30
518 908.30 908.30
519 908.30 908.30
520 908.30 908.30
521 908.30 908.30
522 908.30 908.30
523 908.30 908.30
524 908.30 908.30
525 908.30 908.30
526 908.30 908.30
527 908.30 908.30
528 908.30 908.30
529 908.30 908.30
530 908.30 908.30
531 908.30 908.30
532 908.30 908.30
533 908.30 908.30
534 908.30 908.30
535 908.30 908.30
536 908.30 908.30
537 908.30 908.30
538 908.30 908.30
539 908.30 908.30
540 908.30 908.30
541 908.30 908.30
542 908.30 908.30
543 908.30 908.30
544 908.30 908.30
545 908.30 908.30
546 908.30 908.30
547 908.30 908.30
548 908.30 908.30
549 908.30 908.30
550 908.30 908.30
551 908.30 908.30
552 908.30 908.30
553 908.30 908.30
554 908.30 908.30
555 908.30 908.30
556 908.30 908.30
557 908.30 908.30
558 908.30 908.30
559 908.30 908.30
560 908.30 908.30
561 908.30 908.30
562 908.30 908.30
563 908.30 908.30
564 908.30 908.30
565 908.30 908.30
566 908.30 908.30
567 908.30 908.30
568 908.30 908.30
569 908.30 908.30
570 908.30 908.30
571 908.30 908.30
572 908.30 908.30
573 908.30 908.30
574 908.30 908.30
575 908.30 908.30
576 908.30 908.30
577 908.30 908.30
578 908.30 908.30
579 908.30 908.30
580 908.30 908.30
581 908.30 908.30
582 908.30 908.30
583 908.30 908.30
584 908.30 908.30
585 908.30 908.30
586 908.30 908.30
587 908.30 908.30
588 908.30 908.30
589 908.30 908.30
590 908.30 908.30
591 908.30 908.30
592 908.30 908.30
593 908.30 908.30
594 908.30 908.30
595 908.30 908.30
596 908.30 908.30
597 908.30 908.30
598 908.30 908.30
599 908.30 908.30
600 908.30 908.30
601 908.30 908.30
602 908.30 908.30
603 908.30 908.30
604 908.30 908.30
605 908.30 908.30
606 908.30 908.30
607 908.30 908.30
608 908.30 908.30
609 908.30 908.30
610 908.30 908.30
611 908.30 908.30
612 908.30 908.30
613 908.30 908.30
614 908.30 908.30
615 908.30 908.30
616 908.30 908.30
617 908.30 908.30
618 908.30 908.30
619 908.30 908.30
620 908.30 908.30
621 908.30 908.30
622 908.30 908.30
623 908.30 908.30
624 908.30 908.30
625 908.30 908.30
626 908.30 908.30
627 908.30 908.30
628 908.30 908.30
629 908.30 908.30
630 908.30 908.30
631 908.30 908.30
632 908.30 908.30
633 908.30 908.30
634 908.30 908.30
635 908.30 908.30
636 908.30 908.30
637 908.30 908.30
638 908.30 908.30
639 908.30 908.30
640 908.30 908.30
641 908.30 908.30
642 908.30 908.30
643 908.30 908.30
644 908.30 908.30
645 908.30 908.30
646 908.30 908.30
647 908.30 908.30
648 908.30 908.30
649 908.30 908.30
650 908.30 908.30
651 908.30 908.30
652 908.30 908.30
653 908.30 908.30
654 908.30 908.30
655 908.30 908.30
656 908.30 908.30
657 908.30 908.30
658 908.30 908.30
659 908.30 908.30
660 908.30 908.30
661 908.30 908.30
662 908.30 908.30
663 908.30 908.30
664 908.30 908.30
665 908.30 908.30
666 908.30 908.30
667 908.30 908.30
668 908.30 908.30
669 908.30 908.30
670 908.30 908.30
671 908.30 908.30
672 908.30 908.30
673 908.30 908.30
674 908.30 908.30
675 908.30 908.30
676 908.30 908.30
677 908.30 908.30
678 908.30 908.30
679 908.30 908.30
680 908.30 908.30
681 908.30 908.30
682 908.30 908.30
683 908.30 908.30
684 908.30 908.30
685 908.30 908.30
686 908.30 908.30
687 908.30 908.30
688 908.30 908.30
689 908.30 908.30
690 908.30 908.30
691 908.30 908.30
692 908.30 908.30
693 908.30 908.30
694 908.30 908.30
695 908.30 908.30
696 908.30 908.30
697 908.30 908.30
698 908.30 908.30
699 908.30 908.30
700 908.30 908.30
701 908.30 908.30
702 908.30 908.30
703 908.30 908.30
704 908.30 908.30
705 908.30 908.30
706 908.30 908.30
707 908.30 908.30
708 908.30 908.30
709 908.30 908.30
710 908.30 908.30
711 908.30 908.30
712 908.30 908.30
713 908.30 908.30
714 908.30 908.30
715 908.30 908.30
716 908.30 908.30
717 908.30 908.30
718 908.30 908.30
719 908.30 908.30
720 908.30 908.30
721 908.30 908.30
722 908.30 908.30
723 908.30 908.30
724 908.30 908.30
725 908.30 908.30
726 908.30 908.30
727 908.30 908.30
728 908.30 908.30
729 908.30 908.30
730 908.30 908.30
731 908.30 908.30
732 908.30 908.30
733 908.30 908.30
734 908.30 908.30
735 908.30 908.30
736 908.30 908.30
737 908.30 908.30
738 908.30 908.30
739 908.30 908.30
740 908.30 908.30
741 908.30 908.30
742 908.30 908.30
743 908.30 908.30
744 908.30 908.30
745 908.30 908.30
746 908.30 908.30
747 908.30 908.30
748 908.30 908.30
749 908.30 908.30
750 908.30 908.30
751 908.30 908.30
752 908.30 908.30
753 908.30 908.30
754 908.30 908.30
755 908.30 908.30
756 908.30 908.30
757 908.30 908.30
758 908.30 908.30
759 908.30 908.30
760 908.30 908.30
761 908.30 908.30
762 908.30 908.30
763 908.30 908.30
764 908.30 908.30
765 908.30 908.30
766 908.30 908.30
767 908.30 908.30
768 908.30 908.30
769 908.30 908.30
770 908.30 908.30
771 908.30 908.30
772 908.30 908.30
773 908.30 908.30
774 908.30 908.30
775 908.30 908.30
776 908.30 908.30
777 908.30 908.30
778 908.30 908.30
779 908.30 908.30
780 908.30 908.30
781 908.30 908.30
782 908.30 908.30
783 908.30 908.30
784 908.30 908.30
785 908.30 908.30
786 908.30 908.30
787 908.30 908.30
788 908.30 908.30
789 908.30 908.30
790 908.30 908.30
791 908.30 908.30
792 908.30 908.30
793 908.30 908.30
794 908.30 908.30
795 908.30 908.30
796 908.30 908.30
797 908.30 908.30
798 908.30 908.30
799 908.30 908.30
800 908.30 908.30
801 908.30 908.30
802 908.30 908.30
803 908.30 908.30
804 908.30 908.30
805 908.30 908.30
806 908.30 908.30
807 908.30 908.30
808 908.30 908.30
809 908.30 908.30
810 908.30 908.30
811 908.30 908.30
812 908.30 908.30
813 908.30 908.30
814 908.30 908.30
815 908.30 908.30
816 908.30 908.30
817 908.30 908.30
818 908.30 908.30
819 908.30 908.30
820 908.30 908.30
821 908.30 908.30
822 908.30 908.30
823 908.30 908.30
824 908.30 908.30
825 908.30 908.30
826 908.30 908.30
827 908.30 908.30
828 908.30 908.30
829 908.30 908.30
830 908.30 908.30
831 908.30 908.30
832 908.30 908.30
833 908.30 908.30
834 908.30 908.30
835 908.30 908.30
836 908.30 908.30
837 908.30 908.30
838 908.30 908.30
839 908.30 908.30
840 908.30 908.30
841 908.30 908.30
842 908.30 908.30
843 908.30 908.30
844 908.30 908.30
845 908.30 908.30
846 908.30 908.30
847 908.30 908.30
848 908.30 908.30
849 908.30 908.30
850 908.30 908.30
851 908.30 908.30
852 908.30 908.30
853 908.30 908.30
854 908.30 908.30
855 908.30 908.30
856 908.30 908.30
857 908.30 908.30
858 908.30 908.30
859 908.30 908.30
860 908.30 908.30
861 908.30 908.30
862 908.30 908.30
863 908.30 908.30
864 908.30 908.30
865 908.30 908.30
866 908.30 908.30
867 908.30 908.30
868 908.30 908.30
869 908.30 908.30
870 908.30 908.30
871 908.30 908.30
872 908.30 908.30
873 908.30 908.30
874 908.30 908.30
875 908.30 908.30
876 908.30 908.30
877 908.30 908.30
878 908.30 908.30
879 908.30 908.30
880 908.30 908.30
881 908.30 908.30
882 908.30 908.30
883 908.30 908.30
884 908.30 908.30
885 908.30 908.30
886 908.30 908.30
887 908.30 908.30
888 908.30 908.30
889 908.30 908.30
890 908.30 908.30
891 908.30 908.30
892 908.30 908.30
893 908.30 908.30
894 908.30 908.30
895 908.30 908.30
896 908.30 908.30
897 908.30 908.30
898 908.30 908.30
899 908.30 908.30
900 908.30 908.30
901 908.30 908.30
902 908.30 908.30
903 908.30 908.30
904 908.30 908.30
905 908.30 908.30
906 908.30 908.30
907 908.30 908.30
908 908.30 908.30
909 908.30 908.30
910 908.30 908.30
911 908.30 908.30
912 908.30 908.30
913 908.30 908.30
914 908.30 908.30
915 908.30 908.30
916 908.30 908.30
917 908.30 908.30
918 908.30 908.30
919 908.30 908.30
920 908.30 908.30
921 908.30 908.30
922 908.30 908.30
923 908.30 908.30
924 908.30 908.30
925 908.30 908.30
926 908.30 908.30
927 908.30 908.30
928 908.30 908.30
929 908.30 908.30
930 908.30 908.30
931 908.30 908.30
932 908.30 908.30
933 908.30 908.30
934 908.30 908.30
935 908.30 908.30
936 908.30 908.30
937 908.30 908.30
938 908.30 908.30
939 908.30 908.30
940 908.30 908.30
941 908.30 908.30
942 908.30 908.30
943 908.30 908.30
944 908.30 908.30
945 908.30 908.30
946 908.30 908.30
947 908.30 908.30
948 908.30 908.30
949 908.30 908.30
950 908.30 908.30
951 908.30 908.30
952 908.30 908.30
953 908.30 908.30
954 908.30 908.30
955 908.30 908.30
956 908.30 908.30
957 908.30 908.30
958 908.30 908.30
959 908.30 908.30
960 908.30 908.30
961 908.30 908.30
962 908.30 908.30
963 908.30 908.30
964 908.30 908.30
965 908.30 908.30
966 908.30 908.30
967 908.30 908.30
968 908.30 908.30
969 908.30 908.30
970 908.30 908.30
971 908.30 908.30
972 908.30 908.30
973 908.30 908.30
974 908.30 908.30
975 908.30 908.30
976 908.30 908.30
977 908.30 908.30
978 908.30 908.30
979 908.30 908.30
980 908.30 908.30
981 908.30 908.30
982 908.30 908.30
983 908.30 908.30
984 908.30 908.30
985 908.30 908.30
986 908.30 908.30
987 908.30 908.30
988 908.30 908.30
989 908.30 908.30
990 908.30 908.30
991 908.30 908.30
992 908.30 908.30
993 908.30 908.30
994 908.30 908.30
995 908.30 908.30
996 908.30 908.30
997 908.30 908.30
998 908.30 908.30
999 908.30 908.30
1000 908.30 908.30
1001 908.30 908.30
1002 908.30 908.30
1003 908.30 908.30
1004 908.30 908.30
1005 908.30 908.30
1006 908.30 908.30
1007 908.30 908.30
1008 908.30 908.30
1009 908.30 908.30
1010 908.30 908.30
1011 908.30 908.30
1012 908.30 908.30
1013 908.30 908.30
1014 908.30 908.30
1015 908.30 908.30
1016 908.30 908.30
1017 908.30 908.30
1018 908.30 908.30
1019 908.30 908.30
1020 908.30 908.30
1021 908.30 908.30
1022 908.30 908.30
1023 908.30 908.30
1024 908.30 908.30
1025 908.30 908.30
1026 908.30 908.30
1027 908.30 908.30
1028 908.30 908.30
1029 908.30 908.30
1030 908.30 908.30
1031 908.30 908.30
1032 908.30 908.30
1033 908.30 908.30
1034 908.30 908.30
1035 908.30 908.30
1036 908.30 908.30
1037 908.30 908.30
1038 908.30 908.30
1039 908.30 908.30
1040 908.30 908.30
1041 908.30 908.30
1042 908.30 908.30
1043 908.30 908.30
1044 908.30 908.30
1045 908.30 908.30
1046 908.30 908.30
1047 908.30 908.30
1048 908.30 908.30
1049 908.30 908.30
1050 908.30 908.30
1051 908.30 908.30
1052 908.30 908.30
1053 908.30 908.30
1054 908.30 908.30
1055 908.30 908.30
1056 908.30 908.30
1057 908.30 908.30
1058 908.30 908.30
1059 908.30 908.30
1060 908.30 908.30
1061 908.30 908.30
1062 908.30 908.30
1063 908.30 908.30
1064 908.30 908.30
1065 908.30 908.30
1066 908.30 908.30
1067 908.30 908.30
1068 908.30 908.30
1069 908.30 908.30
1070 908.30 908.30
1071 908.30 908.30
1072 908.30 908.30
1073 908.30 908.30
1074 908.30 908.30
1075 908.30 908.30
1076 908.30 908.30
1077 908.30 908.30
1078 908.30 908.30
1079 908.30 908.30
1080 908.30 908.30
1081 908.30 908.30
1082 908.30 908.30
1083 908.30 908.30
1084 908.30 908.30
1085 908.30 908.30
1086 908.30 908.30
1087 908.30 908.30
1088 908.30 908.30
1089 908.30 908.30
1090 908.30 908.30
1091 908.30 908.30
1092 908.30 908.30
1093 908.30 908.30
1094 908.30 908.30
1095 908.30 908.30
1096 908.30 908.30
1097 908.30 908.30
1098 908.30 908.30
1099 908.30 908.30
1100 908.30 908.30
1101 908.30 908.30
1102 908.30 908.30
1103 908.30 908.30
1104 908.30 908.30
1105 908.30 908.30
1106 908.30 908.30
1107 908.30 908.30
1108 908.30 908.30
1109 908.30 908.30
1110 908.30 908.30
1111 908.30 908.30
1112 908.30 908.30
1113 908.30 908.30
1114 908.30 908.30
1115 908.30 908.30
1116 908.30 908.30
1117 908.30 908.30
1118 908.30 908.30
1119 908.30 908.30
1120 908.30 908.30
1121 908.30 908.30
1122 908.30 908.30
1123 908.30 908.30
1124 908.30 908.30
1125 908.30 908.30
1126 908.30 908.30
1127 908.30 908.30
1128 908.30 908.30
1129 908.30 908.30
1130 908.30 908.30
1131 908.30 908.30
1132 908.30 908.30
1133 908.30 908.30
1134 908.30 908.30
1135 908.30 908.30
1136 908.30 908.30
1137 908.30 908.30
1138 908.30 908.30
1139 908.30 908.30
1140 908.30 908.30
1141 908.30 908.30
1142 908.30 908.30
1143 908.30 908.30
1144 908.30 908.30
1145 908.30 908.30
1146 908.30 908.30
1147 908.30 908.30
1148 908.30 908.30
1149 908.30 908.30
1150 908.30 908.30
1151 908.30 908.30
1152 908.30 908.30
1153 908.30 908.30
1154 908.30 908.30
1155 908.30 908.30
1156 908.30 908.30
1157 908.30 908.30
1158 908.30 908.30
1159 908.30 908.30
1160 908.30 908.30
1161 908.30 908.30
1162 908.30 908.30
1163 908.30 908.30
1164 908.30 908.30
1165 908.30 908.30
1166 908.30 908.30
1167 908.30 908.30
1168 908.30 908.30
1169 908.30 908.30
1170 908.30 908.30
1171 908.30 908.30
1172 908.30 908.30
1173 908.30 908.30
1174 908.30 908.30
1175 908.30 908.30
1176 908.30 908.30
1177 908.30 908.30
1178 908.30 908.30
1179 908.30 908.30
1180 908.30 908.30
1181 908.30 908.30
1182 908.30 908.30
1183 908.30 908.30
1184 908.30 908.30
1185 908.30 908.30
1186 908.30 908.30
1187 908.30 908.30
1188 908.30 908.30
1189 908.30 908.30
1190 908.30 908.30
1191 908.30 908.30
1192 908.30 908.30
1193 908.30 908.30
1194 908.30 908.30
1195 908.30 908.30
1196 908.30 908.30
1197 908.30 908.30
1198 908.30 908.30
1199 908.30 908.30
1200 908.30 908.30
1201 908.30 908.30
1202 908.30 908.30
1203 908.30 908.30
1204 908.30 908.30
1205 908.30 908.30
1206 908.30 908.30
1207 908.30 908.30
1208 908.30 908.30
1209 908.30 908.30
1210 908.30 908.30
1211 908.30 908.30
1212 908.30 908.30
1213 908.30 908.30
1214 908.30 908.30
1215 908.30 908.30
1216 908.30 908.30
1217 908.30 908.30
1218 908.30 908.30
1219 908.30 908.30
1220 908.30 908.30
1221 908.30 908.30
1222 908.30 908.30
1223 908.30 908.30
1224 908.30 908.30
1225 908.30 908.30
1226 908.30 908.30
1227 908.30 908.30
1228 908.30 908.30
1229 908.30 908.30
1230 908.30 908.30
1231 908.30 908.30
1232 908.30 908.30
1233 908.30 908.30
1234 908.30 908.30
1235 908.30 908.30
1236 908.30 908.30
1237 908.30 908.30
1238 908.30 908.30
1239 908.30 908.30
1240 908.30 908.30
1241 908.30 908.30
1242 908.30 908.30
1243 908.30 908.30
1244 908.30 908.30
1245 908.30 908.30
1246 908.30 908.30
1247 908.30 908.30
1248 908.30 908.30
1249 908.30 908.30
1250 908.30 908.30
1251 908.30 908.30
1252 908.30 908.30
1253 908.30 908.30
1254 908.30 908.30
1255 908.30 908.30
1256 908.30 908.30
1257 908.30 908.30
1258 908.30 908.30
1259 908.30 908.30
1260 908.30 908.30
1261 908.30 908.30
1262 908.30 908.30
1263 908.30 908.30
1264 908.30 908.30
1265 908.30 908.30
1266 908.30 908.30
1267 908.30 908.30
1268 908.30 908.30
1269 908.30 908.30
1270 908.30 908.30
1271 908.30 908.30
1272 908.30 908.30
1273 908.30 908.30
1274 908.30 908.30
1275 908.30 908.30
1276 908.30 908.30
1277 908.30 908.30
1278 908.30 908.30
1279 908.30 908.30
1280 908.30 908.30
1281 908.30 908.30
1282 908.30 908.30
1283 908.30 908.30
1284 908.30 908.30
1285 908.30 908.30
1286 908.30 908.30
1287 908.30 908.30
1288 908.30 908.30
1289 908.30 908.30
1290 908.30 908.30
1291 908.30 908.30
1292 908.30 908.30
1293 908.30 908.30
1294 908.30 908.30
1295 908.30 908.30
1296 908.30 908.30
1297 908.30 908.30
1298 908.30 908.30
1299 908.30 908.30
1300 908.30 908.30
1301 908.30 908.30
1302 908.30 908.30
1303 908.30 908.30
1304 908.30 908.30
1305 908.30 908.30
1306 908.30 908.30
1307 908.30 908.30
1308 908.30 908.30
1309 908.30 908.30
1310 908.30 908.30
1311 908.30 908.30
1312 908.30 908.30
1313 908.30 908.30
1314 908.30 908.30
1315 908.30 908.30
1316 908.30 908.30
1317 908.30 908.30
1318 908.30 908.30
1319 908.30 908.30
1320 908.30 908.30
1321 908.30 908.30
1322 908.30 908.30
1323 908.30 908.30
1324 908.30 908.30
1325 908.30 908.30
1326 908.30 908.30
1327 908.30 908.30
1328 908.30 908.30
1329 908.30 908.30
1330 908.30 908.30
1331 908.30 908.30
1332 908.30 908.30
1333 908.30 908.30
1334 908.30 908.30
1335 908.30 908.30
1336 908.30 908.30
1337 908.30 908.30
1338 908.30 908.30
1339 908.30 908.30
1340 908.30 908.30
1341 908.30 908.30
1342 908.30 908.30
1343 908.30 908.30
1344 908.30 908.30
1345 908.30 908.30
1346 908.30 908.30
1347 908.30 908.30
1348 908.30 908.30
1349 908.30 908.30
1350 908.30 908.30
1351 908.30 908.30
1352 908.30 908.30
1353 908.30 908.30
1354 908.30 908.30
1355 908.30 908.30
1356 908.30 908.30
1357 908.30 908.30
1358 908.30 908.30
1359 908.30 908.30
1360 908.30 908.30
1361 908.30 908.30
1362 908.30 908.30
1363 908.30 908.30
1364 908.30 908.30
1365 908.30 908.30
1366 908.30 908.30
1367 908.30 908.30
1368 908.30 908.30
1369 908.30 908.30
1370 908.30 908.30
1371 908.30 908.30
1372 908.30 908.30
1373 908.30 908.30
1374 908.30 908.30
1375 908.30 908.30
1376 908.30 908.30
1377 908.30 908.30
1378 908.30 908.30
1379 908.30 908.30
1380 908.30 908.30
1381 908.30 908.30
1382 908.30 908.30
1383 908.30 908.30
1384 908.30 908.30
1385 908.30 908.30
1386 908.30 908.30
1387 908.30 908.30
1388 908.30 908.30
1389 908.30 908.30
1390 908.30 908.30
1391 908.30 908.30
1392 908.30 908.30
1393 908.30 908.30
1394 908.30 908.30
1395 908.30 908.30
1396 908.30 908.30
1397 908.30 908.30
1398 908.30 908.30
1399 908.30 908.30
1400 908.30 908.30
1401 908.30 908.30
1402 908.30 908.30
1403 908.30 908.30
1404 908.30 908.30
1405 908.30 908.30
1406 908.30 908.30
1407 908.30 908.30
1408 908.30 908.30
1409 908.30 908.30
1410 908.30 908.30
1411 908.30 908.30
1412 908.30 908.30
1413 908.30 908.30
1414 908.30 908.30
1415 908.30 908.30
1416 908.30 908.30
1417 908.30 908.30
1418 908.30 908.30
1419 908.30 908.30
1420 908.30 908.30
1421 908.30 908.30
1422 908.30 908.30
1423 908.30 908.30
1424 908.30 908.30
1425 908.30 908.30
1426 908.30 908.30
1427 908.30 908.30
1428 908.30 908.30
1429 908.30 908.30
1430 908.30 908.30
1431 908.30 908.30
1432 908.30 908.30
1433 908.30 908.30
1434 908.30 908.30
1435 908.30 908.30
1436 908.30 908.30
1437 908.30 908.30
1438 908.30 908.30
1439 908.30 908.30
1440 908.30 908.30
1441 908.30 908.30
1442 908.30 908.30
1443 908.30 908.30
1444 908.30 908.30
1445 908.30 908.30
1446 908.30 908.30
1447 908.30 908.30
1448 908.30 908.30
1449 908.30 908.30
1450 908.30 908.30
1451 908.30 908.30
1452 908.30 908.30
1453 908.30 908.30
1454 908.30 908.30
1455 908.30 908.30
1456 908.30 908.30
1457 908.30 908.30
1458 908.30 908.30
1459 908.30 908.30
1460 908.30 908.30
1461 908.30 908.30
1462 908.30 908.30
1463 908.30 908.30
1464 908.30 908.30
1465 908.30 908.30
1466 908.30 908.30
1467 908.30 908.30
1468 908.30 908.30
1469 908.30 908.30
1470 908.30 908.30
1471 908.30 908.30
1472 908.30 908.30
1473 908.30 908.30
1474 908.30 908.30
1475 908.30 908.30
1476 908.30 908.30
1477 908.30 908.30
1478 908.30 908.30
1479 908.30 908.30
1480 908.30 908.30
1481 908.30 908.30
1482 908.30 908.30
1483 908.30 908.30
1484 908.30 908.30
1485 908.30 908.30
1486 908.30 908.30
1487 908.30 908.30
1488 908.30 908.30
1489 908.30 908.30
1490 908.30 908.30
1491 908.30 908.30
1492 908.30 908.30
1493 908.30 908.30
1494 908.30 908.30
1495 908.30 908.30
1496 908.30 908.30
1497 908.30 908.30
1498 908.30 908.30
1499 908.30 908.30
1500 908.30 908.30
1501 908.30 908.30
1502 908.30 908.30
1503 908.30 908.30
1504 908.30 908.30
1505 908.30 908.30
1506 908.30 908.30
1507 908.30 908.30
1508 908.30 908.30
1509 908.30 908.30
1510 908.30 908.30
1511 908.30 908.30
1512 908.30 908.30
1513 908.30 908.30
1514 908.30 908.30
1515 908.30 908.30
1516 908.30 908.30
1517 908.30 908.30
1518 908.30 908.30
1519 908.30 908.30
1520 908.30 908.30
1521 908.30 908.30
1522 908.30 908.30
1523 908.30 908.30
1524 908.30 908.30
1525 908.30 908.30
1526 908.30 908.30
1527 908.30 908.30
1528 908.30 908.30
1529 908.30 908.30
1530 908.30 908.30
1531 908.30 908.30
1532 908.30 908.30
1533 908.30 908.30
1534 908.30 908.30
1535 908.30 908.30
1536 908.30 908.30
1537 908.30 908.30
1538 908.30 908.30
1539 908.30 908.30
1540 908.30 908.30
1541 908.30 908.30
1542 908.30 908.30
1543 908.30 908.30
1544 908.30 908.30
1545 908.30 908.30
1546 908.30 908.30
1547 908.30 908.30
1548 908.30 908.30
1549 908.30 908.30
1550 908.30 908.30
1551 908.30 908.30
1552 908.30 908.30
1553 908.30 908.30
1554 908.30 908.30
1555 908.30 908.30
1556 908.30 908.30
1557 908.30 908.30
1558 908.30 908.30
1559 908.30 908.30
1560 908.30 908.30
1561 908.30 908.30
1562 908.30 908.30
1563 908.30 908.30
1564 908.30 908.30
1565 908.30 908.30
1566 908.30 908.30
1567 908.30 908.30
1568 908.30 908.30
1569 908.30 908.30
1570 908.30 908.30
1571 908.30 908.30
1572 908.30 908.30
1573 908.30 908.30
1574 908.30 908.30
1575 908.30 908.30
1576 908.30 908.30
1577 908.30 908.30
1578 908.30 908.30
1579 908.30 908.30
1580 908.30 908.30
1581 908.30 908.30
1582 908.30 908.30
1583 908.30 908.30
1584 908.30 908.30
1585 908.30 908.30
1586 908.30 908.30
1587 908.30 908.30
1588 908.30 908.30
1589 908.30 908.30
1590 908.30 908.30
1591 908.30 908.30
1592 908.30 908.30
1593 908.30 908.30
1594 908.30 908.30
1595 908.30 908.30
1596 908.30 908.30
1597 908.30 908.30
1598 908.30 908.30
1599 908.30 908.30
1600 908.30 908.30
1601 908.30 908.30
1602 908.30 908.30
1603 908.30 908.30
1604 908.30 908.30
1605 908.30 908.30
1606 908.30 908.30
1607 908.30 908.30
1608 908.30 908.30
1609 908.30 908.30
1610 908.30 908.30
1611 908.30 908.30
1612 908.30 908.30
1613 908.30 908.30
1614 908.30 908.30
1615 908.30 908.30
1616 908.30 908.30
1617 908.30 908.30
1618 908.30 908.30
1619 908.30 908.30
1620 908.30 908.30
1621 908.30 908.30
1622 908.30 908.30
1623 908.30 908.30
1624 908.30 908.30
1625 908.30 908.30
1626 908.30 908.30
1627 908.30 908.30
1628 908.30 908.30
1629 908.30 908.30
1630 908.30 908.30
1631 908.30 908.30
1632 908.30 908.30
1633 908.30 908.30
1634 908.30 908.30
1635 908.30 908.30
1636 908.30 908.30
1637 908.30 908.30
1638 908.30 908.30
1639 908.30 908.30
1640 908.30 908.30
1641 908.30 908.30
1642 908.30 908.30
1643 908.30 908.30
1644 908.30 908.30
1645 908.30 908.30
1646 908.30 908.30
1647 908.30 908.30
1648 908.30 908.30
1649 908.30 908.30
1650 908.30 908.30
1651 908.30 908.30
1652 908.30 908.30
1653 908.30 908.30
1654 908.30 908.30
1655 908.30 908.30
1656 908.30 908.30
1657 908.30 908.30
1658 908.30 908.30
1659 908.30 908.30
1660 908.30 908.30
1661 908.30 908.30
1662 908.30 908.30
1663 908.30 908.30
1664 908.30 908.30
1665 908.30 908.30
1666 908.30 908.30
1667 908.30 908.30
1668 908.30 908.30
1669 908.30 908.30
1670 908.30 908.30
1671 908.30 908.30
1672 908.30 908.30
1673 908.30 908.30
1674 908.30 908.30
1675 908.30 908.30
1676 908.30 908.30
1677 908.30 908.30
1678 908.30 908.30
1679 908.30 908.30
1680 908.30 908.30
1681 908.30 908.30
1682 908.30 908.30
1683 908.30 908.30
1684 908.30 908.30
1685 908.30 908.30
1686 908.30 908.30
1687 908.30 908.30
1688 908.30 908.30
1689 908.30 908.30
1690 908.30 908.30
1691 908.30 908.30
1692 908.30 908.30
1693 908.30 908.30
1694 908.30 908.30
1695 908.30 908.30
1696 908.30 908.30
1697 908.30 908.30
1698 908.30 908.30
1699 908.30 908.30
1700 908.30 908.30
1701 908.30 908.30
1702 908.30 908.30
1703 908.30 908.30
1704 908.30 908.30
1705 908.30 908.30
1706 908.30 908.30
1707 908.30 908.30
1708 908.30 908.30
1709 908.30 908.30
1710 908.30 908.30
1711 908.30 908.30
1712 908.30 908.30
1713 908.30 908.30
1714 908.30 908.30
1715 908.30 908.30
1716 908.30 908.30
1717 908.30 908.30
1718 908.30 908.30
1719 908.30 908.30
1720 908.30 908.30
1721 908.30 908.30
1722 908.30 908.30
1723 908.30 908.30
1724 908.30 908.30
1725 908.30 908.30
1726 908.30 908.30
1727 908.30 908.30
1728 908.30 908.30
1729 908.30 908.30
1730 908.30 908.30
1731 908.30 908.30
1732 908.30 908.30
1733 908.30 908.30
1734 908.30 908.30
1735 908.30 908.30
1736 908.30 908.30
1737 908.30 908.30
1738 908.30 908.30
1739 908.30 908.30
1740 908.30 908.30
1741 908.30 908.30
1742 908.30 908.30
1743 908.30 908.30
1744 908.30 908.30
1745 908.30 908.30
1746 908.30 908.30
1747 908.30 908.30
1748 908.30 908.30
1749 908.30 908.30
1750 908.30 908.30
1751 908.30 908.30
1752 908.30 908.30
1753 908.30 908.30
1754 908.30 908.30
1755 908.30 908.30
1756 908.30 908.30
1757 908.30 908.30
1758 908.30 908.30
1759 908.30 908.30
1760 908.30 908.30
1761 908.30 908.30
1762 908.30 908.30
1763 908.30 908.30
1764 908.30 908.30
1765 908.30 908.30
1766 908.30 908.30
1767 908.30 908.30
1768 908.30 908.30
1769 908.30 908.30
1770 908.30 908.30
1771 908.30 908.30
1772 908.30 908.30
1773 908.30 908.30
1774 908.30 908.30
1775 908.30 908.30
1776 908.30 908.30
1777 908.30 908.30
1778 908.30 908.30
1779 908.30 908.30
1780 908.30 908.30
1781 908.30 908.30
1782 908.30 908.30
1783 908.30 908.30
1784 908.30 908.30
1785 908.30 908.30
1786 908.30 908.30
1787 908.30 908.30
1788 908.30 908.30
1789 908.30 908.30
1790 908.30 908.30
1791 908.30 908.30
1792 908.30 908.30
1793 908.30 908.30
1794 908.30 908.30
1795 908.30 908.30
1796 908.30 908.30
1797 908.30 908.30
1798 908.30 908.30
1799 908.30 908.30
1800 908.30 908.30
1801 908.30 908.30
1802 908.30 908.30
1803 908.30 908.30
1804 908.30 908.30
1805 908.30 908.30
1806 908.30 908.30
1807 908.30 908.30
1808 908.30 908.30
1809 908.30 908.30
1810 908.30 908.30
1811 908.30 908.30
1812 908.30 908.30
1813 908.30 908.30
1814 908.30 908.30
1815 908.30 908.30
1816 908.30 908.30
1817 908.30 908.30
1818 908.30 908.30
1819 908.30 908.30
1820 908.30 908.30
1821 908.30 908.30
1822 908.30 908.30
1823 908.30 908.30
1824 908.30 908.30
1825 908.30 908.30
1826 908.30 908.30
1827 908.30 908.30
1828 908.30 908.30
1829 908.30 908.30
1830 908.30 908.30
1831 908.30 908.30
1832 908.30 908.30
1833 908.30 908.30
1834 908.30 908.30
1835 908.30 908.30
1836 908.30 908.30
1837 908.30 908.30
1838 908.30 908.30
1839 908.30 908.30
1840 908.30 908.30
1841 908.30 908.30
1842 908.30 908.30
1843 908.30 908.30
1844 908.30 908.30
1845 908.30 908.30
1846 908.30 908.30
1847 908.30 908.30
1848 908.30 908.30
1849 908.30 908.30
1850 908.30 908.30
1851 908.30 908.30
1852 908.30 908.30
1853 908.30 908.30
1854 908.30 908.30
1855 908.30 908.30
1856 908.30 908.30
1857 908.30 908.30
1858 908.30 908.30
1859 908.30 908.30
1860 908.30 908.30
1861 908.30 908.30
1862 908.30 908.30
1863 908.30 908.30
1864 908.30 908.30
1865 908.30 908.30
1866 908.30 908.30
1867 908.30 908.30
1868 908.30 908.30
1869 908.30 908.30
1870 908.30 908.30
1871 908.30 908.30
1872 908.30 908.30
1873 908.30 908.30
1874 908.30 908.30
1875 908.30 908.30
1876 908.30 908.30
1877 908.30 908.30
1878 908.30 908.30
1879 908.30 908.30
1880 908.30 908.30
1881 908.30 908.30
1882 908.30 908.30
1883 908.30 908.30
1884 908.30 908.30
1885 908.30 908.30
1886 908.30 908.30
1887 908.30 908.30
1888 908.30 908.30
1889 908.30 908.30
1890 908.30 908.30
1891 908.30 908.30
1892 908.30 908.30
1893 908.30 908.30
1894 908.30 908.30
1895 908.30 908.30
1896 908.30 908.30
1897 908.30 908.30
1898 908.30 908.30
1899 908.30 908.30
1900 908.30 908.30
1901 908.30 908.30
1902 908.30 908.30
1903 908.30 908.30
1904 908.30 908.30
1905 908.30 908.30
1906 908.30 908.30
1907 908.30 908.30
1908 908.30 908.30
1909 908.30 908.30
1910 908.30 908.30
1911 908.30 908.30
1912 908.30 908.30
1913 908.30 908.30
1914 908.30 908.30
1915 908.30 908.30
1916 908.30 908.30
1917 908.30 908.30
1918 908.30 908.30
1919 908.30 908.30
1920 908.30 908.30
1921 908.30 908.30
1922 908.30 908.30
1923 908.30 908.30
1924 908.30 908.30
1925 908.30 908.30
1926 908.30 908.30
1927 908.30 908.30
1928 908.30 908.30
1929 908.30 908.30
1930 908.30 908.30
1931 908.30 908.30
1932 908.30 908.30
1933 908.30 908.30
1934 908.30 908.30
1935 908.30 908.30
1936 908.30 908.30
1937 908.30 908.30
1938 908.30 908.30
1939 908.30 908.30
1940 908.30 908.30
1941 908.30 908.30
1942 908.30 908.30
1943 908.30 908.30
1944 908.30 908.30
1945 908.30 908.30
1946 908.30 908.30
1947 908.30 908.30
1948 908.30 908.30
1949 908.30 908.30
1950 908.30 908.30
1951 908.30 908.30
1952 908.30 908.30
1953 908.30 908.30
1954 908.30 908.30
1955 908.30 908.30
1956 908.30 908.30
1957 908.30 908.30
1958 908.30 908.30
1959 908.30 908.30
1960 908.30 908.30
1961 908.30 908.30
1962 908.30 908.30
1963 908.30 908.30
1964 908.30 908.30
1965 908.30 908.30
1966 908.30 908.30
1967 908.30 908.30
1968 908.30 908.30
1969 908.30 908.30
1970 908.30 908.30
1971 908.30 908.30
1972 908.30 908.30
1973 908.30 908.30
1974 908.30 908.30
1975 908.30 908.30
1976 908.30 908.30
1977 908.30 908.30
1978 908.30 908.30
1979 908.30 908.30
1980 908.30 908.30
1981 908.30 908.30
1982 908.30 908.30
1983 908.30 908.30
1984 908.30 908.30
1985 908.30 908.30
1986 908.30 908.30
1987 908.30 908.30
1988 908.30 908.30
1989 908.30 908.30
1990 908.30 908.30
1991 908.30 908.30
1992 908.30 908.30
1993 908.30 908.30
1994 908.30 908.30
1995 908.30 908.30
1996 908.30 908.30
1997 908.30 908.30
1998 908.30 908.30
1999 908.30 908.30
2000 908.30 908.30
2001 908.30 908.30
2002 908.30 908.30
2003 908.30 908.30
2004 908.30 908.30
2005 908.30 908.30
2006 908.30 908.30
2007 908.30 908.30
2008 908.30 908.30
2009 908.30 908.30
2010 908.30 908.30
2011 908.30 908.30
2012 908.30 908.30
2013 908.30 908.30
2014 908.30 908.30
2015 908.30 908.30
2016 908.30 908.30
2017 908.30 908.30
2018 908.30 908.30
2019 908.30 908.30
2020 908.30 908.30
2021 908.30 908.30
2022 908.30 908.30
2023 908.30 908.30
2024 908.30 908.30
2025 908.30 908.30
2026 908.30 908.30
2027 908.30 908.30
2028 908.30 908.30
2029 908.30 908.30
2030 908.30 908.30
2031 908.30 908.30
2032 908.30 908.30
2033 908.30 908.30
2034 908.30 908.30
2035 908.30 908.30
2036 908.30 908.30
2037 908.30 908.30
2038 908.30 908.30
2039 908.30 908.30
2040 908.30 908.30
2041 908.30 908.30
2042 908.30 908.30
2043 908.30 908.30
2044 908.30 908.30
2045 908.30 908.30
2046 908.30 908.30
2047 908.30 908.30
2048 908.30 908.30
2049 908.30 908.30
2050 908.30 908.30
2051 908.30 908.30
2052 908.30 908.30
2053 908.30 908.30
2054 908.30 908.30
2055 908.30 908.30
2056 908.30 908.30
2057 908.30 908.30
2058 908.30 908.30
2059 908.30 908.30
2060 908.30 908.30
2061 908.30 908.30
2062 908.30 908.30
2063 908.30 908.30
2064 908.30 908.30
2065 908.30 908.30
2066 908.30 908.30
2067 908.30 908.30
2068 908.30 908.30
2069 908.30 908.30
2070 908.30 908.30
2071 908.30 908.30
2072 908.30 908.30
2073 908.30 908.30
2074 908.30 908.30
2075 908.30 908.30
2076 908.30 908.30
2077 908.30 908.30
2078 908.30 908.30
2079 908.30 908.30
2080 908.30 908.30
2081 908.30 908.30
2082 908.30 908.30
2083 908.30 908.30
2084 908.30 908.30
2085 908.30 908.30
2086 908.30 908.30
2087 908.30 908.30
2088 908.30 908.30
2089 908.30 908.30
2090 908.30 908.30
2091 908.30 908.30
2092 908.30 908.30
2093 908.30 908.30
2094 908.30 908.30
2095 908.30 908.30
2096 908.30 908.30
2097 908.30 908.30
2098 908.30 908.30
2099 908.30 908.30
2100 908.30 908.30
2101 908.30 908.30
2102 908.30 908.30
2103 908.30 908.30
2104 908.30 908.30
2105 908.30 908.30
2106 908.30 908.30
2107 908.30 908.30
2108 908.30 908.30
2109 908.30 908.30
2110 908.30 908.30
2111 908.30 908.30
2112 908.30 908.30
2113 908.30 908.30
2114 908.30 908.30
2115 908.30 908.30
2116 908.30 908.30
2117 908.30 908.30
2118 908.30 908.30
2119 908.30 908.30
2120 908.30 908.30
2121 908.30 908.30
2122 908.30 908.30
2123 908.30 908.30
2124 908.30 908.30
2125 908.30 908.30
2126 908.30 908.30
2127 908.30 908.30
2128 908.30 908.30
2129 908.30 908.30
2130 908.30 908.30
2131 908.30 908.30
2132 908.30 908.30
2133 908.30 908.30
2134 908.30 908.30
2135 908.30 908.30
2136 908.30 908.30
2137 908.30 908.30
2138 908.30 908.30
2139 908.30 908.30
2140 908.30 908.30
2141 908.30 908.30
2142 908.30 908.30
2143 908.30 908.30
2144 908.30 908.30
2145 908.30 908.30
2146 908.30 908.30
2147 908.30 908.30
2148 908.30 908.30
2149 908.30 908.30
2150 908.30 908.30
2151 908.30 908.30
2152 908.30 908.30
2153 908.30 908.30
2154 908.30 908.30
2155 908.30 908.30
2156 908.30 908.30
2157 908.30 908.30
2158 908.30 908.30
2159 908.30 908.30
2160 908.30 908.30
2161 908.30 908.30
2162 908.30 908.30
2163 908.30 908.30
2164 908.30 908.30
2165 908.30 908.30
2166 908.30 908.30
2167 908.30 908.30
2168 908.30 908.30
2169 908.30 908.30
2170 908.30 908.30
2171 908.30 908.30
2172 908.30 908.30
2173 908.30 908.30
2174 908.30 908.30
2175 908.30 908.30
2176 908.30 908.30
2177 908.30 908.30
2178 908.30 908.30
2179 908.30 908.30
2180 908.30 908.30
2181 908.30 908.30
2182 908.30 908.30
2183 908.30 908.30
2184 908.30 908.30
2185 908.30 908.30
2186 908.30 908.30
2187 908.30 908.30
2188 908.30 908.30
2189 908.30 908.30
2190 908.30 908.30
2191 908.30 908.30
2192 908.30 908.30
2193 908.30 908.30
2194 908.30 908.30
2195 908.30 908.30
2196 908.30 908.30
2197 908.30 908.30
2198 908.30 908.30
2199 908.30 908.30
2200 908.30 908.30
2201 908.30 908.30
2202 908.30 908.30
2203 908.30 908.30
2204 908.30 908.30
2205 908.30 908.30
2206 908.30 908.30
2207 908.30 908.30
2208 908.30 908.30
2209 908.30 908.30
2210 908.30 908.30
2211 908.30 908.30
2212 908.30 908.30
2213 908.30 908.30
2214 908.30 908.30
2215 908.30 908.30
2216 908.30 908.30
2217 908.30 908.30
2218 908.30 908.30
2219 908.30 908.30
2220 908.30 908.30
2221 908.30 908.30
2222 908.30 908.30
2223 908.30 908.30
2224 908.30 908.30
2225 908.30 908.30
2226 908.30 908.30
2227 908.30 908.30
2228 908.30 908.30
2229 908.30 908.30
2230 908.30 908.30
2231 908.30 908.30
2232 908.30 908.30
2233 908.30 908.30
2234 908.30 908.30
2235 908.30 908.30
2236 908.30 908.30
2237 908.30 908.30
2238 908.30 908.30
2239 908.30 908.30
2240 908.30 908.30
2241 908.30 908.30
2242 908.30 908.30
2243 908.30 908.30
2244 908.30 908.30
2245 908.30 908.30
2246 908.30 908.30
2247 908.30 908.30
2248 908.30 908.30
2249 908.30 908.30
2250 908.30 908.30
2251 908.30 908.30
2252 908.30 908.30
2253 908.30 908.30
2254 908.30 908.30
2255 908.30 908.30
2256 908.30 908.30
2257 908.30 908.30
2258 908.30 908.30
2259 908.30 908.30
2260 908.30 908.30
2261 908.30 908.30
2262 908.30 908.30
2263 908.30 908.30
2264 908.30 908.30
2265 908.30 908.30
2266 908.30 908.30
2267 908.30 908.30
2268 908.30 908.30
2269 908.30 908.30
2270 908.30 908.30
2271 908.30 908.30
2272 908.30 908.30
2273 908.30 908.30
2274 908.30 908.30
2275 908.30 908.30
2276 908.30 908.30
2277 908.30 908.30
2278 908.30 908.30
2279 908.30 908.30
2280 908.30 908.30
2281 908.30 908.30
2282 908.30 908.30
2283 908.30 908.30
2284 908.30 908.30
2285 908.30 908.30
2286 908.30 908.30
2287 908.30 908.30
2288 908.30 908.30
2289 908.30 908.30
2290 908.30 908.30
2291 908.30 908.30
2292 908.30 908.30
2293 908.30 908.30
2294 908.30 908.30
2295 908.30 908.30
2296 908.30 908.30
2297 908.30 908.30
2298 908.30 908.30
2299 908.30 908.30
2300 908.30 908.30
2301 908.30 908.30
2302 908.30 908.30
2303 908.30 908.30
2304 908.30 908.30
2305 908.30 908.30
2306 908.30 908.30
2307 908.30 908.30
2308 908.30 908.30
2309 908.30 908.30
2310 908.30 908.30
2311 908.30 908.30
2312 908.30 908.30
2313 908.30 908.30
2314 908.30 908.30
2315 908.30 908.30
2316 908.30 908.30
2317 908.30 908.30
2318 908.30 908.30
2319 908.30 908.30
2320 908.30 908.30
2321 908.30 908.30
2322 908.30 908.30
2323 908.30 908.30
2324 908.30 908.30
2325 908.30 908.30
2326 908.30 908.30
2327 908.30 908.30
2328 908.30 908.30
2329 908.30 908.30
2330 908.30 908.30
2331 908.30 908.30
2332 908.30 908.30
2333 908.30 908.30
2334 908.30 908.30
2335 908.30 908.30
2336 908.30 908.30
2337 908.30 908.30
2338 908.30 908.30
2339 908.30 908.30
2340 908.30 908.30
2341 908.30 908.30
2342 908.30 908.30
2343 908.30 908.30
2344 908.30 908.30
2345 908.30 908.30
2346 908.30 908.30
2347 908.30 908.30
2348 908.30 908.30
2349 908.30 908.30
2350 908.30 908.30
2351 908.30 908.30
2352 908.30 908.30
2353 908.30 908.30
2354 908.30 908.30
2355 908.30 908.30
2356 908.30 908.30
2357 908.30 908.30
2358 908.30 908.30
2359 908.30 908.30
2360 908.30 908.30
2361 908.30 908.30
2362 908.30 908.30
2363 908.30 908.30
2364 908.30 908.30
2365 908.30 908.30
2366 908.30 908.30
2367 908.30 908.30
2368 908.30 908.30
2369 908.30 908.30
2370 908.30 908.30
2371 908.30 908.30
2372 908.30 908.30
2373 908.30 908.30
2374 908.30 908.30
2375 908.30 908.30
2376 908.30 908.30
2377 908.30 908.30
2378 908.30 908.30
2379 908.30 908.30
2380 908.30 908.30
2381 908.30 908.30
2382 908.30 908.30
2383 908.30 908.30
2384 908.30 908.30
2385 908.30 908.30
2386 908.30 908.30
2387 908.30 908.30
2388 908.30 908.30
2389 908.30 908.30
2390 908.30 908.30
2391 908.30 908.30
2392 908.30 908.30
2393 908.30 908.30
2394 908.30 908.30
2395 908.30 908.30
2396 908.30 908.30
2397 908.30 908.30
2398 908.30 908.30
2399 908.30 908.30
2400 908.30 908.30
2401 908.30 908.30
2402 908.30 908.30
2403 908.30 908.30
2404 908.30 908.30
2405 908.30 908.30
2406 908.30 908.30
2407 908.30 908.30
2408 908.30 908.30
2409 908.30 908.30
2410 908.30 908.30
2411 908.30 908.30
2412 908.30 908.30
2413 908.30 908.30
2414 908.30 908.30
2415 908.30 908.30
2416 908.30 908.30
2417 908.30 908.30
2418 908.30 908.30
2419 908.30 908.30
2420 908.30 908.30
2421 908.30 908.30
2422 908.30 908.30
2423 908.30 908.30
2424 908.30 908.30
2425 908.30 908.30
2426 908.30 908.30
2427 908.30 908.30
2428 908.30 908.30
2429 908.30 908.30
2430 908.30 908.30
2431 908.30 908.30
2432 908.30 908.30
2433 908.30 908.30
2434 908.30 908.30
2435 908.30 908.30
2436 908.30 908.30
2437 908.30 908.30
2438 908.30 908.30
2439 908.30 908.30
2440 908.30 908.30
2441 908.30 908.30
2442 908.30 908.30
2443 908.30 908.30
2444 908.30 908.30
2445 908.30 908.30
2446 908.30 908.30
2447 908.30 908.30
2448 908.30 908.30
2449 908.30 908.30
2450 908.30 908.30
2451 908.30 908.30
2452 908.30 908.30
2453 908.30 908.30
2454 908.30 908.30
2455 908.30 908.30
2456 908.30 908.30
2457 908.30 908.30
2458 908.30 908.30
2459 908.30 908.30
2460 908.30 908.30
2461 908.30 908.30
2462 908.30 908.30
2463 908.30 908.30
2464 908.30 908.30
2465 908.30 908.30
2466 908.30 908.30
2467 908.30 908.30
2468 908.30 908.30
2469 908.30 908.30
2470 908.30 908.30
2471 908.30 908.30
2472 908.30 908.30
2473 908.30 908.30
2474 908.30 908.30
2475 908.30 908.30
2476 908.30 908.30
2477 908.30 908.30
2478 908.30 908.30
2479 908.30 908.30
2480 908.30 908.30
2481 908.30 908.30
2482 908.30 908.30
2483 908.30 908.30
2484 908.30 908.30
2485 908.30 908.30
2486 908.30 908.30
2487 908.30 908.30
2488 908.30 908.30
2489 908.30 908.30
2490 908.30 908.30
2491 908.30 908.30
2492 908.30 908.30
2493 908.30 908.30
2494 908.30 908.30
2495 908.30 908.30
2496 908.30 908.30
2497 908.30 908.30
2498 908.30 908.30
2499 908.30 908.30
2500 908.30 908.30
2501 908.30 908.30
2502 908.30 908.30
2503 908.30 908.30
2504 908.30 908.30
2505 908.30 908.30
2506 908.30 908.30
2507 908.30 908.30
2508 908.30 908.30
2509 908.30 908.30
2510 908.30 908.30
2511 908.30 908.30
2512 908.30 908.30
2513 908.30 908.30
2514 908.30 908.30
2515 908.30 908.30
2516 908.30 908.30
2517 908.30 908.30
2518 908.30 908.30
2519 908.30 908.30
2520 908.30 908.30
2521 908.30 908.30
2522 908.30 908.30
2523 908.30 908.30
2524 908.30 908.30
2525 908.30 908.30
2526 908.30 908.30
2527 908.30 908.30
2528 908.30 908.30
2529 908.30 908.30
2530 908.30 908.30
2531 908.30 908.30
2532 908.30 908.30
2533 908.30 908.30
2534 908.30 908.30
2535 908.30 908.30
2536 908.30 908.30
2537 908.30 908.30
2538 908.30 908.30
2539 908.30 908.30
2540 908.30 908.30
2541 908.30 908.30
2542 908.30 908.30
2543 908.30 908.30
2544 908.30 908.30
2545 908.30 908.30
2546 908.30 908.30
2547 908.30 908.30
2548 908.30 908.30
2549 908.30 908.30
2550 908.30 908.30
2551 908.30 908.30
2552 908.30 908.30
2553 908.30 908.30
2554 908.30 908.30
2555 908.30 908.30
2556 908.30 908.30
2557 908.30 908.30
2558 908.30 908.30
2559 908.30 908.30
2560 908.30 908.30
2561 908.30 908.30
2562 908.30 908.30
2563 908.30 908.30
2564 908.30 908.30
2565 908.30 908.30
2566 908.30 908.30
2567 908.30 908.30
2568 908.30 908.30
2569 908.30 908.30
2570 908.30 908.30
2571 908.30 908.30
2572 908.30 908.30
2573 908.30 908.30
2574 908.30 908.30
2575 908.30 908.30
2576 908.30 908.30
2577 908.30 908.30
2578 908.30 908.30
2579 908.30 908.30
2580 908.30 908.30
2581 908.30 908.30
2582 908.30 908.30
2583 908.30 908.30
2584 908.30 908.30
2585 908.30 908.30
2586 908.30 908.30
2587 908.30 908.30
2588 908.30 908.30
2589 908.30 908.30
2590 908.30 908.30
2591 908.30 908.30
2592 908.30 908.30
2593 908.30 908.30
2594 908.30 908.30
2595 908.30 908.30
2596 908.30 908.30
2597 908.30 908.30
2598 908.30 908.30
2599 908.30 908.30
2600 908.30 908.30
2601 908.30 908.30
2602 908.30 908.30
2603 908.30 908.30
2604 908.30 908.30
2605 908.30 908.30
2606 908.30 908.30
2607 908.30 908.30
2608 908.30 908.30
2609 908.30 908.30
2610 908.30 908.30
2611 908.30 908.30
2612 908.30 908.30
2613 908.30 908.30
2614 908.30 908.30
2615 908.30 908.30
2616 908.30 908.30
2617 908.30 908.30
2618 908.30 908.30
2619 908.30 908.30
2620 908.30 908.30
2621 908.30 908.30
2622 908.30 908.30
2623 908.30 908.30
2624 908.30 908.30
2625 908.30 908.30
2626 908.30 908.30
2627 908.30 908.30
2628 908.30 908.30
2629 908.30 908.30
2630 908.30 908.30
2631 908.30 908.30
2632 908.30 908.30
2633 908.30 908.30
2634 908.30 908.30
2635 908.30 908.30
2636 908.30 908.30
2637 908.30 908.30
2638 908.30 908.30
2639 908.30 908.30
2640 908.30 908.30
2641 908.30 908.30
2642 908.30 908.30
2643 908.30 908.30
2644 908.30 908.30
2645 908.30 908.30
2646 908.30 908.30
2647 908.30 908.30
2648 908.30 908.30
2649 908.30 908.30
2650 908.30 908.30
2651 908.30 908.30
2652 908.30 908.30
2653 908.30 908.30
2654 908.30 908.30
2655 908.30 908.30
2656 908.30 908.30
2657 908.30 908.30
2658 908.30 908.30
2659 908.30 908.30
2660 908.30 908.30
2661 908.30 908.30
2662 908.30 908.30
2663 908.30 908.30
2664 908.30 908.30
2665 908.30 908.30
2666 908.30 908.30
2667 908.30 908.30
2668 908.30 908.30
2669 908.30 908.30
2670 908.30 908.30
2671 908.30 908.30
2672 908.30 908.30
2673 908.30 908.30
2674 908.30 908.30
2675 908.30 908.30
2676 908.30 908.30
2677 908.30 908.30
2678 908.30 908.30
2679 908.30 908.30
2680 908.30 908.30
2681 908.30 908.30
2682 908.30 908.30
2683 908.30 908.30
2684 908.30 908.30
2685 908.30 908.30
2686 908.30 908.30
2687 908.30 908.30
2688 908.30 908.30
2689 908.30 908.30
2690 908.30 908.30
2691 908.30 908.30
2692 908.30 908.30
2693 908.30 908.30
2694 908.30 908.30
2695 908.30 908.30
2696 908.30 908.30
2697 908.30 908.30
2698 908.30 908.30
2699 908.30 908.30
2700 908.30 908.30
2701 908.30 908.30
2702 908.30 908.30
2703 908.30 908.30
2704 908.30 908.30
2705 908.30 908.30
2706 908.30 908.30
2707 908.30 908.30
2708 908.30 908.30
2709 908.30 908.30
2710 908.30 908.30
2711 908.30 908.30
2712 908.30 908.30
2713 908.30 908.30
2714 908.30 908.30
2715 908.30 908.30
2716 908.30 908.30
2717 908.30 908.30
2718 908.30 908.30
2719 908.30 908.30
2720 908.30 908.30
2721 908.30 908.30
2722 908.30 908.30
2723 908.30 908.30
2724 908.30 908.30
2725 908.30 908.30
2726 908.30 908.30
2727 908.30 908.30
2728 908.30 908.30
2729 908.30 908.30
2730 908.30 908.30
2731 908.30 908.30
2732 908.30 908.30
2733 908.30 908.30
2734 908.30 908.30
2735 908.30 908.30
2736 908.30 908.30
2737 908.30 908.30
2738 908.30 908.30
2739 908.30 908.30
2740 908.30 908.30
2741 908.30 908.30
2742 908.30 908.30
2743 908.30 908.30
2744 908.30 908.30
2745 908.30 908.30
2746 908.30 908.30
2747 908.30 908.30
2748 908.30 908.30
2749 908.30 908.30
2750 908.30 908.30
2751 908.30 908.30
2752 908.30 908.30
2753 908.30 908.30
2754 908.30 908.30
2755 908.30 908.30
2756 908.30 908.30
2757 908.30 908.30
2758 908.30 908.30
2759 908.30 908.30
2760 908.30 908.30
2761 908.30 908.30
2762 908.30 908.30
2763 908.30 908.30
2764 908.30 908.30
2765 908.30 908.30
2766 908.30 908.30
2767 908.30 908.30
2768 908.30 908.30
2769 908.30 908.30
2770 908.30 908.30
2771 908.30 908.30
2772 908.30 908.30
2773 908.30 908.30
2774 908.30 908.30
2775 908.30 908.30
2776 908.30 908.30
2777 908.30 908.30
2778 908.30 908.30
2779 908.30 908.30
2780 908.30 908.30
2781 908.30 908.30
2782 908.30 908.30
2783 908.30 908.30
2784 908.30 908.30
2785 908.30 908.30
2786 908.30 908.30
2787 908.30 908.30
2788 908.30 908.30
2789 908.30 908.30
2790 908.30 908.30
2791 908.30 908.30
2792 908.30 908.30
2793 908.30 908.30
2794 908.30 908.30
2795 908.30 908.30
2796 908.30 908.30
2797 908.30 908.30
2798 908.30 908.30
2799 908.30 908.30
2800 908.30 908.30
2801 908.30 908.30
2802 908.30 908.30
2803 908.30 908.30
2804 908.30 908.30
2805 908.30 908.30
2806 908.30 908.30
2807 908.30 908.30
2808 908.30 908.30
2809 908.30 908.30
2810 908.30 908.30
2811 908.30 908.30
2812 908.30 908.30
2813 908.30 908.30
2814 908.30 908.30
2815 908.30 908.30
2816 908.30 908.30
2817 908.30 908.30
2818 908.30 908.30
2819 908.30 908.30
2820 908.30 908.30
2821 908.30 908.30
2822 908.30 908.30
2823 908.30 908.30
2824 908.30 908.30
2825 908.30 908.30
2826 908.30 908.30
2827 908.30 908.30
2828 908.30 908.30
2829 908.30 908.30
2830 908.30 908.30
2831 908.30 908.30
2832 908.30 908.30
2833 908.30 908.30
2834 908.30 908.30
2835 908.30 908.30
2836 908.30 908.30
2837 908.30 908.30
2838 908.30 908.30
2839 908.30 908.30
2840 908.30 908.30
2841 908.30 908.30
2842 908.30 908.30
2843 908.30 908.30
2844 908.30 908.30
2845 908.30 908.30
2846 908.30 908.30
2847 908.30 908.30
2848 908.30 908.30
2849 908.30 908.30
2850 908.30 908.30
2851 908.30 908.30
2852 908.30 908.30
2853 908.30 908.30
2854 908.30 908.30
2855 908.30 908.30
2856 908.30 908.30
2857 908.30 908.30
2858 908.30 908.30
2859 908.30 908.30
2860 908.30 908.30
2861 908.30 908.30
2862 908.30 908.30
2863 908.30 908.30
2864 908.30 908.30
2865 908.30 908.30
2866 908.30 908.30
2867 908.30 908.30
2868 908.30 908.30
2869 908.30 908.30
2870 908.30 908.30
2871 908.30 908.30
2872 908.30 908.30
2873 908.30 908.30
2874 908.30 908.30
2875 908.30 908.30
2876 908.30 908.30
2877 908.30 908.30
2878 908.30 908.30
2879 908.30 908.30
2880 908.30 908.30
2881 908.30 908.30
2882 908.30 908.30
2883 908.30 908.30
2884 908.30 908.30
2885 908.30 908.30
2886 908.30 908.30
2887 908.30 908.30
2888 908.30 908.30
2889 908.30 908.30
2890 908.30 908.30
2891 908.30 908.30
2892 908.30 908.30
2893 908.30 908.30
2894 908.30 908.30
2895 908.30 908.30
2896 908.30 908.30
2897 908.30 908.30
2898 908.30 908.30
2899 908.30 908.30
2900 908.30 908.30
2901 908.30 908.30
2902 908.30 908.30
2903 908.30 908.30
2904 908.30 908.30
2905 908.30 908.30
2906 908.30 908.30
2907 908.30 908.30
2908 908.30 908.30
2909 908.30 908.30
2910 908.30 908.30
2911 908.30 908.30
2912 908.30 908.30
2913 908.30 908.30
2914 908.30 908.30
2915 908.30 908.30
2916 908.30 908.30
2917 908.30 908.30
2918 908.30 908.30
2919 908.30 908.30
2920 908.30 908.30
2921 908.30 908.30
2922 908.30 908.30
2923 908.30 908.30
2924 908.30 908.30
2925 908.30 908.30
2926 908.30 908.30
2927 908.30 908.30
2928 908.30 908.30
2929 908.30 908.30
2930 908.30 908.30
2931 908.30 908.30
2932 908.30 908.30
2933 908.30 908.30
2934 908.30 908.30
2935 908.30 908.30
2936 908.30 908.30
2937 908.30 908.30
2938 908.30 908.30
2939 908.30 908.30
2940 908.30 908.30
2941 908.30 908.30
2942 908.30 908.30
2943 908.30 908.30
2944 908.30 908.30
2945 908.30 908.30
2946 908.30 908.30
2947 908.30 908.30
2948 908.30 908.30
2949 908.30 908.30
2950 908.30 908.30
2951 908.30 908.30
2952 908.30 908.30
2953 908.30 908.30
2954 908.30 908.30
2955 908.30 908.30
2956 908.30 908.30
2957 908.30 908.30
2958 908.30 908.30
2959 908.30 908.30
2960 908.30 908.30
2961 908.30 908.30
2962 908.30 908.30
2963 908.30 908.30
2964 908.30 908.30
2965 908.30 908.30
2966 908.30 908.30
2967 908.30 908.30
2968 908.30 908.30
2969 908.30 908.30
2970 908.30 908.30
2971 908.30 908.30
2972 908.30 908.30
2973 908.30 908.30
2974 908.30 908.30
2975 908.30 908.30
2976 908.30 908.30
2977 908.30 908.30
2978 908.30 908.30
2979 908.30 908.30
2980 908.30 908.30
2981 908.30 908.30
2982 908.30 908.30
2983 908.30 908.30
2984 908.30 908.30
2985 908.30 908.30
2986 908.30 908.30
2987 908.30 908.30
2988 908.30 908.30
2989 908.30 908.30
2990 908.30 908.30
2991 908.30 908.30
2992 908.30 908.30
2993 908.30 908.30
2994 908.30 908.30
2995 908.30 908.30
2996 908.30 908.30
2997 908.30 908.30
2998 908.30 908.30
2999 908.30 908.30
3000 908.30 908.30
3001 908.30 908.30
3002 908.30 908.30
3003 908.30 908.30
3004 908.30 908.30
3005 908.30 908.30
3006 908.30 908.30
3007 908.30 908.30
3008 908.30 908.30
3009 908.30 908.30
3010 908.30 908.30
3011 908.30 908.30
3012 908.30 908.30
3013 908.30 908.30
3014 908.30 908.30
3015 908.30 908.30
3016 908.30 908.30
3017 908.30 908.30
3018 908.30 908.30
3019 908.30 908.30
3020 908.30 908.30
3021 908.30 908.30
3022 908.30 908.30
3023 908.30 908.30
3024 908.30 908.30
3025 908.30 908.30
3026 908.30 908.30
3027 908.30 908.30
3028 908.30 908.30
3029 908.30 908.30
3030 908.30 908.30
3031 908.30 908.30
3032 908.30 908.30
3033 908.30 908.30
3034 908.30 908.30
3035 908.30 908.30
3036 908.30 908.30
3037 908.30 908.30
3038 908.30 908.30
3039 908.30 908.30
3040 908.30 908.30
3041 908.30 908.30
3042 908.30 908.30
3043 908.30 908.30
3044 908.30 908.30
3045 908.30 908.30
3046 908.30 908.30
3047 908.30 908.30
3048 908.30 908.30
3049 908.30 908.30
3050 908.30 908.30
3051 908.30 908.30
3052 908.30 908.30
3053 908.30 908.30
3054 908.30 908.30
3055 908.30 908.30
3056 908.30 908.30
3057 908.30 908.30
3058 908.30 908.30
3059 908.30 908.30
3060 908.30 908.30
3061 908.30 908.30
3062 908.30 908.30
3063 908.30 908.30
3064 908.30 908.30
3065 908.30 908.30
3066 908.30 908.30
3067 908.30 908.30
3068 908.30 908.30
3069 908.30 908.30
3070 908.30 908.30
3071 908.30 908.30
3072 908.30 908.30
3073 908.30 908.30
3074 908.30 908.30
3075 908.30 908.30
3076 908.30 908.30
3077 908.30 908.30
3078 908.30 908.30
3079 908.30 908.30
3080 908.30 908.30
3081 908.30 908.30
3082 908.30 908.30
3083 908.30 908.30
3084 908.30 908.30
3085 908.30 908.30
3086 908.30 908.30
3087 908.30 908.30
3088 908.30 908.30
3089 908.30 908.30
3090 908.30 908.30
3091 908.30 908.30
3092 908.30 908.30
3093 908.30 908.30
3094 908.30 908.30
3095 908.30 908.30
3096 908.30 908.30
3097 908.30 908.30
3098 908.30 908.30
3099 908.30 908.30
3100 908.30 908.30
3101 908.30 908.30
3102 908.30 908.30
3103 908.30 908.30
3104 908.30 908.30
3105 908.30 908.30
3106 908.30 908.30
3107 908.30 908.30
3108 908.30 908.30
3109 908.30 908.30
3110 908.30 908.30
3111 908.30 908.30
3112 908.30 908.30
3113 908.30 908.30
3114 908.30 908.30
3115 908.30 908.30
3116 908.30 908.30
3117 908.30 908.30
3118 908.30 908.30
3119 908.30 908.30
3120 908.30 908.30
3121 908.30 908.30
3122 908.30 908.30
3123 908.30 908.30
3124 908.30 908.30
3125 908.30 908.30
3126 908.30 908.30
3127 908.30 908.30
3128 908.30 908.30
3129 908.30 908.30
3130 908.30 908.30
3131 908.30 908.30
3132 908.30 908.30
3133 908.30 908.30
3134 908.30 908.30
3135 908.30 908.30
3136 908.30 908.30
3137 908.30 908.30
3138 908.30 908.30
3139 908.30 908.30
3140 908.30 908.30
3141 908.30 908.30
3142 908.30 908.30
3143 908.30 908.30
3144 908.30 908.30
3145 908.30 908.30
3146 908.30 908.30
3147 908.30 908.30
3148 908.30 908.30
3149 908.30 908.30
3150 908.30 908.30
3151 908.30 908.30
3152 908.30 908.30
3153 908.30 908.30
3154 908.30 908.30
3155 908.30 908.30
3156 908.30 908.30
3157 908.30 908.30
3158 908.30 908.30
3159 908.30 908.30
3160 908.30 908.30
3161 908.30 908.30
3162 908.30 908.30
3163 908.30 908.30
3164 908.30 908.30
3165 908.30 908.30
3166 908.30 908.30
3167 908.30 908.30
3168 908.30 908.30
3169 908.30 908.30
3170 908.30 908.30
3171 908.30 908.30
3172 908.30 908.30
3173 908.30 908.30
3174 908.30 908.30
3175 908.30 908.30
3176 908.30 908.30
3177 908.30 908.30
3178 908.30 908.30
3179 908.30 908.30
3180 908.30 908.30
3181 908.30 908.30
3182 908.30 908.30
3183 908.30 908.30
3184 908.30 908.30
3185 908.30 908.30
3186 908.30 908.30
3187 908.30 908.30
3188 908.30 908.30
3189 908.30 908.30
3190 908.30 908.30
3191 908.30 908.30
3192 908.30 908.30
3193 908.30 908.30
3194 908.30 908.30
3195 908.30 908.30
3196 908.30 908.30
3197 908.30 908.30
3198 908.30 908.30
3199 908.30 908.30
3200 908.30 908.30
3201 908.30 908.30
3202 908.30 908.30
3203 908.30 908.30
3204 908.30 908.30
3205 908.30 908.30
3206 908.30 908.30
3207 908.30 908.30
3208 908.30 908.30
3209 908.30 908.30
3210 908.30 908.30
3211 908.30 908.30
3212 908.30 908.30
3213 908.30 908.30
3214 908.30 908.30
3215 908.30 908.30
3216 908.30 908.30
3217 908.30 908.30
3218 908.30 908.30
3219 908.30 908.30
3220 908.30 908.30
3221 908.30 908.30
3222 908.30 908.30
3223 908.30 908.30
3224 908.30 908.30
3225 908.30 908.30
3226 908.30 908.30
3227 908.30 908.30
3228 908.30 908.30
3229 908.30 908.30
3230 908.30 908.30
3231 908.30 908.30
3232 908.30 908.30
3233 908.30 908.30
3234 908.30 908.30
3235 908.30 908.30
3236 908.30 908.30
3237 908.30 908.30
3238 908.30 908.30
3239 908.30 908.30
3240 908.30 908.30
3241 908.30 908.30
3242 908.30 908.30
3243 908.30 908.30
3244 908.30 908.30
3245 908.30 908.30
3246 908.30 908.30
3247 908.30 908.30
3248 908.30 908.30
3249 908.30 908.30
3250 908.30 908.30
3251 908.30 908.30
3252 908.30 908.30
3253 908.30 908.30
3254 908.30 908.30
3255 908.30 908.30
