0 922.40 922.40
1 922.40 922.40
2 922.40 922.40
3 922.40 922.40
4 922.40 922.40
5 922.40 922.40
6 922.40 922.40
7 922.40 922.40
8 922.40 922.40
9 922.40 922.40
10 922.40 922.40
11 922.40 922.40
12 922.40 922.40
13 922.40 922.40
14 922.40 922.40
15 922.40 922.40
16 922.40 922.40
17 922.40 922.40
18 922.40 922.40
19 922.40 922.40
20 922.40 922.40
21 922.40 922.40
22 922.40 922.40
23 922.40 922.40
24 922.40 922.40
25 922.40 922.40
26 922.40 922.40
27 922.40 922.40
28 922.40 922.40
29 922.40 922.40
30 922.40 922.40
31 922.40 922.40
32 922.40 922.40
33 922.40 922.40
34 922.40 922.40
35 922.40 922.40
36 922.40 922.40
37 922.40 922.40
38 922.40 922.40
39 922.40 922.40
40 922.40 922.40
41 922.40 922.40
42 922.40 922.40
43 922.40 922.40
44 922.40 922.40
45 922.40 922.40
46 922.40 922.40
47 922.40 922.40
48 922.40 922.40
49 922.40 922.40
50 922.40 922.40
51 922.40 922.40
52 922.40 922.40
53 922.40 922.40
54 922.40 922.40
55 922.40 922.40
56 922.40 922.40
57 922.40 922.40
58 922.40 922.40
59 922.40 922.40
60 922.40 922.40
61 922.40 922.40
62 922.40 922.40
63 922.40 922.40
64 922.40 922.40
65 922.40 922.40
66 922.40 922.40
67 922.40 922.40
68 922.40 922.40
69 922.40 922.40
70 922.40 922.40
71 922.40 922.40
72 922.40 922.40
73 922.40 922.40
74 922.40 922.40
75 922.40 922.40
76 922.40 922.40
77 922.40 922.40
78 922.40 922.40
79 922.40 922.40
80 922.40 922.40
81 922.40 922.40
82 922.40 922.40
83 922.40 922.40
84 922.40 922.40
85 922.40 922.40
86 922.40 922.40
87 922.40 922.40
88 922.40 922.40
89 922.40 922.40
90 922.40 922.40
91 922.40 922.40
92 922.40 922.40
93 922.40 922.40
94 922.40 922.40
95 922.40 922.40
96 922.40 922.40
97 922.40 922.40
98 922.40 922.40
99 922.40 922.40
100 922.40 922.40
101 922.40 922.40
102 922.40 922.40
103 922.40 922.40
104 922.40 922.40
105 922.40 922.40
106 922.40 922.40
107 922.40 922.40
108 922.40 922.40
109 922.40 922.40
110 922.40 922.40
111 922.40 922.40
112 922.40 922.40
113 922.40 922.40
114 922.40 922.40
115 922.40 922.40
116 922.40 922.40
117 922.40 922.40
118 922.40 922.40
119 922.40 922.40
120 922.40 922.40
121 922.40 922.40
122 922.40 922.40
123 922.40 922.40
124 922.40 922.40
125 922.40 922.40
126 922.40 922.40
127 922.40 922.40
128 922.40 922.40
129 922.40 922.40
130 922.40 922.40
131 922.40 922.40
132 922.40 922.40
133 922.40 922.40
134 922.40 922.40
135 922.40 922.40
136 922.40 922.40
137 922.40 922.40
138 922.40 922.40
139 922.40 922.40
140 922.40 922.40
141 922.40 922.40
142 922.40 922.40
143 922.40 922.40
144 922.40 922.40
145 922.40 922.40
146 922.40 922.40
147 922.40 922.40
148 922.40 922.40
149 922.40 922.40
150 922.40 922.40
151 922.40 922.40
152 922.40 922.40
153 922.40 922.40
154 922.40 922.40
155 922.40 922.40
156 922.40 922.40
157 922.40 922.40
158 922.40 922.40
159 922.40 922.40
160 922.40 922.40
161 922.40 922.40
162 922.40 922.40
163 922.40 922.40
164 922.40 922.40
165 922.40 922.40
166 922.40 922.40
167 922.40 922.40
168 922.40 922.40
169 922.40 922.40
170 922.40 922.40
171 922.40 922.40
172 922.40 922.40
173 922.40 922.40
174 922.40 922.40
175 922.40 922.40
176 922.40 922.40
177 922.40 922.40
178 922.40 922.40
179 922.40 922.40
180 922.40 922.40
181 922.40 922.40
182 922.40 922.40
183 922.40 922.40
184 922.40 922.40
185 922.40 922.40
186 922.40 922.40
187 922.40 922.40
188 922.40 922.40
189 922.40 922.40
190 922.40 922.40
191 922.40 922.40
192 922.40 922.40
193 922.40 922.40
194 922.40 922.40
195 922.40 922.40
196 922.40 922.40
197 922.40 922.40
198 922.40 922.40
199 922.40 922.40
200 922.40 922.40
201 922.40 922.40
202 922.40 922.40
203 922.40 922.40
204 922.40 922.40
205 922.40 922.40
206 922.40 922.40
207 922.40 922.40
208 922.40 922.40
209 922.40 922.40
210 922.40 922.40
211 922.40 922.40
212 922.40 922.40
213 922.40 922.40
214 922.40 922.40
215 922.40 922.40
216 922.40 922.40
217 922.40 922.40
218 922.40 922.40
219 922.40 922.40
220 922.40 922.40
221 922.40 922.40
222 922.40 922.40
223 922.40 922.40
224 922.40 922.40
225 922.40 922.40
226 922.40 922.40
227 922.40 922.40
228 922.40 922.40
229 922.40 922.40
230 922.40 922.40
231 922.40 922.40
232 922.40 922.40
233 922.40 922.40
234 922.40 922.40
235 922.40 922.40
236 922.40 922.40
237 922.40 922.40
238 922.40 922.40
239 922.40 922.40
240 922.40 922.40
241 922.40 922.40
242 922.40 922.40
243 922.40 922.40
244 922.40 922.40
245 922.40 922.40
246 922.40 922.40
247 922.40 922.40
248 922.40 922.40
249 922.40 922.40
250 922.40 922.40
251 922.40 922.40
252 922.40 922.40
253 922.40 922.40
254 922.40 922.40
255 922.40 922.40
256 922.40 922.40
257 922.40 922.40
258 922.40 922.40
259 922.40 922.40
260 922.40 922.40
261 922.40 922.40
262 922.40 922.40
263 922.40 922.40
264 922.40 922.40
265 922.40 922.40
266 922.40 922.40
267 922.40 922.40
268 922.40 922.40
269 922.40 922.40
270 922.40 922.40
271 922.40 922.40
272 922.40 922.40
273 922.40 922.40
274 922.40 922.40
275 922.40 922.40
276 922.40 922.40
277 922.40 922.40
278 922.40 922.40
279 922.40 922.40
280 922.40 922.40
281 922.40 922.40
282 922.40 922.40
283 922.40 922.40
284 922.40 922.40
285 922.40 922.40
286 922.40 922.40
287 922.40 922.40
288 922.40 922.40
289 922.40 922.40
290 922.40 922.40
291 922.40 922.40
292 922.40 922.40
293 922.40 922.40
294 922.40 922.40
295 922.40 922.40
296 922.40 922.40
297 922.40 922.40
298 922.40 922.40
299 922.40 922.40
300 922.40 922.40
301 922.40 922.40
302 922.40 922.40
303 922.40 922.40
304 922.40 922.40
305 922.40 922.40
306 922.40 922.40
307 922.40 922.40
308 922.40 922.40
309 922.40 922.40
310 922.40 922.40
311 922.40 922.40
312 922.40 922.40
313 922.40 922.40
314 922.40 922.40
315 922.40 922.40
316 922.40 922.40
317 922.40 922.40
318 922.40 922.40
319 922.40 922.40
320 922.40 922.40
321 922.40 922.40
322 922.40 922.40
323 922.40 922.40
324 922.40 922.40
325 922.40 922.40
326 922.40 922.40
327 922.40 922.40
328 922.40 922.40
329 922.40 922.40
330 922.40 922.40
331 922.40 922.40
332 922.40 922.40
333 922.40 922.40
334 922.40 922.40
335 922.40 922.40
336 922.40 922.40
337 922.40 922.40
338 922.40 922.40
339 922.40 922.40
340 922.40 922.40
341 922.40 922.40
342 922.40 922.40
343 922.40 922.40
344 922.40 922.40
345 922.40 922.40
346 922.40 922.40
347 922.40 922.40
348 922.40 922.40
349 922.40 922.40
350 922.40 922.40
351 922.40 922.40
352 922.40 922.40
353 922.40 922.40
354 922.40 922.40
355 922.40 922.40
356 922.40 922.40
357 922.40 922.40
358 922.40 922.40
359 922.40 922.40
360 922.40 922.40
361 922.40 922.40
362 922.40 922.40
363 922.40 922.40
364 922.40 922.40
365 922.40 922.40
366 922.40 922.40
367 922.40 922.40
368 922.40 922.40
369 922.40 922.40
370 922.40 922.40
371 922.40 922.40
372 922.40 922.40
373 922.40 922.40
374 922.40 922.40
375 922.40 922.40
376 922.40 922.40
377 922.40 922.40
378 922.40 922.40
379 922.40 922.40
380 922.40 922.40
381 922.40 922.40
382 922.40 922.40
383 922.40 922.40
384 922.40 922.40
385 922.40 922.40
386 922.40 922.40
387 922.40 922.40
388 922.40 922.40
389 922.40 922.40
390 922.40 922.40
391 922.40 922.40
392 922.40 922.40
393 922.40 922.40
394 922.40 922.40
395 922.40 922.40
396 922.40 922.40
397 922.40 922.40
398 922.40 922.40
399 922.40 922.40
400 922.40 922.40
401 922.40 922.40
402 922.40 922.40
403 922.40 922.40
404 922.40 922.40
405 922.40 922.40
406 922.40 922.40
407 922.40 922.40
408 922.40 922.40
409 922.40 922.40
410 922.40 922.40
411 922.40 922.40
412 922.40 922.40
413 922.40 922.40
414 922.40 922.40
415 922.40 922.40
416 922.40 922.40
417 922.40 922.40
418 922.40 922.40
419 922.40 922.40
420 922.40 922.40
421 922.40 922.40
422 922.40 922.40
423 922.40 922.40
424 922.40 922.40
425 922.40 922.40
426 922.40 922.40
427 922.40 922.40
428 922.40 922.40
429 922.40 922.40
430 922.40 922.40
431 922.40 922.40
432 922.40 922.40
433 922.40 922.40
434 922.40 922.40
435 922.40 922.40
436 922.40 922.40
437 922.40 922.40
438 922.40 922.40
439 922.40 922.40
440 922.40 922.40
441 922.40 922.40
442 922.40 922.40
443 922.40 922.40
444 922.40 922.40
445 922.40 922.40
446 922.40 922.40
447 922.40 922.40
448 922.40 922.40
449 922.40 922.40
450 922.40 922.40
451 922.40 922.40
452 922.40 922.40
453 922.40 922.40
454 922.40 922.40
455 922.40 922.40
456 922.40 922.40
457 922.40 922.40
458 922.40 922.40
459 922.40 922.40
460 922.40 922.40
461 922.40 922.40
462 922.40 922.40
463 922.40 922.40
464 922.40 922.40
465 922.40 922.40
466 922.40 922.40
467 922.40 922.40
468 922.40 922.40
469 922.40 922.40
470 922.40 922.40
471 922.40 922.40
472 922.40 922.40
473 922.40 922.40
474 922.40 922.40
475 922.40 922.40
476 922.40 922.40
477 922.40 922.40
478 922.40 922.40
479 922.40 922.40
480 922.40 922.40
481 922.40 922.40
482 922.40 922.40
483 922.40 922.40
484 922.40 922.40
485 922.40 922.40
486 922.40 922.40
487 922.40 922.40
488 922.40 922.40
489 922.40 922.40
490 922.40 922.40
491 922.40 922.40
492 922.40 922.40
493 922.40 922.40
494 922.40 922.40
495 922.40 922.40
496 922.40 922.40
497 922.40 922.40
498 922.40 922.40
499 922.40 922.40
500 922.40 922.40
501 922.40 922.40
502 922.40 922.40
503 922.40 922.40
504 922.40 922.40
505 922.40 922.40
506 922.40 922.40
507 922.40 922.40
508 922.40 922.40
509 922.40 922.40
510 922.40 922.40
511 922.40 922.40
512 922.40 922.40
513 922.40 922.40
514 922.40 922.40
515 922.40 922.40
516 922.40 922.40
517 922.40 922.40
518 922.40 922.40
519 922.40 922.40
520 922.40 922.40
521 922.40 922.40
522 922.40 922.40
523 922.40 922.40
524 922.40 922.40
525 922.40 922.40
526 922.40 922.40
527 922.40 922.40
528 922.40 922.40
529 922.40 922.40
530 922.40 922.40
531 922.40 922.40
532 922.40 922.40
533 922.40 922.40
534 922.40 922.40
535 922.40 922.40
536 922.40 922.40
537 922.40 922.40
538 922.40 922.40
539 922.40 922.40
540 922.40 922.40
541 922.40 922.40
542 922.40 922.40
543 922.40 922.40
544 922.40 922.40
545 922.40 922.40
546 922.40 922.40
547 922.40 922.40
548 922.40 922.40
549 922.40 922.40
550 922.40 922.40
551 922.40 922.40
552 922.40 922.40
553 922.40 922.40
554 922.40 922.40
555 922.40 922.40
556 922.40 922.40
557 922.40 922.40
558 922.40 922.40
559 922.40 922.40
560 922.40 922.40
561 922.40 922.40
562 922.40 922.40
563 922.40 922.40
564 922.40 922.40
565 922.40 922.40
566 922.40 922.40
567 922.40 922.40
568 922.40 922.40
569 922.40 922.40
570 922.40 922.40
571 922.40 922.40
572 922.40 922.40
573 922.40 922.40
574 922.40 922.40
575 922.40 922.40
576 922.40 922.40
577 922.40 922.40
578 922.40 922.40
579 922.40 922.40
580 922.40 922.40
581 922.40 922.40
582 922.40 922.40
583 922.40 922.40
584 922.40 922.40
585 922.40 922.40
586 922.40 922.40
587 922.40 922.40
588 922.40 922.40
589 922.40 922.40
590 922.40 922.40
591 922.40 922.40
592 922.40 922.40
593 922.40 922.40
594 922.40 922.40
595 922.40 922.40
596 922.40 922.40
597 922.40 922.40
598 922.40 922.40
599 922.40 922.40
600 922.40 922.40
601 922.40 922.40
602 922.40 922.40
603 922.40 922.40
604 922.40 922.40
605 922.40 922.40
606 922.40 922.40
607 922.40 922.40
608 922.40 922.40
609 922.40 922.40
610 922.40 922.40
611 922.40 922.40
612 922.40 922.40
613 922.40 922.40
614 922.40 922.40
615 922.40 922.40
616 922.40 922.40
617 922.40 922.40
618 922.40 922.40
619 922.40 922.40
620 922.40 922.40
621 922.40 922.40
622 922.40 922.40
623 922.40 922.40
624 922.40 922.40
625 922.40 922.40
626 922.40 922.40
627 922.40 922.40
628 922.40 922.40
629 922.40 922.40
630 922.40 922.40
631 922.40 922.40
632 922.40 922.40
633 922.40 922.40
634 922.40 922.40
635 922.40 922.40
636 922.40 922.40
637 922.40 922.40
638 922.40 922.40
639 922.40 922.40
640 922.40 922.40
641 922.40 922.40
642 922.40 922.40
643 922.40 922.40
644 922.40 922.40
645 922.40 922.40
646 922.40 922.40
647 922.40 922.40
648 922.40 922.40
649 922.40 922.40
650 922.40 922.40
651 922.40 922.40
652 922.40 922.40
653 922.40 922.40
654 922.40 922.40
655 922.40 922.40
656 922.40 922.40
657 922.40 922.40
658 922.40 922.40
659 922.40 922.40
660 922.40 922.40
661 922.40 922.40
662 922.40 922.40
663 922.40 922.40
664 922.40 922.40
665 922.40 922.40
666 922.40 922.40
667 922.40 922.40
668 922.40 922.40
669 922.40 922.40
670 922.40 922.40
671 922.40 922.40
672 922.40 922.40
673 922.40 922.40
674 922.40 922.40
675 922.40 922.40
676 922.40 922.40
677 922.40 922.40
678 922.40 922.40
679 922.40 922.40
680 922.40 922.40
681 922.40 922.40
682 922.40 922.40
683 922.40 922.40
684 922.40 922.40
685 922.40 922.40
686 922.40 922.40
687 922.40 922.40
688 922.40 922.40
689 922.40 922.40
690 922.40 922.40
691 922.40 922.40
692 922.40 922.40
693 922.40 922.40
694 922.40 922.40
695 922.40 922.40
696 922.40 922.40
697 922.40 922.40
698 922.40 922.40
699 922.40 922.40
700 922.40 922.40
701 922.40 922.40
702 922.40 922.40
703 922.40 922.40
704 922.40 922.40
705 922.40 922.40
706 922.40 922.40
707 922.40 922.40
708 922.40 922.40
709 922.40 922.40
710 922.40 922.40
711 922.40 922.40
712 922.40 922.40
713 922.40 922.40
714 922.40 922.40
715 922.40 922.40
716 922.40 922.40
717 922.40 922.40
718 922.40 922.40
719 922.40 922.40
720 922.40 922.40
721 922.40 922.40
722 922.40 922.40
723 922.40 922.40
724 922.40 922.40
725 922.40 922.40
726 922.40 922.40
727 922.40 922.40
728 922.40 922.40
729 922.40 922.40
730 922.40 922.40
731 922.40 922.40
732 922.40 922.40
733 922.40 922.40
734 922.40 922.40
735 922.40 922.40
736 922.40 922.40
737 922.40 922.40
738 922.40 922.40
739 922.40 922.40
740 922.40 922.40
741 922.40 922.40
742 922.40 922.40
743 922.40 922.40
744 922.40 922.40
745 922.40 922.40
746 922.40 922.40
747 922.40 922.40
748 922.40 922.40
749 922.40 922.40
750 922.40 922.40
751 922.40 922.40
752 922.40 922.40
753 922.40 922.40
754 922.40 922.40
755 922.40 922.40
756 922.40 922.40
757 922.40 922.40
758 922.40 922.40
759 922.40 922.40
760 922.40 922.40
761 922.40 922.40
762 922.40 922.40
763 922.40 922.40
764 922.40 922.40
765 922.40 922.40
766 922.40 922.40
767 922.40 922.40
768 922.40 922.40
769 922.40 922.40
770 922.40 922.40
771 922.40 922.40
772 922.40 922.40
773 922.40 922.40
774 922.40 922.40
775 922.40 922.40
776 922.40 922.40
777 922.40 922.40
778 922.40 922.40
779 922.40 922.40
780 922.40 922.40
781 922.40 922.40
782 922.40 922.40
783 922.40 922.40
784 922.40 922.40
785 922.40 922.40
786 922.40 922.40
787 922.40 922.40
788 922.40 922.40
789 922.40 922.40
790 922.40 922.40
791 922.40 922.40
792 922.40 922.40
793 922.40 922.40
794 922.40 922.40
795 922.40 922.40
796 922.40 922.40
797 922.40 922.40
798 922.40 922.40
799 922.40 922.40
800 922.40 922.40
801 922.40 922.40
802 922.40 922.40
803 922.40 922.40
804 922.40 922.40
805 922.40 922.40
806 922.40 922.40
807 922.40 922.40
808 922.40 922.40
809 922.40 922.40
810 922.40 922.40
811 922.40 922.40
812 922.40 922.40
813 922.40 922.40
814 922.40 922.40
815 922.40 922.40
816 922.40 922.40
817 922.40 922.40
818 922.40 922.40
819 922.40 922.40
820 922.40 922.40
821 922.40 922.40
822 922.40 922.40
823 922.40 922.40
824 922.40 922.40
825 922.40 922.40
826 922.40 922.40
827 922.40 922.40
828 922.40 922.40
829 922.40 922.40
830 922.40 922.40
831 922.40 922.40
832 922.40 922.40
833 922.40 922.40
834 922.40 922.40
835 922.40 922.40
836 922.40 922.40
837 922.40 922.40
838 922.40 922.40
839 922.40 922.40
840 922.40 922.40
841 922.40 922.40
842 922.40 922.40
843 922.40 922.40
844 922.40 922.40
845 922.40 922.40
846 922.40 922.40
847 922.40 922.40
848 922.40 922.40
849 922.40 922.40
850 922.40 922.40
851 922.40 922.40
852 922.40 922.40
853 922.40 922.40
854 922.40 922.40
855 922.40 922.40
856 922.40 922.40
857 922.40 922.40
858 922.40 922.40
859 922.40 922.40
860 922.40 922.40
861 922.40 922.40
862 922.40 922.40
863 922.40 922.40
864 922.40 922.40
865 922.40 922.40
866 922.40 922.40
867 922.40 922.40
868 922.40 922.40
869 922.40 922.40
870 922.40 922.40
871 922.40 922.40
872 922.40 922.40
873 922.40 922.40
874 922.40 922.40
875 922.40 922.40
876 922.40 922.40
877 922.40 922.40
878 922.40 922.40
879 922.40 922.40
880 922.40 922.40
881 922.40 922.40
882 922.40 922.40
883 922.40 922.40
884 922.40 922.40
885 922.40 922.40
886 922.40 922.40
887 922.40 922.40
888 922.40 922.40
889 922.40 922.40
890 922.40 922.40
891 922.40 922.40
892 922.40 922.40
893 922.40 922.40
894 922.40 922.40
895 922.40 922.40
896 922.40 922.40
897 922.40 922.40
898 922.40 922.40
899 922.40 922.40
900 922.40 922.40
901 922.40 922.40
902 922.40 922.40
903 922.40 922.40
904 922.40 922.40
905 922.40 922.40
906 922.40 922.40
907 922.40 922.40
908 922.40 922.40
909 922.40 922.40
910 922.40 922.40
911 922.40 922.40
912 922.40 922.40
913 922.40 922.40
914 922.40 922.40
915 922.40 922.40
916 922.40 922.40
917 922.40 922.40
918 922.40 922.40
919 922.40 922.40
920 922.40 922.40
921 922.40 922.40
922 922.40 922.40
923 922.40 922.40
924 922.40 922.40
925 922.40 922.40
926 922.40 922.40
927 922.40 922.40
928 922.40 922.40
929 922.40 922.40
930 922.40 922.40
931 922.40 922.40
932 922.40 922.40
933 922.40 922.40
934 922.40 922.40
935 922.40 922.40
936 922.40 922.40
937 922.40 922.40
938 922.40 922.40
939 922.40 922.40
940 922.40 922.40
941 922.40 922.40
942 922.40 922.40
943 922.40 922.40
944 922.40 922.40
945 922.40 922.40
946 922.40 922.40
947 922.40 922.40
948 922.40 922.40
949 922.40 922.40
950 922.40 922.40
951 922.40 922.40
952 922.40 922.40
953 922.40 922.40
954 922.40 922.40
955 922.40 922.40
956 922.40 922.40
957 922.40 922.40
958 922.40 922.40
959 922.40 922.40
960 922.40 922.40
961 922.40 922.40
962 922.40 922.40
963 922.40 922.40
964 922.40 922.40
965 922.40 922.40
966 922.40 922.40
967 922.40 922.40
968 922.40 922.40
969 922.40 922.40
970 922.40 922.40
971 922.40 922.40
972 922.40 922.40
973 922.40 922.40
974 922.40 922.40
975 922.40 922.40
976 922.40 922.40
977 922.40 922.40
978 922.40 922.40
979 922.40 922.40
980 922.40 922.40
981 922.40 922.40
982 922.40 922.40
983 922.40 922.40
984 922.40 922.40
985 922.40 922.40
986 922.40 922.40
987 922.40 922.40
988 922.40 922.40
989 922.40 922.40
990 922.40 922.40
991 922.40 922.40
992 922.40 922.40
993 922.40 922.40
994 922.40 922.40
995 922.40 922.40
996 922.40 922.40
997 922.40 922.40
998 922.40 922.40
999 922.40 922.40
1000 922.40 922.40
1001 922.40 922.40
1002 922.40 922.40
1003 922.40 922.40
1004 922.40 922.40
1005 922.40 922.40
1006 922.40 922.40
1007 922.40 922.40
1008 922.40 922.40
1009 922.40 922.40
1010 922.40 922.40
1011 922.40 922.40
1012 922.40 922.40
1013 922.40 922.40
1014 922.40 922.40
1015 922.40 922.40
1016 922.40 922.40
1017 922.40 922.40
1018 922.40 922.40
1019 922.40 922.40
1020 922.40 922.40
1021 922.40 922.40
1022 922.40 922.40
1023 922.40 922.40
1024 922.40 922.40
1025 922.40 922.40
1026 922.40 922.40
1027 922.40 922.40
1028 922.40 922.40
1029 922.40 922.40
1030 922.40 922.40
1031 922.40 922.40
1032 922.40 922.40
1033 922.40 922.40
1034 922.40 922.40
1035 922.40 922.40
1036 922.40 922.40
1037 922.40 922.40
1038 922.40 922.40
1039 922.40 922.40
1040 922.40 922.40
1041 922.40 922.40
1042 922.40 922.40
1043 922.40 922.40
1044 922.40 922.40
1045 922.40 922.40
1046 922.40 922.40
1047 922.40 922.40
1048 922.40 922.40
1049 922.40 922.40
1050 922.40 922.40
1051 922.40 922.40
1052 922.40 922.40
1053 922.40 922.40
1054 922.40 922.40
1055 922.40 922.40
1056 922.40 922.40
1057 922.40 922.40
1058 922.40 922.40
1059 922.40 922.40
1060 922.40 922.40
1061 922.40 922.40
1062 922.40 922.40
1063 922.40 922.40
1064 922.40 922.40
1065 922.40 922.40
1066 922.40 922.40
1067 922.40 922.40
1068 922.40 922.40
1069 922.40 922.40
1070 922.40 922.40
1071 922.40 922.40
1072 922.40 922.40
1073 922.40 922.40
1074 922.40 922.40
1075 922.40 922.40
1076 922.40 922.40
1077 922.40 922.40
1078 922.40 922.40
1079 922.40 922.40
1080 922.40 922.40
1081 922.40 922.40
1082 922.40 922.40
1083 922.40 922.40
1084 922.40 922.40
1085 922.40 922.40
1086 922.40 922.40
1087 922.40 922.40
1088 922.40 922.40
1089 922.40 922.40
1090 922.40 922.40
1091 922.40 922.40
1092 922.40 922.40
1093 922.40 922.40
1094 922.40 922.40
1095 922.40 922.40
1096 922.40 922.40
1097 922.40 922.40
1098 922.40 922.40
1099 922.40 922.40
1100 922.40 922.40
1101 922.40 922.40
1102 922.40 922.40
1103 922.40 922.40
1104 922.40 922.40
1105 922.40 922.40
1106 922.40 922.40
1107 922.40 922.40
1108 922.40 922.40
1109 922.40 922.40
1110 922.40 922.40
1111 922.40 922.40
1112 922.40 922.40
1113 922.40 922.40
1114 922.40 922.40
1115 922.40 922.40
1116 922.40 922.40
1117 922.40 922.40
1118 922.40 922.40
1119 922.40 922.40
1120 922.40 922.40
1121 922.40 922.40
1122 922.40 922.40
1123 922.40 922.40
1124 922.40 922.40
1125 922.40 922.40
1126 922.40 922.40
1127 922.40 922.40
1128 922.40 922.40
1129 922.40 922.40
1130 922.40 922.40
1131 922.40 922.40
1132 922.40 922.40
1133 922.40 922.40
1134 922.40 922.40
1135 922.40 922.40
1136 922.40 922.40
1137 922.40 922.40
1138 922.40 922.40
1139 922.40 922.40
1140 922.40 922.40
1141 922.40 922.40
1142 922.40 922.40
1143 922.40 922.40
1144 922.40 922.40
1145 922.40 922.40
1146 922.40 922.40
1147 922.40 922.40
1148 922.40 922.40
1149 922.40 922.40
1150 922.40 922.40
1151 922.40 922.40
1152 922.40 922.40
1153 922.40 922.40
1154 922.40 922.40
1155 922.40 922.40
1156 922.40 922.40
1157 922.40 922.40
1158 922.40 922.40
1159 922.40 922.40
1160 922.40 922.40
1161 922.40 922.40
1162 922.40 922.40
1163 922.40 922.40
1164 922.40 922.40
1165 922.40 922.40
1166 922.40 922.40
1167 922.40 922.40
1168 922.40 922.40
1169 922.40 922.40
1170 922.40 922.40
1171 922.40 922.40
1172 922.40 922.40
1173 922.40 922.40
1174 922.40 922.40
1175 922.40 922.40
1176 922.40 922.40
1177 922.40 922.40
1178 922.40 922.40
1179 922.40 922.40
1180 922.40 922.40
1181 922.40 922.40
1182 922.40 922.40
1183 922.40 922.40
1184 922.40 922.40
1185 922.40 922.40
1186 922.40 922.40
1187 922.40 922.40
1188 922.40 922.40
1189 922.40 922.40
1190 922.40 922.40
1191 922.40 922.40
1192 922.40 922.40
1193 922.40 922.40
1194 922.40 922.40
1195 922.40 922.40
1196 922.40 922.40
1197 922.40 922.40
1198 922.40 922.40
1199 922.40 922.40
1200 922.40 922.40
1201 922.40 922.40
1202 922.40 922.40
1203 922.40 922.40
1204 922.40 922.40
1205 922.40 922.40
1206 922.40 922.40
1207 922.40 922.40
1208 922.40 922.40
1209 922.40 922.40
1210 922.40 922.40
1211 922.40 922.40
1212 922.40 922.40
1213 922.40 922.40
1214 922.40 922.40
1215 922.40 922.40
1216 922.40 922.40
1217 922.40 922.40
1218 922.40 922.40
1219 922.40 922.40
1220 922.40 922.40
1221 922.40 922.40
1222 922.40 922.40
1223 922.40 922.40
1224 922.40 922.40
1225 922.40 922.40
1226 922.40 922.40
1227 922.40 922.40
1228 922.40 922.40
1229 922.40 922.40
1230 922.40 922.40
1231 922.40 922.40
1232 922.40 922.40
1233 922.40 922.40
1234 922.40 922.40
1235 922.40 922.40
1236 922.40 922.40
1237 922.40 922.40
1238 922.40 922.40
1239 922.40 922.40
1240 922.40 922.40
1241 922.40 922.40
1242 922.40 922.40
1243 922.40 922.40
1244 922.40 922.40
1245 922.40 922.40
1246 922.40 922.40
1247 922.40 922.40
1248 922.40 922.40
1249 922.40 922.40
1250 922.40 922.40
1251 922.40 922.40
1252 922.40 922.40
1253 922.40 922.40
1254 922.40 922.40
1255 922.40 922.40
1256 922.40 922.40
1257 922.40 922.40
1258 922.40 922.40
1259 922.40 922.40
1260 922.40 922.40
1261 922.40 922.40
1262 922.40 922.40
1263 922.40 922.40
1264 922.40 922.40
1265 922.40 922.40
1266 922.40 922.40
1267 922.40 922.40
1268 922.40 922.40
1269 922.40 922.40
1270 922.40 922.40
1271 922.40 922.40
1272 922.40 922.40
1273 922.40 922.40
1274 922.40 922.40
1275 922.40 922.40
1276 922.40 922.40
1277 922.40 922.40
1278 922.40 922.40
1279 922.40 922.40
1280 922.40 922.40
1281 922.40 922.40
1282 922.40 922.40
1283 922.40 922.40
1284 922.40 922.40
1285 922.40 922.40
1286 922.40 922.40
1287 922.40 922.40
1288 922.40 922.40
1289 922.40 922.40
1290 922.40 922.40
1291 922.40 922.40
1292 922.40 922.40
1293 922.40 922.40
1294 922.40 922.40
1295 922.40 922.40
1296 922.40 922.40
1297 922.40 922.40
1298 922.40 922.40
1299 922.40 922.40
1300 922.40 922.40
1301 922.40 922.40
1302 922.40 922.40
1303 922.40 922.40
1304 922.40 922.40
1305 922.40 922.40
1306 922.40 922.40
1307 922.40 922.40
1308 922.40 922.40
1309 922.40 922.40
1310 922.40 922.40
1311 922.40 922.40
1312 922.40 922.40
1313 922.40 922.40
1314 922.40 922.40
1315 922.40 922.40
1316 922.40 922.40
1317 922.40 922.40
1318 922.40 922.40
1319 922.40 922.40
1320 922.40 922.40
1321 922.40 922.40
1322 922.40 922.40
1323 922.40 922.40
1324 922.40 922.40
1325 922.40 922.40
1326 922.40 922.40
1327 922.40 922.40
1328 922.40 922.40
1329 922.40 922.40
1330 922.40 922.40
1331 922.40 922.40
1332 922.40 922.40
1333 922.40 922.40
1334 922.40 922.40
1335 922.40 922.40
1336 922.40 922.40
1337 922.40 922.40
1338 922.40 922.40
1339 922.40 922.40
1340 922.40 922.40
1341 922.40 922.40
1342 922.40 922.40
1343 922.40 922.40
1344 922.40 922.40
1345 922.40 922.40
1346 922.40 922.40
1347 922.40 922.40
1348 922.40 922.40
1349 922.40 922.40
1350 922.40 922.40
1351 922.40 922.40
1352 922.40 922.40
1353 922.40 922.40
1354 922.40 922.40
1355 922.40 922.40
1356 922.40 922.40
1357 922.40 922.40
1358 922.40 922.40
1359 922.40 922.40
1360 922.40 922.40
1361 922.40 922.40
1362 922.40 922.40
1363 922.40 922.40
1364 922.40 922.40
1365 922.40 922.40
1366 922.40 922.40
1367 922.40 922.40
1368 922.40 922.40
1369 922.40 922.40
1370 922.40 922.40
1371 922.40 922.40
1372 922.40 922.40
1373 922.40 922.40
1374 922.40 922.40
1375 922.40 922.40
1376 922.40 922.40
1377 922.40 922.40
1378 922.40 922.40
1379 922.40 922.40
1380 922.40 922.40
1381 922.40 922.40
1382 922.40 922.40
1383 922.40 922.40
1384 922.40 922.40
1385 922.40 922.40
1386 922.40 922.40
1387 922.40 922.40
1388 922.40 922.40
1389 922.40 922.40
1390 922.40 922.40
1391 922.40 922.40
1392 922.40 922.40
1393 922.40 922.40
1394 922.40 922.40
1395 922.40 922.40
1396 922.40 922.40
1397 922.40 922.40
1398 922.40 922.40
1399 922.40 922.40
1400 922.40 922.40
1401 922.40 922.40
1402 922.40 922.40
1403 922.40 922.40
1404 922.40 922.40
1405 922.40 922.40
1406 922.40 922.40
1407 922.40 922.40
1408 922.40 922.40
1409 922.40 922.40
1410 922.40 922.40
1411 922.40 922.40
1412 922.40 922.40
1413 922.40 922.40
1414 922.40 922.40
1415 922.40 922.40
1416 922.40 922.40
1417 922.40 922.40
1418 922.40 922.40
1419 922.40 922.40
1420 922.40 922.40
1421 922.40 922.40
1422 922.40 922.40
1423 922.40 922.40
1424 922.40 922.40
1425 922.40 922.40
1426 922.40 922.40
1427 922.40 922.40
1428 922.40 922.40
1429 922.40 922.40
1430 922.40 922.40
1431 922.40 922.40
1432 922.40 922.40
1433 922.40 922.40
1434 922.40 922.40
1435 922.40 922.40
1436 922.40 922.40
1437 922.40 922.40
1438 922.40 922.40
1439 922.40 922.40
1440 922.40 922.40
1441 922.40 922.40
1442 922.40 922.40
1443 922.40 922.40
1444 922.40 922.40
1445 922.40 922.40
1446 922.40 922.40
1447 922.40 922.40
1448 922.40 922.40
1449 922.40 922.40
1450 922.40 922.40
1451 922.40 922.40
1452 922.40 922.40
1453 922.40 922.40
1454 922.40 922.40
1455 922.40 922.40
1456 922.40 922.40
1457 922.40 922.40
1458 922.40 922.40
1459 922.40 922.40
1460 922.40 922.40
1461 922.40 922.40
1462 922.40 922.40
1463 922.40 922.40
1464 922.40 922.40
1465 922.40 922.40
1466 922.40 922.40
1467 922.40 922.40
1468 922.40 922.40
1469 922.40 922.40
1470 922.40 922.40
1471 922.40 922.40
1472 922.40 922.40
1473 922.40 922.40
1474 922.40 922.40
1475 922.40 922.40
1476 922.40 922.40
1477 922.40 922.40
1478 922.40 922.40
1479 922.40 922.40
1480 922.40 922.40
1481 922.40 922.40
1482 922.40 922.40
1483 922.40 922.40
1484 922.40 922.40
1485 922.40 922.40
1486 922.40 922.40
1487 922.40 922.40
1488 922.40 922.40
1489 922.40 922.40
1490 922.40 922.40
1491 922.40 922.40
1492 922.40 922.40
1493 922.40 922.40
1494 922.40 922.40
1495 922.40 922.40
1496 922.40 922.40
1497 922.40 922.40
1498 922.40 922.40
1499 922.40 922.40
1500 922.40 922.40
1501 922.40 922.40
1502 922.40 922.40
1503 922.40 922.40
1504 922.40 922.40
1505 922.40 922.40
1506 922.40 922.40
1507 922.40 922.40
1508 922.40 922.40
1509 922.40 922.40
1510 922.40 922.40
1511 922.40 922.40
1512 922.40 922.40
1513 922.40 922.40
1514 922.40 922.40
1515 922.40 922.40
1516 922.40 922.40
1517 922.40 922.40
1518 922.40 922.40
1519 922.40 922.40
1520 922.40 922.40
1521 922.40 922.40
1522 922.40 922.40
1523 922.40 922.40
1524 922.40 922.40
1525 922.40 922.40
1526 922.40 922.40
1527 922.40 922.40
1528 922.40 922.40
1529 922.40 922.40
1530 922.40 922.40
1531 922.40 922.40
1532 922.40 922.40
1533 922.40 922.40
1534 922.40 922.40
1535 922.40 922.40
1536 922.40 922.40
1537 922.40 922.40
1538 922.40 922.40
1539 922.40 922.40
1540 922.40 922.40
1541 922.40 922.40
1542 922.40 922.40
1543 922.40 922.40
1544 922.40 922.40
1545 922.40 922.40
1546 922.40 922.40
1547 922.40 922.40
1548 922.40 922.40
1549 922.40 922.40
1550 922.40 922.40
1551 922.40 922.40
1552 922.40 922.40
1553 922.40 922.40
1554 922.40 922.40
1555 922.40 922.40
1556 922.40 922.40
1557 922.40 922.40
1558 922.40 922.40
1559 922.40 922.40
1560 922.40 922.40
1561 922.40 922.40
1562 922.40 922.40
1563 922.40 922.40
1564 922.40 922.40
1565 922.40 922.40
1566 922.40 922.40
1567 922.40 922.40
1568 922.40 922.40
1569 922.40 922.40
1570 922.40 922.40
1571 922.40 922.40
1572 922.40 922.40
1573 922.40 922.40
1574 922.40 922.40
1575 922.40 922.40
1576 922.40 922.40
1577 922.40 922.40
1578 922.40 922.40
1579 922.40 922.40
1580 922.40 922.40
1581 922.40 922.40
1582 922.40 922.40
1583 922.40 922.40
1584 922.40 922.40
1585 922.40 922.40
1586 922.40 922.40
1587 922.40 922.40
1588 922.40 922.40
1589 922.40 922.40
1590 922.40 922.40
1591 922.40 922.40
1592 922.40 922.40
1593 922.40 922.40
1594 922.40 922.40
1595 922.40 922.40
1596 922.40 922.40
1597 922.40 922.40
1598 922.40 922.40
1599 922.40 922.40
1600 922.40 922.40
1601 922.40 922.40
1602 922.40 922.40
1603 922.40 922.40
1604 922.40 922.40
1605 922.40 922.40
1606 922.40 922.40
1607 922.40 922.40
1608 922.40 922.40
1609 922.40 922.40
1610 922.40 922.40
1611 922.40 922.40
1612 922.40 922.40
1613 922.40 922.40
1614 922.40 922.40
1615 922.40 922.40
1616 922.40 922.40
1617 922.40 922.40
1618 922.40 922.40
1619 922.40 922.40
1620 922.40 922.40
1621 922.40 922.40
1622 922.40 922.40
1623 922.40 922.40
1624 922.40 922.40
1625 922.40 922.40
1626 922.40 922.40
1627 922.40 922.40
1628 922.40 922.40
1629 922.40 922.40
1630 922.40 922.40
1631 922.40 922.40
1632 922.40 922.40
1633 922.40 922.40
1634 922.40 922.40
1635 922.40 922.40
1636 922.40 922.40
1637 922.40 922.40
1638 922.40 922.40
1639 922.40 922.40
1640 922.40 922.40
1641 922.40 922.40
1642 922.40 922.40
1643 922.40 922.40
1644 922.40 922.40
1645 922.40 922.40
1646 922.40 922.40
1647 922.40 922.40
1648 922.40 922.40
1649 922.40 922.40
1650 922.40 922.40
1651 922.40 922.40
1652 922.40 922.40
1653 922.40 922.40
1654 922.40 922.40
1655 922.40 922.40
1656 922.40 922.40
1657 922.40 922.40
1658 922.40 922.40
1659 922.40 922.40
1660 922.40 922.40
1661 922.40 922.40
1662 922.40 922.40
1663 922.40 922.40
1664 922.40 922.40
1665 922.40 922.40
1666 922.40 922.40
1667 922.40 922.40
1668 922.40 922.40
1669 922.40 922.40
1670 922.40 922.40
1671 922.40 922.40
1672 922.40 922.40
1673 922.40 922.40
1674 922.40 922.40
1675 922.40 922.40
1676 922.40 922.40
1677 922.40 922.40
1678 922.40 922.40
1679 922.40 922.40
1680 922.40 922.40
1681 922.40 922.40
1682 922.40 922.40
1683 922.40 922.40
1684 922.40 922.40
1685 922.40 922.40
1686 922.40 922.40
1687 922.40 922.40
1688 922.40 922.40
1689 922.40 922.40
1690 922.40 922.40
1691 922.40 922.40
1692 922.40 922.40
1693 922.40 922.40
1694 922.40 922.40
1695 922.40 922.40
1696 922.40 922.40
1697 922.40 922.40
1698 922.40 922.40
1699 922.40 922.40
1700 922.40 922.40
1701 922.40 922.40
1702 922.40 922.40
1703 922.40 922.40
1704 922.40 922.40
1705 922.40 922.40
1706 922.40 922.40
1707 922.40 922.40
1708 922.40 922.40
1709 922.40 922.40
1710 922.40 922.40
1711 922.40 922.40
1712 922.40 922.40
1713 922.40 922.40
1714 922.40 922.40
1715 922.40 922.40
1716 922.40 922.40
1717 922.40 922.40
1718 922.40 922.40
1719 922.40 922.40
1720 922.40 922.40
1721 922.40 922.40
1722 922.40 922.40
1723 922.40 922.40
1724 922.40 922.40
1725 922.40 922.40
1726 922.40 922.40
1727 922.40 922.40
1728 922.40 922.40
1729 922.40 922.40
1730 922.40 922.40
1731 922.40 922.40
1732 922.40 922.40
1733 922.40 922.40
1734 922.40 922.40
1735 922.40 922.40
1736 922.40 922.40
1737 922.40 922.40
1738 922.40 922.40
1739 922.40 922.40
1740 922.40 922.40
1741 922.40 922.40
1742 922.40 922.40
1743 922.40 922.40
1744 922.40 922.40
1745 922.40 922.40
1746 922.40 922.40
1747 922.40 922.40
1748 922.40 922.40
1749 922.40 922.40
1750 922.40 922.40
1751 922.40 922.40
1752 922.40 922.40
1753 922.40 922.40
1754 922.40 922.40
1755 922.40 922.40
1756 922.40 922.40
1757 922.40 922.40
1758 922.40 922.40
1759 922.40 922.40
1760 922.40 922.40
1761 922.40 922.40
1762 922.40 922.40
1763 922.40 922.40
1764 922.40 922.40
1765 922.40 922.40
1766 922.40 922.40
1767 922.40 922.40
1768 922.40 922.40
1769 922.40 922.40
1770 922.40 922.40
1771 922.40 922.40
1772 922.40 922.40
1773 922.40 922.40
1774 922.40 922.40
1775 922.40 922.40
1776 922.40 922.40
1777 922.40 922.40
1778 922.40 922.40
1779 922.40 922.40
1780 922.40 922.40
1781 922.40 922.40
1782 922.40 922.40
1783 922.40 922.40
1784 922.40 922.40
1785 922.40 922.40
1786 922.40 922.40
1787 922.40 922.40
1788 922.40 922.40
1789 922.40 922.40
1790 922.40 922.40
1791 922.40 922.40
1792 922.40 922.40
1793 922.40 922.40
1794 922.40 922.40
1795 922.40 922.40
1796 922.40 922.40
1797 922.40 922.40
1798 922.40 922.40
1799 922.40 922.40
1800 922.40 922.40
1801 922.40 922.40
1802 922.40 922.40
1803 922.40 922.40
1804 922.40 922.40
1805 922.40 922.40
1806 922.40 922.40
1807 922.40 922.40
1808 922.40 922.40
1809 922.40 922.40
1810 922.40 922.40
1811 922.40 922.40
1812 922.40 922.40
1813 922.40 922.40
1814 922.40 922.40
1815 922.40 922.40
1816 922.40 922.40
1817 922.40 922.40
1818 922.40 922.40
1819 922.40 922.40
1820 922.40 922.40
1821 922.40 922.40
1822 922.40 922.40
1823 922.40 922.40
1824 922.40 922.40
1825 922.40 922.40
1826 922.40 922.40
1827 922.40 922.40
1828 922.40 922.40
1829 922.40 922.40
1830 922.40 922.40
1831 922.40 922.40
1832 922.40 922.40
1833 922.40 922.40
1834 922.40 922.40
1835 922.40 922.40
1836 922.40 922.40
1837 922.40 922.40
1838 922.40 922.40
1839 922.40 922.40
1840 922.40 922.40
1841 922.40 922.40
1842 922.40 922.40
1843 922.40 922.40
1844 922.40 922.40
1845 922.40 922.40
1846 922.40 922.40
1847 922.40 922.40
1848 922.40 922.40
1849 922.40 922.40
1850 922.40 922.40
1851 922.40 922.40
1852 922.40 922.40
1853 922.40 922.40
1854 922.40 922.40
1855 922.40 922.40
1856 922.40 922.40
1857 922.40 922.40
1858 922.40 922.40
1859 922.40 922.40
1860 922.40 922.40
1861 922.40 922.40
1862 922.40 922.40
1863 922.40 922.40
1864 922.40 922.40
1865 922.40 922.40
1866 922.40 922.40
1867 922.40 922.40
1868 922.40 922.40
1869 922.40 922.40
1870 922.40 922.40
1871 922.40 922.40
1872 922.40 922.40
1873 922.40 922.40
1874 922.40 922.40
1875 922.40 922.40
1876 922.40 922.40
1877 922.40 922.40
1878 922.40 922.40
1879 922.40 922.40
1880 922.40 922.40
1881 922.40 922.40
1882 922.40 922.40
1883 922.40 922.40
1884 922.40 922.40
1885 922.40 922.40
1886 922.40 922.40
1887 922.40 922.40
1888 922.40 922.40
1889 922.40 922.40
1890 922.40 922.40
1891 922.40 922.40
1892 922.40 922.40
1893 922.40 922.40
1894 922.40 922.40
1895 922.40 922.40
1896 922.40 922.40
1897 922.40 922.40
1898 922.40 922.40
1899 922.40 922.40
1900 922.40 922.40
1901 922.40 922.40
1902 922.40 922.40
1903 922.40 922.40
1904 922.40 922.40
1905 922.40 922.40
1906 922.40 922.40
1907 922.40 922.40
1908 922.40 922.40
1909 922.40 922.40
1910 922.40 922.40
1911 922.40 922.40
1912 922.40 922.40
1913 922.40 922.40
1914 922.40 922.40
1915 922.40 922.40
1916 922.40 922.40
1917 922.40 922.40
1918 922.40 922.40
1919 922.40 922.40
1920 922.40 922.40
1921 922.40 922.40
1922 922.40 922.40
1923 922.40 922.40
1924 922.40 922.40
1925 922.40 922.40
1926 922.40 922.40
1927 922.40 922.40
1928 922.40 922.40
1929 922.40 922.40
1930 922.40 922.40
1931 922.40 922.40
1932 922.40 922.40
1933 922.40 922.40
1934 922.40 922.40
1935 922.40 922.40
1936 922.40 922.40
1937 922.40 922.40
1938 922.40 922.40
1939 922.40 922.40
1940 922.40 922.40
1941 922.40 922.40
1942 922.40 922.40
1943 922.40 922.40
1944 922.40 922.40
1945 922.40 922.40
1946 922.40 922.40
1947 922.40 922.40
1948 922.40 922.40
1949 922.40 922.40
1950 922.40 922.40
1951 922.40 922.40
1952 922.40 922.40
1953 922.40 922.40
1954 922.40 922.40
1955 922.40 922.40
1956 922.40 922.40
1957 922.40 922.40
1958 922.40 922.40
1959 922.40 922.40
1960 922.40 922.40
1961 922.40 922.40
1962 922.40 922.40
1963 922.40 922.40
1964 922.40 922.40
1965 922.40 922.40
1966 922.40 922.40
1967 922.40 922.40
1968 922.40 922.40
1969 922.40 922.40
1970 922.40 922.40
1971 922.40 922.40
1972 922.40 922.40
1973 922.40 922.40
1974 922.40 922.40
1975 922.40 922.40
1976 922.40 922.40
1977 922.40 922.40
1978 922.40 922.40
1979 922.40 922.40
1980 922.40 922.40
1981 922.40 922.40
1982 922.40 922.40
1983 922.40 922.40
1984 922.40 922.40
1985 922.40 922.40
1986 922.40 922.40
1987 922.40 922.40
1988 922.40 922.40
1989 922.40 922.40
1990 922.40 922.40
1991 922.40 922.40
1992 922.40 922.40
1993 922.40 922.40
1994 922.40 922.40
1995 922.40 922.40
1996 922.40 922.40
1997 922.40 922.40
1998 922.40 922.40
1999 922.40 922.40
2000 922.40 922.40
2001 922.40 922.40
2002 922.40 922.40
2003 922.40 922.40
2004 922.40 922.40
2005 922.40 922.40
2006 922.40 922.40
2007 922.40 922.40
2008 922.40 922.40
2009 922.40 922.40
2010 922.40 922.40
2011 922.40 922.40
2012 922.40 922.40
2013 922.40 922.40
2014 922.40 922.40
2015 922.40 922.40
2016 922.40 922.40
2017 922.40 922.40
2018 922.40 922.40
2019 922.40 922.40
2020 922.40 922.40
2021 922.40 922.40
2022 922.40 922.40
2023 922.40 922.40
2024 922.40 922.40
2025 922.40 922.40
2026 922.40 922.40
2027 922.40 922.40
2028 922.40 922.40
2029 922.40 922.40
2030 922.40 922.40
2031 922.40 922.40
2032 922.40 922.40
2033 922.40 922.40
2034 922.40 922.40
2035 922.40 922.40
2036 922.40 922.40
2037 922.40 922.40
2038 922.40 922.40
2039 922.40 922.40
2040 922.40 922.40
2041 922.40 922.40
2042 922.40 922.40
2043 922.40 922.40
2044 922.40 922.40
2045 922.40 922.40
2046 922.40 922.40
2047 922.40 922.40
2048 922.40 922.40
2049 922.40 922.40
2050 922.40 922.40
2051 922.40 922.40
2052 922.40 922.40
2053 922.40 922.40
2054 922.40 922.40
2055 922.40 922.40
2056 922.40 922.40
2057 922.40 922.40
2058 922.40 922.40
2059 922.40 922.40
2060 922.40 922.40
2061 922.40 922.40
2062 922.40 922.40
2063 922.40 922.40
2064 922.40 922.40
2065 922.40 922.40
2066 922.40 922.40
2067 922.40 922.40
2068 922.40 922.40
2069 922.40 922.40
2070 922.40 922.40
2071 922.40 922.40
2072 922.40 922.40
2073 922.40 922.40
2074 922.40 922.40
2075 922.40 922.40
2076 922.40 922.40
2077 922.40 922.40
2078 922.40 922.40
2079 922.40 922.40
2080 922.40 922.40
2081 922.40 922.40
2082 922.40 922.40
2083 922.40 922.40
2084 922.40 922.40
2085 922.40 922.40
2086 922.40 922.40
2087 922.40 922.40
2088 922.40 922.40
2089 922.40 922.40
2090 922.40 922.40
2091 922.40 922.40
2092 922.40 922.40
2093 922.40 922.40
2094 922.40 922.40
2095 922.40 922.40
2096 922.40 922.40
2097 922.40 922.40
2098 922.40 922.40
2099 922.40 922.40
2100 922.40 922.40
2101 922.40 922.40
2102 922.40 922.40
2103 922.40 922.40
2104 922.40 922.40
2105 922.40 922.40
2106 922.40 922.40
2107 922.40 922.40
2108 922.40 922.40
2109 922.40 922.40
2110 922.40 922.40
2111 922.40 922.40
2112 922.40 922.40
2113 922.40 922.40
2114 922.40 922.40
2115 922.40 922.40
2116 922.40 922.40
2117 922.40 922.40
2118 922.40 922.40
2119 922.40 922.40
2120 922.40 922.40
2121 922.40 922.40
2122 922.40 922.40
2123 922.40 922.40
2124 922.40 922.40
2125 922.40 922.40
2126 922.40 922.40
2127 922.40 922.40
2128 922.40 922.40
2129 922.40 922.40
2130 922.40 922.40
2131 922.40 922.40
2132 922.40 922.40
2133 922.40 922.40
2134 922.40 922.40
2135 922.40 922.40
2136 922.40 922.40
2137 922.40 922.40
2138 922.40 922.40
2139 922.40 922.40
2140 922.40 922.40
2141 922.40 922.40
2142 922.40 922.40
2143 922.40 922.40
2144 922.40 922.40
2145 922.40 922.40
2146 922.40 922.40
2147 922.40 922.40
2148 922.40 922.40
2149 922.40 922.40
2150 922.40 922.40
2151 922.40 922.40
2152 922.40 922.40
2153 922.40 922.40
2154 922.40 922.40
2155 922.40 922.40
2156 922.40 922.40
2157 922.40 922.40
2158 922.40 922.40
2159 922.40 922.40
2160 922.40 922.40
2161 922.40 922.40
2162 922.40 922.40
2163 922.40 922.40
2164 922.40 922.40
2165 922.40 922.40
2166 922.40 922.40
2167 922.40 922.40
2168 922.40 922.40
2169 922.40 922.40
2170 922.40 922.40
2171 922.40 922.40
2172 922.40 922.40
2173 922.40 922.40
2174 922.40 922.40
2175 922.40 922.40
2176 922.40 922.40
2177 922.40 922.40
2178 922.40 922.40
2179 922.40 922.40
2180 922.40 922.40
2181 922.40 922.40
2182 922.40 922.40
2183 922.40 922.40
2184 922.40 922.40
2185 922.40 922.40
2186 922.40 922.40
2187 922.40 922.40
2188 922.40 922.40
2189 922.40 922.40
2190 922.40 922.40
2191 922.40 922.40
2192 922.40 922.40
2193 922.40 922.40
2194 922.40 922.40
2195 922.40 922.40
2196 922.40 922.40
2197 922.40 922.40
2198 922.40 922.40
2199 922.40 922.40
2200 922.40 922.40
2201 922.40 922.40
2202 922.40 922.40
2203 922.40 922.40
2204 922.40 922.40
2205 922.40 922.40
2206 922.40 922.40
2207 922.40 922.40
2208 922.40 922.40
2209 922.40 922.40
2210 922.40 922.40
2211 922.40 922.40
2212 922.40 922.40
2213 922.40 922.40
2214 922.40 922.40
2215 922.40 922.40
2216 922.40 922.40
2217 922.40 922.40
2218 922.40 922.40
2219 922.40 922.40
2220 922.40 922.40
2221 922.40 922.40
2222 922.40 922.40
2223 922.40 922.40
2224 922.40 922.40
2225 922.40 922.40
2226 922.40 922.40
2227 922.40 922.40
2228 922.40 922.40
2229 922.40 922.40
2230 922.40 922.40
2231 922.40 922.40
2232 922.40 922.40
2233 922.40 922.40
2234 922.40 922.40
2235 922.40 922.40
2236 922.40 922.40
2237 922.40 922.40
2238 922.40 922.40
2239 922.40 922.40
2240 922.40 922.40
2241 922.40 922.40
2242 922.40 922.40
2243 922.40 922.40
2244 922.40 922.40
2245 922.40 922.40
2246 922.40 922.40
2247 922.40 922.40
2248 922.40 922.40
2249 922.40 922.40
2250 922.40 922.40
2251 922.40 922.40
2252 922.40 922.40
2253 922.40 922.40
2254 922.40 922.40
2255 922.40 922.40
2256 922.40 922.40
2257 922.40 922.40
2258 922.40 922.40
2259 922.40 922.40
2260 922.40 922.40
2261 922.40 922.40
2262 922.40 922.40
2263 922.40 922.40
2264 922.40 922.40
2265 922.40 922.40
2266 922.40 922.40
2267 922.40 922.40
2268 922.40 922.40
2269 922.40 922.40
2270 922.40 922.40
2271 922.40 922.40
2272 922.40 922.40
2273 922.40 922.40
2274 922.40 922.40
2275 922.40 922.40
2276 922.40 922.40
2277 922.40 922.40
2278 922.40 922.40
2279 922.40 922.40
2280 922.40 922.40
2281 922.40 922.40
2282 922.40 922.40
2283 922.40 922.40
2284 922.40 922.40
2285 922.40 922.40
2286 922.40 922.40
2287 922.40 922.40
2288 922.40 922.40
2289 922.40 922.40
2290 922.40 922.40
2291 922.40 922.40
2292 922.40 922.40
2293 922.40 922.40
2294 922.40 922.40
2295 922.40 922.40
2296 922.40 922.40
2297 922.40 922.40
2298 922.40 922.40
2299 922.40 922.40
2300 922.40 922.40
2301 922.40 922.40
2302 922.40 922.40
2303 922.40 922.40
2304 922.40 922.40
2305 922.40 922.40
2306 922.40 922.40
2307 922.40 922.40
2308 922.40 922.40
2309 922.40 922.40
2310 922.40 922.40
2311 922.40 922.40
2312 922.40 922.40
2313 922.40 922.40
2314 922.40 922.40
2315 922.40 922.40
2316 922.40 922.40
2317 922.40 922.40
2318 922.40 922.40
2319 922.40 922.40
2320 922.40 922.40
2321 922.40 922.40
2322 922.40 922.40
2323 922.40 922.40
2324 922.40 922.40
2325 922.40 922.40
2326 922.40 922.40
2327 922.40 922.40
2328 922.40 922.40
2329 922.40 922.40
2330 922.40 922.40
2331 922.40 922.40
2332 922.40 922.40
2333 922.40 922.40
2334 922.40 922.40
2335 922.40 922.40
2336 922.40 922.40
2337 922.40 922.40
2338 922.40 922.40
2339 922.40 922.40
2340 922.40 922.40
2341 922.40 922.40
2342 922.40 922.40
2343 922.40 922.40
2344 922.40 922.40
2345 922.40 922.40
2346 922.40 922.40
2347 922.40 922.40
2348 922.40 922.40
2349 922.40 922.40
2350 922.40 922.40
2351 922.40 922.40
2352 922.40 922.40
2353 922.40 922.40
2354 922.40 922.40
2355 922.40 922.40
2356 922.40 922.40
2357 922.40 922.40
2358 922.40 922.40
2359 922.40 922.40
2360 922.40 922.40
2361 922.40 922.40
2362 922.40 922.40
2363 922.40 922.40
2364 922.40 922.40
2365 922.40 922.40
2366 922.40 922.40
2367 922.40 922.40
2368 922.40 922.40
2369 922.40 922.40
2370 922.40 922.40
2371 922.40 922.40
2372 922.40 922.40
2373 922.40 922.40
2374 922.40 922.40
2375 922.40 922.40
2376 922.40 922.40
2377 922.40 922.40
2378 922.40 922.40
2379 922.40 922.40
2380 922.40 922.40
2381 922.40 922.40
2382 922.40 922.40
2383 922.40 922.40
2384 922.40 922.40
2385 922.40 922.40
2386 922.40 922.40
2387 922.40 922.40
2388 922.40 922.40
2389 922.40 922.40
2390 922.40 922.40
2391 922.40 922.40
2392 922.40 922.40
2393 922.40 922.40
2394 922.40 922.40
2395 922.40 922.40
2396 922.40 922.40
2397 922.40 922.40
2398 922.40 922.40
2399 922.40 922.40
2400 922.40 922.40
2401 922.40 922.40
2402 922.40 922.40
2403 922.40 922.40
2404 922.40 922.40
2405 922.40 922.40
2406 922.40 922.40
2407 922.40 922.40
2408 922.40 922.40
2409 922.40 922.40
2410 922.40 922.40
2411 922.40 922.40
2412 922.40 922.40
2413 922.40 922.40
2414 922.40 922.40
2415 922.40 922.40
2416 922.40 922.40
2417 922.40 922.40
2418 922.40 922.40
2419 922.40 922.40
2420 922.40 922.40
2421 922.40 922.40
2422 922.40 922.40
2423 922.40 922.40
2424 922.40 922.40
2425 922.40 922.40
2426 922.40 922.40
2427 922.40 922.40
2428 922.40 922.40
2429 922.40 922.40
2430 922.40 922.40
2431 922.40 922.40
2432 922.40 922.40
2433 922.40 922.40
2434 922.40 922.40
2435 922.40 922.40
2436 922.40 922.40
2437 922.40 922.40
2438 922.40 922.40
2439 922.40 922.40
2440 922.40 922.40
2441 922.40 922.40
2442 922.40 922.40
2443 922.40 922.40
2444 922.40 922.40
2445 922.40 922.40
2446 922.40 922.40
2447 922.40 922.40
2448 922.40 922.40
2449 922.40 922.40
2450 922.40 922.40
2451 922.40 922.40
2452 922.40 922.40
2453 922.40 922.40
2454 922.40 922.40
2455 922.40 922.40
2456 922.40 922.40
2457 922.40 922.40
2458 922.40 922.40
2459 922.40 922.40
2460 922.40 922.40
2461 922.40 922.40
2462 922.40 922.40
2463 922.40 922.40
2464 922.40 922.40
2465 922.40 922.40
2466 922.40 922.40
2467 922.40 922.40
2468 922.40 922.40
2469 922.40 922.40
2470 922.40 922.40
2471 922.40 922.40
2472 922.40 922.40
2473 922.40 922.40
2474 922.40 922.40
2475 922.40 922.40
2476 922.40 922.40
2477 922.40 922.40
2478 922.40 922.40
2479 922.40 922.40
2480 922.40 922.40
2481 922.40 922.40
2482 922.40 922.40
2483 922.40 922.40
2484 922.40 922.40
2485 922.40 922.40
2486 922.40 922.40
2487 922.40 922.40
2488 922.40 922.40
2489 922.40 922.40
2490 922.40 922.40
2491 922.40 922.40
2492 922.40 922.40
2493 922.40 922.40
2494 922.40 922.40
2495 922.40 922.40
2496 922.40 922.40
2497 922.40 922.40
2498 922.40 922.40
2499 922.40 922.40
2500 922.40 922.40
2501 922.40 922.40
2502 922.40 922.40
2503 922.40 922.40
2504 922.40 922.40
2505 922.40 922.40
2506 922.40 922.40
2507 922.40 922.40
2508 922.40 922.40
2509 922.40 922.40
2510 922.40 922.40
2511 922.40 922.40
2512 922.40 922.40
2513 922.40 922.40
2514 922.40 922.40
2515 922.40 922.40
2516 922.40 922.40
2517 922.40 922.40
2518 922.40 922.40
2519 922.40 922.40
2520 922.40 922.40
2521 922.40 922.40
2522 922.40 922.40
2523 922.40 922.40
2524 922.40 922.40
2525 922.40 922.40
2526 922.40 922.40
2527 922.40 922.40
2528 922.40 922.40
2529 922.40 922.40
2530 922.40 922.40
2531 922.40 922.40
2532 922.40 922.40
2533 922.40 922.40
2534 922.40 922.40
2535 922.40 922.40
2536 922.40 922.40
2537 922.40 922.40
2538 922.40 922.40
2539 922.40 922.40
2540 922.40 922.40
2541 922.40 922.40
2542 922.40 922.40
2543 922.40 922.40
2544 922.40 922.40
2545 922.40 922.40
2546 922.40 922.40
2547 922.40 922.40
2548 922.40 922.40
2549 922.40 922.40
2550 922.40 922.40
2551 922.40 922.40
2552 922.40 922.40
2553 922.40 922.40
2554 922.40 922.40
2555 922.40 922.40
2556 922.40 922.40
2557 922.40 922.40
2558 922.40 922.40
2559 922.40 922.40
2560 922.40 922.40
2561 922.40 922.40
2562 922.40 922.40
2563 922.40 922.40
2564 922.40 922.40
2565 922.40 922.40
2566 922.40 922.40
2567 922.40 922.40
2568 922.40 922.40
2569 922.40 922.40
2570 922.40 922.40
2571 922.40 922.40
2572 922.40 922.40
2573 922.40 922.40
2574 922.40 922.40
2575 922.40 922.40
2576 922.40 922.40
2577 922.40 922.40
2578 922.40 922.40
2579 922.40 922.40
2580 922.40 922.40
2581 922.40 922.40
2582 922.40 922.40
2583 922.40 922.40
2584 922.40 922.40
2585 922.40 922.40
2586 922.40 922.40
2587 922.40 922.40
2588 922.40 922.40
2589 922.40 922.40
2590 922.40 922.40
2591 922.40 922.40
2592 922.40 922.40
2593 922.40 922.40
2594 922.40 922.40
2595 922.40 922.40
2596 922.40 922.40
2597 922.40 922.40
2598 922.40 922.40
2599 922.40 922.40
2600 922.40 922.40
2601 922.40 922.40
2602 922.40 922.40
2603 922.40 922.40
2604 922.40 922.40
2605 922.40 922.40
2606 922.40 922.40
2607 922.40 922.40
2608 922.40 922.40
2609 922.40 922.40
2610 922.40 922.40
2611 922.40 922.40
2612 922.40 922.40
2613 922.40 922.40
2614 922.40 922.40
2615 922.40 922.40
2616 922.40 922.40
2617 922.40 922.40
2618 922.40 922.40
2619 922.40 922.40
2620 922.40 922.40
2621 922.40 922.40
2622 922.40 922.40
2623 922.40 922.40
2624 922.40 922.40
2625 922.40 922.40
2626 922.40 922.40
2627 922.40 922.40
2628 922.40 922.40
2629 922.40 922.40
2630 922.40 922.40
2631 922.40 922.40
2632 922.40 922.40
2633 922.40 922.40
2634 922.40 922.40
2635 922.40 922.40
2636 922.40 922.40
2637 922.40 922.40
2638 922.40 922.40
2639 922.40 922.40
2640 922.40 922.40
2641 922.40 922.40
2642 922.40 922.40
2643 922.40 922.40
2644 922.40 922.40
2645 922.40 922.40
2646 922.40 922.40
2647 922.40 922.40
2648 922.40 922.40
2649 922.40 922.40
2650 922.40 922.40
2651 922.40 922.40
2652 922.40 922.40
2653 922.40 922.40
2654 922.40 922.40
2655 922.40 922.40
2656 922.40 922.40
2657 922.40 922.40
2658 922.40 922.40
2659 922.40 922.40
2660 922.40 922.40
2661 922.40 922.40
2662 922.40 922.40
2663 922.40 922.40
2664 922.40 922.40
2665 922.40 922.40
2666 922.40 922.40
2667 922.40 922.40
2668 922.40 922.40
2669 922.40 922.40
2670 922.40 922.40
2671 922.40 922.40
2672 922.40 922.40
2673 922.40 922.40
2674 922.40 922.40
2675 922.40 922.40
2676 922.40 922.40
2677 922.40 922.40
2678 922.40 922.40
2679 922.40 922.40
2680 922.40 922.40
2681 922.40 922.40
2682 922.40 922.40
2683 922.40 922.40
2684 922.40 922.40
2685 922.40 922.40
2686 922.40 922.40
2687 922.40 922.40
2688 922.40 922.40
2689 922.40 922.40
2690 922.40 922.40
2691 922.40 922.40
2692 922.40 922.40
2693 922.40 922.40
2694 922.40 922.40
2695 922.40 922.40
2696 922.40 922.40
2697 922.40 922.40
2698 922.40 922.40
2699 922.40 922.40
2700 922.40 922.40
2701 922.40 922.40
2702 922.40 922.40
2703 922.40 922.40
2704 922.40 922.40
2705 922.40 922.40
2706 922.40 922.40
2707 922.40 922.40
2708 922.40 922.40
2709 922.40 922.40
2710 922.40 922.40
2711 922.40 922.40
2712 922.40 922.40
2713 922.40 922.40
2714 922.40 922.40
2715 922.40 922.40
2716 922.40 922.40
2717 922.40 922.40
2718 922.40 922.40
2719 922.40 922.40
2720 922.40 922.40
2721 922.40 922.40
2722 922.40 922.40
2723 922.40 922.40
2724 922.40 922.40
2725 922.40 922.40
2726 922.40 922.40
2727 922.40 922.40
2728 922.40 922.40
2729 922.40 922.40
2730 922.40 922.40
2731 922.40 922.40
2732 922.40 922.40
2733 922.40 922.40
2734 922.40 922.40
2735 922.40 922.40
2736 922.40 922.40
2737 922.40 922.40
2738 922.40 922.40
2739 922.40 922.40
2740 922.40 922.40
2741 922.40 922.40
2742 922.40 922.40
2743 922.40 922.40
2744 922.40 922.40
2745 922.40 922.40
2746 922.40 922.40
2747 922.40 922.40
2748 922.40 922.40
2749 922.40 922.40
2750 922.40 922.40
2751 922.40 922.40
2752 922.40 922.40
2753 922.40 922.40
2754 922.40 922.40
2755 922.40 922.40
2756 922.40 922.40
2757 922.40 922.40
2758 922.40 922.40
2759 922.40 922.40
2760 922.40 922.40
2761 922.40 922.40
2762 922.40 922.40
2763 922.40 922.40
2764 922.40 922.40
2765 922.40 922.40
2766 922.40 922.40
2767 922.40 922.40
2768 922.40 922.40
2769 922.40 922.40
2770 922.40 922.40
2771 922.40 922.40
2772 922.40 922.40
2773 922.40 922.40
2774 922.40 922.40
2775 922.40 922.40
2776 922.40 922.40
2777 922.40 922.40
2778 922.40 922.40
2779 922.40 922.40
2780 922.40 922.40
2781 922.40 922.40
2782 922.40 922.40
2783 922.40 922.40
2784 922.40 922.40
2785 922.40 922.40
2786 922.40 922.40
2787 922.40 922.40
2788 922.40 922.40
2789 922.40 922.40
2790 922.40 922.40
2791 922.40 922.40
2792 922.40 922.40
2793 922.40 922.40
2794 922.40 922.40
2795 922.40 922.40
2796 922.40 922.40
2797 922.40 922.40
2798 922.40 922.40
2799 922.40 922.40
2800 922.40 922.40
2801 922.40 922.40
2802 922.40 922.40
2803 922.40 922.40
2804 922.40 922.40
2805 922.40 922.40
2806 922.40 922.40
2807 922.40 922.40
2808 922.40 922.40
2809 922.40 922.40
2810 922.40 922.40
2811 922.40 922.40
2812 922.40 922.40
2813 922.40 922.40
2814 922.40 922.40
2815 922.40 922.40
2816 922.40 922.40
2817 922.40 922.40
2818 922.40 922.40
2819 922.40 922.40
2820 922.40 922.40
2821 922.40 922.40
2822 922.40 922.40
2823 922.40 922.40
2824 922.40 922.40
2825 922.40 922.40
2826 922.40 922.40
2827 922.40 922.40
2828 922.40 922.40
2829 922.40 922.40
2830 922.40 922.40
2831 922.40 922.40
2832 922.40 922.40
2833 922.40 922.40
2834 922.40 922.40
2835 922.40 922.40
2836 922.40 922.40
2837 922.40 922.40
2838 922.40 922.40
2839 922.40 922.40
2840 922.40 922.40
2841 922.40 922.40
2842 922.40 922.40
2843 922.40 922.40
2844 922.40 922.40
2845 922.40 922.40
2846 922.40 922.40
2847 922.40 922.40
2848 922.40 922.40
2849 922.40 922.40
2850 922.40 922.40
2851 922.40 922.40
2852 922.40 922.40
2853 922.40 922.40
2854 922.40 922.40
2855 922.40 922.40
2856 922.40 922.40
2857 922.40 922.40
2858 922.40 922.40
2859 922.40 922.40
2860 922.40 922.40
2861 922.40 922.40
2862 922.40 922.40
2863 922.40 922.40
2864 922.40 922.40
2865 922.40 922.40
2866 922.40 922.40
2867 922.40 922.40
2868 922.40 922.40
2869 922.40 922.40
2870 922.40 922.40
2871 922.40 922.40
2872 922.40 922.40
2873 922.40 922.40
2874 922.40 922.40
2875 922.40 922.40
2876 922.40 922.40
2877 922.40 922.40
2878 922.40 922.40
2879 922.40 922.40
2880 922.40 922.40
2881 922.40 922.40
2882 922.40 922.40
2883 922.40 922.40
2884 922.40 922.40
2885 922.40 922.40
2886 922.40 922.40
2887 922.40 922.40
2888 922.40 922.40
2889 922.40 922.40
2890 922.40 922.40
2891 922.40 922.40
2892 922.40 922.40
2893 922.40 922.40
2894 922.40 922.40
2895 922.40 922.40
2896 922.40 922.40
2897 922.40 922.40
2898 922.40 922.40
2899 922.40 922.40
2900 922.40 922.40
2901 922.40 922.40
2902 922.40 922.40
2903 922.40 922.40
2904 922.40 922.40
2905 922.40 922.40
2906 922.40 922.40
2907 922.40 922.40
2908 922.40 922.40
2909 922.40 922.40
2910 922.40 922.40
2911 922.40 922.40
2912 922.40 922.40
2913 922.40 922.40
2914 922.40 922.40
2915 922.40 922.40
2916 922.40 922.40
2917 922.40 922.40
2918 922.40 922.40
2919 922.40 922.40
2920 922.40 922.40
2921 922.40 922.40
2922 922.40 922.40
2923 922.40 922.40
2924 922.40 922.40
2925 922.40 922.40
2926 922.40 922.40
2927 922.40 922.40
2928 922.40 922.40
2929 922.40 922.40
2930 922.40 922.40
2931 922.40 922.40
2932 922.40 922.40
2933 922.40 922.40
2934 922.40 922.40
2935 922.40 922.40
2936 922.40 922.40
2937 922.40 922.40
2938 922.40 922.40
2939 922.40 922.40
2940 922.40 922.40
2941 922.40 922.40
2942 922.40 922.40
2943 922.40 922.40
2944 922.40 922.40
2945 922.40 922.40
2946 922.40 922.40
2947 922.40 922.40
2948 922.40 922.40
2949 922.40 922.40
2950 922.40 922.40
2951 922.40 922.40
2952 922.40 922.40
2953 922.40 922.40
2954 922.40 922.40
2955 922.40 922.40
2956 922.40 922.40
2957 922.40 922.40
2958 922.40 922.40
2959 922.40 922.40
2960 922.40 922.40
2961 922.40 922.40
2962 922.40 922.40
2963 922.40 922.40
2964 922.40 922.40
2965 922.40 922.40
2966 922.40 922.40
2967 922.40 922.40
2968 922.40 922.40
2969 922.40 922.40
2970 922.40 922.40
2971 922.40 922.40
2972 922.40 922.40
2973 922.40 922.40
2974 922.40 922.40
2975 922.40 922.40
2976 922.40 922.40
2977 922.40 922.40
2978 922.40 922.40
2979 922.40 922.40
2980 922.40 922.40
2981 922.40 922.40
2982 922.40 922.40
2983 922.40 922.40
2984 922.40 922.40
2985 922.40 922.40
2986 922.40 922.40
2987 922.40 922.40
2988 922.40 922.40
2989 922.40 922.40
2990 922.40 922.40
2991 922.40 922.40
2992 922.40 922.40
2993 922.40 922.40
2994 922.40 922.40
2995 922.40 922.40
2996 922.40 922.40
2997 922.40 922.40
2998 922.40 922.40
2999 922.40 922.40
3000 922.40 922.40
3001 922.40 922.40
3002 922.40 922.40
3003 922.40 922.40
3004 922.40 922.40
3005 922.40 922.40
3006 922.40 922.40
3007 922.40 922.40
3008 922.40 922.40
3009 922.40 922.40
3010 922.40 922.40
3011 922.40 922.40
3012 922.40 922.40
3013 922.40 922.40
3014 922.40 922.40
3015 922.40 922.40
3016 922.40 922.40
3017 922.40 922.40
3018 922.40 922.40
3019 922.40 922.40
3020 922.40 922.40
3021 922.40 922.40
3022 922.40 922.40
3023 922.40 922.40
3024 922.40 922.40
3025 922.40 922.40
3026 922.40 922.40
3027 922.40 922.40
3028 922.40 922.40
3029 922.40 922.40
3030 922.40 922.40
3031 922.40 922.40
3032 922.40 922.40
3033 922.40 922.40
3034 922.40 922.40
3035 922.40 922.40
3036 922.40 922.40
3037 922.40 922.40
3038 922.40 922.40
3039 922.40 922.40
3040 922.40 922.40
3041 922.40 922.40
3042 922.40 922.40
3043 922.40 922.40
3044 922.40 922.40
3045 922.40 922.40
3046 922.40 922.40
3047 922.40 922.40
3048 922.40 922.40
3049 922.40 922.40
3050 922.40 922.40
3051 922.40 922.40
3052 922.40 922.40
3053 922.40 922.40
3054 922.40 922.40
3055 922.40 922.40
3056 922.40 922.40
3057 922.40 922.40
3058 922.40 922.40
3059 922.40 922.40
3060 922.40 922.40
3061 922.40 922.40
3062 922.40 922.40
3063 922.40 922.40
3064 922.40 922.40
3065 922.40 922.40
3066 922.40 922.40
3067 922.40 922.40
3068 922.40 922.40
3069 922.40 922.40
3070 922.40 922.40
3071 922.40 922.40
3072 922.40 922.40
3073 922.40 922.40
3074 922.40 922.40
3075 922.40 922.40
3076 922.40 922.40
3077 922.40 922.40
3078 922.40 922.40
3079 922.40 922.40
3080 922.40 922.40
3081 922.40 922.40
3082 922.40 922.40
3083 922.40 922.40
3084 922.40 922.40
3085 922.40 922.40
3086 922.40 922.40
3087 922.40 922.40
3088 922.40 922.40
3089 922.40 922.40
3090 922.40 922.40
3091 922.40 922.40
3092 922.40 922.40
3093 922.40 922.40
3094 922.40 922.40
3095 922.40 922.40
3096 922.40 922.40
3097 922.40 922.40
3098 922.40 922.40
3099 922.40 922.40
3100 922.40 922.40
3101 922.40 922.40
3102 922.40 922.40
3103 922.40 922.40
3104 922.40 922.40
3105 922.40 922.40
3106 922.40 922.40
3107 922.40 922.40
3108 922.40 922.40
3109 922.40 922.40
3110 922.40 922.40
3111 922.40 922.40
3112 922.40 922.40
3113 922.40 922.40
3114 922.40 922.40
3115 922.40 922.40
3116 922.40 922.40
3117 922.40 922.40
3118 922.40 922.40
3119 922.40 922.40
3120 922.40 922.40
3121 922.40 922.40
3122 922.40 922.40
3123 922.40 922.40
3124 922.40 922.40
3125 922.40 922.40
3126 922.40 922.40
3127 922.40 922.40
3128 922.40 922.40
3129 922.40 922.40
3130 922.40 922.40
3131 922.40 922.40
3132 922.40 922.40
3133 922.40 922.40
3134 922.40 922.40
3135 922.40 922.40
3136 922.40 922.40
3137 922.40 922.40
3138 922.40 922.40
3139 922.40 922.40
3140 922.40 922.40
3141 922.40 922.40
3142 922.40 922.40
3143 922.40 922.40
3144 922.40 922.40
3145 922.40 922.40
3146 922.40 922.40
3147 922.40 922.40
3148 922.40 922.40
3149 922.40 922.40
3150 922.40 922.40
3151 922.40 922.40
3152 922.40 922.40
3153 922.40 922.40
3154 922.40 922.40
3155 922.40 922.40
3156 922.40 922.40
3157 922.40 922.40
3158 922.40 922.40
3159 922.40 922.40
3160 922.40 922.40
3161 922.40 922.40
3162 922.40 922.40
3163 922.40 922.40
3164 922.40 922.40
3165 922.40 922.40
3166 922.40 922.40
3167 922.40 922.40
3168 922.40 922.40
3169 922.40 922.40
3170 922.40 922.40
3171 922.40 922.40
3172 922.40 922.40
3173 922.40 922.40
3174 922.40 922.40
3175 922.40 922.40
3176 922.40 922.40
3177 922.40 922.40
3178 922.40 922.40
3179 922.40 922.40
3180 922.40 922.40
3181 922.40 922.40
3182 922.40 922.40
3183 922.40 922.40
3184 922.40 922.40
3185 922.40 922.40
3186 922.40 922.40
3187 922.40 922.40
3188 922.40 922.40
3189 922.40 922.40
3190 922.40 922.40
3191 922.40 922.40
3192 922.40 922.40
3193 922.40 922.40
3194 922.40 922.40
3195 922.40 922.40
3196 922.40 922.40
3197 922.40 922.40
3198 922.40 922.40
3199 922.40 922.40
3200 922.40 922.40
3201 922.40 922.40
3202 922.40 922.40
3203 922.40 922.40
3204 922.40 922.40
3205 922.40 922.40
3206 922.40 922.40
3207 922.40 922.40
3208 922.40 922.40
3209 922.40 922.40
3210 922.40 922.40
3211 922.40 922.40
3212 922.40 922.40
3213 922.40 922.40
3214 922.40 922.40
3215 922.40 922.40
3216 922.40 922.40
3217 922.40 922.40
3218 922.40 922.40
3219 922.40 922.40
3220 922.40 922.40
3221 922.40 922.40
3222 922.40 922.40
3223 922.40 922.40
3224 922.40 922.40
3225 922.40 922.40
